#
#-- optimal_damping AlSiO2H n_repeat=20 -- mixing=SimpleMixing(1.0)
#

Starting Arnoldi (now = 2020-07-27T00:20:33.523 ...

#--- 1 ---#
idcs      evals   residnorms   |P(X)|
  1      1.0007    0.764623  3.6153e-16

#--- 2 ---#
idcs      evals   residnorms   |P(X)|
  1    0.999469    0.194524  3.62179e-16
  2     286.984     72.7557  3.63448e-16

#--- 3 ---#
idcs      evals   residnorms   |P(X)|
  1    0.999201   0.0919685  3.61594e-16
  2     62.6478     29.8417  3.26304e-16
  3     315.522     9.88896  3.35147e-16

#--- 4 ---#
idcs      evals   residnorms   |P(X)|
  1     0.99913   0.0735907  3.61337e-16
  2     46.4408     33.1382  3.41053e-16
  3     116.038     59.5239  3.5002e-16
  4     316.094     3.16424  3.60684e-16

#--- 5 ---#
idcs      evals   residnorms   |P(X)|
  1    0.998892   0.0752611  3.61851e-16
  2     6.93463     8.11321  3.48065e-16
  3     63.3724     4.68294  3.41382e-16
  4     159.219     6.60105  3.37288e-16
  5     316.045    0.159572  3.46623e-16

#--- 6 ---#
idcs      evals   residnorms   |P(X)|
  1    0.998623   0.0548665  3.62406e-16
  2      4.0005     3.57667  3.50896e-16
  3     27.9997     9.34863  3.42231e-16
  4     64.1234     1.25546  3.50538e-16
  5     159.648    0.501889  3.55605e-16
  6     316.046  0.00557542  3.76808e-16

#--- 7 ---#
idcs      evals   residnorms   |P(X)|
  1      0.9985   0.0395097  3.61729e-16
  2     3.41948     2.40125  3.49101e-16
  3     17.8685     9.34849  3.49967e-16
  4     36.4008     8.56308  3.43433e-16
  5     64.1513    0.449941  3.66457e-16
  6     159.668   0.0484319  3.49345e-16
  7     316.046  0.000247141  3.95246e-16

#--- 8 ---#
idcs      evals   residnorms   |P(X)|
  1    0.998413   0.0295941  3.61867e-16
  2     2.68834     1.71174  3.50881e-16
  3     7.67751     3.69557  3.42478e-16
  4     24.7476     2.92164  3.98209e-16
  5     40.4086     2.26467  3.52899e-16
  6      64.153   0.0591444  3.42732e-16
  7     159.669  0.00188569  3.42241e-16
  8     316.046  4.54457e-06  3.58608e-16

#--- 9 ---#
idcs      evals   residnorms   |P(X)|
  1    0.998337   0.0239078  3.61783e-16
  2     2.23058     1.33979  3.52704e-16
  3     5.28095     2.39954  3.41962e-16
  4     12.6471     3.53286  3.49081e-16
  5     25.3473    0.909313  3.43784e-16
  6     40.5895    0.352751  3.53989e-16
  7     64.1523  0.00507003  3.41755e-16
  8     159.669  5.73939e-05  3.44857e-16
  9     316.046  6.74383e-08  3.24636e-16

#--- 10 ---#
idcs      evals   residnorms   |P(X)|
  1    0.998226    0.030619  3.6179e-16
  2     1.84983     1.63013  3.54273e-16
  3     3.64977     2.31771  3.50821e-16
  4     7.69842     2.72237  3.37115e-16
  5     14.6045     2.08351  3.4524e-16
  6     25.4057    0.237796  3.31541e-16
  7     40.5941    0.047103  3.7158e-16
  8     64.1523  0.000388803  3.3866e-16
  9     159.669  1.62518e-06  3.55362e-16
 10     316.046  9.40487e-10  3.51603e-16

#--- 11 ---#
idcs      evals   residnorms   |P(X)|
  1     0.99813   0.0214622  3.61794e-16
  2     1.62903    0.950554  3.54262e-16
  3      3.1765     1.18671  3.51544e-16
  4     6.83609     1.58353  3.31432e-16
  5     13.0906     2.97596  3.31326e-16
  6     16.9718     3.85351  3.40737e-16
  7     25.4106    0.120634  3.53285e-16
  8     40.5948  0.00951634  3.49184e-16
  9     64.1523  4.11042e-05  3.78489e-16
 10     159.669  5.88901e-08  3.49736e-16
 11     316.046  1.64664e-11  3.35497e-16

 ──────────────────────────────────────────────────────────────────────────────
                                       Time                   Allocations      
                               ──────────────────────   ───────────────────────
       Tot / % measured:           591465s / 100%          723633GiB / 100%    

 Section               ncalls     time   %tot     avg     alloc   %tot      avg
 ──────────────────────────────────────────────────────────────────────────────
 apply_χ0                  11   591306s   100%  53755s   723527GiB100%   65775GiB
   Hamiltonian mult...   376k   45156s  7.64%   120ms   3684GiB  0.51%  10.0MiB
   compute_density         11     588s  0.10%   53.5s    741GiB  0.10%  67.3GiB
 compute_density            1    56.4s  0.01%   56.4s   67.9GiB  0.01%  67.9GiB
 PlaneWaveBasis             1    43.5s  0.01%   43.5s   24.8GiB  0.00%  24.8GiB
   Instantiation At...      1    24.0s  0.00%   24.0s   17.4GiB  0.00%  17.4GiB
   Instantiation Ewald      1    14.3s  0.00%   14.3s   7.05GiB  0.00%  7.05GiB
   Instantiation At...      1    4.44s  0.00%   4.44s   77.1MiB  0.00%  77.1MiB
   build_kpoints            1    219ms  0.00%   219ms    130MiB  0.00%   130MiB
   Instantiation Ki...      1    112ms  0.00%   112ms   10.7MiB  0.00%  10.7MiB
   Instantiation Ha...      1   15.3ms  0.00%  15.3ms   17.8MiB  0.00%  17.8MiB
   Instantiation Ps...      1    357μs  0.00%   357μs   4.38KiB  0.00%  4.38KiB
   Instantiation Xc         1   11.2μs  0.00%  11.2μs     32.0B  0.00%    32.0B
   Instantiation En...      1   2.09μs  0.00%  2.09μs     16.0B  0.00%    16.0B
 spglib_get_symmetry        1   8.86ms  0.00%  8.86ms    576KiB  0.00%   576KiB
 mixing Simple             11    171μs  0.00%  15.5μs     0.00B  0.00%    0.00B
 ──────────────────────────────────────────────────────────────────────────────
