#
#-- optimal_damping AlSiO2H n_repeat=20 -- mixing=RestaMixing(1.0, 14, 1.0)
#

Starting Arnoldi (now = 2020-07-27T09:13:29.874 ...

#--- 1 ---#
idcs      evals   residnorms   |P(X)|
  1    0.983207   0.0962304  3.62473e-16

#--- 2 ---#
idcs      evals   residnorms   |P(X)|
  1    0.982876   0.0545034  3.61684e-16
  2     9.34885     4.73845  3.63047e-16

#--- 3 ---#
idcs      evals   residnorms   |P(X)|
  1    0.982685   0.0956263  3.61362e-16
  2     3.63221     5.12982  3.62921e-16
  3     14.2168     4.69326  3.68079e-16

#--- 4 ---#
idcs      evals   residnorms   |P(X)|
  1    0.978032    0.195331  3.61806e-16
  2     1.16067    0.821586  3.58481e-16
  3     12.0184    0.942032  3.60766e-16
  4     23.0452     2.17062  3.65321e-16

#--- 5 ---#
idcs      evals   residnorms   |P(X)|
  1    0.667823    0.498131  3.56607e-16
  2    0.985143    0.067658  3.62056e-16
  3     2.93918     0.98384  3.61379e-16
  4     12.2321    0.116234  3.68338e-16
  5     23.4132    0.129896  3.65504e-16

#--- 6 ---#
idcs      evals   residnorms   |P(X)|
  1      0.4328    0.445529  3.54921e-16
  2    0.983044   0.0552512  3.62351e-16
  3     1.58482    0.805502  3.58572e-16
  4     3.61128     0.62139  3.61557e-16
  5     12.2509   0.0132523  3.64175e-16
  6     23.4075  0.00700549  3.66184e-16

#--- 7 ---#
idcs      evals   residnorms   |P(X)|
  1     0.30458    0.437506  3.5401e-16
  2    0.978186    0.161187  3.60704e-16
  3     1.10723    0.655748  3.56315e-16
  4     2.83331     1.06842  3.62706e-16
  5      3.9693    0.819754  3.67466e-16
  6     12.2512   0.0022217  3.72711e-16
  7     23.4064  0.000539432  3.64746e-16

#--- 8 ---#
idcs      evals   residnorms   |P(X)|
  1    0.232872    0.187962  3.54884e-16
  2    0.865495    0.265662  3.57961e-16
  3    0.988879   0.0669158  3.61856e-16
  4     2.13319    0.432809  3.59697e-16
  5     3.67325    0.330467  3.65908e-16
  6      5.1225    0.734303  3.59039e-16
  7      12.251  0.000275921  3.65723e-16
  8     23.4063  2.8051e-05  3.62861e-16

#--- 9 ---#
idcs      evals   residnorms   |P(X)|
  1    0.221739   0.0964675  3.54098e-16
  2    0.784443    0.186736  3.57809e-16
  3     0.98623   0.0326551  3.62165e-16
  4     1.72897    0.579574  3.56806e-16
  5     2.43441    0.501189  3.64439e-16
  6     3.75165     0.14184  3.60175e-16
  7     5.42728    0.204736  3.69647e-16
  8      12.251  2.40079e-05  3.66832e-16
  9     23.4063  1.13374e-06  3.61226e-16

#--- 10 ---#
idcs      evals   residnorms   |P(X)|
  1    0.203934   0.0567726  3.51446e-16
  2    0.625592    0.236914  3.56168e-16
  3     0.93739    0.206677  3.58683e-16
  4    0.993658   0.0897035  3.61491e-16
  5     1.92365    0.158581  3.6572e-16
  6     2.66573    0.142178  3.58058e-16
  7     3.75545   0.0246354  3.61317e-16
  8     5.44811   0.0196815  3.63097e-16
  9      12.251  8.53096e-07  3.66868e-16
 10     23.4063  1.99349e-08  3.60894e-16

#--- 11 ---#
idcs      evals   residnorms   |P(X)|
  1    0.200797   0.0371234  3.56078e-16
  2    0.523917    0.205491  3.54306e-16
  3    0.837479    0.173496  3.57585e-16
  4    0.987254   0.0338584  3.62137e-16
  5     1.32799    0.389831  3.58462e-16
  6     1.96598    0.104106  3.58478e-16
  7      2.6822   0.0494876  3.59277e-16
  8     3.75632  0.00486026  3.63059e-16
  9     5.44888  0.00230065  3.708e-16
 10      12.251  3.81418e-08  3.65846e-16
 11     23.4063  4.43535e-10  3.64935e-16

#--- 12 ---#
idcs      evals   residnorms   |P(X)|
  1    0.200352   0.0267203  3.52238e-16
  2    0.448932    0.177348  3.55369e-16
  3    0.762078    0.200379  3.56297e-16
  4    0.980256      0.1048  3.61112e-16
  5     1.02931    0.251526  3.56796e-16
  7     1.99365    0.133314  3.60676e-16
  8     2.68721   0.0222831  3.61967e-16
  9     3.75605  0.00113289  3.69786e-16
 10     5.44877  0.000308972  3.65627e-16
 11      12.251  1.91818e-09  3.67549e-16
 12     23.4063  1.10351e-11  3.62302e-16

#--- 13 ---#
idcs      evals   residnorms   |P(X)|
  1     0.19924   0.0168785  3.54983e-16
  2    0.395625    0.129198  3.55815e-16
  3    0.683854    0.181565  3.56553e-16
  4    0.894713    0.163257  3.58098e-16
  5    0.988947      0.0359  3.62136e-16
  8     2.06067    0.218802  3.62376e-16
  9      2.6882   0.0097237  3.59875e-16
 10     3.75595  0.000239263  3.62377e-16
 11     5.44877  3.70179e-05  3.66131e-16
 12      12.251  8.519e-11  3.6376e-16
 13     23.4063  2.43441e-13  3.58463e-16

#--- 14 ---#
idcs      evals   residnorms   |P(X)|
  1    0.197686   0.0111554  3.56006e-16
  2    0.380251    0.109436  3.56027e-16
  3    0.614441    0.191059  3.57624e-16
  4    0.834305    0.175517  3.57316e-16
  5    0.985956   0.0478635  3.62095e-16
  9     2.14909    0.169625  3.60168e-16
 10     2.68873  0.00438225  3.63062e-16
 11     3.75593  5.42748e-05  3.70554e-16
 12     5.44877  4.84982e-06  3.64739e-16
 13      12.251  4.19201e-12  3.67319e-16
 14     23.4063  1.78684e-14  3.59561e-16

#--- 15 ---#
idcs      evals   residnorms   |P(X)|
  1    0.197678  0.00861794  3.5316e-16
  2    0.337495    0.101128  3.55439e-16
  3    0.526074     0.16146  3.57019e-16
  4    0.746669    0.158917  3.57469e-16
  5    0.922508    0.143808  3.59731e-16
 10     2.19887   0.0928126  3.6299e-16
 11     2.68874  0.00143894  3.64601e-16
 12     3.75593  9.20797e-06  3.62037e-16
 13     5.44877  4.82112e-07  3.62522e-16
 14      12.251  1.59009e-13  3.6745e-16
 15     23.4063  1.31348e-14  3.58185e-16

 ──────────────────────────────────────────────────────────────────────────────
                                       Time                   Allocations      
                               ──────────────────────   ───────────────────────
       Tot / % measured:           725259s / 100%          987847GiB / 100%    

 Section               ncalls     time   %tot     avg     alloc   %tot      avg
 ──────────────────────────────────────────────────────────────────────────────
 apply_χ0                  15   725088s   100%  48339s   987732GiB100%   65849GiB
   Hamiltonian mult...   552k   63293s  8.73%   115ms   5410GiB  0.55%  10.0MiB
   compute_density         15     734s  0.10%   48.9s   1010GiB  0.10%  67.3GiB
 compute_density            1    50.7s  0.01%   50.7s   67.9GiB  0.01%  67.9GiB
 PlaneWaveBasis             1    40.3s  0.01%   40.3s   24.8GiB  0.00%  24.8GiB
   Instantiation At...      1    21.8s  0.00%   21.8s   17.4GiB  0.00%  17.4GiB
   Instantiation Ewald      1    13.8s  0.00%   13.8s   7.05GiB  0.00%  7.05GiB
   Instantiation At...      1    4.10s  0.00%   4.10s   77.1MiB  0.00%  77.1MiB
   build_kpoints            1    181ms  0.00%   181ms    130MiB  0.00%   130MiB
   Instantiation Ki...      1   73.2ms  0.00%  73.2ms   10.7MiB  0.00%  10.7MiB
   Instantiation Ha...      1   13.1ms  0.00%  13.1ms   17.8MiB  0.00%  17.8MiB
   Instantiation Ps...      1    387μs  0.00%   387μs   4.38KiB  0.00%  4.38KiB
   Instantiation Xc         1   6.43μs  0.00%  6.43μs     32.0B  0.00%    32.0B
   Instantiation En...      1   3.61μs  0.00%  3.61μs     16.0B  0.00%    16.0B
 mixing Resta              15    1.04s  0.00%  69.1ms    594MiB  0.00%  39.6MiB
 spglib_get_symmetry        1   8.89ms  0.00%  8.89ms    576KiB  0.00%   576KiB
 ──────────────────────────────────────────────────────────────────────────────
