#
#-- optimal_damping AlSiO2H n_repeat=20 -- mixing=KerkerMixing(1.0, 1.0)
#

Starting Arnoldi (now = 2020-07-26T17:26:14.185 ...

#--- 1 ---#
idcs      evals   residnorms   |P(X)|
  1    0.982763    0.183196  3.60151e-16

#--- 2 ---#
idcs      evals   residnorms   |P(X)|
  1    0.611912    0.307611  3.61469e-16
  2     0.98531    0.136253  3.58559e-16

#--- 3 ---#
idcs      evals   residnorms   |P(X)|
  1    0.202309    0.394822  3.53597e-16
  2    0.936795    0.358591  3.63709e-16
  3     1.00073    0.308402  3.61672e-16

#--- 4 ---#
idcs      evals   residnorms   |P(X)|
  1    0.071607    0.143269  3.52659e-16
  2     0.77568    0.144025  3.63008e-16
  3    0.986383    0.080118  3.61414e-16
  4     1.80039     0.39539  3.57948e-16

#--- 5 ---#
idcs      evals   residnorms   |P(X)|
  1   0.0652157     0.10268  3.52693e-16
  2    0.458028    0.242025  3.66284e-16
  3    0.918134     0.13673  3.63518e-16
  4    0.991875   0.0955793  3.60605e-16
  5     1.92997    0.122043  3.57485e-16

#--- 6 ---#
idcs      evals   residnorms   |P(X)|
  1   0.0325061   0.0713884  3.45086e-16
  2    0.358605    0.241926  3.50805e-16
  3    0.708767    0.199159  3.59906e-16
  4    0.983028     0.14281  3.59606e-16
  5     1.08016    0.180471  3.63896e-16
  6     1.94105   0.0442256  3.57526e-16

#--- 7 ---#
idcs      evals   residnorms   |P(X)|
  1   0.0281286   0.0546098  3.4735e-16
  2    0.296623    0.212052  3.64307e-16
  3    0.599898    0.223069  3.62671e-16
  4    0.947747    0.175831  3.63098e-16
  5     0.99539    0.137422  3.6225e-16
  6     1.46424    0.493126  3.56727e-16
  7     1.94458   0.0472107  3.55887e-16

#--- 8 ---#
idcs      evals   residnorms   |P(X)|
  1   0.0259892   0.0432055  3.54922e-16
  2    0.179597    0.142753  3.55628e-16
  3    0.508442    0.185775  3.6484e-16
  4    0.742566     0.13775  3.62496e-16
  5    0.983903   0.0742181  3.58782e-16
  6     1.08783   0.0980093  3.62098e-16
  7     1.84835    0.226256  3.60986e-16
  8     1.95298   0.0742139  3.55068e-16

#--- 9 ---#
idcs      evals   residnorms   |P(X)|
  1   0.0207237   0.0344447  3.51642e-16
  2    0.146289    0.122792  3.48165e-16
  3    0.393491    0.192523  3.58033e-16
  4    0.637476     0.17886  3.66948e-16
  5    0.864907    0.159113  3.66138e-16
  6    0.987512     0.07066  3.59214e-16
  7     1.14143   0.0964138  3.58549e-16
  8     1.89401   0.0675296  3.62069e-16
  9     1.96167   0.0390029  3.54651e-16

#--- 10 ---#
idcs      evals   residnorms   |P(X)|
  1   0.0196329   0.0313736  3.50935e-16
  2    0.125578    0.115504  3.50229e-16
  3    0.323373    0.176375  3.50597e-16
  4    0.605913    0.206273  3.73718e-16
  5    0.776729    0.184137  3.67109e-16
  6    0.984395   0.0935743  3.59199e-16
  7     1.09173    0.149529  3.64127e-16
  8     1.35784    0.503577  3.49046e-16
  9     1.89952   0.0640526  3.61267e-16
 10      1.9645    0.037916  3.52668e-16

#--- 11 ---#
idcs      evals   residnorms   |P(X)|
  1   0.0169884   0.0260812  3.54401e-16
  2    0.098953   0.0917316  3.53274e-16
  3    0.261121     0.14365  3.43626e-16
  4    0.500766    0.180117  3.60918e-16
  5    0.666983    0.136069  3.56806e-16
  6    0.895098    0.111495  3.67828e-16
  7    0.988642   0.0510984  3.62238e-16
  8     1.14597   0.0614407  3.56936e-16
  9     1.83565    0.240709  3.59286e-16
 10     1.92579    0.152715  3.59182e-16
 11     1.97184    0.100994  3.54033e-16

#--- 12 ---#
idcs      evals   residnorms   |P(X)|
  1   0.0188242   0.0240344  3.52192e-16
  2   0.0752236   0.0769063  3.52975e-16
  3    0.224416    0.124282  3.44743e-16
  4    0.390395    0.137032  3.5173e-16
  5    0.661936    0.158785  3.72375e-16
  7    0.980505    0.111492  3.61115e-16
  8      1.0266    0.131062  3.62986e-16
  9     1.16299    0.090341  3.52111e-16
 10      1.8656    0.058727  3.60975e-16
 11     1.94549   0.0486048  3.55932e-16
 12     1.98959    0.063251  3.48714e-16

#--- 13 ---#
idcs      evals   residnorms   |P(X)|
  1   0.0178642   0.0232926  3.51256e-16
  2   0.0674403   0.0748634  3.54877e-16
  3    0.194358    0.119943  3.50684e-16
  4    0.366212    0.157974  3.49074e-16
  5    0.585529    0.246378  3.76713e-16
  8     0.98842   0.0723543  3.62076e-16
  9     1.14087     0.11607  3.56038e-16
 10     1.28675    0.380702  3.54512e-16
 11     1.87433   0.0413594  3.619e-16
 12     1.94771   0.0332311  3.55958e-16
 13      1.9947   0.0460436  3.49613e-16

#--- 14 ---#
idcs      evals   residnorms   |P(X)|
  1   0.0135545    0.017025  3.51399e-16
  2   0.0650234   0.0577725  3.53139e-16
  3    0.162098   0.0986895  3.57346e-16
  4    0.322314    0.140847  3.49278e-16
  5    0.464577    0.148884  3.61912e-16
  9     1.05785    0.112238  3.65087e-16
 10     1.16168   0.0885874  3.52377e-16
 11     1.72812    0.338795  3.59134e-16
 12     1.87903   0.0712399  3.64124e-16
 13     1.95123   0.0411439  3.56369e-16
 14     2.00139   0.0577771  3.45386e-16

#--- 15 ---#
idcs      evals   residnorms   |P(X)|
  1   0.0149948   0.0151397  3.54371e-16
  2   0.0534368   0.0481441  3.5753e-16
  3    0.145828   0.0869334  3.57892e-16
  4    0.267644     0.12196  3.51985e-16
  5    0.418485    0.121262  3.60784e-16
 10     1.11386    0.080501  3.62565e-16
 11     1.17937    0.102577  3.47284e-16
 12     1.84921   0.0837576  3.59792e-16
 13      1.9007   0.0827871  3.62776e-16
 14     1.95483   0.0342586  3.58e-16
 15      2.0069   0.0388165  3.48313e-16

#--- 16 ---#
idcs      evals   residnorms   |P(X)|
  1   0.0148861   0.0197629  3.5638e-16
  2   0.0469318   0.0633672  3.56146e-16
  3    0.119582    0.104936  3.57351e-16
  4    0.232339    0.130785  3.52636e-16
  5     0.38479    0.169101  3.52079e-16
 11     1.13113    0.111976  3.64397e-16
 12       1.208    0.160575  3.54129e-16
 13     1.84853   0.0357123  3.61054e-16
 14     1.90546   0.0355918  3.62809e-16
 15     1.95597   0.0155892  3.55092e-16
 16     2.00807   0.0168718  3.48192e-16

#--- 17 ---#
idcs      evals   residnorms   |P(X)|
  1   0.0129853    0.013494  3.50964e-16
  2   0.0447003   0.0425178  3.56623e-16
  3    0.112144   0.0787816  3.53652e-16
  4    0.204852   0.0943262  3.57193e-16
  5    0.347354     0.11504  3.44444e-16
 12      1.1783    0.102852  3.49189e-16
 13     1.60656    0.439659  3.57864e-16
 14     1.85762   0.0583091  3.60938e-16
 15     1.90679   0.0574624  3.61692e-16
 16     1.95677   0.0209322  3.55322e-16
 17     2.00914   0.0197962  3.46587e-16

#--- 18 ---#
idcs      evals   residnorms   |P(X)|
  1   0.0138076   0.0130286  3.54065e-16
  2   0.0379101   0.0382493  3.56822e-16
  3   0.0976015   0.0623502  3.55779e-16
  4    0.188365   0.0808172  3.54923e-16
  5    0.301049     0.10283  3.46461e-16
 13     1.19812   0.0651435  3.54405e-16
 14     1.83141    0.109968  3.6134e-16
 15     1.87644   0.0986369  3.64052e-16
 16     1.93078    0.101978  3.63309e-16
 17     1.95785   0.0438517  3.56304e-16
 18     2.00971   0.0214765  3.48916e-16

#--- 19 ---#
idcs      evals   residnorms   |P(X)|
  1   0.0132008   0.0111821  3.52399e-16
  2   0.0365914   0.0344442  3.57578e-16
  3   0.0860557   0.0532839  3.56667e-16
  4    0.180419   0.0772509  3.57397e-16
  5     0.27844    0.126225  3.52376e-16
 14     1.21442    0.106681  3.55525e-16
 15     1.83911   0.0347466  3.58487e-16
 16     1.88664   0.0399545  3.63745e-16
 17     1.93662   0.0463365  3.58502e-16
 18     1.96128   0.0247721  3.59404e-16
 19     2.01034   0.0101064  3.472e-16

#--- 20 ---#
idcs      evals   residnorms   |P(X)|
  1   0.0124195  0.00777799  3.51932e-16
  2   0.0359329   0.0239446  3.55438e-16
  3   0.0850465   0.0426767  3.62088e-16
  4    0.164561   0.0649594  3.57361e-16
  5    0.258657   0.0946635  3.51015e-16
 15      1.5241    0.491994  3.54281e-16
 16     1.84032   0.0433836  3.57759e-16
 17     1.89216   0.0471895  3.62057e-16
 18     1.94289   0.0586223  3.58409e-16
 19     1.96222   0.0399795  3.58447e-16
 20      2.0106   0.0120859  3.49877e-16

#--- 21 ---#
idcs      evals   residnorms   |P(X)|
  1   0.0130202  0.00565427  3.52138e-16
  2   0.0332989   0.0172771  3.59479e-16
  3   0.0818776   0.0329709  3.57e-16
  4    0.152352   0.0595333  3.57452e-16
  5    0.234242   0.0832783  3.54796e-16
 16     1.81958   0.0933663  3.59748e-16
 17     1.87043    0.104408  3.63289e-16
 18     1.90148   0.0985418  3.60239e-16
 19     1.95262   0.0513557  3.54966e-16
 20     1.97499   0.0887306  3.60809e-16
 21     2.01125   0.0186839  3.43381e-16

#--- 22 ---#
idcs      evals   residnorms   |P(X)|
  1   0.0125906  0.00459797  3.56668e-16
  2   0.0336422   0.0154934  3.59714e-16
  3   0.0773206   0.0332636  3.57109e-16
  4    0.146756   0.0782837  3.55981e-16
  5    0.207588    0.107764  3.55469e-16
 17     1.83183   0.0252575  3.59345e-16
 18     1.87147   0.0315616  3.65103e-16
 19     1.91374   0.0315798  3.64024e-16
 20     1.95496   0.0159283  3.54111e-16
 21     1.98439   0.0382599  3.62561e-16
 22     2.01159  0.00937975  3.51595e-16

#--- 23 ---#
idcs      evals   residnorms   |P(X)|
  1   0.0125191  0.00309456  3.53097e-16
  2   0.0333248    0.010805  3.57696e-16
  3   0.0766878   0.0266463  3.57089e-16
  4    0.132673   0.0564829  3.56179e-16
  5    0.202156   0.0646503  3.5207e-16
 18     1.83031   0.0226256  3.59734e-16
 19      1.8752   0.0274563  3.65841e-16
 20     1.91412    0.028469  3.62282e-16
 21     1.95553   0.0129096  3.58619e-16
 22      1.9857   0.0310503  3.62883e-16
 23      2.0118  0.00765412  3.47615e-16

#--- 24 ---#
idcs      evals   residnorms   |P(X)|
  1   0.0127425  0.00178344  3.5489e-16
  2   0.0325424  0.00647815  3.59179e-16
  3   0.0759241   0.0184263  3.57143e-16
  4    0.126383   0.0446999  3.55345e-16
  5    0.188575   0.0499483  3.54911e-16
 19      1.8544    0.132303  3.54278e-16
 20     1.88099    0.113046  3.67854e-16
 21     1.92161   0.0730341  3.60975e-16
 22     1.95614   0.0233597  3.56019e-16
 23     1.99138   0.0480561  3.66264e-16
 24     2.01207    0.012775  3.45516e-16

#--- 25 ---#
idcs      evals   residnorms   |P(X)|
  1   0.0126338  0.00108858  3.5267e-16
  2   0.0329297  0.00430292  3.57301e-16
  3   0.0745638   0.0141996  3.54646e-16
  4    0.121918   0.0380752  3.56169e-16
  5    0.178669   0.0442421  3.55484e-16
 20     1.86051   0.0351487  3.60792e-16
 21     1.89585   0.0400067  3.64055e-16
 22     1.92852   0.0385751  3.58668e-16
 23     1.95693   0.0116488  3.555e-16
 24     1.99253   0.0195594  3.59941e-16
 25     2.01218  0.00507381  3.4869e-16

#--- 26 ---#
idcs      evals   residnorms   |P(X)|
  1   0.0125933  0.00069584  3.56294e-16
  2   0.0327653  0.00281109  3.57313e-16
  3   0.0744156  0.00990725  3.56809e-16
  4    0.120643   0.0275882  3.56812e-16
  5    0.180904   0.0370056  3.57949e-16
 21     1.86485   0.0232377  3.58833e-16
 22     1.89637   0.0279586  3.63899e-16
 23     1.93068   0.0259772  3.58885e-16
 24     1.95715  0.00795013  3.56752e-16
 25     1.99354   0.0124419  3.65623e-16
 26     2.01223  0.00328472  3.41647e-16

#--- 27 ---#
idcs      evals   residnorms   |P(X)|
  1   0.0126205  0.00033805  3.57094e-16
  2   0.0327662  0.00143645  3.54294e-16
  3   0.0741979  0.00573493  3.53785e-16
  4    0.118371   0.0179389  3.54309e-16
  5    0.174102   0.0264593  3.57825e-16
 22     1.86414   0.0492052  3.61818e-16
 23     1.90383   0.0507315  3.62254e-16
 24     1.93429   0.0532763  3.58521e-16
 25     1.95757   0.0152604  3.57518e-16
 26     1.99362   0.0179486  3.69361e-16
 27      2.0123  0.00431305  3.47879e-16

#--- 28 ---#
idcs      evals   residnorms   |P(X)|
  1   0.0126258  0.000146384  3.53322e-16
  2   0.0327819  0.000648456  3.57338e-16
  3   0.0743144  0.00287009  3.5598e-16
  4    0.117443  0.00986781  3.54434e-16
  5    0.174994   0.0182114  3.57744e-16
 23     1.88694   0.0474274  3.64374e-16
 24     1.91128   0.0503818  3.61031e-16
 25     1.94448   0.0480323  3.54511e-16
 26     1.95799   0.0182221  3.56798e-16
 27     1.99496   0.0114648  3.74121e-16
 28     2.01228  0.00255412  3.46303e-16

 ──────────────────────────────────────────────────────────────────────────────
                                       Time                   Allocations      
                               ──────────────────────   ───────────────────────
       Tot / % measured:          1304442s / 100%          1848174GiB / 100%   

 Section               ncalls     time   %tot     avg     alloc   %tot      avg
 ──────────────────────────────────────────────────────────────────────────────
 apply_χ0                  28   1304218s   100%  46579s   1848026GiB100%   66001GiB
   Hamiltonian mult...  1.18M   121676s  9.33%   103ms   11592GiB 0.63%  10.0MiB
   compute_density         28    1295s  0.10%   46.2s   1885GiB  0.10%  67.3GiB
 compute_density            1    44.5s  0.00%   44.5s   67.9GiB  0.00%  67.9GiB
 PlaneWaveBasis             1    40.7s  0.00%   40.7s   24.8GiB  0.00%  24.8GiB
   Instantiation At...      1    22.1s  0.00%   22.1s   17.4GiB  0.00%  17.4GiB
   Instantiation Ewald      1    13.7s  0.00%   13.7s   7.05GiB  0.00%  7.05GiB
   Instantiation At...      1    4.52s  0.00%   4.52s   77.1MiB  0.00%  77.1MiB
   build_kpoints            1    207ms  0.00%   207ms    130MiB  0.00%   130MiB
   Instantiation Ha...      1   12.7ms  0.00%  12.7ms   17.8MiB  0.00%  17.8MiB
   Instantiation Ki...      1   11.2ms  0.00%  11.2ms   10.7MiB  0.00%  10.7MiB
   Instantiation Ps...      1    388μs  0.00%   388μs   4.38KiB  0.00%  4.38KiB
   Instantiation Xc         1   6.90μs  0.00%  6.90μs     32.0B  0.00%    32.0B
   Instantiation En...      1   2.77μs  0.00%  2.77μs     16.0B  0.00%    16.0B
 mixing Kerker             28    1.12s  0.00%  39.9ms   1.02GiB  0.00%  37.5MiB
 spglib_get_symmetry        1   8.90ms  0.00%  8.90ms    576KiB  0.00%   576KiB
 ──────────────────────────────────────────────────────────────────────────────
