#
#-- optimal_damping AlSiO2H n_repeat=20 -- mixing=HybridMixing(1.0, 1, 1.0, identity, true, false)
#

Starting Arnoldi (now = 2020-07-26T16:46:27.123 ...

#--- 1 ---#
idcs      evals   residnorms   |P(X)|
  1    0.991101   0.0932097  3.61129e-16

#--- 2 ---#
idcs      evals   residnorms   |P(X)|
  1    0.988588    0.166025  3.61057e-16
  2     1.36946    0.693824  3.55684e-16

#--- 3 ---#
idcs      evals   residnorms   |P(X)|
  1     0.98298     0.25161  3.57939e-16
  2     1.06311    0.343648  3.61674e-16
  3     2.81031    0.723066  3.55838e-16

#--- 4 ---#
idcs      evals   residnorms   |P(X)|
  1     0.84344    0.312128  3.57422e-16
  2    0.992653    0.162782  3.60618e-16
  3     1.72144    0.601544  3.50119e-16
  4     3.05428    0.385992  3.59073e-16

#--- 5 ---#
idcs      evals   residnorms   |P(X)|
  1    0.689665    0.186785  3.55853e-16
  2    0.990811   0.0675317  3.61028e-16
  3     1.35416    0.276592  3.56447e-16
  4     2.51529    0.489436  3.56615e-16
  5      3.0711    0.266123  3.63204e-16

#--- 6 ---#
idcs      evals   residnorms   |P(X)|
  1    0.640744    0.158928  3.6658e-16
  2    0.989226    0.107002  3.60284e-16
  3      1.1507    0.339512  3.57274e-16
  4     1.66104    0.444417  3.52211e-16
  5     2.73217    0.281472  3.63143e-16
  6     3.09224    0.151647  3.63433e-16

#--- 7 ---#
idcs      evals   residnorms   |P(X)|
  1    0.621861    0.139564  3.53879e-16
  2    0.928209     0.27949  3.54135e-16
  3    0.996904    0.174099  3.59163e-16
  4     1.46126    0.270099  3.49137e-16
  5     2.14003    0.455062  3.52461e-16
  6     2.81762     0.22379  3.62401e-16
  7     3.12498   0.0995954  3.64208e-16

#--- 8 ---#
idcs      evals   residnorms   |P(X)|
  1    0.614416    0.110223  3.7193e-16
  2    0.821839    0.201517  3.51874e-16
  3     0.99266   0.0635401  3.60803e-16
  4     1.39195    0.318172  3.55268e-16
  5      1.6253    0.419476  3.53301e-16
  6     2.46522    0.288636  3.57522e-16
  7     2.87106    0.187689  3.61693e-16
  8     3.15837   0.0658218  3.68113e-16

#--- 9 ---#
idcs      evals   residnorms   |P(X)|
  1    0.613063    0.092688  3.71458e-16
  2    0.770243    0.168231  3.55366e-16
  3      0.9914   0.0578377  3.60632e-16
  4     1.26874    0.376884  3.5572e-16
  5      1.4812    0.384618  3.52963e-16
  6     2.03843    0.496543  3.53948e-16
  7     2.59301    0.264392  3.58429e-16
  8     2.93146    0.177899  3.58601e-16
  9     3.17506   0.0568906  3.67772e-16

#--- 10 ---#
idcs      evals   residnorms   |P(X)|
  1      0.6109   0.0879733  3.5232e-16
  2    0.725172    0.163228  3.55222e-16
  3    0.986553    0.144419  3.58827e-16
  4     1.05278    0.313686  3.56609e-16
  5      1.4222    0.271588  3.54633e-16
  6     1.65714    0.335417  3.56511e-16
  7     2.34971    0.290535  3.57341e-16
  8     2.69844    0.208839  3.58475e-16
  9      2.9969    0.143931  3.60474e-16
 10     3.18465   0.0461874  3.63409e-16

#--- 11 ---#
idcs      evals   residnorms   |P(X)|
  1    0.607377   0.0592091  3.65694e-16
  2    0.703124     0.11205  3.5274e-16
  3    0.948694    0.180635  3.55155e-16
  4    0.998414    0.113165  3.58403e-16
  5     1.44837    0.258024  3.56732e-16
  6     1.48456    0.272365  3.5539e-16
  7     2.11572    0.438034  3.54727e-16
  8     2.48169    0.333872  3.56323e-16
  9     2.78815     0.24878  3.571e-16
 10     3.02544    0.160392  3.56309e-16
 11     3.18482   0.0434937  3.64577e-16

#--- 12 ---#
idcs      evals   residnorms   |P(X)|
  1    0.602504   0.0422789  3.63749e-16
  2    0.700416   0.0920473  3.52357e-16
  3    0.902412    0.160742  3.53873e-16
  4    0.994556   0.0629794  3.59761e-16
  5     1.36935    0.311107         NaN
  7     1.75033    0.333172  3.54686e-16
  8     2.32953    0.302361  3.55656e-16
  9     2.61655     0.28335  3.58677e-16
 10     2.87339    0.275945  3.566e-16
 11     3.05604    0.195417  3.56868e-16
 12     3.18013   0.0451796  3.62168e-16
Warn: Suppressed imaginary part.

#--- 13 ---#
idcs      evals   residnorms   |P(X)|
  1     0.59657   0.0321182  3.50921e-16
  2    0.706945   0.0994737  3.5504e-16
  3    0.822929    0.170037  3.54717e-16
  4    0.991396   0.0632516  3.60595e-16
  5      1.1182    0.258902  3.57024e-16
  8     2.00852    0.261282  3.55084e-16
  9     2.41791    0.179796  3.56925e-16
 10     2.68114    0.149752  3.57694e-16
 11     2.92911    0.136383  3.57278e-16
 12     3.09627    0.120985  3.60122e-16
 13     3.17905   0.0330755  3.63356e-16

#--- 14 ---#
idcs      evals   residnorms   |P(X)|
  1    0.594405    0.024003  3.54166e-16
  2    0.710616   0.0979074  3.50173e-16
  3    0.776267    0.140965  3.54423e-16
  4    0.988143   0.0835115  3.5938e-16
  5     1.04516    0.181833  3.53406e-16
  9     2.19499    0.389204  3.55958e-16
 10     2.47358    0.248173  3.60714e-16
 11     2.70591    0.160636  3.60056e-16
 12     2.94604    0.104054  3.58273e-16
 13     3.11611   0.0892897  3.60709e-16
 14     3.18381   0.0285568  3.63731e-16

#--- 15 ---#
idcs      evals   residnorms   |P(X)|
  1    0.593567   0.0221573  3.59707e-16
  2    0.703558    0.113149  3.56804e-16
  3    0.747126    0.145751  3.55683e-16
  4    0.963595    0.183303  3.55121e-16
  5     1.00046    0.134834  3.5839e-16
 10     2.37117    0.211996  3.55342e-16
 11     2.59127    0.238073  3.61258e-16
 12     2.76895    0.216185  3.58122e-16
 13     2.96503    0.101293  3.55581e-16
 14     3.12879   0.0681685  3.59394e-16
 15     3.18981   0.0252642  3.60112e-16

#--- 16 ---#
idcs      evals   residnorms   |P(X)|
  1     0.59356   0.0208427  3.60376e-16
  2      0.6801    0.106967  3.57105e-16
  3    0.742854    0.140306  3.55621e-16
  4    0.895374    0.174139  3.57527e-16
  5    0.993626   0.0559219  3.61796e-16
 11     2.42134    0.175208  3.61438e-16
 12     2.65239    0.150022  3.61128e-16
 13     2.85126    0.192663  3.57631e-16
 14     2.99024    0.118658  3.57472e-16
 15     3.13583   0.0600022  3.63103e-16
 16     3.19204   0.0230203  3.59181e-16

#--- 17 ---#
idcs      evals   residnorms   |P(X)|
  1    0.593693   0.0199277  3.55088e-16
  2    0.659482   0.0947973  3.58941e-16
  3    0.743183    0.118956  3.53614e-16
  4     0.84262    0.148836  3.54277e-16
  5    0.991616   0.0492626  3.6068e-16
 12     2.51044    0.248621  3.64852e-16
 13     2.67994    0.163098  3.5791e-16
 14     2.90921    0.156093  3.57762e-16
 15     3.01813    0.149421  3.57909e-16
 16     3.14516     0.06528  3.62769e-16
 17     3.19046   0.0248156  3.61599e-16

#--- 18 ---#
idcs      evals   residnorms   |P(X)|
  1    0.593303   0.0223383  3.6245e-16
  2    0.643335   0.0975718  3.58759e-16
  3    0.735949    0.112162  3.54329e-16
  4    0.807261    0.145332  3.53584e-16
  5    0.986956    0.106176  3.59539e-16
 13     2.60697    0.214646  3.63246e-16
 14     2.71997    0.195881  3.60962e-16
 15     2.93561    0.112294  3.56563e-16
 16     3.04977    0.134772  3.59545e-16
 17     3.15363   0.0657731  3.63931e-16
 18     3.18922   0.0253394  3.60723e-16

 ──────────────────────────────────────────────────────────────────────────────
                                       Time                   Allocations      
                               ──────────────────────   ───────────────────────
       Tot / % measured:           944934s / 100%          1191134GiB / 100%   

 Section               ncalls     time   %tot     avg     alloc   %tot      avg
 ──────────────────────────────────────────────────────────────────────────────
 apply_χ0                  18   943749s   100%  52431s   1189723GiB100%   66096GiB
   Hamiltonian mult...   821k   91468s  9.68%   111ms   8050GiB  0.68%  10.0MiB
   compute_density         18     917s  0.10%   51.0s   1212GiB  0.10%  67.3GiB
 mixing Hybrid             18     992s  0.10%   55.1s   1287GiB  0.11%  71.5GiB
   compute_density         19     984s  0.10%   51.8s   1289GiB  0.11%  67.9GiB
 PlaneWaveBasis             1    56.3s  0.01%   56.3s   24.8GiB  0.00%  24.8GiB
   Instantiation At...      1    32.4s  0.00%   32.4s   17.4GiB  0.00%  17.4GiB
   Instantiation Ewald      1    17.9s  0.00%   17.9s   7.05GiB  0.00%  7.05GiB
   Instantiation At...      1    5.42s  0.00%   5.42s   77.1MiB  0.00%  77.1MiB
   build_kpoints            1    478ms  0.00%   478ms    130MiB  0.00%   130MiB
   Instantiation Ha...      1   24.5ms  0.00%  24.5ms   17.8MiB  0.00%  17.8MiB
   Instantiation Ki...      1   14.6ms  0.00%  14.6ms   10.7MiB  0.00%  10.7MiB
   Instantiation Ps...      1    480μs  0.00%   480μs   4.38KiB  0.00%  4.38KiB
   Instantiation Xc         1   13.5μs  0.00%  13.5μs     32.0B  0.00%    32.0B
   Instantiation En...      1   3.26μs  0.00%  3.26μs     16.0B  0.00%    16.0B
 spglib_get_symmetry        1   11.9ms  0.00%  11.9ms    576KiB  0.00%   576KiB
 ──────────────────────────────────────────────────────────────────────────────
