#
#-- optimal_damping AlSiO2H n_repeat=20 -- mixing=HybridMixing(1.0, 14, 1.0, identity, true, false)
#

Starting Arnoldi (now = 2020-07-26T12:53:04.396 ...

#--- 1 ---#
idcs      evals   residnorms   |P(X)|
  1    0.975904   0.0538785  3.60339e-16

#--- 2 ---#
idcs      evals   residnorms   |P(X)|
  1    0.841385    0.417955  3.54434e-16
  2    0.986417    0.158332  3.59089e-16

#--- 3 ---#
idcs      evals   residnorms   |P(X)|
  1    0.574815    0.281077  3.6019e-16
  2    0.978203   0.0500856  3.59985e-16
  3     1.67866    0.517774  3.55843e-16

#--- 4 ---#
idcs      evals   residnorms   |P(X)|
  1    0.313714    0.200671  3.54582e-16
  2    0.833436    0.182376  3.56973e-16
  3    0.984335   0.0463751  3.59903e-16
  4     1.93284    0.139066  3.55549e-16

#--- 5 ---#
idcs      evals   residnorms   |P(X)|
  1    0.256248    0.161891  3.55192e-16
  2    0.680743    0.235238  3.60347e-16
  3    0.977644   0.0680195  3.59765e-16
  4     1.13386     0.35143  3.5696e-16
  5     1.94604   0.0720676  3.57301e-16

#--- 6 ---#
idcs      evals   residnorms   |P(X)|
  1    0.221264   0.0938654  3.52512e-16
  2    0.558064     0.18094  3.62717e-16
  3    0.910047    0.171677  3.57659e-16
  4    0.988613   0.0685001  3.59501e-16
  5     1.56195    0.330807  3.57603e-16
  6      1.9552   0.0560682  3.5689e-16

#--- 7 ---#
idcs      evals   residnorms   |P(X)|
  1    0.209256   0.0533783  3.55334e-16
  2    0.523755    0.160928  3.60739e-16
  3    0.786338    0.209971  3.5713e-16
  4    0.980397   0.0566776  3.60491e-16
  5     1.11805    0.260943  3.56608e-16
  6     1.76387    0.213383  3.57743e-16
  7     1.96256   0.0505472  3.56797e-16

#--- 8 ---#
idcs      evals   residnorms   |P(X)|
  1    0.205301   0.0395146  3.52722e-16
  2    0.487905    0.194459  3.60523e-16
  3    0.661242    0.253049  3.54653e-16
  4    0.946608    0.192814  3.57756e-16
  5      0.9951    0.128572  3.58836e-16
  6      1.3583    0.337814  3.55645e-16
  7     1.82983    0.168055  3.56528e-16
  8     1.96835   0.0472262  3.57557e-16

#--- 9 ---#
idcs      evals   residnorms   |P(X)|
  1    0.200874   0.0261918  3.54611e-16
  2    0.407686    0.151839  3.5874e-16
  3    0.597747    0.158841  3.58432e-16
  4     0.83269    0.163814  3.56265e-16
  5     0.98179   0.0444619  3.60259e-16
  6     1.11081    0.179174  3.59132e-16
  7     1.59857    0.208029  3.66048e-16
  8     1.89297     0.12351  3.57267e-16
  9     1.97405   0.0511012  3.57367e-16

#--- 10 ---#
idcs      evals   residnorms   |P(X)|
  1     0.20054   0.0288866  3.52592e-16
  2     0.33201    0.167584  3.57866e-16
  3    0.543562    0.167243  3.61588e-16
  4    0.709353    0.216512  3.57928e-16
  5    0.932887    0.175653  3.58144e-16
  6    0.989258   0.0788933  3.59564e-16
  7     1.19936    0.180456  3.53654e-16
  8     1.65359    0.108748  3.61947e-16
  9     1.91102   0.0578549  3.55461e-16
 10     1.97695   0.0282935  3.5769e-16

#--- 11 ---#
idcs      evals   residnorms   |P(X)|
  1     0.19917   0.0252495  3.55437e-16
  2    0.291033    0.124107  3.54811e-16
  3    0.505797    0.128718  3.65073e-16
  4    0.659479    0.163199  3.57987e-16
  5    0.876835    0.148362  3.56218e-16
  6    0.983874   0.0437363  3.59277e-16
  7     1.13653    0.196291  3.5896e-16
  8     1.44749    0.382135  3.56721e-16
  9     1.70213      0.1839  3.60976e-16
 10     1.91592   0.0628195  3.54102e-16
 11     1.97893   0.0291872  3.56883e-16

#--- 12 ---#
idcs      evals   residnorms   |P(X)|
  1    0.195511   0.0190341  3.53356e-16
  2    0.267912   0.0812374  3.52638e-16
  3    0.460368    0.113162  3.60645e-16
  4    0.610647    0.140897  3.56172e-16
  5    0.772079    0.164248  3.55447e-16
  7    0.993425   0.0823117  3.58987e-16
  8     1.18687     0.10661  3.59294e-16
  9     1.63031   0.0989159  3.64702e-16
 10     1.83433    0.170471  3.59996e-16
 11     1.93296   0.0818646  3.5606e-16
 12     1.98217   0.0376261  3.5644e-16

#--- 13 ---#
idcs      evals   residnorms   |P(X)|
  1    0.195719   0.0161479  3.50462e-16
  2    0.253301   0.0662391  3.53957e-16
  3    0.423538    0.132625  3.52735e-16
  4     0.54462    0.137248  3.6038e-16
  5    0.699328    0.151403  3.56397e-16
  8      1.0792    0.192207  3.59681e-16
  9     1.21275    0.136843  3.56062e-16
 10     1.63661   0.0409884  3.55904e-16
 11     1.86346   0.0582473  3.60934e-16
 12      1.9406   0.0378828  3.54502e-16
 13     1.98367   0.0179963  3.58167e-16

 ──────────────────────────────────────────────────────────────────────────────
                                       Time                   Allocations      
                               ──────────────────────   ───────────────────────
       Tot / % measured:           611403s / 100%          858444GiB / 100%    

 Section               ncalls     time   %tot     avg     alloc   %tot      avg
 ──────────────────────────────────────────────────────────────────────────────
 apply_χ0                  13   610484s   100%  46960s   857356GiB100%   65950GiB
   Hamiltonian mult...   525k   58129s  9.51%   111ms   5152GiB  0.60%  10.0MiB
   compute_density         13     623s  0.10%   47.9s    875GiB  0.10%  67.3GiB
 mixing Hybrid             13     727s  0.12%   55.9s    977GiB  0.11%  75.1GiB
   compute_density         14     664s  0.11%   47.4s    950GiB  0.11%  67.9GiB
 PlaneWaveBasis             1    40.6s  0.01%   40.6s   24.8GiB  0.00%  24.8GiB
   Instantiation At...      1    21.7s  0.00%   21.7s   17.4GiB  0.00%  17.4GiB
   Instantiation Ewald      1    14.0s  0.00%   14.0s   7.05GiB  0.00%  7.05GiB
   Instantiation At...      1    4.49s  0.00%   4.49s   77.1MiB  0.00%  77.1MiB
   build_kpoints            1    196ms  0.00%   196ms    130MiB  0.00%   130MiB
   Instantiation Ki...      1   8.35ms  0.00%  8.35ms   10.7MiB  0.00%  10.7MiB
   Instantiation Ha...      1   7.57ms  0.00%  7.57ms   17.8MiB  0.00%  17.8MiB
   Instantiation Ps...      1    375μs  0.00%   375μs   4.38KiB  0.00%  4.38KiB
   Instantiation Xc         1   6.11μs  0.00%  6.11μs     32.0B  0.00%    32.0B
   Instantiation En...      1   1.96μs  0.00%  1.96μs     16.0B  0.00%    16.0B
 spglib_get_symmetry        1   10.3ms  0.00%  10.3ms    577KiB  0.00%   577KiB
 ──────────────────────────────────────────────────────────────────────────────
