#
#-- SCF AlSiO2H n_repeat=20 -- mixing=RestaMixing(0.0847, 14, 1.0)
#

hostname       = clustern12

started on     = 2020-08-04T23:04:41.521
julia threads  = 4
BLAS threads   = 4

temperature    = 0.001
smearing       = DFTK.Smearing.Gaussian()
diag(lattice)  = [16.32, 10.35, 129.7]
Ecut           = 20
fft_size       = (54, 36, 400)
kgrid          = [3, 5, 1]
irreducible k  = 15
n_bands        = 384
n_electr       = 728
mixing         = RestaMixing(0.0847, 14, 1.0)
n     Free energy       Eₙ-Eₙ₋₁     ρout-ρin   Diag
---   ---------------   ---------   --------   ----
  1   -1208.811283690         NaN   2.89e+00    25.7 
  2   -1210.748447089   -1.94e+00   2.62e+00    14.3 
  3   -1188.552079305    2.22e+01   9.23e-01    27.6 
  4   -113.7655660387    1.07e+03   9.29e-01    31.4 
  5   +1582.235447455    1.70e+03   1.39e+00    37.9 
  6   -143.4886157172   -1.73e+03   7.73e-01    27.0 
  7   -1207.729035442   -1.06e+03   1.13e-01    31.2 
  8   -1210.674188860   -2.95e+00   9.16e-02    19.0 
  9   -1211.379061480   -7.05e-01   7.47e-02    12.1 
 10   -1212.005104201   -6.26e-01   6.16e-02    18.9 
 11   -1212.365149615   -3.60e-01   3.48e-02    16.1 
 12   -1212.393821791   -2.87e-02   2.86e-02    12.9 
 13   -1212.402588758   -8.77e-03   2.13e-02    13.5 
 14   -1212.395732193    6.86e-03   1.93e-02    12.1 
 15   -1212.400416978   -4.68e-03   1.59e-02    11.3 
 16   -1212.424253916   -2.38e-02   8.46e-03    17.1 
 17   -1212.420663782    3.59e-03   6.04e-03    17.7 
 18   -1212.413663884    7.00e-03   5.03e-03    19.6 
 19   -1212.424978525   -1.13e-02   4.65e-03    22.0 
 20   -1212.427666825   -2.69e-03   3.37e-03    17.2 
 21   -1212.428680862   -1.01e-03   2.36e-03    17.6 
 22   -1212.428954868   -2.74e-04   2.02e-03    14.7 
 23   -1212.429295618   -3.41e-04   1.27e-03    17.5 
 24   -1212.429392793   -9.72e-05   1.01e-03    16.1 
 25   -1212.429249057    1.44e-04   9.04e-04    17.9 
 26   -1212.429287916   -3.89e-05   7.72e-04    15.1 
 27   -1212.429428968   -1.41e-04   5.84e-04    19.1 
 28   -1212.429433719   -4.75e-06   4.16e-04    16.6 
 29   -1212.429427516    6.20e-06   3.63e-04    16.9 
 30   -1212.429439544   -1.20e-05   3.09e-04    18.1 
 31   -1212.429437856    1.69e-06   2.42e-04    21.9 
 32   -1212.429449728   -1.19e-05   2.00e-04    15.9 
 33   -1212.429452898   -3.17e-06   1.67e-04    16.7 
 34   -1212.429452674    2.24e-07   1.57e-04    13.0 
 35   -1212.429452669    4.39e-09   1.31e-04    16.1 
 36   -1212.429453735   -1.07e-06   1.04e-04    17.3 
 37   -1212.429453456    2.79e-07   9.24e-05    17.2 
 38   -1212.429453784   -3.28e-07   7.15e-05    14.6 
 39   -1212.429453320    4.64e-07   5.48e-05    19.6 
 40   -1212.429453539   -2.19e-07   3.78e-05    15.5 
 41   -1212.429454165   -6.26e-07   2.99e-05    19.7 
 42   -1212.429454140    2.47e-08   2.67e-05    20.4 
 43   -1212.429454337   -1.97e-07   2.20e-05    16.3 
 44   -1212.429454273    6.39e-08   2.13e-05    15.2 
 45   -1212.429454363   -8.98e-08   1.73e-05    15.5 
 46   -1212.429454341    2.19e-08   1.53e-05    14.7 
 47   -1212.429454357   -1.62e-08   1.24e-05    13.0 
 48   -1212.429454373   -1.60e-08   7.07e-06    18.7 
 49   -1212.429454370    3.27e-09   6.74e-06    14.1 
 50   -1212.429454359    1.08e-08   6.38e-06    13.6 
Energy breakdown:
    Kinetic             743.9814812
    AtomicLocal         -36735.1855701
    AtomicNonlocal      143.2056593
    Ewald               16871.8052866
    PspCorrection       -21.9350744
    Hartree             18092.1808129
    Xc                  -306.4816197
    Entropy             -0.0004302

    total               -1212.429454359459

 ──────────────────────────────────────────────────────────────────────────────
                                       Time                   Allocations      
                               ──────────────────────   ───────────────────────
       Tot / % measured:           319771s / 100%           41580GiB / 100%    

 Section               ncalls     time   %tot     avg     alloc   %tot      avg
 ──────────────────────────────────────────────────────────────────────────────
 self_consistent_field      1   319729s   100%  319729s   41555GiB 100%   41555GiB
   LOBPCG                 750   298814s  93.4%    398s   37192GiB 89.4%  49.6GiB
     block multipli...  78.0k   107135s  33.5%   1.37s   10630GiB 25.6%   140MiB
     Hamiltonian mu...  14.3k   59842s  18.7%   4.19s   5109GiB  12.3%   366MiB
     rayleigh_ritz      13.5k   45119s  14.1%   3.33s    235GiB  0.57%  17.8MiB
     ortho              59.5k   31262s  9.78%   525ms   6818GiB  16.4%   117MiB
   energy_hamiltonian     101   17696s  5.53%    175s    919GiB  2.21%  9.10GiB
   compute_density         50    2276s  0.71%   45.5s   3393GiB  8.16%  67.9GiB
   QR orthonormaliz...    750     188s  0.06%   251ms   40.0GiB  0.10%  54.6MiB
   mixing Resta            50    3.18s  0.00%  63.5ms   1.16GiB  0.00%  23.7MiB
 PlaneWaveBasis             1    37.3s  0.01%   37.3s   24.8GiB  0.06%  24.8GiB
   Instantiation At...      1    18.4s  0.01%   18.4s   17.4GiB  0.04%  17.4GiB
   Instantiation Ewald      1    14.2s  0.00%   14.2s   7.05GiB  0.02%  7.05GiB
   Instantiation At...      1    3.86s  0.00%   3.86s   77.1MiB  0.00%  77.1MiB
   build_kpoints            1    233ms  0.00%   233ms    130MiB  0.00%   130MiB
   Instantiation Ha...      1   11.8ms  0.00%  11.8ms   17.8MiB  0.00%  17.8MiB
   Instantiation Ki...      1   11.3ms  0.00%  11.3ms   10.7MiB  0.00%  10.7MiB
   Instantiation Ps...      1    124μs  0.00%   124μs   4.38KiB  0.00%  4.38KiB
   Instantiation En...      1   3.43μs  0.00%  3.43μs     16.0B  0.00%    16.0B
   Instantiation Xc         1   1.09μs  0.00%  1.09μs     32.0B  0.00%    32.0B
 guess_density              1    3.34s  0.00%   3.34s    125MiB  0.00%   125MiB
 spglib_get_symmetry        1   8.92ms  0.00%  8.92ms    576KiB  0.00%   576KiB
 ──────────────────────────────────────────────────────────────────────────────
