#
#-- SCF AlSiO2H n_repeat=20 -- mixing=HybridMixing(0.918, 14, 1.0, identity, true, false)
#

hostname       = clustern13

started on     = 2020-08-04T18:48:11.356
julia threads  = 4
BLAS threads   = 4

temperature    = 0.001
smearing       = DFTK.Smearing.Gaussian()
diag(lattice)  = [16.32, 10.35, 129.7]
Ecut           = 20
fft_size       = (54, 36, 400)
kgrid          = [3, 5, 1]
irreducible k  = 15
n_bands        = 384
n_electr       = 728
mixing         = HybridMixing(0.918, 14, 1.0, identity, true, false)
n     Free energy       Eₙ-Eₙ₋₁     ρout-ρin   Diag
---   ---------------   ---------   --------   ----
  1   -1208.811113669         NaN   2.89e+00    25.7 
  2   -1211.616465433   -2.81e+00   1.09e+00    19.6 
  3   -1212.230443519   -6.14e-01   5.13e-01    13.0 
  4   -1212.424650356   -1.94e-01   5.76e-02    11.3 
  5   -1212.428351395   -3.70e-03   2.33e-02    11.9 
  6   -1212.429141478   -7.90e-04   1.00e-02    8.1 
  7   -1212.429332930   -1.91e-04   3.73e-03    3.3 
  8   -1212.429409558   -7.66e-05   1.74e-03    9.8 
  9   -1212.429430288   -2.07e-05   1.06e-03    8.1 
 10   -1212.429445701   -1.54e-05   5.18e-04    8.8 
 11   -1212.429450805   -5.10e-06   2.84e-04    10.1 
 12   -1212.429452965   -2.16e-06   1.64e-04    10.7 
 13   -1212.429453855   -8.91e-07   9.34e-05    9.8 
 14   -1212.429454246   -3.91e-07   4.85e-05    9.7 
 15   -1212.429454342   -9.60e-08   2.44e-05    9.5 
 16   -1212.429454369   -2.69e-08   1.16e-05    8.2 
 17   -1212.429454374   -4.55e-09   6.22e-06    7.7 
 18   -1212.429454375   -1.35e-09   3.36e-06    4.9 
 19   -1212.429454375   -4.73e-10   1.56e-06    5.8 
 20   -1212.429454376   -1.14e-10   9.04e-07    4.1 
 21   -1212.429454376   -2.07e-11   5.15e-07    4.2 
 22   -1212.429454376   -1.64e-11   2.98e-07    5.5 
 23   -1212.429454376   -4.62e-11   1.83e-07    4.9 
 24   -1212.429454376    3.12e-11   9.97e-08    4.5 
 25   -1212.429454376    6.14e-12   5.54e-08    5.1 
Energy breakdown:
    Kinetic             743.9814844
    AtomicLocal         -36735.1851899
    AtomicNonlocal      143.2056612
    Ewald               16871.8052866
    PspCorrection       -21.9350744
    Hartree             18092.1804281
    Xc                  -306.4816203
    Entropy             -0.0004302

    total               -1212.429454375653

 ──────────────────────────────────────────────────────────────────────────────
                                       Time                   Allocations      
                               ──────────────────────   ───────────────────────
       Tot / % measured:           413326s / 100%          245717GiB / 100%    

 Section               ncalls     time   %tot     avg     alloc   %tot      avg
 ──────────────────────────────────────────────────────────────────────────────
 self_consistent_field      1   413277s   100%  413277s   245692GiB100%   245692GiB
   mixing Hybrid           25   283576s  68.6%  11343s   228970GiB93.2%  9159GiB
     compute_density       25    1294s  0.31%   51.8s   1697GiB  0.69%  67.9GiB
   LOBPCG                 375   117144s  28.3%    312s   14518GiB 5.91%  38.7GiB
     block multipli...  18.7k   38419s  9.30%   2.06s   3736GiB  1.52%   205MiB
     Hamiltonian mu...  3.74k   25003s  6.05%   6.69s   1984GiB  0.81%   543MiB
     rayleigh_ritz      3.37k   17800s  4.31%   5.29s   89.6GiB  0.04%  27.3MiB
     ortho              14.8k   12952s  3.13%   878ms   2582GiB  1.05%   179MiB
   energy_hamiltonian      51   10302s  2.49%    202s    460GiB  0.19%  9.02GiB
   compute_density         25    1319s  0.32%   52.8s   1697GiB  0.69%  67.9GiB
   QR orthonormaliz...    375     213s  0.05%   567ms   40.0GiB  0.02%   109MiB
 PlaneWaveBasis             1    38.8s  0.01%   38.8s   24.8GiB  0.01%  24.8GiB
   Instantiation At...      1    19.6s  0.00%   19.6s   17.4GiB  0.01%  17.4GiB
   Instantiation Ewald      1    14.6s  0.00%   14.6s   7.05GiB  0.00%  7.05GiB
   Instantiation At...      1    4.28s  0.00%   4.28s   77.1MiB  0.00%  77.1MiB
   build_kpoints            1    254ms  0.00%   254ms    130MiB  0.00%   130MiB
   Instantiation Ki...      1   17.1ms  0.00%  17.1ms   10.7MiB  0.00%  10.7MiB
   Instantiation Ha...      1   6.29ms  0.00%  6.29ms   17.8MiB  0.00%  17.8MiB
   Instantiation Ps...      1    223μs  0.00%   223μs   4.38KiB  0.00%  4.38KiB
   Instantiation En...      1   2.77μs  0.00%  2.77μs     16.0B  0.00%    16.0B
   Instantiation Xc         1   1.98μs  0.00%  1.98μs     32.0B  0.00%    32.0B
 guess_density              1    3.83s  0.00%   3.83s    139MiB  0.00%   139MiB
 spglib_get_symmetry        1   8.58ms  0.00%  8.58ms    576KiB  0.00%   576KiB
 ──────────────────────────────────────────────────────────────────────────────
