#
#-- SCF AlSiO2H n_repeat=20 -- mixing=KerkerMixing(0.988, 1.0)
#

hostname       = clustern14

started on     = 2020-08-10T19:51:22.61
julia threads  = 4
BLAS threads   = 4

temperature    = 0.001
smearing       = DFTK.Smearing.Gaussian()
diag(lattice)  = [16.32, 10.35, 129.7]
Ecut           = 20
fft_size       = (54, 36, 400)
kgrid          = [3, 5, 1]
irreducible k  = 15
n_bands        = 384
n_electr       = 728
mixing         = KerkerMixing(0.988, 1.0)
n     Free energy       Eₙ-Eₙ₋₁     ρout-ρin   Diag
---   ---------------   ---------   --------   ----
  1   -1208.811046389         NaN   2.89e+00    25.2 
  2   -1211.202887659   -2.39e+00   1.26e+00    20.3 
  3   -1212.097127629   -8.94e-01   6.09e-01    12.6 
  4   -1212.396681854   -3.00e-01   4.08e-02    10.3 
  5   -1212.405226697   -8.54e-03   3.09e-02    5.5 
  6   -1212.410383178   -5.16e-03   8.94e-03    4.1 
  7   -1212.414745395   -4.36e-03   5.32e-03    5.4 
  8   -1212.417967715   -3.22e-03   4.12e-03    10.1 
  9   -1212.419965023   -2.00e-03   3.39e-03    8.5 
 10   -1212.421751586   -1.79e-03   2.91e-03    11.1 
 11   -1212.423219631   -1.47e-03   2.56e-03    12.4 
 12   -1212.424362189   -1.14e-03   2.30e-03    11.6 
 13   -1212.425408220   -1.05e-03   2.04e-03    11.5 
 14   -1212.426369664   -9.61e-04   1.77e-03    14.1 
 15   -1212.427119746   -7.50e-04   1.54e-03    13.9 
 16   -1212.427562544   -4.43e-04   1.38e-03    12.9 
 17   -1212.428004428   -4.42e-04   1.20e-03    13.8 
 18   -1212.428482654   -4.78e-04   9.67e-04    14.8 
 19   -1212.428716771   -2.34e-04   8.21e-04    13.7 
 20   -1212.428929877   -2.13e-04   6.73e-04    14.9 
 21   -1212.429061796   -1.32e-04   5.63e-04    15.1 
 22   -1212.429139335   -7.75e-05   4.95e-04    14.3 
 23   -1212.429185848   -4.65e-05   4.47e-04    13.2 
 24   -1212.429216259   -3.04e-05   4.10e-04    10.3 
 25   -1212.429239721   -2.35e-05   3.84e-04    12.8 
 26   -1212.429264051   -2.43e-05   3.56e-04    11.9 
 27   -1212.429282068   -1.80e-05   3.33e-04    9.8 
 28   -1212.429298213   -1.61e-05   3.14e-04    11.9 
 29   -1212.429323566   -2.54e-05   2.84e-04    12.6 
 30   -1212.429345536   -2.20e-05   2.56e-04    13.7 
 31   -1212.429364597   -1.91e-05   2.33e-04    13.8 
 32   -1212.429389865   -2.53e-05   1.97e-04    16.0 
 33   -1212.429416908   -2.70e-05   1.52e-04    16.5 
 34   -1212.429441142   -2.42e-05   9.40e-05    17.9 
 35   -1212.429449366   -8.22e-06   6.33e-05    18.3 
 36   -1212.429452289   -2.92e-06   4.58e-05    17.1 
 37   -1212.429453204   -9.16e-07   3.71e-05    14.6 
 38   -1212.429453681   -4.77e-07   2.95e-05    15.3 
 39   -1212.429453920   -2.39e-07   2.38e-05    13.9 
 40   -1212.429454181   -2.61e-07   1.54e-05    15.4 
 41   -1212.429454300   -1.19e-07   9.57e-06    16.2 
 42   -1212.429454349   -4.87e-08   5.07e-06    15.2 
 43   -1212.429454364   -1.50e-08   2.95e-06    15.4 
 44   -1212.429454371   -7.18e-09   1.86e-06    15.9 
 45   -1212.429454371    2.82e-10   1.83e-06    8.3 
 46   -1212.429454372   -1.26e-09   1.55e-06    14.3 
 47   -1212.429454372    1.39e-11   1.51e-06    9.2 
 48   -1212.429454373   -5.48e-10   1.37e-06    12.3 
 49   -1212.429454373   -4.85e-10   1.25e-06    13.7 
 50   -1212.429454374   -1.03e-09   9.37e-07    17.4 
Energy breakdown:
    Kinetic             743.9815138
    AtomicLocal         -36735.1941237
    AtomicNonlocal      143.2056576
    Ewald               16871.8052866
    PspCorrection       -21.9350744
    Hartree             18092.1893419
    Xc                  -306.4816261
    Entropy             -0.0004301

    total               -1212.429454374249

 ──────────────────────────────────────────────────────────────────────────────
                                       Time                   Allocations      
                               ──────────────────────   ───────────────────────
       Tot / % measured:           293553s / 100%           40342GiB / 100%    

 Section               ncalls     time   %tot     avg     alloc   %tot      avg
 ──────────────────────────────────────────────────────────────────────────────
 self_consistent_field      1   293510s   100%  293510s   40317GiB 100%   40317GiB
   LOBPCG                 750   273966s  93.3%    365s   35952GiB 89.1%  47.9GiB
     block multipli...  57.2k   96565s  32.9%   1.69s   10154GiB 25.2%   182MiB
     Hamiltonian mu...  10.8k   52653s  17.9%   4.88s   4909GiB  12.2%   466MiB
     rayleigh_ritz      10.0k   42399s  14.4%   4.22s    236GiB  0.58%  24.1MiB
     ortho              44.3k   30377s  10.3%   685ms   6573GiB  16.3%   152MiB
   energy_hamiltonian     101   16555s  5.64%    164s    919GiB  2.28%  9.10GiB
   compute_density         50    2054s  0.70%   41.1s   3393GiB  8.41%  67.9GiB
   QR orthonormaliz...    750     186s  0.06%   248ms   40.0GiB  0.10%  54.6MiB
   mixing Kerker           50    1.87s  0.00%  37.3ms   1.16GiB  0.00%  23.7MiB
 PlaneWaveBasis             1    34.9s  0.01%   34.9s   24.8GiB  0.06%  24.8GiB
   Instantiation At...      1    17.3s  0.01%   17.3s   17.4GiB  0.04%  17.4GiB
   Instantiation Ewald      1    13.6s  0.00%   13.6s   7.05GiB  0.02%  7.05GiB
   Instantiation At...      1    3.86s  0.00%   3.86s   77.1MiB  0.00%  77.1MiB
   build_kpoints            1    193ms  0.00%   193ms    130MiB  0.00%   130MiB
   Instantiation Ki...      1   10.0ms  0.00%  10.0ms   10.7MiB  0.00%  10.7MiB
   Instantiation Ha...      1   5.88ms  0.00%  5.88ms   17.8MiB  0.00%  17.8MiB
   Instantiation Ps...      1    140μs  0.00%   140μs   4.38KiB  0.00%  4.38KiB
   Instantiation En...      1   9.74μs  0.00%  9.74μs     16.0B  0.00%    16.0B
   Instantiation Xc         1   2.03μs  0.00%  2.03μs     32.0B  0.00%    32.0B
 guess_density              1    3.51s  0.00%   3.51s    139MiB  0.00%   139MiB
 spglib_get_symmetry        1   8.62ms  0.00%  8.62ms    576KiB  0.00%   576KiB
 ──────────────────────────────────────────────────────────────────────────────
