#
#-- SCF AlSiO2H n_repeat=20 -- mixing=SimpleMixing(0.00631)
#

hostname       = clustern09

started on     = 2020-08-04T21:59:48.884
julia threads  = 4
BLAS threads   = 4

temperature    = 0.001
smearing       = DFTK.Smearing.Gaussian()
diag(lattice)  = [16.32, 10.35, 129.7]
Ecut           = 20
fft_size       = (54, 36, 400)
kgrid          = [3, 5, 1]
irreducible k  = 15
n_bands        = 384
n_electr       = 728
mixing         = SimpleMixing(0.00631)
n     Free energy       Eₙ-Eₙ₋₁     ρout-ρin   Diag
---   ---------------   ---------   --------   ----
  1   -1208.811234732         NaN   2.89e+00    24.7 
  2   -1210.241096513   -1.43e+00   2.87e+00    14.1 
  3   -927.4124026529    2.83e+02   2.23e+00    36.5 
  4   +599.4942351585    1.53e+03   1.77e+00    40.9 
  5   -1153.420073954   -1.75e+03   1.40e+00    36.1 
  6   -1173.465628307   -2.00e+01   1.27e+00    31.8 
  7   -1200.284378288   -2.68e+01   1.22e+00    28.9 
  8   -1204.503974962   -4.22e+00   1.18e+00    17.7 
  9   -524.8252095581    6.80e+02   1.25e+00    48.3 
 10   -1198.123929195   -6.73e+02   9.35e-01    20.4 
 11   -989.9114481523    2.08e+02   7.66e-01    31.7 
 12   +808.7550162147    1.80e+03   1.56e+00    49.6 
 13   +406.4368370436   -4.02e+02   1.44e+00    27.9 
 14   +252.9542210872   -1.53e+02   1.37e+00    30.5 
 15   -483.1564117543   -7.36e+02   1.10e+00    31.7 
 16   -608.5715072002   -1.25e+02   1.04e+00    26.5 
 17   +93.17074818338    7.02e+02   1.24e+00    47.2 
 18   -350.7572689767   -4.44e+02   1.05e+00    36.5 
 19   -471.5855274935   -1.21e+02   9.81e-01    26.3 
 20   -1084.753554260   -6.13e+02   5.08e-01    45.8 
 21   -1165.851388056   -8.11e+01   3.49e-01    49.9 
 22   -1206.006825043   -4.02e+01   2.19e-01    41.2 
 23   -1209.366542921   -3.36e+00   1.92e-01    22.9 
 24   -1211.880226391   -2.51e+00   1.51e-01    27.7 
 25   -1211.939329312   -5.91e-02   1.40e-01    21.7 
 26   -1212.025698045   -8.64e-02   1.29e-01    16.9 
 27   -1212.012542141    1.32e-02   1.05e-01    22.2 
 28   -1212.285172746   -2.73e-01   8.91e-02    26.3 
 29   -1212.336856465   -5.17e-02   8.02e-02    23.0 
 30   -1212.316084173    2.08e-02   7.37e-02    21.8 
 31   -1212.257781238    5.83e-02   6.80e-02    21.9 
 32   -1212.303821761   -4.60e-02   6.43e-02    24.1 
 33   -1212.339190795   -3.54e-02   5.19e-02    28.6 
 34   -1212.345925725   -6.73e-03   4.88e-02    21.7 
 35   -1212.403759724   -5.78e-02   3.93e-02    23.8 
 36   -1212.408799770   -5.04e-03   3.48e-02    21.9 
 37   -1212.424150120   -1.54e-02   2.59e-02    23.6 
 38   -1212.422303439    1.85e-03   2.35e-02    22.2 
 39   -1212.422917225   -6.14e-04   2.28e-02    16.6 
 40   -1212.426099875   -3.18e-03   1.84e-02    21.9 
 41   -1212.424939849    1.16e-03   1.73e-02    20.7 
 42   -1212.425631967   -6.92e-04   1.42e-02    19.9 
 43   -1212.420044150    5.59e-03   1.17e-02    23.7 
 44   -1212.425085391   -5.04e-03   1.04e-02    26.7 
 45   -1212.428720488   -3.64e-03   1.00e-02    23.1 
 46   -1212.428386701    3.34e-04   8.58e-03    22.9 
 47   -1212.428627472   -2.41e-04   7.11e-03    21.3 
 48   -1212.428883199   -2.56e-04   6.83e-03    18.1 
 49   -1212.429017686   -1.34e-04   6.55e-03    19.1 
 50   -1212.429084122   -6.64e-05   5.98e-03    21.0 
Energy breakdown:
    Kinetic             743.9941943
    AtomicLocal         -36734.4189903
    AtomicNonlocal      143.2158576
    Ewald               16871.8052866
    PspCorrection       -21.9350744
    Hartree             18091.3944198
    Xc                  -306.4843480
    Entropy             -0.0004297

    total               -1212.429084122164

 ──────────────────────────────────────────────────────────────────────────────
                                       Time                   Allocations      
                               ──────────────────────   ───────────────────────
       Tot / % measured:           369411s / 100%           47323GiB / 100%    

 Section               ncalls     time   %tot     avg     alloc   %tot      avg
 ──────────────────────────────────────────────────────────────────────────────
 self_consistent_field      1   369356s   100%  369356s   47298GiB 100%   47298GiB
   LOBPCG                 750   346827s  93.9%    462s   42933GiB 90.7%  57.2GiB
     block multipli...   120k   119062s  32.2%   991ms   12860GiB 27.2%   110MiB
     Hamiltonian mu...  21.3k   71531s  19.4%   3.36s   5938GiB  12.5%   286MiB
     rayleigh_ritz      20.5k   53618s  14.5%   2.61s    269GiB  0.57%  13.4MiB
     ortho              89.7k   37134s  10.1%   414ms   7959GiB  16.8%  90.8MiB
   energy_hamiltonian     101   19066s  5.16%    189s    919GiB  1.94%  9.10GiB
   compute_density         50    2331s  0.63%   46.6s   3393GiB  7.17%  67.9GiB
   QR orthonormaliz...    750     216s  0.06%   289ms   40.0GiB  0.08%  54.6MiB
   mixing Simple           50    3.49s  0.00%  69.8ms   2.61GiB  0.01%  53.4MiB
 PlaneWaveBasis             1    49.2s  0.01%   49.2s   24.8GiB  0.05%  24.8GiB
   Instantiation At...      1    23.8s  0.01%   23.8s   17.4GiB  0.04%  17.4GiB
   Instantiation Ewald      1    16.8s  0.00%   16.8s   7.05GiB  0.01%  7.05GiB
   Instantiation At...      1    4.48s  0.00%   4.48s   77.1MiB  0.00%  77.1MiB
   build_kpoints            1    258ms  0.00%   258ms    130MiB  0.00%   130MiB
   Instantiation Ha...      1   17.4ms  0.00%  17.4ms   17.8MiB  0.00%  17.8MiB
   Instantiation Ki...      1   12.7ms  0.00%  12.7ms   10.7MiB  0.00%  10.7MiB
   Instantiation Ps...      1    144μs  0.00%   144μs   4.38KiB  0.00%  4.38KiB
   Instantiation Xc         1   3.75μs  0.00%  3.75μs     32.0B  0.00%    32.0B
   Instantiation En...      1    910ns  0.00%   910ns     16.0B  0.00%    16.0B
 guess_density              1    3.82s  0.00%   3.82s    125MiB  0.00%   125MiB
 spglib_get_symmetry        1   10.2ms  0.00%  10.2ms    576KiB  0.00%   576KiB
 ──────────────────────────────────────────────────────────────────────────────
