#
#-- Anderson m=5
#

hostname       = clustern09

started on     = 2020-08-20T17:26:53.395
julia threads  = 4
BLAS threads   = 4

temperature    = 0.001
smearing       = DFTK.Smearing.Gaussian()
diag(lattice)  = [7.653, 7.653, 68.88]
Ecut           = 20
fft_size       = (25, 25, 216)
kgrid          = [6, 6, 1]
irreducible k  = 10
n_bands        = 36
n_electr       = 60
mixing         = KerkerMixing(1.84, 1.0)
n     Free energy       Eₙ-Eₙ₋₁     ρout-ρin   Diag
---   ---------------   ---------   --------   ----
  1   -40.81691152399         NaN   3.14e-01    18.7 
  2   -41.27481585285   -4.58e-01   1.38e-01    14.2 
  3   -41.31142546340   -3.66e-02   2.86e-02    10.5 
  4   -41.40521022440   -9.38e-02   1.10e-02    8.0 
  5   -41.40089923002    4.31e-03   6.49e-03    5.0 
  6   -41.40443048368   -3.53e-03   4.81e-03    6.2 
  7   -41.40373398543    6.96e-04   3.92e-03    5.8 
  8   -41.40540466440   -1.67e-03   2.95e-03    6.5 
  9   -41.40596162173   -5.57e-04   2.50e-03    6.6 
 10   -41.40637544269   -4.14e-04   2.17e-03    6.3 
 11   -41.40675827410   -3.83e-04   1.85e-03    6.9 
 12   -41.40697484557   -2.17e-04   1.69e-03    6.6 
 13   -41.40710749140   -1.33e-04   1.58e-03    7.3 
 14   -41.40716766952   -6.02e-05   1.50e-03    6.5 
 15   -41.40723536375   -6.77e-05   1.42e-03    7.0 
 16   -41.40731833202   -8.30e-05   1.25e-03    7.1 
 17   -41.40753407504   -2.16e-04   7.94e-04    9.4 
 18   -41.40763008621   -9.60e-05   4.68e-04    9.4 
 19   -41.40766904592   -3.90e-05   2.51e-04    9.3 
 20   -41.40768456771   -1.55e-05   8.37e-05    9.6 
 21   -41.40768600621   -1.44e-06   4.82e-05    7.6 
 22   -41.40768657592   -5.70e-07   1.88e-05    7.9 
 23   -41.40768656444    1.15e-08   1.41e-05    7.1 
 24   -41.40768661712   -5.27e-08   2.10e-06    8.2 
 25   -41.40768661583    1.29e-09   2.70e-06    7.9 
 26   -41.40768661599   -1.63e-10   2.66e-06    6.4 
 27   -41.40768661556    4.32e-10   2.83e-06    7.1 
 28   -41.40768661556    2.49e-12   2.75e-06    5.6 
Energy breakdown:
    Kinetic             16.9998521
    AtomicLocal         -869.8377829
    AtomicNonlocal      8.0316403 
    Ewald               389.5416827
    PspCorrection       -2.0895370
    Hartree             431.7848626
    Xc                  -15.8382129
    Entropy             -0.0001914

    total               -41.407686615558

 ──────────────────────────────────────────────────────────────────────────────
                                       Time                   Allocations      
                               ──────────────────────   ───────────────────────
       Tot / % measured:             857s / 98.4%            293GiB / 100%     

 Section               ncalls     time   %tot     avg     alloc   %tot      avg
 ──────────────────────────────────────────────────────────────────────────────
 self_consistent_field      1     831s  98.5%    831s    290GiB  99.5%   290GiB
   LOBPCG                 280     713s  84.5%   2.55s    246GiB  84.4%   900MiB
     Hamiltonian mu...  2.53k     258s  30.6%   102ms   37.7GiB  12.9%  15.3MiB
     rayleigh_ritz      2.25k     106s  12.6%  47.2ms    921MiB  0.31%   420KiB
     block multipli...  12.3k     103s  12.2%  8.41ms   67.4GiB  23.1%  5.62MiB
     ortho              9.70k    80.3s  9.53%  8.29ms   43.4GiB  14.9%  4.58MiB
   energy_hamiltonian      57    43.1s  5.11%   757ms   15.5GiB  5.31%   278MiB
   compute_density         28    20.2s  2.40%   722ms   24.4GiB  8.37%   893MiB
   QR orthonormaliz...    280    1.44s  0.17%  5.15ms    544MiB  0.18%  1.94MiB
   mixing Kerker           28    552ms  0.07%  19.7ms    167MiB  0.06%  5.97MiB
 PlaneWaveBasis             1    10.2s  1.21%   10.2s   1.30GiB  0.44%  1.30GiB
   Instantiation Ewald      1    3.72s  0.44%   3.72s    445MiB  0.15%   445MiB
   Instantiation At...      1    1.94s  0.23%   1.94s    504MiB  0.17%   504MiB
   Instantiation Ps...      1    1.13s  0.13%   1.13s   85.9MiB  0.03%  85.9MiB
   Instantiation At...      1    405ms  0.05%   405ms   34.8MiB  0.01%  34.8MiB
   Instantiation Ha...      1    397ms  0.05%   397ms   57.9MiB  0.02%  57.9MiB
   Instantiation Ki...      1    130ms  0.02%   130ms   12.0MiB  0.00%  12.0MiB
   build_kpoints            1   75.8ms  0.01%  75.8ms   29.7MiB  0.01%  29.7MiB
   Instantiation Xc         1   4.97ms  0.00%  4.97ms    196KiB  0.00%   196KiB
   Instantiation En...      1   3.10ms  0.00%  3.10ms   71.8KiB  0.00%  71.8KiB
 spglib_get_symmetry        1    2.15s  0.26%   2.15s    235MiB  0.08%   235MiB
 guess_density              1    228ms  0.03%   228ms   23.9MiB  0.01%  23.9MiB
 ──────────────────────────────────────────────────────────────────────────────
