#
#-- Anderson m=0
#

hostname       = clustern09

started on     = 2020-08-20T17:14:25.302
julia threads  = 4
BLAS threads   = 4

temperature    = 0.001
smearing       = DFTK.Smearing.Gaussian()
diag(lattice)  = [7.653, 7.653, 68.88]
Ecut           = 20
fft_size       = (25, 25, 216)
kgrid          = [6, 6, 1]
irreducible k  = 10
n_bands        = 36
n_electr       = 60
mixing         = KerkerMixing(1.84, 1.0)
n     Free energy       Eₙ-Eₙ₋₁     ρout-ρin   Diag
---   ---------------   ---------   --------   ----
  1   -40.81615253386         NaN   3.14e-01    18.3 
  2   -41.27392746357   -4.58e-01   1.38e-01    13.8 
  3   -41.03744592794    2.36e-01   8.10e-02    11.4 
  4   -41.20335583243   -1.66e-01   7.09e-02    10.6 
  5   -41.01620429225    1.87e-01   6.74e-02    10.2 
  6   -41.10240304767   -8.62e-02   6.81e-02    10.2 
  7   -40.91014662600    1.92e-01   6.86e-02    10.4 
  8   -40.93951391609   -2.94e-02   7.14e-02    10.1 
  9   -40.70568870879    2.34e-01   7.44e-02    10.3 
 10   -40.66191743016    4.38e-02   8.03e-02    10.6 
 11   -40.35089633936    3.11e-01   8.72e-02    10.4 
 12   -40.22473199946    1.26e-01   9.66e-02    11.1 
 13   -39.81519908945    4.10e-01   1.07e-01    11.6 
 14   -39.61483606177    2.00e-01   1.18e-01    12.2 
 15   -39.10509089029    5.10e-01   1.30e-01    12.2 
 16   -38.87048882451    2.35e-01   1.42e-01    12.4 
 17   -38.30285256802    5.68e-01   1.54e-01    12.5 
 18   -38.08107932589    2.22e-01   1.64e-01    12.9 
 19   -37.50712322789    5.74e-01   1.74e-01    13.6 
 20   -37.13231887810    3.75e-01   1.84e-01    13.3 
 21   -36.11649609080    1.02e+00   1.98e-01    13.7 
 22   -35.55392002424    5.63e-01   2.10e-01    13.1 
 23   -33.99919619310    1.55e+00   2.28e-01    14.0 
 24   -32.86868295282    1.13e+00   2.45e-01    13.0 
 25   -30.73778385651    2.13e+00   2.67e-01    15.6 
 26   -27.53126295743    3.21e+00   3.00e-01    13.6 
 27   -21.83878910744    5.69e+00   3.45e-01    15.6 
 28   -12.67035449147    9.17e+00   4.18e-01    13.6 
 29   +1.894098304257    1.46e+01   5.03e-01    16.7 
 30   +21.56543827796    1.97e+01   6.10e-01    16.7 
 31   +50.42236613418    2.89e+01   7.31e-01    18.9 
 32   +85.97214803041    3.55e+01   8.69e-01    24.3 
 33   +131.1564898613    4.52e+01   1.01e+00    22.0 
 34   +152.9722311466    2.18e+01   1.09e+00    20.1 
 35   +175.3349181495    2.24e+01   1.16e+00    23.0 
 36   +187.9204872038    1.26e+01   1.21e+00    22.0 
 37   +198.9311623124    1.10e+01   1.24e+00    23.1 
 38   +195.8635000780   -3.07e+00   1.25e+00    22.1 
 39   +201.0509660704    5.19e+00   1.26e+00    24.5 
 40   +198.8969382256   -2.15e+00   1.27e+00    22.9 
 41   +202.2894442271    3.39e+00   1.27e+00    22.2 
 42   +201.4018591253   -8.88e-01   1.28e+00    23.3 
 43   +205.4782770331    4.08e+00   1.29e+00    26.3 
 44   +204.9449223674   -5.33e-01   1.29e+00    22.5 
 45   +210.3508727785    5.41e+00   1.30e+00    25.5 
 46   +211.4780277928    1.13e+00   1.32e+00    22.9 
 47   +217.3539085115    5.88e+00   1.33e+00    23.4 
 48   +217.7518752371    3.98e-01   1.34e+00    22.7 
 49   +220.5816923040    2.83e+00   1.34e+00    22.9 
 50   +219.0960024302   -1.49e+00   1.35e+00    23.4 
 51   +221.3326380599    2.24e+00   1.35e+00    22.9 
 52   +219.3978065834   -1.93e+00   1.35e+00    23.2 
 53   +221.0680358742    1.67e+00   1.35e+00    23.7 
 54   +219.6055582255   -1.46e+00   1.35e+00    23.9 
 55   +221.2209216618    1.62e+00   1.35e+00    24.3 
 56   +219.6205542849   -1.60e+00   1.35e+00    24.1 
 57   +221.1247505422    1.50e+00   1.35e+00    23.6 
 58   +219.6876818501   -1.44e+00   1.35e+00    24.9 
 59   +221.1370520990    1.45e+00   1.35e+00    24.1 
 60   +219.7092090604   -1.43e+00   1.35e+00    24.4 
 61   +221.0893181400    1.38e+00   1.35e+00    23.9 
 62   +219.7579364787   -1.33e+00   1.35e+00    24.8 
 63   +221.0871213709    1.33e+00   1.35e+00    23.6 
 64   +219.7831554724   -1.30e+00   1.35e+00    23.8 
 65   +221.0598148361    1.28e+00   1.35e+00    23.9 
 66   +219.8194171218   -1.24e+00   1.35e+00    24.0 
 67   +221.0496261494    1.23e+00   1.35e+00    23.8 
 68   +219.8432100446   -1.21e+00   1.35e+00    26.1 
 69   +221.0315610905    1.19e+00   1.35e+00    24.2 
 70   +219.8714057040   -1.16e+00   1.35e+00    23.8 
 71   +221.0186412598    1.15e+00   1.35e+00    24.6 
 72   +219.8940870982   -1.12e+00   1.35e+00    22.9 
 73   +221.0050450407    1.11e+00   1.35e+00    24.0 
 74   +219.9148155687   -1.09e+00   1.35e+00    24.1 
 75   +220.9930477993    1.08e+00   1.35e+00    23.8 
 76   +219.9331969834   -1.06e+00   1.35e+00    23.6 
 77   +220.9809997628    1.05e+00   1.35e+00    24.0 
 78   +219.9528218446   -1.03e+00   1.35e+00    24.0 
 79   +220.9693210601    1.02e+00   1.35e+00    23.5 
 80   +219.9703345969   -9.99e-01   1.35e+00    24.9 
 81   +220.9600989970    9.90e-01   1.35e+00    24.0 
 82   +219.9857185729   -9.74e-01   1.35e+00    23.2 
 83   +220.9506784503    9.65e-01   1.35e+00    24.0 
 84   +220.0017387722   -9.49e-01   1.35e+00    22.8 
 85   +220.9422094755    9.40e-01   1.35e+00    23.7 
 86   +220.0155984544   -9.27e-01   1.35e+00    25.0 
 87   +220.9353802622    9.20e-01   1.35e+00    23.6 
 88   +220.0289609779   -9.06e-01   1.35e+00    24.1 
 89   +220.9276560925    8.99e-01   1.35e+00    23.8 
 90   +220.0412877541   -8.86e-01   1.35e+00    22.8 
 91   +220.9200452902    8.79e-01   1.35e+00    23.1 
 92   +220.0532442291   -8.67e-01   1.35e+00    25.0 
 93   +220.9145136533    8.61e-01   1.35e+00    23.8 
 94   +220.0633216022   -8.51e-01   1.35e+00    23.8 
 95   +220.9062083052    8.43e-01   1.35e+00    23.1 
 96   +220.0733250073   -8.33e-01   1.35e+00    24.6 
 97   +220.9018464828    8.29e-01   1.35e+00    24.1 
 98   +220.0818897479   -8.20e-01   1.35e+00    23.2 
 99   +220.8945923127    8.13e-01   1.35e+00    23.2 
 100   +220.0893477366   -8.05e-01   1.35e+00    25.2 
Energy breakdown:
    Kinetic             22.9638774
    AtomicLocal         -492.8400132
    AtomicNonlocal      8.5862273 
    Ewald               389.5416827
    PspCorrection       -2.0895370
    Hartree             312.1524889
    Xc                  -18.2252374
    Entropy             -0.0001410

    total               220.089347736561

 ──────────────────────────────────────────────────────────────────────────────
                                       Time                   Allocations      
                               ──────────────────────   ───────────────────────
       Tot / % measured:            5767s / 100%            2198GiB / 100%     

 Section               ncalls     time   %tot     avg     alloc   %tot      avg
 ──────────────────────────────────────────────────────────────────────────────
 self_consistent_field      1    5763s   100%   5763s   2197GiB  100%   2197GiB
   LOBPCG               1.00k    5465s  94.8%   5.47s   2054GiB  93.4%  2.05GiB
     Hamiltonian mu...  21.4k    1722s  29.9%  80.5ms    326GiB  14.8%  15.6MiB
     rayleigh_ritz      20.4k    1021s  17.7%  50.1ms   9.45GiB  0.43%   486KiB
     block multipli...   118k     957s  16.6%  8.11ms    690GiB  31.4%  5.99MiB
     ortho              85.7k     600s  10.4%  7.01ms    384GiB  17.5%  4.59MiB
   energy_hamiltonian     201     108s  1.87%   537ms   52.3GiB  2.38%   266MiB
   compute_density        100    52.2s  0.91%   522ms   86.9GiB  3.96%   890MiB
   QR orthonormaliz...  1.00k    789ms  0.01%   789μs    514MiB  0.02%   526KiB
   mixing Kerker          100    221ms  0.00%  2.21ms    413MiB  0.02%  4.13MiB
 PlaneWaveBasis             1    844ms  0.01%   844ms    596MiB  0.03%   596MiB
   Instantiation At...      1    391ms  0.01%   391ms    365MiB  0.02%   365MiB
   Instantiation Ewald      1    296ms  0.01%   296ms    179MiB  0.01%   179MiB
   Instantiation At...      1    110ms  0.00%   110ms   7.25MiB  0.00%  7.25MiB
   build_kpoints            1   26.4ms  0.00%  26.4ms   29.7MiB  0.00%  29.7MiB
   Instantiation Ki...      1   17.6ms  0.00%  17.6ms   1.32MiB  0.00%  1.32MiB
   Instantiation Ha...      1   1.35ms  0.00%  1.35ms   3.10MiB  0.00%  3.10MiB
   Instantiation Ps...      1   88.3μs  0.00%  88.3μs      928B  0.00%     928B
   Instantiation Xc         1   1.59μs  0.00%  1.59μs     32.0B  0.00%    32.0B
   Instantiation En...      1    548ns  0.00%   548ns     16.0B  0.00%    16.0B
 guess_density              1   88.2ms  0.00%  88.2ms   9.28MiB  0.00%  9.28MiB
 spglib_get_symmetry        1   12.1ms  0.00%  12.1ms    835KiB  0.00%   835KiB
 ──────────────────────────────────────────────────────────────────────────────
