#
#-- Anderson m=10
#

hostname       = clustern09

started on     = 2020-08-20T17:40:52.204
julia threads  = 4
BLAS threads   = 4

temperature    = 0.001
smearing       = DFTK.Smearing.Gaussian()
diag(lattice)  = [7.653, 7.653, 68.88]
Ecut           = 20
fft_size       = (25, 25, 216)
kgrid          = [6, 6, 1]
irreducible k  = 10
n_bands        = 36
n_electr       = 60
mixing         = KerkerMixing(1.84, 1.0)
n     Free energy       Eₙ-Eₙ₋₁     ρout-ρin   Diag
---   ---------------   ---------   --------   ----
  1   -40.81862707828         NaN   3.14e-01    18.8 
  2   -41.27682710969   -4.58e-01   1.38e-01    14.6 
  3   -41.31250877867   -3.57e-02   2.86e-02    11.0 
  4   -41.40520370272   -9.27e-02   1.10e-02    8.0 
  5   -41.40086086954    4.34e-03   6.47e-03    5.3 
  6   -41.40442613416   -3.57e-03   4.80e-03    6.1 
  7   -41.40373193863    6.94e-04   3.92e-03    5.6 
  8   -41.40548992568   -1.76e-03   2.94e-03    6.5 
  9   -41.40609454739   -6.05e-04   2.47e-03    6.8 
 10   -41.40650942399   -4.15e-04   2.08e-03    6.2 
 11   -41.40678907785   -2.80e-04   1.83e-03    6.7 
 12   -41.40704874255   -2.60e-04   1.63e-03    6.7 
 13   -41.40713453105   -8.58e-05   1.55e-03    7.2 
 14   -41.40718581262   -5.13e-05   1.49e-03    6.5 
 15   -41.40735399488   -1.68e-04   1.21e-03    8.5 
 16   -41.40762841204   -2.74e-04   5.11e-04    10.5 
 17   -41.40765246051   -2.40e-05   3.80e-04    8.1 
 18   -41.40768641061   -3.40e-05   4.06e-05    10.4 
 19   -41.40768629166    1.19e-07   3.38e-05    6.3 
 20   -41.40768660359   -3.12e-07   7.53e-06    10.1 
 21   -41.40768661127   -7.68e-09   4.58e-06    6.6 
 22   -41.40768661775   -6.48e-09   1.56e-06    9.1 
 23   -41.40768661779   -4.12e-11   5.45e-07    5.4 
 24   -41.40768661779   -1.25e-12   2.64e-07    7.1 
Energy breakdown:
    Kinetic             16.9998726
    AtomicLocal         -869.8390781
    AtomicNonlocal      8.0316505 
    Ewald               389.5416827
    PspCorrection       -2.0895370
    Hartree             431.7861358
    Xc                  -15.8382216
    Entropy             -0.0001914

    total               -41.407686617793

 ──────────────────────────────────────────────────────────────────────────────
                                       Time                   Allocations      
                               ──────────────────────   ───────────────────────
       Tot / % measured:             653s / 100%             247GiB / 100%     

 Section               ncalls     time   %tot     avg     alloc   %tot      avg
 ──────────────────────────────────────────────────────────────────────────────
 self_consistent_field      1     652s   100%    652s    246GiB  100%    246GiB
   LOBPCG                 240     582s  89.1%   2.42s    211GiB  85.6%   902MiB
     Hamiltonian mu...  2.22k     214s  32.8%  96.5ms   32.6GiB  13.2%  15.0MiB
     rayleigh_ritz      1.98k    90.1s  13.8%  45.5ms    797MiB  0.32%   412KiB
     block multipli...  10.8k    89.0s  13.6%  8.20ms   58.5GiB  23.7%  5.53MiB
     ortho              8.49k    64.2s  9.83%  7.56ms   37.2GiB  15.1%  4.49MiB
   energy_hamiltonian      49    29.5s  4.52%   602ms   12.7GiB  5.13%   265MiB
   compute_density         24    14.9s  2.28%   621ms   20.9GiB  8.45%   890MiB
   QR orthonormaliz...    240    874ms  0.13%  3.64ms    514MiB  0.20%  2.14MiB
   mixing Kerker           24   63.8ms  0.01%  2.66ms   99.0MiB  0.04%  4.13MiB
 PlaneWaveBasis             1    1.01s  0.15%   1.01s    596MiB  0.24%   596MiB
   Instantiation At...      1    566ms  0.09%   566ms    365MiB  0.14%   365MiB
   Instantiation Ewald      1    301ms  0.05%   301ms    179MiB  0.07%   179MiB
   Instantiation At...      1    112ms  0.02%   112ms   7.25MiB  0.00%  7.25MiB
   build_kpoints            1   26.8ms  0.00%  26.8ms   29.7MiB  0.01%  29.7MiB
   Instantiation Ki...      1   1.39ms  0.00%  1.39ms   1.32MiB  0.00%  1.32MiB
   Instantiation Ha...      1   1.38ms  0.00%  1.38ms   3.10MiB  0.00%  3.10MiB
   Instantiation Ps...      1   81.0μs  0.00%  81.0μs      928B  0.00%     928B
   Instantiation Xc         1   3.05μs  0.00%  3.05μs     32.0B  0.00%    32.0B
   Instantiation En...      1   1.16μs  0.00%  1.16μs     16.0B  0.00%    16.0B
 guess_density              1   91.4ms  0.01%  91.4ms   9.28MiB  0.00%  9.28MiB
 spglib_get_symmetry        1   12.8ms  0.00%  12.8ms    835KiB  0.00%   835KiB
 ──────────────────────────────────────────────────────────────────────────────
