#
#-- Anderson m=0
#

hostname       = clustern09

started on     = 2020-08-20T16:03:46.512
julia threads  = 4
BLAS threads   = 4

temperature    = 0.001
smearing       = DFTK.Smearing.Gaussian()
diag(lattice)  = [7.653, 7.653, 22.96]
Ecut           = 20
fft_size       = (25, 25, 72)
kgrid          = [3, 3, 1]
irreducible k  = 9
n_bands        = 23
n_electr       = 36
mixing         = SimpleMixing(0.106)
n     Free energy       Eₙ-Eₙ₋₁     ρout-ρin   Diag
---   ---------------   ---------   --------   ----
  1   -24.87943227327         NaN   2.34e-01    22.6 
  2   -24.88041262724   -9.80e-04   2.08e-01    10.2 
  3   -24.88105527581   -6.43e-04   1.85e-01    9.0 
  4   -24.88152698493   -4.72e-04   1.65e-01    8.9 
  5   -24.88189571772   -3.69e-04   1.47e-01    8.3 
  6   -24.88220022106   -3.05e-04   1.31e-01    8.7 
  7   -24.88246400566   -2.64e-04   1.17e-01    7.6 
  8   -24.88270146330   -2.37e-04   1.04e-01    7.7 
  9   -24.88292065486   -2.19e-04   9.30e-02    7.9 
 10   -24.88312504356   -2.04e-04   8.31e-02    8.0 
 11   -24.88331479958   -1.90e-04   7.42e-02    7.8 
 12   -24.88348817332   -1.73e-04   6.63e-02    7.6 
 13   -24.88364269671   -1.55e-04   5.93e-02    7.4 
 14   -24.88377634100   -1.34e-04   5.31e-02    7.4 
 15   -24.88388830082   -1.12e-04   4.76e-02    7.2 
 16   -24.88397937250   -9.11e-05   4.26e-02    7.0 
 17   -24.88405179003   -7.24e-05   3.82e-02    6.9 
 18   -24.88410867662   -5.69e-05   3.43e-02    5.9 
 19   -24.88415336966   -4.47e-05   3.08e-02    5.8 
 20   -24.88418884109   -3.55e-05   2.77e-02    5.2 
 21   -24.88421742441   -2.86e-05   2.48e-02    5.4 
 22   -24.88424080206   -2.34e-05   2.23e-02    5.7 
 23   -24.88426009179   -1.93e-05   2.00e-02    5.2 
 24   -24.88427606086   -1.60e-05   1.80e-02    5.1 
 25   -24.88428925863   -1.32e-05   1.62e-02    5.1 
 26   -24.88430011877   -1.09e-05   1.45e-02    5.1 
 27   -24.88430899700   -8.88e-06   1.30e-02    5.1 
 28   -24.88431620660   -7.21e-06   1.17e-02    5.1 
 29   -24.88432202495   -5.82e-06   1.05e-02    5.1 
 30   -24.88432669773   -4.67e-06   9.43e-03    5.0 
 31   -24.88433043758   -3.74e-06   8.46e-03    5.0 
 32   -24.88433342496   -2.99e-06   7.59e-03    4.3 
 33   -24.88433580876   -2.38e-06   6.81e-03    4.2 
 34   -24.88433771050   -1.90e-06   6.11e-03    4.2 
 35   -24.88433922739   -1.52e-06   5.48e-03    4.2 
 36   -24.88434043769   -1.21e-06   4.92e-03    4.2 
 37   -24.88434140351   -9.66e-07   4.41e-03    3.3 
 38   -24.88434217469   -7.71e-07   3.96e-03    3.2 
 39   -24.88434279062   -6.16e-07   3.55e-03    3.1 
 40   -24.88434328275   -4.92e-07   3.19e-03    3.1 
 41   -24.88434367606   -3.93e-07   2.86e-03    3.1 
 42   -24.88434399056   -3.15e-07   2.57e-03    3.1 
 43   -24.88434424231   -2.52e-07   2.30e-03    3.1 
 44   -24.88434444432   -2.02e-07   2.07e-03    3.1 
 45   -24.88434460679   -1.62e-07   1.85e-03    3.0 
 46   -24.88434473772   -1.31e-07   1.66e-03    3.1 
 47   -24.88434484329   -1.06e-07   1.49e-03    3.0 
 48   -24.88434492835   -8.51e-08   1.34e-03    3.0 
 49   -24.88434499686   -6.85e-08   1.20e-03    3.0 
 50   -24.88434505201   -5.52e-08   1.08e-03    3.0 
 51   -24.88434509634   -4.43e-08   9.70e-04    2.6 
 52   -24.88434513215   -3.58e-08   8.70e-04    2.1 
 53   -24.88434516111   -2.90e-08   7.82e-04    2.1 
 54   -24.88434518439   -2.33e-08   7.02e-04    2.0 
 55   -24.88434520322   -1.88e-08   6.30e-04    2.0 
 56   -24.88434521842   -1.52e-08   5.66e-04    2.0 
 57   -24.88434523071   -1.23e-08   5.08e-04    2.0 
 58   -24.88434524065   -9.94e-09   4.57e-04    2.0 
 59   -24.88434524869   -8.04e-09   4.10e-04    2.0 
 60   -24.88434525521   -6.51e-09   3.68e-04    2.0 
 61   -24.88434526048   -5.27e-09   3.31e-04    2.0 
 62   -24.88434526475   -4.27e-09   2.97e-04    2.0 
 63   -24.88434526821   -3.46e-09   2.67e-04    2.0 
 64   -24.88434527101   -2.80e-09   2.40e-04    2.0 
 65   -24.88434527328   -2.27e-09   2.16e-04    2.0 
 66   -24.88434527512   -1.84e-09   1.94e-04    2.0 
 67   -24.88434527661   -1.49e-09   1.74e-04    2.0 
 68   -24.88434527782   -1.21e-09   1.56e-04    2.0 
 69   -24.88434527880   -9.81e-10   1.41e-04    2.0 
 70   -24.88434527960   -7.95e-10   1.26e-04    2.0 
 71   -24.88434528024   -6.45e-10   1.13e-04    2.0 
 72   -24.88434528077   -5.23e-10   1.02e-04    2.0 
 73   -24.88434528119   -4.24e-10   9.17e-05    2.0 
 74   -24.88434528154   -3.44e-10   8.24e-05    2.0 
 75   -24.88434528182   -2.79e-10   7.41e-05    2.0 
 76   -24.88434528204   -2.27e-10   6.66e-05    2.0 
 77   -24.88434528223   -1.84e-10   5.99e-05    2.0 
 78   -24.88434528238   -1.49e-10   5.38e-05    2.0 
 79   -24.88434528250   -1.21e-10   4.84e-05    2.0 
 80   -24.88434528259   -9.82e-11   4.35e-05    2.0 
 81   -24.88434528267   -7.97e-11   3.91e-05    2.0 
 82   -24.88434528274   -6.47e-11   3.52e-05    2.0 
 83   -24.88434528279   -5.25e-11   3.16e-05    2.0 
 84   -24.88434528283   -4.26e-11   2.84e-05    2.0 
 85   -24.88434528287   -3.46e-11   2.56e-05    2.0 
 86   -24.88434528290   -2.80e-11   2.30e-05    2.0 
 87   -24.88434528292   -2.28e-11   2.07e-05    2.0 
 88   -24.88434528294   -1.85e-11   1.86e-05    2.0 
 89   -24.88434528295   -1.50e-11   1.67e-05    2.0 
 90   -24.88434528297   -1.21e-11   1.50e-05    2.0 
 91   -24.88434528298   -9.88e-12   1.35e-05    2.0 
Energy breakdown:
    Kinetic             10.3876331
    AtomicLocal         4.0966670 
    AtomicNonlocal      4.8203031 
    Ewald               -32.3492600
    PspCorrection       -2.2566999
    Hartree             0.0452914 
    Xc                  -9.6276821
    Entropy             -0.0005978

    total               -24.884345282975

 ──────────────────────────────────────────────────────────────────────────────
                                       Time                   Allocations      
                               ──────────────────────   ───────────────────────
       Tot / % measured:             328s / 100%             158GiB / 100%     

 Section               ncalls     time   %tot     avg     alloc   %tot      avg
 ──────────────────────────────────────────────────────────────────────────────
 self_consistent_field      1     328s   100%    328s    158GiB  100%    158GiB
   LOBPCG                 819     293s  89.4%   358ms    127GiB  80.2%   159MiB
     Hamiltonian mu...  4.16k     103s  31.5%  24.8ms   19.6GiB  12.4%  4.83MiB
     rayleigh_ritz      3.34k    50.2s  15.3%  15.0ms   1.05GiB  0.66%   329KiB
     block multipli...  16.6k    44.3s  13.5%  2.67ms   31.0GiB  19.6%  1.91MiB
     ortho              13.0k    31.1s  9.47%  2.39ms   21.7GiB  13.7%  1.71MiB
   energy_hamiltonian     183    16.7s  5.09%  91.3ms   13.3GiB  8.42%  74.6MiB
   compute_density         91    9.50s  2.89%   104ms   16.4GiB  10.4%   185MiB
   QR orthonormaliz...    819    227ms  0.07%   277μs    103MiB  0.06%   129KiB
   mixing Simple           91   33.9ms  0.01%   372μs    281MiB  0.17%  3.09MiB
 PlaneWaveBasis             1    165ms  0.05%   165ms    113MiB  0.07%   113MiB
   Instantiation At...      1   67.8ms  0.02%  67.8ms   72.0MiB  0.04%  72.0MiB
   Instantiation Ewald      1   57.2ms  0.02%  57.2ms   25.9MiB  0.02%  25.9MiB
   Instantiation At...      1   28.2ms  0.01%  28.2ms   2.41MiB  0.00%  2.41MiB
   build_kpoints            1   8.33ms  0.00%  8.33ms   7.87MiB  0.00%  7.87MiB
   Instantiation Ha...      1    549μs  0.00%   549μs   1.03MiB  0.00%  1.03MiB
   Instantiation Ki...      1    502μs  0.00%   502μs    407KiB  0.00%   407KiB
   Instantiation Ps...      1    104μs  0.00%   104μs      928B  0.00%     928B
   Instantiation En...      1   1.92μs  0.00%  1.92μs     16.0B  0.00%    16.0B
   Instantiation Xc         1   1.28μs  0.00%  1.28μs     32.0B  0.00%    32.0B
 guess_density              1   21.7ms  0.01%  21.7ms   3.09MiB  0.00%  3.09MiB
 spglib_get_symmetry        1   2.03ms  0.00%  2.03ms   13.0KiB  0.00%  13.0KiB
 ──────────────────────────────────────────────────────────────────────────────
