#
#-- Anderson m=5
#

hostname       = clustern10

started on     = 2020-08-20T16:01:18.133
julia threads  = 4
BLAS threads   = 4

temperature    = 0.001
smearing       = DFTK.Smearing.Gaussian()
diag(lattice)  = [7.653, 7.653, 22.96]
Ecut           = 20
fft_size       = (25, 25, 72)
kgrid          = [3, 3, 1]
irreducible k  = 9
n_bands        = 23
n_electr       = 36
mixing         = SimpleMixing(0.106)
n     Free energy       Eₙ-Eₙ₋₁     ρout-ρin   Diag
---   ---------------   ---------   --------   ----
  1   -24.87943228552         NaN   2.34e-01    22.7 
  2   -24.88041262440   -9.80e-04   2.08e-01    10.1 
  3   -24.87691663126    3.50e-03   3.38e-02    12.4 
  4   -24.88299386308   -6.08e-03   1.73e-02    10.3 
  5   -24.88222552612    7.68e-04   1.63e-02    9.8 
  6   -24.88107875548    1.15e-03   1.27e-02    10.3 
  7   -24.88413283619   -3.05e-03   4.45e-03    9.7 
  8   -24.88426916032   -1.36e-04   2.45e-03    8.7 
  9   -24.88433688550   -6.77e-05   1.21e-03    6.6 
 10   -24.88434353616   -6.65e-06   8.57e-04    6.0 
 11   -24.88433947245    4.06e-06   6.83e-04    6.2 
 12   -24.88434499118   -5.52e-06   2.93e-04    6.9 
 13   -24.88434513105   -1.40e-07   2.39e-04    5.2 
 14   -24.88434506868    6.24e-08   1.88e-04    5.8 
 15   -24.88434518336   -1.15e-07   1.22e-04    5.6 
 16   -24.88434521127   -2.79e-08   9.94e-05    5.4 
 17   -24.88434523066   -1.94e-08   5.29e-05    5.9 
 18   -24.88434524353   -1.29e-08   4.19e-05    6.3 
 19   -24.88434528131   -3.78e-08   2.67e-05    5.8 
 20   -24.88434527919    2.11e-09   1.89e-05    5.8 
 21   -24.88434528174   -2.55e-09   1.35e-05    5.9 
 22   -24.88434528282   -1.08e-09   1.04e-05    5.1 
 23   -24.88434528225    5.66e-10   7.60e-06    5.6 
 24   -24.88434528281   -5.61e-10   3.90e-06    6.2 
 25   -24.88434528285   -4.05e-11   3.23e-06    6.0 
 26   -24.88434528298   -1.23e-10   2.45e-06    5.7 
 27   -24.88434528300   -2.83e-11   1.43e-06    6.1 
 28   -24.88434528301   -9.00e-12   1.11e-06    5.4 
Energy breakdown:
    Kinetic             10.3876370
    AtomicLocal         4.0966775 
    AtomicNonlocal      4.8202891 
    Ewald               -32.3492600
    PspCorrection       -2.2566999
    Hartree             0.0452917 
    Xc                  -9.6276828
    Entropy             -0.0005978

    total               -24.884345283013

 ──────────────────────────────────────────────────────────────────────────────
                                       Time                   Allocations      
                               ──────────────────────   ───────────────────────
       Tot / % measured:             253s / 94.6%           73.8GiB / 98.4%    

 Section               ncalls     time   %tot     avg     alloc   %tot      avg
 ──────────────────────────────────────────────────────────────────────────────
 self_consistent_field      1     228s  95.2%    228s   71.6GiB  98.6%  71.6GiB
   LOBPCG                 252     178s  74.6%   708ms   58.7GiB  80.8%   239MiB
     Hamiltonian mu...  2.15k    55.1s  23.0%  25.6ms   8.91GiB  12.3%  4.23MiB
     block multipli...  10.3k    29.1s  12.2%  2.82ms   16.1GiB  22.2%  1.60MiB
     rayleigh_ritz      1.90k    25.4s  10.6%  13.4ms    508MiB  0.68%   273KiB
     ortho              7.89k    20.3s  8.50%  2.58ms   10.6GiB  14.6%  1.37MiB
   energy_hamiltonian      57    15.6s  6.52%   274ms   4.89GiB  6.73%  87.8MiB
   compute_density         28    4.20s  1.76%   150ms   5.14GiB  7.07%   188MiB
   QR orthonormaliz...    252    724ms  0.30%  2.87ms    134MiB  0.18%   544KiB
   mixing Simple           28    110ms  0.05%  3.92ms   91.9MiB  0.12%  3.28MiB
 PlaneWaveBasis             1    9.18s  3.84%   9.18s    825MiB  1.11%   825MiB
   Instantiation Ewald      1    3.66s  1.53%   3.66s    296MiB  0.40%   296MiB
   Instantiation At...      1    1.53s  0.64%   1.53s    211MiB  0.28%   211MiB
   Instantiation Ps...      1    1.06s  0.44%   1.06s   85.9MiB  0.12%  85.9MiB
   Instantiation Ha...      1    426ms  0.18%   426ms   55.9MiB  0.08%  55.9MiB
   Instantiation At...      1    321ms  0.13%   321ms   30.0MiB  0.04%  30.0MiB
   Instantiation Ki...      1    129ms  0.05%   129ms   11.2MiB  0.02%  11.2MiB
   build_kpoints            1   9.12ms  0.00%  9.12ms   7.87MiB  0.01%  7.87MiB
   Instantiation Xc         1   5.75ms  0.00%  5.75ms    196KiB  0.00%   196KiB
   Instantiation En...      1   4.23ms  0.00%  4.23ms   71.8KiB  0.00%  71.8KiB
 spglib_get_symmetry        1    2.20s  0.92%   2.20s    235MiB  0.32%   235MiB
 guess_density              1    192ms  0.08%   192ms   17.8MiB  0.02%  17.8MiB
 ──────────────────────────────────────────────────────────────────────────────
