#
#-- Firstrun SiO2HVac n_repeat=20 -- mixing=HybridMixing(0.5, 14, 1.0, var"#326#334"{Int64,var"#periodise#333"}(30, var"#periodise#333"(), Core.Box(0.978564065186412), Core.Box(1.5214359348301278)), true, false)
#

hostname       = clustern11

started on     = 2020-07-25T14:17:24.939
julia threads  = 4
BLAS threads   = 4

temperature    = 0.0
smearing       = DFTK.Smearing.None()
diag(lattice)  = [16.32, 10.35, 97.85]
Ecut           = 20
fft_size       = (54, 36, 300)
kgrid          = [3, 5, 1]
irreducible k  = 15
n_bands        = 260
n_electr       = 488
mixing         = HybridMixing(0.5, 14, 1.0, var"#326#334"{Int64,var"#periodise#333"}(30, var"#periodise#333"(), Core.Box(0.978564065186412), Core.Box(1.5214359348301278)), true, false)
n     Energy            Eₙ-Eₙ₋₁     ρout-ρin   Diag
---   ---------------   ---------   --------   ----
  1   -1046.170793944         NaN   2.84e+00    36.5 
  2   -1047.869184864   -1.70e+00   1.37e+00    31.1 
  3   -1047.927006871   -5.78e-02   3.17e-01    35.7 
  4   -1047.937960359   -1.10e-02   4.91e-02    24.7 
  5   -1047.939296970   -1.34e-03   1.74e-02    26.0 
  6   -1047.939923432   -6.26e-04   8.49e-03    18.1 
  7   -1047.940369289   -4.46e-04   4.11e-03    22.2 
  8   -1047.940556889   -1.88e-04   2.16e-03    24.3 
  9   -1047.940633251   -7.64e-05   1.26e-03    22.9 
 10   -1047.940658013   -2.48e-05   8.82e-04    22.3 
 11   -1047.940678989   -2.10e-05   3.82e-04    27.4 
 12   -1047.940682429   -3.44e-06   2.07e-04    26.3 
 13   -1047.940683441   -1.01e-06   1.21e-04    27.3 
 14   -1047.940683831   -3.89e-07   8.46e-05    27.5 
 15   -1047.940684165   -3.34e-07   5.76e-05    29.2 
 16   -1047.940684435   -2.70e-07   3.76e-05    29.9 
 17   -1047.940684565   -1.30e-07   2.83e-05    28.3 
 18   -1047.940684665   -1.00e-07   1.96e-05    31.4 
 19   -1047.940684713   -4.80e-08   1.34e-05    31.1 
 20   -1047.940684736   -2.30e-08   7.70e-06    30.8 
 21   -1047.940684742   -5.61e-09   4.86e-06    31.1 
 22   -1047.940684744   -2.44e-09   2.76e-06    31.5 
 23   -1047.940684745   -5.88e-10   1.48e-06    31.4 
 24   -1047.940684745   -1.50e-10   8.95e-07    26.3 
 25   -1047.940684745    2.96e-11   5.62e-07    29.2 
 26   -1047.940684745   -1.43e-10   3.01e-07    28.2 
 27   -1047.940684745   -1.30e-11   1.47e-07    28.3 
 28   -1047.940684745    2.77e-11   6.56e-08    28.3 
 29   -1047.940684745   -4.57e-11   3.94e-08    26.7 
 30   -1047.940684745    4.39e-11   2.21e-08    25.3 
 31   -1047.940684745   -1.25e-11   1.25e-08    24.3 
 32   -1047.940684745   -4.39e-11   4.74e-09    32.4 
 33   -1047.940684745    3.21e-11   2.51e-09    32.3 
 34   -1047.940684745   -3.87e-12   1.53e-09    28.1 
Energy breakdown:
    Kinetic             686.6029210
    AtomicLocal         -38953.3039612
    AtomicNonlocal      111.3917319
    Ewald               18197.4845146
    PspCorrection       -2.9024030
    Hartree             19161.5475802
    Xc                  -248.7610682

    total               -1047.940684744916

 ──────────────────────────────────────────────────────────────────────────────
                                       Time                   Allocations      
                               ──────────────────────   ───────────────────────
       Tot / % measured:           415503s / 100%          387158GiB / 100%    

 Section               ncalls     time   %tot     avg     alloc   %tot      avg
 ──────────────────────────────────────────────────────────────────────────────
 self_consistent_field      1   415463s   100%  415463s   387148GiB100%   387148GiB
   mixing Hybrid           34   337274s  81.2%   9920s   372702GiB96.3%  10962GiB
   LOBPCG                 510   74225s  17.9%    146s   12902GiB 3.33%  25.3GiB
     block multipli...  84.0k   25147s  6.05%   299ms   3691GiB  0.95%  45.0MiB
     Hamiltonian mu...  14.9k   13369s  3.22%   900ms   1789GiB  0.46%   123MiB
     rayleigh_ritz      14.3k   10640s  2.56%   742ms   67.3GiB  0.02%  4.80MiB
     ortho              62.4k    8163s  1.96%   131ms   2352GiB  0.61%  38.6MiB
   energy_hamiltonian      69    2609s  0.63%   37.8s    335GiB  0.09%  4.86GiB
   compute_density         34     860s  0.21%   25.3s   1181GiB  0.31%  34.7GiB
   QR orthonormaliz...    510    79.5s  0.02%   156ms   20.6GiB  0.01%  41.3MiB
 PlaneWaveBasis             1    21.5s  0.01%   21.5s   8.39GiB  0.00%  8.39GiB
   Instantiation Ewald      1    7.99s  0.00%   7.99s   2.45GiB  0.00%  2.45GiB
   Instantiation At...      1    7.78s  0.00%   7.78s   5.41GiB  0.00%  5.41GiB
   Instantiation At...      1    2.16s  0.00%   2.16s   76.3MiB  0.00%  76.3MiB
   Instantiation Ps...      1    1.04s  0.00%   1.04s   97.7MiB  0.00%  97.7MiB
   Instantiation Ha...      1    352ms  0.00%   352ms   68.9MiB  0.00%  68.9MiB
   build_kpoints            1    169ms  0.00%   169ms    119MiB  0.00%   119MiB
   Instantiation Ki...      1    108ms  0.00%   108ms   18.3MiB  0.00%  18.3MiB
   Instantiation Xc         1   5.15ms  0.00%  5.15ms    196KiB  0.00%   196KiB
 spglib_get_symmetry        1    1.84s  0.00%   1.84s    234MiB  0.00%   234MiB
 guess_density              1    1.74s  0.00%   1.74s   90.3MiB  0.00%  90.3MiB
 ──────────────────────────────────────────────────────────────────────────────
