#
#-- optimal_damping SiO2HVac n_repeat=20 -- mixing=HybridMixing(1.0, 1, 1.0, identity, true, false)
#

Starting Arnoldi (now = 2020-08-02T04:33:59.359 ...

#--- 1 ---#
idcs      evals   residnorms   |P(X)|
  1    0.999326   0.0166348  4.09803e-16

#--- 2 ---#
idcs      evals   residnorms   |P(X)|
  1    0.999154   0.0113051  4.10721e-16
  2     2.42344    0.967851  3.90421e-16

#--- 3 ---#
idcs      evals   residnorms   |P(X)|
  1    0.999074  0.00910299  4.11342e-16
  2     1.55551    0.541661  3.96234e-16
  3     3.08697    0.488939  3.87754e-16

#--- 4 ---#
idcs      evals   residnorms   |P(X)|
  1    0.998964   0.0099918  4.1122e-16
  2     1.22953    0.348631  3.99663e-16
  3     2.25592    0.499277  3.98853e-16
  4     3.12808    0.246411  3.94561e-16

#--- 5 ---#
idcs      evals   residnorms   |P(X)|
  1    0.998795   0.0115805  4.111e-16
  2     1.10455    0.220319  3.9922e-16
  3     1.79408     0.39661  3.92557e-16
  4     2.67217    0.378008  3.93926e-16
  5     3.11937    0.163583  3.958e-16

#--- 6 ---#
idcs      evals   residnorms   |P(X)|
  1    0.998225   0.0265563  4.10005e-16
  2      1.0257    0.143884  4.01288e-16
  3     1.47042    0.274933  3.94574e-16
  4     2.09264    0.259026  3.88641e-16
  5     2.83216     0.17653  3.87482e-16
  6      3.1348   0.0728262  4.00255e-16

#--- 7 ---#
idcs      evals   residnorms   |P(X)|
  1     0.99546   0.0602358  4.04749e-16
  2     1.00476   0.0772325  4.0496e-16
  3      1.3988    0.231726  3.94885e-16
  4     1.86257    0.345494  3.98094e-16
  5     2.39893    0.360091  3.91724e-16
  6     2.87217    0.181484  3.8775e-16
  7     3.16147   0.0534803  3.95663e-16

#--- 8 ---#
idcs      evals   residnorms   |P(X)|
  1    0.988427   0.0660542  4.02241e-16
  2     1.00078   0.0304247  4.10134e-16
  3     1.31239    0.239595  3.99776e-16
  4     1.63337    0.355225  3.95972e-16
  5     2.06959    0.262107  3.82374e-16
  6     2.65237    0.233695  3.89314e-16
  7     2.94077    0.181678  3.91175e-16
  8     3.18459   0.0446758  3.95561e-16

#--- 9 ---#
idcs      evals   residnorms   |P(X)|
  1    0.983902   0.0484865  4.02575e-16
  2     1.00017   0.0163922  4.10501e-16
  3     1.20979    0.181072  3.98548e-16
  4     1.49438    0.188144  3.95562e-16
  5     1.96851    0.234061  3.94887e-16
  6     2.31931     0.32495  3.86729e-16
  7     2.71793    0.178568  3.90612e-16
  8     2.99935    0.128547  3.96864e-16
  9     3.18794   0.0308972  3.97021e-16

#--- 10 ---#
idcs      evals   residnorms   |P(X)|
  1    0.981174   0.0421614  4.01983e-16
  2    0.999947   0.0126515  4.11001e-16
  3     1.16444    0.170622  3.98995e-16
  4     1.44552    0.214556  3.93819e-16
  5     1.75228    0.368108  3.97964e-16
  6     2.11926    0.296864  3.87642e-16
  7     2.49318    0.356443  3.82268e-16
  8     2.75597    0.218778  3.94671e-16
  9     3.01368    0.114765  4.01017e-16
 10     3.18414   0.0221465  3.95046e-16

#--- 11 ---#
idcs      evals   residnorms   |P(X)|
  1    0.977402   0.0309024  4.00978e-16
  2     0.99965  0.00822916  4.12003e-16
  3     1.12116    0.132765  3.97305e-16
  4     1.34806    0.183978  3.9922e-16
  5     1.56656    0.187215  3.96522e-16
  6     1.96861    0.143632  3.9188e-16
  7     2.33256    0.212162  3.91849e-16
  8     2.65304    0.196365  3.90306e-16
  9     2.87729     0.23504  3.89057e-16
 10     3.03861    0.132255  4.02796e-16
 11     3.18195   0.0185257  3.93882e-16

#--- 12 ---#
idcs      evals   residnorms   |P(X)|
  1    0.975434   0.0398663  3.99637e-16
  2    0.999543   0.0110916  4.1124e-16
  3     1.08172     0.17538  3.99163e-16
  4     1.24913    0.218503  4.00854e-16
  5     1.48117    0.190598  3.94243e-16
  7     2.05281    0.157093  3.8656e-16
  8     2.39351    0.158428  3.88137e-16
  9     2.67391    0.100248  3.99659e-16
 10     2.92148    0.102994  3.86655e-16
 11      3.0751   0.0781454  4.02843e-16
 12     3.18185   0.0115139  3.9366e-16

#--- 13 ---#
idcs      evals   residnorms   |P(X)|
  1     0.97416   0.0408442  3.9782e-16
  2    0.999537   0.0135904  4.10638e-16
  3      1.0444    0.139463  4.00265e-16
  4     1.19765    0.143265  3.98886e-16
  5     1.42948    0.134932  3.96244e-16
  8     2.31963    0.226326  3.93907e-16
  9     2.58687    0.368286  3.84887e-16
 10     2.71246    0.278525  3.97869e-16
 11      2.9497     0.13301  3.85181e-16
 12     3.09556     0.10025  4.02553e-16
 13     3.18427   0.0140245  3.94854e-16

#--- 14 ---#
idcs      evals   residnorms   |P(X)|
  1    0.971816   0.0379579  3.99963e-16
  2    0.999401   0.0161226  4.10601e-16
  3     1.02361    0.100644  4.00705e-16
  4     1.17163    0.111574  3.98805e-16
  5     1.38567    0.150734  4.02204e-16
  9     2.36874    0.103576  3.92769e-16
 10     2.66168   0.0841583  3.89396e-16
 11     2.86904    0.155328  3.91196e-16
 12     3.01134    0.142695  3.94533e-16
 13     3.11791    0.111465  3.92585e-16
 14     3.18872    0.016732  3.954e-16

#--- 15 ---#
idcs      evals   residnorms   |P(X)|
  1    0.968608    0.038067  3.98015e-16
  2    0.998871   0.0254836  4.09703e-16
  3     1.00978    0.075733  4.03627e-16
  4     1.15395    0.106897  3.98522e-16
  5     1.32484    0.181285  3.99088e-16
 10     2.40197    0.173168  3.94093e-16
 11     2.66509   0.0691834  3.9086e-16
 12     2.88807   0.0881927  3.91353e-16
 13     3.02565   0.0801421  3.99507e-16
 14      3.1342   0.0736978  3.9166e-16
 15     3.18694   0.0118035  3.9357e-16

#--- 16 ---#
idcs      evals   residnorms   |P(X)|
  1    0.966451   0.0390362  3.98206e-16
  2    0.997408   0.0460497  4.05436e-16
  3     1.00311     0.05729  4.04988e-16
  4      1.1375    0.124528  4.0071e-16
  5      1.2564    0.179149  4.02187e-16
 11      2.6023    0.351568  3.95775e-16
 12     2.66691    0.233713  4.02499e-16
 13     2.90003   0.0955414  3.9117e-16
 14     3.03787   0.0741888  4.05101e-16
 15     3.14257    0.071227  3.96002e-16
 16     3.18418   0.0111784  3.97012e-16

#--- 17 ---#
idcs      evals   residnorms   |P(X)|
  1    0.964158   0.0368844  3.95919e-16
  2    0.992438   0.0494978  4.03623e-16
  3     1.00052   0.0235198  4.09819e-16
  4     1.11463    0.122666  3.98177e-16
  5     1.20763    0.132915  4.01174e-16
 12     2.66157   0.0867413  3.92475e-16
 13     2.81098    0.227879  3.92698e-16
 14     2.93469    0.145189  3.89223e-16
 15     3.04893   0.0834268  4.11634e-16
 16     3.15487     0.06657  3.96133e-16
 17     3.18323    0.013245  3.9644e-16

#--- 18 ---#
idcs      evals   residnorms   |P(X)|
  1    0.962077   0.0406906  3.97818e-16
  2    0.988641   0.0511127  4.03418e-16
  3     1.00013   0.0171743  4.10404e-16
  4     1.08734    0.132805  4.0043e-16
  5     1.18062    0.118552  3.99641e-16
 13     2.66381   0.0605056  3.92412e-16
 14     2.85995    0.119533  3.96924e-16
 15     2.96497    0.133918  3.86798e-16
 16     3.05379   0.0737822  4.08002e-16
 17     3.15699   0.0469707  3.95022e-16
 18     3.18459  0.00919603  3.98955e-16

#--- 19 ---#
idcs      evals   residnorms   |P(X)|
  1    0.960473   0.0314912  3.96473e-16
  2     0.98613   0.0382559  4.02561e-16
  3    0.999942   0.0113334  4.11547e-16
  4     1.06504   0.0935108  3.9905e-16
  5     1.16607   0.0779937  3.98788e-16
 14     2.70255    0.268399  3.99412e-16
 15     2.88397    0.131098  3.9882e-16
 16     3.00216    0.150287  3.98129e-16
 17     3.07955    0.130819  3.9951e-16
 18     3.16055   0.0693048  3.99221e-16
 19     3.18603   0.0140591  4.02646e-16

#--- 20 ---#
idcs      evals   residnorms   |P(X)|
  1    0.958802   0.0290664  3.95305e-16
  2    0.983063   0.0340939  4.04124e-16
  3    0.999751  0.00937218  4.1169e-16
  4     1.04531   0.0759933  3.99365e-16
  5     1.15976   0.0765819  3.97784e-16
 15      2.7968    0.130514  3.9502e-16
 16     2.91245   0.0785226  3.91034e-16
 17      3.0278   0.0671079  4.00384e-16
 18     3.10935   0.0898567  3.9833e-16
 19     3.17189   0.0474902  4.02107e-16
 20     3.18874   0.0195659  3.9438e-16

#--- 21 ---#
idcs      evals   residnorms   |P(X)|
  1    0.957858   0.0308923  3.96411e-16
  2    0.981817   0.0361321  4.02294e-16
  3    0.999709  0.00995756  4.10681e-16
  4       1.043   0.0946637  3.97927e-16
  5     1.14036    0.125847  3.99318e-16
 16     2.82232    0.101885  3.9421e-16
 17     2.92228   0.0689221  3.92407e-16
 18     3.03673   0.0489609  4.04635e-16
 19     3.11611   0.0642066  3.94332e-16
 20     3.17875   0.0382601  4.02621e-16
 21     3.18849    0.026708  3.96925e-16

#--- 22 ---#
idcs      evals   residnorms   |P(X)|
  1     0.95651   0.0284176  3.94244e-16
  2    0.980172   0.0347159  4.02311e-16
  3    0.999637   0.0108972  4.10758e-16
  4     1.02881   0.0863406  3.97104e-16
  5     1.11417    0.123788  3.99027e-16
 17     2.86693    0.143924  3.90205e-16
 18     2.94096    0.129194  3.93722e-16
 19     3.04307   0.0565064  4.01431e-16
 20     3.13212   0.0660497  3.91235e-16
 21     3.18571   0.0552678         NaN
 22     3.18571   0.0552678         NaN
Warn: Suppressed imaginary part.

#--- 23 ---#
idcs      evals   residnorms   |P(X)|
  1    0.955422   0.0262669  3.99096e-16
  2    0.978549   0.0336577  4.01547e-16
  3    0.999537   0.0132805  4.10836e-16
  4     1.01709   0.0719333  4.0019e-16
  5     1.09919   0.0985918  4.01576e-16
 18     2.89079    0.114286  3.93784e-16
 19     2.97171    0.144227  3.95899e-16
 20      3.0495   0.0616412  4.06038e-16
 21     3.14357   0.0599169  3.90586e-16
 22     3.18342   0.0384335  4.0566e-16
 23      3.1907   0.0529726  4.02257e-16

#--- 24 ---#
idcs      evals   residnorms   |P(X)|
  1    0.954231   0.0273728  3.93801e-16
  2    0.976801   0.0373544  4.03004e-16
  3    0.999328    0.023415  4.09623e-16
  4     1.00797   0.0692318  4.02052e-16
  5     1.08184   0.0920759  4.00445e-16
 19     2.90589   0.0923294  3.90374e-16
 20     2.99818    0.123314  4.01647e-16
 21     3.05937   0.0766256  3.99947e-16
 22     3.13846   0.0477803  3.90567e-16
 23     3.18499   0.0171816  4.01796e-16
 24     3.19478   0.0405722  4.03127e-16

#--- 25 ---#
idcs      evals   residnorms   |P(X)|
  1    0.953269    0.027397  3.91747e-16
  2    0.974413   0.0393526  3.99415e-16
  3    0.997762   0.0487547  4.03832e-16
  4     1.00164   0.0496221  4.0441e-16
  5     1.06923   0.0812161  3.99782e-16
 20     2.92101     0.08183  3.95292e-16
 21     3.02698   0.0845808  4.03969e-16
 22     3.07729    0.110835  3.97238e-16
 23     3.13645   0.0504048  3.94992e-16
 24     3.18485   0.0125712  4.01468e-16
 25      3.1965   0.0328735  3.99548e-16

#--- 26 ---#
idcs      evals   residnorms   |P(X)|
  1    0.952145   0.0242095  3.92706e-16
  2    0.972207   0.0351006  3.97763e-16
  3    0.993527   0.0422867  4.03929e-16
  4     1.00025   0.0182762  4.09692e-16
  5     1.06332   0.0652149  3.98223e-16
 21     2.93145   0.0712868  3.95247e-16
 22     3.03447    0.044804  4.11413e-16
 23     3.09691   0.0818538  3.99994e-16
 24      3.1466   0.0452947  3.98146e-16
 25     3.18455   0.0100714  3.94642e-16
 26     3.19909   0.0281142  4.0306e-16

#--- 27 ---#
idcs      evals   residnorms   |P(X)|
  1    0.951265   0.0244694  3.89965e-16
  2        0.97   0.0355317  3.97682e-16
  3    0.990078   0.0382717  4.03401e-16
  4     1.00002   0.0116692  4.11232e-16
  5       1.051   0.0612438  4.03124e-16
 22     2.94503   0.0761693  3.96458e-16
 23      3.0359    0.034213  4.04916e-16
 24      3.1026   0.0542054  3.94283e-16
 25     3.15362   0.0325968  3.99586e-16
 26     3.18483  0.00722969  4.00293e-16
 27     3.20144   0.0214931  4.08188e-16

#--- 28 ---#
idcs      evals   residnorms   |P(X)|
  1    0.950174   0.0219346  3.88165e-16
  2    0.968397   0.0317518  3.99669e-16
  3    0.987707   0.0328586  4.05387e-16
  4    0.999875  0.00891778  4.11521e-16
  5     1.04086   0.0578694  3.99666e-16
 23     2.95847   0.0700086  3.97053e-16
 24        3.04   0.0244871  4.08272e-16
 25     3.10731   0.0335593  3.95751e-16
 26     3.15734   0.0207778  3.94407e-16
 27     3.18464  0.00434117  3.95775e-16
 28     3.20345   0.0130732  4.0332e-16

#--- 29 ---#
idcs      evals   residnorms   |P(X)|
  1    0.949965   0.0219118  3.89269e-16
  2    0.967233   0.0323068  3.98085e-16
  3    0.986694    0.033669  4.03629e-16
  4    0.999831  0.00936621  4.10817e-16
  5      1.0344   0.0678128  3.98936e-16
 24     2.96373   0.0616585  3.98163e-16
 25     3.04087   0.0186364  4.05374e-16
 26     3.11066   0.0237438  3.91234e-16
 27     3.15638   0.0141568  3.99964e-16
 28     3.18474  0.00264584  3.95912e-16
 29     3.20377  0.00800066  3.98091e-16

 ──────────────────────────────────────────────────────────────────────────────
                                       Time                   Allocations      
                               ──────────────────────   ───────────────────────
       Tot / % measured:           470716s / 100%          662140GiB / 100%    

 Section               ncalls     time   %tot     avg     alloc   %tot      avg
 ──────────────────────────────────────────────────────────────────────────────
 apply_χ0                  29   470582s   100%  16227s   662084GiB100%   22830GiB
   Hamiltonian mult...   630k   23621s  5.02%  37.5ms   4659GiB  0.70%  7.57MiB
 PlaneWaveBasis             1    18.0s  0.00%   18.0s   7.69GiB  0.00%  7.69GiB
   Instantiation At...      1    10.8s  0.00%   10.8s   5.28GiB  0.00%  5.28GiB
   Instantiation Ewald      1    4.46s  0.00%   4.46s   2.19GiB  0.00%  2.19GiB
   Instantiation At...      1    1.79s  0.00%   1.79s   49.0MiB  0.00%  49.0MiB
   build_kpoints            1    572ms  0.00%   572ms    119MiB  0.00%   119MiB
   Instantiation Ha...      1   7.03ms  0.00%  7.03ms   13.4MiB  0.00%  13.4MiB
   Instantiation Ki...      1   6.73ms  0.00%  6.73ms   8.09MiB  0.00%  8.09MiB
   Instantiation Ps...      1    109μs  0.00%   109μs   2.38KiB  0.00%  2.38KiB
   Instantiation Xc         1   1.99μs  0.00%  1.99μs     32.0B  0.00%    32.0B
 mixing Hybrid             29    4.20s  0.00%   145ms   5.29GiB  0.00%   187MiB
 spglib_get_symmetry        1   5.29ms  0.00%  5.29ms    250KiB  0.00%   250KiB
 ──────────────────────────────────────────────────────────────────────────────
