#
#-- optimal_damping SiO2HVac n_repeat=20 -- mixing=SimpleMixing(1.0)
#

Starting Arnoldi (now = 2020-08-02T14:52:33.577 ...

#--- 1 ---#
idcs      evals   residnorms   |P(X)|
  1    0.999345   0.0145616  4.08684e-16

#--- 2 ---#
idcs      evals   residnorms   |P(X)|
  1    0.999144   0.0102511  4.10278e-16
  2     2.25618    0.884767  3.93103e-16

#--- 3 ---#
idcs      evals   residnorms   |P(X)|
  1    0.999045  0.00840299  4.08984e-16
  2     1.48347    0.484493  3.96597e-16
  3     2.96724    0.468195  3.99464e-16

#--- 4 ---#
idcs      evals   residnorms   |P(X)|
  1    0.998917    0.010448  4.09736e-16
  2     1.18064    0.316192  3.98244e-16
  3     2.09781    0.445612  3.97387e-16
  4     3.04206    0.212376  3.96187e-16

#--- 5 ---#
idcs      evals   residnorms   |P(X)|
  1    0.998744   0.0135691  4.0832e-16
  2     1.08268    0.216926  4.0096e-16
  3     1.74576    0.406644  3.93949e-16
  4     2.54699    0.472121  3.93685e-16
  5     3.05656    0.173041  4.00927e-16

#--- 6 ---#
idcs      evals   residnorms   |P(X)|
  1    0.998064   0.0284948  4.0787e-16
  2     1.02129    0.132447  4.00399e-16
  3     1.47385     0.28416  3.93696e-16
  4     2.03063    0.262679  3.90603e-16
  5     2.82237    0.242741  3.97719e-16
  6     3.10029    0.115229  4.0114e-16

#--- 7 ---#
idcs      evals   residnorms   |P(X)|
  1    0.994608    0.063577  4.01953e-16
  2     1.00363   0.0668388  4.04871e-16
  3     1.38103    0.235028  3.98034e-16
  4     1.84604    0.334544  3.93003e-16
  5     2.33064     0.39252  3.9602e-16
  6     2.87672      0.1935  3.92092e-16
  7     3.13509   0.0873361  4.01604e-16

#--- 8 ---#
idcs      evals   residnorms   |P(X)|
  1    0.987198   0.0610713  3.99371e-16
  2     1.00058   0.0249382  4.10076e-16
  3     1.30188    0.225591  3.96651e-16
  4     1.63377    0.334525  3.95193e-16
  5      2.0452    0.251992  3.96617e-16
  6     2.64756    0.320628  3.92208e-16
  7     2.94661    0.199149  3.93806e-16
  8     3.15534   0.0867461  4.00412e-16

#--- 9 ---#
idcs      evals   residnorms   |P(X)|
  1    0.982809   0.0464661  4.01356e-16
  2     1.00008   0.0144206  4.10049e-16
  3     1.21246    0.186214  4.00031e-16
  4     1.49689    0.216033  3.9352e-16
  5     1.92116    0.241094  3.95261e-16
  6     2.26932    0.302616  3.95291e-16
  7       2.759      0.1975  3.88692e-16
  8     3.03037    0.155636  3.9702e-16
  9     3.16632   0.0866402  4.00149e-16

#--- 10 ---#
idcs      evals   residnorms   |P(X)|
  1    0.979966   0.0401276  3.99468e-16
  2    0.999866    0.011146  4.09175e-16
  3     1.16023    0.171014  3.98125e-16
  4      1.4284    0.208153  3.97476e-16
  5     1.75808    0.320773  3.93568e-16
  6     2.09352    0.301175  3.95747e-16
  7     2.44669    0.384649  3.93061e-16
  8     2.79554    0.177399  3.92446e-16
  9     3.05702    0.112135  3.98063e-16
 10      3.1783    0.070163  3.9137e-16

#--- 11 ---#
idcs      evals   residnorms   |P(X)|
  1    0.977423   0.0304495  3.98556e-16
  2    0.999668  0.00797869  4.1028e-16
  3     1.12328    0.141014  3.98124e-16
  4     1.33971    0.179636  3.93636e-16
  5     1.59951    0.213213  3.95539e-16
  6     1.94348    0.172539  3.89214e-16
  7     2.29474    0.232814  3.97766e-16
  8     2.66764    0.284302  3.98953e-16
  9     2.88196     0.23605  3.90668e-16
 10     3.07229    0.118208  4.00281e-16
 11     3.18335   0.0656452  3.93817e-16

#--- 12 ---#
idcs      evals   residnorms   |P(X)|
  1    0.975355   0.0375741  3.99363e-16
  2     0.99956   0.0103487  4.09598e-16
  3     1.07915    0.170346  3.99004e-16
  4     1.24842     0.20497  3.98096e-16
  5     1.48105    0.197182  3.93381e-16
  7     2.04094    0.160896  3.94306e-16
  8     2.37762    0.171729  3.92934e-16
  9     2.70747    0.125088  3.97082e-16
 10     2.93407    0.113901  3.92705e-16
 11     3.10093   0.0666634  4.01761e-16
 12     3.18693   0.0418072  3.93223e-16

#--- 13 ---#
idcs      evals   residnorms   |P(X)|
  1    0.973866   0.0393202  3.96807e-16
  2    0.999496   0.0129277  4.09916e-16
  3     1.04228    0.135506  3.98263e-16
  4     1.20318    0.143753  4.00931e-16
  5     1.41961    0.138547  3.91722e-16
  8      2.2722    0.259911  3.95847e-16
  9     2.53199     0.38442  3.9154e-16
 10     2.74133    0.188355  3.90105e-16
 11     2.95996    0.122017  3.90926e-16
 12     3.11148   0.0634716  4.02682e-16
 13     3.19266   0.0395298  3.94782e-16

#--- 14 ---#
idcs      evals   residnorms   |P(X)|
  1    0.970799    0.039454  3.97124e-16
  2     0.99928   0.0176365  4.09408e-16
  3     1.01958   0.0994072  3.98201e-16
  4     1.16969    0.115395  4.0106e-16
  5     1.36998    0.151926  3.92036e-16
  9     2.34721    0.104518  3.97529e-16
 10     2.67389    0.125299  3.94194e-16
 11     2.85285    0.158675  3.96122e-16
 12     3.00914    0.132871  3.89921e-16
 13     3.11317   0.0618295  4.03173e-16
 14      3.1963     0.02964  3.95154e-16

#--- 15 ---#
idcs      evals   residnorms   |P(X)|
  1    0.968412   0.0391079  3.9262e-16
  2    0.998732   0.0293427  4.07325e-16
  3     1.00776   0.0744353  3.99787e-16
  4     1.15766    0.109045  3.99624e-16
  5     1.32541    0.173967  3.96212e-16
 10     2.37849    0.226259  3.90629e-16
 11     2.69729    0.108646  3.97443e-16
 12     2.88637    0.129529  3.92614e-16
 13     3.02561    0.114337  3.90395e-16
 14     3.11895   0.0529497  3.9739e-16
 15     3.19695   0.0228535  3.91654e-16

#--- 16 ---#
idcs      evals   residnorms   |P(X)|
  1    0.965695   0.0399282  3.94066e-16
  2    0.996612   0.0510682  4.02517e-16
  3     1.00212   0.0497742  4.04278e-16
  4     1.13707    0.135931  3.97312e-16
  5      1.2475    0.186158  3.98694e-16
 11     2.59766    0.214526  4.0029e-16
 12     2.75977    0.162264  3.92079e-16
 13     2.92045    0.133568  4.0046e-16
 14     3.05548    0.114107  3.90531e-16
 15     3.12622   0.0626188  3.99496e-16
 16     3.19769   0.0216094  3.93297e-16

#--- 17 ---#
idcs      evals   residnorms   |P(X)|
  1    0.963192   0.0403327  3.9217e-16
  2    0.991697    0.052085  4.00473e-16
  3     1.00044   0.0222461  4.09175e-16
  4     1.11329    0.136702  3.98407e-16
  5      1.2056    0.140899  3.97474e-16
 12     2.65313     0.13572  3.99316e-16
 13     2.80806    0.161436  3.92425e-16
 14     2.94791    0.124705  3.98545e-16
 15     3.07363   0.0973238  3.93606e-16
 16     3.13631   0.0677218  3.9874e-16
 17       3.198   0.0207894  3.98011e-16

#--- 18 ---#
idcs      evals   residnorms   |P(X)|
  1    0.961078   0.0376521  3.93346e-16
  2    0.987337   0.0437033  4.00985e-16
  3     1.00002   0.0128505  4.09079e-16
  4     1.09262    0.125266  3.98809e-16
  5     1.18216    0.119221  4.02268e-16
 13     2.71377    0.134018  3.95476e-16
 14     2.85802    0.163981  3.96462e-16
 15     2.97983    0.132652  3.9282e-16
 16     3.09011   0.0838793  4.0474e-16
 17      3.1521   0.0842635  3.9881e-16
 18     3.19778   0.0252686  3.98205e-16

#--- 19 ---#
idcs      evals   residnorms   |P(X)|
  1    0.959441   0.0348792  3.90593e-16
  2    0.984185    0.039163  4.00715e-16
  3    0.999844   0.0102137  4.0936e-16
  4     1.06083    0.096612  3.994e-16
  5     1.16817   0.0839242  3.98856e-16
 14     2.74862    0.119235  3.97638e-16
 15     2.88684    0.111853  3.9743e-16
 16     3.00587   0.0948548  3.90389e-16
 17     3.10778   0.0633997  4.00994e-16
 18      3.1588   0.0815998  3.8986e-16
 19     3.19896   0.0224764  3.99521e-16

#--- 20 ---#
idcs      evals   residnorms   |P(X)|
  1     0.95779   0.0287634  3.91083e-16
  2    0.982269   0.0313828  3.99488e-16
  3    0.999745  0.00808431  4.08895e-16
  4     1.04824   0.0779343  3.99076e-16
  5     1.15944   0.0811848  4.03978e-16
 15     2.76699    0.130222  3.95887e-16
 16     2.91091   0.0894228  3.96995e-16
 17     3.02246   0.0789591  3.96164e-16
 18     3.11081   0.0480655  4.0694e-16
 19     3.16334   0.0580343  3.946e-16
 20     3.20063   0.0170399  4.01459e-16

#--- 21 ---#
idcs      evals   residnorms   |P(X)|
  1    0.956994   0.0305872  3.89471e-16
  2    0.980708   0.0340718  3.99066e-16
  3    0.999679   0.0090878  4.09834e-16
  4     1.03879   0.0867958  3.96915e-16
  5     1.14292    0.112271  4.01259e-16
 16     2.79001    0.162872  3.92927e-16
 17     2.92658   0.0900055  3.9933e-16
 18       3.032   0.0726129  3.939e-16
 19     3.11129   0.0375779  4.03398e-16
 20     3.16944   0.0430217  3.95481e-16
 21     3.20152   0.0146044  3.97701e-16

#--- 22 ---#
idcs      evals   residnorms   |P(X)|
  1    0.955516   0.0293675  3.91206e-16
  2    0.978836   0.0338398  3.97923e-16
  3    0.999595   0.0104384  4.10368e-16
  4      1.0259   0.0834007  4.00622e-16
  5     1.11809    0.126823  3.96782e-16
 17     2.86941    0.155662  3.97861e-16
 18     2.95702    0.154684  4.0095e-16
 19     3.04392    0.100303  3.95081e-16
 20     3.11495   0.0415514  4.01059e-16
 21     3.17525   0.0429944  3.94863e-16
 22     3.20203    0.016329  4.00899e-16

#--- 23 ---#
idcs      evals   residnorms   |P(X)|
  1    0.954013   0.0316622  3.91097e-16
  2    0.977056   0.0396914  3.97973e-16
  3    0.999438   0.0189885  4.09981e-16
  4      1.0115   0.0800469  4.00974e-16
  5      1.0934    0.105992  3.9625e-16
 18     2.89442   0.0830715  3.93908e-16
 19     2.98708    0.105448  3.9551e-16
 20     3.06452   0.0921793  3.92419e-16
 21      3.1191   0.0410165  4.05481e-16
 22     3.17985   0.0358001  3.93275e-16
 23     3.20221   0.0148994  4.03642e-16

#--- 24 ---#
idcs      evals   residnorms   |P(X)|
  1    0.952638   0.0298709  3.90419e-16
  2    0.975028   0.0399687  3.94967e-16
  3    0.998756   0.0443483  4.04582e-16
  4     1.00256   0.0614936  4.01821e-16
  5     1.07613    0.078674  3.99528e-16
 19     2.90722   0.0832034  3.96978e-16
 20     3.00071   0.0838734  3.96949e-16
 21     3.08657   0.0922845  3.94456e-16
 22     3.12084   0.0567905  3.97016e-16
 23     3.18117   0.0345715  3.94942e-16
 24     3.20233    0.013982  3.93722e-16

#--- 25 ---#
idcs      evals   residnorms   |P(X)|
  1     0.95176   0.0302595  3.85189e-16
  2    0.971822   0.0417207  3.95395e-16
  3    0.993476   0.0487212  4.01724e-16
  4     1.00023   0.0198815  4.09343e-16
  5     1.06993   0.0703399  3.98384e-16
 20     2.92223   0.0787897  3.95016e-16
 21     3.01364   0.0623556  3.98146e-16
 22     3.09752   0.0716054  3.95773e-16
 23     3.12101   0.0521982  3.98985e-16
 24     3.18152   0.0233844  3.9337e-16
 25     3.20191  0.00881031  4.01551e-16

#--- 26 ---#
idcs      evals   residnorms   |P(X)|
  1    0.950636   0.0250673  3.90285e-16
  2     0.97025   0.0342177  3.93651e-16
  3    0.991221   0.0376266  4.0268e-16
  4     1.00006   0.0120137  4.0924e-16
  5     1.06108    0.059786  4.02324e-16
 21     2.93508   0.0871112  4.00148e-16
 22     3.02456   0.0566873  3.93627e-16
 23     3.10007   0.0528569  3.94734e-16
 24     3.12937   0.0458862  3.94782e-16
 25     3.18262   0.0202366  3.96294e-16
 26     3.20204  0.00741951  4.0092e-16

#--- 27 ---#
idcs      evals   residnorms   |P(X)|
  1    0.949473   0.0257327  3.83711e-16
  2    0.968154    0.034478  3.93135e-16
  3    0.988605   0.0348708  4.02561e-16
  4    0.999948  0.00933167  4.08797e-16
  5     1.05144   0.0653603  4.0124e-16
 22     2.95164   0.0833721  4.01467e-16
 23     3.02951    0.046657  3.94933e-16
 24     3.10397    0.031193  3.95913e-16
 25     3.13787    0.035615  3.94815e-16
 26     3.18393    0.015464  3.94006e-16
 27     3.20278  0.00570888  4.00544e-16

#--- 28 ---#
idcs      evals   residnorms   |P(X)|
  1    0.948375   0.0233906  3.88946e-16
  2    0.966995   0.0313223  3.9706e-16
  3    0.987004   0.0316297  4.02219e-16
  4    0.999849  0.00814977  4.10085e-16
  5      1.0428   0.0681633  3.99563e-16
 23     2.96828   0.0905879  4.07255e-16
 24     3.03465   0.0501533  3.99219e-16
 25     3.10581   0.0262095  3.96655e-16
 26     3.14058   0.0307423  3.9486e-16
 27      3.1845   0.0122664  3.93331e-16
 28     3.20306  0.00446104  3.99432e-16

#--- 29 ---#
idcs      evals   residnorms   |P(X)|
  1    0.947841   0.0213321  3.94021e-16
  2    0.965531   0.0288723  3.95721e-16
  3     0.98547   0.0290368  4.02641e-16
  4    0.999791  0.00769607  4.09976e-16
  5     1.03268   0.0670718  4.02365e-16
 24      2.9861   0.0985473  3.98931e-16
 25     3.03809   0.0588254  3.97599e-16
 26      3.1087   0.0249893  4.08324e-16
 27     3.13892   0.0269825  3.96769e-16
 28     3.18466  0.00883834  3.92268e-16
 29     3.20308  0.00313065  3.99226e-16

#--- 30 ---#
idcs      evals   residnorms   |P(X)|
  1    0.947344   0.0184905  3.84514e-16
  2     0.96465   0.0257002  3.91948e-16
  3    0.984459   0.0270963  4.02729e-16
  4    0.999739   0.0079771  4.09533e-16
  5     1.02378     0.06199  3.99373e-16
 25     3.00268   0.0976469  3.90787e-16
 26     3.04935   0.0799555  3.98749e-16
 27     3.10931    0.028932  4.04357e-16
 28     3.13806   0.0263403  3.92635e-16
 29     3.18437  0.00722888  3.98293e-16
 30     3.20294  0.00238971  3.96342e-16

 ──────────────────────────────────────────────────────────────────────────────
                                       Time                   Allocations      
                               ──────────────────────   ───────────────────────
       Tot / % measured:           473163s / 100%          684965GiB / 100%    

 Section               ncalls     time   %tot     avg     alloc   %tot      avg
 ──────────────────────────────────────────────────────────────────────────────
 apply_χ0                  30   473026s   100%  15768s   684912GiB100%   22830GiB
   Hamiltonian mult...   652k   27134s  5.74%  41.6ms   4819GiB  0.70%  7.57MiB
 PlaneWaveBasis             1    18.6s  0.00%   18.6s   7.69GiB  0.00%  7.69GiB
   Instantiation At...      1    11.5s  0.00%   11.5s   5.28GiB  0.00%  5.28GiB
   Instantiation Ewald      1    4.28s  0.00%   4.28s   2.19GiB  0.00%  2.19GiB
   Instantiation At...      1    1.87s  0.00%   1.87s   49.0MiB  0.00%  49.0MiB
   build_kpoints            1    823ms  0.00%   823ms    119MiB  0.00%   119MiB
   Instantiation Ki...      1   17.3ms  0.00%  17.3ms   8.09MiB  0.00%  8.09MiB
   Instantiation Ha...      1   7.30ms  0.00%  7.30ms   13.4MiB  0.00%  13.4MiB
   Instantiation Ps...      1    108μs  0.00%   108μs   2.38KiB  0.00%  2.38KiB
   Instantiation Xc         1   3.46μs  0.00%  3.46μs     32.0B  0.00%    32.0B
 spglib_get_symmetry        1   5.39ms  0.00%  5.39ms    250KiB  0.00%   250KiB
 mixing Simple             30    197μs  0.00%  6.55μs     0.00B  0.00%    0.00B
 ──────────────────────────────────────────────────────────────────────────────
