#
#-- optimal_damping SiO2HVac n_repeat=20 -- mixing=RestaMixing(1.0, 14, 1.0)
#

Starting Arnoldi (now = 2020-08-02T20:45:04.78 ...

#--- 1 ---#
idcs      evals   residnorms   |P(X)|
  1     0.98355   0.0284043  4.11212e-16

#--- 2 ---#
idcs      evals   residnorms   |P(X)|
  1    0.671072    0.392036  3.92237e-16
  2     0.98583    0.035604  4.11857e-16

#--- 3 ---#
idcs      evals   residnorms   |P(X)|
  1    0.484354    0.412132  3.93573e-16
  2    0.914788    0.431585  3.97108e-16
  3    0.990549    0.145247  4.10397e-16

#--- 4 ---#
idcs      evals   residnorms   |P(X)|
  1    0.287529    0.204695  3.88754e-16
  2    0.811378    0.232673  3.98902e-16
  3     0.98701   0.0360415  4.11272e-16
  4      1.6311    0.441067  3.93065e-16

#--- 5 ---#
idcs      evals   residnorms   |P(X)|
  1    0.214986    0.145497  3.85129e-16
  2    0.622818     0.26428  3.9316e-16
  3    0.917451    0.210288  4.01468e-16
  4    0.989584   0.0585176  4.10477e-16
  5     1.92977     0.16737  3.90852e-16

#--- 6 ---#
idcs      evals   residnorms   |P(X)|
  1    0.148819    0.105018  3.80364e-16
  2    0.483637      0.1944  3.88663e-16
  3    0.831207    0.208649  3.99543e-16
  4    0.986556    0.054387  4.10579e-16
  5      1.1161    0.286079  3.98832e-16
  6     1.94467   0.0651782  3.94384e-16

#--- 7 ---#
idcs      evals   residnorms   |P(X)|
  1    0.135674   0.0809099  3.75341e-16
  2    0.409874    0.180704  3.90703e-16
  3    0.732179     0.27198  3.9873e-16
  4    0.947748    0.258807  4.02238e-16
  5     0.99144    0.115749  4.09639e-16
  6     1.37485    0.372346  4.03033e-16
  7     1.95017   0.0432993  3.89815e-16

#--- 8 ---#
idcs      evals   residnorms   |P(X)|
  1    0.128593   0.0700654  3.68834e-16
  2    0.305551    0.150318  3.83615e-16
  3    0.597737    0.169854  3.88616e-16
  4    0.894218    0.152633  4.0284e-16
  5    0.988534   0.0513434  4.1198e-16
  6     1.13129    0.226224  3.98705e-16
  7      1.7669    0.335847  4.03199e-16
  8     1.95736   0.0670821  3.92531e-16

#--- 9 ---#
idcs      evals   residnorms   |P(X)|
  1    0.109058   0.0512754  3.70938e-16
  2    0.256927     0.11664  3.88255e-16
  3    0.462227     0.13715  3.88551e-16
  4    0.747794    0.150159  4.01868e-16
  5    0.935518    0.114175  4.04207e-16
  6    0.990051   0.0426806  4.10048e-16
  7     1.19975    0.109253  3.99773e-16
  8     1.88494   0.0848723  4.0027e-16
  9     1.96644   0.0408896  3.95538e-16

#--- 10 ---#
idcs      evals   residnorms   |P(X)|
  1    0.103396   0.0486104  3.73331e-16
  2    0.231028    0.113486  3.84157e-16
  3    0.428361    0.172454  3.87843e-16
  4    0.651577    0.247183  3.95246e-16
  5    0.879329    0.261857  4.01586e-16
  6    0.986732    0.153709  4.0895e-16
  7     1.02658    0.337334  4.0107e-16
  8     1.22831    0.181157  4.01047e-16
  9      1.8868   0.0446697  3.97481e-16
 10     1.96662   0.0203744  3.98149e-16

#--- 11 ---#
idcs      evals   residnorms   |P(X)|
  1   0.0990603   0.0298993  3.67254e-16
  2    0.202575   0.0650677  3.83334e-16
  3    0.388336    0.105636  3.89441e-16
  4    0.572804    0.142607  3.97254e-16
  5    0.800693    0.135288  3.99318e-16
  6      0.9525    0.100089  4.04155e-16
  7    0.991338   0.0473458  4.08154e-16
  8     1.20525    0.082007  4.04402e-16
  9     1.73585    0.387033  3.94598e-16
 10     1.89851   0.0998036  3.97455e-16
 11     1.96791   0.0373023  3.96224e-16

#--- 12 ---#
idcs      evals   residnorms   |P(X)|
  1   0.0941044   0.0237605  3.57199e-16
  2    0.190423   0.0638078  3.83835e-16
  3    0.321006    0.126192  3.82237e-16
  4    0.482075    0.134312  3.85137e-16
  5    0.663164    0.141633  3.98508e-16
  7    0.973285   0.0836737  4.04667e-16
  8    0.994305   0.0627524  4.06181e-16
  9     1.21031   0.0355125  4.00675e-16
 10      1.8554   0.0659109  4.03499e-16
 11     1.93058   0.0698703  3.95829e-16
 12     1.97174   0.0305616  3.94854e-16

#--- 13 ---#
idcs      evals   residnorms   |P(X)|
  1   0.0920637   0.0306537  3.55121e-16
  2     0.17751     0.10717  3.72915e-16
  3    0.261416    0.171158  3.79645e-16
  4    0.419188    0.137478  3.89709e-16
  5    0.603561    0.178688  3.93816e-16
  8    0.989553    0.113148  4.11156e-16
  9     1.03082    0.235932  4.05723e-16
 10     1.21131   0.0483707  4.01556e-16
 11     1.85953   0.0280491  3.98218e-16
 12     1.93422   0.0304613  3.93925e-16
 13     1.97276    0.014078  3.97692e-16

#--- 14 ---#
idcs      evals   residnorms   |P(X)|
  1   0.0883572   0.0210209  3.53218e-16
  2    0.159576   0.0640109  3.75647e-16
  3    0.246121   0.0875225  3.80867e-16
  4    0.397138   0.0895086  3.92859e-16
  5    0.559591    0.123707  3.94722e-16
  9    0.998578   0.0785955  4.03802e-16
 10     1.20916   0.0326891  4.00614e-16
 11      1.6479    0.468182  3.94538e-16
 12     1.86023   0.0543011  3.98557e-16
 13     1.93745   0.0465991  3.94401e-16
 14     1.97302   0.0209318  4.0049e-16

#--- 15 ---#
idcs      evals   residnorms   |P(X)|
  1   0.0863621   0.0166937  3.49834e-16
  2    0.146086   0.0499872  3.66283e-16
  3    0.226919   0.0608613  3.86462e-16
  4    0.370609   0.0967999  3.91229e-16
  5    0.490527    0.134784  3.88709e-16
 10     1.02256   0.0946248  4.03152e-16
 11     1.21044   0.0165877  4.02079e-16
 12     1.84577   0.0812895  4.00812e-16
 13     1.89034    0.107883  4.00556e-16
 14     1.94787   0.0606184  3.85969e-16
 15     1.97433   0.0267952  3.9466e-16

#--- 16 ---#
idcs      evals   residnorms   |P(X)|
  1   0.0851896   0.0177114  3.57339e-16
  2    0.138087    0.053139  3.6178e-16
  3    0.215446   0.0661627  3.79031e-16
  4    0.339205     0.13344  3.90897e-16
  5    0.449634    0.146833  3.83168e-16
 11     1.12967     0.35348  4.00823e-16
 12     1.21105   0.0568156  4.01633e-16
 13     1.85038   0.0329702  4.05781e-16
 14     1.90663   0.0590667  4.02339e-16
 15     1.95267   0.0441577  3.80481e-16
 16     1.97626   0.0216923  3.98511e-16

#--- 17 ---#
idcs      evals   residnorms   |P(X)|
  1   0.0841374   0.0142849  3.71075e-16
  2    0.132349   0.0430349  3.60092e-16
  3    0.209462   0.0648887  3.80132e-16
  4    0.299502    0.137829  3.82603e-16
  5    0.407049    0.101436  3.86811e-16
 12     1.21011   0.0147872  4.04916e-16
 13     1.69928    0.411194  3.96117e-16
 14      1.8544   0.0667373  4.02355e-16
 15     1.91245   0.0955094  3.98637e-16
 16     1.95908   0.0747749  3.80285e-16
 17     1.97726   0.0458499  3.90595e-16

#--- 18 ---#
idcs      evals   residnorms   |P(X)|
  1   0.0837104   0.0124567  3.69411e-16
  2    0.124666    0.039432  3.6072e-16
  3    0.192473   0.0620504  3.7889e-16
  4    0.261392   0.0883673  3.86057e-16
  5    0.389269    0.075838  3.9364e-16
 13     1.21085   0.0125646  4.00789e-16
 14     1.82847   0.0993727  4.01946e-16
 15     1.86611   0.0702623  4.03149e-16
 16     1.92812   0.0508847  3.9905e-16
 17     1.96991   0.0342119  3.9358e-16
 18     1.99077   0.0675756  3.75151e-16

#--- 19 ---#
idcs      evals   residnorms   |P(X)|
  1   0.0833686   0.0117344  3.6205e-16
  2    0.119182   0.0378315  3.56956e-16
  3     0.18161   0.0614325  3.88359e-16
  4    0.242783   0.0698313  3.77921e-16
  5    0.373548    0.088287  3.92216e-16
 14     1.21383   0.0517234  4.05023e-16
 15      1.8361   0.0383093  4.02616e-16
 16     1.87118    0.034905  4.02265e-16
 17     1.93213   0.0222163  4.01733e-16
 18     1.97075   0.0128257  3.95211e-16
 19      1.9979   0.0334105  3.75898e-16

#--- 20 ---#
idcs      evals   residnorms   |P(X)|
  1    0.082795   0.0104786  3.58303e-16
  2     0.11658   0.0343718  3.51875e-16
  3    0.176578   0.0645893  3.80567e-16
  4    0.230097   0.0689112  3.80205e-16
  5     0.34334    0.107137  3.89017e-16
 15     1.54798    0.444162  3.98009e-16
 16     1.83972   0.0493374  4.02002e-16
 17     1.87501   0.0496351  4.03445e-16
 18     1.93248   0.0268407  3.99536e-16
 19     1.97123   0.0136245  3.96759e-16
 20     1.99948   0.0357269  3.74381e-16

#--- 21 ---#
idcs      evals   residnorms   |P(X)|
  1   0.0826479  0.00653011  3.55883e-16
  2    0.113378     0.02312  3.61169e-16
  3     0.16428    0.039167  3.8216e-16
  4    0.224713   0.0407896  3.80116e-16
  5    0.315549   0.0851787  3.85586e-16
 16     1.82462   0.0932863  4.00847e-16
 17     1.86302   0.0929524  4.0085e-16
 18     1.90055    0.151842  4.11239e-16
 19     1.93619   0.0620535  3.97788e-16
 20     1.97164   0.0190054  3.96179e-16
 21     2.00336   0.0423965  3.72849e-16

#--- 22 ---#
idcs      evals   residnorms   |P(X)|
  1   0.0828728  0.00544741  3.74902e-16
  2    0.110838   0.0201587  3.48937e-16
  3    0.160231   0.0345841  3.71075e-16
  4    0.220243   0.0419163  3.81381e-16
  5    0.296589   0.0976365  3.80863e-16
 17     1.82937   0.0270485  4.0136e-16
 18     1.86404   0.0253697  4.027e-16
 19      1.9171   0.0483559  4.0594e-16
 20     1.94171   0.0364646  3.98309e-16
 21     1.97201  0.00946398  4.00892e-16
 22      2.0057   0.0186957  3.83811e-16

#--- 23 ---#
idcs      evals   residnorms   |P(X)|
  1   0.0824757  0.00501577  3.63941e-16
  2    0.111119   0.0206364  3.55031e-16
  3    0.155913   0.0418339  3.75485e-16
  4    0.210667   0.0510897  3.80806e-16
  5    0.273868   0.0941608  3.78181e-16
 18     1.82959   0.0319757  4.015e-16
 19     1.86692   0.0295108  4.02326e-16
 20     1.91888   0.0517116  4.05221e-16
 21     1.94397   0.0424842  3.96132e-16
 22     1.97204   0.0107817  3.98333e-16
 23     2.00621   0.0193197  3.81266e-16

#--- 24 ---#
idcs      evals   residnorms   |P(X)|
  1   0.0823893    0.004001  3.70737e-16
  2    0.110318   0.0197178  3.60628e-16
  3     0.14716   0.0425213  3.68747e-16
  4    0.200718   0.0568275  3.84398e-16
  5     0.24837   0.0768578  3.78185e-16
 19     1.85141   0.0984865  4.00993e-16
 20     1.87964    0.106972  3.99845e-16
 21     1.92752    0.060934  4.003e-16
 22     1.95953   0.0902298  3.99051e-16
 23     1.97227   0.0339509  3.9868e-16
 24     2.00741   0.0290226  3.9087e-16

#--- 25 ---#
idcs      evals   residnorms   |P(X)|
  1    0.082559  0.00427401  3.74316e-16
  2    0.108491    0.025131  3.57672e-16
  3    0.139451   0.0532237  3.71256e-16
  4    0.187496   0.0674577  3.76618e-16
  5    0.231484   0.0623103  3.77994e-16
 20     1.86194   0.0285973  4.00264e-16
 21     1.88925   0.0519169  4.06508e-16
 22     1.93073   0.0251442  3.99289e-16
 23     1.96448   0.0390261  3.94092e-16
 24       1.974    0.022218  3.98414e-16
 25     2.00831   0.0133876  3.88168e-16

#--- 26 ---#
idcs      evals   residnorms   |P(X)|
  1   0.0824907  0.00512121  3.67168e-16
  2    0.106414   0.0374386  3.56476e-16
  3    0.128549   0.0598182  3.65641e-16
  4    0.175404   0.0512224  3.74365e-16
  5     0.22718   0.0459314  3.79717e-16
 21     1.86073   0.0241355  4.05249e-16
 22     1.89285   0.0445513  4.05205e-16
 23     1.93155   0.0210239  3.97168e-16
 24     1.96821   0.0326661  3.97139e-16
 25     1.97476   0.0287447  3.97304e-16
 26     2.00842   0.0122641  3.93298e-16

#--- 27 ---#
idcs      evals   residnorms   |P(X)|
  1    0.082145  0.00418996  3.77988e-16
  2    0.105457   0.0409013  3.63438e-16
  3    0.118633   0.0448873  3.65919e-16
  4    0.169614   0.0317908  3.65184e-16
  5    0.222576   0.0358246  3.81157e-16
 22     1.86532   0.0628935  4.07815e-16
 23     1.90514    0.102845  4.02534e-16
 24     1.93316   0.0459615  3.95714e-16
 25      1.9705   0.0386085  3.92536e-16
 26      1.9783   0.0580398  4.0215e-16
 27     2.00846    0.018547  3.90895e-16

#--- 28 ---#
idcs      evals   residnorms   |P(X)|
  1   0.0823619  0.00412303  3.67848e-16
  2    0.100307   0.0376518  3.69198e-16
  3    0.116317   0.0298871  3.54117e-16
  4    0.163425   0.0290619  3.76476e-16
  5     0.21386    0.038121  3.86148e-16
 23     1.87472   0.0336721  4.07798e-16
 24     1.92004   0.0434809  4.06028e-16
 25     1.93729   0.0318612  3.97067e-16
 26     1.97091     0.01354  3.91565e-16
 27      1.9822   0.0275938  3.8856e-16
 28     2.00893  0.00834917  3.95078e-16

#--- 29 ---#
idcs      evals   residnorms   |P(X)|
  1     0.08237  0.00470792  3.89674e-16
  2   0.0965985   0.0372198  3.53334e-16
  3    0.114819   0.0241761  3.64475e-16
  4    0.160253   0.0293521  3.75431e-16
  5    0.211695   0.0517208  3.78409e-16
 24     1.87303   0.0186476  4.13227e-16
 25     1.92069   0.0208087  4.13496e-16
 26     1.93772   0.0155905  3.97654e-16
 27     1.97115  0.00611715  3.97031e-16
 28     1.98294   0.0132154  3.90882e-16
 29      2.0091   0.0039605  3.97061e-16

 ──────────────────────────────────────────────────────────────────────────────
                                       Time                   Allocations      
                               ──────────────────────   ───────────────────────
       Tot / % measured:           467658s / 100%          654630GiB / 100%    

 Section               ncalls     time   %tot     avg     alloc   %tot      avg
 ──────────────────────────────────────────────────────────────────────────────
 apply_χ0                  29   467514s   100%  16121s   654579GiB100%   22572GiB
   Hamiltonian mult...   275k   11722s  2.51%  42.7ms   2029GiB  0.31%  7.57MiB
 PlaneWaveBasis             1    18.8s  0.00%   18.8s   7.69GiB  0.00%  7.69GiB
   Instantiation At...      1    11.4s  0.00%   11.4s   5.28GiB  0.00%  5.28GiB
   Instantiation Ewald      1    4.81s  0.00%   4.81s   2.19GiB  0.00%  2.19GiB
   Instantiation At...      1    2.17s  0.00%   2.17s   49.0MiB  0.00%  49.0MiB
   build_kpoints            1    253ms  0.00%   253ms    119MiB  0.00%   119MiB
   Instantiation Ki...      1    182ms  0.00%   182ms   8.09MiB  0.00%  8.09MiB
   Instantiation Ha...      1   6.98ms  0.00%  6.98ms   13.4MiB  0.00%  13.4MiB
   Instantiation Ps...      1    101μs  0.00%   101μs   2.38KiB  0.00%  2.38KiB
   Instantiation Xc         1   3.68μs  0.00%  3.68μs     32.0B  0.00%    32.0B
 mixing Resta              29    1.63s  0.00%  56.3ms    829MiB  0.00%  28.6MiB
 spglib_get_symmetry        1   5.94ms  0.00%  5.94ms    250KiB  0.00%   250KiB
 ──────────────────────────────────────────────────────────────────────────────
