#
#-- optimal_damping SiO2HVac n_repeat=20 -- mixing=HybridMixing(1.0, 14, 1.0, var"#326#334"{Int64,var"#periodise#333"}(30, var"#periodise#333"(), Core.Box(0.978564065186412), Core.Box(1.5214359348301278)), true, false)
#

Starting Arnoldi (now = 2020-08-01T18:54:49.694 ...

#--- 1 ---#
idcs      evals   residnorms   |P(X)|
  1    0.990684   0.0259466  4.09887e-16

#--- 2 ---#
idcs      evals   residnorms   |P(X)|
  1    0.388717    0.891443  3.89857e-16
  2    0.991539   0.0384092  4.0907e-16

#--- 3 ---#
idcs      evals   residnorms   |P(X)|
  1    0.350269    0.407567  3.97452e-16
  2    0.986859    0.202065  4.06388e-16
  3     1.07583    0.508448  3.95128e-16

#--- 4 ---#
idcs      evals   residnorms   |P(X)|
  1    0.282939    0.118481  3.941e-16
  2    0.809922     0.20357  3.92963e-16
  3    0.992904   0.0378509  4.08387e-16
  4     1.82898    0.292211  3.97181e-16

#--- 5 ---#
idcs      evals   residnorms   |P(X)|
  1    0.234569   0.0655486  3.93007e-16
  2    0.687246    0.251394  3.92132e-16
  3    0.983727    0.185818  4.00308e-16
  4     1.01366    0.217449  4.00812e-16
  5     1.95535    0.102183  3.96477e-16

#--- 6 ---#
idcs      evals   residnorms   |P(X)|
  1    0.207085   0.0529275  3.95457e-16
  2    0.569016    0.259526  3.98677e-16
  3    0.870644    0.240042  3.96014e-16
  4    0.993349   0.0693307  4.09772e-16
  5     1.25598    0.375318  3.98552e-16
  6     1.95843   0.0582986  3.95853e-16

#--- 7 ---#
idcs      evals   residnorms   |P(X)|
  1    0.203183   0.0400803  3.9301e-16
  2    0.446188    0.189951  3.90446e-16
  3    0.842712    0.246978  3.93952e-16
  4    0.990832    0.217409  4.03334e-16
  5     1.02094    0.273541  4.00562e-16
  6     1.65939     0.40906  3.93785e-16
  7     1.96395   0.0685614  3.95038e-16

#--- 8 ---#
idcs      evals   residnorms   |P(X)|
  1    0.210431   0.0443151  3.92214e-16
  2    0.317943    0.159027  3.94172e-16
  3    0.670057    0.187508  3.93546e-16
  4    0.920129    0.156406  3.98172e-16
  5    0.994693   0.0830133  4.08003e-16
  6     1.13293    0.182634  4.04576e-16
  7     1.86568    0.136733  3.99985e-16
  8     1.98658   0.0622576  3.94999e-16

#--- 9 ---#
idcs      evals   residnorms   |P(X)|
  1    0.194265   0.0594324  3.96747e-16
  2    0.282933    0.167424  3.89319e-16
  3    0.503002     0.23458  3.93123e-16
  4    0.811573    0.230261  3.95224e-16
  5    0.967111    0.185517  4.03466e-16
  6    0.997127    0.140625  4.06108e-16
  7     1.22593    0.174883  4.0148e-16
  8     1.89594    0.057054  3.99115e-16
  9     1.98741   0.0316118  3.92432e-16

#--- 10 ---#
idcs      evals   residnorms   |P(X)|
  1    0.179103   0.0662528  3.91568e-16
  2    0.249509   0.0930879  3.93168e-16
  3       0.462    0.177127  3.92805e-16
  4    0.733199    0.198339  3.94879e-16
  5    0.942869    0.161377  4.00874e-16
  6    0.995925   0.0976766  4.06615e-16
  7     1.16105    0.226996  4.01509e-16
  8     1.51035    0.501667  3.91537e-16
  9      1.9007   0.0711972  3.97988e-16
 10     1.98731   0.0344973  3.94636e-16

#--- 11 ---#
idcs      evals   residnorms   |P(X)|
  1    0.156851   0.0859362  3.90159e-16
  2    0.208618   0.0421263  3.91171e-16
  3    0.390857    0.105119  3.92013e-16
  4    0.609129    0.135527  3.90031e-16
  5    0.845571    0.133178  3.97425e-16
  6    0.976395   0.0971854  4.0446e-16
  7    0.998996   0.0824816  4.04366e-16
  8     1.21452    0.075279  4.023e-16
  9     1.86415    0.128997  3.95961e-16
 10     1.93861    0.131768  3.88639e-16
 11     1.99579   0.0592756  3.88364e-16

#--- 12 ---#
idcs      evals   residnorms   |P(X)|
  1    0.143626   0.0950909  3.97022e-16
  2     0.20951   0.0506904  3.9089e-16
  3     0.32467    0.155367  3.87853e-16
  4    0.522391     0.19736  3.90742e-16
  5    0.722125    0.208016  3.94774e-16
  7    0.993207    0.109923  4.07281e-16
  8     1.03703     0.15688  4.07495e-16
  9     1.22042   0.0775683  4.0441e-16
 10     1.87081   0.0385195  4.01435e-16
 11     1.95907   0.0478494  3.88437e-16
 12     2.00056   0.0337043  3.83757e-16

#--- 13 ---#
idcs      evals   residnorms   |P(X)|
  1    0.126267   0.0808643  3.89707e-16
  2    0.216725   0.0537821  3.94503e-16
  3    0.277934    0.158567  3.89494e-16
  4    0.453492    0.147826  3.93012e-16
  5    0.660865    0.143443  3.96311e-16
  8      1.0016    0.114259  4.05559e-16
  9     1.20921    0.108719  4.00712e-16
 10     1.48263    0.517556  3.95444e-16
 11     1.87828   0.0491769  3.97983e-16
 12     1.96064   0.0553864  3.87299e-16
 13     2.00178   0.0375788  3.85701e-16

#--- 14 ---#
idcs      evals   residnorms   |P(X)|
  1    0.113074   0.0476253  3.90283e-16
  2    0.199841   0.0311647  4.00507e-16
  3    0.258321   0.0731526  3.87198e-16
  4    0.407139   0.0835021  3.95111e-16
  5    0.606283    0.111262  3.91867e-16
  9     1.03056   0.0794184  4.12761e-16
 10     1.22189   0.0312738  4.02799e-16
 11     1.85685    0.106257  4.0187e-16
 12      1.9039     0.12169  4.01559e-16
 13     1.97684   0.0630304  3.94019e-16
 14     2.01277   0.0620724  3.88386e-16

#--- 15 ---#
idcs      evals   residnorms   |P(X)|
  1    0.110296   0.0332555  3.97232e-16
  2    0.194027   0.0281729  3.94488e-16
  3    0.243748   0.0480812  3.85517e-16
  4     0.38942   0.0744812  3.93672e-16
  5    0.568525    0.142942  3.88392e-16
 10     1.09382    0.236721  4.05776e-16
 11     1.22753   0.0537143  4.00338e-16
 12      1.8614   0.0317905  3.98463e-16
 13     1.92338   0.0506713  3.99473e-16
 14     1.98112   0.0330753  3.91317e-16
 15     2.01449   0.0333963  3.71858e-16

#--- 16 ---#
idcs      evals   residnorms   |P(X)|
  1    0.108229   0.0175113  3.97547e-16
  2    0.193987   0.0183914  3.94218e-16
  3    0.236746   0.0291818  3.85301e-16
  4    0.379348   0.0554809  3.90594e-16
  5    0.529011    0.116877  3.94814e-16
 11     1.22274   0.0309187  4.00227e-16
 12     1.66052    0.440239  3.97574e-16
 13      1.8676   0.0549648  4.00284e-16
 14     1.93316   0.0828096  3.98239e-16
 15     1.98383   0.0494616  3.96165e-16
 16     2.01976   0.0527635  3.6257e-16

#--- 17 ---#
idcs      evals   residnorms   |P(X)|
  1    0.108458  0.00900485  3.96411e-16
  2    0.192034   0.0116779  3.9759e-16
  3    0.234459   0.0185843  3.88411e-16
  4    0.372094   0.0616428  3.99249e-16
  5    0.470055    0.127779  3.89104e-16
 12     1.22661    0.020465  4.05161e-16
 13      1.8479   0.0881781  4.02626e-16
 14       1.885   0.0890831  4.02825e-16
 15     1.95303   0.0737109  3.93273e-16
 16     1.99191   0.0498323  3.97648e-16
 17     2.02617   0.0543731  3.63834e-16

#--- 18 ---#
idcs      evals   residnorms   |P(X)|
  1    0.108058  0.00526112  3.92012e-16
  2    0.191949  0.00785575  3.91198e-16
  3    0.236276   0.0147136  3.91056e-16
  4    0.360494   0.0747222  3.90724e-16
  5    0.440134    0.129271  3.89968e-16
 13     1.23146   0.0684067  3.98384e-16
 14     1.85398   0.0267139  4.06811e-16
 15     1.89753   0.0378387  4.05196e-16
 16     1.96054   0.0336104  3.85968e-16
 17     1.99444   0.0245215  3.99068e-16
 18     2.03155   0.0278534  3.7242e-16

#--- 19 ---#
idcs      evals   residnorms   |P(X)|
  1    0.107899  0.00344514  3.93917e-16
  2    0.191975  0.00633425  3.94184e-16
  3    0.235352   0.0134506  3.87951e-16
  4    0.337322   0.0920045  3.89966e-16
  5    0.408184   0.0861164  3.92706e-16
 14     1.62324    0.450282  4.02638e-16
 15     1.85397   0.0449031  4.01749e-16
 16     1.89977   0.0556202  4.07648e-16
 17     1.96318   0.0429172  3.86692e-16
 18     1.99553   0.0308577  3.94523e-16
 19     2.03345   0.0333204  3.64707e-16

#--- 20 ---#
idcs      evals   residnorms   |P(X)|
  1    0.107982  0.00153194  3.94335e-16
  2     0.19178  0.00367219  3.99074e-16
  3    0.232729  0.00857007  3.87533e-16
  4    0.319783   0.0721255  3.90287e-16
  5    0.388658   0.0518445  3.93791e-16
 15     1.84479   0.0591479  4.03515e-16
 16     1.87835   0.0665978  4.04541e-16
 17     1.93757   0.0986599  4.01073e-16
 18     1.97046   0.0716223  3.90786e-16
 19     2.00227   0.0464653  3.9229e-16
 20     2.03724   0.0413299  3.75659e-16

#--- 21 ---#
idcs      evals   residnorms   |P(X)|
  1    0.108004  0.00101759  3.92223e-16
  2    0.191623  0.00289685  3.9481e-16
  3    0.233575  0.00786525  3.89365e-16
  4    0.309463   0.0750432  3.91404e-16
  5    0.384482    0.058309  3.95663e-16
 16     1.84946   0.0209464  3.99213e-16
 17     1.88539   0.0302803  4.01204e-16
 18     1.93884   0.0406902  4.01897e-16
 19     1.97853   0.0316334  3.96714e-16
 20     2.00369   0.0264921  3.87805e-16
 21     2.03927   0.0206982  3.80575e-16

#--- 22 ---#
idcs      evals   residnorms   |P(X)|
  1    0.107986  0.000579098  3.92413e-16
  2    0.191689  0.00200299  3.92565e-16
  3    0.233356  0.00638519  3.89204e-16
  4    0.295185   0.0600515  3.94103e-16
  5    0.378384    0.048823  4.00755e-16
 17     1.84798   0.0338672  4.01779e-16
 18     1.88961   0.0425096  3.99105e-16
 19     1.94597   0.0574659  3.98212e-16
 20     1.97955   0.0465008  3.98215e-16
 21     2.00524   0.0366506  3.86634e-16
 22      2.0402   0.0262555  3.78682e-16

#--- 23 ---#
idcs      evals   residnorms   |P(X)|
  1    0.107982  0.000287441  3.92526e-16
  2    0.191523   0.0013247  3.93208e-16
  3    0.232574  0.00518258  3.87128e-16
  4    0.284516   0.0538996  3.93997e-16
  5    0.362698   0.0635999  3.90675e-16
 18     1.86725   0.0621787  4.02967e-16
 19     1.90241   0.0615475  4.08809e-16
 20     1.95485   0.0448265  3.95098e-16
 21     1.98513   0.0340378  3.99192e-16
 22     2.01048   0.0308667  3.86955e-16
 23     2.04258   0.0194047  3.81794e-16

#--- 24 ---#
idcs      evals   residnorms   |P(X)|
  1    0.108002  0.000193509  3.92914e-16
  2    0.191393  0.00119502  3.96369e-16
  3    0.232268  0.00625008  3.8855e-16
  4    0.269067   0.0549747  3.91582e-16
  5    0.353362   0.0806851  3.85337e-16
 19     1.86981   0.0253747  4.04813e-16
 20     1.90557   0.0253213  4.06431e-16
 21     1.95509   0.0164362  3.89912e-16
 22     1.98765   0.0125564  4.02337e-16
 23     2.01086   0.0123234  3.89569e-16
 24     2.04244  0.00702736  3.80882e-16

 ──────────────────────────────────────────────────────────────────────────────
                                       Time                   Allocations      
                               ──────────────────────   ───────────────────────
       Tot / % measured:           376292s / 100%          546607GiB / 100%    

 Section               ncalls     time   %tot     avg     alloc   %tot      avg
 ──────────────────────────────────────────────────────────────────────────────
 apply_χ0                  24   376102s   100%  15671s   546484GiB100%   22770GiB
   Hamiltonian mult...   453k   18551s  4.93%  40.9ms   3349GiB  0.61%  7.57MiB
 mixing Hybrid             24    84.8s  0.02%   3.53s   83.3GiB  0.02%  3.47GiB
 PlaneWaveBasis             1    19.0s  0.01%   19.0s   7.69GiB  0.00%  7.69GiB
   Instantiation At...      1    11.0s  0.00%   11.0s   5.28GiB  0.00%  5.28GiB
   Instantiation Ewald      1    5.51s  0.00%   5.51s   2.19GiB  0.00%  2.19GiB
   Instantiation At...      1    1.98s  0.00%   1.98s   49.0MiB  0.00%  49.0MiB
   build_kpoints            1    367ms  0.00%   367ms    119MiB  0.00%   119MiB
   Instantiation Ki...      1   13.8ms  0.00%  13.8ms   8.09MiB  0.00%  8.09MiB
   Instantiation Ha...      1   7.70ms  0.00%  7.70ms   13.4MiB  0.00%  13.4MiB
   Instantiation Ps...      1    152μs  0.00%   152μs   2.38KiB  0.00%  2.38KiB
   Instantiation Xc         1   3.53μs  0.00%  3.53μs     32.0B  0.00%    32.0B
 spglib_get_symmetry        1   4.97ms  0.00%  4.97ms    250KiB  0.00%   250KiB
 ──────────────────────────────────────────────────────────────────────────────
