#
#-- optimal_damping SiO2HVac n_repeat=20 -- mixing=HybridMixing(1.0, 14, 1.0, identity, true, false)
#

Starting Arnoldi (now = 2020-08-02T04:33:58.728 ...

#--- 1 ---#
idcs      evals   residnorms   |P(X)|
  1    0.983507   0.0288766  4.11284e-16

#--- 2 ---#
idcs      evals   residnorms   |P(X)|
  1     0.56594    0.647201  3.90124e-16
  2     0.98519   0.0447259  4.11529e-16

#--- 3 ---#
idcs      evals   residnorms   |P(X)|
  1    0.377412    0.469401  3.89455e-16
  2     0.88736    0.499185  3.92337e-16
  3    0.989774    0.157562  4.10225e-16

#--- 4 ---#
idcs      evals   residnorms   |P(X)|
  1    0.198973    0.144234  3.83472e-16
  2    0.792762    0.203411  3.93438e-16
  3    0.986841   0.0338719  4.11408e-16
  4     1.76495    0.360524  3.95255e-16

#--- 5 ---#
idcs      evals   residnorms   |P(X)|
  1    0.168003   0.0729612  3.89786e-16
  2    0.637903    0.228539  3.88482e-16
  3    0.947193    0.209409  3.97824e-16
  4     0.99237    0.107056  4.07404e-16
  5     1.96078    0.116635  3.93466e-16

#--- 6 ---#
idcs      evals   residnorms   |P(X)|
  1    0.128325   0.0563802  3.83747e-16
  2    0.487769    0.225352  3.8567e-16
  3     0.84469    0.204857  3.9328e-16
  4    0.987117   0.0575995  4.10876e-16
  5     1.16764    0.325178  3.9203e-16
  6     1.96684   0.0541169  3.9942e-16

#--- 7 ---#
idcs      evals   residnorms   |P(X)|
  1    0.126462   0.0357172  3.91964e-16
  2    0.429416    0.184182  3.82108e-16
  3     0.76358    0.247233  3.86481e-16
  4    0.973423    0.245917  3.97334e-16
  5    0.999688    0.238074  3.99294e-16
  6     1.50107    0.404068  3.95969e-16
  7     1.97015    0.044625  4.01569e-16

#--- 8 ---#
idcs      evals   residnorms   |P(X)|
  1    0.135712   0.0319344  3.85501e-16
  2    0.300637    0.161967  3.7729e-16
  3    0.618073    0.177974  3.87831e-16
  4     0.89742    0.145308  3.97364e-16
  5    0.988509   0.0578056  4.09235e-16
  6     1.13842     0.20557  3.92916e-16
  7     1.83418     0.24042  3.95061e-16
  8     1.97819   0.0611512  4.00374e-16

#--- 9 ---#
idcs      evals   residnorms   |P(X)|
  1    0.121864   0.0405846  3.88312e-16
  2    0.224031    0.155651  3.70273e-16
  3    0.457419    0.166109  3.83491e-16
  4     0.75602    0.171602  3.9452e-16
  5    0.938262    0.128324  3.97149e-16
  6     0.99022   0.0594428  4.08119e-16
  7     1.19975     0.11978  3.96816e-16
  8     1.88766   0.0685962  3.9294e-16
  9     1.98225   0.0256306  4.06887e-16

#--- 10 ---#
idcs      evals   residnorms   |P(X)|
  1    0.117012   0.0428116  3.83542e-16
  2    0.196441     0.12153  3.74364e-16
  3    0.420913    0.168468  3.79473e-16
  4    0.683525    0.221815  3.90605e-16
  5    0.904559    0.215161  3.94896e-16
  6    0.988617    0.106087  4.09099e-16
  7     1.09215    0.399507  3.93682e-16
  8     1.28142    0.336285  3.99431e-16
  9     1.89033   0.0510739  3.92951e-16
 10     1.98086   0.0172848  4.05375e-16

#--- 11 ---#
idcs      evals   residnorms   |P(X)|
  1    0.113991   0.0367942  3.8054e-16
  2    0.158016   0.0541749  3.76405e-16
  3    0.379496    0.092215  3.81729e-16
  4    0.584487    0.131429  3.87161e-16
  5    0.806073    0.126817  3.93925e-16
  6    0.956855   0.0892293  3.97578e-16
  7    0.991664   0.0529385  4.05944e-16
  8     1.20447   0.0684591  3.93663e-16
  9     1.81153    0.247249  4.03012e-16
 10     1.91052    0.124903  3.9539e-16
 11     1.98322   0.0300862  4.0864e-16

#--- 12 ---#
idcs      evals   residnorms   |P(X)|
  1    0.105947   0.0281415  3.7903e-16
  2    0.152695   0.0334972  3.79399e-16
  3    0.327769    0.106317  3.73242e-16
  4    0.493871    0.144394  3.82462e-16
  5    0.675567    0.143587  3.89862e-16
  7    0.975253   0.0879993  3.99783e-16
  8    0.994149   0.0715053  4.02621e-16
  9     1.20846   0.0343667  3.95835e-16
 10     1.85608   0.0440938  4.00811e-16
 11     1.93505   0.0465515  4.013e-16
 12     1.98463   0.0130832  4.09627e-16

#--- 13 ---#
idcs      evals   residnorms   |P(X)|
  1    0.104882   0.0275686  3.74481e-16
  2    0.152872    0.036515  3.79942e-16
  3    0.293112     0.16042  3.66679e-16
  4     0.42957    0.156796  3.81762e-16
  5    0.627882    0.170043  3.91164e-16
  8    0.990439    0.107444  4.07079e-16
  9     1.09624    0.384126  3.97135e-16
 10     1.21097    0.101142  3.97571e-16
 11     1.85904   0.0267671  4.00436e-16
 12     1.93619   0.0273679  4.00291e-16
 13     1.98448  0.00736023  4.07582e-16

#--- 14 ---#
idcs      evals   residnorms   |P(X)|
  1    0.101317   0.0230901  3.6983e-16
  2    0.146835   0.0284786  3.87671e-16
  3     0.24605    0.126204  3.61993e-16
  4     0.38901   0.0981866  3.82265e-16
  5    0.563095    0.129653  3.92295e-16
  9    0.999772   0.0704401  4.0206e-16
 10     1.20796   0.0271839  3.95142e-16
 11     1.71677    0.370633  3.94249e-16
 12     1.85634   0.0575422  3.98773e-16
 13     1.93918      0.0395  3.97135e-16
 14     1.98465  0.00961264  4.08115e-16

#--- 15 ---#
idcs      evals   residnorms   |P(X)|
  1   0.0986237   0.0218954  3.61729e-16
  2    0.141256   0.0280594  3.80232e-16
  3     0.20865   0.0991462  3.52829e-16
  4     0.35804    0.093778  3.85655e-16
  5     0.48808    0.130987  3.8567e-16
 10     1.01669    0.112227  3.96392e-16
 11     1.20911   0.0168791  3.94754e-16
 12     1.84367   0.0838674  4.0316e-16
 13      1.8776    0.089459  3.96727e-16
 14     1.94412   0.0333927  3.98714e-16
 15     1.98497  0.00651447  4.06644e-16

#--- 16 ---#
idcs      evals   residnorms   |P(X)|
  1   0.0963712   0.0215138  3.62382e-16
  2    0.138218   0.0292293  3.79867e-16
  3     0.19115    0.085077  3.54475e-16
  4    0.333004   0.0997383  3.8248e-16
  5    0.455203    0.127412  3.83853e-16
 11     1.19578    0.296806  3.9425e-16
 12      1.2216      0.2898  3.97184e-16
 13     1.84739   0.0438653  4.02449e-16
 14     1.89006    0.065206  3.97048e-16
 15     1.94516   0.0268781  3.94218e-16
 16     1.98496  0.00466549  4.07969e-16

#--- 17 ---#
idcs      evals   residnorms   |P(X)|
  1   0.0946384   0.0142049  3.50364e-16
  2    0.135905   0.0204647  3.82935e-16
  3    0.180507   0.0504683  3.61285e-16
  4    0.326802   0.0897536  3.70159e-16
  5    0.421222    0.116192  3.78518e-16
 12     1.20906   0.0148864  3.95519e-16
 13     1.73153     0.33623  3.9254e-16
 14      1.8587   0.0826926  4.01547e-16
 15     1.90151    0.131993  4.03904e-16
 16     1.95072   0.0566905  3.91527e-16
 17     1.98507  0.00865467  4.10662e-16

#--- 18 ---#
idcs      evals   residnorms   |P(X)|
  1   0.0934847   0.0117496  3.53257e-16
  2    0.133673   0.0191215  3.83757e-16
  3    0.173124   0.0438637  3.70957e-16
  4    0.290623    0.109373  3.60243e-16
  5    0.386142    0.106754  3.83004e-16
 13     1.21024   0.0155576  4.00547e-16
 14     1.82244   0.0872899  3.95673e-16
 15     1.86135   0.0509021  3.94617e-16
 16     1.92844   0.0492924  3.95425e-16
 17     1.96734   0.0622003  4.09936e-16
 18      1.9859   0.0118425  4.1085e-16

#--- 19 ---#
idcs      evals   residnorms   |P(X)|
  1   0.0926753   0.0107372  3.55919e-16
  2    0.131519   0.0199317  3.7701e-16
  3    0.166939   0.0420836  3.68762e-16
  4    0.255925    0.108761  3.57708e-16
  5      0.3668   0.0856142  3.85612e-16
 14     1.23605    0.251623  3.94939e-16
 15     1.82714   0.0418332  4.00292e-16
 16     1.86511   0.0268146  3.97433e-16
 17     1.93305   0.0216087  3.9526e-16
 18     1.97484   0.0337801  4.09821e-16
 19     1.98663   0.0109274  4.14963e-16

#--- 20 ---#
idcs      evals   residnorms   |P(X)|
  1   0.0923858  0.00865072  3.48725e-16
  2    0.130342   0.0184462  3.81334e-16
  3    0.163235   0.0383624  3.66608e-16
  4    0.236286    0.102604  3.52074e-16
  5    0.339353   0.0750234  3.81503e-16
 15     1.65886    0.409744  3.83115e-16
 16     1.83155   0.0841855  3.97452e-16
 17     1.86694   0.0529281  3.94348e-16
 18     1.93334   0.0303807  3.9384e-16
 19     1.97698   0.0396926  4.013e-16
 20     1.98732   0.0171272  4.13273e-16

#--- 21 ---#
idcs      evals   residnorms   |P(X)|
  1   0.0919457   0.0058607  3.50313e-16
  2    0.128877   0.0157603  3.83032e-16
  3    0.156587    0.029576  3.70869e-16
  4    0.214702   0.0663991  3.53861e-16
  5    0.326807   0.0684952  3.75336e-16
 16     1.81064   0.0682691  3.95932e-16
 17     1.86142    0.061102  3.95893e-16
 18      1.8896    0.109893  3.88933e-16
 19     1.93719   0.0314159  3.91875e-16
 20     1.98179    0.017158  4.08661e-16
 21     1.99175   0.0275968  4.108e-16

#--- 22 ---#
idcs      evals   residnorms   |P(X)|
  1   0.0921151  0.00563174  3.54485e-16
  2    0.126939   0.0185366  3.71953e-16
  3    0.152017    0.029491  3.79075e-16
  4    0.205047   0.0645179  3.55333e-16
  5     0.31109    0.101486  3.72295e-16
 17     1.81507   0.0281473  3.98164e-16
 18        1.86   0.0223689  3.93839e-16
 19     1.89769   0.0444863  3.89912e-16
 20     1.93896   0.0144426  3.92599e-16
 21     1.98254  0.00611434  4.08116e-16
 22     1.99359    0.013681  4.14278e-16

#--- 23 ---#
idcs      evals   residnorms   |P(X)|
  1    0.091978  0.00365667  3.48883e-16
  2    0.125448   0.0122678  3.74114e-16
  3    0.153117   0.0217043  3.79841e-16
  4    0.195474    0.048883  3.50574e-16
  5    0.292704   0.0778856  3.63456e-16
 18     1.81648   0.0485805  4.01211e-16
 19     1.86351   0.0326698  3.9929e-16
 20     1.90539   0.0697638  3.89604e-16
 21     1.93946   0.0244908  3.89355e-16
 22     1.98275  0.00785756  4.04687e-16
 23     1.99423   0.0187122  4.06697e-16

#--- 24 ---#
idcs      evals   residnorms   |P(X)|
  1   0.0919347  0.00200188  3.46052e-16
  2    0.125282  0.00821655  3.72276e-16
  3    0.149715   0.0138837  3.75998e-16
  4    0.191733   0.0309126  3.58181e-16
  5     0.27572   0.0619931  3.60562e-16
 19     1.85785   0.0680499  3.95313e-16
 20      1.8738   0.0939463  3.87871e-16
 21     1.92676   0.0714026  3.96981e-16
 22     1.94791   0.0608902  3.83328e-16
 23      1.9835  0.00916955  4.09051e-16
 24     1.99552    0.023583  4.04568e-16

#--- 25 ---#
idcs      evals   residnorms   |P(X)|
  1   0.0920001  0.00162559  3.45977e-16
  2    0.124828  0.00754439  3.68909e-16
  3    0.148531   0.0127063  3.75681e-16
  4    0.190271   0.0314738  3.53192e-16
  5    0.262658   0.0754798  3.58618e-16
 20       1.859   0.0234198  3.92865e-16
 21      1.8796   0.0389695  3.91263e-16
 22     1.93171   0.0239334  3.98377e-16
 23      1.9555    0.037808  3.82511e-16
 24      1.9837  0.00527512  4.0341e-16
 25     1.99664   0.0138724  4.12248e-16

 ──────────────────────────────────────────────────────────────────────────────
                                       Time                   Allocations      
                               ──────────────────────   ───────────────────────
       Tot / % measured:           319589s / 100%          564401GiB / 100%    

 Section               ncalls     time   %tot     avg     alloc   %tot      avg
 ──────────────────────────────────────────────────────────────────────────────
 apply_χ0                  25   319433s   100%  12777s   564297GiB100%   22572GiB
   Hamiltonian mult...   237k    8935s  2.80%  37.7ms   1751GiB  0.31%  7.57MiB
 mixing Hybrid             25    49.6s  0.02%   1.98s   61.3GiB  0.01%  2.45GiB
 PlaneWaveBasis             1    16.7s  0.01%   16.7s   7.69GiB  0.00%  7.69GiB
   Instantiation At...      1    9.69s  0.00%   9.69s   5.28GiB  0.00%  5.28GiB
   Instantiation Ewald      1    4.94s  0.00%   4.94s   2.19GiB  0.00%  2.19GiB
   Instantiation At...      1    1.81s  0.00%   1.81s   49.0MiB  0.00%  49.0MiB
   build_kpoints            1    178ms  0.00%   178ms    119MiB  0.00%   119MiB
   Instantiation Ki...      1   6.36ms  0.00%  6.36ms   8.09MiB  0.00%  8.09MiB
   Instantiation Ha...      1   4.73ms  0.00%  4.73ms   13.4MiB  0.00%  13.4MiB
   Instantiation Ps...      1    125μs  0.00%   125μs   2.38KiB  0.00%  2.38KiB
   Instantiation Xc         1   4.71μs  0.00%  4.71μs     32.0B  0.00%    32.0B
 spglib_get_symmetry        1   5.22ms  0.00%  5.22ms    250KiB  0.00%   250KiB
 ──────────────────────────────────────────────────────────────────────────────
