#
#-- SCF SiO2HVac n_repeat=20 -- mixing=HybridMixing(0.958, 14, 1.0, identity, true, false)
#

hostname       = clustern12

started on     = 2020-08-07T23:28:29.257
julia threads  = 4
BLAS threads   = 4

temperature    = 0.0
smearing       = DFTK.Smearing.None()
diag(lattice)  = [16.32, 10.35, 97.85]
Ecut           = 20
fft_size       = (54, 36, 300)
kgrid          = [3, 5, 1]
irreducible k  = 15
n_bands        = 260
n_electr       = 488
mixing         = HybridMixing(0.958, 14, 1.0, identity, true, false)
n     Energy            Eₙ-Eₙ₋₁     ρout-ρin   Diag
---   ---------------   ---------   --------   ----
  1   -1046.170776246         NaN   2.84e+00    36.8 
  2   -1046.935679726   -7.65e-01   1.19e+00    35.8 
  3   -1047.712720771   -7.77e-01   5.58e-01    36.1 
  4   -1047.937345071   -2.25e-01   2.85e-02    23.1 
  5   -1047.939075221   -1.73e-03   2.17e-02    21.7 
  6   -1047.939619370   -5.44e-04   8.42e-03    20.5 
  7   -1047.940053742   -4.34e-04   4.78e-03    25.9 
  8   -1047.940325537   -2.72e-04   3.31e-03    26.1 
  9   -1047.940472537   -1.47e-04   2.31e-03    23.5 
 10   -1047.940592769   -1.20e-04   1.48e-03    29.9 
 11   -1047.940644822   -5.21e-05   9.94e-04    26.5 
 12   -1047.940665421   -2.06e-05   7.38e-04    25.7 
 13   -1047.940678175   -1.28e-05   4.94e-04    28.1 
 14   -1047.940682044   -3.87e-06   3.47e-04    28.9 
 15   -1047.940683322   -1.28e-06   2.68e-04    28.3 
 16   -1047.940684181   -8.59e-07   1.79e-04    31.5 
 17   -1047.940684499   -3.17e-07   1.28e-04    30.8 
 18   -1047.940684622   -1.23e-07   9.46e-05    30.1 
 19   -1047.940684680   -5.85e-08   6.95e-05    31.2 
 20   -1047.940684716   -3.54e-08   4.92e-05    32.8 
 21   -1047.940684728   -1.23e-08   3.66e-05    33.1 
 22   -1047.940684737   -9.61e-09   2.48e-05    36.1 
 23   -1047.940684741   -3.30e-09   1.83e-05    36.9 
 24   -1047.940684743   -1.86e-09   1.35e-05    37.1 
 25   -1047.940684744   -9.22e-10   9.73e-06    37.8 
 26   -1047.940684744   -5.86e-10   7.21e-06    37.7 
 27   -1047.940684745   -3.65e-10   5.15e-06    36.9 
 28   -1047.940684745   -8.75e-11   3.24e-06    37.5 
 29   -1047.940684745   -8.39e-11   1.70e-06    37.1 
 30   -1047.940684745   -8.57e-11   9.77e-07    33.4 
 31   -1047.940684745   -1.51e-10   5.31e-07    33.0 
 32   -1047.940684745    6.68e-11   3.49e-07    34.3 
 33   -1047.940684745   -2.46e-11   2.40e-07    35.9 
Energy breakdown:
    Kinetic             686.6029217
    AtomicLocal         -38953.3039688
    AtomicNonlocal      111.3917321
    Ewald               18197.4845146
    PspCorrection       -2.9024030
    Hartree             19161.5475871
    Xc                  -248.7610684

    total               -1047.940684744877

 ──────────────────────────────────────────────────────────────────────────────
                                       Time                   Allocations      
                               ──────────────────────   ───────────────────────
       Tot / % measured:           77734s / 100%            14127GiB / 100%    

 Section               ncalls     time   %tot     avg     alloc   %tot      avg
 ──────────────────────────────────────────────────────────────────────────────
 self_consistent_field      1   77717s   100%  77717s   14119GiB 100%   14119GiB
   LOBPCG                 495   74131s  95.4%    150s   12546GiB 88.8%  25.3GiB
     block multipli...  91.6k   25519s  32.8%   279ms   3594GiB  25.4%  40.2MiB
     Hamiltonian mu...  16.1k   13015s  16.7%   809ms   1748GiB  12.4%   111MiB
     rayleigh_ritz      15.6k   10697s  13.8%   686ms   63.0GiB  0.45%  4.13MiB
     ortho              67.5k    8007s  10.3%   119ms   2282GiB  16.2%  34.6MiB
   energy_hamiltonian      67    2217s  2.85%   33.1s    325GiB  2.30%  4.85GiB
   compute_density         33     795s  1.02%   24.1s   1146GiB  8.11%  34.7GiB
   mixing Hybrid           33    88.0s  0.11%   2.67s   76.8GiB  0.54%  2.33GiB
   QR orthonormaliz...    495    81.0s  0.10%   164ms   20.5GiB  0.15%  42.5MiB
 PlaneWaveBasis             1    14.8s  0.02%   14.8s   7.69GiB  0.05%  7.69GiB
   Instantiation At...      1    7.90s  0.01%   7.90s   5.28GiB  0.04%  5.28GiB
   Instantiation Ewald      1    4.90s  0.01%   4.90s   2.19GiB  0.02%  2.19GiB
   Instantiation At...      1    1.85s  0.00%   1.85s   49.0MiB  0.00%  49.0MiB
   build_kpoints            1    173ms  0.00%   173ms    119MiB  0.00%   119MiB
   Instantiation Ha...      1   9.86ms  0.00%  9.86ms   13.4MiB  0.00%  13.4MiB
   Instantiation Ki...      1   8.74ms  0.00%  8.74ms   8.09MiB  0.00%  8.09MiB
   Instantiation Ps...      1    160μs  0.00%   160μs   2.38KiB  0.00%  2.38KiB
   Instantiation Xc         1   2.98μs  0.00%  2.98μs     32.0B  0.00%    32.0B
 guess_density              1    1.63s  0.00%   1.63s   75.7MiB  0.00%  75.7MiB
 spglib_get_symmetry        1   5.19ms  0.00%  5.19ms    250KiB  0.00%   250KiB
 ──────────────────────────────────────────────────────────────────────────────
