#
#-- SCF SiO2HVac n_repeat=20 -- mixing=HybridMixing(0.93, 14, 1.0, var"#1522#1530"{Int64,var"#periodise#1529"}(30, var"#periodise#1529"(), Core.Box(0.978564065186412), Core.Box(1.5214359348301278)), true, false)
#

hostname       = clustern09

started on     = 2020-08-07T23:25:39.046
julia threads  = 4
BLAS threads   = 4

temperature    = 0.0
smearing       = DFTK.Smearing.None()
diag(lattice)  = [16.32, 10.35, 97.85]
Ecut           = 20
fft_size       = (54, 36, 300)
kgrid          = [3, 5, 1]
irreducible k  = 15
n_bands        = 260
n_electr       = 488
mixing         = HybridMixing(0.93, 14, 1.0, var"#1522#1530"{Int64,var"#periodise#1529"}(30, var"#periodise#1529"(), Core.Box(0.978564065186412), Core.Box(1.5214359348301278)), true, false)
n     Energy            Eₙ-Eₙ₋₁     ρout-ρin   Diag
---   ---------------   ---------   --------   ----
  1   -1046.170799689         NaN   2.84e+00    37.3 
  2   -1047.053056090   -8.82e-01   1.14e+00    38.1 
  3   -1047.740306805   -6.87e-01   5.22e-01    37.3 
  4   -1047.938155142   -1.98e-01   2.87e-02    22.3 
  5   -1047.939663195   -1.51e-03   2.13e-02    20.1 
  6   -1047.940158971   -4.96e-04   6.92e-03    17.0 
  7   -1047.940437741   -2.79e-04   3.37e-03    19.6 
  8   -1047.940577213   -1.39e-04   2.07e-03    20.5 
  9   -1047.940643717   -6.65e-05   1.11e-03    20.5 
 10   -1047.940672701   -2.90e-05   5.95e-04    22.4 
 11   -1047.940680981   -8.28e-06   3.07e-04    22.6 
 12   -1047.940682976   -2.00e-06   1.60e-04    22.6 
 13   -1047.940683816   -8.40e-07   8.84e-05    25.3 
 14   -1047.940684123   -3.07e-07   6.26e-05    25.7 
 15   -1047.940684334   -2.11e-07   4.51e-05    25.5 
 16   -1047.940684553   -2.19e-07   2.92e-05    28.9 
 17   -1047.940684651   -9.76e-08   2.09e-05    28.7 
 18   -1047.940684707   -5.56e-08   1.41e-05    28.7 
 19   -1047.940684734   -2.71e-08   8.10e-06    28.7 
 20   -1047.940684741   -7.35e-09   5.16e-06    28.9 
 21   -1047.940684744   -2.57e-09   3.15e-06    28.3 
 22   -1047.940684745   -1.01e-09   1.65e-06    28.7 
 23   -1047.940684745   -2.96e-10   9.85e-07    26.6 
 24   -1047.940684745    3.46e-11   6.18e-07    25.0 
Energy breakdown:
    Kinetic             686.6029200
    AtomicLocal         -38953.3043266
    AtomicNonlocal      111.3917322
    Ewald               18197.4845146
    PspCorrection       -2.9024030
    Hartree             19161.5479459
    Xc                  -248.7610678

    total               -1047.940684744832

 ──────────────────────────────────────────────────────────────────────────────
                                       Time                   Allocations      
                               ──────────────────────   ───────────────────────
       Tot / % measured:           49409s / 100%            9661GiB / 100%     

 Section               ncalls     time   %tot     avg     alloc   %tot      avg
 ──────────────────────────────────────────────────────────────────────────────
 self_consistent_field      1   49391s   100%  49391s   9653GiB  100%   9653GiB
   LOBPCG                 360   46529s  94.2%    129s   8477GiB  87.7%  23.5GiB
     block multipli...  55.1k   15023s  30.4%   272ms   2362GiB  24.4%  43.9MiB
     Hamiltonian mu...  9.80k    8574s  17.4%   875ms   1178GiB  12.2%   123MiB
     rayleigh_ritz      9.44k    6724s  13.6%   712ms   42.8GiB  0.44%  4.64MiB
     ortho              41.0k    5286s  10.7%   129ms   1530GiB  15.8%  38.2MiB
   energy_hamiltonian      49    1711s  3.46%   34.9s    236GiB  2.45%  4.82GiB
   compute_density         24     599s  1.21%   25.0s    833GiB  8.63%  34.7GiB
   mixing Hybrid           24    92.9s  0.19%   3.87s   82.2GiB  0.85%  3.42GiB
   QR orthonormaliz...    360    83.2s  0.17%   231ms   20.5GiB  0.21%  58.4MiB
 PlaneWaveBasis             1    16.2s  0.03%   16.2s   7.71GiB  0.08%  7.71GiB
   Instantiation At...      1    7.90s  0.02%   7.90s   5.28GiB  0.05%  5.28GiB
   Instantiation Ewald      1    5.41s  0.01%   5.41s   2.19GiB  0.02%  2.19GiB
   Instantiation At...      1    1.99s  0.00%   1.99s   49.0MiB  0.00%  49.0MiB
   build_kpoints            1    181ms  0.00%   181ms    119MiB  0.00%   119MiB
   Instantiation Ha...      1   11.0ms  0.00%  11.0ms   13.4MiB  0.00%  13.4MiB
   Instantiation Ki...      1   8.77ms  0.00%  8.77ms   8.09MiB  0.00%  8.09MiB
   Instantiation Ps...      1    112μs  0.00%   112μs   2.38KiB  0.00%  2.38KiB
   Instantiation Xc         1   2.00μs  0.00%  2.00μs     32.0B  0.00%    32.0B
 guess_density              1    1.70s  0.00%   1.70s   75.7MiB  0.00%  75.7MiB
 spglib_get_symmetry        1   5.66ms  0.00%  5.66ms    250KiB  0.00%   250KiB
 ──────────────────────────────────────────────────────────────────────────────
