#
#-- SCF SiO2HVac n_repeat=20 -- mixing=RestaMixing(0.956, 14, 1.0)
#

hostname       = clustern09

started on     = 2020-08-08T13:09:11.494
julia threads  = 4
BLAS threads   = 4

temperature    = 0.0
smearing       = DFTK.Smearing.None()
diag(lattice)  = [16.32, 10.35, 97.85]
Ecut           = 20
fft_size       = (54, 36, 300)
kgrid          = [3, 5, 1]
irreducible k  = 15
n_bands        = 260
n_electr       = 488
mixing         = RestaMixing(0.956, 14, 1.0)
n     Energy            Eₙ-Eₙ₋₁     ρout-ρin   Diag
---   ---------------   ---------   --------   ----
  1   -1046.170780230         NaN   2.84e+00    37.0 
  2   -1046.944668955   -7.74e-01   1.18e+00    35.1 
  3   -1047.714918852   -7.70e-01   5.55e-01    36.1 
  4   -1047.937346231   -2.22e-01   2.85e-02    22.8 
  5   -1047.939075233   -1.73e-03   2.17e-02    21.8 
  6   -1047.939618826   -5.44e-04   8.41e-03    20.5 
  7   -1047.940053412   -4.35e-04   4.78e-03    26.3 
  8   -1047.940326904   -2.73e-04   3.30e-03    25.8 
  9   -1047.940472652   -1.46e-04   2.31e-03    23.4 
 10   -1047.940592743   -1.20e-04   1.48e-03    29.2 
 11   -1047.940644867   -5.21e-05   9.93e-04    26.2 
 12   -1047.940665372   -2.05e-05   7.39e-04    25.5 
 13   -1047.940678202   -1.28e-05   4.94e-04    28.2 
 14   -1047.940682048   -3.85e-06   3.47e-04    28.9 
 15   -1047.940683324   -1.28e-06   2.67e-04    28.5 
 16   -1047.940684184   -8.60e-07   1.79e-04    31.7 
 17   -1047.940684497   -3.14e-07   1.28e-04    31.2 
 18   -1047.940684622   -1.25e-07   9.43e-05    30.3 
 19   -1047.940684681   -5.94e-08   6.93e-05    31.2 
 20   -1047.940684716   -3.43e-08   4.89e-05    32.6 
 21   -1047.940684728   -1.21e-08   3.65e-05    33.3 
 22   -1047.940684738   -9.75e-09   2.45e-05    35.9 
 23   -1047.940684741   -3.20e-09   1.82e-05    36.7 
 24   -1047.940684743   -1.80e-09   1.34e-05    37.0 
 25   -1047.940684744   -9.79e-10   9.66e-06    38.3 
 26   -1047.940684744   -5.25e-10   7.17e-06    37.4 
 27   -1047.940684744   -2.92e-10   5.11e-06    36.5 
 28   -1047.940684745   -1.59e-10   3.09e-06    37.4 
 29   -1047.940684745   -5.87e-11   1.65e-06    37.0 
 30   -1047.940684745   -1.41e-10   9.43e-07    32.7 
 31   -1047.940684745    3.41e-12   5.08e-07    32.5 
Energy breakdown:
    Kinetic             686.6029243
    AtomicLocal         -38953.3040621
    AtomicNonlocal      111.3917322
    Ewald               18197.4845146
    PspCorrection       -2.9024030
    Hartree             19161.5476785
    Xc                  -248.7610691

    total               -1047.940684744833

 ──────────────────────────────────────────────────────────────────────────────
                                       Time                   Allocations      
                               ──────────────────────   ───────────────────────
       Tot / % measured:           75963s / 100%            13201GiB / 100%    

 Section               ncalls     time   %tot     avg     alloc   %tot      avg
 ──────────────────────────────────────────────────────────────────────────────
 self_consistent_field      1   75946s   100%  75946s   13193GiB 100%   13193GiB
   LOBPCG                 465   72207s  95.1%    155s   11785GiB 89.3%  25.3GiB
     block multipli...  85.1k   24384s  32.1%   286ms   3376GiB  25.6%  40.6MiB
     Hamiltonian mu...  15.0k   13164s  17.3%   880ms   1642GiB  12.4%   112MiB
     rayleigh_ritz      14.5k   10246s  13.5%   706ms   59.4GiB  0.45%  4.19MiB
     ortho              62.8k    8224s  10.8%   131ms   2144GiB  16.2%  34.9MiB
   energy_hamiltonian      63    2473s  3.25%   39.2s    305GiB  2.31%  4.84GiB
   compute_density         31     803s  1.06%   25.9s   1077GiB  8.16%  34.7GiB
   QR orthonormaliz...    465    77.1s  0.10%   166ms   20.5GiB  0.16%  45.2MiB
   mixing Resta            31    849ms  0.00%  27.4ms    552MiB  0.00%  17.8MiB
 PlaneWaveBasis             1    15.3s  0.02%   15.3s   7.69GiB  0.06%  7.69GiB
   Instantiation At...      1    7.09s  0.01%   7.09s   5.28GiB  0.04%  5.28GiB
   Instantiation Ewald      1    5.23s  0.01%   5.23s   2.19GiB  0.02%  2.19GiB
   Instantiation At...      1    1.87s  0.00%   1.87s   49.0MiB  0.00%  49.0MiB
   build_kpoints            1    758ms  0.00%   758ms    119MiB  0.00%   119MiB
   Instantiation Ha...      1   10.3ms  0.00%  10.3ms   13.4MiB  0.00%  13.4MiB
   Instantiation Ki...      1   8.79ms  0.00%  8.79ms   8.09MiB  0.00%  8.09MiB
   Instantiation Ps...      1    104μs  0.00%   104μs   2.38KiB  0.00%  2.38KiB
   Instantiation Xc         1   1.73μs  0.00%  1.73μs     32.0B  0.00%    32.0B
 guess_density              1    1.59s  0.00%   1.59s   75.7MiB  0.00%  75.7MiB
 spglib_get_symmetry        1   5.60ms  0.00%  5.60ms    250KiB  0.00%   250KiB
 ──────────────────────────────────────────────────────────────────────────────
