#
#-- SCF SiO2HVac n_repeat=20 -- mixing=KerkerMixing(0.999, 1.0)
#

hostname       = clustern13

started on     = 2020-08-11T14:07:09.241
julia threads  = 4
BLAS threads   = 4

temperature    = 0.0
smearing       = DFTK.Smearing.None()
diag(lattice)  = [16.32, 10.35, 97.85]
Ecut           = 20
fft_size       = (54, 36, 300)
kgrid          = [3, 5, 1]
irreducible k  = 15
n_bands        = 260
n_electr       = 488
mixing         = KerkerMixing(0.999, 1.0)
n     Energy            Eₙ-Eₙ₋₁     ρout-ρin   Diag
---   ---------------   ---------   --------   ----
  1   -1046.170789406         NaN   2.84e+00    37.3 
  2   -1046.775163560   -6.04e-01   1.25e+00    36.3 
  3   -1047.677403315   -9.02e-01   6.02e-01    36.5 
  4   -1047.934568351   -2.57e-01   2.93e-02    30.2 
  5   -1047.936549345   -1.98e-03   2.30e-02    25.8 
  6   -1047.937067281   -5.18e-04   1.12e-02    19.5 
  7   -1047.937628763   -5.61e-04   7.65e-03    20.8 
  8   -1047.938060049   -4.31e-04   6.04e-03    25.4 
  9   -1047.938311312   -2.51e-04   5.08e-03    24.7 
 10   -1047.938642569   -3.31e-04   4.08e-03    30.1 
 11   -1047.938863149   -2.21e-04   3.47e-03    30.1 
 12   -1047.939025033   -1.62e-04   3.05e-03    30.0 
 13   -1047.939216439   -1.91e-04   2.59e-03    32.3 
 14   -1047.939385545   -1.69e-04   2.21e-03    33.8 
 15   -1047.939483757   -9.82e-05   2.00e-03    33.5 
 16   -1047.939586682   -1.03e-04   1.80e-03    33.3 
 17   -1047.939682587   -9.59e-05   1.64e-03    32.1 
 18   -1047.939756783   -7.42e-05   1.53e-03    32.5 
 19   -1047.939799700   -4.29e-05   1.47e-03    31.6 
 20   -1047.939861914   -6.22e-05   1.39e-03    33.8 
 21   -1047.939936698   -7.48e-05   1.30e-03    35.0 
 22   -1047.940024299   -8.76e-05   1.20e-03    38.3 
 23   -1047.940121481   -9.72e-05   1.10e-03    35.8 
 24   -1047.940191948   -7.05e-05   1.04e-03    34.3 
 25   -1047.940265888   -7.39e-05   9.75e-04    33.4 
 26   -1047.940313249   -4.74e-05   9.35e-04    35.5 
 27   -1047.940368498   -5.52e-05   8.89e-04    34.0 
 28   -1047.940418862   -5.04e-05   8.42e-04    35.5 
 29   -1047.940462597   -4.37e-05   7.98e-04    37.3 
 30   -1047.940499256   -3.67e-05   7.56e-04    42.1 
 31   -1047.940528488   -2.92e-05   7.19e-04    39.3 
 32   -1047.940543920   -1.54e-05   6.92e-04    39.5 
 33   -1047.940558809   -1.49e-05   6.68e-04    39.2 
 34   -1047.940569375   -1.06e-05   6.45e-04    39.2 
 35   -1047.940579486   -1.01e-05   6.22e-04    36.4 
 36   -1047.940591573   -1.21e-05   5.91e-04    40.4 
 37   -1047.940601371   -9.80e-06   5.58e-04    41.1 
 38   -1047.940610313   -8.94e-06   5.25e-04    37.4 
 39   -1047.940618215   -7.90e-06   4.91e-04    36.9 
 40   -1047.940632189   -1.40e-05   4.30e-04    40.1 
 41   -1047.940643105   -1.09e-05   3.74e-04    38.9 
 42   -1047.940652193   -9.09e-06   3.24e-04    38.3 
 43   -1047.940662430   -1.02e-05   2.59e-04    40.1 
 44   -1047.940663650   -1.22e-06   2.51e-04    29.8 
 45   -1047.940672866   -9.22e-06   1.78e-04    42.4 
 46   -1047.940673051   -1.85e-07   1.77e-04    23.2 
 47   -1047.940676681   -3.63e-06   1.42e-04    37.5 
 48   -1047.940677501   -8.20e-07   1.34e-04    30.5 
 49   -1047.940677913   -4.12e-07   1.30e-04    27.4 
 50   -1047.940679639   -1.73e-06   1.11e-04    32.4 
Energy breakdown:
    Kinetic             686.6071414
    AtomicLocal         -38953.6614628
    AtomicNonlocal      111.3920206
    Ewald               18197.4845146
    PspCorrection       -2.9024030
    Hartree             19161.9016922
    Xc                  -248.7621827

    total               -1047.940679638901

 ──────────────────────────────────────────────────────────────────────────────
                                       Time                   Allocations      
                               ──────────────────────   ───────────────────────
       Tot / % measured:           113988s / 100%           23737GiB / 100%    

 Section               ncalls     time   %tot     avg     alloc   %tot      avg
 ──────────────────────────────────────────────────────────────────────────────
 self_consistent_field      1   113972s   100%  113972s   23729GiB 100%   23729GiB
   LOBPCG                 750   109514s  96.1%    146s   21473GiB 90.5%  28.6GiB
     block multipli...   150k   38240s  33.5%   255ms   6404GiB  27.0%  43.7MiB
     Hamiltonian mu...  26.3k   18838s  16.5%   717ms   2981GiB  12.6%   116MiB
     rayleigh_ritz      25.5k   16711s  14.7%   655ms    114GiB  0.48%  4.56MiB
     ortho               110k   12044s  10.6%   109ms   3960GiB  16.7%  36.7MiB
   energy_hamiltonian     101    3027s  2.66%   30.0s    491GiB  2.07%  4.87GiB
   compute_density         50     980s  0.86%   19.6s   1736GiB  7.32%  34.7GiB
   QR orthonormaliz...    750    73.0s  0.06%  97.4ms   20.5GiB  0.09%  28.0MiB
   mixing Kerker           50    4.81s  0.00%  96.1ms    890MiB  0.00%  17.8MiB
 PlaneWaveBasis             1    13.0s  0.01%   13.0s   7.69GiB  0.03%  7.69GiB
   Instantiation At...      1    5.71s  0.01%   5.71s   5.28GiB  0.02%  5.28GiB
   Instantiation Ewald      1    5.41s  0.00%   5.41s   2.19GiB  0.01%  2.19GiB
   Instantiation At...      1    1.69s  0.00%   1.69s   49.0MiB  0.00%  49.0MiB
   build_kpoints            1    180ms  0.00%   180ms    119MiB  0.00%   119MiB
   Instantiation Ha...      1   6.56ms  0.00%  6.56ms   13.4MiB  0.00%  13.4MiB
   Instantiation Ki...      1   5.49ms  0.00%  5.49ms   8.09MiB  0.00%  8.09MiB
   Instantiation Ps...      1    109μs  0.00%   109μs   2.38KiB  0.00%  2.38KiB
   Instantiation Xc         1    849ns  0.00%   849ns     32.0B  0.00%    32.0B
 guess_density              1    1.45s  0.00%   1.45s   75.7MiB  0.00%  75.7MiB
 spglib_get_symmetry        1   4.76ms  0.00%  4.76ms    250KiB  0.00%   250KiB
 ──────────────────────────────────────────────────────────────────────────────
