#
#-- optimal_damping AlGaAsSiO2H n_repeat=10 -- mixing=SimpleMixing(1.0)
#

Starting Arnoldi (now = 2020-08-03T08:56:00.009 ...

#--- 1 ---#
idcs      evals   residnorms   |P(X)|
  1    0.999403    0.203516  4.80112e-16

#--- 2 ---#
idcs      evals   residnorms   |P(X)|
  1    0.999282    0.081636  4.80366e-16
  2     124.714     49.6255  3.9409e-16

#--- 3 ---#
idcs      evals   residnorms   |P(X)|
  1     0.99911   0.0867507  4.79159e-16
  2     19.7793     21.4801  4.21709e-16
  3     147.303     10.0897  4.17043e-16

#--- 4 ---#
idcs      evals   residnorms   |P(X)|
  1    0.998621   0.0494924  4.79692e-16
  2     6.30558     4.54621  4.27159e-16
  3     53.0834     7.08531  4.10734e-16
  4     149.074    0.818963  3.92552e-16

#--- 5 ---#
idcs      evals   residnorms   |P(X)|
  1    0.998347   0.0424028  4.79684e-16
  2     3.58668     2.76719  4.51449e-16
  3     13.9829     4.65777  4.14595e-16
  4     54.5637    0.939772  3.93972e-16
  5     149.146   0.0337299  4.40773e-16

#--- 6 ---#
idcs      evals   residnorms   |P(X)|
  1    0.998277   0.0296607  4.79926e-16
  2     2.88095     1.73069  4.55792e-16
  3     10.5331     4.05535  4.2964e-16
  4     19.9618      5.4521  3.92112e-16
  5     54.6945    0.175277  4.08633e-16
  6     149.148  0.00180206  4.24729e-16

#--- 7 ---#
idcs      evals   residnorms   |P(X)|
  1    0.998154   0.0271221  4.7915e-16
  2     2.47607     1.65259  4.5194e-16
  3     6.53438      3.7944  4.52087e-16
  4     14.0625     3.31448  4.03082e-16
  5     23.1731     3.30808  3.81789e-16
  6     54.7102   0.0275447  4.00829e-16
  7     149.148  8.44612e-05  4.03782e-16

#--- 8 ---#
idcs      evals   residnorms   |P(X)|
  1    0.998069   0.0221071  4.80226e-16
  2     2.03666     1.27457  4.52577e-16
  3     4.35603      1.9437  4.39581e-16
  4     10.9377     1.98843  4.26277e-16
  5     17.7807     2.54655  3.92263e-16
  6     24.4763     1.67923  4.36101e-16
  7     54.7088  0.00321927  4.18188e-16
  8     149.148  2.92844e-06  4.10768e-16

#--- 9 ---#
idcs      evals   residnorms   |P(X)|
  1    0.997907   0.0186523  4.79631e-16
  2     1.59871    0.820707  4.61914e-16
  3     3.28038     1.03286  4.51605e-16
  4     6.64317     1.43254  4.16383e-16
  5     11.9137    0.637073  4.13041e-16
  6     18.7039    0.501503  3.968e-16
  7     24.7488    0.237984  4.45877e-16
  8     54.7086  0.000151085  4.01316e-16
  9     149.148  4.53674e-08  4.02678e-16

#--- 10 ---#
idcs      evals   residnorms   |P(X)|
  1    0.997796   0.0199083  4.79061e-16
  2     1.39425     0.68357  4.61132e-16
  3     2.87262     1.05664  4.57958e-16
  4     4.87556     1.84084  4.43288e-16
  5     7.64162      1.4476  4.03062e-16
  6     12.0307    0.274733  4.32052e-16
  7     18.7648    0.103687  4.2199e-16
  8     24.7526   0.0336532  4.42906e-16
  9     54.7086  8.23037e-06  3.88054e-16
 10     149.148  8.45489e-10  4.20383e-16

#--- 11 ---#
idcs      evals   residnorms   |P(X)|
  1    0.997665   0.0228049  4.79092e-16
  2     1.25891    0.588855  4.63321e-16
  3     2.52308     1.12322  4.5448e-16
  4     3.76873     1.31455  4.55249e-16
  5     6.66972     1.39313  4.15266e-16
  6     9.09131     1.91264  4.07117e-16
  7     12.0725    0.190253  4.26919e-16
  8     18.7869   0.0271787  3.98068e-16
  9     24.7501  0.00578184  4.48408e-16
 10     54.7086  5.22702e-07  3.99713e-16
 11     149.148  1.80726e-11  4.16069e-16

 ──────────────────────────────────────────────────────────────────────────────
                                       Time                   Allocations      
                               ──────────────────────   ───────────────────────
       Tot / % measured:           183839s / 100%          226326GiB / 100%    

 Section               ncalls     time   %tot     avg     alloc   %tot      avg
 ──────────────────────────────────────────────────────────────────────────────
 apply_χ0                  11   183743s   100%  16704s   226269GiB100%   20570GiB
   Hamiltonian mult...   248k   27203s  14.8%   110ms   1892GiB  0.84%  7.83MiB
   compute_density         11     218s  0.12%   19.8s    313GiB  0.14%  28.5GiB
 PlaneWaveBasis             1    28.7s  0.02%   28.7s   19.0GiB  0.01%  19.0GiB
   Instantiation At...      1    17.7s  0.01%   17.7s   14.8GiB  0.01%  14.8GiB
   Instantiation Ewald      1    7.86s  0.00%   7.86s   3.98GiB  0.00%  3.98GiB
   Instantiation At...      1    3.00s  0.00%   3.00s   72.6MiB  0.00%  72.6MiB
   build_kpoints            1    135ms  0.00%   135ms    126MiB  0.00%   126MiB
   Instantiation Ha...      1   16.2ms  0.00%  16.2ms   12.8MiB  0.00%  12.8MiB
   Instantiation Ki...      1   5.42ms  0.00%  5.42ms   6.67MiB  0.00%  6.67MiB
   Instantiation Ps...      1    295μs  0.00%   295μs   4.86KiB  0.00%  4.86KiB
   Instantiation En...      1   4.72μs  0.00%  4.72μs     16.0B  0.00%    16.0B
   Instantiation Xc         1   3.27μs  0.00%  3.27μs     32.0B  0.00%    32.0B
 compute_density            1    25.3s  0.01%   25.3s   28.8GiB  0.01%  28.8GiB
 spglib_get_symmetry        1   29.0ms  0.00%  29.0ms    215KiB  0.00%   215KiB
 mixing Simple             11    130μs  0.00%  11.8μs     0.00B  0.00%    0.00B
 ──────────────────────────────────────────────────────────────────────────────
