#
#-- optimal_damping AlGaAsSiO2H n_repeat=10 -- mixing=KerkerMixing(1.0, 1.0)
#

Starting Arnoldi (now = 2020-07-31T20:46:55.417 ...

#--- 1 ---#
idcs      evals   residnorms   |P(X)|
  1    0.981826    0.107718  5.02865e-16

#--- 2 ---#
idcs      evals   residnorms   |P(X)|
  1    0.495226    0.405687  4.61678e-16
  2     0.98386   0.0876989  5.01762e-16

#--- 3 ---#
idcs      evals   residnorms   |P(X)|
  1     0.22398    0.285475  4.6405e-16
  2    0.978065    0.199323  4.96553e-16
  3     1.12125    0.429527  4.76467e-16

#--- 4 ---#
idcs      evals   residnorms   |P(X)|
  1    0.171469    0.134042  4.53414e-16
  2    0.786135    0.250131  4.72159e-16
  3    0.985594   0.0816169  4.99552e-16
  4     1.79037    0.380789  4.71592e-16

#--- 5 ---#
idcs      evals   residnorms   |P(X)|
  1    0.156077    0.128506  4.47843e-16
  2    0.416631    0.266156  4.51986e-16
  3    0.972881    0.145142  4.92129e-16
  4     1.03195    0.178791  4.82638e-16
  5     1.92467    0.132666  4.69577e-16

#--- 6 ---#
idcs      evals   residnorms   |P(X)|
  1    0.105458    0.104583  4.52366e-16
  2    0.342153    0.211575  4.64005e-16
  3    0.752437    0.233454  4.71005e-16
  4    0.984701   0.0612034  5.02346e-16
  5     1.25156      0.2374  4.9399e-16
  6      1.9415   0.0660769  4.65214e-16

#--- 7 ---#
idcs      evals   residnorms   |P(X)|
  1   0.0834565   0.0938978  4.58278e-16
  2    0.284875    0.174185  4.67624e-16
  3    0.589783    0.238799  4.6408e-16
  4    0.978785    0.104681  4.9858e-16
  5     1.06671    0.212959  4.82438e-16
  6     1.55642    0.414704  4.83857e-16
  7     1.94834   0.0695282  4.66239e-16

#--- 8 ---#
idcs      evals   residnorms   |P(X)|
  1   0.0778799   0.0679556  4.51077e-16
  2    0.205885    0.105045  4.63734e-16
  3    0.500069    0.164569  4.59509e-16
  4    0.806958    0.150403  4.70481e-16
  5    0.985644   0.0373507  5.01077e-16
  6     1.23598    0.123515  4.96213e-16
  7     1.85593    0.201763  4.73666e-16
  8     1.96775    0.101075  4.73292e-16

#--- 9 ---#
idcs      evals   residnorms   |P(X)|
  1   0.0711065   0.0615471  4.62511e-16
  2    0.179812    0.103152  4.65869e-16
  3    0.411296    0.199207  4.62703e-16
  4    0.648517     0.21999  4.62588e-16
  5    0.944778    0.190803  4.83269e-16
  6    0.994337    0.115218  4.96742e-16
  7     1.27256    0.110511  4.93937e-16
  8     1.88573   0.0711717  4.69215e-16
  9     1.97919   0.0486122  4.79368e-16

#--- 10 ---#
idcs      evals   residnorms   |P(X)|
  1   0.0622056   0.0474329  4.59875e-16
  2    0.169291   0.0858819  4.77433e-16
  3    0.346317    0.164323  4.50316e-16
  4     0.59722    0.191595  4.59348e-16
  5    0.851047    0.175265  4.78504e-16
  6    0.986657   0.0479199  5.0265e-16
  7     1.23722     0.19281  4.98943e-16
  8     1.45849    0.492541  4.76022e-16
  9      1.8971   0.0764084  4.72748e-16
 10      1.9833   0.0523685  4.80739e-16

#--- 11 ---#
idcs      evals   residnorms   |P(X)|
  1   0.0584567   0.0395105  4.62502e-16
  2    0.164072   0.0995263  4.7895e-16
  3    0.262416    0.160519  4.54815e-16
  4    0.513262    0.184071  4.64693e-16
  5    0.689611    0.178133  4.638e-16
  6    0.954154    0.134126  4.88707e-16
  7     0.99581   0.0878694  4.95327e-16
  8      1.2616   0.0664288  4.94471e-16
  9     1.78493     0.22281  4.71098e-16
 10     1.91338   0.0961841  4.6936e-16
 11      1.9898   0.0569804  4.88715e-16

#--- 12 ---#
idcs      evals   residnorms   |P(X)|
  1   0.0577332    0.033931  4.62249e-16
  2    0.138318   0.0888317  4.77127e-16
  3    0.228829     0.11073  4.64358e-16
  4    0.430184    0.134352  4.5645e-16
  5    0.658633    0.163393  4.66144e-16
  7    0.985514   0.0466711  5.01467e-16
  8     1.12165    0.225436  4.82948e-16
  9     1.26633    0.094082  4.86669e-16
 10     1.83615   0.0848991  4.74642e-16
 11     1.92876   0.0575137  4.56896e-16
 12      1.9953   0.0350476  4.89383e-16

#--- 13 ---#
idcs      evals   residnorms   |P(X)|
  1   0.0572303   0.0329813  4.65617e-16
  2    0.118523   0.0791768  4.7827e-16
  3    0.219912   0.0912623  4.70207e-16
  4    0.379978    0.142421  4.64751e-16
  5    0.616463    0.220077  4.65987e-16
  8    0.996078     0.12754  4.98315e-16
  9     1.24509    0.155566  4.81215e-16
 10     1.36077    0.332552  4.82778e-16
 11     1.84674     0.06084  4.68831e-16
 12     1.93236   0.0416931  4.5867e-16
 13     1.99681   0.0239876  4.99716e-16

#--- 14 ---#
idcs      evals   residnorms   |P(X)|
  1   0.0576824     0.02928  4.6868e-16
  2    0.109785   0.0754545  4.70249e-16
  3    0.201041   0.0861214  4.82578e-16
  4    0.331823    0.151395  4.6314e-16
  5    0.508715    0.168925  4.56517e-16
  9     1.12823    0.186508  4.80016e-16
 10     1.26574    0.080653  4.90533e-16
 11     1.71314    0.345219  4.70977e-16
 12     1.85726    0.118335  4.64087e-16
 13     1.93704   0.0646878  4.57888e-16
 14     1.99783   0.0313265  4.96063e-16

#--- 15 ---#
idcs      evals   residnorms   |P(X)|
  1   0.0546917   0.0314253  4.66734e-16
  2    0.103435   0.0916459  4.76901e-16
  3    0.168346    0.100331  4.80189e-16
  4    0.281173    0.138392  4.60298e-16
  5    0.415508    0.119145  4.46197e-16
 10      1.2071    0.150901  4.83722e-16
 11     1.28579    0.107799  4.85276e-16
 12     1.80337    0.108999  4.69786e-16
 13     1.89016   0.0953009  4.66254e-16
 14     1.94838   0.0652676  4.49214e-16
 15     1.99986   0.0267682  4.99236e-16

#--- 16 ---#
idcs      evals   residnorms   |P(X)|
  1   0.0557503   0.0412481  4.66748e-16
  2   0.0840002   0.0879337  4.80873e-16
  3    0.164715    0.105662  4.78531e-16
  4    0.236023    0.123333  4.63933e-16
  5    0.399565    0.143875  4.52551e-16
 11     1.23669    0.108386  4.86807e-16
 12     1.32664    0.138214  4.85835e-16
 13     1.82415   0.0427451  4.69393e-16
 14     1.90245   0.0470385  4.68747e-16
 15     1.95458   0.0380815  4.46463e-16
 16     2.00101   0.0148687  5.04596e-16

#--- 17 ---#
idcs      evals   residnorms   |P(X)|
  1   0.0520633   0.0882951  4.67691e-16
  2    0.063005   0.0985977  4.76103e-16
  3    0.141298   0.0910617  4.73754e-16
  4    0.210635   0.0858242  4.76821e-16
  5    0.365888    0.143137  4.56519e-16
 12      1.2764    0.100352  4.88133e-16
 13     1.47565    0.303336  4.93438e-16
 14     1.82188   0.0382626  4.70834e-16
 15     1.90618   0.0360148  4.69423e-16
 16     1.95578   0.0296223  4.4517e-16
 17     2.00131   0.0108125  5.11944e-16

#--- 18 ---#
idcs      evals   residnorms   |P(X)|
  1   0.0448377    0.050926  4.71078e-16
  2   0.0643482   0.0499009  4.72953e-16
  3    0.128205   0.0540184  4.74009e-16
  4    0.207518   0.0546577  4.7555e-16
  5     0.32017   0.0955035  4.58929e-16
 13     1.33102    0.133873  4.84188e-16
 14     1.74504    0.255226  4.82964e-16
 15     1.83964   0.0949718  4.72593e-16
 16     1.90831   0.0613449  4.68736e-16
 17     1.95888   0.0410814  4.50217e-16
 18     2.00153   0.0131002  5.07253e-16

#--- 19 ---#
idcs      evals   residnorms   |P(X)|
  1   0.0377064   0.0406468  4.7521e-16
  2   0.0637392   0.0323157  4.6712e-16
  3    0.120809   0.0480063  4.70754e-16
  4    0.201458   0.0648602  4.75326e-16
  5    0.277839    0.121171  4.62956e-16
 14     1.34472   0.0605149  4.8307e-16
 15     1.81127   0.0512121  4.78832e-16
 16     1.85725   0.0709159  4.7292e-16
 17       1.917   0.0344774  4.6904e-16
 18     1.96114   0.0217108  4.50891e-16
 19     2.00183  0.00583193  5.00393e-16

#--- 20 ---#
idcs      evals   residnorms   |P(X)|
  1   0.0331802   0.0357932  4.68647e-16
  2   0.0609663   0.0240289  4.69808e-16
  3    0.117185   0.0444807  4.7353e-16
  4    0.190232   0.0681523  4.79067e-16
  5    0.262607    0.123891  4.64993e-16
 15     1.35518   0.0924776  4.88605e-16
 16     1.80965   0.0253313  4.81159e-16
 17     1.86667   0.0377791  4.69368e-16
 18     1.91807   0.0208792  4.63935e-16
 19       1.962   0.0121774  4.48888e-16
 20     2.00183   0.0030902  5.07474e-16

#--- 21 ---#
idcs      evals   residnorms   |P(X)|
  1   0.0327035   0.0193019  4.62058e-16
  2    0.060535   0.0135665  4.67885e-16
  3    0.116764   0.0312188  4.67846e-16
  4    0.178469   0.0571257  4.82526e-16
  5    0.236407   0.0682672  4.70731e-16
 16      1.7193    0.339914  4.65952e-16
 17     1.81943   0.0818376  4.73534e-16
 18     1.86982   0.0969062  4.71455e-16
 19     1.91875    0.040851  4.71346e-16
 20     1.96205   0.0191019  4.46943e-16
 21     2.00188  0.00409622  5.07093e-16

#--- 22 ---#
idcs      evals   residnorms   |P(X)|
  1   0.0321079  0.00949143  4.7027e-16
  2    0.060453  0.00701109  4.65924e-16
  3    0.114319   0.0182033  4.66654e-16
  4    0.176358   0.0400445  4.72036e-16
  5    0.223458   0.0433461  4.71687e-16
 17     1.80479   0.0466258  4.76472e-16
 18     1.84242   0.0709199  4.61942e-16
 19     1.89925   0.0707007  4.65872e-16
 20     1.93006   0.0600243  4.58795e-16
 21     1.96352   0.0205002  4.56391e-16
 22     2.00192  0.00299081  5.14483e-16

#--- 23 ---#
idcs      evals   residnorms   |P(X)|
  1   0.0318418  0.00479612  4.6335e-16
  2   0.0603889  0.00366686  4.65624e-16
  3    0.114043   0.0103956  4.64388e-16
  4    0.176692   0.0256861  4.73126e-16
  5    0.225055   0.0327828  4.62027e-16
 18     1.80545   0.0156605  4.79341e-16
 19     1.85251   0.0265926  4.66599e-16
 20     1.90806   0.0304871  4.67437e-16
 21     1.93482   0.0381533  4.54651e-16
 22     1.96396   0.0120944  4.58171e-16
 23     2.00192  0.00145739  5.12902e-16

#--- 24 ---#
idcs      evals   residnorms   |P(X)|
  1   0.0318335  0.00295877  4.59726e-16
  2   0.0603657   0.0023841  4.66503e-16
  3    0.113681  0.00763568  4.60118e-16
  4    0.172692   0.0206677  4.72912e-16
  5    0.220923   0.0260948  4.76407e-16
 19     1.80715   0.0361355  4.79916e-16
 20     1.85106    0.049243  4.68243e-16
 21     1.90824   0.0401617  4.67111e-16
 22       1.939   0.0536826  4.56544e-16
 23     1.96432    0.018561  4.58156e-16
 24     2.00192  0.00188125  5.23052e-16

 ──────────────────────────────────────────────────────────────────────────────
                                       Time                   Allocations      
                               ──────────────────────   ───────────────────────
       Tot / % measured:           407392s / 100%          495730GiB / 100%    

 Section               ncalls     time   %tot     avg     alloc   %tot      avg
 ──────────────────────────────────────────────────────────────────────────────
 apply_χ0                  24   407241s   100%  16968s   495650GiB100%   20652GiB
   Hamiltonian mult...   631k   67257s  16.5%   107ms   4821GiB  0.97%  7.83MiB
   compute_density         24     455s  0.11%   19.0s    684GiB  0.14%  28.5GiB
 PlaneWaveBasis             1    27.0s  0.01%   27.0s   19.0GiB  0.00%  19.0GiB
   Instantiation At...      1    16.9s  0.00%   16.9s   14.8GiB  0.00%  14.8GiB
   Instantiation Ewald      1    7.18s  0.00%   7.18s   3.98GiB  0.00%  3.98GiB
   Instantiation At...      1    2.71s  0.00%   2.71s   72.6MiB  0.00%  72.6MiB
   build_kpoints            1    176ms  0.00%   176ms    126MiB  0.00%   126MiB
   Instantiation Ha...      1   13.6ms  0.00%  13.6ms   12.8MiB  0.00%  12.8MiB
   Instantiation Ki...      1   4.50ms  0.00%  4.50ms   6.67MiB  0.00%  6.67MiB
   Instantiation Ps...      1    137μs  0.00%   137μs   4.86KiB  0.00%  4.86KiB
   Instantiation En...      1   3.19μs  0.00%  3.19μs     16.0B  0.00%    16.0B
   Instantiation Xc         1   2.86μs  0.00%  2.86μs     32.0B  0.00%    32.0B
 compute_density            1    19.6s  0.00%   19.6s   28.8GiB  0.01%  28.8GiB
 mixing Kerker             24    968ms  0.00%  40.4ms    662MiB  0.00%  27.6MiB
 spglib_get_symmetry        1   4.23ms  0.00%  4.23ms    215KiB  0.00%   215KiB
 ──────────────────────────────────────────────────────────────────────────────
