#
#-- optimal_damping AlGaAsSiO2H n_repeat=10 -- mixing=HybridMixing(1.0, 14, 1.0, identity, true, false)
#

Starting Arnoldi (now = 2020-07-31T10:06:15.051 ...

#--- 1 ---#
idcs      evals   residnorms   |P(X)|
  1    0.970278   0.0755559  4.70798e-16

#--- 2 ---#
idcs      evals   residnorms   |P(X)|
  1    0.628787    0.390428  4.61177e-16
  2    0.976829   0.0846599  4.71242e-16

#--- 3 ---#
idcs      evals   residnorms   |P(X)|
  1    0.452607    0.311548  4.54522e-16
  2     0.97082    0.111122  4.71585e-16
  3     1.27675    0.541707  4.58342e-16

#--- 4 ---#
idcs      evals   residnorms   |P(X)|
  1     0.38882    0.207042  4.70276e-16
  2    0.760074    0.292637  4.66071e-16
  3    0.978789    0.071075  4.69527e-16
  4     1.81498    0.303657  4.44245e-16

#--- 5 ---#
idcs      evals   residnorms   |P(X)|
  1    0.355773    0.170334  4.64632e-16
  2    0.577348    0.260012  4.58461e-16
  3    0.964144    0.159958  4.70248e-16
  4     1.04267    0.264128  4.6468e-16
  5     1.91469    0.114021  4.42428e-16

#--- 6 ---#
idcs      evals   residnorms   |P(X)|
  1    0.329359    0.121991  4.64276e-16
  2    0.530745    0.211824  4.54445e-16
  3    0.833928    0.260546  4.61172e-16
  4    0.980991   0.0830576  4.69261e-16
  5     1.37449    0.350291  4.61018e-16
  6     1.93243    0.075584  4.43077e-16

#--- 7 ---#
idcs      evals   residnorms   |P(X)|
  1    0.315405   0.0861907  4.74559e-16
  2    0.515317    0.189519  4.60306e-16
  3    0.698597    0.252724  4.61712e-16
  4    0.972951   0.0973971  4.70382e-16
  5     1.08742    0.259358  4.6623e-16
  6     1.69501    0.316759  4.56331e-16
  7     1.94543   0.0869076  4.44384e-16

#--- 8 ---#
idcs      evals   residnorms   |P(X)|
  1    0.312838   0.0675222  4.71608e-16
  2    0.463625    0.167559  4.59859e-16
  3    0.612214    0.213858  4.55216e-16
  4    0.864288    0.194535  4.6436e-16
  5    0.982477   0.0640423  4.68813e-16
  6     1.28498    0.195916  4.72958e-16
  7      1.8407    0.147282  4.43968e-16
  8     1.96604   0.0798618  4.45931e-16

#--- 9 ---#
idcs      evals   residnorms   |P(X)|
  1      0.3142   0.0689088  4.73583e-16
  2    0.411952    0.155897  4.60277e-16
  3    0.595115    0.211914  4.58437e-16
  4    0.762717    0.243556  4.59055e-16
  5    0.974459     0.10033  4.69931e-16
  6     1.07711    0.284293  4.6221e-16
  7     1.41016    0.254162  4.70519e-16
  8     1.87078   0.0934258  4.37892e-16
  9     1.97587   0.0606862  4.57145e-16

#--- 10 ---#
idcs      evals   residnorms   |P(X)|
  1    0.314079   0.0621937  4.71428e-16
  2    0.372993    0.118003  4.66021e-16
  3    0.565124    0.169084  4.57844e-16
  4    0.674009    0.199051  4.51983e-16
  5    0.902454     0.16766  4.62951e-16
  6    0.985292   0.0664897  4.6802e-16
  7     1.28244    0.162565  4.68254e-16
  8     1.65682     0.27117  4.64767e-16
  9     1.89179   0.0945766  4.36426e-16
 10     1.98419   0.0612848  4.4967e-16

#--- 11 ---#
idcs      evals   residnorms   |P(X)|
  1    0.305444   0.0573616  4.67055e-16
  2    0.364136    0.115148  4.66921e-16
  3    0.506958    0.158191  4.59169e-16
  4    0.656936    0.204835  4.57984e-16
  5    0.807383    0.209556  4.63932e-16
  6    0.976999    0.080177  4.70136e-16
  7     1.07948    0.253962  4.59035e-16
  8     1.33963    0.162189  4.67981e-16
  9     1.76526    0.160241  4.51258e-16
 10     1.90943    0.079957  4.41105e-16
 11     1.99145   0.0513454  4.46864e-16

#--- 12 ---#
idcs      evals   residnorms   |P(X)|
  1    0.295629   0.0540149  4.60612e-16
  2    0.355246    0.104293  4.68225e-16
  3    0.464652    0.140981  4.66491e-16
  4     0.63025    0.188833  4.56707e-16
  5     0.72648    0.204253  4.61506e-16
  7    0.988977   0.0893066  4.67319e-16
  8     1.26877    0.178018  4.73463e-16
  9     1.49099    0.281935  4.59829e-16
 10     1.81884     0.13939  4.4702e-16
 11     1.92492   0.0879212  4.42775e-16
 12     1.99747   0.0550271  4.42241e-16

#--- 13 ---#
idcs      evals   residnorms   |P(X)|
  1    0.287554   0.0509739  4.60422e-16
  2    0.341563   0.0827211  4.73245e-16
  3    0.438777    0.120777  4.68104e-16
  4    0.568197    0.149213  4.57303e-16
  5    0.706698    0.174321  4.49147e-16
  8     1.09826     0.20246  4.63965e-16
  9     1.32121    0.121254  4.75655e-16
 10     1.65329    0.189116  4.69163e-16
 11     1.85485    0.105828  4.37158e-16
 12       1.943   0.0825968  4.50408e-16
 13     2.00449   0.0553781  4.36802e-16

#--- 14 ---#
idcs      evals   residnorms   |P(X)|
  1    0.281492   0.0612311  4.59847e-16
  2      0.3289   0.0840925  4.73181e-16
  3     0.42297    0.142413  4.64745e-16
  4    0.514818    0.168029  4.63613e-16
  5    0.693267    0.218995  4.55136e-16
  9     1.22422    0.209498  4.62932e-16
 10     1.35767    0.164852  4.65564e-16
 11     1.70284     0.11689  4.65975e-16
 12     1.87206   0.0629459  4.35592e-16
 13     1.95342   0.0536914  4.51822e-16
 14     2.00953   0.0389217  4.45011e-16

#--- 15 ---#
idcs      evals   residnorms   |P(X)|
  1    0.268211   0.0624821  4.59124e-16
  2    0.319527   0.0635333  4.73615e-16
  3    0.394481    0.109462  4.64706e-16
  4    0.490355    0.127118  4.63868e-16
  5    0.632029    0.153994  4.5707e-16
 10     1.31472    0.130005  4.6594e-16
 11     1.55912    0.293344  4.62513e-16
 12     1.75952    0.195427  4.5178e-16
 13     1.88209   0.0908715  4.29649e-16
 14     1.96027   0.0668279  4.53367e-16
 15     2.01275   0.0473033  4.43474e-16

#--- 16 ---#
idcs      evals   residnorms   |P(X)|
  1    0.254243   0.0685251  4.55856e-16
  2    0.310749   0.0567997  4.69315e-16
  3    0.365342   0.0943137  4.70644e-16
  4     0.46998    0.119546  4.6594e-16
  5     0.56513    0.145465  4.55352e-16
 11     1.33859   0.0685107  4.78222e-16
 12     1.65058   0.0966096  4.68255e-16
 13     1.81617   0.0980353  4.36772e-16
 14     1.90061   0.0648618  4.32447e-16
 15     1.96878   0.0448572  4.59582e-16
 16     2.01719    0.031686  4.36768e-16

#--- 17 ---#
idcs      evals   residnorms   |P(X)|
  1    0.247995   0.0637039  4.44002e-16
  2    0.304545   0.0509251  4.68745e-16
  3    0.354179   0.0816414  4.64342e-16
  4    0.453891    0.110215  4.68458e-16
  5    0.539496    0.135626  4.60248e-16
 12     1.37287    0.223829  4.61276e-16
 13     1.66771   0.0954789  4.73884e-16
 14     1.83555   0.0785921  4.36399e-16
 15     1.90864   0.0609413  4.35645e-16
 16     1.97235    0.039441  4.55059e-16
 17     2.01887    0.026705  4.35881e-16

#--- 18 ---#
idcs      evals   residnorms   |P(X)|
  1    0.235777   0.0553724  4.48292e-16
  2    0.295462   0.0393833  4.67361e-16
  3     0.34714   0.0645843  4.74297e-16
  4    0.425851   0.0963847  4.74481e-16
  5    0.520592    0.128327  4.58809e-16
 13     1.61431    0.165739  4.67807e-16
 14      1.7321    0.187691  4.57726e-16
 15     1.85222   0.0981788  4.35792e-16
 16     1.91927   0.0752281  4.39075e-16
 17     1.97628   0.0439344  4.51631e-16
 18     2.02057    0.026602  4.39106e-16

#--- 19 ---#
idcs      evals   residnorms   |P(X)|
  1    0.234772   0.0471001  4.50282e-16
  2    0.290425   0.0406247  4.63365e-16
  3    0.339205   0.0634211  4.73332e-16
  4    0.404927   0.0989727  4.76306e-16
  5    0.496111    0.124516  4.60128e-16
 14     1.64108   0.0633914  4.68325e-16
 15     1.77618   0.0915913  4.53706e-16
 16     1.86986   0.0594248  4.32279e-16
 17     1.93096   0.0537619  4.4517e-16
 18     1.97996   0.0318642  4.52224e-16
 19      2.0217   0.0172526  4.35304e-16

#--- 20 ---#
idcs      evals   residnorms   |P(X)|
  1    0.228145    0.041817  4.43901e-16
  2    0.285694   0.0406604  4.66144e-16
  3    0.329545    0.058838  4.73249e-16
  4    0.389794   0.0931529  4.77574e-16
  5    0.469024    0.105725  4.6361e-16
 15     1.65005   0.0707435  4.6556e-16
 16     1.79447   0.0784198  4.41477e-16
 17      1.8758   0.0521145  4.2708e-16
 18     1.93545   0.0450212  4.42215e-16
 19     1.98159   0.0259086  4.56213e-16
 20     2.02217   0.0128742  4.36893e-16

#--- 21 ---#
idcs      evals   residnorms   |P(X)|
  1    0.224507   0.0323549  4.36372e-16
  2    0.281149   0.0379823  4.55995e-16
  3    0.321249   0.0499673  4.68091e-16
  4    0.375503   0.0760932  4.79306e-16
  5    0.448891   0.0876686  4.6742e-16
 16     1.68408    0.144904  4.66297e-16
 17       1.809   0.0811894  4.37494e-16
 18     1.88277   0.0484286  4.32112e-16
 19     1.94011   0.0387237  4.48683e-16
 20      1.9831   0.0211621  4.4991e-16
 21     2.02251  0.00931683  4.39226e-16

#--- 22 ---#
idcs      evals   residnorms   |P(X)|
  1    0.224482   0.0291572  4.39259e-16
  2    0.277333   0.0429173  4.59531e-16
  3    0.314723    0.050833  4.69289e-16
  4    0.365246   0.0749661  4.71483e-16
  5    0.434895   0.0947839  4.71453e-16
 17      1.7298    0.124286  4.54559e-16
 18     1.82588   0.0796893  4.37314e-16
 19     1.88757   0.0476565  4.38935e-16
 20     1.94261   0.0329682  4.44933e-16
 21     1.98367   0.0164897  4.49836e-16
 22     2.02263  0.00646503  4.31801e-16

 ──────────────────────────────────────────────────────────────────────────────
                                       Time                   Allocations      
                               ──────────────────────   ───────────────────────
       Tot / % measured:           407520s / 100%          455745GiB / 100%    

 Section               ncalls     time   %tot     avg     alloc   %tot      avg
 ──────────────────────────────────────────────────────────────────────────────
 apply_χ0                  22   406812s   100%  18491s   454915GiB100%   20678GiB
   Hamiltonian mult...   604k   70266s  17.2%   116ms   4619GiB  1.01%  7.83MiB
   compute_density         22     464s  0.11%   21.1s    627GiB  0.14%  28.5GiB
 mixing Hybrid             22     561s  0.14%   25.5s    754GiB  0.17%  34.3GiB
   compute_density         23     483s  0.12%   21.0s    662GiB  0.15%  28.8GiB
 PlaneWaveBasis             1    31.8s  0.01%   31.8s   19.0GiB  0.00%  19.0GiB
   Instantiation At...      1    18.6s  0.00%   18.6s   14.8GiB  0.00%  14.8GiB
   Instantiation Ewald      1    9.87s  0.00%   9.87s   3.98GiB  0.00%  3.98GiB
   Instantiation At...      1    3.04s  0.00%   3.04s   72.6MiB  0.00%  72.6MiB
   build_kpoints            1    122ms  0.00%   122ms    126MiB  0.00%   126MiB
   Instantiation Ha...      1   18.6ms  0.00%  18.6ms   12.8MiB  0.00%  12.8MiB
   Instantiation Ki...      1   5.11ms  0.00%  5.11ms   6.67MiB  0.00%  6.67MiB
   Instantiation Ps...      1    240μs  0.00%   240μs   4.86KiB  0.00%  4.86KiB
   Instantiation Xc         1   6.30μs  0.00%  6.30μs     32.0B  0.00%    32.0B
   Instantiation En...      1   2.20μs  0.00%  2.20μs     16.0B  0.00%    16.0B
 spglib_get_symmetry        1   4.26ms  0.00%  4.26ms    216KiB  0.00%   216KiB
 ──────────────────────────────────────────────────────────────────────────────
