#
#-- optimal_damping AlGaAsSiO2H n_repeat=10 -- mixing=HybridMixing(1.0, 1, 1.0, identity, true, false)
#

Starting Arnoldi (now = 2020-07-31T10:13:48.172 ...

#--- 1 ---#
idcs      evals   residnorms   |P(X)|
  1     0.98596   0.0498541  4.69933e-16

#--- 2 ---#
idcs      evals   residnorms   |P(X)|
  1    0.983599   0.0916484  4.718e-16
  2     1.70593     1.32524  4.59795e-16

#--- 3 ---#
idcs      evals   residnorms   |P(X)|
  1    0.948616    0.704391  4.71992e-16
  2     1.02623     0.74829  4.65094e-16
  3     3.93557     1.66982  4.44776e-16

#--- 4 ---#
idcs      evals   residnorms   |P(X)|
  1    0.710823    0.404268  4.72814e-16
  2     0.99013   0.0686316  4.7041e-16
  3     2.83834    0.813509  4.59773e-16
  4     5.97724     1.12142  4.29255e-16

#--- 5 ---#
idcs      evals   residnorms   |P(X)|
  1    0.602345    0.389295  4.7061e-16
  2     0.98775   0.0657523  4.7007e-16
  3     1.76943     1.09387  4.58916e-16
  4     3.23854    0.723643  4.51709e-16
  5     6.31257     0.38478  4.13577e-16

#--- 6 ---#
idcs      evals   residnorms   |P(X)|
  1    0.507256      0.4017  4.73547e-16
  2    0.981999    0.160081  4.7171e-16
  3     1.13741    0.720107  4.69163e-16
  4     2.82681    0.787109  4.50862e-16
  5     3.83234    0.961579  4.48774e-16
  6     6.37785    0.163575  4.27289e-16

#--- 7 ---#
idcs      evals   residnorms   |P(X)|
  1    0.435798    0.322082  4.75557e-16
  2    0.897236    0.441359  4.75145e-16
  3    0.996911    0.156712  4.68581e-16
  4     2.31587     0.86254  4.44702e-16
  5     3.24517    0.726203  4.35929e-16
  6     4.54045    0.927049  4.40474e-16
  7     6.40018   0.0857269  4.37565e-16

#--- 8 ---#
idcs      evals   residnorms   |P(X)|
  1    0.394193    0.199537  4.739e-16
  2    0.786756    0.275133  4.76537e-16
  3    0.990745   0.0506561  4.69634e-16
  4     1.78047    0.633002  4.58429e-16
  5     2.79619    0.526099  4.53743e-16
  6     3.68018    0.557131  4.29159e-16
  7     4.97085    0.522276  4.39254e-16
  8     6.40885   0.0328803  4.3927e-16

#--- 9 ---#
idcs      evals   residnorms   |P(X)|
  1    0.377959    0.194897  4.81558e-16
  2    0.704502    0.335763  4.7202e-16
  3    0.987769   0.0770038  4.69729e-16
  4       1.244    0.647298  4.65067e-16
  5     2.23304    0.625813  4.49491e-16
  6     2.98533    0.417955  4.51234e-16
  7     3.82764    0.339947  4.31916e-16
  8     5.04984    0.198742  4.39417e-16
  9     6.40985  0.00855355  4.35725e-16

#--- 10 ---#
idcs      evals   residnorms   |P(X)|
  1    0.368125    0.158993  4.83963e-16
  2    0.603281    0.296795  4.73018e-16
  3    0.951839    0.290111  4.77119e-16
  4     1.00435     0.19135  4.67102e-16
  5     1.93172    0.446719  4.51511e-16
  6     2.68938    0.488836  4.53215e-16
  7      3.2709     0.50207  4.37254e-16
  8     3.90881    0.279168  4.30431e-16
  9     5.06127   0.0782478  4.41822e-16
 10      6.4098  0.00207871  4.56497e-16

#--- 11 ---#
idcs      evals   residnorms   |P(X)|
  1    0.362127    0.134937  4.85139e-16
  2    0.540658    0.250515  4.71094e-16
  3    0.868347    0.259768  4.78052e-16
  4    0.992959    0.061381  4.68783e-16
  5     1.57309     0.56863  4.57952e-16
  6     2.19609     0.51123  4.50281e-16
  7     2.87975    0.343072  4.59333e-16
  8     3.44951    0.381865  4.24596e-16
  9     3.96308    0.191649  4.30792e-16
 10     5.06103   0.0278475  4.45409e-16
 11     6.40977  0.00047267  4.16212e-16

#--- 12 ---#
idcs      evals   residnorms   |P(X)|
  1    0.357472    0.117732  4.828e-16
  2    0.510125    0.225089  4.7168e-16
  3    0.812383    0.264099  4.76391e-16
  4    0.990355   0.0571822  4.69957e-16
  5     1.28589    0.534056  4.61804e-16
  7      2.6372    0.649606  4.45106e-16
  8     3.05389    0.582302  4.51938e-16
  9     3.58739    0.466026  4.31028e-16
 10     3.99799    0.208944  4.35042e-16
 11     5.06071   0.0140327  4.4845e-16
 12     6.40977  0.000146404  4.32403e-16

#--- 13 ---#
idcs      evals   residnorms   |P(X)|
  1    0.351569    0.108536  4.91134e-16
  2     0.48594    0.221837  4.76799e-16
  3    0.737828    0.307289  4.71314e-16
  4    0.983663     0.13731  4.72535e-16
  5     1.05169     0.38001  4.715e-16
  8     2.85806     0.31347  4.69951e-16
  9     3.33553    0.419325  4.28123e-16
 10     3.82445     0.43082  4.33415e-16
 11     4.07861    0.347415  4.31087e-16
 12     5.06083  0.00739068  4.42342e-16
 13     6.40978  4.33498e-05  4.25435e-16

#--- 14 ---#
idcs      evals   residnorms   |P(X)|
  1    0.345119   0.0875358  4.88583e-16
  2    0.464657    0.186815  4.76414e-16
  3    0.662656    0.256255  4.71359e-16
  4    0.927323    0.228996  4.80189e-16
  5    0.996364    0.081641  4.6779e-16
  9     2.94531    0.335426  4.61389e-16
 10     3.45801    0.272984  4.26597e-16
 11     3.91472    0.189921  4.38126e-16
 12     4.21414    0.295671  4.22189e-16
 13     5.06106  0.00323719  4.33797e-16
 14     6.40978  1.0838e-05  4.23382e-16

#--- 15 ---#
idcs      evals   residnorms   |P(X)|
  1    0.339683   0.0753635  4.89315e-16
  2    0.449134     0.16596  4.7956e-16
  3    0.616184    0.224242  4.69688e-16
  4    0.875539    0.211258  4.7862e-16
  5    0.992457   0.0509187  4.69176e-16
 10     3.09363    0.394657  4.5055e-16
 11     3.51842    0.239382  4.29273e-16
 12     3.93552    0.111281  4.39923e-16
 13     4.26459    0.169536  4.13868e-16
 14     5.06121  0.00122007  4.41219e-16
 15     6.40978  2.55475e-06  4.29994e-16

#--- 16 ---#
idcs      evals   residnorms   |P(X)|
  1    0.334888   0.0679212  4.99161e-16
  2    0.434582    0.152943  4.836e-16
  3    0.583877    0.212996  4.72362e-16
  4    0.821446    0.245626  4.77964e-16
  5    0.988817   0.0758049  4.70205e-16
 11     3.25998    0.406033  4.35191e-16
 12     3.57998    0.270291  4.43053e-16
 13     3.94935   0.0854263  4.10603e-16
 14      4.2777    0.101835  4.35382e-16
 15     5.06124  0.000462438  4.44072e-16
 16     6.40978  6.103e-07  4.44012e-16

#--- 17 ---#
idcs      evals   residnorms   |P(X)|
  1    0.329807   0.0629677  4.8801e-16
  2    0.419941    0.142814  4.82194e-16
  3     0.55443    0.205007  4.72421e-16
  4    0.750251    0.259972  4.71501e-16
  5    0.958979    0.221602  4.8146e-16
 12     3.37635    0.304939  4.3106e-16
 13     3.66105    0.272531  4.26774e-16
 14     3.95836   0.0691172  4.15685e-16
 15     4.28169   0.0581201  4.30709e-16
 16     5.06124  0.000163634  4.40033e-16
 17     6.40978  1.36781e-07  4.39682e-16

#--- 18 ---#
idcs      evals   residnorms   |P(X)|
  1    0.325514   0.0592377  4.94944e-16
  2    0.407484    0.131882  4.86307e-16
  3    0.532744    0.192515  4.74239e-16
  4    0.697479    0.240768  4.73602e-16
  5    0.912661    0.201742  4.81097e-16
 13      3.4576    0.271709  4.37979e-16
 14     3.74329    0.289992  4.17036e-16
 15     3.96485   0.0726256  4.34223e-16
 16     4.28388   0.0398204  4.36348e-16
 17     5.06124  6.7956e-05  4.40114e-16
 18     6.40978  3.56407e-08  4.34819e-16

#--- 19 ---#
idcs      evals   residnorms   |P(X)|
  1    0.322257    0.048735  4.99272e-16
  2     0.39806    0.105794  4.78758e-16
  3    0.517796    0.158092  4.68494e-16
  4    0.664555    0.199417  4.7402e-16
  5     0.88069    0.186989  4.81761e-16
 14     3.56903    0.323332  4.3033e-16
 15     3.87648    0.342309  4.24992e-16
 16     3.99375    0.203075  4.14833e-16
 17     4.28678     0.04633  4.13377e-16
 18     5.06124  3.76326e-05  4.29732e-16
 19     6.40978  1.12877e-08  4.49579e-16

#--- 20 ---#
idcs      evals   residnorms   |P(X)|
  1    0.318397   0.0497177  5.14088e-16
  2    0.387217    0.104627  4.87748e-16
  3    0.499475    0.164721  4.80289e-16
  4    0.628659    0.218097  4.7196e-16
  5    0.823607    0.254837  4.78247e-16
 15     3.64572    0.174014  4.37226e-16
 16     3.94054     0.08799  4.37443e-16
 17     4.08952    0.252528  4.03758e-16
 18     4.28943   0.0375873  4.21328e-16
 19     5.06124  1.33771e-05  4.45018e-16
 20     6.40978  2.42641e-09  4.38915e-16

#--- 21 ---#
idcs      evals   residnorms   |P(X)|
  1    0.314571   0.0432576  5.05259e-16
  2    0.376696    0.085704  4.78473e-16
  3    0.480397    0.137637  4.80276e-16
  4    0.595623    0.179319  4.78844e-16
  5    0.760115    0.205188  4.76727e-16
 16     3.67021    0.106326  4.29568e-16
 17     3.95203   0.0398807  4.27971e-16
 18     4.11911    0.131461  4.09771e-16
 19     4.28966   0.0191319  4.43625e-16
 20     5.06124  4.02529e-06  4.43234e-16
 21     6.40978  4.7308e-10  4.24618e-16

#--- 22 ---#
idcs      evals   residnorms   |P(X)|
  1    0.311458   0.0417273  4.97625e-16
  2    0.368165   0.0777158  4.84239e-16
  3    0.465031    0.126691  4.81261e-16
  4    0.571864    0.162914  4.78294e-16
  5    0.722374    0.190038  4.73786e-16
 17     3.67663   0.0631378  4.32195e-16
 18     3.95479   0.0183681  4.35458e-16
 19     4.12911   0.0575662  4.16509e-16
 20     4.28975  0.00801777  4.26884e-16
 21     5.06124  1.13774e-06  4.45433e-16
 22     6.40978  9.01957e-11  4.31859e-16

#--- 23 ---#
idcs      evals   residnorms   |P(X)|
  1    0.308333   0.0445439  5.04496e-16
  2    0.359857    0.077391  4.84487e-16
  3     0.44905    0.127863  4.80252e-16
  4    0.549758    0.166042  4.79945e-16
  5    0.686554    0.209991  4.72003e-16
 18     3.67788   0.0407999  4.24388e-16
 19     3.95488  0.00916207  4.33968e-16
 20     4.13238   0.0258934  4.10256e-16
 21     4.28978  0.00334733  4.20253e-16
 22     5.06124  3.30638e-07  4.51936e-16
 23     6.40978  1.76428e-11  4.29103e-16

#--- 24 ---#
idcs      evals   residnorms   |P(X)|
  1    0.305556   0.0440976  5.19458e-16
  2    0.352931   0.0711434  4.88437e-16
  3    0.434867    0.116504  4.77157e-16
  4    0.531815    0.151585  4.78586e-16
  5    0.654888    0.194874  4.74374e-16
 19     3.67865   0.0410349  4.36054e-16
 20     3.95475  0.00652334  4.19316e-16
 21     4.13242   0.0157669  4.08171e-16
 22     4.28981  0.00181915  4.28066e-16
 23     5.06124  1.20445e-07  4.50758e-16
 24     6.40978  4.17619e-12  4.30883e-16

#--- 25 ---#
idcs      evals   residnorms   |P(X)|
  1     0.30303    0.040516  5.17906e-16
  2    0.346893   0.0608322  4.88603e-16
  3    0.422297   0.0982283  4.80615e-16
  4    0.516048    0.128532  4.79371e-16
  5    0.628025    0.164409  4.76592e-16
 20     3.68083    0.072095  4.20815e-16
 21     3.95461  0.00552794  4.33461e-16
 22     4.13169   0.0105308  4.10561e-16
 23     4.28984  0.00103859  4.26185e-16
 24     5.06124  4.30119e-08  4.50937e-16
 25     6.40978  9.40153e-13  4.37859e-16

#--- 26 ---#
idcs      evals   residnorms   |P(X)|
  1    0.301049   0.0380473  5.03133e-16
  2     0.34187   0.0542709  4.87941e-16
  3    0.412304   0.0878388  4.83799e-16
  4    0.501178    0.117231  4.81718e-16
  5    0.607204     0.15335  4.81276e-16
 21     3.69496    0.166328  4.2006e-16
 22     3.95454  0.00382947  4.24514e-16
 23     4.13114  0.00571644  4.00835e-16
 24     4.28983  0.000486095  4.31781e-16
 25     5.06124  1.31325e-08  4.27668e-16
 26     6.40978  1.88699e-13  4.32562e-16

#--- 27 ---#
idcs      evals   residnorms   |P(X)|
  1     0.29944   0.0324717  5.15071e-16
  2    0.337437   0.0451534  4.90315e-16
  3    0.402895   0.0740015  4.75712e-16
  4    0.485329    0.101171  4.85118e-16
  5    0.586518    0.135479  4.86828e-16
 22      3.7192    0.107057  4.03428e-16
 23     3.95466  0.00174735  4.33381e-16
 24     4.13098  0.00219486  3.95018e-16
 25     4.28982  0.000166682  4.36723e-16
 26     5.06124  3.12192e-09  4.44903e-16
 27     6.40978  3.83028e-14  4.32171e-16

#--- 28 ---#
idcs      evals   residnorms   |P(X)|
  1      0.2986   0.0262479  5.09658e-16
  2    0.334692   0.0371211  4.88696e-16
  3    0.396106   0.0625958  4.86424e-16
  4    0.472965   0.0878919  4.86526e-16
  5    0.570039    0.119389  4.82021e-16
 23     3.72329   0.0462509  4.03928e-16
 24      3.9547  0.000650079  4.38402e-16
 25     4.13099  0.000732565  4.04055e-16
 26     4.28982  5.11769e-05  4.27295e-16
 27     5.06124  7.01742e-10  4.37032e-16
 28     6.40978  1.6583e-14  4.25057e-16

#--- 29 ---#
idcs      evals   residnorms   |P(X)|
  1    0.298223    0.021673  5.06059e-16
  2    0.333157   0.0322975  4.93875e-16
  3    0.390919   0.0573397  4.85337e-16
  4    0.463314   0.0841134  4.8609e-16
  5    0.555119    0.116793  4.77226e-16
 24     3.72418   0.0211507  4.16079e-16
 25     3.95468  0.000255106  4.39728e-16
 26     4.13099  0.000259476  4.12099e-16
 27     4.28982  1.6711e-05  4.3773e-16
 28     5.06124  1.68023e-10  4.4566e-16
 29     6.40978  8.67764e-15  4.28554e-16

#--- 30 ---#
idcs      evals   residnorms   |P(X)|
  1    0.298027   0.0187927  4.98667e-16
  2    0.332011   0.0305463  4.82026e-16
  3    0.385602    0.058861  4.82308e-16
  4    0.452073   0.0904716  4.88727e-16
  5    0.536352    0.124277  4.81891e-16
 25     3.72466  0.00862407  4.20915e-16
 26     3.95467  8.91776e-05  4.32449e-16
 27     4.13098  8.20187e-05  4.06021e-16
 28     4.28982  4.87532e-06  4.29704e-16
 29     5.06124  3.61075e-11  4.37221e-16
 30     6.40978  1.26232e-14  4.3092e-16

#--- 31 ---#
idcs      evals   residnorms   |P(X)|
  1     0.29792   0.0143637  5.15934e-16
  2    0.331274   0.0255171  4.82685e-16
  3    0.381056   0.0530978  4.83626e-16
  4    0.441971   0.0820915  4.91208e-16
  5    0.519441    0.104376  4.76752e-16
 26     3.72479  0.00400922  4.11691e-16
 27     3.95467  3.54821e-05  4.58127e-16
 28     4.13098  2.94898e-05  4.00828e-16
 29     4.28982  1.61582e-06  4.17528e-16
 30     5.06124  8.75208e-12  4.39687e-16
 31     6.40978  4.57677e-15  4.2974e-16

 ──────────────────────────────────────────────────────────────────────────────
                                       Time                   Allocations      
                               ──────────────────────   ───────────────────────
       Tot / % measured:           538803s / 100%          642794GiB / 100%    

 Section               ncalls     time   %tot     avg     alloc   %tot      avg
 ──────────────────────────────────────────────────────────────────────────────
 apply_χ0                  31   537928s   100%  17353s   641705GiB100%   20700GiB
   Hamiltonian mult...   883k   96864s  18.0%   110ms   6750GiB  1.05%  7.83MiB
   compute_density         31     620s  0.12%   20.0s    883GiB  0.14%  28.5GiB
 mixing Hybrid             31     699s  0.13%   22.6s    995GiB  0.15%  32.1GiB
   compute_density         32     639s  0.12%   20.0s    921GiB  0.14%  28.8GiB
 PlaneWaveBasis             1    32.0s  0.01%   32.0s   19.0GiB  0.00%  19.0GiB
   Instantiation At...      1    21.6s  0.00%   21.6s   14.8GiB  0.00%  14.8GiB
   Instantiation Ewald      1    7.34s  0.00%   7.34s   3.98GiB  0.00%  3.98GiB
   Instantiation At...      1    2.65s  0.00%   2.65s   72.6MiB  0.00%  72.6MiB
   build_kpoints            1    212ms  0.00%   212ms    126MiB  0.00%   126MiB
   Instantiation Ha...      1   11.8ms  0.00%  11.8ms   12.8MiB  0.00%  12.8MiB
   Instantiation Ki...      1   7.01ms  0.00%  7.01ms   6.67MiB  0.00%  6.67MiB
   Instantiation Ps...      1    139μs  0.00%   139μs   4.86KiB  0.00%  4.86KiB
   Instantiation Xc         1   2.22μs  0.00%  2.22μs     32.0B  0.00%    32.0B
   Instantiation En...      1    538ns  0.00%   538ns     16.0B  0.00%    16.0B
 spglib_get_symmetry        1   4.79ms  0.00%  4.79ms    216KiB  0.00%   216KiB
 ──────────────────────────────────────────────────────────────────────────────
