#
#-- optimal_damping AlGaAsSiO2H n_repeat=10 -- mixing=RestaMixing(1.0, 14, 1.0)
#

Starting Arnoldi (now = 2020-08-03T09:04:38.567 ...

#--- 1 ---#
idcs      evals   residnorms   |P(X)|
  1    0.982254   0.0786777  5.0494e-16

#--- 2 ---#
idcs      evals   residnorms   |P(X)|
  1    0.981666   0.0988466  5.02946e-16
  2     4.16702     4.00228  4.8571e-16

#--- 3 ---#
idcs      evals   residnorms   |P(X)|
  1    0.980033    0.162964  5.03195e-16
  2      1.4683     1.28563  4.7715e-16
  3     10.9572     2.09955  4.82517e-16

#--- 4 ---#
idcs      evals   residnorms   |P(X)|
  1    0.875205    0.349512  4.76182e-16
  2    0.989487    0.170212  5.00702e-16
  3     4.30354    0.775059  4.77593e-16
  4     11.6035    0.258034  4.70745e-16

#--- 5 ---#
idcs      evals   residnorms   |P(X)|
  1    0.701656    0.288526  4.8352e-16
  2    0.984277   0.0715396  5.0379e-16
  3     1.73734    0.660458  4.86838e-16
  4     4.66341    0.228967  4.67951e-16
  5     11.5961   0.0224092  4.64203e-16

#--- 6 ---#
idcs      evals   residnorms   |P(X)|
  1    0.485683    0.337017  4.81938e-16
  2      0.9705    0.243153  4.91594e-16
  3     1.03169    0.336865  4.84666e-16
  4     2.29874    0.396325  4.85254e-16
  5     4.69737   0.0498865  4.58103e-16
  6     11.5939  0.00149756  4.81556e-16

#--- 7 ---#
idcs      evals   residnorms   |P(X)|
  1    0.345029    0.234442  4.83202e-16
  2    0.856301    0.215777  4.74552e-16
  3    0.987511   0.0800087  5.01383e-16
  4      1.6667    0.505691  4.7857e-16
  5     2.46181    0.303121  4.76963e-16
  6     4.69631   0.0109855  4.64987e-16
  7     11.5936  0.000100134  4.78998e-16

#--- 8 ---#
idcs      evals   residnorms   |P(X)|
  1     0.27658      0.1703  4.91772e-16
  2    0.696809    0.203456  4.78554e-16
  3    0.982664   0.0626067  5.0364e-16
  4     1.17285     0.28922  4.83909e-16
  5     2.04256    0.328868  4.81207e-16
  6     2.54663    0.199577  4.7744e-16
  7     4.69604  0.00202457  4.7044e-16
  8     11.5936  5.72044e-06  4.78316e-16

#--- 9 ---#
idcs      evals   residnorms   |P(X)|
  1    0.250978      0.1057  4.96683e-16
  2    0.625216    0.184389  4.81519e-16
  3     0.96505    0.187717  4.90058e-16
  4     1.00872    0.199735  4.88483e-16
  5     1.59052    0.412746  4.80409e-16
  6     2.17546      0.2681  4.74595e-16
  7     2.60511    0.137234  4.76017e-16
  8      4.6957  0.00039866  4.73261e-16
  9     11.5936  3.45937e-07  4.78508e-16

#--- 10 ---#
idcs      evals   residnorms   |P(X)|
  1    0.243539   0.0509849  4.8869e-16
  2     0.57444    0.141113  4.86024e-16
  3     0.83763    0.158473  4.7766e-16
  4    0.986443   0.0428619  5.04973e-16
  5     1.27447    0.215574  4.75929e-16
  6     1.88758    0.237152  4.92259e-16
  7     2.32571    0.184567  4.71032e-16
  8     2.63336   0.0880283  4.72563e-16
  9     4.69565  6.04006e-05  4.70971e-16
 10     11.5936  1.58517e-08  4.75078e-16

#--- 11 ---#
idcs      evals   residnorms   |P(X)|
  1    0.233308   0.0399263  4.9279e-16
  2    0.507197    0.197825  4.81883e-16
  3    0.689824    0.201544  4.75826e-16
  4    0.961855    0.160236  4.88561e-16
  5     1.00152    0.139433  4.92717e-16
  6     1.36707    0.159685  4.74846e-16
  7     1.94652   0.0915172  4.95708e-16
  8     2.33854   0.0562664  4.6534e-16
  9     2.64601   0.0227591  4.70199e-16
 10     4.69564  6.46404e-06  4.75857e-16
 11     11.5936  5.90123e-10  4.76506e-16

#--- 12 ---#
idcs      evals   residnorms   |P(X)|
  1    0.232859   0.0287708  4.94365e-16
  2    0.452332    0.175965  4.78934e-16
  3     0.64479    0.178611  4.84594e-16
  4    0.861633     0.17313  4.85444e-16
  5    0.986849   0.0461121  5.03754e-16
  7     1.47336    0.299807  4.7347e-16
  8     1.95831    0.064232  4.98922e-16
  9     2.34011   0.0253034  4.81198e-16
 10     2.64521  0.00789138  4.65232e-16
 11     4.69564  9.00176e-07  4.68136e-16
 12     11.5936  2.76684e-11  4.81189e-16

#--- 13 ---#
idcs      evals   residnorms   |P(X)|
  1    0.232692   0.0242258  4.94528e-16
  2    0.375643    0.136841  4.78458e-16
  3    0.615143    0.143717  4.69899e-16
  4    0.763696    0.171448  4.84739e-16
  5    0.980663    0.071162  5.02773e-16
  8      1.7238    0.293918  4.84093e-16
  9      1.9658   0.0679816  5.02919e-16
 10      2.3387   0.0128993  4.67254e-16
 11     2.64519  0.00289293  4.68047e-16
 12     4.69564  1.22969e-07  4.71603e-16
 13     11.5936  1.24712e-12  4.83276e-16

#--- 14 ---#
idcs      evals   residnorms   |P(X)|
  1    0.231621   0.0199296  4.96029e-16
  2    0.336132    0.111965  4.90846e-16
  3    0.551678    0.135364  4.81795e-16
  4    0.703981    0.153347  4.78346e-16
  5    0.896641    0.145747  4.91144e-16
  9     1.89028    0.158359  4.90134e-16
 10     1.97478    0.085628  5.02512e-16
 11     2.33842  0.00555026  4.78337e-16
 12      2.6454  0.000885021  4.56981e-16
 13     4.69564  1.43242e-08  4.5505e-16
 14     11.5936  4.9162e-14  4.74795e-16

#--- 15 ---#
idcs      evals   residnorms   |P(X)|
  1     0.23051   0.0216567  4.978e-16
  2     0.31015    0.116796  4.92785e-16
  3    0.490973    0.157559  4.78748e-16
  4    0.660391    0.155731  4.86482e-16
  5    0.811745    0.166788  4.78381e-16
 10       1.904    0.103423  4.94472e-16
 11     1.98866    0.063894  5.02759e-16
 12     2.33806  0.00258187  4.72325e-16
 13     2.64553  0.000314177  4.69828e-16
 14     4.69564  2.09006e-09  4.70829e-16
 15     11.5936  1.12465e-14  4.78812e-16

#--- 16 ---#
idcs      evals   residnorms   |P(X)|
  1    0.229158   0.0125259  4.94308e-16
  2    0.302566   0.0726214  4.8948e-16
  3    0.447569    0.115438  4.82928e-16
  4    0.616198    0.110308  4.82513e-16
  5    0.753297    0.131881  4.75413e-16
 11     1.92787    0.063354  4.95478e-16
 12     2.00249   0.0505341  4.98071e-16
 13     2.33783  0.000993869  4.77586e-16
 14     2.64556  8.66926e-05  4.64972e-16
 15     4.69564  2.16479e-10  4.68877e-16
 16     11.5936  1.68634e-14  4.78332e-16

#--- 17 ---#
idcs      evals   residnorms   |P(X)|
  1    0.229722   0.0132597  4.95147e-16
  2    0.279408   0.0622169  4.97326e-16
  3    0.416898   0.0952634  4.75615e-16
  4    0.585866    0.102893  4.82562e-16
  5    0.725661    0.146023  4.85185e-16
 12     1.93356   0.0584189  4.9504e-16
 13     2.01112   0.0452432  5.08003e-16
 14     2.33775  0.000506379  4.7579e-16
 15     2.64556  3.25872e-05  4.7053e-16
 16     4.69564  3.17401e-11  4.64781e-16
 17     11.5936  8.11984e-15  4.78442e-16

#--- 18 ---#
idcs      evals   residnorms   |P(X)|
  1    0.229831  0.00738204  4.91239e-16
  2    0.276226   0.0361312  5.02493e-16
  3    0.413084   0.0751608  4.87087e-16
  4    0.547044     0.10892  4.859e-16
  5    0.683034    0.136533  4.75696e-16
 13     1.94449   0.0566724  4.94527e-16
 14     2.01401   0.0392276  5.02159e-16
 15     2.33772  0.000212113  4.7032e-16
 16     2.64556  9.80921e-06  4.71713e-16
 17     4.69564  3.57363e-12  4.65828e-16
 18     11.5936  5.85205e-15  4.82741e-16

 ──────────────────────────────────────────────────────────────────────────────
                                       Time                   Allocations      
                               ──────────────────────   ───────────────────────
       Tot / % measured:           295337s / 100%          371320GiB / 100%    

 Section               ncalls     time   %tot     avg     alloc   %tot      avg
 ──────────────────────────────────────────────────────────────────────────────
 apply_χ0                  18   295206s   100%  16400s   371250GiB100%   20625GiB
   Hamiltonian mult...   451k   48684s  16.5%   108ms   3444GiB  0.93%  7.83MiB
   compute_density         18     355s  0.12%   19.7s    513GiB  0.14%  28.5GiB
 PlaneWaveBasis             1    32.6s  0.01%   32.6s   19.0GiB  0.01%  19.0GiB
   Instantiation At...      1    19.9s  0.01%   19.9s   14.8GiB  0.00%  14.8GiB
   Instantiation Ewald      1    9.59s  0.00%   9.59s   3.98GiB  0.00%  3.98GiB
   Instantiation At...      1    2.80s  0.00%   2.80s   72.6MiB  0.00%  72.6MiB
   build_kpoints            1    139ms  0.00%   139ms    126MiB  0.00%   126MiB
   Instantiation Ha...      1   11.3ms  0.00%  11.3ms   12.8MiB  0.00%  12.8MiB
   Instantiation Ki...      1   6.49ms  0.00%  6.49ms   6.67MiB  0.00%  6.67MiB
   Instantiation Ps...      1    121μs  0.00%   121μs   4.86KiB  0.00%  4.86KiB
   Instantiation Xc         1   2.66μs  0.00%  2.66μs     32.0B  0.00%    32.0B
   Instantiation En...      1    883ns  0.00%   883ns     16.0B  0.00%    16.0B
 compute_density            1    23.4s  0.01%   23.4s   28.8GiB  0.01%  28.8GiB
 mixing Resta              18    887ms  0.00%  49.3ms    527MiB  0.00%  29.3MiB
 spglib_get_symmetry        1   4.45ms  0.00%  4.45ms    216KiB  0.00%   216KiB
 ──────────────────────────────────────────────────────────────────────────────
