#
#-- SCF AlGaAsSiO2H n_repeat=10 -- mixing=SimpleMixing(0.0133)
#

hostname       = clustern14

started on     = 2020-08-06T08:50:47.732
julia threads  = 4
BLAS threads   = 4

temperature    = 0.001
smearing       = DFTK.Smearing.Gaussian()
diag(lattice)  = [15.11, 10.68, 105.6]
Ecut           = 20
fft_size       = (48, 36, 324)
kgrid          = [3, 4, 1]
irreducible k  = 12
n_bands        = 281
n_electr       = 528
mixing         = SimpleMixing(0.0133)
n     Free energy       Eₙ-Eₙ₋₁     ρout-ρin   Diag
---   ---------------   ---------   --------   ----
  1   -775.7594926949         NaN   2.28e+00    24.0 
  2   -777.0833426471   -1.32e+00   2.24e+00    18.5 
  3   -703.4265207821    7.37e+01   1.54e+00    40.9 
  4   +1059.017438360    1.76e+03   1.58e+00    33.5 
  5   -750.7118576010   -1.81e+03   9.78e-01    27.2 
  6   -766.0399514515   -1.53e+01   9.33e-01    27.9 
  7   -758.0122775847    8.03e+00   9.02e-01    35.0 
  8   -589.5852491704    1.68e+02   8.37e-01    34.9 
  9   -773.0198979805   -1.83e+02   6.58e-01    32.2 
 10   -741.9813056394    3.10e+01   5.95e-01    22.5 
 11   -751.8418549784   -9.86e+00   5.06e-01    15.2 
 12   -726.3110811982    2.55e+01   3.40e-01    20.1 
 13   -774.8603728516   -4.85e+01   2.05e-01    19.8 
 14   -777.4271430553   -2.57e+00   1.75e-01    19.8 
 15   -777.7911776814   -3.64e-01   1.29e-01    23.5 
 16   -777.8203967494   -2.92e-02   1.08e-01    27.8 
 17   -778.0691143402   -2.49e-01   9.80e-02    23.6 
 18   -778.1670891193   -9.80e-02   9.54e-02    22.3 
 19   -778.2243528193   -5.73e-02   9.10e-02    22.3 
 20   -776.9758838076    1.25e+00   7.93e-02    22.8 
 21   -778.1331069568   -1.16e+00   6.64e-02    19.0 
 22   -778.1515040655   -1.84e-02   4.32e-02    19.2 
 23   -778.2394051646   -8.79e-02   3.57e-02    18.3 
 24   -778.2614004038   -2.20e-02   2.96e-02    17.8 
 25   -778.2633982712   -2.00e-03   2.56e-02    21.6 
 26   -778.2742896516   -1.09e-02   2.53e-02    20.0 
 27   -778.2435468671    3.07e-02   2.37e-02    20.9 
 28   -778.2314647023    1.21e-02   1.77e-02    18.5 
 29   -778.2744151129   -4.30e-02   1.28e-02    24.3 
 30   -778.2764349991   -2.02e-03   1.18e-02    19.8 
 31   -778.2790470771   -2.61e-03   1.02e-02    21.3 
 32   -778.2811859565   -2.14e-03   7.10e-03    21.9 
 33   -778.2813663666   -1.80e-04   6.67e-03    17.9 
 34   -778.2810584800    3.08e-04   6.05e-03    19.1 
 35   -778.2811847614   -1.26e-04   5.63e-03    18.0 
 36   -778.2813822250   -1.97e-04   3.90e-03    18.3 
 37   -778.2814343280   -5.21e-05   3.51e-03    18.3 
 38   -778.2814493163   -1.50e-05   3.03e-03    17.6 
 39   -778.2813116265    1.38e-04   2.17e-03    21.0 
 40   -778.2813139532   -2.33e-06   1.77e-03    19.4 
 41   -778.2815942490   -2.80e-04   1.24e-03    21.5 
 42   -778.2815900333    4.22e-06   1.03e-03    21.8 
 43   -778.2816197833   -2.97e-05   9.48e-04    21.3 
 44   -778.2816174573    2.33e-06   8.49e-04    17.6 
 45   -778.2816205710   -3.11e-06   7.64e-04    19.2 
 46   -778.2816172412    3.33e-06   4.96e-04    20.7 
 47   -778.2816191841   -1.94e-06   4.47e-04    17.7 
 48   -778.2816257670   -6.58e-06   2.93e-04    21.8 
 49   -778.2816260639   -2.97e-07   2.67e-04    18.7 
 50   -778.2816259825    8.14e-08   2.48e-04    18.1 
Energy breakdown:
    Kinetic             442.2045420
    AtomicLocal         -10215.0297916
    AtomicNonlocal      92.9510369
    Ewald               4154.5503902
    PspCorrection       -1.3025317
    Hartree             4952.1637722
    Xc                  -203.8184841
    Entropy             -0.0005599

    total               -778.281625982507

 ──────────────────────────────────────────────────────────────────────────────
                                       Time                   Allocations      
                               ──────────────────────   ───────────────────────
       Tot / % measured:           154540s / 100%           20295GiB / 100%    

 Section               ncalls     time   %tot     avg     alloc   %tot      avg
 ──────────────────────────────────────────────────────────────────────────────
 self_consistent_field      1   154503s   100%  154503s   20275GiB 100%   20275GiB
   LOBPCG                 600   139269s  90.1%    232s   18359GiB 90.5%  30.6GiB
     block multipli...  77.1k   41444s  26.8%   538ms   5344GiB  26.3%  71.0MiB
     Hamiltonian mu...  13.8k   39120s  25.3%   2.82s   2656GiB  13.1%   196MiB
     rayleigh_ritz      13.2k   17508s  11.3%   1.32s    106GiB  0.52%  8.16MiB
     ortho              58.5k   14051s  9.09%   240ms   3350GiB  16.5%  58.6MiB
   energy_hamiltonian     101   13730s  8.88%    136s    447GiB  2.20%  4.43GiB
   compute_density         50    1015s  0.66%   20.3s   1440GiB  7.09%  28.8GiB
   QR orthonormaliz...    600    84.1s  0.05%   140ms   18.2GiB  0.09%  31.1MiB
   mixing Simple           50    4.53s  0.00%  90.6ms   1.88GiB  0.01%  38.5MiB
 PlaneWaveBasis             1    30.0s  0.02%   30.0s   19.0GiB  0.09%  19.0GiB
   Instantiation At...      1    18.6s  0.01%   18.6s   14.8GiB  0.07%  14.8GiB
   Instantiation Ewald      1    8.25s  0.01%   8.25s   3.98GiB  0.02%  3.98GiB
   Instantiation At...      1    2.69s  0.00%   2.69s   72.6MiB  0.00%  72.6MiB
   build_kpoints            1    217ms  0.00%   217ms    126MiB  0.00%   126MiB
   Instantiation Ha...      1   23.3ms  0.00%  23.3ms   12.8MiB  0.00%  12.8MiB
   Instantiation Ki...      1   7.52ms  0.00%  7.52ms   6.67MiB  0.00%  6.67MiB
   Instantiation Ps...      1    657μs  0.00%   657μs   4.86KiB  0.00%  4.86KiB
   Instantiation Xc         1   9.50μs  0.00%  9.50μs     32.0B  0.00%    32.0B
   Instantiation En...      1   1.28μs  0.00%  1.28μs     16.0B  0.00%    16.0B
 guess_density              1    2.38s  0.00%   2.38s    139MiB  0.00%   139MiB
 spglib_get_symmetry        1   4.73ms  0.00%  4.73ms    215KiB  0.00%   215KiB
 ──────────────────────────────────────────────────────────────────────────────
