#
#-- SCF AlGaAsSiO2H n_repeat=10 -- mixing=HybridMixing(0.89, 14, 1.0, identity, true, false)
#

hostname       = clustern09

started on     = 2020-08-06T08:52:40.894
julia threads  = 4
BLAS threads   = 4

temperature    = 0.001
smearing       = DFTK.Smearing.Gaussian()
diag(lattice)  = [15.11, 10.68, 105.6]
Ecut           = 20
fft_size       = (48, 36, 324)
kgrid          = [3, 4, 1]
irreducible k  = 12
n_bands        = 281
n_electr       = 528
mixing         = HybridMixing(0.89, 14, 1.0, identity, true, false)
n     Free energy       Eₙ-Eₙ₋₁     ρout-ρin   Diag
---   ---------------   ---------   --------   ----
  1   -775.7595302463         NaN   2.28e+00    24.4 
  2   -777.8913462813   -2.13e+00   7.48e-01    19.5 
  3   -778.1638739835   -2.73e-01   3.77e-01    13.2 
  4   -778.2727516517   -1.09e-01   6.79e-02    8.5 
  5   -778.2786753348   -5.92e-03   3.85e-02    8.1 
  6   -778.2805665763   -1.89e-03   2.04e-02    7.0 
  7   -778.2813668469   -8.00e-04   9.08e-03    7.4 
  8   -778.2815691238   -2.02e-04   3.96e-03    7.7 
  9   -778.2816109899   -4.19e-05   1.78e-03    8.2 
 10   -778.2816223450   -1.14e-05   8.34e-04    7.8 
 11   -778.2816252018   -2.86e-06   4.43e-04    5.8 
 12   -778.2816261216   -9.20e-07   2.36e-04    6.4 
 13   -778.2816264625   -3.41e-07   1.11e-04    9.9 
 14   -778.2816265586   -9.61e-08   5.24e-05    7.4 
 15   -778.2816265879   -2.92e-08   2.40e-05    8.2 
 16   -778.2816265944   -6.55e-09   1.18e-05    7.9 
 17   -778.2816265964   -1.94e-09   5.84e-06    8.1 
 18   -778.2816265968   -4.42e-10   2.96e-06    8.2 
 19   -778.2816265969   -1.14e-10   1.60e-06    7.5 
 20   -778.2816265970   -7.39e-11   9.24e-07    7.3 
 21   -778.2816265970   -6.48e-12   4.98e-07    8.2 
Energy breakdown:
    Kinetic             442.2055975
    AtomicLocal         -10215.0535386
    AtomicNonlocal      92.9510007
    Ewald               4154.5503902
    PspCorrection       -1.3025317
    Hartree             4952.1866998
    Xc                  -203.8186851
    Entropy             -0.0005595

    total               -778.281626597007

 ──────────────────────────────────────────────────────────────────────────────
                                       Time                   Allocations      
                               ──────────────────────   ───────────────────────
       Tot / % measured:           46134s / 100%            7122GiB / 100%     

 Section               ncalls     time   %tot     avg     alloc   %tot      avg
 ──────────────────────────────────────────────────────────────────────────────
 self_consistent_field      1   46097s   100%  46097s   7102GiB  100%   7102GiB
   LOBPCG                 252   39060s  84.7%    155s   5572GiB  78.2%  22.1GiB
     Hamiltonian mu...  2.61k   11605s  25.2%   4.44s    788GiB  11.1%   309MiB
     block multipli...  13.1k   10819s  23.5%   824ms   1425GiB  20.0%   111MiB
     rayleigh_ritz      2.36k    5232s  11.3%   2.22s   32.1GiB  0.45%  14.0MiB
     ortho              10.4k    4014s  8.70%   386ms    983GiB  13.8%  96.8MiB
   energy_hamiltonian      43    5675s  12.3%    132s    188GiB  2.64%  4.38GiB
   mixing Hybrid           21     521s  1.13%   24.8s    717GiB  10.1%  34.1GiB
     compute_density       21     426s  0.92%   20.3s    605GiB  8.49%  28.8GiB
   compute_density         21     414s  0.90%   19.7s    605GiB  8.49%  28.8GiB
   QR orthonormaliz...    252    75.1s  0.16%   298ms   18.2GiB  0.26%  74.0MiB
 PlaneWaveBasis             1    33.1s  0.07%   33.1s   19.0GiB  0.27%  19.0GiB
   Instantiation At...      1    17.5s  0.04%   17.5s   14.8GiB  0.21%  14.8GiB
   Instantiation Ewald      1    10.7s  0.02%   10.7s   3.98GiB  0.06%  3.98GiB
   Instantiation At...      1    4.10s  0.01%   4.10s   72.6MiB  0.00%  72.6MiB
   build_kpoints            1    160ms  0.00%   160ms    126MiB  0.00%   126MiB
   Instantiation Ki...      1    106ms  0.00%   106ms   6.67MiB  0.00%  6.67MiB
   Instantiation Ha...      1   6.01ms  0.00%  6.01ms   12.8MiB  0.00%  12.8MiB
   Instantiation Ps...      1    155μs  0.00%   155μs   4.86KiB  0.00%  4.86KiB
   Instantiation Xc         1   2.20μs  0.00%  2.20μs     32.0B  0.00%    32.0B
   Instantiation En...      1    953ns  0.00%   953ns     16.0B  0.00%    16.0B
 guess_density              1    2.44s  0.01%   2.44s    124MiB  0.00%   124MiB
 spglib_get_symmetry        1   4.70ms  0.00%  4.70ms    215KiB  0.00%   215KiB
 ──────────────────────────────────────────────────────────────────────────────
