#
#-- SCF AlGaAsSiO2H n_repeat=10 -- mixing=HybridMixing(0.585, 14, 1.0, var"#431#439"{Int64,var"#periodise#438"}(30, var"#periodise#438"(), Core.Box(0.9897246349879941), Core.Box(1.3244148332918535)), true, false)
#

hostname       = clustern14

started on     = 2020-08-07T16:52:52.434
julia threads  = 4
BLAS threads   = 4

temperature    = 0.001
smearing       = DFTK.Smearing.Gaussian()
diag(lattice)  = [15.11, 10.68, 105.6]
Ecut           = 20
fft_size       = (48, 36, 324)
kgrid          = [3, 4, 1]
irreducible k  = 12
n_bands        = 281
n_electr       = 528
mixing         = HybridMixing(0.585, 14, 1.0, var"#431#439"{Int64,var"#periodise#438"}(30, var"#periodise#438"(), Core.Box(0.9897246349879941), Core.Box(1.3244148332918535)), true, false)
n     Free energy       Eₙ-Eₙ₋₁     ρout-ρin   Diag
---   ---------------   ---------   --------   ----
  1   -775.7595041527         NaN   2.28e+00    24.9 
  2   -778.0042205360   -2.24e+00   1.02e+00    19.7 
  3   -778.1476407371   -1.43e-01   4.19e-01    13.6 
  4   -778.2650631470   -1.17e-01   1.20e-01    12.0 
  5   -778.2778612006   -1.28e-02   6.58e-02    6.3 
  6   -778.2804986224   -2.64e-03   3.35e-02    6.6 
  7   -778.2812239084   -7.25e-04   1.77e-02    6.8 
  8   -778.2814812278   -2.57e-04   1.00e-02    3.2 
  9   -778.2815908256   -1.10e-04   4.76e-03    8.4 
 10   -778.2816168999   -2.61e-05   2.09e-03    9.2 
 11   -778.2816220324   -5.13e-06   1.15e-03    6.2 
 12   -778.2816247296   -2.70e-06   6.47e-04    8.9 
 13   -778.2816258686   -1.14e-06   3.54e-04    6.8 
 14   -778.2816263339   -4.65e-07   1.97e-04    9.3 
 15   -778.2816264900   -1.56e-07   1.18e-04    9.5 
 16   -778.2816265564   -6.64e-08   6.87e-05    9.3 
 17   -778.2816265813   -2.49e-08   4.11e-05    10.0 
 18   -778.2816265929   -1.16e-08   1.98e-05    9.3 
 19   -778.2816265959   -3.01e-09   1.04e-05    10.7 
 20   -778.2816265967   -7.64e-10   5.58e-06    10.1 
 21   -778.2816265969   -2.47e-10   3.29e-06    10.1 
 22   -778.2816265970   -8.72e-11   1.66e-06    10.8 
 23   -778.2816265970    2.05e-11   8.99e-07    11.0 
 24   -778.2816265970   -3.37e-11   5.54e-07    8.9 
 25   -778.2816265970    1.21e-11   2.91e-07    9.5 
 26   -778.2816265970   -3.18e-12   1.88e-07    8.8 
Energy breakdown:
    Kinetic             442.2055932
    AtomicLocal         -10215.0533439
    AtomicNonlocal      92.9510011
    Ewald               4154.5503902
    PspCorrection       -1.3025317
    Hartree             4952.1865082
    Xc                  -203.8186842
    Entropy             -0.0005595

    total               -778.281626596996

 ──────────────────────────────────────────────────────────────────────────────
                                       Time                   Allocations      
                               ──────────────────────   ───────────────────────
       Tot / % measured:           55709s / 100%            8259GiB / 100%     

 Section               ncalls     time   %tot     avg     alloc   %tot      avg
 ──────────────────────────────────────────────────────────────────────────────
 self_consistent_field      1   55675s   100%  55675s   8240GiB  100%   8240GiB
   LOBPCG                 312   45850s  82.3%    147s   6325GiB  76.6%  20.3GiB
     Hamiltonian mu...  3.43k   13960s  25.1%   4.07s    903GiB  10.9%   270MiB
     block multipli...  17.4k   12376s  22.2%   710ms   1541GiB  18.7%  90.6MiB
     rayleigh_ritz      3.11k    5809s  10.4%   1.87s   34.5GiB  0.42%  11.3MiB
     ortho              13.8k    4620s  8.29%   336ms   1098GiB  13.3%  81.7MiB
   energy_hamiltonian      53    8087s  14.5%    153s    233GiB  2.82%  4.39GiB
   mixing Hybrid           26     745s  1.34%   28.7s    911GiB  11.0%  35.1GiB
     compute_density       26     573s  1.03%   22.0s    749GiB  9.06%  28.8GiB
   compute_density         26     577s  1.04%   22.2s    749GiB  9.06%  28.8GiB
   QR orthonormaliz...    312    80.7s  0.14%   259ms   18.2GiB  0.22%  59.7MiB
 PlaneWaveBasis             1    30.7s  0.06%   30.7s   19.0GiB  0.23%  19.0GiB
   Instantiation At...      1    17.2s  0.03%   17.2s   14.8GiB  0.18%  14.8GiB
   Instantiation Ewald      1    10.6s  0.02%   10.6s   3.98GiB  0.05%  3.98GiB
   Instantiation At...      1    2.66s  0.00%   2.66s   72.6MiB  0.00%  72.6MiB
   build_kpoints            1    203ms  0.00%   203ms    126MiB  0.00%   126MiB
   Instantiation Ha...      1   20.8ms  0.00%  20.8ms   12.8MiB  0.00%  12.8MiB
   Instantiation Ki...      1   8.07ms  0.00%  8.07ms   6.67MiB  0.00%  6.67MiB
   Instantiation Ps...      1    159μs  0.00%   159μs   4.86KiB  0.00%  4.86KiB
   Instantiation En...      1   4.34μs  0.00%  4.34μs     16.0B  0.00%    16.0B
   Instantiation Xc         1   4.29μs  0.00%  4.29μs     32.0B  0.00%    32.0B
 guess_density              1    2.23s  0.00%   2.23s    124MiB  0.00%   124MiB
 spglib_get_symmetry        1   4.81ms  0.00%  4.81ms    215KiB  0.00%   215KiB
 ──────────────────────────────────────────────────────────────────────────────
