#
#-- SCF AlGaAsSiO2H n_repeat=10 -- mixing=HybridMixing(0.298, 1, 1.0, identity, true, false)
#

hostname       = clustern13

started on     = 2020-08-06T15:57:46.349
julia threads  = 4
BLAS threads   = 4

temperature    = 0.001
smearing       = DFTK.Smearing.Gaussian()
diag(lattice)  = [15.11, 10.68, 105.6]
Ecut           = 20
fft_size       = (48, 36, 324)
kgrid          = [3, 4, 1]
irreducible k  = 12
n_bands        = 281
n_electr       = 528
mixing         = HybridMixing(0.298, 1, 1.0, identity, true, false)
n     Free energy       Eₙ-Eₙ₋₁     ρout-ρin   Diag
---   ---------------   ---------   --------   ----
  1   -775.7594305355         NaN   2.28e+00    24.8 
  2   -774.9607765846    7.99e-01   1.51e+00    19.4 
  3   -778.1847047869   -3.22e+00   5.96e-01    20.5 
  4   -778.2573850838   -7.27e-02   1.80e-01    14.7 
  5   -778.2657912546   -8.41e-03   7.05e-02    12.9 
  6   -778.2767590041   -1.10e-02   4.00e-02    9.6 
  7   -778.2806318286   -3.87e-03   2.12e-02    8.8 
  8   -778.2813922424   -7.60e-04   1.24e-02    6.8 
  9   -778.2814303166   -3.81e-05   7.39e-03    11.8 
 10   -778.2815092455   -7.89e-05   5.08e-03    11.4 
 11   -778.2815964503   -8.72e-05   3.04e-03    10.9 
 12   -778.2816117747   -1.53e-05   2.05e-03    8.1 
 13   -778.2816210140   -9.24e-06   1.32e-03    10.8 
 14   -778.2816248027   -3.79e-06   7.78e-04    11.9 
 15   -778.2816257005   -8.98e-07   4.71e-04    10.4 
 16   -778.2816261147   -4.14e-07   2.83e-04    8.0 
 17   -778.2816263601   -2.45e-07   1.69e-04    10.8 
 18   -778.2816265037   -1.44e-07   1.03e-04    10.6 
 19   -778.2816265590   -5.53e-08   6.43e-05    10.9 
 20   -778.2816265811   -2.20e-08   4.03e-05    11.3 
 21   -778.2816265913   -1.02e-08   2.26e-05    11.8 
 22   -778.2816265940   -2.73e-09   1.52e-05    11.5 
 23   -778.2816265959   -1.90e-09   9.41e-06    12.3 
 24   -778.2816265965   -6.14e-10   5.65e-06    12.1 
 25   -778.2816265969   -3.44e-10   3.53e-06    12.7 
 26   -778.2816265970   -8.72e-11   2.08e-06    12.7 
 27   -778.2816265970   -1.93e-11   1.27e-06    12.5 
 28   -778.2816265970    2.96e-12   8.77e-07    11.0 
Energy breakdown:
    Kinetic             442.2055934
    AtomicLocal         -10215.0533049
    AtomicNonlocal      92.9510011
    Ewald               4154.5503902
    PspCorrection       -1.3025317
    Hartree             4952.1864690
    Xc                  -203.8186843
    Entropy             -0.0005595

    total               -778.281626596968

 ──────────────────────────────────────────────────────────────────────────────
                                       Time                   Allocations      
                               ──────────────────────   ───────────────────────
       Tot / % measured:           57704s / 100%            9216GiB / 100%     

 Section               ncalls     time   %tot     avg     alloc   %tot      avg
 ──────────────────────────────────────────────────────────────────────────────
 self_consistent_field      1   57673s   100%  57673s   9197GiB  100%   9197GiB
   LOBPCG                 336   48990s  84.9%    146s   7220GiB  78.3%  21.5GiB
     Hamiltonian mu...  4.43k   14933s  25.9%   3.37s   1036GiB  11.2%   240MiB
     block multipli...  23.2k   13836s  24.0%   597ms   1814GiB  19.7%  80.1MiB
     rayleigh_ritz      4.09k    6202s  10.7%   1.52s   38.1GiB  0.41%  9.55MiB
     ortho              18.4k    4909s  8.51%   266ms   1265GiB  13.7%  70.3MiB
   energy_hamiltonian      57    7144s  12.4%    125s    251GiB  2.72%  4.40GiB
   mixing Hybrid           28     587s  1.02%   21.0s    896GiB  9.72%  32.0GiB
     compute_density       28     524s  0.91%   18.7s    806GiB  8.75%  28.8GiB
   compute_density         28     519s  0.90%   18.5s    806GiB  8.75%  28.8GiB
   QR orthonormaliz...    336    76.0s  0.13%   226ms   18.2GiB  0.20%  55.6MiB
 PlaneWaveBasis             1    26.2s  0.05%   26.2s   19.0GiB  0.21%  19.0GiB
   Instantiation At...      1    14.6s  0.03%   14.6s   14.8GiB  0.16%  14.8GiB
   Instantiation Ewald      1    8.78s  0.02%   8.78s   3.98GiB  0.04%  3.98GiB
   Instantiation At...      1    2.61s  0.00%   2.61s   72.6MiB  0.00%  72.6MiB
   build_kpoints            1    189ms  0.00%   189ms    126MiB  0.00%   126MiB
   Instantiation Ki...      1   5.13ms  0.00%  5.13ms   6.67MiB  0.00%  6.67MiB
   Instantiation Ha...      1   4.05ms  0.00%  4.05ms   12.8MiB  0.00%  12.8MiB
   Instantiation Ps...      1    124μs  0.00%   124μs   4.86KiB  0.00%  4.86KiB
   Instantiation Xc         1   2.60μs  0.00%  2.60μs     32.0B  0.00%    32.0B
   Instantiation En...      1    717ns  0.00%   717ns     16.0B  0.00%    16.0B
 guess_density              1    2.28s  0.00%   2.28s    139MiB  0.00%   139MiB
 spglib_get_symmetry        1   4.30ms  0.00%  4.30ms    215KiB  0.00%   215KiB
 ──────────────────────────────────────────────────────────────────────────────
