#
#-- SCF AlGaAsSiO2H n_repeat=10 -- mixing=KerkerMixing(0.983, 1.0)
#

hostname       = clustern14

started on     = 2020-08-06T08:49:40.009
julia threads  = 4
BLAS threads   = 4

temperature    = 0.001
smearing       = DFTK.Smearing.Gaussian()
diag(lattice)  = [15.11, 10.68, 105.6]
Ecut           = 20
fft_size       = (48, 36, 324)
kgrid          = [3, 4, 1]
irreducible k  = 12
n_bands        = 281
n_electr       = 528
mixing         = KerkerMixing(0.983, 1.0)
n     Free energy       Eₙ-Eₙ₋₁     ρout-ρin   Diag
---   ---------------   ---------   --------   ----
  1   -775.7595369141         NaN   2.28e+00    25.1 
  2   -775.4185428545    3.41e-01   8.75e-01    21.2 
  3   -777.8173013201   -2.40e+00   4.83e-01    15.3 
  4   -778.1129864219   -2.96e-01   5.02e-02    10.2 
  5   -778.1898209766   -7.68e-02   3.33e-02    10.8 
  6   -778.2180232841   -2.82e-02   1.16e-02    10.9 
  7   -778.2390811435   -2.11e-02   7.11e-03    12.5 
  8   -778.2566200659   -1.75e-02   5.02e-03    13.8 
  9   -778.2656181988   -9.00e-03   3.89e-03    14.3 
 10   -778.2733841366   -7.77e-03   2.78e-03    15.1 
 11   -778.2783416694   -4.96e-03   1.76e-03    17.0 
 12   -778.2793098084   -9.68e-04   1.49e-03    15.7 
 13   -778.2801958354   -8.86e-04   1.22e-03    17.2 
 14   -778.2808187535   -6.23e-04   9.93e-04    17.5 
 15   -778.2810079426   -1.89e-04   8.85e-04    13.3 
 16   -778.2811656873   -1.58e-04   7.91e-04    15.3 
 17   -778.2813620421   -1.96e-04   6.12e-04    15.8 
 18   -778.2814615873   -9.95e-05   4.75e-04    14.4 
 19   -778.2815230571   -6.15e-05   3.58e-04    16.3 
 20   -778.2815528703   -2.98e-05   2.82e-04    14.8 
 21   -778.2815699960   -1.71e-05   2.31e-04    16.0 
 22   -778.2815798108   -9.81e-06   2.03e-04    10.7 
 23   -778.2815890968   -9.29e-06   1.79e-04    10.8 
 24   -778.2815985731   -9.48e-06   1.53e-04    13.5 
 25   -778.2816082238   -9.65e-06   1.23e-04    14.2 
 26   -778.2816188437   -1.06e-05   7.80e-05    16.7 
 27   -778.2816246168   -5.77e-06   3.88e-05    18.8 
 28   -778.2816261635   -1.55e-06   1.80e-05    18.4 
 29   -778.2816264420   -2.79e-07   1.12e-05    18.0 
 30   -778.2816264997   -5.77e-08   8.76e-06    16.9 
 31   -778.2816265330   -3.33e-08   7.16e-06    18.2 
 32   -778.2816265679   -3.49e-08   4.84e-06    19.7 
 33   -778.2816265903   -2.24e-08   2.55e-06    19.2 
 34   -778.2816265960   -5.75e-09   1.20e-06    20.7 
 35   -778.2816265968   -7.45e-10   7.05e-07    19.4 
 36   -778.2816265970   -2.03e-10   4.30e-07    19.3 
 37   -778.2816265969    3.33e-11   3.17e-07    16.5 
 38   -778.2816265970   -2.10e-11   1.88e-07    13.8 
 39   -778.2816265970   -2.03e-11   1.21e-07    16.7 
 40   -778.2816265970   -3.94e-11   8.31e-08    15.5 
 41   -778.2816265970    2.48e-11   5.25e-08    15.4 
 42   -778.2816265970   -7.84e-12   3.88e-08    16.3 
Energy breakdown:
    Kinetic             442.2055941
    AtomicLocal         -10215.0534922
    AtomicNonlocal      92.9510009
    Ewald               4154.5503902
    PspCorrection       -1.3025317
    Hartree             4952.1866560
    Xc                  -203.8186844
    Entropy             -0.0005595

    total               -778.281626597011

 ──────────────────────────────────────────────────────────────────────────────
                                       Time                   Allocations      
                               ──────────────────────   ───────────────────────
       Tot / % measured:           115363s / 100%           14845GiB / 100%    

 Section               ncalls     time   %tot     avg     alloc   %tot      avg
 ──────────────────────────────────────────────────────────────────────────────
 self_consistent_field      1   115329s   100%  115329s   14825GiB 100%   14825GiB
   LOBPCG                 504   100600s  87.2%    200s   13215GiB 89.0%  26.2GiB
     Hamiltonian mu...  8.55k   29520s  25.6%   3.45s   1896GiB  12.8%   227MiB
     block multipli...  46.3k   29274s  25.4%   633ms   3641GiB  24.5%  80.6MiB
     rayleigh_ritz      8.05k   12868s  11.2%   1.60s   76.5GiB  0.52%  9.73MiB
     ortho              35.6k    9822s  8.51%   276ms   2379GiB  16.0%  68.5MiB
   energy_hamiltonian      85   13341s  11.6%    157s    376GiB  2.53%  4.42GiB
   compute_density         42     940s  0.82%   22.4s   1209GiB  8.15%  28.8GiB
   QR orthonormaliz...    504    81.0s  0.07%   161ms   18.2GiB  0.12%  37.0MiB
   mixing Kerker           42   1000ms  0.00%  23.8ms    765MiB  0.01%  18.2MiB
 PlaneWaveBasis             1    29.5s  0.03%   29.5s   19.1GiB  0.13%  19.1GiB
   Instantiation At...      1    17.9s  0.02%   17.9s   14.8GiB  0.10%  14.8GiB
   Instantiation Ewald      1    8.16s  0.01%   8.16s   3.98GiB  0.03%  3.98GiB
   Instantiation At...      1    2.67s  0.00%   2.67s   72.6MiB  0.00%  72.6MiB
   build_kpoints            1    143ms  0.00%   143ms    126MiB  0.00%   126MiB
   Instantiation Ha...      1   73.0ms  0.00%  73.0ms   24.0MiB  0.00%  24.0MiB
   Instantiation Ki...      1   13.8ms  0.00%  13.8ms   6.67MiB  0.00%  6.67MiB
   Instantiation Ps...      1    333μs  0.00%   333μs   13.7KiB  0.00%  13.7KiB
   Instantiation En...      1   7.91μs  0.00%  7.91μs     16.0B  0.00%    16.0B
   Instantiation Xc         1   3.82μs  0.00%  3.82μs     32.0B  0.00%    32.0B
 guess_density              1    2.12s  0.00%   2.12s    124MiB  0.00%   124MiB
 spglib_get_symmetry        1   3.94ms  0.00%  3.94ms    215KiB  0.00%   215KiB
 ──────────────────────────────────────────────────────────────────────────────
