#
#-- SCF AlGaAsSiO2H n_repeat=10 -- mixing=RestaMixing(0.169, 14, 1.0)
#

hostname       = clustern10

started on     = 2020-08-06T19:11:21.044
julia threads  = 4
BLAS threads   = 4

temperature    = 0.001
smearing       = DFTK.Smearing.Gaussian()
diag(lattice)  = [15.11, 10.68, 105.6]
Ecut           = 20
fft_size       = (48, 36, 324)
kgrid          = [3, 4, 1]
irreducible k  = 12
n_bands        = 281
n_electr       = 528
mixing         = RestaMixing(0.169, 14, 1.0)
n     Free energy       Eₙ-Eₙ₋₁     ρout-ρin   Diag
---   ---------------   ---------   --------   ----
  1   -775.7595766225         NaN   2.28e+00    24.1 
  2   -777.5693231704   -1.81e+00   1.87e+00    18.3 
  3   -777.4312861669    1.38e-01   5.89e-01    25.3 
  4   -767.8829555271    9.55e+00   2.39e-01    26.8 
  5   -764.6125935585    3.27e+00   1.98e-01    35.8 
  6   -778.2270696023   -1.36e+01   8.19e-02    31.5 
  7   -778.0210929695    2.06e-01   7.12e-02    18.1 
  8   -778.2074605970   -1.86e-01   3.01e-02    16.1 
  9   -778.2650894181   -5.76e-02   2.03e-02    15.8 
 10   -778.2050575669    6.00e-02   1.76e-02    17.8 
 11   -778.2607815296   -5.57e-02   1.23e-02    17.8 
 12   -778.2794120241   -1.86e-02   7.47e-03    13.8 
 13   -778.2795956322   -1.84e-04   3.48e-03    11.9 
 14   -778.2802364892   -6.41e-04   2.83e-03    11.4 
 15   -778.2812497649   -1.01e-03   1.99e-03    13.7 
 16   -778.2814702150   -2.20e-04   1.57e-03    12.8 
 17   -778.2815752718   -1.05e-04   1.08e-03    14.4 
 18   -778.2816075837   -3.23e-05   7.04e-04    13.1 
 19   -778.2816043045    3.28e-06   5.53e-04    14.1 
 20   -778.2816159765   -1.17e-05   3.62e-04    14.0 
 21   -778.2816215931   -5.62e-06   2.95e-04    14.5 
 22   -778.2816187739    2.82e-06   2.54e-04    13.0 
 23   -778.2816230799   -4.31e-06   1.52e-04    15.4 
 24   -778.2816230989   -1.90e-08   1.45e-04    15.3 
 25   -778.2816252522   -2.15e-06   9.97e-05    14.8 
 26   -778.2816265027   -1.25e-06   5.11e-05    13.9 
 27   -778.2816265373   -3.46e-08   3.58e-05    11.7 
 28   -778.2816265703   -3.30e-08   2.69e-05    10.7 
 29   -778.2816265792   -8.95e-09   1.72e-05    12.1 
 30   -778.2816265936   -1.44e-08   1.06e-05    12.6 
 31   -778.2816265957   -2.13e-09   5.80e-06    13.2 
 32   -778.2816265965   -7.38e-10   4.42e-06    8.3 
 33   -778.2816265962    2.97e-10   2.84e-06    13.0 
 34   -778.2816265969   -7.26e-10   1.75e-06    13.3 
 35   -778.2816265969   -2.88e-11   1.46e-06    9.7 
 36   -778.2816265969    5.64e-11   9.79e-07    14.4 
 37   -778.2816265970   -1.05e-10   6.87e-07    13.3 
 38   -778.2816265970    1.24e-11   6.32e-07    14.2 
 39   -778.2816265970   -3.82e-11   4.03e-07    13.8 
 40   -778.2816265970   -4.32e-12   2.47e-07    11.0 
Energy breakdown:
    Kinetic             442.2055929
    AtomicLocal         -10215.0533975
    AtomicNonlocal      92.9510012
    Ewald               4154.5503902
    PspCorrection       -1.3025317
    Hartree             4952.1865619
    Xc                  -203.8186842
    Entropy             -0.0005595

    total               -778.281626597001

 ──────────────────────────────────────────────────────────────────────────────
                                       Time                   Allocations      
                               ──────────────────────   ───────────────────────
       Tot / % measured:           104173s / 100%           14238GiB / 100%    

 Section               ncalls     time   %tot     avg     alloc   %tot      avg
 ──────────────────────────────────────────────────────────────────────────────
 self_consistent_field      1   104134s   100%  104134s   14219GiB 100%   14219GiB
   LOBPCG                 480   91604s  87.9%    191s   12683GiB 89.1%  26.4GiB
     Hamiltonian mu...  7.97k   26711s  25.6%   3.35s   1815GiB  12.8%   233MiB
     block multipli...  43.0k   26396s  25.3%   614ms   3505GiB  24.6%  83.5MiB
     rayleigh_ritz      7.49k   12341s  11.8%   1.65s   75.0GiB  0.53%  10.3MiB
     ortho              33.0k    9229s  8.86%   280ms   2286GiB  16.1%  70.9MiB
   energy_hamiltonian      81   11216s  10.8%    138s    358GiB  2.51%  4.42GiB
   compute_density         40     809s  0.78%   20.2s   1152GiB  8.09%  28.8GiB
   QR orthonormaliz...    480    76.3s  0.07%   159ms   18.2GiB  0.13%  38.9MiB
   mixing Resta            40    383ms  0.00%  9.57ms    684MiB  0.00%  17.1MiB
 PlaneWaveBasis             1    31.2s  0.03%   31.2s   19.0GiB  0.13%  19.0GiB
   Instantiation At...      1    18.5s  0.02%   18.5s   14.8GiB  0.10%  14.8GiB
   Instantiation Ewald      1    9.57s  0.01%   9.57s   3.98GiB  0.03%  3.98GiB
   Instantiation At...      1    2.89s  0.00%   2.89s   72.6MiB  0.00%  72.6MiB
   build_kpoints            1    152ms  0.00%   152ms    126MiB  0.00%   126MiB
   Instantiation Ha...      1   15.3ms  0.00%  15.3ms   12.8MiB  0.00%  12.8MiB
   Instantiation Ki...      1   5.69ms  0.00%  5.69ms   6.67MiB  0.00%  6.67MiB
   Instantiation Ps...      1    130μs  0.00%   130μs   4.86KiB  0.00%  4.86KiB
   Instantiation Xc         1   3.74μs  0.00%  3.74μs     32.0B  0.00%    32.0B
   Instantiation En...      1    827ns  0.00%   827ns     16.0B  0.00%    16.0B
 guess_density              1    2.40s  0.00%   2.40s    139MiB  0.00%   139MiB
 spglib_get_symmetry        1   4.49ms  0.00%  4.49ms    215KiB  0.00%   215KiB
 ──────────────────────────────────────────────────────────────────────────────
