#
#-- optimal_damping Al n_repeat=12 -- mixing=KerkerMixing(1.0, 1.0)
#

Starting Arnoldi (now = 2020-08-20T15:42:00.678 ...

#--- 1 ---#
idcs      evals   residnorms   |P(X)|
  1    0.982221   0.0317586  3.44931e-16

#--- 2 ---#
idcs      evals   residnorms   |P(X)|
  1       0.981   0.0552437  3.45844e-16
  2     1.67974     1.21369  3.29149e-16

#--- 3 ---#
idcs      evals   residnorms   |P(X)|
  1    0.856701   0.0817131  3.37781e-16
  2    0.987515   0.0180237  3.46131e-16
  3     3.54843    0.127296  3.3928e-16

#--- 4 ---#
idcs      evals   residnorms   |P(X)|
  1    0.812302    0.100226  3.37324e-16
  2    0.979335   0.0839895  3.43044e-16
  3     1.01709    0.164469  3.43683e-16
  4     3.55452   0.0103714  3.39547e-16

#--- 5 ---#
idcs      evals   residnorms   |P(X)|
  1    0.796805    0.130151  3.3636e-16
  2    0.963187    0.181978  3.41475e-16
  3    0.996431    0.119416  3.45658e-16
  4     1.86212     1.08729  3.35082e-16
  5     3.55448  0.00673028  3.33267e-16

#--- 6 ---#
idcs      evals   residnorms   |P(X)|
  1    0.777339   0.0425234  3.38676e-16
  2    0.907462   0.0574628  3.39889e-16
  3    0.988572   0.0135774  3.46457e-16
  4     1.20861      0.1061  3.39481e-16
  5      3.5355    0.170456  3.14665e-16
  6      3.5575   0.0549103  3.44702e-16

#--- 7 ---#
idcs      evals   residnorms   |P(X)|
  1    0.755779   0.0411084  3.3946e-16
  2    0.834609   0.0604549  3.38975e-16
  3    0.942344   0.0437803  3.44138e-16
  4    0.990216   0.0106787  3.44987e-16
  5      1.2449    0.026343  3.32899e-16
  6     3.54445  0.00573205  3.33619e-16
  7     3.55766  0.00319073  3.36763e-16

#--- 8 ---#
idcs      evals   residnorms   |P(X)|
  1    0.751472   0.0447592  3.41009e-16
  2    0.809416   0.0727178  3.43541e-16
  3     0.90506   0.0892765  3.41287e-16
  4    0.977435   0.0822156  3.41574e-16
  5    0.994221   0.0506983  3.44163e-16
  6     1.24502   0.0119327  3.38561e-16
  7     3.54455  0.000312753  3.10846e-16
  8     3.55771  0.00017513  3.41868e-16

#--- 9 ---#
idcs      evals   residnorms   |P(X)|
  1    0.731647   0.0354968  3.29917e-16
  2    0.787504   0.0399064  3.35348e-16
  3    0.872734   0.0533597  3.3834e-16
  4    0.951596   0.0396256  3.43099e-16
  5    0.990605    0.010158  3.43496e-16
  6     1.17105     0.12729  3.41552e-16
  7     1.24876   0.0197184  3.43149e-16
  8     3.54455  2.09665e-05  3.22628e-16
  9     3.55771  1.16772e-05  3.30534e-16

#--- 10 ---#
idcs      evals   residnorms   |P(X)|
  1    0.727019    0.026955  3.50464e-16
  2    0.772683    0.033522  3.34861e-16
  3    0.837964    0.048936  3.34443e-16
  4    0.916034   0.0511648  3.4421e-16
  5    0.972031   0.0425337  3.40818e-16
  6    0.992151   0.0149315  3.471e-16
  7     1.22913   0.0417255  3.25156e-16
  8     1.24979   0.0217307  3.40892e-16
  9     3.54454  8.16366e-07  3.14045e-16
 10     3.55771  4.5235e-07  3.45848e-16

#--- 11 ---#
idcs      evals   residnorms   |P(X)|
  1    0.720528   0.0188973  3.52281e-16
  2    0.766712   0.0281469  3.31284e-16
  3    0.815143   0.0453804  3.38335e-16
  4    0.883392   0.0507786  3.4241e-16
  5    0.947748   0.0420453  3.39697e-16
  6    0.989562   0.0176096  3.44401e-16
  7     1.01295    0.063448  3.3588e-16
  8     1.23482   0.0122477  3.38708e-16
  9     1.25522  0.00998688  3.41312e-16
 10     3.54454  3.39806e-08  3.08842e-16
 11     3.55771  1.87341e-08  3.39622e-16

#--- 12 ---#
idcs      evals   residnorms   |P(X)|
  1    0.717177   0.0127512  3.4048e-16
  2     0.75855   0.0246932  3.27405e-16
  3     0.79517   0.0354807  3.38483e-16
  4    0.851952   0.0398359  3.38799e-16
  5    0.914593   0.0378802  3.46623e-16
  7    0.991087  0.00766657  3.44673e-16
  8       1.054   0.0444239  3.30867e-16
  9     1.23521  0.00386309  3.50477e-16
 10     1.25433  0.00284257  3.42322e-16
 11     3.54454  1.1123e-09  3.1259e-16
 12     3.55771  6.10174e-10  3.29101e-16

#--- 13 ---#
idcs      evals   residnorms   |P(X)|
  1     0.71554  0.00934369  3.47155e-16
  2    0.749782   0.0238315  3.37595e-16
  3     0.77971   0.0269115  3.46834e-16
  4    0.827924   0.0336677  3.38308e-16
  5    0.881128   0.0360275  3.44334e-16
  8    0.991918  0.00712577  3.46965e-16
  9     1.06673   0.0201062  3.09252e-16
 10     1.23523  0.000865563  3.42167e-16
 11     1.25454  0.000606056  3.38667e-16
 12     3.54454  3.14544e-11  3.27625e-16
 13     3.55771  1.717e-11  3.3798e-16

#--- 14 ---#
idcs      evals   residnorms   |P(X)|
  1    0.714693  0.00521055  3.36846e-16
  2    0.745866   0.0170189  3.34405e-16
  3    0.772924   0.0205315  3.37003e-16
  4    0.812123   0.0314981  3.4243e-16
  5    0.854973   0.0353093  3.36153e-16
  9     0.99247   0.0065567  3.45667e-16
 10     1.06899  0.00745122  3.40544e-16
 11     1.23526  0.000161344  3.51732e-16
 12     1.25454  0.000107067  3.37811e-16
 13     3.54454  7.70441e-13  3.194e-16
 14     3.55771  4.18503e-13  3.41144e-16

#--- 15 ---#
idcs      evals   residnorms   |P(X)|
  1      0.7146  0.00468081  3.48242e-16
  2    0.737828   0.0170917  3.39244e-16
  3    0.766643   0.0199062  3.44576e-16
  4    0.796306   0.0318226  3.41623e-16
  5     0.83405   0.0340948  3.4005e-16
 10    0.993499  0.00903592  3.48829e-16
 11     1.06924   0.0033978  3.43806e-16
 12     1.23526  3.64426e-05  3.44997e-16
 13     1.25454  2.28861e-05  3.32329e-16
 14     3.54454  2.43558e-14  3.15543e-16
 15     3.55771  1.35474e-14  3.23437e-16

 ──────────────────────────────────────────────────────────────────────────────
                                       Time                   Allocations      
                               ──────────────────────   ───────────────────────
       Tot / % measured:             163s / 89.7%            186GiB / 98.8%    

 Section               ncalls     time   %tot     avg     alloc   %tot      avg
 ──────────────────────────────────────────────────────────────────────────────
 apply_χ0                  15     146s   100%   9.72s    183GiB  100%   12.2GiB
   Hamiltonian mult...  22.9k    45.4s  31.0%  1.98ms   14.3GiB  7.78%   652KiB
   compute_density         15    1.83s  1.25%   122ms   2.46GiB  1.34%   168MiB
 PlaneWaveBasis             1    314ms  0.21%   314ms    120MiB  0.06%   120MiB
   Instantiation At...      1   74.2ms  0.05%  74.2ms   72.0MiB  0.04%  72.0MiB
   Instantiation Ewald      1   65.4ms  0.04%  65.4ms   25.9MiB  0.01%  25.9MiB
   Instantiation At...      1   27.9ms  0.02%  27.9ms   2.41MiB  0.00%  2.41MiB
   build_kpoints            1   6.30ms  0.00%  6.30ms   7.87MiB  0.00%  7.87MiB
   Instantiation Ha...      1    458μs  0.00%   458μs   1.03MiB  0.00%  1.03MiB
   Instantiation Ki...      1    348μs  0.00%   348μs    407KiB  0.00%   407KiB
   Instantiation Ps...      1   74.9μs  0.00%  74.9μs      928B  0.00%     928B
   Instantiation Xc         1   1.06μs  0.00%  1.06μs     32.0B  0.00%    32.0B
   Instantiation En...      1    680ns  0.00%   680ns     16.0B  0.00%    16.0B
 compute_density            1   96.5ms  0.07%  96.5ms    185MiB  0.10%   185MiB
 mixing Kerker             15   29.2ms  0.02%  1.95ms   31.0MiB  0.02%  2.07MiB
 spglib_get_symmetry        1   2.11ms  0.00%  2.11ms   13.8KiB  0.00%  13.8KiB
 ──────────────────────────────────────────────────────────────────────────────
