#
#-- optimal_damping Al n_repeat=12 -- mixing=SimpleMixing(1.0)
#

Starting Arnoldi (now = 2020-08-20T15:44:41.533 ...

#--- 1 ---#
idcs      evals   residnorms   |P(X)|
  1    0.999744    0.151966  3.45428e-16

#--- 2 ---#
idcs      evals   residnorms   |P(X)|
  1    0.998303   0.0234011  3.46166e-16
  2     17.0006     2.46395  3.10428e-16

#--- 3 ---#
idcs      evals   residnorms   |P(X)|
  1    0.998188    0.035701  3.45259e-16
  2     4.50964     5.41617  3.3471e-16
  3     17.4767     1.06758  3.05821e-16

#--- 4 ---#
idcs      evals   residnorms   |P(X)|
  1    0.997853   0.0126844  3.43347e-16
  2     1.89617    0.582381  3.32394e-16
  3     15.2924     1.09946  3.58751e-16
  4     17.8946    0.495955  2.94138e-16

#--- 5 ---#
idcs      evals   residnorms   |P(X)|
  1    0.997561   0.0352346  3.44464e-16
  2     1.34591     1.11879  3.35549e-16
  3     2.52194     1.19431  3.38328e-16
  4     15.3861    0.135483  2.91148e-16
  5     17.9095   0.0534417  2.95539e-16

#--- 6 ---#
idcs      evals   residnorms   |P(X)|
  1    0.997463   0.0133478  3.45739e-16
  2     1.25812    0.329072  3.3279e-16
  3     2.42607    0.325016  3.26622e-16
  4     15.3686     0.50235  3.19213e-16
  5     16.4689     4.04298  3.47447e-16
  6     17.9108     0.14934  2.85614e-16

#--- 7 ---#
idcs      evals   residnorms   |P(X)|
  1    0.997192   0.0412783  3.45552e-16
  2     1.11829    0.596939  3.47442e-16
  3     1.85448     1.13005  3.36258e-16
  4     2.57861    0.613905  3.45805e-16
  5     15.3788   0.0267359  3.2382e-16
  6     17.5992    0.390885  3.16391e-16
  7     17.9153   0.0626601  2.76251e-16

#--- 8 ---#
idcs      evals   residnorms   |P(X)|
  1    0.996896   0.0238619  3.45353e-16
  2     1.08124    0.245255  3.43888e-16
  3     1.75958    0.417149  3.26196e-16
  4     2.55042    0.211223  3.22312e-16
  5     13.6753     4.41196  2.91429e-16
  6     15.3788   0.0681857  3.15137e-16
  7     17.6265    0.434927  2.91206e-16
  8     17.9173   0.0712589  2.77988e-16

#--- 9 ---#
idcs      evals   residnorms   |P(X)|
  1    0.989182   0.0789964  3.40174e-16
  2     1.00378   0.0696104  3.43715e-16
  3     1.45282    0.172062  3.45068e-16
  4     2.16963     0.20117  3.3256e-16
  5     2.61982   0.0983247  3.316e-16
  6     15.3366    0.096081  2.95985e-16
  7     15.3937   0.0562461  3.01788e-16
  8     17.6391   0.0152922  3.00272e-16
  9     17.9188  0.00247045  3.23351e-16

#--- 10 ---#
idcs      evals   residnorms   |P(X)|
  1    0.977315   0.0571539  3.40138e-16
  2     1.00007     0.02177  3.45136e-16
  3     1.38762    0.168434  3.36608e-16
  4      1.8123    0.365816  3.379e-16
  5     2.26876    0.199658  3.38554e-16
  6     2.63419   0.0660152  3.34318e-16
  7     15.3378  0.00326338  2.80813e-16
  8     15.3935   0.0019406  3.52884e-16
  9     17.6392  0.000442428  3.21543e-16
 10     17.9188  7.02276e-05  2.66216e-16

#--- 11 ---#
idcs      evals   residnorms   |P(X)|
  1    0.972921   0.0316704  3.38946e-16
  2    0.999504   0.0104167  3.46904e-16
  3     1.29432    0.160204  3.28707e-16
  4     1.54095    0.177395  3.44532e-16
  5     2.11771    0.174453  3.15493e-16
  6     2.41409    0.196468  3.20552e-16
  7     2.64424   0.0527649  3.23271e-16
  8     15.3378  8.81194e-05  3.23811e-16
  9     15.3935  5.21624e-05  2.97355e-16
 10     17.6392  1.0197e-05  3.01295e-16
 11     17.9188  1.59029e-06  2.69845e-16

#--- 12 ---#
idcs      evals   residnorms   |P(X)|
  1    0.970526   0.0222393  3.43997e-16
  2    0.999287  0.00724108  3.46439e-16
  3     1.20366    0.158688  3.37694e-16
  4     1.43728     0.14499  3.44482e-16
  5     1.73484     0.22275  3.45977e-16
  7     2.47318   0.0919074  4.1595e-16
  8     2.64799   0.0251178  3.18371e-16
  9     15.3378  2.19684e-06  3.05225e-16
 10     15.3935  1.29517e-06  2.87089e-16
 11     17.6392  2.17579e-07  2.62197e-16
 12     17.9188  3.33487e-08  2.95928e-16

#--- 13 ---#
idcs      evals   residnorms   |P(X)|
  1    0.969142   0.0271924  3.43646e-16
  2    0.999124   0.0097578  3.45327e-16
  3     1.11648    0.205016  3.28994e-16
  4     1.34941    0.193621  3.45026e-16
  5     1.54407    0.209895  3.37479e-16
  8     2.48181   0.0503226  3.28474e-16
  9     2.64868   0.0116608  3.22732e-16
 10     15.3378  7.01995e-08  3.52993e-16
 11     15.3935  4.12198e-08  2.98817e-16
 12     17.6392  5.95683e-09  3.30178e-16
 13     17.9188  8.97395e-10  2.86236e-16

#--- 14 ---#
idcs      evals   residnorms   |P(X)|
  1    0.966469   0.0258415  3.3787e-16
  2     0.99843   0.0163625  3.45109e-16
  3     1.02234   0.0874674  3.431e-16
  4      1.2685   0.0740408  3.40054e-16
  5     1.46365   0.0670637  3.70657e-16
  9     2.48671   0.0207799  3.50113e-16
 10     2.64887  0.00357744  3.10254e-16
 11     15.3378  1.14797e-09  2.82143e-16
 12     15.3935  6.71313e-10  2.88312e-16
 13     17.6392  8.33093e-11  2.87621e-16
 14     17.9188  1.23336e-11  2.71105e-16

#--- 15 ---#
idcs      evals   residnorms   |P(X)|
  1    0.962398   0.0228803  3.4197e-16
  2    0.991017   0.0374662  3.41531e-16
  3     1.00107    0.019106  3.45534e-16
  4     1.20508   0.0856399  3.34932e-16
  5     1.33172   0.0842986  3.45857e-16
 10     2.48735   0.0026933  3.3145e-16
 11     2.64888  0.000397041  3.16727e-16
 12     15.3378  1.15384e-11  2.89944e-16
 13     15.3935  6.72083e-12  3.14266e-16
 14     17.6392  7.19413e-13  3.04929e-16
 15     17.9188  1.06174e-13  3.0886e-16

#--- 16 ---#
idcs      evals   residnorms   |P(X)|
  1    0.959847   0.0299558  3.4073e-16
  2    0.984309   0.0430112  3.41862e-16
  3     1.00005   0.0132072  3.46785e-16
  4     1.12133    0.150025  3.36451e-16
  5     1.26185    0.103652  3.29165e-16
 11     2.48735  0.000509839  3.23561e-16
 12     2.64888  6.6313e-05  3.53206e-16
 13     15.3378  1.91641e-13  3.20056e-16
 14     15.3935  1.12063e-13  3.15669e-16
 15     17.6392  1.57079e-14  2.5885e-16
 16     17.9188  9.26157e-15  3.43205e-16

#--- 17 ---#
idcs      evals   residnorms   |P(X)|
  1    0.958373   0.0223519  3.35235e-16
  2    0.981246   0.0292258  3.41037e-16
  3    0.999785  0.00809601  3.47773e-16
  4     1.08963   0.0997672  3.31834e-16
  5     1.24414   0.0702563  3.18079e-16
 12     2.48734  0.000321005  3.08282e-16
 13     2.64888  3.34163e-05  3.20547e-16
 14     15.3378  1.80792e-14  3.2508e-16
 15     15.3935  1.54673e-14  3.05232e-16
 16     17.6392  2.56698e-14  2.94855e-16
 17     17.9188  2.07779e-14  2.7548e-16

#--- 18 ---#
idcs      evals   residnorms   |P(X)|
  1    0.957289      0.0148  3.36175e-16
  2    0.979448   0.0189403  3.43244e-16
  3    0.999642  0.00536848  3.45241e-16
  4     1.06594   0.0657622  3.59387e-16
  5     1.22834   0.0677932  3.25807e-16
 13     2.48735  0.000212515  3.30315e-16
 14     2.64888  1.51807e-05  3.20462e-16
 15     15.3378  1.14132e-14  3.37497e-16
 16     15.3935  1.355e-14  3.01954e-16
 17     17.6392  1.4832e-14  2.87961e-16
 18     17.9188  9.25235e-15  2.98703e-16

#--- 19 ---#
idcs      evals   residnorms   |P(X)|
  1    0.957079   0.0144925  3.39059e-16
  2    0.978814   0.0191815  3.43368e-16
  3    0.999589  0.00572794  3.44455e-16
  4     1.05656    0.072355  3.46725e-16
  5     1.21285     0.11722  3.34399e-16
 14     2.48735  0.000238047  3.16101e-16
 15     2.64888  1.18119e-05  3.32315e-16
 16     15.3378  2.54643e-14  3.17711e-16
 17     15.3935  2.28629e-14  3.28189e-16
 18     17.6392  3.5007e-14  3.17372e-16
 19     17.9188  1.81438e-14  3.46227e-16

 ──────────────────────────────────────────────────────────────────────────────
                                       Time                   Allocations      
                               ──────────────────────   ───────────────────────
       Tot / % measured:             193s / 97.3%            239GiB / 99.2%    

 Section               ncalls     time   %tot     avg     alloc   %tot      avg
 ──────────────────────────────────────────────────────────────────────────────
 apply_χ0                  19     187s   100%   9.87s    236GiB  100%   12.4GiB
   Hamiltonian mult...  32.0k    61.9s  33.0%  1.94ms   19.9GiB  8.39%   652KiB
   compute_density         19    1.81s  0.96%  95.2ms   3.08GiB  1.30%   166MiB
 PlaneWaveBasis             1    176ms  0.09%   176ms    113MiB  0.05%   113MiB
   Instantiation At...      1   82.9ms  0.04%  82.9ms   72.0MiB  0.03%  72.0MiB
   Instantiation Ewald      1   56.9ms  0.03%  56.9ms   25.9MiB  0.01%  25.9MiB
   Instantiation At...      1   27.4ms  0.01%  27.4ms   2.41MiB  0.00%  2.41MiB
   build_kpoints            1   6.54ms  0.00%  6.54ms   7.87MiB  0.00%  7.87MiB
   Instantiation Ha...      1    454μs  0.00%   454μs   1.03MiB  0.00%  1.03MiB
   Instantiation Ki...      1    376μs  0.00%   376μs    407KiB  0.00%   407KiB
   Instantiation Ps...      1   78.2μs  0.00%  78.2μs      928B  0.00%     928B
   Instantiation Xc         1   1.13μs  0.00%  1.13μs     32.0B  0.00%    32.0B
   Instantiation En...      1    602ns  0.00%   602ns     16.0B  0.00%    16.0B
 compute_density            1    112ms  0.06%   112ms    185MiB  0.08%   185MiB
 spglib_get_symmetry        1   2.02ms  0.00%  2.02ms   13.1KiB  0.00%  13.1KiB
 mixing Simple             19    149μs  0.00%  7.82μs     0.00B  0.00%    0.00B
 ──────────────────────────────────────────────────────────────────────────────
