#
#-- optimal_damping GaAs n_repeat=20 -- mixing=SimpleMixing(1.0)
#

Starting Arnoldi (now = 2020-07-25T17:43:19.228 ...

#--- 1 ---#
idcs      evals   residnorms   |P(X)|
  1    0.999724     0.21508  3.67998e-16

#--- 2 ---#
idcs      evals   residnorms   |P(X)|
  1    0.999187   0.0337639  3.68051e-16
  2     14.2012     2.07267  3.51136e-16

#--- 3 ---#
idcs      evals   residnorms   |P(X)|
  1    0.998953   0.0219953  3.68809e-16
  2      6.0058      3.3013  3.45939e-16
  3     14.5013     0.81787  3.544e-16

#--- 4 ---#
idcs      evals   residnorms   |P(X)|
  1    0.998768   0.0223584  3.69516e-16
  2      2.5636     1.87694  3.50009e-16
  3     8.73828     1.69574  3.61115e-16
  4     14.6771    0.249257  3.59836e-16

#--- 5 ---#
idcs      evals   residnorms   |P(X)|
  1     0.99865   0.0196112  3.69016e-16
  2      1.7616    0.999509  3.51445e-16
  3     6.34966     1.96807  3.4123e-16
  4     9.89071     1.37487  3.40857e-16
  5     14.6647   0.0915213  3.52832e-16

#--- 6 ---#
idcs      evals   residnorms   |P(X)|
  1    0.998594   0.0141695  3.69089e-16
  2     1.59939    0.655179  3.56679e-16
  3      4.8573     1.97289  3.39764e-16
  4     8.35418     2.00153  3.41321e-16
  5     10.6883     1.68638  3.37373e-16
  6     14.6731   0.0479516  3.50818e-16

#--- 7 ---#
idcs      evals   residnorms   |P(X)|
  1    0.998514   0.0129199  3.67881e-16
  2     1.40345    0.517023  3.55835e-16
  3     2.91236     1.24188  3.48612e-16
  4     6.09965    0.925995  3.3744e-16
  5     9.18098    0.660171  3.4297e-16
  6     11.4054     0.68773  3.42763e-16
  7     14.6707   0.0119852  3.53378e-16

#--- 8 ---#
idcs      evals   residnorms   |P(X)|
  1     0.99838   0.0231012  3.69781e-16
  2      1.2591    0.754207  3.60991e-16
  3     2.14192     1.31029  3.52972e-16
  4      4.4912      1.8625  3.4387e-16
  5     6.53478     1.02617  3.46886e-16
  6     9.27663    0.363773  3.37993e-16
  7     11.4797    0.270106  3.46953e-16
  8     14.6711  0.00318474  3.58314e-16

#--- 9 ---#
idcs      evals   residnorms   |P(X)|
  1    0.998345   0.0221102  3.68518e-16
  2     1.16364    0.492539  3.61019e-16
  3     1.96326    0.719297  3.54032e-16
  4     4.02408     1.12394  3.41007e-16
  5     6.36786    0.701618  3.34905e-16
  6     9.22708    0.593457  3.46311e-16
  7     11.2819     2.76357  3.54877e-16
  8     11.7647     3.31123  3.49435e-16
  9     14.6711  0.00423501  3.53741e-16

#--- 10 ---#
idcs      evals   residnorms   |P(X)|
  1    0.998152   0.0229007  3.69462e-16
  2     1.10615    0.356589  3.62123e-16
  3     1.80217    0.504728  3.56467e-16
  4     3.48205     1.14303  3.4081e-16
  5     5.32646     1.61897  3.36732e-16
  6     6.60727    0.805666  3.3827e-16
  7     9.26934    0.173932  3.41365e-16
  8     11.4649    0.153094  3.46625e-16
  9      14.369     1.44132  3.52221e-16
 10      14.671   0.0118842  3.54437e-16

#--- 11 ---#
idcs      evals   residnorms   |P(X)|
  1    0.997688   0.0335182  3.6791e-16
  2     1.04524    0.239862  3.63761e-16
  3     1.68858    0.403433  3.55054e-16
  4     2.63147    0.865021  3.45764e-16
  5     4.17877    0.687088  3.41296e-16
  6      6.2678    0.506362  3.49258e-16
  7      7.3525    0.935934  3.38857e-16
  8     9.27673   0.0818315  3.38132e-16
  9     11.4694   0.0390513  3.49579e-16
 10     14.6042    0.253914  3.60142e-16
 11     14.6713    0.009314  3.58967e-16

 ──────────────────────────────────────────────────────────────────────────────
                                       Time                   Allocations      
                               ──────────────────────   ───────────────────────
       Tot / % measured:           13824s / 100%            16986GiB / 100%    

 Section               ncalls     time   %tot     avg     alloc   %tot      avg
 ──────────────────────────────────────────────────────────────────────────────
 apply_χ0                  11   13796s   100%   1254s   16975GiB 100%   1543GiB
   Hamiltonian mult...  93.8k    2720s  19.7%  29.0ms    258GiB  1.52%  2.82MiB
 PlaneWaveBasis             1    9.21s  0.07%   9.21s   6.19GiB  0.04%  6.19GiB
   Instantiation At...      1    5.18s  0.04%   5.18s   4.33GiB  0.03%  4.33GiB
   Instantiation Ewald      1    3.56s  0.03%   3.56s   1.77GiB  0.01%  1.77GiB
   Instantiation At...      1    397ms  0.00%   397ms   20.6MiB  0.00%  20.6MiB
   build_kpoints            1   57.8ms  0.00%  57.8ms   41.2MiB  0.00%  41.2MiB
   Instantiation Ha...      1   5.83ms  0.00%  5.83ms   6.88MiB  0.00%  6.88MiB
   Instantiation Ki...      1   3.68ms  0.00%  3.68ms   3.18MiB  0.00%  3.18MiB
   Instantiation Ps...      1    139μs  0.00%   139μs   1.64KiB  0.00%  1.64KiB
   Instantiation Xc         1   1.94μs  0.00%  1.94μs     32.0B  0.00%    32.0B
 spglib_get_symmetry        1   2.62ms  0.00%  2.62ms   55.2KiB  0.00%  55.2KiB
 mixing Simple             11    107μs  0.00%  9.68μs     0.00B  0.00%    0.00B
 ──────────────────────────────────────────────────────────────────────────────
