#
#-- optimal_damping GaAs n_repeat=20 -- mixing=RestaMixing(1.0, 14, 1.0)
#

Starting Arnoldi (now = 2020-07-25T17:53:46.403 ...

#--- 1 ---#
idcs      evals   residnorms   |P(X)|
  1    0.986663   0.0583481  3.69165e-16

#--- 2 ---#
idcs      evals   residnorms   |P(X)|
  1    0.828784    0.144722  3.50245e-16
  2    0.989992   0.0502508  3.66966e-16

#--- 3 ---#
idcs      evals   residnorms   |P(X)|
  1    0.607938    0.109755  3.51335e-16
  2    0.983222   0.0601727  3.65895e-16
  3     1.05397    0.105927  3.63839e-16

#--- 4 ---#
idcs      evals   residnorms   |P(X)|
  1    0.596272   0.0727721  3.56156e-16
  2    0.814587    0.106175  3.54115e-16
  3    0.989122   0.0222238  3.6962e-16
  4     1.19183   0.0761438  3.50851e-16

#--- 5 ---#
idcs      evals   residnorms   |P(X)|
  1     0.58701   0.0853004  3.57153e-16
  2    0.667788    0.117635  3.56138e-16
  3    0.921225   0.0860782  3.60207e-16
  4    0.992468   0.0262103  3.68381e-16
  5     1.20848   0.0351817  3.54267e-16

#--- 6 ---#
idcs      evals   residnorms   |P(X)|
  1    0.538344   0.0679639  3.56753e-16
  2     0.67774    0.109689  3.55657e-16
  3    0.782999    0.129383  3.5814e-16
  4     0.98525   0.0465317  3.67846e-16
  5      1.0308    0.111602  3.57173e-16
  6     1.20219   0.0289991  3.53248e-16

#--- 7 ---#
idcs      evals   residnorms   |P(X)|
  1    0.520061    0.047886  3.55649e-16
  2    0.618708    0.057721  3.60632e-16
  3    0.739239   0.0723877  3.58243e-16
  4    0.906827   0.0725784  3.65136e-16
  5      0.9912   0.0168099  3.69374e-16
  6     1.14099   0.0896868  3.56688e-16
  7     1.20043   0.0337473  3.56308e-16

#--- 8 ---#
idcs      evals   residnorms   |P(X)|
  1    0.510243   0.0364357  3.60382e-16
  2    0.598745   0.0478187  3.64335e-16
  3    0.739067    0.117406  3.61095e-16
  4    0.783722    0.132489  3.62637e-16
  5    0.958185   0.0792303  3.63293e-16
  6    0.994792   0.0314056  3.68758e-16
  7     1.15729   0.0580183  3.48135e-16
  8     1.20445   0.0239149  3.58868e-16

#--- 9 ---#
idcs      evals   residnorms   |P(X)|
  1    0.505908   0.0225573  3.56444e-16
  2    0.589331   0.0431073  3.59967e-16
  3    0.664849    0.074492  3.58714e-16
  4    0.783787   0.0708373  3.50713e-16
  5     0.89128   0.0889444  3.62945e-16
  6    0.989228   0.0278644  3.68369e-16
  7     1.03636    0.094314  3.56887e-16
  8     1.17223   0.0469689  3.53324e-16
  9     1.20727   0.0216113  3.55366e-16

#--- 10 ---#
idcs      evals   residnorms   |P(X)|
  1    0.502609   0.0160657  3.59213e-16
  2    0.567913   0.0383026  3.58905e-16
  3    0.638032    0.050731  3.59204e-16
  4    0.724554   0.0562243  3.57877e-16
  5    0.833794   0.0689171  3.60037e-16
  6    0.932439   0.0595016  3.63757e-16
  7    0.991751   0.0141211  3.68905e-16
  8     1.08136   0.0546047  3.51855e-16
  9      1.1755   0.0263457  3.57694e-16
 10     1.20949   0.0111097  3.61517e-16

#--- 11 ---#
idcs      evals   residnorms   |P(X)|
  1    0.502877   0.0151133  3.58689e-16
  2     0.55462   0.0478994  3.57769e-16
  3    0.613703   0.0492035  3.61299e-16
  4    0.699065   0.0819747  3.60224e-16
  5    0.769806   0.0750396  3.58321e-16
  6    0.874539   0.0827257  3.64274e-16
  7    0.958845   0.0639816  3.65231e-16
  8    0.993269   0.0177972  3.69366e-16
  9     1.10661   0.0383128  3.56155e-16
 10     1.17492   0.0174794  3.58986e-16
 11      1.2115  0.00629241  3.63537e-16

#--- 12 ---#
idcs      evals   residnorms   |P(X)|
  1    0.500463   0.0126699  3.55142e-16
  2    0.547374   0.0482692  3.57352e-16
  3    0.596124   0.0462621  3.69842e-16
  4    0.672742   0.0714946  3.59829e-16
  5    0.737453   0.0611048  3.55413e-16
  7    0.925739   0.0763889  3.6363e-16
  8     0.99034   0.0310861  3.68269e-16
  9     1.02266    0.113697  3.6119e-16
 10     1.11573    0.049983  3.56135e-16
 11     1.17711   0.0167581  3.56436e-16
 12     1.21237  0.00534289  3.54261e-16

#--- 13 ---#
idcs      evals   residnorms   |P(X)|
  1    0.500498  0.00979376  3.57949e-16
  2    0.534857   0.0364997  3.63118e-16
  3    0.583725   0.0317539  3.54193e-16
  4    0.646712   0.0428214  3.6032e-16
  5    0.725597   0.0525234  3.6367e-16
  8    0.954474   0.0473925  3.66169e-16
  9    0.992812   0.0119169  3.69745e-16
 10     1.09704   0.0553976  3.49473e-16
 11     1.14806   0.0848461  3.60143e-16
 12     1.18213   0.0330468  3.60085e-16
 13     1.21183  0.00694795  3.53219e-16

#--- 14 ---#
idcs      evals   residnorms   |P(X)|
  1    0.500018  0.00841649  3.56005e-16
  2    0.527968   0.0301401  3.58602e-16
  3    0.578549   0.0305609  3.54707e-16
  4    0.631055   0.0443998  3.59145e-16
  5    0.708299   0.0808749  3.61886e-16
  9    0.971571   0.0608515  3.66007e-16
 10    0.994123   0.0201359  3.68384e-16
 11     1.09968   0.0268189  3.52232e-16
 12     1.17003   0.0344507  3.58079e-16
 13     1.19031   0.0431079  3.65635e-16
 14      1.2125  0.00726775  3.53025e-16

#--- 15 ---#
idcs      evals   residnorms   |P(X)|
  1     0.49931   0.0073275  3.68128e-16
  2     0.52549   0.0293789  3.63018e-16
  3    0.567758   0.0383314  3.60816e-16
  4    0.612962   0.0483923  3.60171e-16
  5     0.66641   0.0607322  3.61153e-16
 10    0.991734   0.0228824  3.68475e-16
 11     1.02294    0.100448  3.5928e-16
 12     1.10477   0.0277649  3.57504e-16
 13     1.17109    0.017567  3.56101e-16
 14     1.20005   0.0299673  3.5764e-16
 15     1.21316  0.00849386  3.57107e-16

#--- 16 ---#
idcs      evals   residnorms   |P(X)|
  1    0.499467  0.00587012  3.55156e-16
  2    0.518731   0.0216442  3.62439e-16
  3    0.561233   0.0366221  3.57951e-16
  4     0.59025   0.0306002  3.53284e-16
  5    0.650608   0.0286464  3.58187e-16
 11    0.993376   0.0111133  3.69246e-16
 12     1.07987    0.050242  3.54159e-16
 13     1.11945   0.0435528  3.60742e-16
 14     1.17357    0.013176  3.57206e-16
 15     1.20619    0.024073  3.53205e-16
 16     1.21166   0.0108046  3.48975e-16

#--- 17 ---#
idcs      evals   residnorms   |P(X)|
  1    0.498928  0.00349546  3.64598e-16
  2    0.518654   0.0140551  3.64882e-16
  3    0.556606   0.0265285  3.65009e-16
  4    0.588328   0.0228597  3.60237e-16
  5    0.644579   0.0302212  3.46507e-16
 12    0.994575   0.0181243  3.69572e-16
 13     1.09399   0.0265707  3.48671e-16
 14     1.12817   0.0385545  3.63621e-16
 15     1.17597  0.00854175  3.54077e-16
 16     1.20854   0.0150075  3.58964e-16
 17     1.21219  0.00917988  3.59575e-16

#--- 18 ---#
idcs      evals   residnorms   |P(X)|
  1    0.499321  0.00379445  3.57206e-16
  2    0.515655   0.0154377  3.57988e-16
  3    0.551029   0.0300331  3.58134e-16
  4    0.587126    0.033223  3.58524e-16
  5    0.625478   0.0625522  3.58577e-16
 13     1.01322   0.0953801  3.652e-16
 14     1.09836   0.0267386  3.51345e-16
 15     1.13354   0.0384735  3.65682e-16
 16     1.17676  0.00742916  3.53901e-16
 17     1.20823   0.0107334  3.54721e-16
 18     1.21291  0.00629352  3.56786e-16

 ──────────────────────────────────────────────────────────────────────────────
                                       Time                   Allocations      
                               ──────────────────────   ───────────────────────
       Tot / % measured:           21855s / 100%            27979GiB / 100%    

 Section               ncalls     time   %tot     avg     alloc   %tot      avg
 ──────────────────────────────────────────────────────────────────────────────
 apply_χ0                  18   21813s   100%   1212s   27961GiB 100%   1553GiB
   Hamiltonian mult...   177k    4900s  22.5%  27.7ms    487GiB  1.74%  2.82MiB
 PlaneWaveBasis             1    8.59s  0.04%   8.59s   6.19GiB  0.02%  6.19GiB
   Instantiation At...      1    4.80s  0.02%   4.80s   4.33GiB  0.02%  4.33GiB
   Instantiation Ewald      1    3.30s  0.02%   3.30s   1.77GiB  0.01%  1.77GiB
   Instantiation At...      1    432ms  0.00%   432ms   20.6MiB  0.00%  20.6MiB
   build_kpoints            1   55.9ms  0.00%  55.9ms   41.2MiB  0.00%  41.2MiB
   Instantiation Ki...      1   3.00ms  0.00%  3.00ms   3.18MiB  0.00%  3.18MiB
   Instantiation Ha...      1   2.90ms  0.00%  2.90ms   6.88MiB  0.00%  6.88MiB
   Instantiation Ps...      1    522μs  0.00%   522μs   1.64KiB  0.00%  1.64KiB
   Instantiation Xc         1   4.55μs  0.00%  4.55μs     32.0B  0.00%    32.0B
 mixing Resta              18    233ms  0.00%  13.0ms    247MiB  0.00%  13.7MiB
 spglib_get_symmetry        1   2.73ms  0.00%  2.73ms   55.2KiB  0.00%  55.2KiB
 ──────────────────────────────────────────────────────────────────────────────
