#
#-- optimal_damping GaAs n_repeat=20 -- mixing=RestaMixing(1.0, 2.4, 1.0)
#

Starting Arnoldi (now = 2020-07-25T18:51:22.429 ...

#--- 1 ---#
idcs      evals   residnorms   |P(X)|
  1    0.987056   0.0662006  3.6894e-16

#--- 2 ---#
idcs      evals   residnorms   |P(X)|
  1    0.986985   0.0303071  3.68419e-16
  2     4.36484     1.54667  3.47128e-16

#--- 3 ---#
idcs      evals   residnorms   |P(X)|
  1    0.986101   0.0626132  3.69063e-16
  2     1.56859     1.30619  3.59741e-16
  3     5.39934    0.760605  3.54726e-16

#--- 4 ---#
idcs      evals   residnorms   |P(X)|
  1    0.968435     0.29102  3.61919e-16
  2     1.01543    0.359396  3.6363e-16
  3     4.48363    0.867231  3.47442e-16
  4     5.91035     0.69742  3.53414e-16

#--- 5 ---#
idcs      evals   residnorms   |P(X)|
  1     0.87662    0.189575  3.60423e-16
  2    0.991088   0.0446317  3.68527e-16
  3     2.60147    0.707767  3.54496e-16
  4     4.79931    0.291942  3.48552e-16
  5     6.11342      0.2073  3.6022e-16

#--- 6 ---#
idcs      evals   residnorms   |P(X)|
  1    0.833979    0.157105  3.60596e-16
  2    0.989788   0.0305481  3.68884e-16
  3     1.75589    0.728417  3.52946e-16
  4     3.17003    0.610837  3.50253e-16
  5     4.83853    0.124035  3.4295e-16
  6     6.12042   0.0570247  3.58694e-16

#--- 7 ---#
idcs      evals   residnorms   |P(X)|
  1    0.803531    0.168266  3.60705e-16
  2    0.988689   0.0381794  3.68985e-16
  3     1.28079    0.565938  3.57506e-16
  4     2.52889    0.646003  3.53393e-16
  5     3.58001     0.58332  3.48378e-16
  6      4.8477   0.0635906  3.50737e-16
  7     6.12193   0.0173529  3.58436e-16

#--- 8 ---#
idcs      evals   residnorms   |P(X)|
  1    0.771806    0.187847  3.61246e-16
  2    0.982609    0.134269  3.67679e-16
  3      1.0295    0.331957  3.63391e-16
  4     1.94131    0.504657  3.46282e-16
  5       2.966    0.416006  3.43078e-16
  6     3.89801    0.389111  3.44884e-16
  7     4.84865   0.0280868  3.48168e-16
  8     6.12208  0.00430483  3.52248e-16

#--- 9 ---#
idcs      evals   residnorms   |P(X)|
  1    0.748333    0.178014  3.63474e-16
  2    0.953142    0.239287  3.64562e-16
  3    0.995684    0.109304  3.68548e-16
  4     1.81274    0.536163  3.54895e-16
  5     2.75546     0.77837  3.57643e-16
  6     3.47409     1.08299  3.51684e-16
  7     4.15058    0.929983  3.55121e-16
  8     4.85015    0.039692  3.48583e-16
  9     6.12199  0.00278177  3.53688e-16

#--- 10 ---#
idcs      evals   residnorms   |P(X)|
  1    0.732933      0.1222  3.59256e-16
  2    0.922068    0.156585  3.64312e-16
  3    0.992292   0.0409695  3.68595e-16
  4     1.62546    0.478099  3.5381e-16
  5     2.26692    0.594688  3.46227e-16
  6     3.04762    0.357873  3.51868e-16
  7     3.91752    0.283537  3.49537e-16
  8     4.84935   0.0265826  3.52414e-16
  9     5.76822     1.08293  3.48053e-16
 10      6.1222  0.00715451  3.61834e-16

#--- 11 ---#
idcs      evals   residnorms   |P(X)|
  1    0.723708   0.0768925  3.61043e-16
  2     0.89515    0.105561  3.634e-16
  3    0.990944   0.0231989  3.68744e-16
  4     1.32761    0.323582  3.56603e-16
  5     1.94911    0.273215  3.5289e-16
  6     2.77977    0.320571  3.62481e-16
  7      3.2866    0.336714  3.44065e-16
  8     3.98187     0.14416  3.45164e-16
  9     4.84893  0.00654832  3.50945e-16
 10     6.12266   0.0810688  3.56596e-16
 11     6.12801    0.225565  3.55905e-16

#--- 12 ---#
idcs      evals   residnorms   |P(X)|
  1    0.719731   0.0986094  3.60684e-16
  2    0.879829    0.153697  3.63344e-16
  3    0.990277   0.0358521  3.7037e-16
  4     1.20745    0.490025  3.58997e-16
  5      1.8004    0.676113  3.55581e-16
  7     2.90174    0.449363  3.62397e-16
  8     3.41621    0.451612  3.43739e-16
  9     3.99425     0.13862  3.46227e-16
 10      4.8492  0.00374202  3.50776e-16
 11      6.1217  0.00900747  3.59998e-16
 12     6.14316   0.0855183  3.46364e-16

#--- 13 ---#
idcs      evals   residnorms   |P(X)|
  1    0.708965   0.0826305  3.58314e-16
  2    0.855921    0.160501  3.62752e-16
  3    0.987179   0.0814483  3.68268e-16
  4     1.03315    0.285661  3.63126e-16
  5     1.53422    0.319249  3.50242e-16
  8     3.31401    0.221571  3.39843e-16
  9      3.9754    0.148098  3.45398e-16
 10      4.5462     0.84846  3.51973e-16
 11     4.84903  0.00896812  3.53196e-16
 12     6.12183  0.00385173  3.56513e-16
 13     6.14801   0.0446013  3.62035e-16

#--- 14 ---#
idcs      evals   residnorms   |P(X)|
  1    0.702304   0.0533448  3.62449e-16
  2    0.809927    0.105517  3.6301e-16
  3    0.942734   0.0948089  3.66859e-16
  4    0.992931    0.025587  3.68517e-16
  5     1.38419    0.153273  3.55352e-16
  9     3.33639   0.0546862  3.41459e-16
 10     3.98283   0.0202067  3.49428e-16
 11     4.84593    0.112797  3.51234e-16
 12     4.85083    0.088517  3.479e-16
 13     6.12183  0.000474569  3.63189e-16
 14     6.14762    0.005358  3.5541e-16

#--- 15 ---#
idcs      evals   residnorms   |P(X)|
  1     0.69733   0.0539398  3.59329e-16
  2    0.794809    0.111733  3.60745e-16
  3    0.924089    0.106993  3.65508e-16
  4    0.991807   0.0252751  3.68771e-16
  5     1.25419    0.380743  3.54821e-16
 10     3.33805   0.0182721  3.35623e-16
 11     3.98295  0.00485395  3.52651e-16
 12     4.84678   0.0142063  3.51513e-16
 13     4.85291   0.0179159  3.46054e-16
 14     6.12183  6.00107e-05  3.51442e-16
 15     6.14775  0.000677025  3.57462e-16

#--- 16 ---#
idcs      evals   residnorms   |P(X)|
  1    0.690284   0.0441313  3.60595e-16
  2    0.773548   0.0889024  3.59279e-16
  3    0.897815    0.103512  3.63031e-16
  4    0.989756   0.0382154  3.68827e-16
  5     1.04449    0.192873  3.61672e-16
 11      3.3389  0.00608509  3.49195e-16
 12     3.98298  0.00106961  3.42238e-16
 13     4.84702  0.00224414  3.40759e-16
 14     4.85272  0.00284576  3.40107e-16
 15     6.12183  6.37669e-06  3.58879e-16
 16     6.14775  7.14978e-05  3.54618e-16

#--- 17 ---#
idcs      evals   residnorms   |P(X)|
  1    0.684871   0.0580062  3.60421e-16
  2    0.756413     0.11332  3.62559e-16
  3    0.867324    0.155494  3.63866e-16
  4    0.967051    0.157157  3.63699e-16
  5    0.994899   0.0653321  3.68819e-16
 12     3.33869  0.00210178  3.61821e-16
 13     3.98298  0.000262004  3.54399e-16
 14       4.847  0.000394123  3.40884e-16
 15     4.85282  0.00050547  3.49427e-16
 16     6.12183  8.16351e-07  3.58189e-16
 17     6.14775  9.10089e-06  3.59333e-16

#--- 18 ---#
idcs      evals   residnorms   |P(X)|
  1    0.682899    0.049052  3.59219e-16
  2    0.745596   0.0911847  3.60359e-16
  3    0.847128    0.118776  3.62615e-16
  4    0.950376    0.105263  3.65713e-16
  5    0.992997    0.029001  3.68384e-16
 13     3.33853  0.00580901  3.49348e-16
 14     3.98298  0.000253236  3.46446e-16
 15       4.847  0.000207754  3.48921e-16
 16     4.85282  0.000265707  3.51437e-16
 17     6.12183  2.5992e-07  3.58849e-16
 18     6.14775  2.87466e-06  3.69356e-16

#--- 19 ---#
idcs      evals   residnorms   |P(X)|
  1    0.680765   0.0492448  3.66802e-16
  2    0.733533   0.0835321  3.61686e-16
  3     0.83152    0.108042  3.63467e-16
  4    0.935579   0.0976781  3.66899e-16
  5    0.992056   0.0247095  3.69092e-16
 14     3.74552    0.438533  3.50645e-16
 15     3.98298  0.00033783  3.49964e-16
 16       4.847  8.22903e-05  3.46971e-16
 17     4.85281  0.000104734  3.51282e-16
 18     6.12183  5.77655e-08  3.6171e-16
 19     6.14775  6.33586e-07  3.53948e-16

#--- 20 ---#
idcs      evals   residnorms   |P(X)|
  1    0.677716   0.0479055  3.65401e-16
  2    0.729016   0.0798748  3.60758e-16
  3     0.81891    0.109909  3.61475e-16
  4    0.925279    0.109608  3.67885e-16
  5    0.991258   0.0333716  3.68782e-16
 15     3.87743    0.306322  3.44946e-16
 16     3.98298  0.000469062  3.54281e-16
 17       4.847  3.6802e-05  3.47318e-16
 18     4.85282  4.67105e-05  3.54292e-16
 19     6.12183  1.58266e-08  3.64011e-16
 20     6.14775  1.72287e-07  3.51931e-16

#--- 21 ---#
idcs      evals   residnorms   |P(X)|
  1    0.674231   0.0345759  3.59946e-16
  2    0.719799   0.0515614  3.6086e-16
  3     0.80713   0.0786868  3.63777e-16
  4    0.903481   0.0958759  3.65861e-16
  5    0.985592   0.0794567  3.677e-16
 16     3.97009    0.159696  3.48416e-16
 17     3.98298  0.00186243  3.53525e-16
 18       4.847  1.02786e-05  3.42787e-16
 19     4.85282  1.29986e-05  3.42618e-16
 20     6.12183  2.55428e-09  3.57459e-16
 21     6.14775  2.75809e-08  3.50018e-16

#--- 22 ---#
idcs      evals   residnorms   |P(X)|
  1    0.670391   0.0256686  3.63599e-16
  2    0.710037   0.0370966  3.59963e-16
  3    0.778432   0.0571331  3.63465e-16
  4    0.865065   0.0643812  3.63321e-16
  5    0.948171   0.0525528  3.67396e-16
 17     3.98178    0.011521  3.46422e-16
 18     3.98307  0.00164318  3.55125e-16
 19       4.847  6.24401e-07  3.44616e-16
 20     4.85282  7.88135e-07  3.49685e-16
 21     6.12183  1.11415e-10  3.57719e-16
 22     6.14775  1.19633e-09  3.53451e-16

#--- 23 ---#
idcs      evals   residnorms   |P(X)|
  1    0.668364   0.0272153  3.6012e-16
  2     0.70764   0.0412888  3.6148e-16
  3    0.769137   0.0707173  3.61992e-16
  4    0.853026   0.0895108  3.63599e-16
  5    0.936419   0.0904563  3.65985e-16
 18     3.98183  0.00172629  3.55736e-16
 19     3.98306  0.000256054  3.55516e-16
 20       4.847  7.09184e-08  3.43754e-16
 21     4.85282  8.93726e-08  3.56332e-16
 22     6.12183  9.37717e-12  3.58091e-16
 23     6.14775  1.00161e-10  3.5627e-16

#--- 24 ---#
idcs      evals   residnorms   |P(X)|
  1    0.667118   0.0270663  3.62595e-16
  2    0.703222   0.0416445  3.63125e-16
  3    0.760138   0.0748573  3.60812e-16
  4     0.83813    0.108324  3.64389e-16
  5    0.912996    0.134916  3.63948e-16
 19     3.98181  0.000457862  3.50719e-16
 20     3.98306  6.62311e-05  3.45749e-16
 21       4.847  1.33648e-08  3.49251e-16
 22     4.85282  1.68105e-08  3.43101e-16
 23     6.12183  1.24738e-12  3.52185e-16
 24     6.14775  1.32434e-11  3.47491e-16

#--- 25 ---#
idcs      evals   residnorms   |P(X)|
  1    0.666273   0.0178358  3.6652e-16
  2    0.701663   0.0298821  3.62833e-16
  3    0.751575   0.0557862  3.65424e-16
  4    0.819207   0.0711831  3.62678e-16
  5    0.895256   0.0754379  3.65864e-16
 20     3.98182  0.000166077  3.46162e-16
 21     3.98306  2.41515e-05  3.55682e-16
 22       4.847  3.12853e-09  3.49364e-16
 23     4.85282  3.92587e-09  3.44742e-16
 24     6.12183  1.93237e-13  3.5758e-16
 25     6.14775  2.03674e-12  3.59318e-16

#--- 26 ---#
idcs      evals   residnorms   |P(X)|
  1    0.665483   0.0150657  3.67893e-16
  2    0.698836   0.0266673  3.6371e-16
  3     0.74521   0.0513023  3.64147e-16
  4    0.807653   0.0677276  3.61203e-16
  5    0.881294   0.0731738  3.6516e-16
 21     3.98182  3.02746e-05  3.56226e-16
 22     3.98306  4.40295e-06  3.55235e-16
 23       4.847  3.99762e-10  3.44803e-16
 24     4.85282  5.00672e-10  3.50121e-16
 25     6.12183  1.81192e-14  3.54848e-16
 26     6.14775  1.83037e-13  3.54802e-16

#--- 27 ---#
idcs      evals   residnorms   |P(X)|
  1    0.665145   0.0178993  3.67188e-16
  2    0.697762   0.0366724  3.63443e-16
  3    0.738253   0.0741898  3.62574e-16
  4    0.794271    0.095476  3.63233e-16
  5    0.867529    0.113493  3.62864e-16
 22     3.98182  7.35652e-06  3.45352e-16
 23     3.98306  1.06849e-06  3.49995e-16
 24       4.847  7.08539e-11  3.4092e-16
 25     4.85282  8.85799e-11  3.42351e-16
 26     6.12183  1.82846e-14  3.57018e-16
 27     6.14775  2.82478e-14  3.56451e-16

#--- 28 ---#
idcs      evals   residnorms   |P(X)|
  1    0.664776   0.0105374  3.66608e-16
  2    0.694829   0.0245719  3.61116e-16
  3    0.729034   0.0452163  3.60959e-16
  4    0.779989   0.0532278  3.66559e-16
  5    0.846072   0.0587171  3.62013e-16
 23     3.98182  1.47129e-06  3.47209e-16
 24     3.98306  2.13561e-07  3.53999e-16
 25       4.847  9.51759e-12  3.53703e-16
 26     4.85282  1.18728e-11  3.44756e-16
 27     6.12183  1.33203e-14  3.54574e-16
 28     6.14775  6.87819e-15  3.57818e-16

#--- 29 ---#
idcs      evals   residnorms   |P(X)|
  1    0.663996    0.012826  3.69526e-16
  2    0.691184   0.0367184  3.61899e-16
  3    0.717522   0.0534181  3.63662e-16
  4    0.766634   0.0613501  3.61566e-16
  5    0.824333    0.073167  3.64425e-16
 24     3.98182  1.26569e-07  3.43548e-16
 25     3.98306  1.83636e-08  3.52533e-16
 26       4.847  6.23086e-13  3.42904e-16
 27     4.85282  7.75984e-13  3.4679e-16
 28     6.12183  1.40119e-14  3.56961e-16
 29     6.14775  8.9713e-15  3.6074e-16

#--- 30 ---#
idcs      evals   residnorms   |P(X)|
  1    0.663617   0.0152177  3.66133e-16
  2     0.68924   0.0508092  3.60298e-16
  3     0.71008   0.0583124  3.64851e-16
  4     0.75921   0.0638279  3.64166e-16
  5    0.813019   0.0778148  3.60001e-16
 25     3.98182  2.8266e-08  3.41852e-16
 26     3.98306  4.09905e-09  3.55826e-16
 27       4.847  1.03933e-13  3.42444e-16
 28     4.85282  1.29211e-13  3.46802e-16
 29     6.12183  1.15366e-14  3.56963e-16
 30     6.14775  1.09791e-14  3.64638e-16

#--- 31 ---#
idcs      evals   residnorms   |P(X)|
  1    0.662955   0.0135563  3.61335e-16
  2    0.681876   0.0373215  3.58826e-16
  3    0.706774   0.0325848  3.58886e-16
  4    0.749804   0.0436606  3.59665e-16
  5    0.800481    0.053425  3.61179e-16
 26     3.98182  4.39253e-09  3.48818e-16
 27     3.98306  6.36608e-10  3.54869e-16
 28       4.847  1.85447e-14  3.43638e-16
 29     4.85282  2.28287e-14  3.4728e-16
 30     6.12183  1.10507e-14  3.53524e-16
 31     6.14775  1.41152e-14  3.57635e-16

#--- 32 ---#
idcs      evals   residnorms   |P(X)|
  1     0.66261   0.0135562  3.76099e-16
  2    0.677101   0.0317372  3.62849e-16
  3    0.703223   0.0235209  3.61217e-16
  4    0.743091   0.0362399  3.61199e-16
  5    0.791369   0.0475006  3.61878e-16
 27     3.98182  4.27437e-10  3.4613e-16
 28     3.98306  6.19194e-11  3.49539e-16
 29       4.847  4.78457e-15  3.41389e-16
 30     4.85282  4.86901e-15  3.51275e-16
 31     6.12183  2.12368e-14  3.5374e-16
 32     6.14775  1.64932e-14  3.56594e-16

#--- 33 ---#
idcs      evals   residnorms   |P(X)|
  1     0.66184    0.014512  3.66879e-16
  2    0.674887   0.0300933  3.58295e-16
  3     0.70151   0.0237699  3.66172e-16
  4      0.7387   0.0445451  3.656e-16
  5    0.781115   0.0626205  3.66573e-16
 28     3.98182  4.56633e-11  3.51774e-16
 29     3.98306  6.61192e-12  3.53121e-16
 30       4.847  5.90051e-15  3.41467e-16
 31     4.85282  6.33239e-15  3.51377e-16
 32     6.12183  6.54471e-15  3.54781e-16
 33     6.14775  1.33559e-14  3.598e-16

#--- 34 ---#
idcs      evals   residnorms   |P(X)|
  1    0.661371  0.00958408  3.64184e-16
  2    0.672759   0.0169321  3.5963e-16
  3    0.700498    0.013942  3.60871e-16
  4    0.734668   0.0283795  3.61278e-16
  5    0.774637   0.0386652  3.62001e-16
 29     3.98182  7.9332e-12  3.41966e-16
 30     3.98306  1.14808e-12  3.50566e-16
 31       4.847  4.26498e-15  3.40684e-16
 32     4.85282  5.05423e-15  3.46124e-16
 33     6.12183  1.53727e-14  3.60245e-16
 34     6.14775  1.62092e-14  3.58252e-16

#--- 35 ---#
idcs      evals   residnorms   |P(X)|
  1    0.660963   0.0084086  3.6711e-16
  2    0.672261   0.0146581  3.62288e-16
  3    0.699604   0.0142752  3.6248e-16
  4    0.731283   0.0337617  3.63326e-16
  5    0.766888   0.0474541  3.66484e-16
 30     3.98182  8.0143e-13  3.46007e-16
 31     3.98306  1.16215e-13  3.50166e-16
 32       4.847  7.86349e-15  3.46463e-16
 33     4.85282  6.17138e-15  3.40325e-16
 34     6.12183  2.05453e-14  3.5295e-16
 35     6.14775  2.16616e-14  3.56014e-16

#--- 36 ---#
idcs      evals   residnorms   |P(X)|
  1     0.66085   0.0050067  3.64587e-16
  2    0.671414  0.00852115  3.57135e-16
  3    0.699285   0.0100431  3.63201e-16
  4    0.727017   0.0274623  3.64721e-16
  5    0.758677   0.0372889  3.61139e-16
 31     3.98182  6.10205e-14  3.51399e-16
 32     3.98306  1.32913e-14  3.47577e-16
 33       4.847  1.3607e-14  3.51614e-16
 34     4.85282  1.59049e-14  3.49582e-16
 35     6.12183  1.65097e-14  3.54261e-16
 36     6.14775  7.62956e-15  3.60852e-16

 ──────────────────────────────────────────────────────────────────────────────
                                       Time                   Allocations      
                               ──────────────────────   ───────────────────────
       Tot / % measured:           53780s / 100%            55934GiB / 100%    

 Section               ncalls     time   %tot     avg     alloc   %tot      avg
 ──────────────────────────────────────────────────────────────────────────────
 apply_χ0                  36   53673s   100%   1491s   55894GiB 100%   1553GiB
   Hamiltonian mult...   351k   11294s  21.0%  32.2ms    965GiB  1.73%  2.82MiB
 PlaneWaveBasis             1    11.0s  0.02%   11.0s   6.19GiB  0.01%  6.19GiB
   Instantiation At...      1    5.65s  0.01%   5.65s   4.33GiB  0.01%  4.33GiB
   Instantiation Ewald      1    4.76s  0.01%   4.76s   1.77GiB  0.00%  1.77GiB
   Instantiation At...      1    486ms  0.00%   486ms   20.6MiB  0.00%  20.6MiB
   build_kpoints            1   63.2ms  0.00%  63.2ms   41.2MiB  0.00%  41.2MiB
   Instantiation Ha...      1   4.22ms  0.00%  4.22ms   6.88MiB  0.00%  6.88MiB
   Instantiation Ki...      1   3.05ms  0.00%  3.05ms   3.18MiB  0.00%  3.18MiB
   Instantiation Ps...      1    104μs  0.00%   104μs   1.64KiB  0.00%  1.64KiB
   Instantiation Xc         1   3.79μs  0.00%  3.79μs     32.0B  0.00%    32.0B
 mixing Resta              36    425ms  0.00%  11.8ms    495MiB  0.00%  13.7MiB
 spglib_get_symmetry        1   2.92ms  0.00%  2.92ms   55.2KiB  0.00%  55.2KiB
 ──────────────────────────────────────────────────────────────────────────────
