#
#-- optimal_damping GaAs n_repeat=20 -- mixing=KerkerMixing(1.0, 1.0)
#

Starting Arnoldi (now = 2020-07-25T16:56:42.772 ...

#--- 1 ---#
idcs      evals   residnorms   |P(X)|
  1    0.986475   0.0914024  3.68069e-16

#--- 2 ---#
idcs      evals   residnorms   |P(X)|
  1  -0.00502277    0.276629  3.54404e-16
  2    0.987077   0.0253943  3.68603e-16

#--- 3 ---#
idcs      evals   residnorms   |P(X)|
  1   0.0540586   0.0634759  3.59777e-16
  2    0.766356    0.183539  3.60294e-16
  3    0.989172   0.0229229  3.68097e-16

#--- 4 ---#
idcs      evals   residnorms   |P(X)|
  1   0.0520094   0.0420571  3.62367e-16
  2    0.427062     0.25335  3.56591e-16
  3    0.880648    0.139325  3.62075e-16
  4    0.991078   0.0246093  3.69012e-16

#--- 5 ---#
idcs      evals   residnorms   |P(X)|
  1   0.0313197   0.0207578  3.54952e-16
  2    0.283042    0.129508  3.52448e-16
  3     0.68477    0.133931  3.60381e-16
  4     0.95086   0.0973895  3.64996e-16
  5    0.994458   0.0351761  3.68182e-16

#--- 6 ---#
idcs      evals   residnorms   |P(X)|
  1   0.0363938   0.0101021  3.61308e-16
  2     0.21113   0.0677349  3.57791e-16
  3    0.624966    0.152731  3.55383e-16
  4    0.826368    0.151519  3.60955e-16
  5    0.987003    0.049892  3.67583e-16
  6     1.02582    0.126058  3.62469e-16

#--- 7 ---#
idcs      evals   residnorms   |P(X)|
  1   0.0368314  0.00574269  3.61871e-16
  2    0.199757    0.060412  3.58617e-16
  3    0.422802    0.187697  3.49624e-16
  4    0.687848    0.106574  3.64452e-16
  5    0.894397   0.0842189  3.61161e-16
  6    0.990737     0.01741  3.68735e-16
  7     1.09062   0.0941436  3.62773e-16

#--- 8 ---#
idcs      evals   residnorms   |P(X)|
  1   0.0357004  0.00228306  3.59277e-16
  2    0.190204   0.0392821  3.47754e-16
  3    0.316472   0.0949473  3.54409e-16
  4    0.637328    0.101145  3.58535e-16
  5    0.772314    0.115188  3.62879e-16
  6     0.92778   0.0682539  3.63513e-16
  7    0.991995   0.0133409  3.68892e-16
  8     1.11757   0.0519222  3.58465e-16

#--- 9 ---#
idcs      evals   residnorms   |P(X)|
  1    0.036096  0.00133807  3.57606e-16
  2    0.181921    0.037694  3.5393e-16
  3    0.280793   0.0925746  3.51377e-16
  4    0.492497    0.183438  3.59645e-16
  5    0.676231    0.102268  3.59069e-16
  6    0.819317   0.0974052  3.61699e-16
  7    0.943465   0.0591566  3.65702e-16
  8    0.992593   0.0120827  3.69307e-16
  9     1.11754   0.0276306  3.60036e-16

#--- 10 ---#
idcs      evals   residnorms   |P(X)|
  1   0.0359121  0.00098722  3.46578e-16
  2    0.173977   0.0768098  3.50121e-16
  3     0.21842    0.111918  3.51285e-16
  4    0.349873    0.107012  3.54507e-16
  5    0.614167   0.0910607  3.63722e-16
  6    0.736653    0.109504  3.63854e-16
  7    0.858922   0.0863185  3.59188e-16
  8    0.957318    0.052728  3.67316e-16
  9    0.993183   0.0119195  3.69033e-16
 10     1.12009   0.0144708  3.56782e-16

#--- 11 ---#
idcs      evals   residnorms   |P(X)|
  1   0.0359375  0.00081748  3.64553e-16
  2     0.13986    0.089575  3.51766e-16
  3    0.199537   0.0548175  3.4857e-16
  4    0.315375   0.0846578  3.51974e-16
  5     0.51355    0.165365  3.58416e-16
  6    0.661401   0.0965323  3.55331e-16
  7    0.783949    0.111916  3.58936e-16
  8    0.895776   0.0928895  3.61833e-16
  9    0.970815   0.0656534  3.67057e-16
 10    0.994067    0.019618  3.6861e-16
 11     1.12083   0.0101068  3.60357e-16

 ──────────────────────────────────────────────────────────────────────────────
                                       Time                   Allocations      
                               ──────────────────────   ───────────────────────
       Tot / % measured:           12442s / 100%            17045GiB / 100%    

 Section               ncalls     time   %tot     avg     alloc   %tot      avg
 ──────────────────────────────────────────────────────────────────────────────
 apply_χ0                  11   12416s   100%   1129s   17034GiB 100%   1549GiB
   Hamiltonian mult...   101k    2448s  19.7%  24.2ms    279GiB  1.64%  2.82MiB
 PlaneWaveBasis             1    8.16s  0.07%   8.16s   6.19GiB  0.04%  6.19GiB
   Instantiation At...      1    4.32s  0.03%   4.32s   4.33GiB  0.03%  4.33GiB
   Instantiation Ewald      1    3.37s  0.03%   3.37s   1.77GiB  0.01%  1.77GiB
   Instantiation At...      1    403ms  0.00%   403ms   20.6MiB  0.00%  20.6MiB
   build_kpoints            1   54.8ms  0.00%  54.8ms   41.2MiB  0.00%  41.2MiB
   Instantiation Ha...      1   13.8ms  0.00%  13.8ms   6.88MiB  0.00%  6.88MiB
   Instantiation Ki...      1   2.21ms  0.00%  2.21ms   3.18MiB  0.00%  3.18MiB
   Instantiation Ps...      1   89.9μs  0.00%  89.9μs   1.64KiB  0.00%  1.64KiB
   Instantiation Xc         1   2.67μs  0.00%  2.67μs     32.0B  0.00%    32.0B
 mixing Kerker             11    107ms  0.00%  9.69ms    151MiB  0.00%  13.7MiB
 spglib_get_symmetry        1   2.57ms  0.00%  2.57ms   55.2KiB  0.00%  55.2KiB
 ──────────────────────────────────────────────────────────────────────────────
