#
#-- SCF GaAs n_repeat=20 -- mixing=KerkerMixing(1.73, 1.0)
#

hostname       = clustern09

started on     = 2020-08-07T18:36:14.572
julia threads  = 4
BLAS threads   = 4

temperature    = 0.0
smearing       = DFTK.Smearing.None()
lattice        = [0.0 5.341 106.8; 5.341 0.0 106.8; 5.341 5.341 0.0]
Ecut           = 20
fft_size       = (25, 25, 480)
kgrid          = [4, 4, 1]
irreducible k  = 16
n_bands        = 89
n_electr       = 160
mixing         = KerkerMixing(1.73, 1.0)
n     Energy            Eₙ-Eₙ₋₁     ρout-ρin   Diag
---   ---------------   ---------   --------   ----
  1   -162.7743869390         NaN   2.54e+00    27.2 
  2   -165.2261876968   -2.45e+00   1.99e+00    34.9 
  3   -170.6493046343   -5.42e+00   1.84e-01    29.9 
  4   -170.6568799995   -7.58e-03   3.41e-02    19.0 
  5   -170.6575876543   -7.08e-04   6.05e-03    13.7 
  6   -170.6578705469   -2.83e-04   1.52e-03    11.3 
  7   -170.6581256827   -2.55e-04   1.04e-03    15.4 
  8   -170.6582726784   -1.47e-04   8.46e-04    17.6 
  9   -170.6584340851   -1.61e-04   6.77e-04    22.1 
 10   -170.6586508114   -2.17e-04   4.07e-04    24.3 
 11   -170.6587269569   -7.61e-05   3.12e-04    23.6 
 12   -170.6587773097   -5.04e-05   2.55e-04    25.7 
 13   -170.6588135055   -3.62e-05   2.14e-04    26.0 
 14   -170.6588432702   -2.98e-05   1.78e-04    26.6 
 15   -170.6588642426   -2.10e-05   1.50e-04    24.4 
 16   -170.6588922546   -2.80e-05   9.80e-05    26.0 
 17   -170.6589084708   -1.62e-05   4.50e-05    28.5 
 18   -170.6589124294   -3.96e-06   9.64e-06    28.9 
 19   -170.6589125625   -1.33e-07   3.08e-06    26.4 
 20   -170.6589125701   -7.53e-09   1.10e-06    26.3 
 21   -170.6589125700    3.46e-11   6.43e-07    24.6 
 22   -170.6589125702   -2.17e-10   3.04e-07    27.0 
 23   -170.6589125703   -1.84e-11   2.69e-07    24.8 
 24   -170.6589125703   -2.02e-11   2.44e-07    24.9 
 25   -170.6589125703   -2.21e-11   2.18e-07    24.6 
 26   -170.6589125703   -2.96e-11   1.81e-07    25.5 
 27   -170.6589125704   -2.69e-11   1.43e-07    25.4 
 28   -170.6589125704   -2.33e-11   9.94e-08    25.3 
 29   -170.6589125704   -9.61e-12   7.49e-08    25.8 
Energy breakdown:
    Kinetic             64.1359943
    AtomicLocal         -61.8063494
    AtomicNonlocal      20.3319304
    Ewald               -168.4379255
    PspCorrection       7.5623694 
    Hartree             15.7919159
    Xc                  -48.2368476

    total               -170.658912570396

 ──────────────────────────────────────────────────────────────────────────────
                                       Time                   Allocations      
                               ──────────────────────   ───────────────────────
       Tot / % measured:            7054s / 100%            1974GiB / 100%     

 Section               ncalls     time   %tot     avg     alloc   %tot      avg
 ──────────────────────────────────────────────────────────────────────────────
 self_consistent_field      1    7042s   100%   7042s   1968GiB  100%   1968GiB
   LOBPCG                 464    6152s  87.2%   13.3s   1708GiB  86.5%  3.68GiB
     Hamiltonian mu...  11.8k    2869s  40.7%   244ms    298GiB  15.1%  26.0MiB
     block multipli...  65.9k     977s  13.9%  14.8ms    483GiB  24.5%  7.51MiB
     ortho              48.1k     678s  9.62%  14.1ms    299GiB  15.2%  6.37MiB
     rayleigh_ritz      11.3k     662s  9.39%  58.7ms   7.17GiB  0.36%   666KiB
   energy_hamiltonian      59     704s  10.0%   11.9s   57.0GiB  2.89%  0.97GiB
   compute_density         29     102s  1.45%   3.53s    198GiB  10.0%  6.81GiB
   QR orthonormaliz...    464    6.22s  0.09%  13.4ms   2.85GiB  0.14%  6.30MiB
   mixing Kerker           29    497ms  0.01%  17.1ms    313MiB  0.02%  10.8MiB
 PlaneWaveBasis             1    9.22s  0.13%   9.22s   6.19GiB  0.31%  6.19GiB
   Instantiation At...      1    4.70s  0.07%   4.70s   4.33GiB  0.22%  4.33GiB
   Instantiation Ewald      1    4.00s  0.06%   4.00s   1.77GiB  0.09%  1.77GiB
   Instantiation At...      1    434ms  0.01%   434ms   20.6MiB  0.00%  20.6MiB
   build_kpoints            1   78.4ms  0.00%  78.4ms   41.2MiB  0.00%  41.2MiB
   Instantiation Ha...      1   4.07ms  0.00%  4.07ms   6.88MiB  0.00%  6.88MiB
   Instantiation Ki...      1   3.32ms  0.00%  3.32ms   3.18MiB  0.00%  3.18MiB
   Instantiation Ps...      1    102μs  0.00%   102μs   1.64KiB  0.00%  1.64KiB
   Instantiation Xc         1   1.41μs  0.00%  1.41μs     32.0B  0.00%    32.0B
 guess_density              1    347ms  0.00%   347ms   29.8MiB  0.00%  29.8MiB
 spglib_get_symmetry        1   2.75ms  0.00%  2.75ms   55.1KiB  0.00%  55.1KiB
 ──────────────────────────────────────────────────────────────────────────────
