#
#-- SCF GaAs n_repeat=20 -- mixing=RestaMixing(0.294, 2.4, 1.0)
#

hostname       = clustern12

started on     = 2020-08-07T18:37:23.64
julia threads  = 4
BLAS threads   = 4

temperature    = 0.0
smearing       = DFTK.Smearing.None()
lattice        = [0.0 5.341 106.8; 5.341 0.0 106.8; 5.341 5.341 0.0]
Ecut           = 20
fft_size       = (25, 25, 480)
kgrid          = [4, 4, 1]
irreducible k  = 16
n_bands        = 89
n_electr       = 160
mixing         = RestaMixing(0.294, 2.4, 1.0)
n     Energy            Eₙ-Eₙ₋₁     ρout-ρin   Diag
---   ---------------   ---------   --------   ----
  1   -161.4648145879         NaN   2.73e+00    26.8 
  2   -166.2090950031   -4.74e+00   1.89e+00    27.1 
  3   -170.5084911253   -4.30e+00   5.02e-01    38.0 
  4   -170.1703865398    3.38e-01   3.55e-01    26.1 
  5   +164.8570084956    3.35e+02   4.91e-01    24.8 
  6   +383.6679488636    2.19e+02   6.02e-01    25.0 
  7   -158.7971054204   -5.42e+02   1.27e-01    19.2 
  8   +423.8025827908    5.83e+02   6.54e-01    26.4 
  9   +3095.782697744    2.67e+03   1.38e+00    23.8 
 10   +101.0833176889   -2.99e+03   4.45e-01    25.3 
 11   +119.8292940092    1.87e+01   4.46e-01    19.6 
 12   +906.2010094423    7.86e+02   8.14e-01    24.1 
 13   +1292.285957974    3.86e+02   9.41e-01    23.8 
 14   +1066.833083582   -2.25e+02   8.65e-01    13.4 
 15   +394.8944321143   -6.72e+02   5.92e-01    23.9 
 16   +593.5912908947    1.99e+02   6.87e-01    19.2 
 17   +103.3859052176   -4.90e+02   4.65e-01    23.9 
 18   +457.4929644134    3.54e+02   6.53e-01    23.6 
 19   +2884.028677753    2.43e+03   1.34e+00    25.2 
 20   +904.6706524984   -1.98e+03   8.12e-01    28.2 
 21   +3054.976950970    2.15e+03   1.43e+00    25.8 
 22   -117.8057174112   -3.17e+03   3.51e-01    27.5 
 23   -10.81578629319    1.07e+02   3.64e-01    21.3 
 24   -116.8411009617   -1.06e+02   2.55e-01    26.4 
 25   -170.2160852516   -5.34e+01   7.53e-02    26.5 
 26   +342.1923382969    5.12e+02   5.93e-01    30.0 
 27   -109.0103529787   -4.51e+02   2.28e-01    17.9 
 28   +108.5267644424    2.18e+02   4.33e-01    23.2 
 29   +470.2153455074    3.62e+02   6.42e-01    22.8 
 30   +377.2892628720   -9.29e+01   6.01e-01    14.7 
 31   +234.9378488194   -1.42e+02   5.23e-01    18.3 
 32   +76.63333119249   -1.58e+02   4.27e-01    21.3 
 33   -28.16386149501   -1.05e+02   3.40e-01    17.8 
 34   -106.1058982963   -7.79e+01   2.41e-01    21.8 
 35   -160.3922767398   -5.43e+01   1.32e-01    26.6 
 36   -149.4148888486    1.10e+01   1.49e-01    26.2 
 37   -170.0167185108   -2.06e+01   5.23e-02    26.8 
 38   -169.5128643678    5.04e-01   5.52e-02    23.4 
 39   -168.6041938633    9.09e-01   5.51e-02    25.1 
 40   -168.4881913531    1.16e-01   5.37e-02    15.3 
 41   -167.3777148837    1.11e+00   5.95e-02    14.3 
 42   -170.5411534887   -3.16e+00   4.36e-02    23.6 
 43   -90.99771514597    7.95e+01   2.39e-01    22.4 
 44   -170.5436903760   -7.95e+01   4.51e-02    29.4 
 45   -96.89780028985    7.36e+01   2.33e-01    20.8 
 46   -69.82306125371    2.71e+01   2.66e-01    24.8 
 47   -170.2910346786   -1.00e+02   3.98e-02    28.1 
 48   -169.5333207894    7.58e-01   4.04e-02    17.4 
 49   -170.5448685811   -1.01e+00   3.45e-02    20.6 
 50   -169.9559075050    5.89e-01   3.45e-02    17.4 
Energy breakdown:
    Kinetic             64.2391920
    AtomicLocal         -62.0368427
    AtomicNonlocal      20.4370741
    Ewald               -168.4379255
    PspCorrection       7.5623694 
    Hartree             16.5292231
    Xc                  -48.2489979

    total               -169.955907505003

 ──────────────────────────────────────────────────────────────────────────────
                                       Time                   Allocations      
                               ──────────────────────   ───────────────────────
       Tot / % measured:           17435s / 100%            3948GiB / 100%     

 Section               ncalls     time   %tot     avg     alloc   %tot      avg
 ──────────────────────────────────────────────────────────────────────────────
 self_consistent_field      1   17426s   100%  17426s   3942GiB  100%   3942GiB
   LOBPCG                 800   15931s  91.4%   19.9s   3496GiB  88.6%  4.37GiB
     Hamiltonian mu...  19.4k    5819s  33.4%   299ms    584GiB  14.8%  30.7MiB
     block multipli...   109k    3259s  18.7%  30.0ms   1050GiB  26.6%  9.90MiB
     ortho              82.0k    2219s  12.7%  27.1ms    630GiB  16.0%  7.86MiB
     rayleigh_ritz      18.6k    1573s  9.02%  84.4ms   16.4GiB  0.42%   925KiB
   energy_hamiltonian     101    1208s  6.93%   12.0s   98.0GiB  2.48%  0.97GiB
   compute_density         50     206s  1.18%   4.12s    341GiB  8.63%  6.81GiB
   QR orthonormaliz...    800    6.39s  0.04%  7.99ms   2.85GiB  0.07%  3.65MiB
   mixing Resta            50    304ms  0.00%  6.07ms    458MiB  0.01%  9.17MiB
 PlaneWaveBasis             1    8.14s  0.05%   8.14s   6.19GiB  0.16%  6.19GiB
   Instantiation At...      1    4.74s  0.03%   4.74s   4.33GiB  0.11%  4.33GiB
   Instantiation Ewald      1    2.89s  0.02%   2.89s   1.77GiB  0.04%  1.77GiB
   Instantiation At...      1    411ms  0.00%   411ms   20.6MiB  0.00%  20.6MiB
   build_kpoints            1   89.7ms  0.00%  89.7ms   41.2MiB  0.00%  41.2MiB
   Instantiation Ha...      1   3.45ms  0.00%  3.45ms   6.88MiB  0.00%  6.88MiB
   Instantiation Ki...      1   2.62ms  0.00%  2.62ms   3.18MiB  0.00%  3.18MiB
   Instantiation Ps...      1   95.0μs  0.00%  95.0μs   1.64KiB  0.00%  1.64KiB
   Instantiation Xc         1   1.46μs  0.00%  1.46μs     32.0B  0.00%    32.0B
 guess_density              1    320ms  0.00%   320ms   29.8MiB  0.00%  29.8MiB
 spglib_get_symmetry        1   2.36ms  0.00%  2.36ms   55.1KiB  0.00%  55.1KiB
 ──────────────────────────────────────────────────────────────────────────────
