#
#-- SCF GaAs n_repeat=20 -- mixing=SimpleMixing(0.128)
#

hostname       = clustern09

started on     = 2020-08-07T18:36:23.375
julia threads  = 4
BLAS threads   = 4

temperature    = 0.0
smearing       = DFTK.Smearing.None()
lattice        = [0.0 5.341 106.8; 5.341 0.0 106.8; 5.341 5.341 0.0]
Ecut           = 20
fft_size       = (25, 25, 480)
kgrid          = [4, 4, 1]
irreducible k  = 16
n_bands        = 89
n_electr       = 160
mixing         = SimpleMixing(0.128)
n     Energy            Eₙ-Eₙ₋₁     ρout-ρin   Diag
---   ---------------   ---------   --------   ----
  1   -161.4648130295         NaN   2.73e+00    26.6 
  2   -164.8240009791   -3.36e+00   2.18e+00    26.9 
  3   -170.3512217809   -5.53e+00   5.32e-01    36.4 
  4   +228.7030308587    3.99e+02   6.56e-01    23.6 
  5   +12979.81334916    1.28e+04   2.84e+00    28.8 
  6   +1824.824302102   -1.12e+04   1.64e+00    28.8 
  7   +12166.36731965    1.03e+04   2.76e+00    30.6 
  8   +5504.152805923   -6.66e+03   1.83e+00    28.1 
  9   +2683.057460678   -2.82e+03   1.39e+00    22.7 
 10   +363.8012424805   -2.32e+03   6.55e-01    24.5 
 11   +1652.258212803    1.29e+03   1.05e+00    28.1 
 12   +1040.905848931   -6.11e+02   8.93e-01    25.7 
 13   +857.6084954040   -1.83e+02   8.35e-01    19.3 
 14   +810.2560724512   -4.74e+01   8.19e-01    20.9 
 15   +682.8444307573   -1.27e+02   7.83e-01    24.2 
 16   +207.8018763290   -4.75e+02   5.82e-01    28.6 
 17   +19125.11285670    1.89e+04   3.82e+00    34.2 
 18   +3052.071834218   -1.61e+04   1.42e+00    32.6 
 19   +4048.252975546    9.96e+02   1.60e+00    32.1 
 20   +8.971644169261   -4.04e+03   4.80e-01    24.6 
 21   +6118.804245496    6.11e+03   2.01e+00    23.6 
 22   +754.3525717622   -5.36e+03   7.75e-01    27.3 
 23   +598.5154810821   -1.56e+02   7.15e-01    19.1 
 24   +516.2107609218   -8.23e+01   6.69e-01    14.7 
 25   +329.1811321322   -1.87e+02   5.71e-01    16.4 
 26   -57.09670996843   -3.86e+02   3.76e-01    17.6 
 27   +128.4688034572    1.86e+02   4.62e-01    18.7 
 28   +130.5704286769    2.10e+00   4.60e-01    17.3 
 29   +14884.70344600    1.48e+04   3.14e+00    28.8 
 30   -150.5203749766   -1.50e+04   3.59e-01    25.8 
 31   +11003.76125895    1.12e+04   2.61e+00    24.6 
 32   -79.59808452526   -1.11e+04   3.87e-01    27.2 
 33   +7979.532520031    8.06e+03   2.24e+00    23.2 
 34   -153.7759832565   -8.13e+03   3.42e-01    25.6 
 35   -157.1602263671   -3.38e+00   3.37e-01    10.1 
 36   -70.41962360949    8.67e+01   4.36e-01    20.0 
 37   +82.39928114583    1.53e+02   5.40e-01    24.9 
 38   +211.3019375110    1.29e+02   6.11e-01    18.3 
 39   +355.8104212670    1.45e+02   6.70e-01    19.6 
 40   +1833.032921916    1.48e+03   1.17e+00    24.3 
 41   +15598.42317658    1.38e+04   3.23e+00    30.1 
 42   +470.1722931286   -1.51e+04   7.72e-01    32.5 
 43   +10820.50605951    1.04e+04   2.55e+00    27.9 
 44   +136.5865765106   -1.07e+04   6.50e-01    24.1 
 45   +10293.65358935    1.02e+04   2.51e+00    26.6 
 46   +353.6716842393   -9.94e+03   7.51e-01    29.4 
 47   +2694.592569758    2.34e+03   1.32e+00    22.1 
 48   +873.1967625843   -1.82e+03   9.11e-01    26.0 
 49   +945.9882489279    7.28e+01   9.06e-01    23.8 
 50   +1092.667901977    1.47e+02   9.43e-01    17.3 
Energy breakdown:
    Kinetic             67.7422322
    AtomicLocal         -60.8591802
    AtomicNonlocal      21.8329295
    Ewald               -168.4379255
    PspCorrection       7.5623694 
    Hartree             1273.8383438
    Xc                  -49.0108672

    total               1092.667901976687

 ──────────────────────────────────────────────────────────────────────────────
                                       Time                   Allocations      
                               ──────────────────────   ───────────────────────
       Tot / % measured:           21905s / 100%            5350GiB / 100%     

 Section               ncalls     time   %tot     avg     alloc   %tot      avg
 ──────────────────────────────────────────────────────────────────────────────
 self_consistent_field      1   21894s   100%  21894s   5344GiB  100%   5344GiB
   LOBPCG                 800   20349s  92.9%   25.4s   4897GiB  91.5%  6.12GiB
     Hamiltonian mu...  20.5k    8132s  37.1%   396ms    778GiB  14.5%  38.8MiB
     block multipli...   115k    3991s  18.2%  34.6ms   1591GiB  29.7%  14.1MiB
     rayleigh_ritz      19.7k    2584s  11.8%   131ms   28.6GiB  0.53%  1.48MiB
     ortho              87.4k    2484s  11.3%  28.4ms    914GiB  17.1%  10.7MiB
   energy_hamiltonian     101    1269s  5.80%   12.6s   98.0GiB  1.83%  0.97GiB
   compute_density         50     192s  0.87%   3.83s    341GiB  6.37%  6.81GiB
   QR orthonormaliz...    800    7.01s  0.03%  8.77ms   2.85GiB  0.05%  3.65MiB
   mixing Simple           50    173ms  0.00%  3.46ms   1.01GiB  0.02%  20.6MiB
 PlaneWaveBasis             1    9.37s  0.04%   9.37s   6.19GiB  0.12%  6.19GiB
   Instantiation At...      1    4.64s  0.02%   4.64s   4.33GiB  0.08%  4.33GiB
   Instantiation Ewald      1    4.20s  0.02%   4.20s   1.77GiB  0.03%  1.77GiB
   Instantiation At...      1    439ms  0.00%   439ms   20.6MiB  0.00%  20.6MiB
   build_kpoints            1   71.4ms  0.00%  71.4ms   41.2MiB  0.00%  41.2MiB
   Instantiation Ha...      1   4.28ms  0.00%  4.28ms   6.88MiB  0.00%  6.88MiB
   Instantiation Ki...      1   2.87ms  0.00%  2.87ms   3.18MiB  0.00%  3.18MiB
   Instantiation Ps...      1    168μs  0.00%   168μs   1.64KiB  0.00%  1.64KiB
   Instantiation Xc         1   1.78μs  0.00%  1.78μs     32.0B  0.00%    32.0B
 guess_density              1    391ms  0.00%   391ms   29.8MiB  0.00%  29.8MiB
 spglib_get_symmetry        1   2.70ms  0.00%  2.70ms   55.1KiB  0.00%  55.1KiB
 ──────────────────────────────────────────────────────────────────────────────
