#
#-- Firstrun Al n_repeat=20 -- mixing=KerkerMixing(0.5, 1.0)
#

hostname       = clustern09

started on     = 2020-07-25T13:59:12.667
julia threads  = 4
BLAS threads   = 4

temperature    = 0.001
smearing       = DFTK.Smearing.Gaussian()
diag(lattice)  = [7.653, 7.653, 38.27]
Ecut           = 20
fft_size       = (25, 25, 120)
kgrid          = [3, 3, 1]
irreducible k  = 9
n_bands        = 36
n_electr       = 60
mixing         = KerkerMixing(0.5, 1.0)
n     Free energy       Eₙ-Eₙ₋₁     ρout-ρin   Diag
---   ---------------   ---------   --------   ----
  1   -41.28276350833         NaN   2.29e-01    17.6 
  2   -41.43534979939   -1.53e-01   1.36e-01    7.2 
  3   -41.43964062262   -4.29e-03   1.17e-02    8.1 
  4   -41.44619478337   -6.55e-03   5.29e-03    4.9 
  5   -41.44713079538   -9.36e-04   1.71e-03    3.8 
  6   -41.44710652779    2.43e-05   5.59e-04    5.2 
  7   -41.44713385304   -2.73e-05   9.34e-05    6.2 
  8   -41.44713388235   -2.93e-08   3.49e-05    5.2 
  9   -41.44713393997   -5.76e-08   6.00e-06    6.6 
 10   -41.44713394040   -4.25e-10   1.86e-06    6.3 
 11   -41.44713394044   -4.50e-11   6.93e-07    5.7 
 12   -41.44713394046   -1.67e-11   2.31e-07    5.1 
 13   -41.44713394046   -4.33e-13   6.44e-08    6.3 
Energy breakdown:
    Kinetic             17.3550668
    AtomicLocal         6.8847386 
    AtomicNonlocal      7.9582701 
    Ewald               -53.9147829
    PspCorrection       -3.7611666
    Hartree             0.0821568 
    Xc                  -16.0506572
    Entropy             -0.0007595

    total               -41.447133940462

 ──────────────────────────────────────────────────────────────────────────────
                                       Time                   Allocations      
                               ──────────────────────   ───────────────────────
       Tot / % measured:             195s / 98.6%           66.9GiB / 100%     

 Section               ncalls     time   %tot     avg     alloc   %tot      avg
 ──────────────────────────────────────────────────────────────────────────────
 self_consistent_field      1     192s  99.5%    192s   66.4GiB  100%   66.4GiB
   LOBPCG                 117     146s  75.9%   1.25s   54.2GiB  81.2%   474MiB
     Hamiltonian mu...    911    43.3s  22.5%  47.5ms   7.95GiB  11.9%  8.94MiB
     rayleigh_ritz        794    21.6s  11.2%  27.2ms    354MiB  0.52%   457KiB
     block multipli...  4.29k    20.4s  10.6%  4.75ms   13.8GiB  20.7%  3.30MiB
     ortho              3.40k    18.1s  9.40%  5.32ms   9.58GiB  14.4%  2.88MiB
   energy_hamiltonian      27    14.9s  7.75%   553ms   4.44GiB  6.65%   168MiB
   compute_density         13    3.49s  1.81%   268ms   5.68GiB  8.52%   447MiB
   QR orthonormaliz...    117    1.28s  0.67%  11.0ms    287MiB  0.42%  2.45MiB
   mixing Kerker           13    410ms  0.21%  31.5ms   81.3MiB  0.12%  6.25MiB
 PlaneWaveBasis             1    955ms  0.50%   955ms    323MiB  0.47%   323MiB
   Instantiation At...      1    244ms  0.13%   244ms    183MiB  0.27%   183MiB
   Instantiation Ewald      1    192ms  0.10%   192ms   90.4MiB  0.13%  90.4MiB
   Instantiation At...      1   56.4ms  0.03%  56.4ms   4.02MiB  0.01%  4.02MiB
   build_kpoints            1   13.8ms  0.01%  13.8ms   11.0MiB  0.02%  11.0MiB
   Instantiation Ha...      1    979μs  0.00%   979μs   1.72MiB  0.00%  1.72MiB
   Instantiation Ki...      1    706μs  0.00%   706μs    675KiB  0.00%   675KiB
   Instantiation Ps...      1    116μs  0.00%   116μs      928B  0.00%     928B
   Instantiation Xc         1   1.19μs  0.00%  1.19μs     32.0B  0.00%    32.0B
   Instantiation En...      1    649ns  0.00%   649ns     16.0B  0.00%    16.0B
 guess_density              1   44.0ms  0.02%  44.0ms   5.15MiB  0.01%  5.15MiB
 spglib_get_symmetry        1   2.34ms  0.00%  2.34ms   28.0KiB  0.00%  28.0KiB
 ──────────────────────────────────────────────────────────────────────────────
