#
#-- optimal_damping Al n_repeat=20 -- mixing=RestaMixing(1.0, 14, 1.0)
#

Starting Arnoldi (now = 2020-07-25T14:17:49.451 ...

#--- 1 ---#
idcs      evals   residnorms   |P(X)|
  1    0.982484   0.0733364  3.60777e-16

#--- 2 ---#
idcs      evals   residnorms   |P(X)|
  1      0.9819   0.0306894  3.62177e-16
  2     4.02901     1.27522  3.51583e-16

#--- 3 ---#
idcs      evals   residnorms   |P(X)|
  1    0.974543    0.228687  3.60979e-16
  2     1.08269    0.816381  3.54936e-16
  3     4.73866    0.381961  3.53284e-16

#--- 4 ---#
idcs      evals   residnorms   |P(X)|
  1    0.871533    0.127095  3.58999e-16
  2    0.988399   0.0328398  3.63118e-16
  3     4.39342    0.399988  3.38393e-16
  4     5.09927    0.419939  3.6538e-16

#--- 5 ---#
idcs      evals   residnorms   |P(X)|
  1    0.834854   0.0972542  3.57993e-16
  2    0.986236   0.0258307  3.6131e-16
  3     1.34149    0.354742  3.51654e-16
  4     4.42195   0.0438751  3.46236e-16
  5     5.17302   0.0430349  3.64372e-16

#--- 6 ---#
idcs      evals   residnorms   |P(X)|
  1    0.826323    0.171942  3.57284e-16
  2    0.985286   0.0596078  3.6184e-16
  3     1.19281    0.653254  3.60591e-16
  4     2.11174     1.46636  3.29972e-16
  5     4.42489   0.0289258  3.35509e-16
  6     5.17193   0.0216742  3.53401e-16

#--- 7 ---#
idcs      evals   residnorms   |P(X)|
  1    0.794677    0.113092  3.49999e-16
  2    0.948915    0.172797  3.59329e-16
  3    0.992745   0.0750464  3.62897e-16
  4     1.56378    0.193648  3.30633e-16
  5     4.42307    0.023978  3.67799e-16
  6        4.96    0.496295  3.52766e-16
  7     5.17996   0.0485277  3.50514e-16

#--- 8 ---#
idcs      evals   residnorms   |P(X)|
  1    0.787436   0.0825704  3.53634e-16
  2    0.936324    0.122055  3.5954e-16
  3    0.990966   0.0409458  3.63742e-16
  4      1.5469    0.175976  3.20914e-16
  5     3.24969     1.57819  3.41323e-16
  6     4.42307   0.0262637  3.48124e-16
  7     5.10867    0.458269  3.64414e-16
  8     5.17995    0.132024  3.40163e-16

#--- 9 ---#
idcs      evals   residnorms   |P(X)|
  1    0.771739   0.0431254  3.55071e-16
  2    0.898024   0.0646178  3.57768e-16
  3    0.988035   0.0164008  3.62427e-16
  4     1.20114    0.176918  3.40657e-16
  5     1.57555   0.0647488  3.56357e-16
  6     4.40271    0.123504  3.44174e-16
  7     4.43236   0.0841853  3.57971e-16
  8     5.16696   0.0260629  3.66952e-16
  9     5.22634   0.0717672  3.37929e-16

#--- 10 ---#
idcs      evals   residnorms   |P(X)|
  1    0.758925   0.0350242  3.52828e-16
  2    0.839066   0.0632791  3.56889e-16
  3     0.94391   0.0540564  3.60368e-16
  4     0.99042   0.0146132  3.60898e-16
  5     1.28616    0.048667  3.3977e-16
  6     1.57672   0.0117439  3.34349e-16
  7     4.40366  0.00336499  3.53318e-16
  8     4.43403  0.00247512  3.8079e-16
  9     5.16797  0.000600088  3.7899e-16
 10     5.22796  0.00170407  3.42604e-16

#--- 11 ---#
idcs      evals   residnorms   |P(X)|
  1    0.750112   0.0341693  3.49641e-16
  2    0.811877   0.0585017  3.61463e-16
  3    0.913545   0.0672564  3.56973e-16
  4    0.987044   0.0322367  3.59706e-16
  5      1.0208    0.108263  3.63933e-16
  6     1.29643   0.0228785  3.44916e-16
  7     1.57665  0.00297726  3.51798e-16
  8     4.40373  0.000146978  3.4346e-16
  9     4.43406  0.00010751  3.61158e-16
 10     5.16795  2.1467e-05  3.61887e-16
 11     5.22796  6.00698e-05  3.35817e-16

#--- 12 ---#
idcs      evals   residnorms   |P(X)|
  1    0.742629   0.0333452  3.55963e-16
  2    0.790739   0.0523475  3.56656e-16
  3    0.869277   0.0674487  3.56264e-16
  4    0.949588   0.0526028  3.60387e-16
  5    0.990432   0.0141161  3.62811e-16
  7     1.29754   0.0136557  3.41459e-16
  8     1.57668  0.000778154  3.21041e-16
  9     4.40373  6.17724e-06  3.58053e-16
 10     4.43406  4.47795e-06  3.62156e-16
 11     5.16795  7.36542e-07  3.60919e-16
 12     5.22796  2.03179e-06  3.62573e-16

#--- 13 ---#
idcs      evals   residnorms   |P(X)|
  1    0.740123   0.0350407  3.58259e-16
  2    0.780794   0.0508072  3.6e-16
  3    0.856015   0.0664422  3.57997e-16
  4    0.940193   0.0595577  3.60207e-16
  5     0.98968   0.0181325  3.60577e-16
  8      1.3042    0.132625  3.44325e-16
  9     1.57672  0.000761128  3.37744e-16
 10     4.40373  6.52822e-07  3.46775e-16
 11     4.43406  4.68796e-07  3.46762e-16
 12     5.16795  6.28343e-08  3.50904e-16
 13     5.22796  1.70747e-07  3.34716e-16

#--- 14 ---#
idcs      evals   residnorms   |P(X)|
  1    0.732963   0.0234442  3.63084e-16
  2    0.771434   0.0317971  3.45925e-16
  3    0.831539   0.0483005  3.52347e-16
  4    0.904595   0.0560501  3.6347e-16
  5    0.964672    0.045853  3.58223e-16
  9     1.56425   0.0545729  3.03183e-16
 10     1.57754  0.00435416  3.41488e-16
 11     4.40373  2.99966e-08  3.45758e-16
 12     4.43406  2.13321e-08  3.55237e-16
 13     5.16795  2.3172e-09  3.57556e-16
 14     5.22796  6.20083e-09  3.48194e-16

#--- 15 ---#
idcs      evals   residnorms   |P(X)|
  1    0.730886   0.0205627  3.541e-16
  2    0.766965   0.0317602  3.57499e-16
  3    0.814308   0.0511579  3.53808e-16
  4    0.880964   0.0596547  3.56554e-16
  5    0.947412   0.0519195  3.6002e-16
 10     1.57534  0.00467883  3.2163e-16
 11        1.58   0.0105551  3.16673e-16
 12     4.40373  1.45373e-09  3.39595e-16
 13     4.43406  1.02466e-09  3.65019e-16
 14     5.16795  9.16586e-11  3.80492e-16
 15     5.22796  2.4179e-10  3.35379e-16

#--- 16 ---#
idcs      evals   residnorms   |P(X)|
  1    0.727491   0.0169879  3.48178e-16
  2    0.761983   0.0281926  3.51489e-16
  3    0.801711     0.04816  3.56425e-16
  4    0.857216   0.0567292  3.60599e-16
  5    0.922346   0.0570769  3.57114e-16
 11     1.57572  0.00315149  3.68583e-16
 12     1.57834  0.00468391  3.27025e-16
 13     4.40373  7.14459e-11  3.36411e-16
 14     4.43406  4.9905e-11  3.72832e-16
 15     5.16795  3.66576e-12  3.79669e-16
 16     5.22796  9.53069e-12  3.54964e-16

#--- 17 ---#
idcs      evals   residnorms   |P(X)|
  1    0.726127   0.0137549  3.64372e-16
  2    0.756408   0.0264659  3.48401e-16
  3    0.787714   0.0378616  3.5533e-16
  4    0.838377   0.0417575  3.60803e-16
  5    0.899804   0.0449862  3.58002e-16
 12     1.57593  0.00208476  3.45788e-16
 13     1.57726  0.00162906  2.91532e-16
 14     4.40373  2.9983e-12  3.36754e-16
 15     4.43406  2.07553e-12  3.62585e-16
 16     5.16795  1.25471e-13  3.51806e-16
 17     5.22796  3.21084e-13  3.46687e-16

#--- 18 ---#
idcs      evals   residnorms   |P(X)|
  1    0.724428  0.00959989  3.61736e-16
  2    0.751679   0.0214515  3.45384e-16
  3    0.777434   0.0270927  3.69606e-16
  4    0.822574   0.0345481  3.58774e-16
  5    0.871659   0.0404783  3.56508e-16
 13     1.57596  0.000373141  3.22949e-16
 14     1.57711  0.000258483  2.91903e-16
 15     4.40373  7.99591e-14  3.46105e-16
 16     4.43406  5.50303e-14  3.52574e-16
 17     5.16795  3.7344e-15  3.70174e-16
 18     5.22796  7.82684e-15  3.61226e-16

#--- 19 ---#
idcs      evals   residnorms   |P(X)|
  1    0.723616   0.0105109  3.58334e-16
  2    0.744555    0.022232  3.52103e-16
  3    0.772232   0.0241532  3.49758e-16
  4    0.812091    0.039893  3.61641e-16
  5    0.855144   0.0514909  3.54933e-16
 14     1.57596  7.87012e-05  3.77766e-16
 15      1.5771  5.42656e-05  3.83617e-16
 16     4.40373  1.0407e-14  3.41731e-16
 17     4.43406  9.25619e-15  3.63883e-16
 18     5.16795  6.88602e-15  3.63962e-16
 19     5.22796  7.24664e-15  3.34662e-16

#--- 20 ---#
idcs      evals   residnorms   |P(X)|
  1    0.723189  0.00719687  3.78264e-16
  2    0.745127   0.0186954  3.63038e-16
  3    0.769232   0.0245276  3.49618e-16
  4    0.801998   0.0413453  3.591e-16
  5    0.839448   0.0434029  3.55036e-16
 15     1.57596  2.72839e-05  4.01607e-16
 16     1.57711  1.88282e-05  3.48461e-16
 17     4.40373  5.67816e-15  3.45664e-16
 18     4.43406  6.48674e-15  3.64298e-16
 19     5.16795  5.26873e-15  3.69938e-16
 20     5.22796  8.01199e-15  3.30271e-16

#--- 21 ---#
idcs      evals   residnorms   |P(X)|
  1    0.723035  0.00688935  3.77937e-16
  2    0.741675   0.0184903  3.55833e-16
  3    0.766059   0.0252226  3.5529e-16
  4    0.792894   0.0415322  3.6202e-16
  5    0.829925   0.0434453  3.57217e-16
 16     1.57596  9.51135e-06  3.4611e-16
 17     1.57711  6.55603e-06  3.27175e-16
 18     4.40373  8.8011e-15  3.43567e-16
 19     4.43406  6.79672e-15  3.72741e-16
 20     5.16795  8.06664e-15  3.69215e-16
 21     5.22796  5.64164e-15  3.38539e-16

 ──────────────────────────────────────────────────────────────────────────────
                                       Time                   Allocations      
                               ──────────────────────   ───────────────────────
       Tot / % measured:             447s / 98.1%            912GiB / 100%     

 Section               ncalls     time   %tot     avg     alloc   %tot      avg
 ──────────────────────────────────────────────────────────────────────────────
 apply_χ0                  21     438s   100%   20.8s    907GiB  100%   43.2GiB
   Hamiltonian mult...  48.6k     115s  26.3%  2.38ms   49.5GiB  5.46%  1.04MiB
   compute_density         21    3.54s  0.81%   169ms   8.42GiB  0.93%   410MiB
 PlaneWaveBasis             1    471ms  0.11%   471ms    297MiB  0.03%   297MiB
   Instantiation Ewald      1    205ms  0.05%   205ms   90.4MiB  0.01%  90.4MiB
   Instantiation At...      1    196ms  0.04%   196ms    183MiB  0.02%   183MiB
   Instantiation At...      1   57.1ms  0.01%  57.1ms   4.02MiB  0.00%  4.02MiB
   build_kpoints            1   10.2ms  0.00%  10.2ms   11.0MiB  0.00%  11.0MiB
   Instantiation Ha...      1    715μs  0.00%   715μs   1.72MiB  0.00%  1.72MiB
   Instantiation Ki...      1    630μs  0.00%   630μs    675KiB  0.00%   675KiB
   Instantiation Ps...      1   69.2μs  0.00%  69.2μs      928B  0.00%     928B
   Instantiation Xc         1   1.33μs  0.00%  1.33μs     32.0B  0.00%    32.0B
   Instantiation En...      1    759ns  0.00%   759ns     16.0B  0.00%    16.0B
 mixing Resta              21    452ms  0.10%  21.5ms    131MiB  0.01%  6.24MiB
 compute_density            1    181ms  0.04%   181ms    441MiB  0.05%   441MiB
 spglib_get_symmetry        1   2.41ms  0.00%  2.41ms   28.1KiB  0.00%  28.1KiB
 ──────────────────────────────────────────────────────────────────────────────
