#
#-- optimal_damping Al n_repeat=20 -- mixing=KerkerMixing(1.0, 1.0)
#

Starting Arnoldi (now = 2020-07-25T14:02:58.604 ...

#--- 1 ---#
idcs      evals   residnorms   |P(X)|
  1    0.981825   0.0975015  3.61206e-16

#--- 2 ---#
idcs      evals   residnorms   |P(X)|
  1    0.980559   0.0835846  3.58611e-16
  2     1.77637    0.686189  3.40531e-16

#--- 3 ---#
idcs      evals   residnorms   |P(X)|
  1    0.977562   0.0549712  3.59232e-16
  2     1.14504    0.149989  3.4993e-16
  3     2.76488    0.193049  3.4812e-16

#--- 4 ---#
idcs      evals   residnorms   |P(X)|
  1    0.819709   0.0642363  3.50907e-16
  2    0.985804   0.0197405  3.62052e-16
  3     1.46938   0.0678972  3.35876e-16
  4      2.7559   0.0196386  3.41745e-16

#--- 5 ---#
idcs      evals   residnorms   |P(X)|
  1    0.782796    0.118634  3.508e-16
  2      0.9778    0.141103  3.59218e-16
  3     1.02557    0.311879  3.58924e-16
  4     1.46569   0.0547742  3.5324e-16
  5     2.75664  0.00423041  3.40477e-16

#--- 6 ---#
idcs      evals   residnorms   |P(X)|
  1    0.763852   0.0785831  3.46388e-16
  2    0.927121    0.132851  3.57248e-16
  3    0.990375   0.0445596  3.61214e-16
  4     1.46694   0.0328158  3.3908e-16
  5     2.35613    0.624087  3.63275e-16
  6     2.75723  0.00652684  3.54401e-16

#--- 7 ---#
idcs      evals   residnorms   |P(X)|
  1    0.757632   0.0448423  3.5159e-16
  2    0.887024   0.0688071  3.52155e-16
  3    0.987922   0.0166844  3.62587e-16
  4     1.42673    0.140902         NaN
  5     1.42673    0.140902         NaN
  6      2.7576   0.0751373         NaN
  7      2.7576   0.0751373         NaN
Warn: Suppressed imaginary part.

#--- 8 ---#
idcs      evals   residnorms   |P(X)|
  1    0.740823   0.0423907  3.51676e-16
  2    0.818649   0.0566004  3.52865e-16
  3    0.937986   0.0573763  3.57878e-16
  4    0.990231   0.0146593  3.62323e-16
  5     1.45602   0.0232989  3.3738e-16
  6     1.50464   0.0431178  3.90881e-16
  7     2.75598  0.00198047  3.49492e-16
  8     2.77433   0.0098333  3.67501e-16

#--- 9 ---#
idcs      evals   residnorms   |P(X)|
  1    0.729218   0.0444221  3.62426e-16
  2     0.79576   0.0560678  3.45932e-16
  3    0.904908   0.0833635  3.58081e-16
  4    0.986853    0.039195  3.59905e-16
  5     1.02306    0.133958  3.59498e-16
  6     1.45485  0.00859294  3.58309e-16
  7     1.50473   0.0142525  3.07579e-16
  8     2.75608  0.00019826  3.51767e-16
  9      2.7744  0.000983789  3.50396e-16

#--- 10 ---#
idcs      evals   residnorms   |P(X)|
  1     0.72431   0.0342539  3.48136e-16
  2    0.781909   0.0469977  3.4414e-16
  3    0.870618   0.0706339  3.60159e-16
  4    0.958938   0.0666072  3.57002e-16
  5    0.991508    0.022243  3.62736e-16
  6     1.26981     0.16688  3.64772e-16
  7     1.45905  0.00883656  3.39164e-16
  8     1.49978    0.011423  3.16922e-16
  9     2.75608  2.73893e-05  3.42472e-16
 10      2.7744  0.000134322  3.42999e-16

#--- 11 ---#
idcs      evals   residnorms   |P(X)|
  1    0.720237   0.0213649  3.50976e-16
  2    0.773242   0.0342301  3.49374e-16
  3    0.845134   0.0470665  3.53205e-16
  4    0.935677   0.0494965  3.57519e-16
  5    0.989469   0.0147004  3.63256e-16
  6     1.06883    0.104624  3.48963e-16
  7     1.42932   0.0639525  3.41235e-16
  8     1.44878    0.023062  3.60117e-16
  9     1.50187   0.0113647  2.9591e-16
 10     2.75608  3.10385e-06  3.42529e-16
 11      2.7744  1.50421e-05  3.69221e-16

#--- 12 ---#
idcs      evals   residnorms   |P(X)|
  1    0.717591   0.0145224  3.46248e-16
  2    0.765563   0.0316625  3.63475e-16
  3     0.82088    0.042004  3.51218e-16
  4    0.894556   0.0631241  3.56051e-16
  5    0.961531   0.0491258  3.58716e-16
  7     1.13006   0.0581829  3.40579e-16
  8     1.44373   0.0207567  3.68182e-16
  9     1.46185   0.0112727  3.45441e-16
 10     1.50154  0.00398619  3.00666e-16
 11     2.75608  2.03761e-07  3.41813e-16
 12      2.7744  9.77216e-07  3.5897e-16

#--- 13 ---#
idcs      evals   residnorms   |P(X)|
  1    0.715745   0.0110522  3.43534e-16
  2    0.759152   0.0326442  3.53684e-16
  3    0.800082   0.0387466  3.53847e-16
  4    0.862751   0.0531582  3.57293e-16
  5     0.93791    0.047558  3.57097e-16
  8     1.15347   0.0388649  3.58391e-16
  9     1.44735  0.00636216  3.46556e-16
 10     1.45983  0.00376278  3.34615e-16
 11     1.50249  0.000956531  3.90999e-16
 12     2.75608  1.40193e-08  3.42709e-16
 13      2.7744  6.65527e-08  3.57829e-16

#--- 14 ---#
idcs      evals   residnorms   |P(X)|
  1    0.714872  0.00710558  3.51795e-16
  2     0.75162   0.0256111  3.61755e-16
  3    0.787748   0.0298117  3.53279e-16
  4    0.837375   0.0384805  3.60754e-16
  5    0.904095   0.0437749  3.56845e-16
  9     1.16392   0.0243854  3.3834e-16
 10     1.44726  0.00132274  3.67206e-16
 11     1.45992  0.000763639  3.44667e-16
 12     1.50262  0.000178357  3.3394e-16
 13     2.75608  7.59082e-10  3.43857e-16
 14      2.7744  3.56696e-09  3.431e-16

#--- 15 ---#
idcs      evals   residnorms   |P(X)|
  1    0.714577  0.00919889  3.60874e-16
  2    0.745431   0.0361415  3.58265e-16
  3    0.780692   0.0406247  3.48353e-16
  4    0.828005   0.0579809  3.49603e-16
  5    0.885381    0.088208  3.56966e-16
 10     1.16211   0.0380462  3.4685e-16
 11     1.44719  0.000655308  3.5451e-16
 12     1.45996  0.000367057  3.35826e-16
 13     1.50261  7.88633e-05  2.97749e-16
 14     2.75608  9.8025e-11  3.52839e-16
 15      2.7744  4.55934e-10  3.57194e-16

 ──────────────────────────────────────────────────────────────────────────────
                                       Time                   Allocations      
                               ──────────────────────   ───────────────────────
       Tot / % measured:             358s / 95.2%            653GiB / 100%     

 Section               ncalls     time   %tot     avg     alloc   %tot      avg
 ──────────────────────────────────────────────────────────────────────────────
 apply_χ0                  15     340s   100%   22.7s    649GiB  100%   43.3GiB
   Hamiltonian mult...  34.8k    86.8s  25.5%  2.50ms   35.5GiB  5.47%  1.05MiB
   compute_density         15    2.86s  0.84%   190ms   6.04GiB  0.93%   412MiB
 PlaneWaveBasis             1    664ms  0.19%   664ms    303MiB  0.05%   303MiB
   Instantiation Ewald      1    280ms  0.08%   280ms   90.4MiB  0.01%  90.4MiB
   Instantiation At...      1    186ms  0.05%   186ms    183MiB  0.03%   183MiB
   Instantiation At...      1   59.5ms  0.02%  59.5ms   4.02MiB  0.00%  4.02MiB
   build_kpoints            1   10.7ms  0.00%  10.7ms   11.0MiB  0.00%  11.0MiB
   Instantiation Ha...      1    881μs  0.00%   881μs   1.72MiB  0.00%  1.72MiB
   Instantiation Ki...      1    633μs  0.00%   633μs    675KiB  0.00%   675KiB
   Instantiation Ps...      1   73.7μs  0.00%  73.7μs      928B  0.00%     928B
   Instantiation Xc         1   1.27μs  0.00%  1.27μs     32.0B  0.00%    32.0B
   Instantiation En...      1    829ns  0.00%   829ns     16.0B  0.00%    16.0B
 compute_density            1    170ms  0.05%   170ms    441MiB  0.07%   441MiB
 mixing Kerker             15   32.4ms  0.01%  2.16ms   51.7MiB  0.01%  3.44MiB
 spglib_get_symmetry        1   2.37ms  0.00%  2.37ms   28.8KiB  0.00%  28.8KiB
 ──────────────────────────────────────────────────────────────────────────────
