#
#-- optimal_damping Al n_repeat=20 -- mixing=SimpleMixing(1.0)
#

Starting Arnoldi (now = 2020-07-25T14:08:55.347 ...

#--- 1 ---#
idcs      evals   residnorms   |P(X)|
  1     1.00134    0.374901  3.6187e-16

#--- 2 ---#
idcs      evals   residnorms   |P(X)|
  1    0.998626   0.0506207  3.62557e-16
  2     53.7486     7.12215  3.17407e-16

#--- 3 ---#
idcs      evals   residnorms   |P(X)|
  1    0.998427   0.0414456  3.6237e-16
  2      16.315     12.6356  3.36663e-16
  3     55.1051     2.40417  3.93866e-16

#--- 4 ---#
idcs      evals   residnorms   |P(X)|
  1    0.998008   0.0443813  3.62432e-16
  2     3.50153     3.46471  3.37402e-16
  3     28.5814     3.38476  3.43651e-16
  4     55.2809    0.329137  3.24535e-16

#--- 5 ---#
idcs      evals   residnorms   |P(X)|
  1    0.998042   0.0233748  3.61267e-16
  2     3.20504     1.70247  3.52359e-16
  3     27.9357     3.91815  3.12591e-16
  4     45.4584     19.7206  3.48357e-16
  5     55.2908    0.655605  3.26024e-16

#--- 6 ---#
idcs      evals   residnorms   |P(X)|
  1    0.997747   0.0155462  3.61713e-16
  2     1.90983     0.78794  3.50877e-16
  3     5.01534    0.924725  3.23035e-16
  4     28.3625    0.141355  3.59891e-16
  5     54.8717     0.47866  3.78663e-16
  6     55.4986    0.342931  3.52819e-16

#--- 7 ---#
idcs      evals   residnorms   |P(X)|
  1     0.99768   0.0303185  3.60804e-16
  2     1.78424      1.5803  3.52476e-16
  3     4.62799     3.55479  3.16875e-16
  4      7.1718     8.53182  3.49647e-16
  5     28.3623   0.0612635  2.98023e-16
  6     54.8784   0.0937007  2.95248e-16
  7     55.4952   0.0666357  3.49067e-16

#--- 8 ---#
idcs      evals   residnorms   |P(X)|
  1    0.997496   0.0164169  3.59818e-16
  2     1.35339    0.520407  3.55371e-16
  3     2.77633    0.673283  3.47988e-16
  4     5.28376    0.309912  3.3126e-16
  5     28.0318     2.01095  3.79547e-16
  6     28.3746     0.34494  3.64403e-16
  7     54.8779  0.00725289  3.5373e-16
  8     55.4941  0.00503389  2.93516e-16

#--- 9 ---#
idcs      evals   residnorms   |P(X)|
  1     0.99722   0.0171478  3.61984e-16
  2     1.17199    0.318263  3.5352e-16
  3     2.28765    0.531505  3.44196e-16
  4     3.63375    0.741902  3.6775e-16
  5      5.3321    0.146922  2.98352e-16
  6     28.1935   0.0777487  3.5876e-16
  7     28.3809   0.0255676  3.49983e-16
  8      54.878  0.000140342  4.279e-16
  9     55.4941  9.62448e-05  3.02696e-16

#--- 10 ---#
idcs      evals   residnorms   |P(X)|
  1    0.995843     0.03779  3.60428e-16
  2     1.03325    0.168797  3.58664e-16
  3     1.66445    0.288336  3.47532e-16
  4     2.60687    0.204369  3.53066e-16
  5     4.01658      0.1849  3.38407e-16
  6     5.33992   0.0246373  3.3612e-16
  7     28.1933  0.00132369  3.47359e-16
  8      28.381  0.000432194  3.45837e-16
  9      54.878  1.17764e-06  3.05781e-16
 10     55.4941  7.98262e-07  3.6016e-16

#--- 11 ---#
idcs      evals   residnorms   |P(X)|
  1    0.988135    0.114967  3.60016e-16
  2      1.0036    0.095624  3.60877e-16
  3     1.48886    0.352324  3.79467e-16
  4     2.08228    0.538788  3.60134e-16
  5      2.6728    0.208278  3.45307e-16
  6     4.04307   0.0642969  3.59123e-16
  7      5.3402  0.00524005  3.3363e-16
  8     28.1933  3.53499e-05  3.12122e-16
  9      28.381  1.14608e-05  3.59223e-16
 10      54.878  1.55864e-08  5.30214e-16
 11     55.4941  1.04436e-08  3.47062e-16

#--- 12 ---#
idcs      evals   residnorms   |P(X)|
  1     0.98071   0.0946758  3.58667e-16
  2     1.00081   0.0448405  3.62478e-16
  3     1.42396    0.285205  3.64084e-16
  4     1.93861    0.395173  3.42279e-16
  5     2.64723    0.189592  3.63015e-16
  7     4.11543    0.544993  4.26886e-16
  8     5.34017  0.00555592  2.98402e-16
  9     28.1933  2.25491e-06  3.32809e-16
 10      28.381  7.25489e-07  4.48717e-16
 11      54.878  4.75373e-10  3.57128e-16
 12     55.4941  3.14731e-10  3.4882e-16

#--- 13 ---#
idcs      evals   residnorms   |P(X)|
  1    0.974577   0.0501159  3.59507e-16
  2    0.999797   0.0178362  3.61283e-16
  3     1.35092    0.183891  3.4734e-16
  4     1.78048    0.264159  3.48918e-16
  5     2.41165    0.415149  3.66683e-16
  8     5.27363    0.499318  2.8622e-16
  9     5.34043   0.0282783  2.94683e-16
 10     28.1933  6.95639e-08  2.98882e-16
 11      28.381  2.22108e-08  3.39338e-16
 12      54.878  7.02045e-12  3.27359e-16
 13     55.4941  4.59282e-12  3.28808e-16

#--- 14 ---#
idcs      evals   residnorms   |P(X)|
  1    0.970913   0.0348398  3.56515e-16
  2    0.999409   0.0112516  3.62533e-16
  3     1.27922    0.190581  3.78495e-16
  4     1.58381    0.274926  3.76101e-16
  5     1.97586    0.267498  3.35033e-16
  9     5.33924   0.0218507  3.6613e-16
 10     5.35368   0.0792913  3.21451e-16
 11     28.1933  1.39104e-09  3.37448e-16
 12      28.381  4.40962e-10  3.20201e-16
 13      54.878  1.00918e-13  3.17869e-16
 14     55.4941  6.86575e-14  2.97999e-16

#--- 15 ---#
idcs      evals   residnorms   |P(X)|
  1    0.969505   0.0376769  3.58629e-16
  2    0.999271   0.0121721  3.60999e-16
  3     1.22828    0.262761  3.50522e-16
  4     1.48694    0.331281  3.58638e-16
  5     1.86596      0.3662  3.39928e-16
 10      5.3393  0.00659421  3.90873e-16
 11     5.35569   0.0272157  3.22643e-16
 12     28.1933  5.53113e-11  3.08073e-16
 13      28.381  1.74077e-11  3.42193e-16
 14      54.878  6.28846e-14  3.32701e-16
 15     55.4941  7.39312e-14  3.04068e-16

#--- 16 ---#
idcs      evals   residnorms   |P(X)|
  1    0.968419   0.0257763  3.57515e-16
  2    0.999147  0.00874102  3.6216e-16
  3     1.15604     0.18651  3.54585e-16
  4     1.39811    0.174557  3.60163e-16
  5      1.7367    0.213302  3.53385e-16
 11     5.33932   0.0026727  3.18517e-16
 12     5.35616   0.0112444  3.61547e-16
 13     28.1933  1.67729e-12  3.06744e-16
 14      28.381  5.25562e-13  3.62502e-16
 15      54.878  1.17443e-13  3.44851e-16
 16     55.4941  7.18356e-14  2.82505e-16

#--- 17 ---#
idcs      evals   residnorms   |P(X)|
  1    0.966954   0.0305202  3.57163e-16
  2    0.998929   0.0122707  3.60111e-16
  3     1.07536    0.177645  3.56441e-16
  4     1.32366    0.166094  3.5338e-16
  5     1.56524     0.22878  3.64901e-16
 12     5.33932  0.00038891  3.5923e-16
 13     5.35619  0.00163006  3.40698e-16
 14     28.1933  4.85817e-14  3.39691e-16
 15      28.381  5.38737e-14  4.02889e-16
 16      54.878  6.29302e-14  3.3386e-16
 17     55.4941  8.37357e-14  3.39323e-16

#--- 18 ---#
idcs      evals   residnorms   |P(X)|
  1    0.965022   0.0307782  3.56327e-16
  2    0.998448   0.0180997  3.62679e-16
  3     1.02815    0.115597  3.60233e-16
  4      1.2705     0.12499  3.5136e-16
  5     1.47372    0.150247  3.58536e-16
 13     5.33932  5.33901e-05  3.11384e-16
 14     5.35619  0.000222594  3.02604e-16
 15     28.1933  2.92198e-14  3.40719e-16
 16      28.381  2.4144e-14  3.71585e-16
 17      54.878  2.34277e-14  3.49779e-16
 18     55.4941  2.60728e-14  2.98733e-16

#--- 19 ---#
idcs      evals   residnorms   |P(X)|
  1    0.961784   0.0351515  3.54408e-16
  2    0.994173   0.0574307  3.57812e-16
  3     1.00277   0.0508204  3.59846e-16
  4     1.21631    0.123466  3.69402e-16
  5     1.38686    0.140832  3.65494e-16
 14     5.33932  4.93845e-06  3.32922e-16
 15     5.35619  2.04917e-05  3.18639e-16
 16     28.1933  5.01991e-14  3.13573e-16
 17      28.381  3.57588e-14  3.64577e-16
 18      54.878  6.29841e-14  3.64279e-16
 19     55.4941  5.25935e-14  3.32254e-16

#--- 20 ---#
idcs      evals   residnorms   |P(X)|
  1    0.960325   0.0343699  3.61112e-16
  2     0.98898   0.0571577  3.5689e-16
  3     1.00071   0.0247472  3.6174e-16
  4     1.18769    0.134012  3.60477e-16
  5     1.34761    0.150758  3.53212e-16
 15     5.33932  8.75911e-07  3.02577e-16
 16     5.35619  3.61644e-06  3.29101e-16
 17     28.1933  1.861e-14  3.19523e-16
 18      28.381  2.89135e-14  3.64549e-16
 19      54.878  2.74172e-14  2.93637e-16
 20     55.4941  4.28023e-14  3.14964e-16

#--- 21 ---#
idcs      evals   residnorms   |P(X)|
  1    0.957707   0.0280942  3.57128e-16
  2     0.98316   0.0392463  3.58408e-16
  3    0.999983   0.0115763  3.62367e-16
  4     1.13959    0.121752  3.63568e-16
  5     1.28746    0.120373  3.53124e-16
 16     5.33932  1.06529e-07  3.06632e-16
 17     5.35619  4.37469e-07  3.29368e-16
 18     28.1933  2.63136e-14  3.47346e-16
 19      28.381  2.78092e-14  3.41823e-16
 20      54.878  6.74065e-14  3.57406e-16
 21     55.4941  4.62208e-14  3.26072e-16

#--- 22 ---#
idcs      evals   residnorms   |P(X)|
  1    0.957003   0.0210036  3.60065e-16
  2     0.98116   0.0280143  3.569e-16
  3    0.999828  0.00771201  3.62983e-16
  4     1.11988   0.0981772  3.54991e-16
  5     1.26784   0.0999716  3.58534e-16
 17     5.33932  1.98935e-08  3.59485e-16
 18     5.35619  8.12632e-08  3.0955e-16
 19     28.1933  3.6338e-14  3.24315e-16
 20      28.381  6.94672e-14  3.30844e-16
 21      54.878  6.30366e-14  3.34292e-16
 22     55.4941  7.10741e-14  3.38193e-16

#--- 23 ---#
idcs      evals   residnorms   |P(X)|
  1    0.956008   0.0196195  3.58526e-16
  2    0.979774   0.0261083  3.58319e-16
  3    0.999711  0.00734309  3.61727e-16
  4     1.09522    0.116454  3.72336e-16
  5     1.23138    0.146381  3.66749e-16
 18     5.33932  2.7991e-09  3.33162e-16
 19     5.35619  1.13744e-08  3.14435e-16
 20     28.1933  7.49617e-14  3.5221e-16
 21      28.381  5.96161e-14  3.15577e-16
 22      54.878  7.52687e-14  3.25297e-16
 23     55.4941  8.0074e-14  3.01294e-16

#--- 24 ---#
idcs      evals   residnorms   |P(X)|
  1    0.955623   0.0128988  3.58511e-16
  2    0.978571   0.0180039  3.5793e-16
  3    0.999605  0.00543677  3.61581e-16
  4      1.0654   0.0831296  3.54111e-16
  5     1.18822   0.0926125  3.63138e-16
 19     5.33932  3.09216e-10  4.29586e-16
 20     5.35619  1.25004e-09  3.05572e-16
 21     28.1933  3.17363e-14  3.17271e-16
 22      28.381  1.83385e-14  3.37169e-16
 23      54.878  2.84846e-14  3.1041e-16
 24     55.4941  2.81677e-14  3.23461e-16

 ──────────────────────────────────────────────────────────────────────────────
                                       Time                   Allocations      
                               ──────────────────────   ───────────────────────
       Tot / % measured:             532s / 98.2%           1054GiB / 100%     

 Section               ncalls     time   %tot     avg     alloc   %tot      avg
 ──────────────────────────────────────────────────────────────────────────────
 apply_χ0                  24     522s   100%   21.8s   1049GiB  100%   43.7GiB
   Hamiltonian mult...  59.5k     144s  27.5%  2.41ms   60.7GiB  5.79%  1.04MiB
   compute_density         24    3.97s  0.76%   165ms   9.62GiB  0.92%   410MiB
 PlaneWaveBasis             1    485ms  0.09%   485ms    297MiB  0.03%   297MiB
   Instantiation Ewald      1    218ms  0.04%   218ms   90.4MiB  0.01%  90.4MiB
   Instantiation At...      1    196ms  0.04%   196ms    183MiB  0.02%   183MiB
   Instantiation At...      1   58.0ms  0.01%  58.0ms   4.02MiB  0.00%  4.02MiB
   build_kpoints            1   10.2ms  0.00%  10.2ms   11.0MiB  0.00%  11.0MiB
   Instantiation Ha...      1   1.11ms  0.00%  1.11ms   1.72MiB  0.00%  1.72MiB
   Instantiation Ki...      1    492μs  0.00%   492μs    675KiB  0.00%   675KiB
   Instantiation Ps...      1   72.5μs  0.00%  72.5μs      928B  0.00%     928B
   Instantiation Xc         1   1.38μs  0.00%  1.38μs     32.0B  0.00%    32.0B
   Instantiation En...      1    825ns  0.00%   825ns     16.0B  0.00%    16.0B
 compute_density            1    167ms  0.03%   167ms    441MiB  0.04%   441MiB
 spglib_get_symmetry        1   2.26ms  0.00%  2.26ms   28.1KiB  0.00%  28.1KiB
 mixing Simple             24    122μs  0.00%  5.09μs     0.00B  0.00%    0.00B
 ──────────────────────────────────────────────────────────────────────────────
