#
#-- optimal_damping Al n_repeat=20 -- mixing=RestaMixing(1.0, 2.4, 1.0)
#

Starting Arnoldi (now = 2020-07-25T14:25:18.097 ...

#--- 1 ---#
idcs      evals   residnorms   |P(X)|
  1    0.984353    0.185026  3.62203e-16

#--- 2 ---#
idcs      evals   residnorms   |P(X)|
  1    0.982984   0.0613114  3.62269e-16
  2     19.2097     6.03941  3.27021e-16

#--- 3 ---#
idcs      evals   residnorms   |P(X)|
  1    0.982806    0.030778  3.59486e-16
  2      10.238     4.73661  3.76253e-16
  3     23.1202     3.15105  3.25522e-16

#--- 4 ---#
idcs      evals   residnorms   |P(X)|
  1    0.978998   0.0892247  3.6131e-16
  2     1.16179    0.587857  3.47435e-16
  3     12.7439    0.304562  3.50472e-16
  4     23.6114    0.119183  2.99548e-16

#--- 5 ---#
idcs      evals   residnorms   |P(X)|
  1    0.977126    0.204955  3.59838e-16
  2     1.09758      0.8932  3.51939e-16
  3     6.80238     8.66262  3.15976e-16
  4     12.7566    0.444172  3.49396e-16
  5      23.614   0.0617654  3.37975e-16

#--- 6 ---#
idcs      evals   residnorms   |P(X)|
  1    0.901783    0.285078  3.5584e-16
  2    0.990035   0.0927014  3.61926e-16
  3     2.33825     0.71522  3.22149e-16
  4     12.7421   0.0398609  3.33156e-16
  5     23.1829     1.46092  3.82098e-16
  6     23.6189    0.185334  3.00315e-16

#--- 7 ---#
idcs      evals   residnorms   |P(X)|
  1    0.890281     0.14474  3.54407e-16
  2    0.989111   0.0417353  3.63103e-16
  3     2.27607    0.399929  3.10728e-16
  4     10.3943     4.54602  3.22483e-16
  5     12.7442   0.0763508  3.44713e-16
  6     23.3449    0.511506  3.66287e-16
  7     23.6254    0.101781  3.075e-16

#--- 8 ---#
idcs      evals   residnorms   |P(X)|
  1    0.869435   0.0989412  3.55365e-16
  2    0.987403   0.0270911  3.60499e-16
  3     1.58111    0.522641  3.46439e-16
  4     2.42763    0.255624  3.20818e-16
  5     12.7238    0.157177  3.25538e-16
  6     12.8006     0.26712  3.39584e-16
  7      23.363   0.0189569  3.76687e-16
  8     23.6254  0.00396401  3.72239e-16

#--- 9 ---#
idcs      evals   residnorms   |P(X)|
  1    0.851378   0.0801168  3.54975e-16
  2    0.985828   0.0279042  3.61218e-16
  3     1.18462    0.297532  3.57468e-16
  4     2.12623    0.317449  3.271e-16
  5     2.56952    0.235496  3.12262e-16
  6     12.7243  0.00646792  3.24992e-16
  7     12.8093   0.0121887  3.35138e-16
  8     23.3631  0.000437634  3.55171e-16
  9     23.6255  9.04604e-05  2.9572e-16

#--- 10 ---#
idcs      evals   residnorms   |P(X)|
  1    0.821606   0.0731251  3.51206e-16
  2    0.946642    0.109659  3.55113e-16
  3    0.991618   0.0411483  3.628e-16
  4     1.47793    0.144009  3.39295e-16
  5     2.21601   0.0669031  3.3888e-16
  6     2.61835   0.0460442  3.25415e-16
  7     12.7244  0.00011936  3.24989e-16
  8     12.8092  0.000223427  3.63776e-16
  9     23.3631  4.16521e-06  3.24602e-16
 10     23.6255  8.50792e-07  3.08076e-16

#--- 11 ---#
idcs      evals   residnorms   |P(X)|
  1    0.811982   0.0436783  3.5603e-16
  2    0.923386   0.0640703  3.59504e-16
  3    0.989288   0.0175834  3.60755e-16
  4     1.32974    0.207363  3.52661e-16
  5     1.61354    0.198523  3.36747e-16
  6     2.20944   0.0265867  3.46823e-16
  7     2.62082   0.0116697  3.2779e-16
  8     12.7244  3.15724e-06  3.06797e-16
  9     12.8092  5.86571e-06  3.70229e-16
 10     23.3631  5.67313e-08  3.49646e-16
 11     23.6255  1.1451e-08  3.36994e-16

#--- 12 ---#
idcs      evals   residnorms   |P(X)|
  1    0.806301   0.0429011  3.50552e-16
  2    0.904993    0.079661  3.55527e-16
  3    0.987496   0.0300012  3.61091e-16
  4     1.07195    0.208023  3.49985e-16
  5     1.44837    0.121589  3.38962e-16
  7     2.20504   0.0103039  3.19284e-16
  8     2.62082  0.00283672  2.9618e-16
  9     12.7244  8.44996e-08  3.52052e-16
 10     12.8092  1.5583e-07  3.80501e-16
 11     23.3631  7.86148e-10  3.71083e-16
 12     23.6255  1.56816e-10  3.26957e-16

#--- 13 ---#
idcs      evals   residnorms   |P(X)|
  1    0.800452   0.0601598  3.50641e-16
  2    0.883946    0.131294  3.55651e-16
  3    0.974213     0.15256  3.57756e-16
  4    0.995949     0.11296  3.59419e-16
  5     1.37107    0.265805  3.48977e-16
  8     2.20348  0.00861277  3.14481e-16
  9     2.62087  0.00137938  3.54607e-16
 10     12.7244  4.02003e-09  3.113e-16
 11     12.8092  7.3581e-09  3.26429e-16
 12     23.3631  1.92342e-11  3.27271e-16
 13     23.6255  3.7914e-12  3.48053e-16

#--- 14 ---#
idcs      evals   residnorms   |P(X)|
  1    0.796084   0.0343996  3.53062e-16
  2    0.861027   0.0670754  3.54943e-16
  3    0.947533   0.0609422  3.58802e-16
  4    0.990568   0.0175416  3.60869e-16
  5     1.26753     0.13351  3.5809e-16
  9     2.49579     0.35265  3.11219e-16
 10     2.62084  0.00348884  3.319e-16
 11     12.7244  1.56168e-10  3.15344e-16
 12     12.8092  2.83545e-10  3.5977e-16
 13     23.3631  3.72068e-13  3.4373e-16
 14     23.6255  7.50558e-14  3.24917e-16

#--- 15 ---#
idcs      evals   residnorms   |P(X)|
  1    0.792636   0.0323458  3.55384e-16
  2    0.850104   0.0618794  3.54127e-16
  3    0.936774   0.0622374  3.56155e-16
  4    0.989639   0.0186424  3.62758e-16
  5     1.13823    0.224448  3.55663e-16
 10     2.59846   0.0947121  3.21701e-16
 11     2.62094  0.00493067  3.24147e-16
 12     12.7244  4.66014e-12  3.33615e-16
 13     12.8092  8.3981e-12  3.66762e-16
 14     23.3631  1.348e-14  3.7099e-16
 15     23.6255  2.10466e-14  2.91556e-16

#--- 16 ---#
idcs      evals   residnorms   |P(X)|
  1    0.791213   0.0353802  3.56304e-16
  2     0.84152   0.0688434  3.56595e-16
  3    0.926579   0.0851564  3.60506e-16
  4    0.988229   0.0396852  3.60394e-16
  5     1.03355    0.200549  3.59972e-16
 11     2.60854   0.0518908  3.11048e-16
 12     2.62092   0.0047983  3.1318e-16
 13     12.7244  2.17885e-13  3.38165e-16
 14     12.8092  3.8836e-13  3.4409e-16
 15     23.3631  5.10905e-14  3.6482e-16
 16     23.6255  2.44683e-14  3.28342e-16

#--- 17 ---#
idcs      evals   residnorms   |P(X)|
  1    0.787409   0.0280125  3.50793e-16
  2    0.826564   0.0495994  3.53129e-16
  3     0.89687   0.0661287  3.5884e-16
  4    0.961908   0.0582213  3.58287e-16
  5    0.991448    0.018478  3.62219e-16
 12     2.61238   0.0181486  3.02799e-16
 13     2.62102  0.00239862  3.15447e-16
 14     12.7244  9.21379e-15  3.01845e-16
 15     12.8092  1.2575e-14  3.62972e-16
 16     23.3631  2.40547e-14  3.42043e-16
 17     23.6255  4.01814e-14  3.43369e-16

#--- 18 ---#
idcs      evals   residnorms   |P(X)|
  1    0.783101   0.0246902  3.44362e-16
  2    0.816626   0.0380796  3.59293e-16
  3    0.877743    0.050889  3.53109e-16
  4    0.947032   0.0434111  3.60911e-16
  5    0.990119   0.0131878  3.61847e-16
 13      2.6127  0.00240464  3.08039e-16
 14     2.62102  0.000327515  3.19957e-16
 15     12.7244  1.46088e-14  3.27578e-16
 16     12.8092  8.10256e-15  3.28113e-16
 17     23.3631  7.74605e-15  4.02555e-16
 18     23.6255  1.19915e-14  4.01268e-16

#--- 19 ---#
idcs      evals   residnorms   |P(X)|
  1    0.780607   0.0310607  3.50293e-16
  2    0.809235      0.0451  3.58809e-16
  3    0.861927   0.0642069  3.56046e-16
  4    0.930451   0.0748933  3.59368e-16
  5    0.983701   0.0803122  3.58314e-16
 14      2.6127  0.000382873  3.50031e-16
 15     2.62102  5.18467e-05  3.53578e-16
 16     12.7244  1.34228e-14  3.21276e-16
 17     12.8092  2.27368e-14  3.51345e-16
 18     23.3631  3.10073e-14  3.5109e-16
 19     23.6255  4.1916e-14  3.4001e-16

#--- 20 ---#
idcs      evals   residnorms   |P(X)|
  1    0.777596   0.0223036  3.49381e-16
  2    0.804615   0.0295984  3.56026e-16
  3    0.851732   0.0444916  3.55034e-16
  4    0.912854   0.0546466  3.56484e-16
  5    0.964134   0.0474111  3.59252e-16
 15      2.6127  8.17426e-05  3.5457e-16
 16     2.62102  1.09943e-05  3.092e-16
 17     12.7244  2.70584e-14  3.23502e-16
 18     12.8092  2.2568e-14  3.36654e-16
 19     23.3631  1.8866e-14  3.83706e-16
 20     23.6255  8.8351e-15  4.37181e-16

#--- 21 ---#
idcs      evals   residnorms   |P(X)|
  1    0.776488   0.0184567  3.56321e-16
  2    0.802198   0.0244782  3.52245e-16
  3    0.845939   0.0384681  3.54854e-16
  4    0.904026   0.0495418  3.56144e-16
  5    0.957674   0.0424584  3.57208e-16
 16      2.6127  2.2461e-05  3.15694e-16
 17     2.62102  2.99917e-06  2.96065e-16
 18     12.7244  2.30394e-14  3.07791e-16
 19     12.8092  2.79186e-14  3.42706e-16
 20     23.3631  1.0233e-14  3.26935e-16
 21     23.6255  2.84051e-14  3.63822e-16

#--- 22 ---#
idcs      evals   residnorms   |P(X)|
  1    0.775215   0.0149345  3.51512e-16
  2     0.79882   0.0209641  3.54242e-16
  3    0.837577   0.0380084  3.52113e-16
  4    0.885723   0.0549132  3.56588e-16
  5    0.938832   0.0566063  3.58681e-16
 17      2.6127  3.02949e-06  3.15324e-16
 18     2.62102  4.01722e-07  3.3686e-16
 19     12.7244  1.55883e-14  3.31556e-16
 20     12.8092  1.64585e-14  3.47722e-16
 21     23.3631  1.16282e-14  3.88046e-16
 22     23.6255  2.27202e-14  3.2822e-16

#--- 23 ---#
idcs      evals   residnorms   |P(X)|
  1    0.774273   0.0108606  3.56196e-16
  2    0.797925   0.0169018  3.59933e-16
  3    0.831518   0.0334126  3.54894e-16
  4    0.874563   0.0453219  3.58821e-16
  5     0.92601   0.0458408  3.59127e-16
 18      2.6127  4.80201e-07  3.22484e-16
 19     2.62102  6.32899e-08  2.99068e-16
 20     12.7244  1.84187e-14  3.17654e-16
 21     12.8092  2.143e-14  3.21228e-16
 22     23.3631  1.72377e-14  3.30408e-16
 23     23.6255  1.93763e-14  3.40777e-16

#--- 24 ---#
idcs      evals   residnorms   |P(X)|
  1    0.773775  0.00968756  3.50319e-16
  2    0.796629   0.0175399  3.64615e-16
  3    0.825718   0.0384482  3.56408e-16
  4    0.862287   0.0485434  3.54644e-16
  5    0.912236   0.0528662  3.58882e-16
 19      2.6127  6.79017e-08  3.09852e-16
 20     2.62102  8.8958e-09  3.2211e-16
 21     12.7244  1.59542e-14  3.14553e-16
 22     12.8092  1.21563e-14  3.32382e-16
 23     23.3631  2.32079e-14  3.36955e-16
 24     23.6255  1.93525e-14  3.04881e-16

#--- 25 ---#
idcs      evals   residnorms   |P(X)|
  1    0.773478  0.00714221  3.69148e-16
  2    0.794911   0.0157543  3.5689e-16
  3    0.817724    0.031607  3.6183e-16
  4    0.851953   0.0342771  3.54293e-16
  5    0.897669   0.0400943  3.58594e-16
 20      2.6127  8.07716e-09  3.05567e-16
 21     2.62102  1.05184e-09  3.14129e-16
 22     12.7244  2.51857e-14  3.26468e-16
 23     12.8092  3.44676e-14  3.24294e-16
 24     23.3631  1.66262e-14  3.31768e-16
 25     23.6255  4.21475e-14  3.69341e-16

 ──────────────────────────────────────────────────────────────────────────────
                                       Time                   Allocations      
                               ──────────────────────   ───────────────────────
       Tot / % measured:             549s / 98.4%           1095GiB / 100%     

 Section               ncalls     time   %tot     avg     alloc   %tot      avg
 ──────────────────────────────────────────────────────────────────────────────
 apply_χ0                  25     539s   100%   21.6s   1090GiB  100%   43.6GiB
   Hamiltonian mult...  61.1k     150s  27.8%  2.46ms   62.3GiB  5.72%  1.04MiB
   compute_density         25    4.06s  0.75%   162ms   10.0GiB  0.92%   410MiB
 PlaneWaveBasis             1    433ms  0.08%   433ms    297MiB  0.03%   297MiB
   Instantiation Ewald      1    191ms  0.04%   191ms   90.4MiB  0.01%  90.4MiB
   Instantiation At...      1    173ms  0.03%   173ms    183MiB  0.02%   183MiB
   Instantiation At...      1   56.8ms  0.01%  56.8ms   4.02MiB  0.00%  4.02MiB
   build_kpoints            1   9.71ms  0.00%  9.71ms   11.0MiB  0.00%  11.0MiB
   Instantiation Ha...      1    945μs  0.00%   945μs   1.72MiB  0.00%  1.72MiB
   Instantiation Ki...      1    569μs  0.00%   569μs    675KiB  0.00%   675KiB
   Instantiation Ps...      1   67.0μs  0.00%  67.0μs      928B  0.00%     928B
   Instantiation Xc         1   1.16μs  0.00%  1.16μs     32.0B  0.00%    32.0B
   Instantiation En...      1    970ns  0.00%   970ns     16.0B  0.00%    16.0B
 compute_density            1    178ms  0.03%   178ms    441MiB  0.04%   441MiB
 mixing Resta              25   51.9ms  0.01%  2.07ms   86.1MiB  0.01%  3.44MiB
 spglib_get_symmetry        1   2.28ms  0.00%  2.28ms   28.1KiB  0.00%  28.1KiB
 ──────────────────────────────────────────────────────────────────────────────
