#
#-- SCF Al n_repeat=20 -- mixing=SimpleMixing(0.0354)
#

hostname       = clustern09

started on     = 2020-07-25T14:36:54.407
julia threads  = 4
BLAS threads   = 4

temperature    = 0.001
smearing       = DFTK.Smearing.Gaussian()
diag(lattice)  = [7.653, 7.653, 38.27]
Ecut           = 20
fft_size       = (25, 25, 120)
kgrid          = [3, 3, 1]
irreducible k  = 9
n_bands        = 36
n_electr       = 60
mixing         = SimpleMixing(0.0354)
n     Free energy       Eₙ-Eₙ₋₁     ρout-ρin   Diag
---   ---------------   ---------   --------   ----
  1   -41.28287763065         NaN   2.29e-01    17.7 
  2   -41.27432427823    8.55e-03   2.21e-01    7.6 
  3   -41.19945653081    7.49e-02   2.14e-01    6.9 
  4   -41.33345731188   -1.34e-01   7.11e-02    8.8 
  5   -41.28489671707    4.86e-02   4.35e-02    7.6 
  6   -41.40880968047   -1.24e-01   2.85e-02    8.6 
  7   -41.44380224622   -3.50e-02   2.15e-02    7.9 
  8   -41.44037407582    3.43e-03   1.65e-02    8.6 
  9   -41.44029701721    7.71e-05   1.45e-02    6.9 
 10   -41.44356652608   -3.27e-03   9.86e-03    7.7 
 11   -41.44310273627    4.64e-04   1.13e-02    5.6 
 12   -41.44556175941   -2.46e-03   5.67e-03    8.6 
 13   -41.44653711152   -9.75e-04   5.22e-03    7.6 
 14   -41.44616217838    3.75e-04   4.39e-03    7.7 
 15   -41.44705621790   -8.94e-04   1.41e-03    9.4 
 16   -41.44707730847   -2.11e-05   1.19e-03    8.4 
 17   -41.44712342228   -4.61e-05   5.51e-04    10.9 
 18   -41.44713291320   -9.49e-06   3.04e-04    8.1 
 19   -41.44713373485   -8.22e-07   2.46e-04    8.8 
 20   -41.44713354494    1.90e-07   1.17e-04    10.3 
 21   -41.44713389811   -3.53e-07   6.78e-05    10.3 
 22   -41.44713391415   -1.60e-08   6.21e-05    7.6 
 23   -41.44713393802   -2.39e-08   2.41e-05    10.4 
 24   -41.44713393829   -2.70e-10   2.17e-05    7.0 
 25   -41.44713393907   -7.85e-10   1.32e-05    9.9 
 26   -41.44713393948   -4.00e-10   1.17e-05    7.4 
 27   -41.44713393698    2.50e-09   9.24e-06    10.3 
 28   -41.44713393981   -2.83e-09   5.28e-06    10.0 
 29   -41.44713394034   -5.35e-10   3.82e-06    9.1 
 30   -41.44713394045   -1.09e-10   1.92e-06    9.4 
 31   -41.44713394045    3.22e-12   1.69e-06    8.3 
Energy breakdown:
    Kinetic             17.3550663
    AtomicLocal         6.8847372 
    AtomicNonlocal      7.9582721 
    Ewald               -53.9147829
    PspCorrection       -3.7611666
    Hartree             0.0821567 
    Xc                  -16.0506572
    Entropy             -0.0007595

    total               -41.447133940446

 ──────────────────────────────────────────────────────────────────────────────
                                       Time                   Allocations      
                               ──────────────────────   ───────────────────────
       Tot / % measured:             366s / 100%             175GiB / 100%     

 Section               ncalls     time   %tot     avg     alloc   %tot      avg
 ──────────────────────────────────────────────────────────────────────────────
 self_consistent_field      1     365s   100%    365s    175GiB  100%    175GiB
   LOBPCG                 279     338s  92.5%   1.21s    152GiB  86.7%   558MiB
     Hamiltonian mu...  2.74k     100s  27.3%  36.5ms   22.8GiB  13.0%  8.52MiB
     rayleigh_ritz      2.46k    64.8s  17.7%  26.4ms   1.08GiB  0.62%   461KiB
     block multipli...  13.6k    56.1s  15.3%  4.12ms   43.4GiB  24.8%  3.27MiB
     ortho              10.6k    40.5s  11.1%  3.83ms   27.5GiB  15.7%  2.66MiB
   energy_hamiltonian      63    12.9s  3.53%   205ms   8.67GiB  4.95%   141MiB
   compute_density         31    5.32s  1.45%   172ms   13.4GiB  7.62%   441MiB
   QR orthonormaliz...    279    370ms  0.10%  1.33ms    257MiB  0.14%   943KiB
   mixing Simple           31   37.1ms  0.01%  1.20ms    161MiB  0.09%  5.19MiB
 PlaneWaveBasis             1    697ms  0.19%   697ms    297MiB  0.17%   297MiB
   Instantiation At...      1    414ms  0.11%   414ms    183MiB  0.10%   183MiB
   Instantiation Ewald      1    212ms  0.06%   212ms   90.4MiB  0.05%  90.4MiB
   Instantiation At...      1   55.3ms  0.02%  55.3ms   4.02MiB  0.00%  4.02MiB
   build_kpoints            1   12.8ms  0.00%  12.8ms   11.0MiB  0.01%  11.0MiB
   Instantiation Ha...      1   1.20ms  0.00%  1.20ms   1.72MiB  0.00%  1.72MiB
   Instantiation Ki...      1    435μs  0.00%   435μs    675KiB  0.00%   675KiB
   Instantiation Ps...      1   91.0μs  0.00%  91.0μs      928B  0.00%     928B
   Instantiation Xc         1   2.90μs  0.00%  2.90μs     32.0B  0.00%    32.0B
   Instantiation En...      1    683ns  0.00%   683ns     16.0B  0.00%    16.0B
 guess_density              1   47.6ms  0.01%  47.6ms   5.15MiB  0.00%  5.15MiB
 spglib_get_symmetry        1   2.44ms  0.00%  2.44ms   28.0KiB  0.00%  28.0KiB
 ──────────────────────────────────────────────────────────────────────────────
