#
#-- Firstrun GaAs n_repeat=40 -- mixing=RestaMixing(0.5, 14, 1.0)
#

hostname       = clustern12

started on     = 2020-07-28T09:17:14.584
julia threads  = 4
BLAS threads   = 4

temperature    = 0.0
smearing       = DFTK.Smearing.None()
lattice        = [0.0 5.341 213.7; 5.341 0.0 213.7; 5.341 5.341 0.0]
Ecut           = 20
fft_size       = (25, 25, 960)
kgrid          = [4, 4, 1]
irreducible k  = 16
n_bands        = 173
n_electr       = 320
mixing         = RestaMixing(0.5, 14, 1.0)
n     Energy            Eₙ-Eₙ₋₁     ρout-ρin   Diag
---   ---------------   ---------   --------   ----
  1   -322.8585134772         NaN   3.88e+00    36.3 
  2   -335.7187598413   -1.29e+01   2.13e+00    32.8 
  3   -341.0852892776   -5.37e+00   6.70e-01    58.1 
  4   -341.2274855661   -1.42e-01   2.93e-01    62.0 
  5   -341.3144810375   -8.70e-02   8.30e-02    32.2 
  6   -341.3181981088   -3.72e-03   1.94e-02    42.9 
  7   -341.3191311112   -9.33e-04   6.49e-03    27.1 
  8   -341.3191866759   -5.56e-05   1.14e-03    24.8 
  9   -341.3192003004   -1.36e-05   5.35e-04    29.6 
 10   -341.3192005477   -2.47e-07   2.08e-04    20.9 
 11   -341.3192006337   -8.61e-08   5.91e-05    24.4 
 12   -341.3192006390   -5.31e-09   3.15e-05    19.7 
 13   -341.3192006407   -1.70e-09   1.04e-05    20.1 
 14   -341.3192006409   -1.88e-10   2.31e-06    19.0 
 15   -341.3192006409   -7.79e-12   7.12e-07    15.3 
Energy breakdown:
    Kinetic             128.2711000
    AtomicLocal         -123.6089560
    AtomicNonlocal      40.6651996
    Ewald               -336.8794346
    PspCorrection       15.1247388
    Hartree             31.5812325
    Xc                  -96.4730809

    total               -341.319200640921

 ──────────────────────────────────────────────────────────────────────────────
                                       Time                   Allocations      
                               ──────────────────────   ───────────────────────
       Tot / % measured:           23195s / 100%            3754GiB / 100%     

 Section               ncalls     time   %tot     avg     alloc   %tot      avg
 ──────────────────────────────────────────────────────────────────────────────
 self_consistent_field      1   23156s   100%  23156s   3727GiB  99.3%  3727GiB
   LOBPCG                 240   19681s  84.9%   82.0s   3237GiB  86.2%  13.5GiB
     Hamiltonian mu...  7.68k    8860s  38.2%   1.15s    621GiB  16.5%  82.7MiB
     block multipli...  43.4k    4428s  19.1%   102ms    877GiB  23.4%  20.7MiB
     rayleigh_ritz      7.44k    1685s  7.26%   226ms   13.8GiB  0.37%  1.90MiB
     ortho              31.0k    1415s  6.10%  45.6ms    551GiB  14.7%  18.2MiB
   energy_hamiltonian      31    2994s  12.9%   96.6s   92.0GiB  2.45%  2.97GiB
   compute_density         15     255s  1.10%   17.0s    385GiB  10.2%  25.6GiB
   QR orthonormaliz...    240    34.7s  0.15%   145ms   10.8GiB  0.29%  46.0MiB
   mixing Resta            15    169ms  0.00%  11.2ms    275MiB  0.01%  18.3MiB
 PlaneWaveBasis             1    37.2s  0.16%   37.2s   27.0GiB  0.72%  27.0GiB
   Instantiation Ewald      1    20.4s  0.09%   20.4s   10.5GiB  0.28%  10.5GiB
   Instantiation At...      1    15.4s  0.07%   15.4s   16.2GiB  0.43%  16.2GiB
   Instantiation At...      1    1.32s  0.01%   1.32s   41.2MiB  0.00%  41.2MiB
   build_kpoints            1    144ms  0.00%   144ms    128MiB  0.00%   128MiB
   Instantiation Ha...      1   20.4ms  0.00%  20.4ms   13.7MiB  0.00%  13.7MiB
   Instantiation Ki...      1   9.77ms  0.00%  9.77ms   6.37MiB  0.00%  6.37MiB
   Instantiation Ps...      1    121μs  0.00%   121μs   1.64KiB  0.00%  1.64KiB
   Instantiation Xc         1   3.01μs  0.00%  3.01μs     32.0B  0.00%    32.0B
 guess_density              1    1.21s  0.01%   1.21s   59.5MiB  0.00%  59.5MiB
 spglib_get_symmetry        1   4.97ms  0.00%  4.97ms    179KiB  0.00%   179KiB
 ──────────────────────────────────────────────────────────────────────────────
