#
#-- optimal_damping GaAs n_repeat=40 -- mixing=RestaMixing(1.0, 2.4, 1.0)
#

Starting Arnoldi (now = 2020-07-29T14:21:12.847 ...

#--- 1 ---#
idcs      evals   residnorms   |P(X)|
  1    0.987304    0.101503  3.80345e-16

#--- 2 ---#
idcs      evals   residnorms   |P(X)|
  1    0.986965   0.0366933  3.80247e-16
  2      5.2257     1.53261  3.66158e-16

#--- 3 ---#
idcs      evals   residnorms   |P(X)|
  1    0.986837   0.0369085  3.80353e-16
  2     2.93933       1.974  3.60066e-16
  3     6.46526     1.41354  3.71525e-16

#--- 4 ---#
idcs      evals   residnorms   |P(X)|
  1    0.983713    0.126345  3.79509e-16
  2     1.13239     0.72961  3.72521e-16
  3     4.99942    0.658207  3.55893e-16
  4     7.33162    0.635457  3.6758e-16

#--- 5 ---#
idcs      evals   residnorms   |P(X)|
  1    0.911066    0.288331  3.73604e-16
  2     0.99302    0.094033  3.8046e-16
  3     3.80244     1.03855  3.48078e-16
  4     5.27934    0.540105  3.63785e-16
  5     7.46412    0.237226  3.61701e-16

#--- 6 ---#
idcs      evals   residnorms   |P(X)|
  1    0.860211    0.198301  3.73939e-16
  2    0.990569   0.0413341  3.80405e-16
  3     2.46797     1.05782  3.5244e-16
  4     4.44799    0.710936  3.54199e-16
  5     5.48015    0.420545  3.66453e-16
  6     7.47855   0.0853313  3.61376e-16

#--- 7 ---#
idcs      evals   residnorms   |P(X)|
  1    0.835583    0.165502  3.75086e-16
  2    0.989819   0.0318419  3.8109e-16
  3     1.87066    0.908355  3.5882e-16
  4     3.75221     1.09462  3.45518e-16
  5     4.93972    0.889502  3.57295e-16
  6     5.63643    0.625586  3.58085e-16
  7     7.48039   0.0470127  3.70382e-16

#--- 8 ---#
idcs      evals   residnorms   |P(X)|
  1     0.81663    0.181775  3.74186e-16
  2    0.989075   0.0394838  3.8108e-16
  3     1.38467    0.780339  3.68066e-16
  4     2.76489    0.906929  3.50395e-16
  5     4.34789    0.600042  3.51191e-16
  6     5.34111    0.491848  3.61851e-16
  7     6.04169    0.784273  3.48404e-16
  8      7.4816   0.0267515  3.62327e-16

#--- 9 ---#
idcs      evals   residnorms   |P(X)|
  1    0.787229    0.224096  3.72846e-16
  2    0.987117   0.0826129  3.80001e-16
  3     1.09606    0.540434  3.74457e-16
  4     2.28311    0.723329  3.53799e-16
  5     3.73497    0.894524  3.52148e-16
  6     4.66661    0.660499  3.52885e-16
  7     5.44743    0.353878  3.65212e-16
  8     6.36318    0.580094  3.50816e-16
  9     7.48164   0.0148019  3.68255e-16

#--- 10 ---#
idcs      evals   residnorms   |P(X)|
  1    0.761835    0.218276  3.73573e-16
  2     0.97138    0.264313  3.76639e-16
  3     1.00251    0.231627  3.78593e-16
  4     2.06144    0.627037  3.52585e-16
  5     3.22283     0.89785  3.50717e-16
  6     4.39509    0.677871  3.60605e-16
  7     5.23442    0.806043  3.56725e-16
  8     5.71744    0.933283  3.60803e-16
  9     6.64066      0.8691  3.58475e-16
 10     7.48185   0.0156296  3.53564e-16

#--- 11 ---#
idcs      evals   residnorms   |P(X)|
  1     0.74375    0.141202  3.71475e-16
  2    0.934438    0.176776  3.77024e-16
  3    0.993245   0.0531047  3.80223e-16
  4     1.84247    0.486274  3.5406e-16
  5     2.70401    0.620408  3.48793e-16
  6     3.93698    0.604452  3.51676e-16
  7     4.66244    0.459435  3.54157e-16
  8     5.44475    0.245502  3.64708e-16
  9     6.20971    0.480102  3.51602e-16
 10     7.29893    0.801406  3.60204e-16
 11     7.48212   0.0427158  3.61528e-16

#--- 12 ---#
idcs      evals   residnorms   |P(X)|
  1    0.728197    0.112027  3.72772e-16
  2    0.910312    0.139257  3.76934e-16
  3    0.991638   0.0323627  3.80611e-16
  4     1.52779    0.528886  3.63746e-16
  5     2.21657    0.488807  3.50334e-16
  7     4.13828    0.344446  3.50117e-16
  8     4.79756    0.262177  3.52299e-16
  9      5.4554      0.1017  3.62107e-16
 10     6.27935     0.13959  3.4529e-16
 11     7.44971    0.190872  3.58971e-16
 12     7.48493   0.0568317  3.56306e-16

#--- 13 ---#
idcs      evals   residnorms   |P(X)|
  1    0.722734   0.0887171  3.71545e-16
  2    0.890277    0.121669  3.75857e-16
  3    0.990774   0.0269662  3.80677e-16
  4     1.27804     0.40049  3.68208e-16
  5     2.01322     0.36592  3.46879e-16
  8      4.2654    0.316063  3.60725e-16
  9     4.83784    0.183018  3.45334e-16
 10     5.46471   0.0492589  3.608e-16
 11     6.28513    0.047222  3.44485e-16
 12     7.46015   0.0450893  3.61554e-16
 13      7.4857   0.0193788  3.57109e-16

#--- 14 ---#
idcs      evals   residnorms   |P(X)|
  1     0.71426   0.0876079  3.73393e-16
  2    0.873782    0.142387  3.75607e-16
  3    0.989724   0.0398981  3.80429e-16
  4     1.12178    0.383717  3.70312e-16
  5     1.75537    0.506387  3.62122e-16
  9     4.33835    0.245541  3.57062e-16
 10     4.86012     0.10364  3.52233e-16
 11     5.46457   0.0197804  3.57492e-16
 12     6.28575   0.0136508  3.54574e-16
 13     7.46007  0.00949086  3.58241e-16
 14     7.48588  0.00407088  3.59426e-16

#--- 15 ---#
idcs      evals   residnorms   |P(X)|
  1    0.704324   0.0960187  3.74232e-16
  2    0.833354    0.186226  3.75473e-16
  3    0.968928    0.200588  3.77233e-16
  4    0.996843      0.1118  3.80066e-16
  5     1.49598     0.33405  3.60598e-16
 10     4.38341     0.13718  3.62383e-16
 11     4.86461   0.0425006  3.35173e-16
 12     5.46475  0.00582612  3.73711e-16
 13     6.28587  0.00298498  3.45872e-16
 14     7.46014  0.00154345  3.61666e-16
 15     7.48585  0.000659308  3.58581e-16

#--- 16 ---#
idcs      evals   residnorms   |P(X)|
  1    0.699893    0.101628  3.7152e-16
  2    0.811984    0.188278  3.74086e-16
  3    0.948397    0.177947  3.76953e-16
  4    0.993434   0.0539052  3.80934e-16
  5     1.42676    0.351103  3.62747e-16
 11     4.41326    0.343362  3.6281e-16
 12     4.86599   0.0633117  3.49045e-16
 13      5.4649  0.00558338  3.65888e-16
 14     6.28584  0.00196475  3.45066e-16
 15     7.46015  0.000708977  3.68136e-16
 16     7.48585  0.000301089  3.64179e-16

#--- 17 ---#
idcs      evals   residnorms   |P(X)|
  1    0.695493   0.0591238  3.71537e-16
  2    0.800173    0.108527  3.7394e-16
  3     0.93366   0.0974839  3.79153e-16
  4    0.992385   0.0236863  3.80824e-16
  5     1.35893    0.258719  3.6748e-16
 12     4.86436   0.0323132  3.43728e-16
 13     5.46492   0.0077548  3.6273e-16
 14     5.98288     1.00933  3.4669e-16
 15     6.28589   0.0054391  3.4292e-16
 16     7.46014  0.000450111  3.62239e-16
 17     7.48585  0.00018813  3.63792e-16

#--- 18 ---#
idcs      evals   residnorms   |P(X)|
  1    0.690362    0.074866  3.73595e-16
  2    0.787136    0.141172  3.73589e-16
  3    0.920315    0.144828  3.78872e-16
  4    0.991597   0.0363133  3.80105e-16
  5     1.18605    0.475047  3.68725e-16
 13     4.86498   0.0102938  3.46662e-16
 14      5.4648  0.00162031  3.71426e-16
 15     6.24597    0.263034  3.51015e-16
 16      6.2859   0.0102937  3.4324e-16
 17     7.46015  0.00010574  3.59879e-16
 18     7.48585  4.38276e-05  3.63494e-16

#--- 19 ---#
idcs      evals   residnorms   |P(X)|
  1    0.685901   0.0712731  3.7323e-16
  2    0.778232    0.140354  3.71231e-16
  3    0.901965    0.168124  3.77857e-16
  4    0.990301   0.0537005  3.80324e-16
  5     1.06383    0.354818  3.72995e-16
 14     4.86486   0.0130676  3.45393e-16
 15     5.46481    0.001259  3.67715e-16
 16     6.27645     0.14275  3.4796e-16
 17     6.28604   0.0233016  3.40073e-16
 18     7.46015  4.01716e-05  3.58009e-16
 19     7.48585  1.65289e-05  3.58874e-16

#--- 20 ---#
idcs      evals   residnorms   |P(X)|
  1    0.682928   0.0502848  3.76526e-16
  2    0.767171   0.0979309  3.73439e-16
  3    0.884478    0.127098  3.77661e-16
  4     0.98661   0.0825993  3.78841e-16
  5     1.01112    0.164804  3.7565e-16
 15     5.17646    0.853265  3.70957e-16
 16      5.4648  0.00285127  3.66162e-16
 17     6.28393   0.0742476  3.44049e-16
 18     6.28731   0.0636453  3.38793e-16
 19     7.46015  1.57383e-05  3.58885e-16
 20     7.48585  6.41477e-06  3.59381e-16

#--- 21 ---#
idcs      evals   residnorms   |P(X)|
  1    0.679935   0.0549813  3.75115e-16
  2    0.755311    0.107528  3.75567e-16
  3    0.863291    0.149077  3.77684e-16
  4    0.966656    0.148838  3.77687e-16
  5    0.994828   0.0620298  3.80546e-16
 16     5.43979    0.253897  3.55955e-16
 17     5.46491  0.00926065  3.5989e-16
 18     6.28548  0.00882015  3.44691e-16
 19     6.29082   0.0288276  3.44714e-16
 20     7.46015  3.05387e-06  3.63212e-16
 21     7.48585  1.23662e-06  3.60108e-16

#--- 22 ---#
idcs      evals   residnorms   |P(X)|
  1    0.677281   0.0441558  3.76841e-16
  2    0.740324   0.0824147  3.75706e-16
  3    0.838654    0.108414  3.74255e-16
  4     0.94291   0.0955153  3.78399e-16
  5    0.992507   0.0243164  3.80341e-16
 17     5.46155   0.0631904  3.69304e-16
 18     5.46465   0.0170974  3.66981e-16
 19     6.28546  0.00165641  3.49544e-16
 20     6.29101  0.00558693  3.38713e-16
 21     7.46015  4.3791e-07  3.6538e-16
 22     7.48585  1.76335e-07  3.54461e-16

#--- 23 ---#
idcs      evals   residnorms   |P(X)|
  1    0.674905   0.0468489  3.81708e-16
  2    0.735822   0.0868134  3.72191e-16
  3    0.829747    0.117987  3.74825e-16
  4    0.935359    0.108142  3.78452e-16
  5    0.992049   0.0276946  3.80582e-16
 18     5.46302   0.0259869  3.64729e-16
 19     5.46523   0.0128693  3.64942e-16
 20     6.28546  0.000578023  3.53857e-16
 21     6.29095  0.00192286  3.43085e-16
 22     7.46015  1.14203e-07  3.56509e-16
 23     7.48585  4.57448e-08  3.63727e-16

#--- 24 ---#
idcs      evals   residnorms   |P(X)|
  1    0.672746   0.0423368  3.80425e-16
  2    0.729684   0.0773943  3.74293e-16
  3    0.819283    0.109798  3.7536e-16
  4    0.924037    0.111622  3.77835e-16
  5    0.991236   0.0330518  3.80518e-16
 19     5.46337    0.020312  3.69683e-16
 20     5.46532   0.0123238  3.706e-16
 21     6.28546  0.000286249  3.39282e-16
 22     6.29097  0.000953517  3.4042e-16
 23     7.46015  3.72707e-08  3.61785e-16
 24     7.48585  1.48201e-08  3.69101e-16

#--- 25 ---#
idcs      evals   residnorms   |P(X)|
  1    0.670783   0.0352517  3.74683e-16
  2    0.720566   0.0616629  3.7192e-16
  3    0.807862   0.0939588  3.73004e-16
  4    0.903352    0.117717  3.78262e-16
  5    0.985757   0.0954912  3.7903e-16
 20     5.46387   0.0090058  3.56191e-16
 21     5.46504   0.0063862  3.61859e-16
 22     6.28546  6.86437e-05  3.48895e-16
 23     6.29097  0.000228123  3.38863e-16
 24     7.46015  6.13061e-09  3.64667e-16
 25     7.48585  2.422e-09  3.55573e-16

#--- 26 ---#
idcs      evals   residnorms   |P(X)|
  1    0.669238   0.0344958  3.77724e-16
  2    0.715014   0.0613974  3.73627e-16
  3    0.793524   0.0951579  3.71766e-16
  4    0.883996    0.122211  3.76429e-16
  5    0.965069    0.117513  3.77976e-16
 21     5.46368  0.00175704  3.73469e-16
 22     5.46534  0.00125763  3.63202e-16
 23     6.28546  1.16158e-05  3.54028e-16
 24     6.29096  3.85237e-05  3.42228e-16
 25     7.46015  8.00427e-10  3.55926e-16
 26     7.48585  3.14679e-10  3.61571e-16

#--- 27 ---#
idcs      evals   residnorms   |P(X)|
  1    0.668217   0.0358853  3.75541e-16
  2    0.713346   0.0693653  3.73212e-16
  3    0.781925    0.111781  3.72746e-16
  4    0.867859     0.13489  3.76326e-16
  5    0.951388     0.11921  3.78619e-16
 22     5.46372  0.000613974  3.65817e-16
 23     5.46529  0.000437924  3.6855e-16
 24     6.28546  3.09139e-06  3.41665e-16
 25     6.29096  1.02388e-05  3.36073e-16
 26     7.46015  1.62741e-10  3.60055e-16
 27     7.48585  6.36525e-11  3.60179e-16

#--- 28 ---#
idcs      evals   residnorms   |P(X)|
  1     0.66746   0.0206611  3.81898e-16
  2    0.709106   0.0397497  3.71611e-16
  3    0.772869   0.0611583  3.71421e-16
  4    0.857871   0.0719143  3.75136e-16
  5    0.941829   0.0638381  3.78613e-16
 23     5.46371  0.000345819  3.63468e-16
 24     5.46529  0.000246209  3.71617e-16
 25     6.28546  1.12306e-06  3.49719e-16
 26     6.29096  3.71089e-06  3.45081e-16
 27     7.46015  3.96316e-11  3.59766e-16
 28     7.48585  1.53915e-11  3.6256e-16

#--- 29 ---#
idcs      evals   residnorms   |P(X)|
  1    0.666741   0.0219079  3.75952e-16
  2    0.706341   0.0449649  3.73442e-16
  3    0.764966   0.0729105  3.73705e-16
  4    0.846083   0.0916869  3.735e-16
  5    0.931454   0.0981202  3.78093e-16
 24     5.46371  6.45617e-05  3.76695e-16
 25     5.46529  4.59652e-05  3.79925e-16
 26     6.28546  1.59847e-07  3.4286e-16
 27     6.29096  5.27391e-07  3.41994e-16
 28     7.46015  4.32727e-12  3.58271e-16
 29     7.48585  1.6727e-12  3.53372e-16

#--- 30 ---#
idcs      evals   residnorms   |P(X)|
  1     0.66562   0.0245786  3.78824e-16
  2    0.702002   0.0537183  3.73598e-16
  3    0.754943   0.0934268  3.76587e-16
  4    0.824968    0.126968  3.73276e-16
  5    0.900592    0.147434  3.78114e-16
 25     5.46371  1.09718e-05  3.65539e-16
 26     5.46529  7.80717e-06  3.64047e-16
 27     6.28546  2.19082e-08  3.51377e-16
 28     6.29096  7.21903e-08  3.48975e-16
 29     7.46015  4.6631e-13  3.55155e-16
 30     7.48585  1.80792e-13  3.61186e-16

#--- 31 ---#
idcs      evals   residnorms   |P(X)|
  1    0.665251   0.0134156  3.79896e-16
  2    0.700852    0.030484  3.70742e-16
  3    0.750476   0.0529343  3.75226e-16
  4    0.816722   0.0681719  3.72537e-16
  5    0.891293   0.0728458  3.77944e-16
 26     5.46371  5.53737e-06  3.73292e-16
 27     5.46529  3.93713e-06  3.78801e-16
 28     6.28546  7.91615e-09  3.47024e-16
 29     6.29096  2.60354e-08  3.41615e-16
 30     7.46015  1.20803e-13  3.60371e-16
 31     7.48585  4.74938e-14  3.53858e-16

#--- 32 ---#
idcs      evals   residnorms   |P(X)|
  1    0.664996    0.014369  3.86045e-16
  2    0.699037    0.035403  3.71499e-16
  3    0.746143   0.0665091  3.73937e-16
  4    0.804638   0.0863619  3.73429e-16
  5    0.880634   0.0931268  3.7758e-16
 27     5.46371  9.94567e-07  3.80402e-16
 28     5.46529  7.06713e-07  3.70229e-16
 29     6.28546  1.08635e-09  3.54426e-16
 30     6.29096  3.5675e-09  3.4602e-16
 31     7.46015  1.531e-14  3.64506e-16
 32     7.48585  6.86713e-15  3.60979e-16

 ──────────────────────────────────────────────────────────────────────────────
                                       Time                   Allocations      
                               ──────────────────────   ───────────────────────
       Tot / % measured:           268969s / 100%          358386GiB / 100%    

 Section               ncalls     time   %tot     avg     alloc   %tot      avg
 ──────────────────────────────────────────────────────────────────────────────
 apply_χ0                  32   268790s   100%   8400s   358306GiB100%   11197GiB
   Hamiltonian mult...   525k   53822s  20.0%   102ms   2882GiB  0.80%  5.62MiB
 PlaneWaveBasis             1    33.4s  0.01%   33.4s   27.0GiB  0.01%  27.0GiB
   Instantiation At...      1    16.3s  0.01%   16.3s   16.2GiB  0.00%  16.2GiB
   Instantiation Ewald      1    15.3s  0.01%   15.3s   10.5GiB  0.00%  10.5GiB
   Instantiation At...      1    1.40s  0.00%   1.40s   41.2MiB  0.00%  41.2MiB
   build_kpoints            1    147ms  0.00%   147ms    128MiB  0.00%   128MiB
   Instantiation Ha...      1   14.3ms  0.00%  14.3ms   13.7MiB  0.00%  13.7MiB
   Instantiation Ki...      1   4.34ms  0.00%  4.34ms   6.37MiB  0.00%  6.37MiB
   Instantiation Ps...      1    113μs  0.00%   113μs   1.64KiB  0.00%  1.64KiB
   Instantiation Xc         1   4.07μs  0.00%  4.07μs     32.0B  0.00%    32.0B
 mixing Resta              32    1.18s  0.00%  36.9ms    945MiB  0.00%  29.5MiB
 spglib_get_symmetry        1   5.16ms  0.00%  5.16ms    180KiB  0.00%   180KiB
 ──────────────────────────────────────────────────────────────────────────────
