#
#-- optimal_damping GaAs n_repeat=40 -- mixing=SimpleMixing(1.0)
#

Starting Arnoldi (now = 2020-07-29T14:14:40.525 ...

#--- 1 ---#
idcs      evals   residnorms   |P(X)|
  1    0.999424    0.257815  3.79934e-16

#--- 2 ---#
idcs      evals   residnorms   |P(X)|
  1    0.999287   0.0414053  3.79524e-16
  2     16.9205     2.55727  3.53362e-16

#--- 3 ---#
idcs      evals   residnorms   |P(X)|
  1     0.99905   0.0298203  3.80203e-16
  2     7.72513     4.90153  3.54441e-16
  3     17.4468     1.34078  3.57174e-16

#--- 4 ---#
idcs      evals   residnorms   |P(X)|
  1    0.998889   0.0260807  3.80455e-16
  2     3.36881     2.51655  3.54028e-16
  3     12.6887     2.63288  3.49531e-16
  4     17.8113    0.696672  3.64322e-16

#--- 5 ---#
idcs      evals   residnorms   |P(X)|
  1    0.998763   0.0209532  3.79811e-16
  2     2.33183     1.47614  3.5322e-16
  3     8.42246     2.96799  3.47204e-16
  4      14.272     1.82534  3.4149e-16
  5     17.8267    0.380724  3.60882e-16

#--- 6 ---#
idcs      evals   residnorms   |P(X)|
  1    0.998678   0.0191584  3.80764e-16
  2     1.83817     1.09087  3.62884e-16
  3     5.19491     2.27937  3.46967e-16
  4     10.7618     1.92728  3.53132e-16
  5     14.7863     0.99553  3.41681e-16
  6     17.8713     0.14999  3.60111e-16

#--- 7 ---#
idcs      evals   residnorms   |P(X)|
  1    0.998595   0.0163783  3.80601e-16
  2     1.56425    0.760054  3.59415e-16
  3     3.84722     1.53939  3.37491e-16
  4     8.10002     2.10171  3.49556e-16
  5     11.8015     1.44159  3.45806e-16
  6     14.9849    0.527231  3.38019e-16
  7      17.864   0.0532135  3.61596e-16

#--- 8 ---#
idcs      evals   residnorms   |P(X)|
  1    0.998543   0.0176887  3.80615e-16
  2      1.4628    0.766463  3.66708e-16
  3     3.30094     1.75547  3.46956e-16
  4     6.41438     3.01807  3.46568e-16
  5     10.0468     3.07165  3.52065e-16
  6     12.5377     2.35318  3.48348e-16
  7     15.0273    0.554921  3.58978e-16
  8     17.8681   0.0339764  3.62491e-16

#--- 9 ---#
idcs      evals   residnorms   |P(X)|
  1    0.998488   0.0195746  3.80917e-16
  2     1.33571    0.722347  3.66253e-16
  3     2.63033     1.53045  3.53589e-16
  4     4.80599     1.79051  3.39398e-16
  5     8.50886     1.63464  3.4917e-16
  6     11.7322     1.25375  3.40626e-16
  7     14.8542     1.23929  3.42188e-16
  8     15.8667     2.93082  3.46672e-16
  9      17.866   0.0438813  3.60699e-16

#--- 10 ---#
idcs      evals   residnorms   |P(X)|
  1    0.998399   0.0171056  3.80558e-16
  2     1.25674    0.538581  3.697e-16
  3     2.27171     1.00343  3.53155e-16
  4     4.27345     1.17151  3.40072e-16
  5     7.59174     1.91724  3.46136e-16
  6     10.1379     2.40911  3.45912e-16
  7     12.2075     1.38537  3.52952e-16
  8     14.9831    0.383075  3.41514e-16
  9     17.4482     1.91058  3.55499e-16
 10      17.871    0.109691  3.58249e-16

#--- 11 ---#
idcs      evals   residnorms   |P(X)|
  1    0.998293   0.0204262  3.80257e-16
  2     1.15209    0.430521  3.71487e-16
  3     1.95922    0.712194  3.56439e-16
  4     3.62429     1.10699  3.39971e-16
  5     5.36005     1.37826  3.45971e-16
  6     8.34747    0.821343  3.50061e-16
  7     11.2391    0.864202  3.41744e-16
  8     12.8025    0.903868  3.56141e-16
  9     15.0032    0.143419  3.46375e-16
 10     17.8539    0.323916  3.58495e-16
 11     17.8971    0.461209  3.60376e-16

#--- 12 ---#
idcs      evals   residnorms   |P(X)|
  1    0.998086   0.0287487  3.80439e-16
  2       1.091    0.391015  3.7221e-16
  3     1.79708    0.653222  3.61832e-16
  4     3.09778     1.17901  3.43815e-16
  5     4.60624     1.22299  3.47611e-16
  7     8.66102     1.03842  3.46163e-16
  8     11.3881    0.493302  3.39933e-16
  9      12.937    0.453722  3.53898e-16
 10      15.006   0.0536999  3.36517e-16
 11     17.8564    0.059902  3.60918e-16
 12     17.9169    0.128566  3.63416e-16

#--- 13 ---#
idcs      evals   residnorms   |P(X)|
  1    0.997733   0.0397654  3.80092e-16
  2     1.04693    0.297215  3.74893e-16
  3     1.66833    0.533205  3.60727e-16
  4     2.60308    0.881548  3.58018e-16
  5     4.07535    0.869272  3.48548e-16
  8     9.70416     1.56609  3.48953e-16
  9     11.4625    0.410731  3.40812e-16
 10     12.9842      0.2476  3.76127e-16
 11     15.0065   0.0197897  3.48049e-16
 12     17.8567   0.0146607  3.57146e-16
 13     17.9191   0.0325603  3.59783e-16

 ──────────────────────────────────────────────────────────────────────────────
                                       Time                   Allocations      
                               ──────────────────────   ───────────────────────
       Tot / % measured:           103042s / 100%          145174GiB / 100%    

 Section               ncalls     time   %tot     avg     alloc   %tot      avg
 ──────────────────────────────────────────────────────────────────────────────
 apply_χ0                  13   102953s   100%   7919s   145132GiB100%   11164GiB
   Hamiltonian mult...   186k   18584s  18.0%   100ms   1020GiB  0.70%  5.62MiB
 PlaneWaveBasis             1    32.7s  0.03%   32.7s   27.0GiB  0.02%  27.0GiB
   Instantiation At...      1    16.7s  0.02%   16.7s   16.2GiB  0.01%  16.2GiB
   Instantiation Ewald      1    14.1s  0.01%   14.1s   10.5GiB  0.01%  10.5GiB
   Instantiation At...      1    1.59s  0.00%   1.59s   41.2MiB  0.00%  41.2MiB
   build_kpoints            1    140ms  0.00%   140ms    128MiB  0.00%   128MiB
   Instantiation Ha...      1   9.63ms  0.00%  9.63ms   13.7MiB  0.00%  13.7MiB
   Instantiation Ki...      1   4.31ms  0.00%  4.31ms   6.37MiB  0.00%  6.37MiB
   Instantiation Ps...      1    106μs  0.00%   106μs   1.64KiB  0.00%  1.64KiB
   Instantiation Xc         1   4.59μs  0.00%  4.59μs     32.0B  0.00%    32.0B
 mixing Simple             13   7.09ms  0.00%   545μs   2.81KiB  0.00%     222B
 spglib_get_symmetry        1   5.27ms  0.00%  5.27ms    180KiB  0.00%   180KiB
 ──────────────────────────────────────────────────────────────────────────────
