#
#-- optimal_damping GaAs n_repeat=40 -- mixing=KerkerMixing(1.0, 1.0)
#

Starting Arnoldi (now = 2020-07-29T14:05:40.517 ...

#--- 1 ---#
idcs      evals   residnorms   |P(X)|
  1     0.98661    0.101192  3.80161e-16

#--- 2 ---#
idcs      evals   residnorms   |P(X)|
  1  -0.0209438    0.263046  3.73393e-16
  2    0.987134   0.0262869  3.79229e-16

#--- 3 ---#
idcs      evals   residnorms   |P(X)|
  1   0.0513087   0.0636544  3.62872e-16
  2    0.753206    0.190442  3.68177e-16
  3    0.989117   0.0238799  3.79435e-16

#--- 4 ---#
idcs      evals   residnorms   |P(X)|
  1   0.0485847   0.0505381  3.67131e-16
  2    0.382264    0.274275  3.66923e-16
  3    0.874611    0.145147  3.72798e-16
  4    0.990969   0.0258582  3.80335e-16

#--- 5 ---#
idcs      evals   residnorms   |P(X)|
  1   0.0151849   0.0402176  3.6915e-16
  2    0.220137    0.155128  3.63386e-16
  3    0.649989    0.164658  3.66867e-16
  4    0.950933    0.116452  3.7419e-16
  5    0.994884   0.0447999  3.79396e-16

#--- 6 ---#
idcs      evals   residnorms   |P(X)|
  1   0.0250547   0.0440206  3.63059e-16
  2    0.104355    0.106149  3.60685e-16
  3    0.554216    0.204356  3.69355e-16
  4    0.775616    0.168984  3.7177e-16
  5    0.982729   0.0762409  3.77593e-16
  6     1.01072     0.10888  3.77331e-16

#--- 7 ---#
idcs      evals   residnorms   |P(X)|
  1   0.0193317   0.0300029  3.66055e-16
  2   0.0827452   0.0655632  3.63545e-16
  3     0.33707    0.139324  3.74869e-16
  4    0.675839    0.106247  3.69815e-16
  5    0.882111   0.0937441  3.72748e-16
  6    0.990411    0.019684  3.79569e-16
  7     1.08492   0.0977118  3.74542e-16

#--- 8 ---#
idcs      evals   residnorms   |P(X)|
  1   0.0127045   0.0169407  3.67237e-16
  2   0.0829863   0.0397911  3.60696e-16
  3    0.273169    0.120984  3.66499e-16
  4    0.571195     0.19294  3.6774e-16
  5      0.7261    0.141978  3.76974e-16
  6    0.915412   0.0813928  3.76897e-16
  7    0.991582   0.0156499  3.80249e-16
  8     1.11703   0.0675883  3.74679e-16

#--- 9 ---#
idcs      evals   residnorms   |P(X)|
  1   0.0153375   0.0170138  3.62425e-16
  2   0.0664375   0.0443951  3.60649e-16
  3    0.187298    0.128935  3.59663e-16
  4    0.372259    0.125657  3.67444e-16
  5    0.659545   0.0959377  3.68027e-16
  6    0.796084    0.102983  3.71144e-16
  7    0.936428   0.0623919  3.77747e-16
  8     0.99237   0.0123689  3.79731e-16
  9     1.11937   0.0317377  3.76854e-16

#--- 10 ---#
idcs      evals   residnorms   |P(X)|
  1   0.0117755   0.0137641  3.62911e-16
  2   0.0658348   0.0495057  3.69641e-16
  3    0.124863   0.0975323  3.58342e-16
  4    0.317233   0.0915485  3.74338e-16
  5    0.550584    0.160385  3.66944e-16
  6    0.700795    0.114373  3.72095e-16
  7    0.835573   0.0929742  3.71448e-16
  8    0.950025    0.056041  3.78285e-16
  9    0.992924   0.0118015  3.80178e-16
 10     1.11954   0.0173349  3.75929e-16

#--- 11 ---#
idcs      evals   residnorms   |P(X)|
  1   0.0118823   0.0118484  3.66954e-16
  2   0.0528375   0.0426699  3.61612e-16
  3    0.106851   0.0601067  3.5573e-16
  4    0.271752     0.10189  3.68966e-16
  5    0.409743    0.125468  3.77004e-16
  6    0.641899   0.0845985  3.66851e-16
  7     0.76573    0.110519  3.72636e-16
  8    0.880337   0.0919748  3.74819e-16
  9    0.965947   0.0621473  3.78054e-16
 10    0.993741   0.0164438  3.80208e-16
 11     1.12134   0.0105871  3.7472e-16

#--- 12 ---#
idcs      evals   residnorms   |P(X)|
  1   0.0120635   0.0081672  3.71232e-16
  2    0.048127   0.0315081  3.61893e-16
  3   0.0969014   0.0381621  3.58282e-16
  4    0.242686    0.088737  3.69872e-16
  5    0.370601    0.100703  3.7439e-16
  7    0.691907    0.126463  3.73164e-16
  8      0.8117    0.116339  3.72263e-16
  9    0.921881    0.101065  3.77158e-16
 10    0.987051   0.0759766  3.78252e-16
 11    0.999222    0.081407  3.79517e-16
 12      1.1211   0.0100451  3.75841e-16

#--- 13 ---#
idcs      evals   residnorms   |P(X)|
  1   0.0116018  0.00706538  3.71339e-16
  2   0.0454712   0.0299805  3.55436e-16
  3    0.091946   0.0395618  3.58123e-16
  4    0.197083    0.121093  3.64914e-16
  5    0.310347    0.106657  3.65769e-16
  8     0.74701    0.108527  3.74496e-16
  9     0.85419   0.0951558  3.70384e-16
 10    0.945392   0.0737462  3.77582e-16
 11    0.992257   0.0207132  3.8042e-16
 12     1.03543    0.118623  3.75185e-16
 13     1.12135  0.00977385  3.76819e-16

#--- 14 ---#
idcs      evals   residnorms   |P(X)|
  1   0.0108229  0.00598229  3.75106e-16
  2   0.0440568   0.0314597  3.57439e-16
  3   0.0804392   0.0457561  3.61118e-16
  4    0.143521   0.0893456  3.63507e-16
  5    0.270604   0.0726323  3.71326e-16
  9    0.787687     0.07991  3.71507e-16
 10    0.886819   0.0704985  3.73203e-16
 11     0.95982   0.0492971  3.77668e-16
 12    0.993165   0.0114624  3.80598e-16
 13     1.08411   0.0824282  3.73166e-16
 14     1.12291   0.0128205  3.75356e-16

#--- 15 ---#
idcs      evals   residnorms   |P(X)|
  1   0.0115026  0.00457213  3.74077e-16
  2   0.0380875   0.0235206  3.58993e-16
  3   0.0794596   0.0390009  3.60797e-16
  4    0.118343   0.0578627  3.55269e-16
  5    0.256508   0.0614719  3.70154e-16
 10    0.815544    0.076232  3.7075e-16
 11    0.905545   0.0620681  3.75929e-16
 12    0.968288   0.0408914  3.78335e-16
 13    0.993672   0.0101034  3.7998e-16
 14     1.10906   0.0457563  3.73347e-16
 15     1.12468   0.0204556  3.77152e-16

#--- 16 ---#
idcs      evals   residnorms   |P(X)|
  1   0.0112214  0.00253957  3.65438e-16
  2   0.0373325   0.0151667  3.62631e-16
  3   0.0720423   0.0248231  3.65304e-16
  4    0.111708   0.0315201  3.56127e-16
  5    0.231974   0.0606806  3.61004e-16
 11    0.843688   0.0640714  3.73424e-16
 12    0.919622   0.0499634  3.79038e-16
 13    0.974783   0.0315895  3.79255e-16
 14    0.994137  0.00903502  3.80594e-16
 15     1.11341   0.0213336  3.76143e-16
 16     1.12456     0.01264  3.77705e-16

#--- 17 ---#
idcs      evals   residnorms   |P(X)|
  1    0.011148  0.00097745  3.66134e-16
  2   0.0369849  0.00628515  3.57566e-16
  3   0.0704757   0.0110128  3.68129e-16
  4    0.109265   0.0144225  3.64422e-16
  5     0.21931   0.0419636  3.66358e-16
 12    0.866618   0.0704166  3.73362e-16
 13    0.931838   0.0508998  3.76928e-16
 14    0.979497   0.0305725  3.79544e-16
 15    0.994543   0.0101644  3.79954e-16
 16     1.11436   0.0109444  3.72683e-16
 17      1.1248  0.00694497  3.77721e-16

#--- 18 ---#
idcs      evals   residnorms   |P(X)|
  1    0.011141  0.000469755  3.77497e-16
  2   0.0369067  0.00319918  3.52467e-16
  3   0.0703063  0.00607472  3.62249e-16
  4    0.108772  0.00872451  3.5414e-16
  5    0.213859    0.034441  3.58388e-16
 13    0.889593   0.0784668  3.75119e-16
 14    0.946784   0.0626648  3.78359e-16
 15    0.984929    0.040542  3.79734e-16
 16    0.995336    0.018946  3.80264e-16
 17     1.11456  0.00706374  3.7346e-16
 18     1.12531  0.00461111  3.76442e-16

#--- 19 ---#
idcs      evals   residnorms   |P(X)|
  1   0.0111568  0.000258084  3.73055e-16
  2   0.0368131  0.00186729  3.59784e-16
  3   0.0703802  0.00390518  3.68042e-16
  4    0.108278  0.00629851  3.4821e-16
  5    0.209353   0.0391235  3.6452e-16
 14    0.914545   0.0772321  3.77626e-16
 15    0.966746   0.0701906  3.77499e-16
 16    0.992802   0.0318998  3.79414e-16
 17     1.00611   0.0941786  3.7752e-16
 18     1.11458  0.00690524  3.73599e-16
 19     1.12529  0.00427918  3.76265e-16

#--- 20 ---#
idcs      evals   residnorms   |P(X)|
  1   0.0111643  0.000125318  3.62604e-16
  2   0.0367784  0.000979442  3.59785e-16
  3   0.0703914  0.00230821  3.6831e-16
  4    0.108237   0.0044317  3.61273e-16
  5    0.199524   0.0520434  3.61275e-16
 15    0.934185   0.0518435  3.78703e-16
 16    0.978589   0.0356084  3.79113e-16
 17    0.994357   0.0120912  3.80529e-16
 18     1.06014    0.108775  3.74501e-16
 19     1.11469  0.00907637  3.75173e-16
 20      1.1252  0.00498993  3.76959e-16

#--- 21 ---#
idcs      evals   residnorms   |P(X)|
  1   0.0111533  6.09724e-05  3.63251e-16
  2   0.0368359  0.00051399  3.55017e-16
  3   0.0702008  0.00134616  3.69862e-16
  4    0.108393  0.00304615  3.57407e-16
  5    0.186837   0.0525468  3.58904e-16
 16    0.944015   0.0393836  3.77783e-16
 17    0.982422   0.0237952  3.79578e-16
 18    0.994863  0.00894168  3.80542e-16
 19     1.10339   0.0661005  3.75616e-16
 20     1.11585    0.022239  3.74021e-16
 21      1.1259  0.00928492  3.75731e-16

#--- 22 ---#
idcs      evals   residnorms   |P(X)|
  1   0.0111565  2.94875e-05  3.68933e-16
  2   0.0368117  0.000267271  3.53207e-16
  3   0.0702898  0.000787317  3.61807e-16
  4    0.108189  0.00211026  3.52984e-16
  5    0.176257   0.0461492  3.5714e-16
 17    0.951106   0.0408483  3.77317e-16
 18    0.984809   0.0223713  3.80119e-16
 19    0.995248  0.00944671  3.81319e-16
 20     1.11111   0.0207636  3.70079e-16
 21      1.1208   0.0264709  3.7454e-16
 22     1.12619   0.0148345  3.75719e-16

 ──────────────────────────────────────────────────────────────────────────────
                                       Time                   Allocations      
                               ──────────────────────   ───────────────────────
       Tot / % measured:           206091s / 100%          246609GiB / 100%    

 Section               ncalls     time   %tot     avg     alloc   %tot      avg
 ──────────────────────────────────────────────────────────────────────────────
 apply_χ0                  22   205948s   100%   9361s   246551GiB100%   11207GiB
   Hamiltonian mult...   375k   41848s  20.3%   112ms   2058GiB  0.83%  5.62MiB
 PlaneWaveBasis             1    40.9s  0.02%   40.9s   27.0GiB  0.01%  27.0GiB
   Instantiation At...      1    21.6s  0.01%   21.6s   16.2GiB  0.01%  16.2GiB
   Instantiation Ewald      1    17.4s  0.01%   17.4s   10.5GiB  0.00%  10.5GiB
   Instantiation At...      1    1.62s  0.00%   1.62s   41.2MiB  0.00%  41.2MiB
   build_kpoints            1    151ms  0.00%   151ms    128MiB  0.00%   128MiB
   Instantiation Ha...      1   16.9ms  0.00%  16.9ms   13.7MiB  0.00%  13.7MiB
   Instantiation Ki...      1   5.90ms  0.00%  5.90ms   6.37MiB  0.00%  6.37MiB
   Instantiation Ps...      1    151μs  0.00%   151μs   1.64KiB  0.00%  1.64KiB
   Instantiation Xc         1   3.90μs  0.00%  3.90μs     32.0B  0.00%    32.0B
 mixing Kerker             22    800ms  0.00%  36.4ms    657MiB  0.00%  29.9MiB
 spglib_get_symmetry        1   5.63ms  0.00%  5.63ms    180KiB  0.00%   180KiB
 ──────────────────────────────────────────────────────────────────────────────
