#
#-- optimal_damping GaAs n_repeat=40 -- mixing=RestaMixing(1.0, 14, 1.0)
#

Starting Arnoldi (now = 2020-07-29T14:20:54.496 ...

#--- 1 ---#
idcs      evals   residnorms   |P(X)|
  1     0.98669    0.144251  3.80211e-16

#--- 2 ---#
idcs      evals   residnorms   |P(X)|
  1    0.977836    0.166591  3.61512e-16
  2     1.03762    0.176338  3.61716e-16

#--- 3 ---#
idcs      evals   residnorms   |P(X)|
  1    0.684073    0.120258  3.61996e-16
  2    0.987523   0.0578574  3.78702e-16
  3     1.28277   0.0964708  3.55474e-16

#--- 4 ---#
idcs      evals   residnorms   |P(X)|
  1     0.59903   0.0743236  3.60727e-16
  2    0.935486   0.0947863  3.57879e-16
  3     0.99475   0.0775515  3.66746e-16
  4      1.3754   0.0460005  3.56642e-16

#--- 5 ---#
idcs      evals   residnorms   |P(X)|
  1    0.619965    0.106089  3.68548e-16
  2    0.692899     0.12038  3.61958e-16
  3    0.986726   0.0409728  3.78964e-16
  4     1.11824   0.0912672  3.51592e-16
  5     1.36977   0.0286186  3.55166e-16

#--- 6 ---#
idcs      evals   residnorms   |P(X)|
  1    0.567875   0.0774746  3.69105e-16
  2    0.662714   0.0902569  3.64366e-16
  3    0.868046   0.0808361  3.6288e-16
  4    0.990292   0.0281687  3.7924e-16
  5     1.22794    0.062625  3.50662e-16
  6     1.35455   0.0170896  3.59158e-16

#--- 7 ---#
idcs      evals   residnorms   |P(X)|
  1    0.528598    0.051295  3.73593e-16
  2    0.699018   0.0832837         NaN
  3    0.699018   0.0832837         NaN
  4    0.975177   0.0678707  3.69446e-16
  5     1.00603    0.068461  3.65621e-16
  6     1.23659   0.0344942  3.48148e-16
  7     1.35619  0.00680136  3.55498e-16
Warn: Suppressed imaginary part.

#--- 8 ---#
idcs      evals   residnorms   |P(X)|
  1    0.525584    0.034979  3.67753e-16
  2    0.629932   0.0536073  3.66199e-16
  3    0.739606   0.0795026  3.64806e-16
  4    0.862921   0.0907049  3.67933e-16
  5      0.9897   0.0242408  3.80364e-16
  6     1.13449    0.116988  3.62654e-16
  7     1.22225   0.0461829  3.48551e-16
  8     1.36048  0.00401485  3.66153e-16

#--- 9 ---#
idcs      evals   residnorms   |P(X)|
  1    0.520732   0.0335935  3.69781e-16
  2    0.603718   0.0604041  3.68501e-16
  3     0.74181    0.104952         NaN
  4     0.74181    0.104952         NaN
  5    0.955624   0.0905947  3.69521e-16
  6    0.995218   0.0481806  3.77318e-16
  7     1.20318   0.0832598  3.5607e-16
  8     1.20974   0.0752171  3.58948e-16
  9     1.36096  0.00237073  3.68392e-16
Warn: Suppressed imaginary part.

#--- 10 ---#
idcs      evals   residnorms   |P(X)|
  1    0.515831   0.0240458  3.71462e-16
  2    0.592416     0.05894  3.67933e-16
  3    0.670661   0.0733874  3.66156e-16
  4    0.761266   0.0668281  3.57282e-16
  5    0.887983   0.0824872  3.72718e-16
  6    0.990107    0.024457  3.79721e-16
  7     1.10482    0.124941  3.59311e-16
  8      1.2103   0.0747483  3.64077e-16
  9     1.27146    0.117282  3.57412e-16
 10     1.35976  0.00307334  3.63116e-16

#--- 11 ---#
idcs      evals   residnorms   |P(X)|
  1     0.51377    0.021924  3.70609e-16
  2    0.573297   0.0606156  3.66001e-16
  3    0.640018   0.0550459  3.65815e-16
  4    0.776941    0.100612         NaN
  5    0.776941    0.100612         NaN
  6    0.947548   0.0789739  3.73399e-16
  7    0.993349   0.0284852  3.79504e-16
  8     1.15544   0.0665592  3.59034e-16
  9      1.2176   0.0335572  3.57652e-16
 10     1.33081   0.0731586  3.58102e-16
 11     1.35923  0.00488299  3.67729e-16
Warn: Suppressed imaginary part.

#--- 12 ---#
idcs      evals   residnorms   |P(X)|
  1    0.512117   0.0222906  3.69806e-16
  2    0.551564   0.0506751  3.64698e-16
  3    0.632997   0.0500075  3.61297e-16
  4    0.699036   0.0779538  3.70611e-16
  5    0.799771   0.0730869  3.62371e-16
  7    0.988017   0.0377263  3.79851e-16
  8       1.029    0.100449  3.67378e-16
  9     1.17234   0.0584511  3.59196e-16
 10     1.22259   0.0260936  3.48275e-16
 11     1.35081   0.0436731  3.59274e-16
 12     1.35941  0.00803976  3.56091e-16

#--- 13 ---#
idcs      evals   residnorms   |P(X)|
  1    0.508531   0.0263668  3.67753e-16
  2    0.535418   0.0470457  3.62971e-16
  3    0.601913   0.0486785  3.63108e-16
  4    0.664503   0.0493275  3.68476e-16
  5    0.749171   0.0475328  3.62819e-16
  8    0.991366   0.0136778  3.80502e-16
  9     1.09821   0.0639899  3.65504e-16
 10     1.17333   0.0428681  3.68976e-16
 11     1.22879   0.0139793  3.47447e-16
 12     1.35702   0.0153755  3.59954e-16
 13     1.35929  0.00774215  3.59278e-16

#--- 14 ---#
idcs      evals   residnorms   |P(X)|
  1    0.503719   0.0202835  3.65822e-16
  2    0.528098   0.0267492  3.68162e-16
  3    0.585475   0.0330707  3.67818e-16
  4    0.653058   0.0334891  3.65091e-16
  5    0.721135    0.053323  3.70116e-16
  9    0.993075   0.0148835  3.80576e-16
 10     1.11852   0.0326533  3.64789e-16
 11     1.17742     0.02188  3.73243e-16
 12     1.23149  0.00627887  3.46431e-16
 13     1.35649  0.00530071  3.55176e-16
 14     1.36043  0.00201932  3.58616e-16

#--- 15 ---#
idcs      evals   residnorms   |P(X)|
  1    0.502774   0.0164352  3.66351e-16
  2    0.524281    0.019705  3.67002e-16
  3    0.581753   0.0316647  3.67805e-16
  4    0.640543   0.0380773  3.6303e-16
  5    0.708859     0.08292  3.67125e-16
 10      1.0028   0.0811018  3.75563e-16
 11     1.11742   0.0298595  3.62798e-16
 12      1.1833   0.0156092  3.66156e-16
 13     1.23079  0.00412663  3.46154e-16
 14     1.35658  0.00230808  3.59755e-16
 15     1.36037  0.00088529  3.63925e-16

#--- 16 ---#
idcs      evals   residnorms   |P(X)|
  1    0.501149   0.0141135  3.66946e-16
  2    0.522751   0.0175597  3.66175e-16
  3    0.572642   0.0433701  3.7037e-16
  4    0.617552   0.0579261  3.73816e-16
  5    0.666322   0.0516483  3.6163e-16
 11     1.08098   0.0994339  3.64554e-16
 12     1.12594   0.0557487  3.59371e-16
 13     1.18392   0.0164595  3.72108e-16
 14     1.23079  0.00311606  3.49974e-16
 15      1.3567  0.00104774  3.61237e-16
 16      1.3603  0.000407157  3.57994e-16

#--- 17 ---#
idcs      evals   residnorms   |P(X)|
  1    0.500397    0.010102  3.69466e-16
  2     0.52231   0.0148402  3.6548e-16
  3    0.558559   0.0424149  3.65492e-16
  4    0.599174   0.0355497  3.69488e-16
  5    0.652858   0.0251679  3.64102e-16
 12     1.10877   0.0395074  3.59845e-16
 13     1.15441   0.0667315  3.58322e-16
 14      1.1864   0.0232172  3.68884e-16
 15      1.2312  0.00260256  3.49054e-16
 16     1.35669  0.00046348  3.63568e-16
 17     1.36031  0.000177633  3.61271e-16

#--- 18 ---#
idcs      evals   residnorms   |P(X)|
  1     0.50012  0.00728913  3.6649e-16
  2    0.520408   0.0110639  3.71904e-16
  3    0.555146   0.0353665  3.69265e-16
  4    0.590237   0.0279788  3.67615e-16
  5    0.648979   0.0239553  3.58259e-16
 13     1.11818    0.033644  3.58866e-16
 14     1.17112   0.0432043  3.70606e-16
 15      1.1972   0.0437146  3.64852e-16
 16     1.23089  0.00329022  3.43857e-16
 17     1.35668  0.000263924  3.58654e-16
 18     1.36031  9.9617e-05  3.60107e-16

#--- 19 ---#
idcs      evals   residnorms   |P(X)|
  1    0.499785  0.00699442  3.70193e-16
  2    0.519947    0.012905  3.65018e-16
  3    0.547207    0.040712  3.74239e-16
  4    0.588739   0.0435914  3.66703e-16
  5    0.627307   0.0723587  3.62601e-16
 14     1.12439    0.032894  3.62252e-16
 15     1.18018   0.0181854  3.67054e-16
 16     1.21416   0.0467589  3.56224e-16
 17      1.2305  0.00467336  3.53205e-16
 18     1.35668  0.000122521  3.55629e-16
 19     1.36031  4.57259e-05  3.60873e-16

#--- 20 ---#
idcs      evals   residnorms   |P(X)|
  1    0.499592  0.00698753  3.67654e-16
  2    0.519985   0.0209995  3.63025e-16
  3    0.532937    0.043002  3.72585e-16
  4    0.578468   0.0457269  3.59601e-16
  5    0.603189   0.0481795  3.76082e-16
 15     1.13008   0.0319737  3.62093e-16
 16     1.18349  0.00964715  3.69664e-16
 17     1.22426   0.0304186  3.47117e-16
 18     1.23083  0.00647721  3.5622e-16
 19     1.35668  4.77101e-05  3.62661e-16
 20     1.36031  1.76052e-05  3.56549e-16

 ──────────────────────────────────────────────────────────────────────────────
                                       Time                   Allocations      
                               ──────────────────────   ───────────────────────
       Tot / % measured:           160343s / 100%          224020GiB / 100%    

 Section               ncalls     time   %tot     avg     alloc   %tot      avg
 ──────────────────────────────────────────────────────────────────────────────
 apply_χ0                  20   160224s   100%   8011s   223964GiB100%   11198GiB
   Hamiltonian mult...   330k   31611s  19.7%  95.9ms   1810GiB  0.81%  5.62MiB
 PlaneWaveBasis             1    32.5s  0.02%   32.5s   27.0GiB  0.01%  27.0GiB
   Instantiation At...      1    16.2s  0.01%   16.2s   16.2GiB  0.01%  16.2GiB
   Instantiation Ewald      1    14.6s  0.01%   14.6s   10.5GiB  0.00%  10.5GiB
   Instantiation At...      1    1.39s  0.00%   1.39s   41.2MiB  0.00%  41.2MiB
   build_kpoints            1    127ms  0.00%   127ms    128MiB  0.00%   128MiB
   Instantiation Ha...      1   12.3ms  0.00%  12.3ms   13.7MiB  0.00%  13.7MiB
   Instantiation Ki...      1   4.29ms  0.00%  4.29ms   6.37MiB  0.00%  6.37MiB
   Instantiation Ps...      1    106μs  0.00%   106μs   1.64KiB  0.00%  1.64KiB
   Instantiation Xc         1   2.21μs  0.00%  2.21μs     32.0B  0.00%    32.0B
 mixing Resta              20    963ms  0.00%  48.2ms    615MiB  0.00%  30.7MiB
 spglib_get_symmetry        1   5.22ms  0.00%  5.22ms    180KiB  0.00%   180KiB
 ──────────────────────────────────────────────────────────────────────────────
