#
#-- SCF GaAs n_repeat=40 -- mixing=SimpleMixing(0.106)
#

hostname       = clustern13

started on     = 2020-08-17T17:35:34.848
julia threads  = 4
BLAS threads   = 4

temperature    = 0.0
smearing       = DFTK.Smearing.None()
lattice        = [0.0 5.341 213.7; 5.341 0.0 213.7; 5.341 5.341 0.0]
Ecut           = 20
fft_size       = (25, 25, 960)
kgrid          = [4, 4, 1]
irreducible k  = 16
n_bands        = 173
n_electr       = 320
mixing         = SimpleMixing(0.106)
n     Energy            Eₙ-Eₙ₋₁     ρout-ρin   Diag
---   ---------------   ---------   --------   ----
  1   -323.5579005598         NaN   3.80e+00    36.4 
  2   -329.0383186921   -5.48e+00   3.17e+00    31.9 
  3   -337.2000337788   -8.16e+00   7.66e-01    51.1 
  4   +128909.2469164    1.29e+05   4.62e+00    43.6 
  5   +98797.15578363   -3.01e+04   3.95e+00    50.0 
  6   +162807.5936872    6.40e+04   5.66e+00    49.9 
  7   +186307.7750629    2.35e+04   6.66e+00    56.0 
  8   +193126.4755969    6.82e+03   7.03e+00    60.1 
  9   +7049.724574006   -1.86e+05   2.97e+00    45.3 
 10   +54184.26976216    4.71e+04   3.19e+00    39.1 
 11   +53283.79823618   -9.00e+02   3.15e+00    36.4 
 12   +42439.90484675   -1.08e+04   2.96e+00    41.3 
 13   +22431.13826071   -2.00e+04   2.35e+00    32.5 
 14   +48706.10693242    2.63e+04   2.90e+00    38.7 
 15   +80090.21384652    3.14e+04   3.49e+00    54.5 
 16   +229151.7884751    1.49e+05   1.03e+01    199.4 
 17   +185945.4468003   -4.32e+04   7.44e+00    126.3 
 18   +94470.86214486   -9.15e+04   6.36e+00    55.9 
 19   +152803.0393789    5.83e+04   5.43e+00    51.6 
 20   +50050.63459131   -1.03e+05   3.13e+00    51.9 
 21   +201641.9300456    1.52e+05   7.53e+00    50.4 
 22   +73487.69488672   -1.28e+05   4.26e+00    51.1 
 23   +97116.91530897    2.36e+04   3.88e+00    56.6 
 24   +37064.29905423   -6.01e+04   2.93e+00    38.6 
 25   +65715.92767011    2.87e+04   4.07e+00    50.8 
 26   +58125.17972452   -7.59e+03   3.89e+00    44.3 
 27   +84067.76417137    2.59e+04   4.13e+00    40.9 
 28   +186723.7789830    1.03e+05   6.76e+00    72.3 
 29   +185320.6195133   -1.40e+03   6.71e+00    65.8 
 30   +28741.47760487   -1.57e+05   3.97e+00    52.6 
 31   +215295.8307657    1.87e+05   8.62e+00    102.1 
 32   +195454.4351637   -1.98e+04   7.31e+00    65.8 
 33   +144468.9060532   -5.10e+04   5.18e+00    47.6 
 34   +105187.4692868   -3.93e+04   4.32e+00    58.2 
 35   +229067.8617835    1.24e+05   1.02e+01    179.8 
 36   +228277.4951793   -7.90e+02   1.01e+01    197.9 
 37   +183850.6909607   -4.44e+04   7.20e+00    115.2 
 38   +217052.9150506    3.32e+04   8.83e+00    79.4 
 39   +158839.3640215   -5.82e+04   6.40e+00    72.9 
 40   +228195.0642021    6.94e+04   1.01e+01    168.5 
 41   +230232.8925800    2.04e+03   1.04e+01    147.9 
 42   +220397.1070735   -9.84e+03   9.13e+00    100.8 
 43   +160353.0002021   -6.00e+04   6.01e+00    77.1 
 44   +190543.8647779    3.02e+04   7.07e+00    68.9 
 45   +217174.5371202    2.66e+04   8.87e+00    62.8 
 46   +228553.9176687    1.14e+04   1.01e+01    200.0 
 47   +185409.5740907   -4.31e+04   7.64e+00    178.4 
 48   +111379.6675123   -7.40e+04   7.98e+00    105.9 
 49   +228241.4148028    1.17e+05   1.01e+01    198.4 
 50   +182886.7843567   -4.54e+04   7.04e+00    118.4 
Energy breakdown:
    Kinetic             294.6784946
    AtomicLocal         -50.3796769
    AtomicNonlocal      39.2328675
    Ewald               -336.8794346
    PspCorrection       15.1247388
    Hartree             183073.9263308
    Xc                  -148.9189635

    total               182886.784356766759

 ──────────────────────────────────────────────────────────────────────────────
                                       Time                   Allocations      
                               ──────────────────────   ───────────────────────
       Tot / % measured:           380911s / 100%           59564GiB / 100%    

 Section               ncalls     time   %tot     avg     alloc   %tot      avg
 ──────────────────────────────────────────────────────────────────────────────
 self_consistent_field      1   380855s   100%  380855s   59537GiB 100%   59537GiB
   LOBPCG                 800   371453s  97.5%    464s   57908GiB 97.2%  72.4GiB
     Hamiltonian mu...  65.1k   136400s  35.8%   2.09s   9632GiB  16.2%   151MiB
     block multipli...   383k   108690s  28.5%   284ms   20765GiB 34.9%  55.5MiB
     rayleigh_ritz      64.3k   41800s  11.0%   650ms    379GiB  0.64%  6.04MiB
     ortho               274k   30631s  8.04%   112ms   11111GiB 18.7%  41.5MiB
   energy_hamiltonian     101    8267s  2.17%   81.8s    305GiB  0.51%  3.02GiB
   compute_density         50     827s  0.22%   16.5s   1303GiB  2.19%  26.1GiB
   QR orthonormaliz...    800    36.4s  0.01%  45.4ms   10.8GiB  0.02%  13.8MiB
   mixing Simple           50    574ms  0.00%  11.5ms   2.01GiB  0.00%  41.2MiB
 PlaneWaveBasis             1    52.6s  0.01%   52.6s   27.0GiB  0.05%  27.0GiB
   Instantiation At...      1    26.1s  0.01%   26.1s   16.2GiB  0.03%  16.2GiB
   Instantiation Ewald      1    18.9s  0.00%   18.9s   10.5GiB  0.02%  10.5GiB
   build_kpoints            1    4.35s  0.00%   4.35s    128MiB  0.00%   128MiB
   Instantiation At...      1    1.34s  0.00%   1.34s   41.4MiB  0.00%  41.4MiB
   Instantiation Ki...      1    377ms  0.00%   377ms   6.37MiB  0.00%  6.37MiB
   Instantiation Ha...      1   37.5ms  0.00%  37.5ms   13.7MiB  0.00%  13.7MiB
   Instantiation Ps...      1    120μs  0.00%   120μs   1.64KiB  0.00%  1.64KiB
   Instantiation Xc         1   5.21μs  0.00%  5.21μs     32.0B  0.00%    32.0B
 guess_density              1    1.14s  0.00%   1.14s   59.5MiB  0.00%  59.5MiB
 spglib_get_symmetry        1   77.6ms  0.00%  77.6ms    179KiB  0.00%   179KiB
 ──────────────────────────────────────────────────────────────────────────────
