#
#-- SCF GaAs n_repeat=40 -- mixing=RestaMixing(1.08, 14, 1.0)
#

hostname       = clustern10

started on     = 2020-08-17T14:56:03.64
julia threads  = 4
BLAS threads   = 4

temperature    = 0.0
smearing       = DFTK.Smearing.None()
lattice        = [0.0 5.341 213.7; 5.341 0.0 213.7; 5.341 5.341 0.0]
Ecut           = 20
fft_size       = (25, 25, 960)
kgrid          = [4, 4, 1]
irreducible k  = 16
n_bands        = 173
n_electr       = 320
mixing         = RestaMixing(1.08, 14, 1.0)
n     Energy            Eₙ-Eₙ₋₁     ρout-ρin   Diag
---   ---------------   ---------   --------   ----
  1   -336.0299674152         NaN   2.30e+00    45.1 
  2   -341.1055706429   -5.08e+00   5.78e-01    56.4 
  3   -341.3049381496   -1.99e-01   1.53e-01    41.0 
  4   -341.3176818334   -1.27e-02   3.77e-02    35.3 
  5   -341.3190521860   -1.37e-03   3.99e-03    32.4 
  6   -341.3191764520   -1.24e-04   8.68e-04    29.2 
  7   -341.3192004728   -2.40e-05   2.31e-04    26.5 
  8   -341.3192006038   -1.31e-07   8.01e-05    22.5 
  9   -341.3192006400   -3.61e-08   2.40e-05    24.7 
 10   -341.3192006408   -8.42e-10   4.95e-06    15.2 
 11   -341.3192006409   -9.78e-11   1.12e-06    24.4 
 12   -341.3192006409   -1.59e-12   3.10e-07    18.6 
Energy breakdown:
    Kinetic             128.2711040
    AtomicLocal         -123.6089654
    AtomicNonlocal      40.6652019
    Ewald               -336.8794346
    PspCorrection       15.1247388
    Hartree             31.5812368
    Xc                  -96.4730821

    total               -341.319200640922

 ──────────────────────────────────────────────────────────────────────────────
                                       Time                   Allocations      
                               ──────────────────────   ───────────────────────
       Tot / % measured:           16828s / 100%            2915GiB / 100%     

 Section               ncalls     time   %tot     avg     alloc   %tot      avg
 ──────────────────────────────────────────────────────────────────────────────
 self_consistent_field      1   16788s   100%  16788s   2888GiB  99.1%  2888GiB
   LOBPCG                 192   14303s  85.0%   74.5s   2493GiB  85.5%  13.0GiB
     Hamiltonian mu...  6.13k    6609s  39.3%   1.08s    482GiB  16.6%  80.5MiB
     block multipli...  34.7k    3037s  18.1%  87.5ms    665GiB  22.8%  19.6MiB
     rayleigh_ritz      5.94k    1204s  7.15%   203ms   10.1GiB  0.35%  1.74MiB
     ortho              24.8k    1092s  6.49%  44.0ms    422GiB  14.5%  17.4MiB
   energy_hamiltonian      25    2069s  12.3%   82.8s   73.7GiB  2.53%  2.95GiB
   compute_density         12     186s  1.11%   15.5s    308GiB  10.6%  25.6GiB
   QR orthonormaliz...    192    34.7s  0.21%   181ms   10.8GiB  0.37%  57.6MiB
   mixing Resta            12    121ms  0.00%  10.1ms    220MiB  0.01%  18.3MiB
 PlaneWaveBasis             1    36.6s  0.22%   36.6s   27.0GiB  0.92%  27.0GiB
   Instantiation At...      1    18.5s  0.11%   18.5s   16.2GiB  0.56%  16.2GiB
   Instantiation Ewald      1    16.5s  0.10%   16.5s   10.5GiB  0.36%  10.5GiB
   Instantiation At...      1    1.36s  0.01%   1.36s   41.2MiB  0.00%  41.2MiB
   build_kpoints            1    184ms  0.00%   184ms    128MiB  0.00%   128MiB
   Instantiation Ki...      1   66.1ms  0.00%  66.1ms   6.37MiB  0.00%  6.37MiB
   Instantiation Ha...      1   9.76ms  0.00%  9.76ms   13.7MiB  0.00%  13.7MiB
   Instantiation Ps...      1    136μs  0.00%   136μs   1.64KiB  0.00%  1.64KiB
   Instantiation Xc         1   3.32μs  0.00%  3.32μs     32.0B  0.00%    32.0B
 guess_density              1    1.20s  0.01%   1.20s   59.5MiB  0.00%  59.5MiB
 spglib_get_symmetry        1   5.30ms  0.00%  5.30ms    179KiB  0.00%   179KiB
 ──────────────────────────────────────────────────────────────────────────────
