#
#-- SCF GaAs n_repeat=40 -- mixing=RestaMixing(0.245, 2.4, 1.0)
#

hostname       = clustern11

started on     = 2020-08-17T17:30:11.735
julia threads  = 4
BLAS threads   = 4

temperature    = 0.0
smearing       = DFTK.Smearing.None()
lattice        = [0.0 5.341 213.7; 5.341 0.0 213.7; 5.341 5.341 0.0]
Ecut           = 20
fft_size       = (25, 25, 960)
kgrid          = [4, 4, 1]
irreducible k  = 16
n_bands        = 173
n_electr       = 320
mixing         = RestaMixing(0.245, 2.4, 1.0)
n     Energy            Eₙ-Eₙ₋₁     ρout-ρin   Diag
---   ---------------   ---------   --------   ----
  1   -336.0299530803         NaN   2.30e+00    44.8 
  2   -338.5974047948   -2.57e+00   1.70e+00    57.9 
  3   -341.2294585603   -2.63e+00   4.09e-01    56.1 
  4   -299.5225324940    4.17e+01   1.75e-01    37.9 
  5   +139236.1591342    1.40e+05   4.95e+00    45.7 
  6   +29373.58406389   -1.10e+05   2.56e+00    35.5 
  7   +30973.86053727    1.60e+03   2.40e+00    32.9 
  8   +21987.61110543   -8.99e+03   2.10e+00    37.4 
  9   +32244.53195095    1.03e+04   2.27e+00    33.4 
 10   +66461.00083299    3.42e+04   3.16e+00    30.0 
 11   +51942.98570976   -1.45e+04   2.79e+00    38.4 
 12   +51296.91795044   -6.46e+02   2.75e+00    24.5 
 13   +58700.84811818    7.40e+03   2.95e+00    30.6 
 14   +52833.93242348   -5.87e+03   2.85e+00    30.5 
 15   +50735.66278158   -2.10e+03   2.79e+00    25.9 
 16   +92674.49240644    4.19e+04   3.95e+00    77.9 
 17   +229506.3928620    1.37e+05   1.04e+01    200.0 
 18   +202226.3488756   -2.73e+04   8.62e+00    138.5 
 19   +219031.5339023    1.68e+04   9.03e+00    77.7 
 20   +192430.2394340   -2.66e+04   7.43e+00    72.2 
 21   +222320.1482483    2.99e+04   9.43e+00    89.9 
 22   +46142.29381547   -1.76e+05   4.93e+00    95.2 
 23   +157553.9028608    1.11e+05   5.56e+00    68.3 
 24   +154592.5027414   -2.96e+03   5.82e+00    75.4 
 25   +142634.5413987   -1.20e+04   5.57e+00    79.0 
 26   +106483.9318422   -3.62e+04   4.79e+00    97.9 
 27   +231179.5951437    1.25e+05   1.06e+01    170.1 
 28   +227754.9828272   -3.42e+03   1.01e+01    200.0 
 29   +163555.5284045   -6.42e+04   7.46e+00    190.6 
 30   +211316.1778359    4.78e+04   8.74e+00    112.1 
 31   +176983.2936195   -3.43e+04   9.12e+00    82.5 
 32   +176495.5648210   -4.88e+02   6.78e+00    146.7 
 33   +203816.3319799    2.73e+04   7.81e+00    106.9 
 34   +60666.96317055   -1.43e+05   6.00e+00    51.9 
 35   +228615.2978571    1.68e+05   1.02e+01    185.4 
 36   +166043.0965029   -6.26e+04   6.16e+00    75.8 
 37   +199494.0232337    3.35e+04   8.06e+00    104.8 
 38   +224242.8563517    2.47e+04   9.58e+00    194.1 
 39   +220137.1980795   -4.11e+03   9.13e+00    90.3 
 40   +218016.6263807   -2.12e+03   8.92e+00    105.5 
 41   +162202.5468707   -5.58e+04   7.26e+00    79.4 
 42   +220068.7422540    5.79e+04   9.89e+00    100.6 
 43   +191244.2879372   -2.88e+04   7.15e+00    76.5 
 44   +221370.4050209    3.01e+04   9.23e+00    114.3 
 45   +229907.9833725    8.54e+03   1.04e+01    85.8 
 46   +223355.6226700   -6.55e+03   9.48e+00    98.9 
 47   +184843.9389581   -3.85e+04   7.14e+00    61.6 
 48   +227501.4712139    4.27e+04   1.00e+01    198.5 
 49   +175143.6256973   -5.24e+04   7.07e+00    132.1 
 50   +215903.1461883    4.08e+04   8.69e+00    115.3 
Energy breakdown:
    Kinetic             374.0817589
    AtomicLocal         -42.9652904
    AtomicNonlocal      38.1068580
    Ewald               -336.8794346
    PspCorrection       15.1247388
    Hartree             216022.5218950
    Xc                  -166.8443372

    total               215903.146188429237

 ──────────────────────────────────────────────────────────────────────────────
                                       Time                   Allocations      
                               ──────────────────────   ───────────────────────
       Tot / % measured:           402234s / 100%           63256GiB / 100%    

 Section               ncalls     time   %tot     avg     alloc   %tot      avg
 ──────────────────────────────────────────────────────────────────────────────
 self_consistent_field      1   402176s   100%  402176s   63227GiB 100%   63227GiB
   LOBPCG                 800   393558s  97.8%    492s   61618GiB 97.4%  77.0GiB
     Hamiltonian mu...  73.0k   142471s  35.4%   1.95s   9667GiB  15.3%   136MiB
     block multipli...   430k   115642s  28.8%   269ms   22424GiB 35.4%  53.4MiB
     rayleigh_ritz      72.2k   45438s  11.3%   629ms    412GiB  0.65%  5.85MiB
     ortho               306k   32370s  8.05%   106ms   11968GiB 18.9%  40.1MiB
   energy_hamiltonian     101    7657s  1.90%   75.8s    306GiB  0.48%  3.03GiB
   compute_density         50     684s  0.17%   13.7s   1282GiB  2.03%  25.6GiB
   QR orthonormaliz...    800    35.0s  0.01%  43.7ms   10.8GiB  0.02%  13.8MiB
   mixing Resta            50    1.14s  0.00%  22.8ms   0.96GiB  0.00%  19.6MiB
 PlaneWaveBasis             1    41.7s  0.01%   41.7s   27.7GiB  0.04%  27.7GiB
   Instantiation Ewald      1    18.4s  0.00%   18.4s   10.8GiB  0.02%  10.8GiB
   Instantiation At...      1    17.2s  0.00%   17.2s   16.3GiB  0.03%  16.3GiB
   Instantiation At...      1    1.58s  0.00%   1.58s   68.8MiB  0.00%  68.8MiB
   Instantiation Ps...      1    1.05s  0.00%   1.05s   99.3MiB  0.00%  99.3MiB
   Instantiation Ha...      1    343ms  0.00%   343ms   68.5MiB  0.00%  68.5MiB
   build_kpoints            1    288ms  0.00%   288ms    128MiB  0.00%   128MiB
   Instantiation Ki...      1    109ms  0.00%   109ms   16.7MiB  0.00%  16.7MiB
   Instantiation Xc         1   4.21ms  0.00%  4.21ms    196KiB  0.00%   196KiB
 spglib_get_symmetry        1    1.85s  0.00%   1.85s    234MiB  0.00%   234MiB
 guess_density              1    1.28s  0.00%   1.28s   74.2MiB  0.00%  74.2MiB
 ──────────────────────────────────────────────────────────────────────────────
