#
#-- SCF GaAs n_repeat=40 -- mixing=KerkerMixing(1.76, 1.0)
#

hostname       = clustern10

started on     = 2020-08-17T17:33:22.129
julia threads  = 4
BLAS threads   = 4

temperature    = 0.0
smearing       = DFTK.Smearing.None()
lattice        = [0.0 5.341 213.7; 5.341 0.0 213.7; 5.341 5.341 0.0]
Ecut           = 20
fft_size       = (25, 25, 960)
kgrid          = [4, 4, 1]
irreducible k  = 16
n_bands        = 173
n_electr       = 320
mixing         = KerkerMixing(1.76, 1.0)
n     Energy            Eₙ-Eₙ₋₁     ρout-ρin   Diag
---   ---------------   ---------   --------   ----
  1   -336.0299671444         NaN   2.30e+00    45.1 
  2   -332.5180808583    3.51e+00   1.80e+00    50.9 
  3   -341.2992181201   -8.78e+00   1.86e-01    37.9 
  4   -341.3156949688   -1.65e-02   3.47e-02    15.2 
  5   -341.3166886697   -9.94e-04   4.69e-03    12.8 
  6   -341.3167947340   -1.06e-04   1.10e-03    9.0 
  7   -341.3170013880   -2.07e-04   8.97e-04    21.1 
  8   -341.3170825958   -8.12e-05   7.03e-04    16.6 
  9   -341.3172312939   -1.49e-04   6.31e-04    27.6 
 10   -341.3173256007   -9.43e-05   5.93e-04    26.2 
 11   -341.3175152384   -1.90e-04   5.36e-04    33.2 
 12   -341.3176474651   -1.32e-04   5.01e-04    33.9 
 13   -341.3178840259   -2.37e-04   4.41e-04    37.3 
 14   -341.3181872500   -3.03e-04   3.63e-04    39.4 
 15   -341.3183919813   -2.05e-04   3.11e-04    40.8 
 16   -341.3185251363   -1.33e-04   2.79e-04    40.1 
 17   -341.3186332186   -1.08e-04   2.52e-04    42.2 
 18   -341.3187472873   -1.14e-04   2.25e-04    41.9 
 19   -341.3188134193   -6.61e-05   2.08e-04    39.3 
 20   -341.3188789364   -6.55e-05   1.90e-04    39.3 
 21   -341.3189685478   -8.96e-05   1.62e-04    41.7 
 22   -341.3190453051   -7.68e-05   1.34e-04    41.9 
 23   -341.3191186999   -7.34e-05   9.90e-05    44.3 
 24   -341.3191576985   -3.90e-05   7.22e-05    42.6 
 25   -341.3191851887   -2.75e-05   4.61e-05    44.8 
 26   -341.3191958743   -1.07e-05   2.68e-05    44.8 
 27   -341.3191987982   -2.92e-06   1.73e-05    42.9 
 28   -341.3192001239   -1.33e-06   9.79e-06    42.4 
 29   -341.3192004722   -3.48e-07   5.97e-06    41.7 
 30   -341.3192005620   -8.98e-08   4.17e-06    39.5 
 31   -341.3192005786   -1.65e-08   3.36e-06    39.4 
 32   -341.3192006073   -2.87e-08   2.43e-06    40.5 
 33   -341.3192006152   -7.87e-09   2.07e-06    39.9 
 34   -341.3192006263   -1.11e-08   1.53e-06    44.4 
 35   -341.3192006361   -9.75e-09   8.56e-07    46.1 
 36   -341.3192006396   -3.55e-09   4.51e-07    46.0 
 37   -341.3192006405   -8.42e-10   2.67e-07    44.6 
 38   -341.3192006408   -3.82e-10   1.11e-07    47.8 
 39   -341.3192006409   -8.92e-12   9.83e-08    36.3 
Energy breakdown:
    Kinetic             128.2711028
    AtomicLocal         -123.6089629
    AtomicNonlocal      40.6652013
    Ewald               -336.8794346
    PspCorrection       15.1247388
    Hartree             31.5812357
    Xc                  -96.4730818

    total               -341.319200640855

 ──────────────────────────────────────────────────────────────────────────────
                                       Time                   Allocations      
                               ──────────────────────   ───────────────────────
       Tot / % measured:           63458s / 100%            10764GiB / 100%    

 Section               ncalls     time   %tot     avg     alloc   %tot      avg
 ──────────────────────────────────────────────────────────────────────────────
 self_consistent_field      1   63396s   100%  63396s   10734GiB 100%   10734GiB
   LOBPCG                 624   56166s  88.5%   90.0s   9459GiB  87.9%  15.2GiB
     Hamiltonian mu...  24.0k   26392s  41.6%   1.10s   1937GiB  18.0%  82.6MiB
     block multipli...   138k   11673s  18.4%  84.8ms   2612GiB  24.3%  19.4MiB
     rayleigh_ritz      23.4k    4504s  7.10%   193ms   34.7GiB  0.32%  1.52MiB
     ortho              99.1k    4295s  6.77%  43.3ms   1602GiB  14.9%  16.6MiB
   energy_hamiltonian      79    6210s  9.79%   78.6s    239GiB  2.22%  3.02GiB
   compute_density         39     748s  1.18%   19.2s   1017GiB  9.45%  26.1GiB
   QR orthonormaliz...    624    35.7s  0.06%  57.2ms   10.8GiB  0.10%  17.8MiB
   mixing Kerker           39    1.05s  0.00%  26.8ms    767MiB  0.01%  19.7MiB
 PlaneWaveBasis             1    44.4s  0.07%   44.4s   27.7GiB  0.26%  27.7GiB
   Instantiation Ewald      1    19.2s  0.03%   19.2s   10.8GiB  0.10%  10.8GiB
   Instantiation At...      1    18.9s  0.03%   18.9s   16.3GiB  0.15%  16.3GiB
   Instantiation At...      1    1.63s  0.00%   1.63s   68.9MiB  0.00%  68.9MiB
   Instantiation Ps...      1    1.07s  0.00%   1.07s    101MiB  0.00%   101MiB
   Instantiation Ha...      1    356ms  0.00%   356ms   68.5MiB  0.00%  68.5MiB
   build_kpoints            1    200ms  0.00%   200ms    128MiB  0.00%   128MiB
   Instantiation Ki...      1    133ms  0.00%   133ms   16.7MiB  0.00%  16.7MiB
   Instantiation Xc         1   4.91ms  0.00%  4.91ms    196KiB  0.00%   196KiB
 spglib_get_symmetry        1    2.13s  0.00%   2.13s    234MiB  0.00%   234MiB
 guess_density              1    1.32s  0.00%   1.32s   74.2MiB  0.00%  74.2MiB
 ──────────────────────────────────────────────────────────────────────────────
