#
#-- Firstrun AlGaAs n_repeat=10 -- mixing=HybridMixing(0.5, 14, 1.0, identity, true, false)
#

hostname       = clustern10

started on     = 2020-07-25T13:59:02.727
julia threads  = 4
BLAS threads   = 4

temperature    = 0.001
smearing       = DFTK.Smearing.Gaussian()
diag(lattice)  = [15.11, 10.68, 79.45]
Ecut           = 20
fft_size       = (48, 36, 243)
kgrid          = [3, 4, 1]
irreducible k  = 12
n_bands        = 152
n_electr       = 280
mixing         = HybridMixing(0.5, 14, 1.0, identity, true, false)
n     Free energy       Eₙ-Eₙ₋₁     ρout-ρin   Diag
---   ---------------   ---------   --------   ----
  1   -250.9340073784         NaN   9.65e-01    22.4 
  2   -252.4274918052   -1.49e+00   5.89e-01    18.6 
  3   -252.6943910811   -2.67e-01   8.45e-02    20.0 
  4   -252.7719127933   -7.75e-02   5.65e-02    10.9 
  5   -252.7967298324   -2.48e-02   1.57e-02    13.7 
  6   -252.7978981726   -1.17e-03   9.85e-03    3.3 
  7   -252.7995007888   -1.60e-03   2.61e-03    10.8 
  8   -252.7995471638   -4.64e-05   1.07e-03    8.8 
  9   -252.7995485399   -1.38e-06   5.44e-04    9.4 
 10   -252.7995510422   -2.50e-06   1.96e-04    10.0 
 11   -252.7995511521   -1.10e-07   1.13e-04    9.3 
 12   -252.7995512073   -5.52e-08   3.46e-05    9.8 
 13   -252.7995512124   -5.09e-09   2.10e-05    10.0 
 14   -252.7995512131   -6.79e-10   7.75e-06    9.9 
 15   -252.7995512132   -1.70e-10   2.70e-06    10.8 
 16   -252.7995512132   -1.14e-11   1.62e-06    8.4 
 17   -252.7995512133   -6.96e-12   5.03e-07    9.6 
Energy breakdown:
    Kinetic             92.8069487
    AtomicLocal         -323.5523054
    AtomicNonlocal      36.3816148
    Ewald               -129.1400956
    PspCorrection       0.1551359 
    Hartree             147.6006164
    Xc                  -77.0510527
    Entropy             -0.0004133

    total               -252.799551213252

 ──────────────────────────────────────────────────────────────────────────────
                                       Time                   Allocations      
                               ──────────────────────   ───────────────────────
       Tot / % measured:           11012s / 100%            2385GiB / 100%     

 Section               ncalls     time   %tot     avg     alloc   %tot      avg
 ──────────────────────────────────────────────────────────────────────────────
 self_consistent_field      1   10975s   100%  10975s   2372GiB  100%   2372GiB
   LOBPCG                 204    9014s  82.0%   44.2s   1830GiB  76.8%  8.97GiB
     Hamiltonian mu...  2.55k    3215s  29.2%   1.26s    276GiB  11.6%   111MiB
     block multipli...  13.2k    2064s  18.8%   156ms    462GiB  19.4%  35.7MiB
     rayleigh_ritz      2.35k     926s  8.42%   395ms   6.75GiB  0.28%  2.95MiB
     ortho              10.4k     888s  8.07%  85.4ms    316GiB  13.3%  31.1MiB
   energy_hamiltonian      35    1461s  13.3%   41.7s   71.5GiB  3.00%  2.04GiB
   mixing Hybrid           17     178s  1.62%   10.5s    256GiB  10.7%  15.0GiB
     compute_density       17     136s  1.23%   7.98s    202GiB  8.49%  11.9GiB
   compute_density         17     135s  1.23%   7.93s    202GiB  8.49%  11.9GiB
   QR orthonormaliz...    204    27.4s  0.25%   134ms   7.54GiB  0.32%  37.8MiB
 PlaneWaveBasis             1    20.6s  0.19%   20.6s   11.3GiB  0.47%  11.3GiB
   Instantiation At...      1    10.8s  0.10%   10.8s   9.47GiB  0.40%  9.47GiB
   Instantiation Ewald      1    5.24s  0.05%   5.24s   1.35GiB  0.06%  1.35GiB
   Instantiation At...      1    1.38s  0.01%   1.38s   62.8MiB  0.00%  62.8MiB
   Instantiation Ps...      1    890ms  0.01%   890ms   92.9MiB  0.00%  92.9MiB
   Instantiation Ha...      1    308ms  0.00%   308ms   64.8MiB  0.00%  64.8MiB
   build_kpoints            1    135ms  0.00%   135ms    111MiB  0.00%   111MiB
   Instantiation Ki...      1    104ms  0.00%   104ms   15.7MiB  0.00%  15.7MiB
   Instantiation Xc         1   3.79ms  0.00%  3.79ms    196KiB  0.00%   196KiB
   Instantiation En...      1   1.97ms  0.00%  1.97ms   71.8KiB  0.00%  71.8KiB
 spglib_get_symmetry        1    1.64s  0.01%   1.64s    235MiB  0.01%   235MiB
 guess_density              1    1.02s  0.01%   1.02s   69.1MiB  0.00%  69.1MiB
 ──────────────────────────────────────────────────────────────────────────────
