#
#-- optimal_damping AlGaAs n_repeat=10 -- mixing=HybridMixing(1.0, 1, 1.0, identity, true, false)
#

Starting Arnoldi (now = 2020-07-25T18:20:58.628 ...

#--- 1 ---#
idcs      evals   residnorms   |P(X)|
  1    0.985315   0.0651451  1.62812e-15

#--- 2 ---#
idcs      evals   residnorms   |P(X)|
  1    0.948448     0.35851  6.03947e-16
  2     1.01147    0.336226  1.05029e-15

#--- 3 ---#
idcs      evals   residnorms   |P(X)|
  1    0.752667    0.287853  4.67958e-16
  2    0.989143   0.0900056  1.62921e-15
  3     1.73935    0.559443  4.05461e-16

#--- 4 ---#
idcs      evals   residnorms   |P(X)|
  1    0.627378    0.250742  4.56977e-16
  2      0.9855    0.101481  1.57843e-15
  3     1.21365    0.406841  5.17023e-16
  4     2.27211    0.455069  3.84395e-16

#--- 5 ---#
idcs      evals   residnorms   |P(X)|
  1    0.544921    0.207535  4.39034e-16
  2    0.920599    0.263459  5.04321e-16
  3    0.996091    0.155698  1.48003e-15
  4     1.73937    0.375344  3.93256e-16
  5     2.53943    0.321155  3.84239e-16

#--- 6 ---#
idcs      evals   residnorms   |P(X)|
  1    0.508097    0.179368  4.43064e-16
  2    0.783429    0.241769  4.94443e-16
  3    0.988536   0.0721153  1.62793e-15
  4      1.3053      0.3369  4.54139e-16
  5           2    0.295983  3.86717e-16
  6     2.66303    0.188929  3.8439e-16

#--- 7 ---#
idcs      evals   residnorms   |P(X)|
  1    0.478433    0.150307  4.4116e-16
  2    0.672308    0.209607  4.42878e-16
  3     0.97989    0.148603  1.21373e-15
  4     1.03744    0.221808  7.43723e-16
  5     1.61625    0.263808  3.86983e-16
  6     2.11395    0.192061  3.78862e-16
  7     2.70078   0.0772099  3.81597e-16

#--- 8 ---#
idcs      evals   residnorms   |P(X)|
  1    0.454526    0.126162  4.3342e-16
  2    0.627187    0.194489  4.45539e-16
  3    0.884645    0.221683  5.46253e-16
  4     0.99126    0.083884  1.6282e-15
  5     1.32479    0.301711  4.19027e-16
  6     1.78524    0.274792  3.99844e-16
  7     2.15546    0.151574  3.80579e-16
  8     2.70551   0.0336444  3.74459e-16

#--- 9 ---#
idcs      evals   residnorms   |P(X)|
  1    0.435634     0.10944  4.28854e-16
  2    0.601201    0.191477  4.56011e-16
  3    0.784177    0.226895  5.09583e-16
  4    0.987555   0.0737011  1.59457e-15
  5     1.13603    0.262223  5.62475e-16
  6     1.57013    0.294235  4.05887e-16
  7       1.965    0.315419  3.96385e-16
  8     2.21141    0.197547  3.75405e-16
  9     2.70688   0.0202863  3.79861e-16

#--- 10 ---#
idcs      evals   residnorms   |P(X)|
  1    0.420812    0.114174  4.38515e-16
  2    0.570279    0.215889  4.55383e-16
  3    0.709732    0.252697  4.53343e-16
  4    0.965545    0.228131  7.31796e-16
  5     1.00497    0.204643  1.23812e-15
  6     1.36153    0.304432  4.02843e-16
  7     1.73031    0.267424  3.90521e-16
  8     2.09874    0.212501  3.81562e-16
  9     2.33526    0.291842  3.68534e-16
 10     2.70665   0.0164684  3.88246e-16

#--- 11 ---#
idcs      evals   residnorms   |P(X)|
  1     0.41033   0.0882164  4.37131e-16
  2    0.532386    0.152494  4.56309e-16
  3      0.6803    0.175532  4.58674e-16
  4    0.893584     0.18857  5.70403e-16
  5    0.991321   0.0704757  1.63734e-15
  6     1.21682    0.214554  4.38842e-16
  7     1.60926    0.229656  3.99176e-16
  8     1.93258    0.284998  3.8992e-16
  9     2.17093    0.167249  3.7636e-16
 10     2.55681    0.336264  3.80865e-16
 11     2.70686   0.0274794  3.88208e-16

#--- 12 ---#
idcs      evals   residnorms   |P(X)|
  1    0.400231   0.0757555  4.42199e-16
  2    0.501447    0.121743  4.47558e-16
  3    0.659743    0.158066  4.49902e-16
  4    0.812202    0.196328  5.09403e-16
  5    0.987025   0.0817188  1.53884e-15
  7     1.36828    0.238171  4.18131e-16
  8     1.69079    0.163815  3.93322e-16
  9     2.02867    0.159031  3.88766e-16
 10     2.20887      0.1114  3.7827e-16
 11     2.66311    0.144073  3.8701e-16
 12     2.71197   0.0386449  3.86057e-16

#--- 13 ---#
idcs      evals   residnorms   |P(X)|
  1    0.390381   0.0639029  4.31369e-16
  2    0.481928    0.101111  4.47044e-16
  3    0.630892     0.15305  4.48468e-16
  4    0.747294    0.189767  4.65064e-16
  5    0.946783    0.171955  6.0996e-16
  8     1.55948    0.245402  3.99447e-16
  9      1.7724     0.22159  3.82728e-16
 10     2.06335    0.124722  3.92614e-16
 11     2.22786   0.0828625  3.6982e-16
 12     2.68168   0.0543658  3.75185e-16
 13     2.71479   0.0258432  3.7714e-16

#--- 14 ---#
idcs      evals   residnorms   |P(X)|
  1    0.384018   0.0497057  4.35453e-16
  2    0.473787   0.0826285  4.35531e-16
  3    0.599977    0.130947  4.4881e-16
  4    0.728928    0.164644  4.75699e-16
  5    0.892333    0.168906  5.87959e-16
  9     1.67774    0.209116  3.9842e-16
 10     1.92903    0.317538  3.9318e-16
 11     2.10739    0.208751  3.78512e-16
 12     2.24684    0.124397  3.83481e-16
 13     2.68774   0.0365399  3.76651e-16
 14     2.71385   0.0199807  3.75573e-16

#--- 15 ---#
idcs      evals   residnorms   |P(X)|
  1    0.379992   0.0365745  4.34614e-16
  2    0.466466   0.0682376  4.32095e-16
  3    0.569155    0.113089  4.4949e-16
  4    0.714911    0.154685  4.63282e-16
  5    0.817303    0.179796  5.02425e-16
 10     1.74852    0.157556  3.96324e-16
 11     2.02841    0.120834  3.94989e-16
 12      2.2034    0.125571  3.83044e-16
 13     2.32759    0.219909  3.80404e-16
 14     2.68936   0.0230838  3.74306e-16
 15     2.71319   0.0124987  3.82761e-16

#--- 16 ---#
idcs      evals   residnorms   |P(X)|
  1    0.378656   0.0248176  4.35027e-16
  2    0.458429   0.0524032  4.39571e-16
  3    0.550092   0.0925322  4.47418e-16
  4    0.687573    0.130845  4.63402e-16
  5    0.769812    0.151925  4.74078e-16
 11     1.80707     0.16641  3.94092e-16
 12     2.04532   0.0716127  3.81667e-16
 13     2.21968    0.051734  3.80729e-16
 14     2.39286    0.121854  3.66138e-16
 15     2.68976  0.00991437  3.75343e-16
 16     2.71374  0.00538461  3.91953e-16

#--- 17 ---#
idcs      evals   residnorms   |P(X)|
  1    0.378295   0.0194733  4.36927e-16
  2    0.449649    0.046358  4.40629e-16
  3    0.539775   0.0915023  4.51799e-16
  4    0.642671    0.121835  4.6144e-16
  5    0.765075    0.157647  4.84521e-16
 12     1.86628    0.163277  3.95029e-16
 13      2.0548   0.0540333  3.73087e-16
 14     2.22305   0.0279766  3.82888e-16
 15     2.40985   0.0558295  3.67861e-16
 16        2.69  0.00354014  3.82506e-16
 17     2.71384  0.00190149  3.80822e-16

#--- 18 ---#
idcs      evals   residnorms   |P(X)|
  1     0.37787   0.0122177  4.34769e-16
  2     0.44361   0.0332844  4.28187e-16
  3    0.528476   0.0697142  4.52819e-16
  4    0.613531   0.0902588  4.53766e-16
  5    0.752541    0.124694  4.69524e-16
 13     1.93268     0.15697  3.94867e-16
 14     2.06255   0.0528563  3.74315e-16
 15     2.22476   0.0175741  3.72854e-16
 16     2.41386   0.0258663  3.74333e-16
 17     2.68998  0.00121012  3.80529e-16
 18     2.71381  0.000633777  3.77969e-16

#--- 19 ---#
idcs      evals   residnorms   |P(X)|
  1    0.377859  0.00842262  4.34578e-16
  2    0.441076   0.0286558  4.42425e-16
  3    0.513751    0.063959  4.52885e-16
  4    0.596156   0.0883017  4.49714e-16
  5    0.704899    0.118375  4.80391e-16
 14      1.9662   0.0841953  4.01098e-16
 15     2.06841   0.0316417  3.69637e-16
 16     2.22471  0.00734214  3.65054e-16
 17     2.41432  0.00827063  3.70432e-16
 18     2.68998  0.000299448  3.8752e-16
 19     2.71382  0.000153983  3.82766e-16

 ──────────────────────────────────────────────────────────────────────────────
                                       Time                   Allocations      
                               ──────────────────────   ───────────────────────
       Tot / % measured:           85409s / 100%            90239GiB / 100%    

 Section               ncalls     time   %tot     avg     alloc   %tot      avg
 ──────────────────────────────────────────────────────────────────────────────
 apply_χ0                  19   85112s   100%   4480s   89936GiB 100%   4733GiB
   Hamiltonian mult...   312k   21650s  25.4%  69.3ms   1797GiB  1.99%  5.89MiB
   compute_density         19     165s  0.19%   8.69s    222GiB  0.25%  11.7GiB
 mixing Hybrid             19     199s  0.23%   10.5s    262GiB  0.29%  13.8GiB
   compute_density         20     174s  0.20%   8.71s    238GiB  0.26%  11.9GiB
 PlaneWaveBasis             1    20.1s  0.02%   20.1s   10.6GiB  0.01%  10.6GiB
   Instantiation At...      1    15.5s  0.02%   15.5s   9.33GiB  0.01%  9.33GiB
   Instantiation Ewald      1    2.86s  0.00%   2.86s   1.08GiB  0.00%  1.08GiB
   Instantiation At...      1    1.36s  0.00%   1.36s   35.3MiB  0.00%  35.3MiB
   build_kpoints            1    208ms  0.00%   208ms    111MiB  0.00%   111MiB
   Instantiation Ha...      1   6.70ms  0.00%  6.70ms   9.62MiB  0.00%  9.62MiB
   Instantiation Ki...      1   5.29ms  0.00%  5.29ms   5.02MiB  0.00%  5.02MiB
   Instantiation Ps...      1    118μs  0.00%   118μs   2.38KiB  0.00%  2.38KiB
   Instantiation Xc         1   5.05μs  0.00%  5.05μs     32.0B  0.00%    32.0B
   Instantiation En...      1   1.24μs  0.00%  1.24μs     16.0B  0.00%    16.0B
 spglib_get_symmetry        1   5.18ms  0.00%  5.18ms    278KiB  0.00%   278KiB
 ──────────────────────────────────────────────────────────────────────────────
