#
#-- optimal_damping AlGaAs n_repeat=10 -- mixing=RestaMixing(1.0, 14, 1.0)
#

Starting Arnoldi (now = 2020-07-25T18:32:08.658 ...

#--- 1 ---#
idcs      evals   residnorms   |P(X)|
  1    0.982287    0.164327  1.61548e-15

#--- 2 ---#
idcs      evals   residnorms   |P(X)|
  1    0.981819   0.0503323  1.61194e-15
  2     6.51057     1.69402  4.31106e-16

#--- 3 ---#
idcs      evals   residnorms   |P(X)|
  1    0.981586   0.0466945  1.60905e-15
  2     4.82085     2.74743  4.98501e-16
  3     9.38918      3.8349  4.57242e-16

#--- 4 ---#
idcs      evals   residnorms   |P(X)|
  1    0.967923    0.279649  1.18815e-15
  2     1.04143    0.523691  1.1161e-15
  3     6.53206    0.284481  4.17607e-16
  4     11.4216    0.448161  4.32584e-16

#--- 5 ---#
idcs      evals   residnorms   |P(X)|
  1    0.800416    0.147968  5.51187e-16
  2    0.985919   0.0284664  1.6719e-15
  3     2.81279    0.407368  4.38626e-16
  4     6.56694   0.0369456  4.17891e-16
  5     11.2351   0.0248903  4.32955e-16

#--- 6 ---#
idcs      evals   residnorms   |P(X)|
  1    0.686482    0.199848  4.22392e-16
  2    0.971191    0.161239  1.05874e-15
  3     1.01338    0.219886  1.37751e-15
  4     2.93215   0.0713102  4.24928e-16
  5     6.56994  0.00233464  4.28861e-16
  6     11.2325  0.000847756  4.43343e-16

#--- 7 ---#
idcs      evals   residnorms   |P(X)|
  1    0.636476    0.183982  4.17022e-16
  2    0.913651    0.201946  5.42363e-16
  3    0.990313   0.0650561  1.73138e-15
  4     1.80405    0.690199  4.29809e-16
  5     2.95187    0.048059  4.28229e-16
  6     6.56922  0.000389272  4.25935e-16
  7     11.2325  7.1956e-05  4.29102e-16

#--- 8 ---#
idcs      evals   residnorms   |P(X)|
  1    0.602539    0.107672  4.21628e-16
  2    0.852327    0.124254  5.78481e-16
  3    0.986813   0.0275349  1.68345e-15
  4     1.29696    0.291228  5.64123e-16
  5     2.67773    0.297917  4.29081e-16
  6     2.97693     0.06314  4.33865e-16
  7       6.569  4.86464e-05  4.21474e-16
  8     11.2325  4.31061e-06  4.29772e-16

#--- 9 ---#
idcs      evals   residnorms   |P(X)|
  1     0.57836    0.101046  4.00269e-16
  2     0.77923    0.157885  4.5901e-16
  3    0.977718     0.10217  1.24723e-15
  4     1.01744    0.189321  1.3542e-15
  5     1.52275    0.223325  4.30331e-16
  6     2.78701    0.081498  4.21363e-16
  7     2.97245   0.0225033  4.29924e-16
  8       6.569  3.63769e-06  4.16632e-16
  9     11.2325  1.70427e-07  4.35944e-16

#--- 10 ---#
idcs      evals   residnorms   |P(X)|
  1    0.562458   0.0625113  4.05031e-16
  2    0.720182    0.113086  4.52717e-16
  3    0.901957    0.100583  6.35113e-16
  4    0.988461   0.0235478  1.73345e-15
  5     1.28037    0.176982  4.83952e-16
  6     1.69821    0.146761  4.42134e-16
  7     2.79641   0.0172261  4.165e-16
  8     2.96818  0.00424545  4.29544e-16
  9       6.569  2.00625e-07  4.21134e-16
 10     11.2325  4.97635e-09  4.42955e-16

#--- 11 ---#
idcs      evals   residnorms   |P(X)|
  1    0.547199   0.0634721  4.01019e-16
  2    0.692282    0.138796  4.35676e-16
  3    0.844336    0.163706  5.11434e-16
  4    0.983897   0.0648626  1.51941e-15
  5     1.03977    0.238211  1.1218e-15
  6     1.36766    0.175736  4.36306e-16
  7     1.75314   0.0915497  4.23916e-16
  8     2.79751  0.00413523  4.24874e-16
  9     2.96745  0.000921703  4.34473e-16
 10       6.569  1.45219e-08  4.2197e-16
 11     11.2325  1.94366e-10  4.31823e-16

#--- 12 ---#
idcs      evals   residnorms   |P(X)|
  1    0.536514   0.0556296  4.16632e-16
  2    0.639813    0.107979  4.17287e-16
  3    0.782047    0.117886  4.62808e-16
  4    0.929848   0.0986879  6.55494e-16
  5    0.989718   0.0266672  1.7778e-15
  7     1.52084    0.184497  4.35519e-16
  8     1.78836     0.07042  4.32129e-16
  9     2.79763  0.000864849  4.24736e-16
 10     2.96737  0.000172267  4.27506e-16
 11       6.569  8.50403e-10  4.20264e-16
 12     11.2325  6.05879e-12  4.34418e-16

#--- 13 ---#
idcs      evals   residnorms   |P(X)|
  1    0.526912   0.0502043  4.11299e-16
  2    0.604523   0.0785866  4.2408e-16
  3    0.749823   0.0925526  4.5332e-16
  4    0.889134    0.102455  5.77323e-16
  5    0.986799   0.0329091  1.64152e-15
  8     1.60043    0.106607  4.40332e-16
  9     1.80391   0.0401575  4.35049e-16
 10     2.79768  0.000158082  4.19647e-16
 11     2.96735  2.84162e-05  4.28553e-16
 12       6.569  4.65273e-11  4.22116e-16
 13     11.2325  1.78592e-13  4.45477e-16

#--- 14 ---#
idcs      evals   residnorms   |P(X)|
  1    0.517178   0.0389135  4.30796e-16
  2    0.578505   0.0518278  4.14449e-16
  3    0.702252   0.0764262  4.43041e-16
  4    0.815055   0.0844493  4.95433e-16
  5     0.93378   0.0623465  7.09422e-16
  9     1.61712   0.0369147  4.30543e-16
 10     1.80435   0.0107308  4.32522e-16
 11     2.79768  1.65423e-05  4.28909e-16
 12     2.96735  2.70821e-06  4.32244e-16
 13       6.569  1.55077e-12  4.18471e-16
 14     11.2325  1.04377e-14  4.42394e-16

#--- 15 ---#
idcs      evals   residnorms   |P(X)|
  1    0.509713   0.0332122  4.29003e-16
  2    0.570332   0.0468045  4.05992e-16
  3     0.66688   0.0883488  4.20752e-16
  4    0.774733    0.098515  4.35709e-16
  5    0.886579    0.113963  4.89025e-16
 10     1.61701   0.0123298  4.31874e-16
 11     1.80397  0.00276158  4.30972e-16
 12     2.79768  1.98183e-06  4.23489e-16
 13     2.96735  2.97684e-07  4.34858e-16
 14       6.569  6.39315e-14  4.19479e-16
 15     11.2325  6.71474e-15  4.32985e-16

#--- 16 ---#
idcs      evals   residnorms   |P(X)|
  1    0.507319   0.0262497  4.21137e-16
  2     0.55932   0.0409168  4.15028e-16
  3    0.635164   0.0753201  4.21423e-16
  4    0.731684   0.0739179  4.55568e-16
  5    0.836781   0.0767709  5.03632e-16
 11     1.61582  0.00489756  4.27767e-16
 12     1.80361  0.000797879  4.33327e-16
 13     2.79768  2.46214e-07  4.26437e-16
 14     2.96735  3.37506e-08  4.26766e-16
 15       6.569  1.41802e-14  4.2431e-16
 16     11.2325  1.17537e-14  4.29773e-16

#--- 17 ---#
idcs      evals   residnorms   |P(X)|
  1    0.504344   0.0215569  4.23975e-16
  2    0.550292   0.0374908  4.07663e-16
  3    0.611381   0.0606614  4.16558e-16
  4    0.704921    0.070608  4.29926e-16
  5    0.796257   0.0847846  4.43777e-16
 12     1.61582  0.00173083  4.36843e-16
 13     1.80352  0.000206515  4.29615e-16
 14     2.79768  2.78303e-08  4.29206e-16
 15     2.96735  3.48814e-09  4.28798e-16
 16       6.569  5.94087e-15  4.17353e-16
 17     11.2325  4.31952e-15  4.32042e-16

#--- 18 ---#
idcs      evals   residnorms   |P(X)|
  1    0.503005   0.0160126  4.23296e-16
  2    0.547384   0.0341758  3.99085e-16
  3    0.594616   0.0500064  4.08312e-16
  4    0.686108   0.0683366  4.30824e-16
  5    0.761354   0.0763733  4.53378e-16
 13     1.61591  0.000770713  4.28954e-16
 14      1.8035  6.73866e-05  4.30135e-16
 15     2.79768  3.88357e-09  4.26592e-16
 16     2.96735  4.44061e-10  4.31529e-16
 17       6.569  4.62102e-15  4.22144e-16
 18     11.2325  4.29771e-15  4.35935e-16

#--- 19 ---#
idcs      evals   residnorms   |P(X)|
  1      0.5016   0.0115574  4.19322e-16
  2    0.541641   0.0281802  3.97097e-16
  3    0.584394   0.0404981  4.12885e-16
  4    0.657643   0.0648825  4.20592e-16
  5    0.731495    0.064559  4.42585e-16
 14       1.616  0.000259338  4.34226e-16
 15     1.80349  1.6214e-05  4.25307e-16
 16     2.79768  3.98804e-10  4.26611e-16
 17     2.96735  4.16499e-11  4.34454e-16
 18       6.569  6.28305e-15  4.198e-16
 19     11.2325  8.54344e-15  4.40828e-16

#--- 20 ---#
idcs      evals   residnorms   |P(X)|
  1    0.501752  0.00924778  4.30028e-16
  2    0.537689   0.0267237  4.08275e-16
  3    0.577477   0.0399571  4.02104e-16
  4    0.633774   0.0639662  4.01918e-16
  5     0.70997   0.0620847  4.28972e-16
 15     1.61602  8.67729e-05  4.35725e-16
 16     1.80349  4.09848e-06  4.31264e-16
 17     2.79768  4.558e-11  4.1436e-16
 18     2.96735  4.35962e-12  4.33402e-16
 19       6.569  6.37326e-15  4.1471e-16
 20     11.2325  3.83656e-15  4.33889e-16

 ──────────────────────────────────────────────────────────────────────────────
                                       Time                   Allocations      
                               ──────────────────────   ───────────────────────
       Tot / % measured:           91009s / 100%            94168GiB / 100%    

 Section               ncalls     time   %tot     avg     alloc   %tot      avg
 ──────────────────────────────────────────────────────────────────────────────
 apply_χ0                  20   90917s   100%   4546s   94126GiB 100%   4706GiB
   Hamiltonian mult...   295k   22298s  24.5%  75.5ms   1700GiB  1.81%  5.89MiB
   compute_density         20     181s  0.20%   9.06s    234GiB  0.25%  11.7GiB
 PlaneWaveBasis             1    16.5s  0.02%   16.5s   10.6GiB  0.01%  10.6GiB
   Instantiation At...      1    12.1s  0.01%   12.1s   9.33GiB  0.01%  9.33GiB
   Instantiation Ewald      1    2.80s  0.00%   2.80s   1.08GiB  0.00%  1.08GiB
   Instantiation At...      1    1.24s  0.00%   1.24s   35.3MiB  0.00%  35.3MiB
   build_kpoints            1    175ms  0.00%   175ms    111MiB  0.00%   111MiB
   Instantiation Ha...      1   5.95ms  0.00%  5.95ms   9.62MiB  0.00%  9.62MiB
   Instantiation Ki...      1   4.92ms  0.00%  4.92ms   5.02MiB  0.00%  5.02MiB
   Instantiation Ps...      1    118μs  0.00%   118μs   2.38KiB  0.00%  2.38KiB
   Instantiation Xc         1   2.73μs  0.00%  2.73μs     32.0B  0.00%    32.0B
   Instantiation En...      1    754ns  0.00%   754ns     16.0B  0.00%    16.0B
 compute_density            1    8.89s  0.01%   8.89s   11.9GiB  0.01%  11.9GiB
 mixing Resta              20    834ms  0.00%  41.7ms    450MiB  0.00%  22.5MiB
 spglib_get_symmetry        1   4.76ms  0.00%  4.76ms    278KiB  0.00%   278KiB
 ──────────────────────────────────────────────────────────────────────────────
