#
#-- optimal_damping AlGaAs n_repeat=10 -- mixing=KerkerMixing(1.0, 1.0)
#

Starting Arnoldi (now = 2020-07-25T18:23:03.322 ...

#--- 1 ---#
idcs      evals   residnorms   |P(X)|
  1    0.981449    0.138874  1.62042e-15

#--- 2 ---#
idcs      evals   residnorms   |P(X)|
  1    0.802274    0.349178  4.33251e-16
  2    0.986033    0.214025  1.3758e-15

#--- 3 ---#
idcs      evals   residnorms   |P(X)|
  1    0.264549    0.226647  4.19315e-16
  2    0.981339   0.0775221  1.5666e-15
  3     1.33066    0.221143  4.68921e-16

#--- 4 ---#
idcs      evals   residnorms   |P(X)|
  1    0.215818    0.114536  4.01723e-16
  2    0.734521    0.189685  4.69521e-16
  3    0.984828   0.0520474  1.62298e-15
  4      1.5508   0.0996491  4.42944e-16

#--- 5 ---#
idcs      evals   residnorms   |P(X)|
  1    0.196435   0.0781183  3.97562e-16
  2    0.437202    0.145464  4.17289e-16
  3    0.942744    0.121453  4.90727e-16
  4    0.996773   0.0890491  1.32419e-15
  5     1.54417   0.0285344  4.476e-16

#--- 6 ---#
idcs      evals   residnorms   |P(X)|
  1    0.170789   0.0315641  3.9725e-16
  2    0.443756   0.0930884  4.29204e-16
  3    0.739527    0.144147  4.83724e-16
  4    0.983746   0.0384494  1.61173e-15
  5     1.15219    0.143412  5.62805e-16
  6     1.53476   0.0149753  4.47552e-16

#--- 7 ---#
idcs      evals   residnorms   |P(X)|
  1    0.169126   0.0140094  3.91765e-16
  2    0.423144   0.0753527  4.23066e-16
  3    0.596183    0.145628  4.25467e-16
  4    0.898568    0.115227  5.12552e-16
  5    0.988928   0.0408255  1.66362e-15
  6     1.24268   0.0981483  4.56144e-16
  7     1.53339  0.00631001  4.38576e-16

#--- 8 ---#
idcs      evals   residnorms   |P(X)|
  1    0.171854   0.0129017  3.91794e-16
  2    0.359585    0.111707  4.15235e-16
  3    0.546448    0.183137  4.40948e-16
  4    0.681486    0.184892  4.4594e-16
  5    0.971109   0.0929721  9.54363e-16
  6     1.01022    0.103091  1.18039e-15
  7     1.26623   0.0762682  4.51927e-16
  8      1.5338  0.00306523  4.43057e-16

#--- 9 ---#
idcs      evals   residnorms   |P(X)|
  1     0.17087  0.00660603  3.97426e-16
  2      0.3336   0.0989423  4.04731e-16
  3    0.455234   0.0886665  4.26958e-16
  4    0.669381    0.122942  4.41688e-16
  5    0.855166    0.136388  5.5814e-16
  6    0.986298   0.0348261  1.66117e-15
  7     1.12096    0.129748  5.5126e-16
  8     1.28234    0.075212  4.51211e-16
  9       1.534  0.00144468  4.46542e-16

#--- 10 ---#
idcs      evals   residnorms   |P(X)|
  1    0.169124   0.0050474  3.96413e-16
  2    0.285968   0.0844398  4.19478e-16
  3    0.404332   0.0490654  4.2005e-16
  4    0.669414    0.137918  4.4169e-16
  5    0.700342    0.147628  4.44085e-16
  6    0.951748    0.101913  5.3981e-16
  7    0.994513    0.059387  1.63791e-15
  8     1.19215    0.103112  4.52461e-16
  9      1.3076   0.0764145  4.49459e-16
 10     1.53414  0.000753704  4.46136e-16

#--- 11 ---#
idcs      evals   residnorms   |P(X)|
  1    0.170321   0.0021161  3.86858e-16
  2    0.280242   0.0433233  4.1259e-16
  3    0.418601   0.0464807  4.0369e-16
  4    0.527422    0.112812  4.37808e-16
  5    0.716501   0.0986803  4.54634e-16
  6    0.837969    0.110404  5.43084e-16
  7    0.984872   0.0307637  1.59683e-15
  8     1.06684   0.0994707  7.04516e-16
  9     1.22088   0.0813821  4.81798e-16
 10     1.33337   0.0595844  4.45263e-16
 11     1.53386  0.000358671  4.41511e-16

#--- 12 ---#
idcs      evals   residnorms   |P(X)|
  1    0.170185  0.000827058  3.9877e-16
  2    0.271468   0.0210631  4.05659e-16
  3     0.40475   0.0346431  4.11035e-16
  4    0.485293   0.0753019  4.42858e-16
  5    0.657516   0.0878053  4.43142e-16
  7    0.914066   0.0770115  6.22228e-16
  8    0.988683   0.0210571  1.73405e-15
  9     1.11538   0.0568842  4.73959e-16
 10     1.24101   0.0418997  4.5685e-16
 11     1.34587   0.0288803  4.48651e-16
 12     1.53383  0.000111273  4.45656e-16

#--- 13 ---#
idcs      evals   residnorms   |P(X)|
  1    0.170041  0.000318559  3.98695e-16
  2    0.271659   0.0103208  4.07393e-16
  3    0.397339   0.0253064  4.08093e-16
  4    0.472471     0.05608  4.1985e-16
  5     0.60158   0.0859703  4.31224e-16
  8    0.965848   0.0987004  6.53514e-16
  9    0.995235   0.0612455  1.76062e-15
 10     1.12387   0.0496332  4.44479e-16
 11     1.24653   0.0249893  4.44497e-16
 12     1.34709   0.0140068  4.39405e-16
 13     1.53384  3.68521e-05  4.45651e-16

#--- 14 ---#
idcs      evals   residnorms   |P(X)|
  1    0.170096  0.000102784  3.9648e-16
  2    0.270913  0.00404721  4.10593e-16
  3    0.399329   0.0163852  4.20749e-16
  4     0.45386   0.0354552  4.12254e-16
  5    0.583434   0.0719568  4.37734e-16
  9    0.987868   0.0221991  1.70391e-15
 10     1.08791    0.107826  6.36187e-16
 11     1.14764    0.113758  5.34726e-16
 12     1.24768   0.0259617  4.41372e-16
 13     1.34747  0.00918867  4.42201e-16
 14     1.53385  1.45113e-05  4.41134e-16

 ──────────────────────────────────────────────────────────────────────────────
                                       Time                   Allocations      
                               ──────────────────────   ───────────────────────
       Tot / % measured:           79811s / 100%            66091GiB / 100%    

 Section               ncalls     time   %tot     avg     alloc   %tot      avg
 ──────────────────────────────────────────────────────────────────────────────
 apply_χ0                  14   79728s   100%   5695s   66056GiB 100%   4718GiB
   Hamiltonian mult...   217k   19577s  24.5%  90.2ms   1249GiB  1.89%  5.89MiB
   compute_density         14     142s  0.18%   10.1s    164GiB  0.25%  11.7GiB
 PlaneWaveBasis             1    21.2s  0.03%   21.2s   10.6GiB  0.02%  10.6GiB
   Instantiation At...      1    17.0s  0.02%   17.0s   9.33GiB  0.01%  9.33GiB
   Instantiation Ewald      1    2.68s  0.00%   2.68s   1.08GiB  0.00%  1.08GiB
   Instantiation At...      1    1.24s  0.00%   1.24s   35.3MiB  0.00%  35.3MiB
   build_kpoints            1    119ms  0.00%   119ms    111MiB  0.00%   111MiB
   Instantiation Ha...      1   6.46ms  0.00%  6.46ms   9.62MiB  0.00%  9.62MiB
   Instantiation Ki...      1   5.92ms  0.00%  5.92ms   5.02MiB  0.00%  5.02MiB
   Instantiation Ps...      1    139μs  0.00%   139μs   2.38KiB  0.00%  2.38KiB
   Instantiation Xc         1   2.71μs  0.00%  2.71μs     32.0B  0.00%    32.0B
   Instantiation En...      1    769ns  0.00%   769ns     16.0B  0.00%    16.0B
 compute_density            1    11.0s  0.01%   11.0s   11.9GiB  0.02%  11.9GiB
 mixing Kerker             14    784ms  0.00%  56.0ms    321MiB  0.00%  22.9MiB
 spglib_get_symmetry        1   5.55ms  0.00%  5.55ms    278KiB  0.00%   278KiB
 ──────────────────────────────────────────────────────────────────────────────
