#
#-- optimal_damping AlGaAs n_repeat=10 -- mixing=HybridMixing(1.0, 14, 1.0, identity, true, false)
#

Starting Arnoldi (now = 2020-07-25T18:08:10.614 ...

#--- 1 ---#
idcs      evals   residnorms   |P(X)|
  1     0.97027   0.0785215  1.61417e-15

#--- 2 ---#
idcs      evals   residnorms   |P(X)|
  1    0.651689    0.219759  5.12754e-16
  2    0.975803   0.0527212  1.64319e-15

#--- 3 ---#
idcs      evals   residnorms   |P(X)|
  1    0.487418     0.16001  4.43056e-16
  2    0.829378    0.166447  5.7938e-16
  3    0.980683   0.0473483  1.66295e-15

#--- 4 ---#
idcs      evals   residnorms   |P(X)|
  1     0.42968    0.128073  4.31892e-16
  2    0.634803    0.170413  4.48898e-16
  3    0.917967    0.119836  5.87384e-16
  4    0.986259   0.0550774  1.60508e-15

#--- 5 ---#
idcs      evals   residnorms   |P(X)|
  1    0.383428   0.0994187  4.2318e-16
  2    0.540102    0.137082  4.39677e-16
  3    0.765127    0.141321  4.64264e-16
  4    0.959663   0.0879993  7.32733e-16
  5    0.995459   0.0685066  1.26629e-15

#--- 6 ---#
idcs      evals   residnorms   |P(X)|
  1    0.353955   0.0661839  4.26042e-16
  2    0.493069    0.101542  4.5152e-16
  3    0.661168    0.129363  4.58008e-16
  4    0.844935    0.113692  5.21808e-16
  5    0.975862   0.0550386  1.29417e-15
  6     1.01567   0.0646764  8.13904e-16

#--- 7 ---#
idcs      evals   residnorms   |P(X)|
  1    0.337331   0.0462251  4.19049e-16
  2    0.468469   0.0943152  4.50309e-16
  3    0.568595    0.120022  4.64009e-16
  4    0.746166    0.113747  4.9421e-16
  5    0.888958   0.0869197  6.15776e-16
  6    0.980586   0.0346192  1.55728e-15
  7     1.03311   0.0461719  6.19558e-16

#--- 8 ---#
idcs      evals   residnorms   |P(X)|
  1    0.328205   0.0343757  4.17618e-16
  2    0.428917   0.0771796  4.467e-16
  3    0.530123   0.0915298  4.60884e-16
  4    0.656306    0.101911  4.67309e-16
  5    0.817408   0.0999324  5.41086e-16
  6    0.914852   0.0755352  7.20829e-16
  7    0.982836    0.026961  1.66048e-15
  8     1.04264   0.0309305  5.18419e-16

#--- 9 ---#
idcs      evals   residnorms   |P(X)|
  1    0.323411   0.0259209  4.14664e-16
  2    0.402186   0.0622601  4.34744e-16
  3    0.502883   0.0784922  4.52516e-16
  4    0.599443    0.103104  4.61784e-16
  5    0.724299     0.10194  4.90703e-16
  6    0.855874   0.0854245  5.46529e-16
  7    0.936079   0.0650733  7.96163e-16
  8    0.984917   0.0246421  1.71289e-15
  9     1.04681   0.0205472  4.65453e-16

#--- 10 ---#
idcs      evals   residnorms   |P(X)|
  1    0.320098   0.0184549  4.2135e-16
  2    0.386638   0.0489685  4.42351e-16
  3    0.473888   0.0675207  4.45194e-16
  4    0.563354   0.0864172  4.52421e-16
  5    0.663343   0.0913687  4.51792e-16
  6    0.791802   0.0973648  4.78448e-16
  7    0.883991   0.0832057  5.26692e-16
  8      0.9552   0.0634418  8.42059e-16
  9    0.987549   0.0300856  1.73041e-15
 10     1.04909   0.0155897  4.45959e-16

#--- 11 ---#
idcs      evals   residnorms   |P(X)|
  1    0.319041     0.01278  4.21194e-16
  2    0.375942   0.0383359  4.34318e-16
  3    0.454666   0.0597837  4.43924e-16
  4     0.53181   0.0727101  4.5578e-16
  5    0.629963    0.094258  4.56823e-16
  6    0.718942    0.100534  4.60447e-16
  7    0.837349   0.0879523  4.6657e-16
  8    0.907529   0.0775472  5.29418e-16
  9    0.972907   0.0577989  1.0076e-15
 10     0.99467   0.0499849  1.5521e-15
 11     1.05016   0.0145374  4.39234e-16

#--- 12 ---#
idcs      evals   residnorms   |P(X)|
  1    0.318713  0.00872684  4.17113e-16
  2    0.369842   0.0313897  4.42105e-16
  3    0.436037   0.0532373  4.4203e-16
  4    0.511868   0.0655022  4.54759e-16
  5    0.590762    0.087749  4.593e-16
  7    0.779233    0.098148  4.81429e-16
  8    0.869228   0.0858895  5.26853e-16
  9    0.927308   0.0711178  6.78669e-16
 10    0.982304   0.0352158  1.53972e-15
 11     1.01444   0.0677979  1.03748e-15
 12     1.05101   0.0190467  4.56309e-16

#--- 13 ---#
idcs      evals   residnorms   |P(X)|
  1    0.318707  0.00635634  4.13787e-16
  2    0.364943   0.0281532  4.54281e-16
  3    0.420778   0.0512883  4.41643e-16
  4    0.491389   0.0639572  4.45691e-16
  5    0.558561   0.0803574  4.49824e-16
  8    0.821326   0.0858687  4.95101e-16
  9    0.891759   0.0781824  5.66407e-16
 10    0.946239   0.0634379  8.45445e-16
 11    0.985768   0.0267689  1.72247e-15
 12     1.03681   0.0604943  6.57451e-16
 13     1.05366   0.0364899  4.94327e-16

#--- 14 ---#
idcs      evals   residnorms   |P(X)|
  1    0.318647  0.00415391  4.14902e-16
  2    0.360997   0.0227434  4.42765e-16
  3    0.409132   0.0436343  4.33883e-16
  4      0.4708   0.0533611  4.29322e-16
  5    0.536334   0.0625036  4.52615e-16
  9    0.857812   0.0774974  4.81733e-16
 10    0.908064   0.0709895  5.44867e-16
 11    0.963814   0.0559618  9.35133e-16
 12    0.989219   0.0301133  1.76691e-15
 13     1.04629   0.0271702  4.50735e-16
 14     1.06537   0.0495611  4.76522e-16

#--- 15 ---#
idcs      evals   residnorms   |P(X)|
  1    0.318455  0.00248821  4.20552e-16
  2    0.359587    0.016595  4.45935e-16
  3    0.402632   0.0347592  4.3097e-16
  4    0.459933   0.0469505  4.27816e-16
  5    0.518514   0.0563045  4.46427e-16
 10    0.883143   0.0828069  4.97298e-16
 11    0.925009   0.0748831  5.8504e-16
 12    0.977026   0.0516546  1.14669e-15
 13    0.995723   0.0498523  1.55559e-15
 14     1.04842    0.017094  4.47837e-16
 15     1.07782   0.0473778  4.56161e-16

#--- 16 ---#
idcs      evals   residnorms   |P(X)|
  1     0.31836  0.00166127  4.18806e-16
  2    0.358691    0.013677  4.44938e-16
  3    0.398831   0.0338299  4.38532e-16
  4    0.447372   0.0515959  4.31001e-16
  5     0.50362   0.0652469  4.44739e-16
 11     0.90266   0.0744356  5.52378e-16
 12    0.945021   0.0687779  7.91041e-16
 13    0.984321     0.03434  1.6305e-15
 14     1.01442   0.0688114  9.86391e-16
 15     1.04949   0.0185809  4.49014e-16
 16     1.08799   0.0482021  4.6549e-16

#--- 17 ---#
idcs      evals   residnorms   |P(X)|
  1      0.3183  0.00115475  4.27498e-16
  2    0.358019   0.0128746  4.64968e-16
  3    0.392436   0.0375733  4.39446e-16
  4    0.431201   0.0558213  4.30073e-16
  5    0.481967   0.0566017  4.37498e-16
 12    0.913314    0.061294  5.72394e-16
 13    0.960442   0.0503272  9.43761e-16
 14    0.987755   0.0248952  1.78025e-15
 15     1.03543   0.0527741  5.85917e-16
 16     1.05187   0.0268738  4.62791e-16
 17     1.09852    0.043312  4.62618e-16

#--- 18 ---#
idcs      evals   residnorms   |P(X)|
  1    0.318284  0.000755018  4.20029e-16
  2    0.357444   0.0121775  4.38327e-16
  3    0.383415   0.0349201  4.4212e-16
  4    0.420158   0.0419423  4.35442e-16
  5     0.46685   0.0407005  4.25298e-16
 13    0.920307   0.0596624  5.85011e-16
 14    0.969236   0.0397334  1.01709e-15
 15    0.990354   0.0231691  1.78653e-15
 16     1.04361   0.0284313  4.51322e-16
 17     1.05535   0.0281479  4.55475e-16
 18     1.10637   0.0291236  4.54376e-16

#--- 19 ---#
idcs      evals   residnorms   |P(X)|
  1    0.318298  0.000522881  4.1521e-16
  2    0.356296    0.011615  4.43883e-16
  3    0.378147   0.0318669  4.32408e-16
  4    0.411995   0.0342446  4.35794e-16
  5    0.460237   0.0408298  4.35692e-16
 14    0.927651   0.0684674  6.07007e-16
 15     0.97531   0.0386848  1.1107e-15
 16    0.992836   0.0275428  1.70148e-15
 17      1.0459   0.0181797  4.48362e-16
 18     1.05771   0.0230506  4.4982e-16
 19     1.10936   0.0182842  4.43005e-16

#--- 20 ---#
idcs      evals   residnorms   |P(X)|
  1    0.318288  0.000382061  4.08016e-16
  2    0.355509   0.0121686  4.26991e-16
  3    0.373588     0.03082  4.39238e-16
  4    0.405352   0.0327214  4.2588e-16
  5    0.448782   0.0455507  4.38264e-16
 15    0.947866     0.06993  7.25593e-16
 16     0.98265   0.0429483  1.43156e-15
 17    0.999251   0.0491948  1.33775e-15
 18     1.04655   0.0162105  4.42197e-16
 19     1.05978   0.0219598  4.47762e-16
 20     1.11038   0.0131482  4.50927e-16

#--- 21 ---#
idcs      evals   residnorms   |P(X)|
  1    0.318278  0.000300554  4.12545e-16
  2    0.354589   0.0151484  4.4088e-16
  3    0.368389   0.0308647  4.45245e-16
  4    0.398229    0.032464  4.23369e-16
  5    0.436251   0.0447482  4.4193e-16
 16    0.963649   0.0485131  9.26444e-16
 17    0.988063   0.0292477  1.77792e-15
 18      1.0178   0.0656964  7.76375e-16
 19     1.04662   0.0188143  4.53601e-16
 20     1.06291   0.0248512  4.51234e-16
 21     1.11107   0.0105578  4.57161e-16

#--- 22 ---#
idcs      evals   residnorms   |P(X)|
  1    0.318274  0.000240397  4.22628e-16
  2    0.352803   0.0216093  4.23162e-16
  3     0.36263   0.0268386  4.47276e-16
  4    0.391809   0.0297048  4.28594e-16
  5    0.426097   0.0383379  4.35719e-16
 17    0.971267   0.0355381  1.05047e-15
 18    0.990733    0.022088  1.79596e-15
 19     1.03645   0.0519279  5.26485e-16
 20     1.04755   0.0271139  4.54232e-16
 21     1.06771   0.0303528  4.49099e-16
 22     1.11155  0.00848217  4.61297e-16

 ──────────────────────────────────────────────────────────────────────────────
                                       Time                   Allocations      
                               ──────────────────────   ───────────────────────
       Tot / % measured:           132668s / 100%          104472GiB / 100%    

 Section               ncalls     time   %tot     avg     alloc   %tot      avg
 ──────────────────────────────────────────────────────────────────────────────
 apply_χ0                  22   132240s   100%   6011s   104094GiB100%   4732GiB
   Hamiltonian mult...   359k   32550s  24.6%  90.7ms   2065GiB  1.98%  5.89MiB
   compute_density         22     245s  0.18%   11.1s    257GiB  0.25%  11.7GiB
 mixing Hybrid             22     321s  0.24%   14.6s    334GiB  0.32%  15.2GiB
   compute_density         23     251s  0.19%   10.9s    274GiB  0.26%  11.9GiB
 PlaneWaveBasis             1    17.2s  0.01%   17.2s   10.6GiB  0.01%  10.6GiB
   Instantiation At...      1    13.3s  0.01%   13.3s   9.33GiB  0.01%  9.33GiB
   Instantiation Ewald      1    2.55s  0.00%   2.55s   1.08GiB  0.00%  1.08GiB
   Instantiation At...      1    1.17s  0.00%   1.17s   35.3MiB  0.00%  35.3MiB
   build_kpoints            1   98.7ms  0.00%  98.7ms    111MiB  0.00%   111MiB
   Instantiation Ha...      1   5.87ms  0.00%  5.87ms   9.62MiB  0.00%  9.62MiB
   Instantiation Ki...      1   4.58ms  0.00%  4.58ms   5.02MiB  0.00%  5.02MiB
   Instantiation Ps...      1    107μs  0.00%   107μs   2.38KiB  0.00%  2.38KiB
   Instantiation Xc         1   1.54μs  0.00%  1.54μs     32.0B  0.00%    32.0B
   Instantiation En...      1    694ns  0.00%   694ns     16.0B  0.00%    16.0B
 spglib_get_symmetry        1   5.06ms  0.00%  5.06ms    278KiB  0.00%   278KiB
 ──────────────────────────────────────────────────────────────────────────────
