#
#-- optimal_damping AlGaAs n_repeat=10 -- mixing=SimpleMixing(1.0)
#

Starting Arnoldi (now = 2020-07-25T18:23:10.15 ...

#--- 1 ---#
idcs      evals   residnorms   |P(X)|
  1    0.998678    0.445509  1.61739e-15

#--- 2 ---#
idcs      evals   residnorms   |P(X)|
  1    0.999587    0.191241  1.61856e-15
  2      101.59     43.1807  3.77063e-16

#--- 3 ---#
idcs      evals   residnorms   |P(X)|
  1    0.998955    0.120115  1.61934e-15
  2     51.4482     33.5707  3.62472e-16
  3     133.469     27.2292  3.66073e-16

#--- 4 ---#
idcs      evals   residnorms   |P(X)|
  1    0.998839   0.0663084  1.61799e-15
  2     18.2053     11.3672  4.13681e-16
  3     77.6984     9.97156  3.83744e-16
  4     143.773     5.04402  3.84722e-16

#--- 5 ---#
idcs      evals   residnorms   |P(X)|
  1    0.998554   0.0384737  1.61694e-15
  2     7.88966       4.763  3.73641e-16
  3     26.7358     4.44702  3.81266e-16
  4     79.9158     1.01102  3.70349e-16
  5     143.658    0.253161  3.68168e-16

#--- 6 ---#
idcs      evals   residnorms   |P(X)|
  1    0.998289   0.0442152  1.61784e-15
  2     4.56234     4.75062  3.92278e-16
  3     13.4633     6.17527  3.79144e-16
  4      27.844     2.09125  3.64442e-16
  5     79.9926    0.114867  3.66088e-16
  6     143.671   0.0148404  3.5338e-16

#--- 7 ---#
idcs      evals   residnorms   |P(X)|
  1    0.998165   0.0300869  1.61619e-15
  2     3.33142     2.60806  4.11357e-16
  3     10.6296     3.66421  3.69244e-16
  4     22.4544     6.19648  3.48245e-16
  5     28.5559     2.20283  3.71707e-16
  6     79.9807   0.0144782  3.60934e-16
  7      143.67  0.000905635  3.47957e-16

#--- 8 ---#
idcs      evals   residnorms   |P(X)|
  1    0.997957   0.0174521  1.61561e-15
  2     2.09362    0.932513  4.32161e-16
  3     7.21748     1.58496  3.88476e-16
  4     12.6718     1.30313  3.60231e-16
  5     24.6972    0.883701  3.46115e-16
  6     28.8931     0.39355  3.75459e-16
  7     79.9793  0.000485072  3.59316e-16
  8      143.67  1.56712e-05  3.7946e-16

#--- 9 ---#
idcs      evals   residnorms   |P(X)|
  1    0.997847   0.0201217  1.61122e-15
  2     1.68674    0.972534  4.88012e-16
  3      3.7682     1.84247  3.86939e-16
  4     7.88043    0.863619  3.65951e-16
  5     12.7639    0.352755  3.6762e-16
  6     24.7904   0.0976183  3.56441e-16
  7     28.8931   0.0368011  3.76291e-16
  8     79.9794  1.44114e-05  3.77078e-16
  9      143.67  2.5274e-07  3.98575e-16

#--- 10 ---#
idcs      evals   residnorms   |P(X)|
  1    0.997721   0.0206205  1.60936e-15
  2     1.47797     0.81152  5.22704e-16
  3     3.20163     1.44993  4.00919e-16
  4     7.36463     2.55314  3.77018e-16
  5     8.65793     3.06292  3.81528e-16
  6     12.8023    0.289492  3.51768e-16
  7      24.807   0.0229709  3.49616e-16
  8     28.8957  0.00700931  3.60065e-16
  9     79.9794  8.0367e-07  3.7703e-16
 10      143.67  7.50096e-09  3.49062e-16

#--- 11 ---#
idcs      evals   residnorms   |P(X)|
  1    0.997613   0.0174523  1.6033e-15
  2     1.28966    0.491163  5.72005e-16
  3     2.61375    0.799055  4.0416e-16
  4     5.05732     1.35816  3.80066e-16
  5     7.92631    0.538963  3.60776e-16
  6     11.7943     1.43935  3.8448e-16
  7     12.8747    0.372206  3.66689e-16
  8      24.812  0.00342628  3.69245e-16
  9     28.8958  0.000824914  3.63798e-16
 10     79.9794  2.64989e-08  3.56586e-16
 11      143.67  1.30884e-10  3.51314e-16

 ──────────────────────────────────────────────────────────────────────────────
                                       Time                   Allocations      
                               ──────────────────────   ───────────────────────
       Tot / % measured:           46846s / 100%            51693GiB / 100%    

 Section               ncalls     time   %tot     avg     alloc   %tot      avg
 ──────────────────────────────────────────────────────────────────────────────
 apply_χ0                  11   46789s   100%   4254s   51662GiB 100%   4697GiB
   Hamiltonian mult...   156k   11203s  23.9%  71.8ms    897GiB  1.74%  5.89MiB
   compute_density         11    94.2s  0.20%   8.56s    129GiB  0.25%  11.7GiB
 PlaneWaveBasis             1    15.3s  0.03%   15.3s   10.6GiB  0.02%  10.6GiB
   Instantiation At...      1    11.6s  0.02%   11.6s   9.33GiB  0.02%  9.33GiB
   Instantiation Ewald      1    2.26s  0.00%   2.26s   1.08GiB  0.00%  1.08GiB
   Instantiation At...      1    1.11s  0.00%   1.11s   35.3MiB  0.00%  35.3MiB
   build_kpoints            1    122ms  0.00%   122ms    111MiB  0.00%   111MiB
   Instantiation Ki...      1   11.1ms  0.00%  11.1ms   5.02MiB  0.00%  5.02MiB
   Instantiation Ha...      1   8.18ms  0.00%  8.18ms   9.62MiB  0.00%  9.62MiB
   Instantiation Ps...      1    141μs  0.00%   141μs   2.38KiB  0.00%  2.38KiB
   Instantiation Xc         1   4.71μs  0.00%  4.71μs     32.0B  0.00%    32.0B
   Instantiation En...      1   1.17μs  0.00%  1.17μs     16.0B  0.00%    16.0B
 compute_density            1    8.88s  0.02%   8.88s   11.9GiB  0.02%  11.9GiB
 spglib_get_symmetry        1   4.65ms  0.00%  4.65ms    278KiB  0.00%   278KiB
 mixing Simple             11    104μs  0.00%  9.50μs     0.00B  0.00%    0.00B
 ──────────────────────────────────────────────────────────────────────────────
