#
#-- SCF AlGaAs n_repeat=10 -- mixing=RestaMixing(0.17, 14, 1.0)
#

hostname       = clustern10

started on     = 2020-07-27T23:59:29.697
julia threads  = 4
BLAS threads   = 4

temperature    = 0.001
smearing       = DFTK.Smearing.Gaussian()
diag(lattice)  = [15.11, 10.68, 79.45]
Ecut           = 20
fft_size       = (48, 36, 243)
kgrid          = [3, 4, 1]
irreducible k  = 12
n_bands        = 152
n_electr       = 280
mixing         = RestaMixing(0.17, 14, 1.0)
n     Free energy       Eₙ-Eₙ₋₁     ρout-ρin   Diag
---   ---------------   ---------   --------   ----
  1   -250.9335689745         NaN   9.65e-01    22.1 
  2   -252.6651546926   -1.73e+00   8.30e-01    17.7 
  3   -252.2546938219    4.10e-01   8.82e-02    20.3 
  4   -252.5430346256   -2.88e-01   6.72e-02    14.9 
  5   -251.4463020923    1.10e+00   6.37e-02    15.8 
  6   -252.7612623141   -1.31e+00   2.90e-02    16.6 
  7   -252.7736261343   -1.24e-02   1.77e-02    13.4 
  8   -252.7972391159   -2.36e-02   9.25e-03    12.8 
  9   -252.7928487027    4.39e-03   8.86e-03    16.3 
 10   -252.7992448224   -6.40e-03   2.69e-03    14.8 
 11   -252.7992870737   -4.23e-05   2.17e-03    13.2 
 12   -252.7995256810   -2.39e-04   7.62e-04    13.6 
 13   -252.7995374328   -1.18e-05   3.25e-04    13.6 
 14   -252.7995476944   -1.03e-05   2.28e-04    15.0 
 15   -252.7995498276   -2.13e-06   1.22e-04    15.1 
 16   -252.7995511237   -1.30e-06   5.09e-05    15.4 
 17   -252.7995511866   -6.29e-08   3.95e-05    16.2 
 18   -252.7995509479    2.39e-07   2.88e-05    16.6 
 19   -252.7995511990   -2.51e-07   1.33e-05    13.9 
 20   -252.7995512118   -1.28e-08   9.54e-06    16.1 
 21   -252.7995512128   -1.09e-09   6.00e-06    10.8 
 22   -252.7995512122    6.26e-10   4.39e-06    15.0 
 23   -252.7995512127   -5.36e-10   2.79e-06    16.7 
 24   -252.7995512132   -4.16e-10   8.49e-07    15.1 
 25   -252.7995512133   -8.84e-11   5.02e-07    15.6 
 26   -252.7995512132    7.39e-12   2.51e-07    15.2 
Energy breakdown:
    Kinetic             92.8069479
    AtomicLocal         -323.5522745
    AtomicNonlocal      36.3816149
    Ewald               -129.1400956
    PspCorrection       0.1551359 
    Hartree             147.6005859
    Xc                  -77.0510524
    Entropy             -0.0004133

    total               -252.799551213245

 ──────────────────────────────────────────────────────────────────────────────
                                       Time                   Allocations      
                               ──────────────────────   ───────────────────────
       Tot / % measured:           23693s / 100%            3760GiB / 100%     

 Section               ncalls     time   %tot     avg     alloc   %tot      avg
 ──────────────────────────────────────────────────────────────────────────────
 self_consistent_field      1   23672s   100%  23672s   3749GiB  100%   3749GiB
   LOBPCG                 312   20308s  85.7%   65.1s   3321GiB  88.3%  10.6GiB
     Hamiltonian mu...  5.13k    7045s  29.7%   1.37s    505GiB  13.4%   101MiB
     block multipli...  27.6k    4917s  20.8%   178ms    907GiB  24.1%  33.7MiB
     rayleigh_ritz      4.82k    1989s  8.40%   413ms   12.8GiB  0.34%  2.73MiB
     ortho              21.2k    1953s  8.24%  91.9ms    586GiB  15.6%  28.3MiB
   energy_hamiltonian      53    2916s  12.3%   55.0s    108GiB  2.87%  2.04GiB
   compute_density         26     251s  1.06%   9.67s    310GiB  8.23%  11.9GiB
   QR orthonormaliz...    312    32.5s  0.14%   104ms   7.51GiB  0.20%  24.6MiB
   mixing Resta            26    251ms  0.00%  9.67ms    333MiB  0.01%  12.8MiB
 PlaneWaveBasis             1    17.5s  0.07%   17.5s   10.6GiB  0.28%  10.6GiB
   Instantiation At...      1    11.9s  0.05%   11.9s   9.33GiB  0.25%  9.33GiB
   Instantiation Ewald      1    3.05s  0.01%   3.05s   1.08GiB  0.03%  1.08GiB
   build_kpoints            1    1.37s  0.01%   1.37s    111MiB  0.00%   111MiB
   Instantiation At...      1    1.18s  0.01%   1.18s   35.3MiB  0.00%  35.3MiB
   Instantiation Ha...      1   9.19ms  0.00%  9.19ms   9.62MiB  0.00%  9.62MiB
   Instantiation Ki...      1   5.63ms  0.00%  5.63ms   5.02MiB  0.00%  5.02MiB
   Instantiation Ps...      1    186μs  0.00%   186μs   2.38KiB  0.00%  2.38KiB
   Instantiation Xc         1   6.31μs  0.00%  6.31μs     32.0B  0.00%    32.0B
   Instantiation En...      1   1.88μs  0.00%  1.88μs     16.0B  0.00%    16.0B
 guess_density              1    1.09s  0.00%   1.09s   54.5MiB  0.00%  54.5MiB
 spglib_get_symmetry        1   5.89ms  0.00%  5.89ms    278KiB  0.00%   278KiB
 ──────────────────────────────────────────────────────────────────────────────
