#
#-- SCF AlGaAs n_repeat=10 -- mixing=SimpleMixing(0.0138)
#

hostname       = clustern10

started on     = 2020-07-27T05:53:14.941
julia threads  = 4
BLAS threads   = 4

temperature    = 0.001
smearing       = DFTK.Smearing.Gaussian()
diag(lattice)  = [15.11, 10.68, 79.45]
Ecut           = 20
fft_size       = (48, 36, 243)
kgrid          = [3, 4, 1]
irreducible k  = 12
n_bands        = 152
n_electr       = 280
mixing         = SimpleMixing(0.0138)
n     Free energy       Eₙ-Eₙ₋₁     ρout-ρin   Diag
---   ---------------   ---------   --------   ----
  1   -250.9338004293         NaN   9.65e-01    22.6 
  2   -252.6414815726   -1.71e+00   9.54e-01    16.3 
  3   -252.6330821261    8.40e-03   9.10e-01    17.8 
  4   -230.9583244702    2.17e+01   3.97e-01    26.8 
  5   -243.5144974018   -1.26e+01   3.01e-01    22.1 
  6   -251.9222726884   -8.41e+00   1.76e-01    20.3 
  7   -252.3591166431   -4.37e-01   1.52e-01    15.5 
  8   -252.5917476180   -2.33e-01   1.16e-01    16.2 
  9   -252.6934842345   -1.02e-01   9.58e-02    18.6 
 10   -252.6510754009    4.24e-02   6.86e-02    21.2 
 11   -252.6897614005   -3.87e-02   5.38e-02    21.0 
 12   -252.6742145370    1.55e-02   4.29e-02    21.1 
 13   -252.7691475445   -9.49e-02   3.80e-02    17.7 
 14   -252.7473837362    2.18e-02   3.73e-02    12.6 
 15   -252.7931801783   -4.58e-02   1.98e-02    18.3 
 16   -252.7962523207   -3.07e-03   1.90e-02    15.7 
 17   -252.7757827868    2.05e-02   1.65e-02    19.6 
 18   -252.7982115332   -2.24e-02   1.05e-02    20.8 
 19   -252.7987274078   -5.16e-04   9.59e-03    15.8 
 20   -252.7987875651   -6.02e-05   9.10e-03    14.7 
 21   -252.7982008947    5.87e-04   6.54e-03    19.1 
 22   -252.7987145921   -5.14e-04   4.93e-03    22.1 
 23   -252.7992750123   -5.60e-04   4.44e-03    16.9 
 24   -252.7994378002   -1.63e-04   3.28e-03    19.3 
 25   -252.7994473060   -9.51e-06   2.93e-03    17.1 
 26   -252.7994962801   -4.90e-05   1.88e-03    17.8 
 27   -252.7995133698   -1.71e-05   1.73e-03    14.6 
 28   -252.7995080886    5.28e-06   1.02e-03    19.5 
 29   -252.7995361204   -2.80e-05   7.10e-04    19.4 
 30   -252.7995381014   -1.98e-06   6.67e-04    19.3 
 31   -252.7995488688   -1.08e-05   4.39e-04    19.7 
 32   -252.7995498694   -1.00e-06   4.05e-04    14.8 
 33   -252.7995494352    4.34e-07   3.70e-04    18.3 
 34   -252.7995494713   -3.61e-08   3.35e-04    15.5 
 35   -252.7995505672   -1.10e-06   2.48e-04    20.7 
 36   -252.7995503056    2.62e-07   2.12e-04    17.3 
 37   -252.7995510279   -7.22e-07   1.74e-04    18.8 
 38   -252.7995509778    5.01e-08   1.63e-04    17.9 
 39   -252.7995509586    1.92e-08   1.03e-04    19.3 
 40   -252.7995510635   -1.05e-07   7.87e-05    17.4 
 41   -252.7995511845   -1.21e-07   5.89e-05    17.3 
 42   -252.7995511619    2.25e-08   4.52e-05    18.3 
 43   -252.7995511805   -1.86e-08   3.63e-05    15.3 
 44   -252.7995512006   -2.00e-08   2.61e-05    20.5 
 45   -252.7995511994    1.16e-09   2.13e-05    18.5 
 46   -252.7995512096   -1.02e-08   1.89e-05    18.8 
 47   -252.7995512088    8.16e-10   1.79e-05    16.3 
 48   -252.7995512117   -2.88e-09   1.42e-05    19.1 
 49   -252.7995512123   -6.36e-10   1.29e-05    17.8 
 50   -252.7995512124   -1.11e-10   1.22e-05    15.9 
Energy breakdown:
    Kinetic             92.8069684
    AtomicLocal         -323.5523280
    AtomicNonlocal      36.3816353
    Ewald               -129.1400956
    PspCorrection       0.1551359 
    Hartree             147.6006084
    Xc                  -77.0510623
    Entropy             -0.0004133

    total               -252.799551212442

 ──────────────────────────────────────────────────────────────────────────────
                                       Time                   Allocations      
                               ──────────────────────   ───────────────────────
       Tot / % measured:           55241s / 100%            8775GiB / 100%     

 Section               ncalls     time   %tot     avg     alloc   %tot      avg
 ──────────────────────────────────────────────────────────────────────────────
 self_consistent_field      1   55222s   100%  55222s   8764GiB  100%   8764GiB
   LOBPCG                 600   49157s  89.0%   81.9s   7947GiB  90.6%  13.2GiB
     Hamiltonian mu...  11.6k   16182s  29.3%   1.40s   1197GiB  13.6%   106MiB
     block multipli...  63.4k   12865s  23.3%   203ms   2348GiB  26.8%  37.9MiB
     rayleigh_ritz      11.0k    5139s  9.30%   467ms   34.3GiB  0.39%  3.19MiB
     ortho              48.4k    4660s  8.44%  96.3ms   1439GiB  16.4%  30.5MiB
   energy_hamiltonian     101    5373s  9.73%   53.2s    207GiB  2.36%  2.05GiB
   compute_density         50     474s  0.86%   9.49s    595GiB  6.78%  11.9GiB
   QR orthonormaliz...    600    28.5s  0.05%  47.5ms   7.51GiB  0.09%  12.8MiB
   mixing Simple           50    6.93s  0.01%   139ms   1.41GiB  0.02%  28.9MiB
 PlaneWaveBasis             1    16.1s  0.03%   16.1s   10.6GiB  0.12%  10.6GiB
   Instantiation At...      1    10.8s  0.02%   10.8s   9.33GiB  0.11%  9.33GiB
   Instantiation Ewald      1    3.37s  0.01%   3.37s   1.08GiB  0.01%  1.08GiB
   Instantiation At...      1    1.19s  0.00%   1.19s   35.3MiB  0.00%  35.3MiB
   build_kpoints            1    145ms  0.00%   145ms    111MiB  0.00%   111MiB
   Instantiation Ha...      1   7.52ms  0.00%  7.52ms   9.62MiB  0.00%  9.62MiB
   Instantiation Ki...      1   5.96ms  0.00%  5.96ms   5.02MiB  0.00%  5.02MiB
   Instantiation Ps...      1    154μs  0.00%   154μs   2.38KiB  0.00%  2.38KiB
   Instantiation Xc         1   4.73μs  0.00%  4.73μs     32.0B  0.00%    32.0B
   Instantiation En...      1   1.40μs  0.00%  1.40μs     16.0B  0.00%    16.0B
 guess_density              1    977ms  0.00%   977ms   54.5MiB  0.00%  54.5MiB
 spglib_get_symmetry        1   4.87ms  0.00%  4.87ms    278KiB  0.00%   278KiB
 ──────────────────────────────────────────────────────────────────────────────
