#
#-- Anderson m=10
#

hostname       = clustern15

started on     = 2020-08-19T12:06:30.601
julia threads  = 4
BLAS threads   = 4

temperature    = 0.0
smearing       = DFTK.Smearing.None()
lattice        = [0.0 5.341 106.8; 5.341 0.0 106.8; 5.341 5.341 0.0]
Ecut           = 20
fft_size       = (25, 25, 480)
kgrid          = [4, 4, 1]
irreducible k  = 16
n_bands        = 89
n_electr       = 160
mixing         = SimpleMixing(0.128)
n     Energy            Eₙ-Eₙ₋₁     ρout-ρin   Diag
---   ---------------   ---------   --------   ----
  1   -170.6207964666         NaN   9.00e-01    27.8 
  2   -170.6326755733   -1.19e-02   7.80e-01    17.8 
  3   -170.6473955353   -1.47e-02   8.12e-02    26.0 
  4   -169.9606387706    6.87e-01   4.10e-02    26.4 
  5   +96.32464504805    2.66e+02   4.35e-01    24.0 
  6   -170.6349189121   -2.67e+02   2.07e-02    25.9 
  7   -170.6474308885   -1.25e-02   1.62e-02    25.2 
  8   -170.6443313629    3.10e-03   1.39e-02    20.4 
  9   -170.6376539931    6.68e-03   8.35e-03    26.6 
 10   -170.6449386699   -7.28e-03   4.24e-03    29.3 
 11   -170.6498429170   -4.90e-03   3.06e-03    23.8 
 12   -170.6503585412   -5.16e-04   2.91e-03    18.6 
 13   -170.6517968952   -1.44e-03   2.37e-03    23.4 
 14   -170.6528226461   -1.03e-03   2.17e-03    22.0 
 15   -170.6529126936   -9.00e-05   2.14e-03    16.6 
 16   -170.6533676716   -4.55e-04   2.07e-03    19.4 
 17   -170.6569107966   -3.54e-03   6.29e-03    42.3 
 18   -170.6573538972   -4.43e-04   5.57e-03    22.8 
 19   -170.6584803633   -1.13e-03   2.94e-03    26.1 
 20   -170.6588669754   -3.87e-04   9.90e-04    26.2 
 21   -170.6589094024   -4.24e-05   2.88e-04    24.4 
 22   -170.6589110207   -1.62e-06   1.84e-04    26.0 
 23   -170.6589125397   -1.52e-06   9.32e-05    27.9 
 24   -170.6589125478   -8.07e-09   5.33e-05    23.9 
 25   -170.6589125660   -1.82e-08   3.09e-05    25.0 
 26   -170.6589125668   -8.50e-10   2.14e-05    25.3 
 27   -170.6589125701   -3.30e-09   1.19e-05    25.0 
 28   -170.6589125703   -1.60e-10   6.21e-06    23.6 
 29   -170.6589125703   -5.40e-11   4.24e-06    22.7 
 30   -170.6589125703   -1.05e-11   2.52e-06    23.6 
 31   -170.6589125704   -5.39e-11   1.46e-06    24.4 
 32   -170.6589125704   -1.71e-13   9.65e-07    23.3 
Energy breakdown:
    Kinetic             64.1359936
    AtomicLocal         -61.8063486
    AtomicNonlocal      20.3319304
    Ewald               -168.4379255
    PspCorrection       7.5623694 
    Hartree             15.7919157
    Xc                  -48.2368475

    total               -170.658912570400

 ──────────────────────────────────────────────────────────────────────────────
                                       Time                   Allocations      
                               ──────────────────────   ───────────────────────
       Tot / % measured:            7105s / 100%            2201GiB / 100%     

 Section               ncalls     time   %tot     avg     alloc   %tot      avg
 ──────────────────────────────────────────────────────────────────────────────
 self_consistent_field      1    7079s   100%   7079s   2193GiB  100%   2193GiB
   LOBPCG                 512    6241s  88.0%   12.2s   1903GiB  86.5%  3.72GiB
     Hamiltonian mu...  13.1k    2733s  38.5%   209ms    332GiB  15.1%  26.0MiB
     block multipli...  73.3k    1074s  15.1%  14.6ms    539GiB  24.5%  7.53MiB
     ortho              53.6k     734s  10.4%  13.7ms    334GiB  15.2%  6.38MiB
     rayleigh_ritz      12.6k     683s  9.62%  54.3ms   8.17GiB  0.37%   682KiB
   energy_hamiltonian      65     690s  9.72%   10.6s   63.6GiB  2.89%  0.98GiB
   compute_density         32    89.4s  1.26%   2.79s    218GiB  9.92%  6.82GiB
   QR orthonormaliz...    512    6.38s  0.09%  12.5ms   2.88GiB  0.13%  5.77MiB
   mixing Simple           32    141ms  0.00%  4.42ms    665MiB  0.03%  20.8MiB
 PlaneWaveBasis             1    14.0s  0.20%   14.0s   6.89GiB  0.31%  6.89GiB
   Instantiation Ewald      1    5.12s  0.07%   5.12s   2.03GiB  0.09%  2.03GiB
   Instantiation At...      1    5.09s  0.07%   5.09s   4.47GiB  0.20%  4.47GiB
   Instantiation Ps...      1    772ms  0.01%   772ms   90.3MiB  0.00%  90.3MiB
   Instantiation At...      1    718ms  0.01%   718ms   48.2MiB  0.00%  48.2MiB
   Instantiation Ha...      1    282ms  0.00%   282ms   61.7MiB  0.00%  61.7MiB
   Instantiation Ki...      1   97.2ms  0.00%  97.2ms   13.9MiB  0.00%  13.9MiB
   build_kpoints            1   67.2ms  0.00%  67.2ms   41.2MiB  0.00%  41.2MiB
   Instantiation Xc         1   3.01ms  0.00%  3.01ms    196KiB  0.00%   196KiB
 spglib_get_symmetry        1    1.60s  0.02%   1.60s    234MiB  0.01%   234MiB
 guess_density              1    424ms  0.01%   424ms   44.4MiB  0.00%  44.4MiB
 ──────────────────────────────────────────────────────────────────────────────
