#
#-- Anderson m=5
#

hostname       = clustern09

started on     = 2020-08-19T12:20:15.929
julia threads  = 4
BLAS threads   = 4

temperature    = 0.0
smearing       = DFTK.Smearing.None()
lattice        = [0.0 5.341 106.8; 5.341 0.0 106.8; 5.341 5.341 0.0]
Ecut           = 20
fft_size       = (25, 25, 480)
kgrid          = [4, 4, 1]
irreducible k  = 16
n_bands        = 89
n_electr       = 160
mixing         = SimpleMixing(0.128)
n     Energy            Eₙ-Eₙ₋₁     ρout-ρin   Diag
---   ---------------   ---------   --------   ----
  1   -170.6207950897         NaN   9.00e-01    28.6 
  2   -170.6326756310   -1.19e-02   7.80e-01    17.8 
  3   -170.6474117007   -1.47e-02   8.12e-02    26.1 
  4   -169.9594459286    6.88e-01   4.09e-02    26.3 
  5   +95.08491548931    2.65e+02   4.33e-01    23.5 
  6   -170.6357720915   -2.66e+02   2.06e-02    25.5 
  7   -170.6474953493   -1.17e-02   1.63e-02    24.4 
  8   -170.5488911708    9.86e-02   1.82e-02    20.9 
  9   -170.3174096529    2.31e-01   2.40e-02    16.5 
 10   -169.5732336476    7.44e-01   3.68e-02    16.5 
 11   -169.9901510414   -4.17e-01   3.10e-02    15.1 
 12   -170.6366510432   -6.47e-01   1.33e-02    20.8 
 13   -170.5436631880    9.30e-02   1.59e-02    20.4 
 14   -170.5500606148   -6.40e-03   1.35e-02    16.6 
 15   -170.6365827598   -8.65e-02   7.91e-03    18.8 
 16   -170.6458917360   -9.31e-03   6.09e-03    23.3 
 17   -170.6551308719   -9.24e-03   5.13e-03    30.3 
 18   -170.6587275889   -3.60e-03   6.65e-03    37.2 
 19   -170.6582574105    4.70e-04   7.18e-03    20.8 
 20   -170.6586295472   -3.72e-04   6.96e-03    22.7 
 21   -170.6557885801    2.84e-03   9.07e-03    26.8 
 22   -170.6563147531   -5.26e-04   7.79e-03    22.0 
 23   -170.6569285631   -6.14e-04   6.17e-03    24.3 
 24   -170.6582811866   -1.35e-03   3.79e-03    25.8 
 25   -170.6585502461   -2.69e-04   2.95e-03    22.5 
 26   -170.6588787998   -3.29e-04   1.19e-03    25.1 
 27   -170.6589054824   -2.67e-05   7.82e-04    25.0 
 28   -170.6589086714   -3.19e-06   3.79e-04    25.5 
 29   -170.6589119567   -3.29e-06   1.43e-04    26.9 
 30   -170.6589124186   -4.62e-07   8.43e-05    25.5 
 31   -170.6589125569   -1.38e-07   4.28e-05    25.6 
 32   -170.6589125685   -1.16e-08   2.57e-05    26.9 
 33   -170.6589125692   -6.97e-10   1.38e-05    25.2 
 34   -170.6589125693   -9.65e-11   8.98e-06    25.6 
 35   -170.6589125697   -3.72e-10   5.19e-06    25.9 
 36   -170.6589125703   -5.70e-10   3.60e-06    26.5 
 37   -170.6589125703   -7.47e-12   2.55e-06    27.3 
Energy breakdown:
    Kinetic             64.1359994
    AtomicLocal         -61.8063587
    AtomicNonlocal      20.3319311
    Ewald               -168.4379255
    PspCorrection       7.5623694 
    Hartree             15.7919209
    Xc                  -48.2368493

    total               -170.658912570270

 ──────────────────────────────────────────────────────────────────────────────
                                       Time                   Allocations      
                               ──────────────────────   ───────────────────────
       Tot / % measured:           10706s / 100%            2496GiB / 100%     

 Section               ncalls     time   %tot     avg     alloc   %tot      avg
 ──────────────────────────────────────────────────────────────────────────────
 self_consistent_field      1   10694s   100%  10694s   2490GiB  100%   2490GiB
   LOBPCG                 592    9353s  87.4%   15.8s   2159GiB  86.5%  3.65GiB
     Hamiltonian mu...  14.7k    4504s  42.1%   306ms    376GiB  15.1%  26.1MiB
     block multipli...  82.5k    1431s  13.4%  17.3ms    609GiB  24.4%  7.56MiB
     ortho              60.6k    1010s  9.44%  16.7ms    378GiB  15.2%  6.39MiB
     rayleigh_ritz      14.1k     888s  8.30%  62.8ms   9.12GiB  0.37%   676KiB
   energy_hamiltonian      75    1124s  10.5%   15.0s   72.6GiB  2.91%  0.97GiB
   compute_density         37     167s  1.56%   4.52s    252GiB  10.1%  6.81GiB
   QR orthonormaliz...    592    7.53s  0.07%  12.7ms   2.85GiB  0.11%  4.94MiB
   mixing Simple           37    162ms  0.00%  4.37ms    762MiB  0.03%  20.6MiB
 PlaneWaveBasis             1    10.5s  0.10%   10.5s   6.22GiB  0.25%  6.22GiB
   Instantiation At...      1    5.32s  0.05%   5.32s   4.33GiB  0.17%  4.33GiB
   Instantiation Ewald      1    3.54s  0.03%   3.54s   1.77GiB  0.07%  1.77GiB
   Instantiation At...      1    563ms  0.01%   563ms   20.6MiB  0.00%  20.6MiB
   build_kpoints            1   82.2ms  0.00%  82.2ms   41.2MiB  0.00%  41.2MiB
   Instantiation Ha...      1   5.07ms  0.00%  5.07ms   6.88MiB  0.00%  6.88MiB
   Instantiation Ki...      1   3.33ms  0.00%  3.33ms   3.18MiB  0.00%  3.18MiB
   Instantiation Ps...      1    157μs  0.00%   157μs   1.64KiB  0.00%  1.64KiB
   Instantiation Xc         1   5.37μs  0.00%  5.37μs     32.0B  0.00%    32.0B
 guess_density              1    396ms  0.00%   396ms   29.8MiB  0.00%  29.8MiB
 spglib_get_symmetry        1   3.01ms  0.00%  3.01ms   55.1KiB  0.00%  55.1KiB
 ──────────────────────────────────────────────────────────────────────────────
