#
#-- Anderson m=0
#

hostname       = clustern09

started on     = 2020-08-19T12:17:25.827
julia threads  = 4
BLAS threads   = 4

temperature    = 0.0
smearing       = DFTK.Smearing.None()
lattice        = [0.0 5.341 106.8; 5.341 0.0 106.8; 5.341 5.341 0.0]
Ecut           = 20
fft_size       = (25, 25, 480)
kgrid          = [4, 4, 1]
irreducible k  = 16
n_bands        = 89
n_electr       = 160
mixing         = SimpleMixing(0.128)
n     Energy            Eₙ-Eₙ₋₁     ρout-ρin   Diag
---   ---------------   ---------   --------   ----
  1   -170.6207966359         NaN   9.00e-01    28.8 
  2   -170.6326760428   -1.19e-02   7.80e-01    17.8 
  3   -170.6401538585   -7.48e-03   6.76e-01    15.7 
  4   -170.6449307606   -4.78e-03   5.87e-01    13.0 
  5   -170.6481466508   -3.22e-03   5.09e-01    12.2 
  6   -170.6504300465   -2.28e-03   4.42e-01    9.0 
  7   -170.6521594244   -1.73e-03   3.84e-01    6.2 
  8   -170.6535624695   -1.40e-03   3.34e-01    4.8 
  9   -170.6547183728   -1.16e-03   2.91e-01    3.8 
 10   -170.6556702991   -9.52e-04   2.53e-01    3.3 
 11   -170.6564399003   -7.70e-04   2.21e-01    3.2 
 12   -170.6570462279   -6.06e-04   1.92e-01    3.1 
 13   -170.6575051665   -4.59e-04   1.68e-01    3.0 
 14   -170.6578473312   -3.42e-04   1.46e-01    2.9 
 15   -170.6581002083   -2.53e-04   1.28e-01    2.7 
 16   -170.6582683594   -1.68e-04   1.12e-01    1.0 
 17   -170.6584213591   -1.53e-04   9.75e-02    1.4 
 18   -170.6585376033   -1.16e-04   8.51e-02    1.5 
 19   -170.6586265096   -8.89e-05   7.43e-02    1.3 
 20   -170.6586960196   -6.95e-05   6.49e-02    1.8 
 21   -170.6587496174   -5.36e-05   5.67e-02    1.1 
 22   -170.6587903500   -4.07e-05   4.95e-02    1.0 
 23   -170.6588210354   -3.07e-05   4.32e-02    1.0 
 24   -170.6588441108   -2.31e-05   3.77e-02    1.0 
 25   -170.6588613579   -1.72e-05   3.29e-02    1.0 
 26   -170.6588742368   -1.29e-05   2.88e-02    1.0 
 27   -170.6588838224   -9.59e-06   2.51e-02    1.0 
 28   -170.6588909486   -7.13e-06   2.19e-02    1.0 
 29   -170.6588962581   -5.31e-06   1.91e-02    1.0 
 30   -170.6589002267   -3.97e-06   1.67e-02    1.0 
 31   -170.6589032047   -2.98e-06   1.46e-02    1.9 
 32   -170.6589054480   -2.24e-06   1.27e-02    2.3 
 33   -170.6589071461   -1.70e-06   1.11e-02    2.5 
 34   -170.6589084248   -1.28e-06   9.72e-03    3.2 
 35   -170.6589093978   -9.73e-07   8.49e-03    1.2 
 36   -170.6589101367   -7.39e-07   7.42e-03    1.9 
 37   -170.6589106997   -5.63e-07   6.48e-03    2.8 
 38   -170.6589111302   -4.31e-07   5.66e-03    2.1 
 39   -170.6589114602   -3.30e-07   4.95e-03    1.8 
 40   -170.6589117138   -2.54e-07   4.32e-03    1.4 
 41   -170.6589119091   -1.95e-07   3.78e-03    2.2 
 42   -170.6589120598   -1.51e-07   3.30e-03    1.3 
 43   -170.6589121759   -1.16e-07   2.88e-03    2.1 
 44   -170.6589122657   -8.98e-08   2.52e-03    1.8 
 45   -170.6589123348   -6.91e-08   2.20e-03    1.9 
 46   -170.6589123883   -5.35e-08   1.93e-03    1.3 
 47   -170.6589124296   -4.13e-08   1.68e-03    1.0 
 48   -170.6589124615   -3.19e-08   1.47e-03    1.6 
 49   -170.6589124862   -2.47e-08   1.29e-03    1.9 
 50   -170.6589125053   -1.90e-08   1.13e-03    2.8 
 51   -170.6589125199   -1.47e-08   9.84e-04    1.4 
 52   -170.6589125313   -1.13e-08   8.61e-04    1.1 
 53   -170.6589125400   -8.73e-09   7.53e-04    1.4 
 54   -170.6589125467   -6.74e-09   6.58e-04    2.2 
 55   -170.6589125520   -5.22e-09   5.76e-04    2.8 
 56   -170.6589125560   -4.06e-09   5.04e-04    2.2 
 57   -170.6589125592   -3.16e-09   4.41e-04    1.1 
 58   -170.6589125617   -2.48e-09   3.85e-04    1.4 
 59   -170.6589125636   -1.93e-09   3.37e-04    2.1 
 60   -170.6589125651   -1.51e-09   2.95e-04    1.7 
 61   -170.6589125663   -1.18e-09   2.58e-04    2.0 
 62   -170.6589125672   -9.19e-10   2.26e-04    1.8 
 63   -170.6589125679   -7.17e-10   1.98e-04    1.6 
 64   -170.6589125685   -5.59e-10   1.73e-04    2.0 
 65   -170.6589125689   -4.35e-10   1.51e-04    1.5 
 66   -170.6589125692   -3.38e-10   1.33e-04    1.0 
 67   -170.6589125695   -2.63e-10   1.16e-04    2.7 
 68   -170.6589125697   -2.04e-10   1.02e-04    1.7 
 69   -170.6589125699   -1.59e-10   8.89e-05    3.6 
 70   -170.6589125700   -1.23e-10   7.79e-05    2.1 
 71   -170.6589125701   -9.51e-11   6.82e-05    1.9 
 72   -170.6589125702   -7.34e-11   5.97e-05    1.8 
 73   -170.6589125702   -5.66e-11   5.23e-05    2.5 
 74   -170.6589125703   -4.39e-11   4.58e-05    1.8 
 75   -170.6589125703   -3.39e-11   4.01e-05    2.4 
 76   -170.6589125703   -2.59e-11   3.51e-05    2.3 
 77   -170.6589125703   -2.03e-11   3.07e-05    1.9 
 78   -170.6589125704   -1.57e-11   2.69e-05    1.9 
 79   -170.6589125704   -1.22e-11   2.36e-05    1.9 
 80   -170.6589125704   -9.21e-12   2.07e-05    1.6 
Energy breakdown:
    Kinetic             64.1359792
    AtomicLocal         -61.8063525
    AtomicNonlocal      20.3319477
    Ewald               -168.4379255
    PspCorrection       7.5623694 
    Hartree             15.7919154
    Xc                  -48.2368462

    total               -170.658912570375

 ──────────────────────────────────────────────────────────────────────────────
                                       Time                   Allocations      
                               ──────────────────────   ───────────────────────
       Tot / % measured:            9452s / 100%            2453GiB / 100%     

 Section               ncalls     time   %tot     avg     alloc   %tot      avg
 ──────────────────────────────────────────────────────────────────────────────
 self_consistent_field      1    9439s   100%   9439s   2447GiB  100%   2447GiB
   LOBPCG               1.28k    6490s  68.7%   5.07s   1735GiB  70.7%  1.36GiB
     Hamiltonian mu...  5.16k    3409s  36.1%   661ms    271GiB  11.1%  53.8MiB
     ortho              15.1k     897s  9.50%  59.4ms    259GiB  10.6%  17.6MiB
     block multipli...  18.1k     600s  6.35%  33.2ms    233GiB  9.49%  13.2MiB
     rayleigh_ritz      3.88k     458s  4.85%   118ms   5.47GiB  0.22%  1.44MiB
   energy_hamiltonian     161    2529s  26.8%   15.7s    157GiB  6.38%  0.97GiB
   compute_density         80     352s  3.72%   4.40s    545GiB  22.2%  6.81GiB
   QR orthonormaliz...  1.28k    6.90s  0.07%  5.39ms   2.85GiB  0.12%  2.28MiB
   mixing Simple           80    986ms  0.01%  12.3ms   1.61GiB  0.07%  20.6MiB
 PlaneWaveBasis             1    10.5s  0.11%   10.5s   6.22GiB  0.25%  6.22GiB
   Instantiation At...      1    4.98s  0.05%   4.98s   4.33GiB  0.18%  4.33GiB
   Instantiation Ewald      1    4.00s  0.04%   4.00s   1.77GiB  0.07%  1.77GiB
   Instantiation At...      1    497ms  0.01%   497ms   20.6MiB  0.00%  20.6MiB
   build_kpoints            1   74.7ms  0.00%  74.7ms   41.2MiB  0.00%  41.2MiB
   Instantiation Ha...      1   6.05ms  0.00%  6.05ms   6.88MiB  0.00%  6.88MiB
   Instantiation Ki...      1   2.83ms  0.00%  2.83ms   3.18MiB  0.00%  3.18MiB
   Instantiation Ps...      1   96.2μs  0.00%  96.2μs   1.64KiB  0.00%  1.64KiB
   Instantiation Xc         1   2.94μs  0.00%  2.94μs     32.0B  0.00%    32.0B
 guess_density              1    398ms  0.00%   398ms   29.8MiB  0.00%  29.8MiB
 spglib_get_symmetry        1   3.02ms  0.00%  3.02ms   55.1KiB  0.00%  55.1KiB
 ──────────────────────────────────────────────────────────────────────────────
