#
#-- optimal_damping SiO2HVac n_repeat=10 -- mixing=HybridMixing(1.0, 14, 1.0, identity, true, false)
#

Starting Arnoldi (now = 2020-07-25T20:25:05.393 ...

#--- 1 ---#
idcs      evals   residnorms   |P(X)|
  1    0.983788   0.0283809  4.35891e-16

#--- 2 ---#
idcs      evals   residnorms   |P(X)|
  1    0.710898    0.313521  4.1732e-16
  2    0.986564   0.0325865  4.36845e-16

#--- 3 ---#
idcs      evals   residnorms   |P(X)|
  1    0.521487    0.361269  4.07989e-16
  2    0.979599    0.154694  4.34121e-16
  3     1.04741     0.43016  4.25714e-16

#--- 4 ---#
idcs      evals   residnorms   |P(X)|
  1    0.360674    0.174902  4.04849e-16
  2    0.826091    0.179696  4.23282e-16
  3    0.987459   0.0256336  4.36215e-16
  4     1.79337    0.357767  4.2463e-16

#--- 5 ---#
idcs      evals   residnorms   |P(X)|
  1    0.275549    0.142708  3.85584e-16
  2    0.643394    0.247279  4.2105e-16
  3    0.912147    0.179558  4.2743e-16
  4     0.98937    0.039755  4.354e-16
  5     1.93766    0.104546  4.2551e-16

#--- 6 ---#
idcs      evals   residnorms   |P(X)|
  1    0.239034    0.142527  3.92712e-16
  2    0.499252    0.235297  4.14459e-16
  3    0.857613    0.217244  4.24536e-16
  4    0.987828   0.0516927  4.36084e-16
  5     1.14209    0.396476  4.24787e-16
  6     1.94256    0.055865  4.29444e-16

#--- 7 ---#
idcs      evals   residnorms   |P(X)|
  1    0.201038   0.0918322  3.90491e-16
  2    0.446485    0.153251  4.17828e-16
  3    0.764841    0.218676  4.21749e-16
  4     0.95295    0.194033  4.28241e-16
  5     0.99193   0.0798872  4.34407e-16
  6     1.65796    0.394659  4.24033e-16
  7      1.9535   0.0697687  4.23015e-16

#--- 8 ---#
idcs      evals   residnorms   |P(X)|
  1    0.194215   0.0667773  3.79567e-16
  2    0.366766    0.116376  4.18826e-16
  3    0.641872    0.163483  4.14286e-16
  4    0.895217    0.140592  4.24739e-16
  5    0.988605   0.0398825  4.36905e-16
  6      1.1152    0.223701  4.22227e-16
  7     1.87792    0.153877  4.21661e-16
  8     1.97316   0.0928131  4.23216e-16

#--- 9 ---#
idcs      evals   residnorms   |P(X)|
  1    0.181581   0.0687872  3.95511e-16
  2    0.326433    0.154796  4.03395e-16
  3    0.500242    0.199949  4.11537e-16
  4    0.763945    0.182168  4.21376e-16
  5    0.941977    0.141226  4.28268e-16
  6    0.990628   0.0474556  4.35719e-16
  7     1.21396    0.175886  4.25522e-16
  8     1.90306   0.0487394  4.27381e-16
  9     1.98364   0.0408253  4.1539e-16

#--- 10 ---#
idcs      evals   residnorms   |P(X)|
  1    0.173236   0.0626843  3.99779e-16
  2    0.297274    0.138184  3.95249e-16
  3     0.46211    0.167409  4.09821e-16
  4    0.708853    0.187005  4.19971e-16
  5    0.916777    0.168128  4.29047e-16
  6    0.989438   0.0526807  4.34424e-16
  7     1.13159    0.335001  4.25792e-16
  8     1.41848    0.509888  4.18098e-16
  9     1.90252   0.0502257  4.23801e-16
 10     1.98502   0.0372011  4.11328e-16

#--- 11 ---#
idcs      evals   residnorms   |P(X)|
  1    0.164318   0.0584657  3.93279e-16
  2     0.24179    0.095227  3.95718e-16
  3    0.408661   0.0974644  4.16042e-16
  4    0.598638    0.140397  4.22441e-16
  5    0.808292    0.127666  4.2431e-16
  6    0.949298   0.0920947  4.29709e-16
  7    0.990926   0.0327641  4.35091e-16
  8      1.2084   0.0875774  4.25512e-16
  9     1.85392    0.162325  4.21399e-16
 10     1.93115     0.11036  4.25491e-16
 11     1.99493   0.0667528  4.10306e-16

#--- 12 ---#
idcs      evals   residnorms   |P(X)|
  1    0.147385   0.0814916  3.90587e-16
  2     0.21435   0.0962588  3.77986e-16
  3    0.357145    0.120776  4.11123e-16
  4    0.516526    0.172717  4.08246e-16
  5    0.702373    0.181883  4.18677e-16
  7     0.97575    0.150572  4.29684e-16
  8    0.993646    0.107253  4.30741e-16
  9     1.21817   0.0680125  4.32442e-16
 10     1.88388   0.0414395  4.21862e-16
 11     1.94677   0.0511017  4.19585e-16
 12     2.00038   0.0339979  4.1368e-16

#--- 13 ---#
idcs      evals   residnorms   |P(X)|
  1    0.141067   0.0705687  3.91072e-16
  2    0.207196   0.0786187  3.78865e-16
  3    0.338881    0.128484  3.98513e-16
  4    0.464008    0.151715  4.1005e-16
  5    0.651469    0.152039  4.18239e-16
  8    0.991465   0.0419409  4.33604e-16
  9     1.21059    0.112986  4.24959e-16
 10     1.48183    0.566698  4.17344e-16
 11     1.88203   0.0530327  4.2126e-16
 12     1.95105   0.0578601  4.2693e-16
 13     2.00246   0.0399576  4.09367e-16

#--- 14 ---#
idcs      evals   residnorms   |P(X)|
  1    0.121019   0.0577395  3.76741e-16
  2    0.190329   0.0482864  3.92541e-16
  3    0.293252   0.0903267  3.89792e-16
  4    0.411998   0.0839817  4.05143e-16
  5    0.582118    0.113245  4.12932e-16
  9     0.99984   0.0721067  4.29771e-16
 10     1.21743   0.0304062  4.30683e-16
 11     1.85137    0.128339  4.18861e-16
 12     1.90549   0.0925943  4.2647e-16
 13     1.96953   0.0755072  4.24354e-16
 14     2.01179   0.0610128  4.16259e-16

#--- 15 ---#
idcs      evals   residnorms   |P(X)|
  1    0.109409   0.0479801  3.79278e-16
  2     0.18531    0.039413  3.94378e-16
  3    0.272733   0.0821367  3.88226e-16
  4    0.396099    0.093111  4.13799e-16
  5    0.527353    0.157159  4.1992e-16
 10     1.03264    0.197004  4.2925e-16
 11     1.21668   0.0331681  4.28267e-16
 12     1.86662   0.0359638  4.24467e-16
 13     1.91722   0.0389771  4.33251e-16
 14     1.97577   0.0318284  4.25196e-16
 15     2.01703   0.0295682  4.08753e-16

#--- 16 ---#
idcs      evals   residnorms   |P(X)|
  1    0.109826   0.0337381  3.67907e-16
  2    0.183456   0.0328343  3.93083e-16
  3    0.261904   0.0735037  3.77515e-16
  4    0.374936   0.0922076  4.14563e-16
  5    0.486173     0.13545  4.09411e-16
 11     1.21519   0.0355642  4.25386e-16
 12     1.54167    0.510701  4.19983e-16
 13     1.86942   0.0484058  4.16872e-16
 14     1.92213   0.0518669  4.26852e-16
 15     1.97877   0.0407292  4.27315e-16
 16     2.01786   0.0368159  4.14853e-16

#--- 17 ---#
idcs      evals   residnorms   |P(X)|
  1    0.105649   0.0227341  3.70317e-16
  2    0.180213   0.0272549  3.97373e-16
  3    0.246442   0.0680665  3.97236e-16
  4    0.347143     0.10942  3.99479e-16
  5    0.428754    0.108688  4.09714e-16
 12     1.21739   0.0139732  4.30757e-16
 13     1.85112    0.107372  4.21685e-16
 14     1.89218    0.109024  4.314e-16
 15     1.93701   0.0971925  4.19834e-16
 16     1.98557   0.0542365  4.28496e-16
 17     2.02306   0.0452259  4.09915e-16

#--- 18 ---#
idcs      evals   residnorms   |P(X)|
  1    0.102282   0.0183668  3.79048e-16
  2    0.177913   0.0288763  3.92672e-16
  3    0.230798   0.0741969  4.17746e-16
  4    0.312651    0.097211  3.96095e-16
  5    0.408764   0.0787879  4.11988e-16
 13     1.21751   0.0209059  4.25881e-16
 14     1.85402   0.0327661  4.21268e-16
 15     1.89846    0.034878  4.30265e-16
 16     1.94717   0.0392614  4.21112e-16
 17     1.98771   0.0247675  4.27587e-16
 18     2.02557   0.0198904  4.17592e-16

#--- 19 ---#
idcs      evals   residnorms   |P(X)|
  1    0.103991   0.0127833  3.76784e-16
  2    0.176143   0.0259476  4.10771e-16
  3    0.222945   0.0646927  3.94554e-16
  4    0.298558   0.0796837  3.80259e-16
  5    0.396136   0.0717586  4.12178e-16
 14     1.50149    0.449892  4.18109e-16
 15     1.85844   0.0358908  4.21929e-16
 16     1.90184   0.0394049  4.25286e-16
 17      1.9497   0.0414859  4.224e-16
 18     1.99007   0.0258924  4.3324e-16
 19     2.02614   0.0200949  4.17447e-16

#--- 20 ---#
idcs      evals   residnorms   |P(X)|
  1    0.103164  0.00774983  3.73092e-16
  2     0.17413   0.0205977  4.01931e-16
  3    0.214726   0.0488882  3.69366e-16
  4    0.283723   0.0581635  3.79695e-16
  5    0.382878   0.0663981  4.22788e-16
 15     1.82319    0.183296  4.15027e-16
 16     1.86652   0.0979049  4.2202e-16
 17     1.90859   0.0710551  4.30125e-16
 18     1.95718   0.0593285  4.18982e-16
 19     1.99212   0.0350359  4.28047e-16
 20     2.02723   0.0221812  4.24424e-16

#--- 21 ---#
idcs      evals   residnorms   |P(X)|
  1    0.102857  0.00573047  3.93679e-16
  2    0.172442   0.0205854  4.02471e-16
  3    0.208667   0.0474492  3.76971e-16
  4    0.273413   0.0641908  3.81451e-16
  5    0.362138    0.108573  4.0691e-16
 16     1.84296   0.0431949  4.18865e-16
 17     1.87889   0.0453798  4.19846e-16
 18     1.91571   0.0380603  4.26988e-16
 19     1.96107   0.0288963  4.2203e-16
 20     1.99347   0.0166864  4.2271e-16
 21     2.02779  0.00949121  4.18396e-16

#--- 22 ---#
idcs      evals   residnorms   |P(X)|
  1    0.103063  0.00483966  3.80706e-16
  2    0.171357   0.0221039  4.04728e-16
  3    0.204435   0.0486264  3.78691e-16
  4    0.267696   0.0752323  3.9853e-16
  5    0.336748    0.113957  4.0771e-16
 17     1.84608    0.037871  4.23252e-16
 18     1.88242   0.0418903  4.16169e-16
 19     1.92011    0.038399  4.24726e-16
 20     1.96249   0.0282485  4.18104e-16
 21     1.99475   0.0160069  4.21844e-16
 22     2.02778  0.00855927  4.1395e-16

#--- 23 ---#
idcs      evals   residnorms   |P(X)|
  1    0.103053  0.00360762  3.75792e-16
  2    0.167456   0.0254032  4.02774e-16
  3    0.197191   0.0469982  3.80358e-16
  4    0.245623   0.0722401  3.98598e-16
  5    0.309348    0.078892  3.84897e-16
 18      1.8588    0.104874  4.18615e-16
 19     1.89707     0.11658  4.23363e-16
 20      1.9263    0.110443  4.29329e-16
 21     1.96659   0.0589674  4.20063e-16
 22     1.99503   0.0284995  4.20949e-16
 23     2.02797   0.0115227  4.22149e-16

 ──────────────────────────────────────────────────────────────────────────────
                                       Time                   Allocations      
                               ──────────────────────   ───────────────────────
       Tot / % measured:           32937s / 100%            77652GiB / 100%    

 Section               ncalls     time   %tot     avg     alloc   %tot      avg
 ──────────────────────────────────────────────────────────────────────────────
 apply_χ0                  23   32886s   100%   1430s   77608GiB 100%   3374GiB
   Hamiltonian mult...   139k    1946s  5.91%  14.0ms    533GiB  0.69%  3.93MiB
 mixing Hybrid             23    14.6s  0.04%   633ms   25.2GiB  0.03%  1.10GiB
 PlaneWaveBasis             1    3.64s  0.01%   3.64s   2.08GiB  0.00%  2.08GiB
   Instantiation At...      1    1.79s  0.01%   1.79s   1.51GiB  0.00%  1.51GiB
   Instantiation Ewald      1    1.09s  0.00%   1.09s    486MiB  0.00%   486MiB
   Instantiation At...      1    695ms  0.00%   695ms   26.1MiB  0.00%  26.1MiB
   build_kpoints            1   63.6ms  0.00%  63.6ms   39.2MiB  0.00%  39.2MiB
   Instantiation Ki...      1   3.13ms  0.00%  3.13ms   4.19MiB  0.00%  4.19MiB
   Instantiation Ha...      1   2.98ms  0.00%  2.98ms   7.12MiB  0.00%  7.12MiB
   Instantiation Ps...      1    122μs  0.00%   122μs   2.38KiB  0.00%  2.38KiB
   Instantiation Xc         1   4.67μs  0.00%  4.67μs     32.0B  0.00%    32.0B
 spglib_get_symmetry        1   2.46ms  0.00%  2.46ms   77.0KiB  0.00%  77.0KiB
 ──────────────────────────────────────────────────────────────────────────────
