#
#-- optimal_damping SiO2HVac n_repeat=10 -- mixing=KerkerMixing(1.0, 1.0)
#

Starting Arnoldi (now = 2020-07-25T23:58:50.237 ...

#--- 1 ---#
idcs      evals   residnorms   |P(X)|
  1    0.983663   0.0306294  4.35197e-16

#--- 2 ---#
idcs      evals   residnorms   |P(X)|
  1     0.53723     0.54469  4.17434e-16
  2    0.985328   0.0373381  4.36896e-16

#--- 3 ---#
idcs      evals   residnorms   |P(X)|
  1    0.350918    0.356172  4.23416e-16
  2    0.853322    0.388462  4.24871e-16
  3    0.988025   0.0806809  4.35843e-16

#--- 4 ---#
idcs      evals   residnorms   |P(X)|
  1    0.170813    0.173828  4.12341e-16
  2    0.784785    0.259745  4.22281e-16
  3    0.986983   0.0402545  4.36399e-16
  4     1.59087     0.49176  4.22267e-16

#--- 5 ---#
idcs      evals   residnorms   |P(X)|
  1   0.0780683    0.122656  4.12644e-16
  2    0.556798    0.270153  4.19532e-16
  3    0.906436    0.204829  4.29194e-16
  4    0.989445   0.0566603  4.36173e-16
  5     1.91436      0.1979  4.21541e-16

#--- 6 ---#
idcs      evals   residnorms   |P(X)|
  1   0.0446188   0.0834963  4.12537e-16
  2    0.385939    0.195299  4.18717e-16
  3     0.79566    0.226565  4.25068e-16
  4    0.985935   0.0696705  4.35463e-16
  5     1.07708     0.25763  4.26652e-16
  6     1.92802   0.0699245  4.19783e-16

#--- 7 ---#
idcs      evals   residnorms   |P(X)|
  1   0.0413207   0.0529148  4.07768e-16
  2    0.317052    0.149097  4.04079e-16
  3    0.706057    0.256009  4.14505e-16
  4    0.945951    0.255357  4.27205e-16
  5    0.991702    0.126672  4.33887e-16
  6     1.31679    0.382946  4.22683e-16
  7     1.93868   0.0437505  4.16302e-16

#--- 8 ---#
idcs      evals   residnorms   |P(X)|
  1   0.0380243   0.0364354  4.08224e-16
  2    0.252665    0.120229  4.02226e-16
  3    0.559554    0.196023  4.1902e-16
  4    0.879723    0.184333  4.22835e-16
  5    0.988167   0.0748203  4.35523e-16
  6     1.08239    0.222238  4.29529e-16
  7     1.75943     0.35335  4.13416e-16
  8     1.94413   0.0750984  4.1799e-16

#--- 9 ---#
idcs      evals   residnorms   |P(X)|
  1   0.0274548   0.0240173  3.97217e-16
  2    0.230092    0.119556  4.02649e-16
  3     0.40635     0.19292  4.09866e-16
  4    0.716901    0.178372  4.22775e-16
  5    0.933212    0.139988  4.2535e-16
  6    0.990229   0.0593444  4.3524e-16
  7     1.17002    0.146832  4.23183e-16
  8     1.86563    0.107918  4.21774e-16
  9     1.95541   0.0503594  4.21116e-16

#--- 10 ---#
idcs      evals   residnorms   |P(X)|
  1   0.0267682   0.0214347  3.95254e-16
  2    0.195145    0.133155  4.03978e-16
  3    0.348576    0.184869  4.03311e-16
  4    0.632453      0.2448  4.16571e-16
  5    0.858531    0.274335  4.2309e-16
  6     0.98554    0.155166  4.36646e-16
  7     1.02658    0.299936  4.28767e-16
  8     1.23685    0.240074  4.26511e-16
  9      1.8826   0.0591415  4.18235e-16
 10     1.95726   0.0317101  4.21616e-16

#--- 11 ---#
idcs      evals   residnorms   |P(X)|
  1   0.0269973   0.0162333  4.04108e-16
  2    0.140232   0.0939963  3.95451e-16
  3    0.310304   0.0935958  4.0936e-16
  4    0.536484    0.147741  4.0911e-16
  5    0.785539    0.145792  4.25942e-16
  6    0.953266    0.117133  4.27813e-16
  7     0.99173   0.0657036  4.34003e-16
  8     1.18199    0.116947  4.36239e-16
  9     1.72388    0.395202  4.18758e-16
 10      1.8953    0.124374  4.19688e-16
 11     1.96118   0.0602764  4.13676e-16

#--- 12 ---#
idcs      evals   residnorms   |P(X)|
  1   0.0225501  0.00982767  3.9852e-16
  2    0.127938    0.064679  4.01271e-16
  3    0.266541   0.0816304  4.03629e-16
  4    0.445796    0.134652  4.13466e-16
  5    0.652163    0.135411  4.23434e-16
  7    0.979665   0.0917395  4.3166e-16
  8    0.998221    0.088507  4.31481e-16
  9     1.20022   0.0557546  4.30955e-16
 10     1.85195    0.057943  4.18854e-16
 11     1.94306   0.0577129  4.18933e-16
 12      1.9841    0.078818  4.20425e-16

#--- 13 ---#
idcs      evals   residnorms   |P(X)|
  1   0.0214898  0.00901319  4.0227e-16
  2    0.118645   0.0645552  3.99028e-16
  3    0.257086    0.120664  3.99942e-16
  4    0.380509    0.192829  4.07719e-16
  5    0.579209    0.204903  4.1924e-16
  8    0.988918   0.0930202  4.35115e-16
  9     1.06331    0.249105  4.3248e-16
 10     1.21118   0.0996325  4.30467e-16
 11     1.85502   0.0301194  4.2644e-16
 12     1.94076   0.0260496  4.15095e-16
 13     1.98826   0.0352493  4.24189e-16

#--- 14 ---#
idcs      evals   residnorms   |P(X)|
  1   0.0223435   0.0061228  4.03864e-16
  2    0.100636   0.0454248  3.97114e-16
  3    0.237377   0.0867057  3.96356e-16
  4     0.34165     0.12057  3.97755e-16
  5    0.528126    0.142451  4.17872e-16
  9     1.00412   0.0898191  4.3169e-16
 10     1.20174   0.0503656  4.28584e-16
 11     1.67942    0.444375  4.26418e-16
 12      1.8589   0.0655894  4.18026e-16
 13     1.94277   0.0402624  4.14879e-16
 14     1.99109   0.0510526  4.27963e-16

#--- 15 ---#
idcs      evals   residnorms   |P(X)|
  1    0.021015  0.00418077  3.98145e-16
  2   0.0938624   0.0369194  4.01745e-16
  3    0.199472   0.0877353  3.89214e-16
  4    0.297525   0.0820578  3.95801e-16
  5     0.45028    0.115542  4.06682e-16
 10     1.02306   0.0760951  4.26871e-16
 11     1.20607   0.0228266  4.22816e-16
 12     1.83729    0.069201  4.30693e-16
 13     1.88582   0.0836375  4.23679e-16
 14     1.94949   0.0289932  4.20764e-16
 15     1.99826    0.033185  4.17351e-16

#--- 16 ---#
idcs      evals   residnorms   |P(X)|
  1    0.020555  0.00320274  3.95639e-16
  2   0.0920082   0.0327206  3.93024e-16
  3    0.183411   0.0888761  3.67351e-16
  4    0.284454   0.0857719  4.00907e-16
  5     0.40761    0.139042  4.13462e-16
 11     1.08627    0.245465  4.36699e-16
 12     1.21102   0.0446501  4.27109e-16
 13     1.84497   0.0253623  4.23301e-16
 14     1.90189   0.0461145  4.26217e-16
 15     1.94888   0.0182877  4.16268e-16
 16     1.99924   0.0170888  4.29667e-16

#--- 17 ---#
idcs      evals   residnorms   |P(X)|
  1   0.0210088  0.00185735  4.08191e-16
  2   0.0853108   0.0214603  3.92598e-16
  3    0.169861   0.0513854  3.75312e-16
  4    0.273909   0.0548996  3.94524e-16
  5      0.3851   0.0986165  3.97693e-16
 12     1.20693   0.0228034  4.3098e-16
 13     1.59944    0.410239  4.21182e-16
 14     1.84532   0.0375889  4.18672e-16
 15     1.90283   0.0565652  4.23835e-16
 16      1.9501   0.0203489  4.19613e-16
 17      2.0001    0.017361  4.18418e-16

#--- 18 ---#
idcs      evals   residnorms   |P(X)|
  1   0.0208755  0.000920042  4.05423e-16
  2   0.0847019    0.012296  3.90704e-16
  3     0.16561   0.0363845  3.72544e-16
  4    0.260503   0.0493122  3.98736e-16
  5    0.352803   0.0841079  4.06924e-16
 13     1.20927   0.0137831  4.29375e-16
 14     1.81024    0.127597  4.23457e-16
 15     1.85239   0.0596085  4.21879e-16
 16     1.91425   0.0543935  4.26464e-16
 17     1.95237   0.0200588  4.18603e-16
 18      2.0007   0.0123475  4.29352e-16

#--- 19 ---#
idcs      evals   residnorms   |P(X)|
  1    0.020789  0.000543597  4.02327e-16
  2    0.084471  0.00849562  3.95232e-16
  3    0.161306   0.0307559  3.76228e-16
  4    0.253794   0.0589013  3.98489e-16
  5    0.323459   0.0941476  4.05127e-16
 14     1.21148   0.0240086  4.27227e-16
 15     1.82774   0.0357386  4.29021e-16
 16     1.86083   0.0308626  4.27378e-16
 17     1.92087   0.0255293  4.29363e-16
 18     1.95161  0.00980586  4.20703e-16
 19     2.00081  0.00475159  4.20906e-16

#--- 20 ---#
idcs      evals   residnorms   |P(X)|
  1   0.0209015  0.000483532  3.95592e-16
  2   0.0846069  0.00912846  3.92975e-16
  3    0.157479   0.0396868  3.72356e-16
  4    0.243023   0.0978548  3.99136e-16
  5    0.305774    0.140371  3.96299e-16
 15     1.27959    0.344558  4.27596e-16
 16     1.82689   0.0266202  4.22725e-16
 17     1.86037   0.0212067  4.24178e-16
 18     1.91993   0.0160082  4.28057e-16
 19     1.95206  0.00585223  4.13883e-16
 20     2.00089  0.00277204  4.18665e-16

#--- 21 ---#
idcs      evals   residnorms   |P(X)|
  1   0.0209096  0.000360063  3.98115e-16
  2   0.0839038  0.00874665  3.93677e-16
  3    0.154575   0.0658823  3.74375e-16
  4    0.197178    0.124789  3.96283e-16
  5    0.276426   0.0664797  3.91705e-16
 16     1.73987    0.355925  4.27477e-16
 17     1.83278   0.0756689  4.27137e-16
 18     1.86586    0.064355  4.24799e-16
 19     1.92077   0.0330449  4.18486e-16
 20     1.95264   0.0104254  4.21359e-16
 21     2.00086  0.00394322  4.25014e-16

 ──────────────────────────────────────────────────────────────────────────────
                                       Time                   Allocations      
                               ──────────────────────   ───────────────────────
       Tot / % measured:           30905s / 100%            70956GiB / 100%    

 Section               ncalls     time   %tot     avg     alloc   %tot      avg
 ──────────────────────────────────────────────────────────────────────────────
 apply_χ0                  21   30874s   100%   1470s   70940GiB 100%   3378GiB
   Hamiltonian mult...   134k    1882s  6.10%  14.0ms    515GiB  0.73%  3.93MiB
 PlaneWaveBasis             1    3.68s  0.01%   3.68s   2.08GiB  0.00%  2.08GiB
   Instantiation At...      1    1.70s  0.01%   1.70s   1.51GiB  0.00%  1.51GiB
   Instantiation Ewald      1    1.27s  0.00%   1.27s    486MiB  0.00%   486MiB
   Instantiation At...      1    650ms  0.00%   650ms   26.1MiB  0.00%  26.1MiB
   build_kpoints            1   57.5ms  0.00%  57.5ms   39.2MiB  0.00%  39.2MiB
   Instantiation Ki...      1   3.66ms  0.00%  3.66ms   4.19MiB  0.00%  4.19MiB
   Instantiation Ha...      1   2.48ms  0.00%  2.48ms   7.12MiB  0.00%  7.12MiB
   Instantiation Ps...      1   95.6μs  0.00%  95.6μs   2.38KiB  0.00%  2.38KiB
   Instantiation Xc         1   1.10μs  0.00%  1.10μs     32.0B  0.00%    32.0B
 mixing Kerker             21    644ms  0.00%  30.7ms    346MiB  0.00%  16.5MiB
 spglib_get_symmetry        1   2.58ms  0.00%  2.58ms   77.0KiB  0.00%  77.0KiB
 ──────────────────────────────────────────────────────────────────────────────
