#
#-- optimal_damping SiO2HVac n_repeat=10 -- mixing=HybridMixing(1.0, 14, 1.0, var"#326#334"{Int64,var"#periodise#333"}(30, var"#periodise#333"(), Core.Box(0.9586679796624162), Core.Box(1.5413320201832956)), true, false)
#

Starting Arnoldi (now = 2020-07-25T19:05:49.889 ...

#--- 1 ---#
idcs      evals   residnorms   |P(X)|
  1    0.990061   0.0237825  4.35286e-16

#--- 2 ---#
idcs      evals   residnorms   |P(X)|
  1     0.72039    0.351475  4.1331e-16
  2    0.991987   0.0309782  4.34413e-16

#--- 3 ---#
idcs      evals   residnorms   |P(X)|
  1    0.556051    0.371281  4.02721e-16
  2    0.967355    0.367643  4.17631e-16
  3     1.00314    0.274186  4.28282e-16

#--- 4 ---#
idcs      evals   residnorms   |P(X)|
  1    0.391721    0.167951  3.98703e-16
  2    0.846517    0.183986  4.17069e-16
  3     0.99294   0.0264504  4.34566e-16
  4     1.77445    0.393873  4.15996e-16

#--- 5 ---#
idcs      evals   residnorms   |P(X)|
  1    0.304403     0.11103  3.92138e-16
  2    0.718855    0.220688  4.11558e-16
  3    0.961113    0.192314  4.1942e-16
  4    0.997541   0.0937021  4.3297e-16
  5     1.95375    0.124672  4.08444e-16

#--- 6 ---#
idcs      evals   residnorms   |P(X)|
  1     0.28865   0.0884234  3.92092e-16
  2    0.596555    0.231632  4.11377e-16
  3    0.880552     0.23427  4.18672e-16
  4    0.993278   0.0524739  4.33905e-16
  5     1.15347    0.322762  4.13915e-16
  6     1.96117    0.054456  4.12516e-16

#--- 7 ---#
idcs      evals   residnorms   |P(X)|
  1    0.280697   0.0707053  3.93207e-16
  2     0.51412    0.202955  4.10688e-16
  3    0.820111    0.244381  4.16735e-16
  4    0.985588     0.20154  4.20361e-16
  5     1.00677     0.23255  4.21555e-16
  6     1.56754    0.443421  4.1428e-16
  7     1.96936   0.0577275  4.16969e-16

#--- 8 ---#
idcs      evals   residnorms   |P(X)|
  1    0.272454   0.0763706  4.02137e-16
  2    0.397897    0.176289  4.00627e-16
  3    0.668143    0.166065  4.13055e-16
  4    0.917188    0.141952  4.21358e-16
  5     0.99426   0.0408984  4.33175e-16
  6     1.14163    0.181776  4.10134e-16
  7       1.879    0.198077  4.13911e-16
  8     1.98234    0.086764  4.09147e-16

#--- 9 ---#
idcs      evals   residnorms   |P(X)|
  1    0.244447   0.0833589  4.01615e-16
  2    0.343397    0.122812  3.98385e-16
  3    0.562975    0.152425  4.15301e-16
  4    0.818036    0.171395  4.15972e-16
  5    0.968691    0.152154  4.21169e-16
  6    0.997326   0.0853189  4.33493e-16
  7     1.22219     0.14538  4.16456e-16
  8      1.9121   0.0567089  4.19799e-16
  9     1.99238   0.0366252  4.1307e-16

#--- 10 ---#
idcs      evals   residnorms   |P(X)|
  1    0.235405   0.0646363  4.06833e-16
  2    0.330752      0.0851  4.0012e-16
  3    0.532376    0.135343  4.07499e-16
  4    0.764813    0.164486  4.13981e-16
  5    0.945429    0.148077  4.18717e-16
  6    0.995492    0.053799  4.34224e-16
  7     1.17654    0.221164  4.1671e-16
  8     1.51071    0.551384  4.16103e-16
  9      1.9192   0.0753456  4.1841e-16
 10     1.99365   0.0460417  4.10804e-16

#--- 11 ---#
idcs      evals   residnorms   |P(X)|
  1    0.233839    0.058835  4.10597e-16
  2    0.296631   0.0650218  3.93312e-16
  3    0.485325    0.135695  4.10039e-16
  4    0.643012    0.157109  4.13654e-16
  5    0.854459    0.136257  4.1953e-16
  6    0.981126    0.106032  4.2476e-16
  7     1.00053   0.0891041  4.28283e-16
  8     1.20905   0.0812632  4.20412e-16
  9     1.87299    0.140925  4.19293e-16
 10     1.95789    0.124403  4.15284e-16
 11     2.00847   0.0965467  4.1191e-16

#--- 12 ---#
idcs      evals   residnorms   |P(X)|
  1    0.220291   0.0903634  4.20358e-16
  2     0.29023    0.126371  3.96566e-16
  3    0.370958    0.204868  4.02613e-16
  4    0.562379     0.14935  4.13112e-16
  5    0.740928    0.173812  4.19077e-16
  7    0.992965   0.0658282  4.33181e-16
  8     1.03119    0.143834  4.25958e-16
  9     1.22037   0.0658183  4.16992e-16
 10     1.89094   0.0354434  4.21764e-16
 11     1.97208   0.0372446  4.1753e-16
 12     2.02078   0.0437859  4.14868e-16

#--- 13 ---#
idcs      evals   residnorms   |P(X)|
  1     0.19265    0.112018  4.11367e-16
  2    0.282909    0.138611  4.01447e-16
  3    0.316896    0.151328  4.07768e-16
  4    0.522857    0.120804  4.14582e-16
  5    0.691355    0.153318  4.10415e-16
  8     1.00195    0.120543  4.28908e-16
  9     1.21056    0.151567  4.18568e-16
 10     1.37336    0.491423  4.18857e-16
 11     1.89423   0.0330602  4.21212e-16
 12     1.97399   0.0315608  4.14366e-16
 13     2.02321    0.037156  4.09401e-16

#--- 14 ---#
idcs      evals   residnorms   |P(X)|
  1    0.161957   0.0844515  4.12939e-16
  2    0.241065   0.0476156  4.08033e-16
  3     0.31642   0.0439799  3.94731e-16
  4    0.488334   0.0881132  4.08184e-16
  5    0.622559    0.114667  4.1207e-16
  9     1.04464    0.081223  4.2046e-16
 10     1.21874   0.0326375  4.17273e-16
 11     1.85649    0.205123  4.18709e-16
 12     1.89781    0.109018  4.18951e-16
 13     1.97712   0.0413253  4.17713e-16
 14     2.02778   0.0408606  4.14171e-16

#--- 15 ---#
idcs      evals   residnorms   |P(X)|
  1    0.149678   0.0522408  4.12147e-16
  2    0.237494   0.0307491  4.0946e-16
  3    0.313536   0.0350405  3.97732e-16
  4    0.453596    0.108894  4.00148e-16
  5    0.574186    0.124057  4.14161e-16
 10     1.08269    0.129998  4.25899e-16
 11     1.22101   0.0326447  4.20894e-16
 12     1.87181   0.0420915  4.17486e-16
 13     1.91936   0.0446148  4.1935e-16
 14     1.98069   0.0181107  4.15512e-16
 15     2.02993   0.0161888  4.2158e-16

#--- 16 ---#
idcs      evals   residnorms   |P(X)|
  1    0.148213   0.0302064  4.11044e-16
  2    0.241142   0.0215572  4.01013e-16
  3     0.30968    0.029211  3.99256e-16
  4    0.432847    0.103016  4.1065e-16
  5    0.544887   0.0999896  4.10655e-16
 11     1.21922   0.0408203  4.18668e-16
 12     1.50092    0.498659  4.14613e-16
 13      1.8807   0.0555975  4.22649e-16
 14     1.91968   0.0649771  4.2068e-16
 15     1.98048   0.0207346  4.16687e-16
 16     2.03021   0.0164337  4.14123e-16

#--- 17 ---#
idcs      evals   residnorms   |P(X)|
  1    0.145766   0.0130272  4.12579e-16
  2    0.239309   0.0110529  4.13087e-16
  3    0.309705   0.0190979  4.026e-16
  4    0.407888   0.0827604  4.15749e-16
  5    0.516188   0.0831139  4.17306e-16
 12      1.2224   0.0153245  4.19421e-16
 13     1.84272    0.129026  4.16302e-16
 14      1.8913   0.0723892  4.19604e-16
 15     1.94832   0.0957342  4.16557e-16
 16      1.9836   0.0365493  4.13625e-16
 17      2.0319   0.0175542  4.06497e-16

#--- 18 ---#
idcs      evals   residnorms   |P(X)|
  1    0.145485  0.00736928  4.10061e-16
  2    0.237945   0.0076517  4.06338e-16
  3     0.30947   0.0167366  4.00799e-16
  4    0.390223   0.0816649  4.0126e-16
  5    0.495496   0.0932708  4.14204e-16
 13     1.22379   0.0263708  4.15447e-16
 14     1.85611   0.0347243  4.16524e-16
 15     1.90099   0.0263676  4.25572e-16
 16     1.96256   0.0394996  4.14209e-16
 17     1.98693   0.0246667  4.13817e-16
 18      2.0315  0.00835889  4.15069e-16

#--- 19 ---#
idcs      evals   residnorms   |P(X)|
  1    0.145541  0.00463539  4.07012e-16
  2    0.238765  0.00581746  4.09391e-16
  3    0.310608   0.0169233  3.97901e-16
  4    0.371456   0.0775787  4.05998e-16
  5    0.480644   0.0921911  4.11816e-16
 14     1.47258    0.453726  4.14232e-16
 15     1.85995    0.038834  4.14929e-16
 16     1.90211   0.0296854  4.21784e-16
 17     1.96402   0.0389768  4.14545e-16
 18     1.98675   0.0242506  4.13651e-16
 19     2.03204  0.00729499  4.2086e-16

 ──────────────────────────────────────────────────────────────────────────────
                                       Time                   Allocations      
                               ──────────────────────   ───────────────────────
       Tot / % measured:           30706s / 100%            64929GiB / 100%    

 Section               ncalls     time   %tot     avg     alloc   %tot      avg
 ──────────────────────────────────────────────────────────────────────────────
 apply_χ0                  19   30660s   100%   1614s   64887GiB 100%   3415GiB
   Hamiltonian mult...   186k    2652s  8.65%  14.3ms    713GiB  1.10%  3.93MiB
 mixing Hybrid             19    14.3s  0.05%   754ms   27.3GiB  0.04%  1.44GiB
 PlaneWaveBasis             1    3.50s  0.01%   3.50s   2.08GiB  0.00%  2.08GiB
   Instantiation At...      1    1.67s  0.01%   1.67s   1.51GiB  0.00%  1.51GiB
   Instantiation Ewald      1    1.06s  0.00%   1.06s    486MiB  0.00%   486MiB
   Instantiation At...      1    686ms  0.00%   686ms   26.1MiB  0.00%  26.1MiB
   build_kpoints            1   64.3ms  0.00%  64.3ms   39.2MiB  0.00%  39.2MiB
   Instantiation Ki...      1   4.65ms  0.00%  4.65ms   4.19MiB  0.00%  4.19MiB
   Instantiation Ha...      1   3.87ms  0.00%  3.87ms   7.12MiB  0.00%  7.12MiB
   Instantiation Ps...      1    237μs  0.00%   237μs   2.38KiB  0.00%  2.38KiB
   Instantiation Xc         1   1.94μs  0.00%  1.94μs     32.0B  0.00%    32.0B
 spglib_get_symmetry        1   2.66ms  0.00%  2.66ms   77.0KiB  0.00%  77.0KiB
 ──────────────────────────────────────────────────────────────────────────────
