#
#-- optimal_damping SiO2HVac n_repeat=10 -- mixing=SimpleMixing(1.0)
#

Starting Arnoldi (now = 2020-07-26T03:37:58.052 ...

#--- 1 ---#
idcs      evals   residnorms   |P(X)|
  1    0.999351   0.0136501  4.35259e-16

#--- 2 ---#
idcs      evals   residnorms   |P(X)|
  1    0.999149  0.00952163  4.3389e-16
  2     2.27782    0.891752  4.16129e-16

#--- 3 ---#
idcs      evals   residnorms   |P(X)|
  1    0.999006  0.00833132  4.36193e-16
  2     1.41228      0.4403  4.19119e-16
  3     2.95406      0.3966  4.20497e-16

#--- 4 ---#
idcs      evals   residnorms   |P(X)|
  1    0.998869   0.0107602  4.34555e-16
  2     1.16179    0.300367  4.19139e-16
  3     2.10265    0.499061  4.18022e-16
  4     3.02674    0.212896  4.14241e-16

#--- 5 ---#
idcs      evals   residnorms   |P(X)|
  1    0.998583   0.0156255  4.35153e-16
  2     1.05315    0.166788  4.22601e-16
  3      1.6444    0.282631  4.17315e-16
  4     2.62236    0.321356  4.17031e-16
  5     3.04424    0.138384  4.14283e-16

#--- 6 ---#
idcs      evals   residnorms   |P(X)|
  1    0.997933   0.0291071  4.34001e-16
  2     1.01841    0.118597  4.23037e-16
  3     1.47917    0.307216  4.1669e-16
  4     1.96443    0.375388  4.21705e-16
  5     2.78414      0.2094  4.19708e-16
  6     3.07077   0.0917831  4.12814e-16

#--- 7 ---#
idcs      evals   residnorms   |P(X)|
  1    0.994505   0.0656813  4.2539e-16
  2     1.00349   0.0677072  4.30051e-16
  3     1.34283    0.279751  4.179e-16
  4     1.72683    0.297212  4.20489e-16
  5     2.35473    0.337914  4.07148e-16
  6     2.85349    0.176675  4.2444e-16
  7     3.10824    0.070835  4.07287e-16

#--- 8 ---#
idcs      evals   residnorms   |P(X)|
  1    0.985848   0.0586765  4.21617e-16
  2     1.00033   0.0215448  4.34745e-16
  3     1.24465    0.191087  4.18177e-16
  4     1.60587     0.21185  4.1815e-16
  5     2.08743    0.324023  4.17388e-16
  6       2.579    0.284321  4.1537e-16
  7     2.92392    0.163063  4.23814e-16
  8     3.12393   0.0635072  4.15732e-16

#--- 9 ---#
idcs      evals   residnorms   |P(X)|
  1    0.981191   0.0397137  4.22058e-16
  2    0.999924   0.0111928  4.35848e-16
  3     1.19276    0.142029  4.18144e-16
  4     1.51315    0.211155  4.12236e-16
  5      1.8212     0.25962  4.27514e-16
  6     2.34797    0.274283  4.12585e-16
  7     2.68334    0.223191  4.18509e-16
  8     2.98427    0.137836  4.18683e-16
  9     3.12203   0.0540746  4.17979e-16

#--- 10 ---#
idcs      evals   residnorms   |P(X)|
  1    0.978911   0.0383147  4.23238e-16
  2     0.99976   0.0100909  4.35033e-16
  3     1.15443    0.162819  4.19979e-16
  4     1.40309    0.274566  4.19326e-16
  5     1.67244    0.254734  4.17167e-16
  6     2.06158    0.322584  4.13565e-16
  7     2.52879    0.322746  4.14427e-16
  8     2.70966    0.259549  4.19245e-16
  9     2.99896    0.116501  4.22009e-16
 10     3.12205   0.0412389  4.18831e-16

#--- 11 ---#
idcs      evals   residnorms   |P(X)|
  1    0.976582   0.0298859  4.21266e-16
  2    0.999636  0.00773465  4.35877e-16
  3     1.11168    0.144788  4.22215e-16
  4     1.27816    0.171633  4.25133e-16
  5     1.57691    0.140492  4.14332e-16
  6     1.85903    0.170424  4.28958e-16
  7     2.30999     0.17025  4.13221e-16
  8     2.68247    0.209468  4.16267e-16
  9     2.85496    0.269419  4.16738e-16
 10     3.00744    0.138261  4.1576e-16
 11     3.13069    0.037302  4.13287e-16

#--- 12 ---#
idcs      evals   residnorms   |P(X)|
  1    0.974506   0.0418585  4.22541e-16
  2    0.999528   0.0117436  4.34872e-16
  3     1.06514    0.173487  4.22891e-16
  4     1.23006    0.181854  4.1934e-16
  5     1.48998    0.260586  4.15001e-16
  7     1.96538    0.243519  4.21e-16
  8     2.36039    0.134087  4.15772e-16
  9       2.702    0.101865  4.17271e-16
 10     2.92146    0.128801  4.19354e-16
 11     3.04774    0.102976  4.10905e-16
 12     3.12999   0.0323384  4.14656e-16

#--- 13 ---#
idcs      evals   residnorms   |P(X)|
  1    0.972392   0.0428658  4.20702e-16
  2    0.999389   0.0146628  4.3438e-16
  3     1.03389    0.133572  4.20489e-16
  4     1.19113    0.132288  4.20708e-16
  5     1.40248    0.194034  4.17723e-16
  8     2.30265    0.235797  4.1118e-16
  9     2.49959    0.320969  4.15084e-16
 10     2.73399    0.144977  4.20448e-16
 11       2.964   0.0977435  4.14505e-16
 12     3.11775    0.128795  4.20347e-16
 13     3.12767     0.11483  4.16328e-16

#--- 14 ---#
idcs      evals   residnorms   |P(X)|
  1    0.968633   0.0426233  4.18324e-16
  2    0.998852   0.0249678  4.33884e-16
  3     1.01087   0.0847973  4.25538e-16
  4     1.17243    0.105241  4.26242e-16
  5     1.33011    0.155694  4.16957e-16
  9     2.35183    0.115112  4.09585e-16
 10     2.62272     0.14068  4.09357e-16
 11     2.78484    0.130082  4.24452e-16
 12     2.98068   0.0598314  4.12787e-16
 13     3.11499   0.0444845  4.11974e-16
 14     3.15963   0.0623318  4.21304e-16

#--- 15 ---#
idcs      evals   residnorms   |P(X)|
  1    0.966468   0.0412569  4.17096e-16
  2    0.997958   0.0393296  4.29827e-16
  3     1.00458   0.0653626  4.2675e-16
  4      1.1474    0.104618  4.23159e-16
  5     1.29566    0.152324  4.19686e-16
 10     2.41242    0.273488  4.15045e-16
 11     2.63979    0.158865  4.1782e-16
 12     2.81847     0.14278  4.32722e-16
 13     2.98207   0.0565518  4.16966e-16
 14     3.11527   0.0326927  4.14757e-16
 15     3.16035   0.0439139  4.17059e-16

#--- 16 ---#
idcs      evals   residnorms   |P(X)|
  1     0.96373   0.0397307  4.1918e-16
  2    0.993615   0.0514959  4.2386e-16
  3     1.00072   0.0277073  4.32826e-16
  4     1.13581     0.12719  4.22021e-16
  5     1.23291    0.163758  4.18691e-16
 11     2.58645    0.203725  4.18421e-16
 12      2.7218     0.20621  4.20252e-16
 13     2.86977     0.20125  4.27036e-16
 14     2.99424   0.0728815  4.16211e-16
 15     3.11355   0.0297575  4.08981e-16
 16     3.15879   0.0326751  4.19669e-16

#--- 17 ---#
idcs      evals   residnorms   |P(X)|
  1    0.960785   0.0374033  4.16008e-16
  2    0.989663   0.0444544  4.24667e-16
  3     1.00021   0.0157077  4.35679e-16
  4      1.1023    0.120882  4.21148e-16
  5       1.204    0.119364  4.21098e-16
 12     2.62006    0.114064  4.22215e-16
 13     2.76258    0.120911  4.21047e-16
 14     2.93713    0.150236  4.20288e-16
 15     3.00175   0.0988148  4.14064e-16
 16      3.1182   0.0250084  4.13334e-16
 17     3.15734   0.0258115  4.17934e-16

#--- 18 ---#
idcs      evals   residnorms   |P(X)|
  1    0.958811   0.0383035  4.18034e-16
  2     0.98619   0.0437301  4.2471e-16
  3    0.999957   0.0126048  4.36307e-16
  4      1.0708    0.117523  4.18532e-16
  5     1.17573   0.0914209  4.24097e-16
 13     2.63488    0.112594  4.15754e-16
 14     2.77924   0.0892941  4.21663e-16
 15     2.95876   0.0764601  4.17896e-16
 16     3.02246   0.0828871  4.19972e-16
 17     3.11988   0.0169468  4.17964e-16
 18      3.1616   0.0174376  4.14261e-16

#--- 19 ---#
idcs      evals   residnorms   |P(X)|
  1    0.957397   0.0324612  4.16212e-16
  2    0.983746   0.0355155  4.22434e-16
  3    0.999792  0.00927791  4.35817e-16
  4     1.06128    0.102874  4.20524e-16
  5     1.16142   0.0921723  4.21416e-16
 14     2.67994    0.264862  4.11721e-16
 15     2.79831    0.158412  4.28505e-16
 16     2.96666   0.0699847  4.18667e-16
 17     3.04154   0.0959859  4.16427e-16
 18     3.11764   0.0179118  4.1603e-16
 19     3.16418   0.0159021  4.21867e-16

#--- 20 ---#
idcs      evals   residnorms   |P(X)|
  1    0.955844   0.0263611  4.16929e-16
  2    0.981406   0.0285648  4.24767e-16
  3    0.999686  0.00738828  4.36006e-16
  4     1.04498   0.0779393  4.18091e-16
  5     1.15392   0.0875627  4.26056e-16
 15     2.75767    0.117312  4.16685e-16
 16     2.87397    0.180903  4.21008e-16
 17     2.98301   0.0740877  4.2062e-16
 18     3.05731    0.107256  4.17715e-16
 19     3.11926   0.0184741  4.12587e-16
 20     3.16382   0.0135318  4.17264e-16

#--- 21 ---#
idcs      evals   residnorms   |P(X)|
  1     0.95492   0.0292815  4.15556e-16
  2     0.98001   0.0339564  4.21252e-16
  3    0.999611    0.009857  4.3526e-16
  4     1.03053   0.0852186  4.21048e-16
  5     1.13548     0.11051  4.19675e-16
 16     2.76752   0.0683162  4.14557e-16
 17     2.92411    0.120595  4.20678e-16
 18     2.98798   0.0767635  4.10059e-16
 19     3.06739   0.0861571  4.14378e-16
 20     3.12148   0.0162465  4.11305e-16
 21     3.16296   0.0103505  4.17734e-16

#--- 22 ---#
idcs      evals   residnorms   |P(X)|
  1    0.953586   0.0260035  4.16212e-16
  2    0.978385   0.0330982  4.20154e-16
  3    0.999497   0.0128566  4.34479e-16
  4     1.01646   0.0721272  4.21355e-16
  5     1.11202     0.10377  4.24036e-16
 17      2.7822   0.0838447  4.22456e-16
 18     2.94761   0.0803792  4.27103e-16
 19     3.00156   0.0703741  4.2484e-16
 20     3.09039   0.0738593  4.16933e-16
 21     3.12321   0.0226669  4.16216e-16
 22      3.1633    0.010022  4.15784e-16

#--- 23 ---#
idcs      evals   residnorms   |P(X)|
  1    0.952633   0.0293946  4.17362e-16
  2      0.9766   0.0406672  4.19443e-16
  3    0.999226   0.0243801  4.34186e-16
  4     1.00799    0.076746  4.2606e-16
  5     1.09203    0.114685  4.23626e-16
 18     2.79759   0.0839983  4.24559e-16
 19     2.95204   0.0475963  4.23095e-16
 20     3.00593   0.0416311  4.20882e-16
 21     3.10298   0.0457232  4.16748e-16
 22     3.12121   0.0199365  4.15244e-16
 23      3.1647  0.00590687  4.16219e-16

#--- 24 ---#
idcs      evals   residnorms   |P(X)|
  1    0.951508   0.0260929  4.21472e-16
  2    0.974432   0.0390214  4.18206e-16
  3    0.997505   0.0494983  4.24907e-16
  4     1.00141   0.0462694  4.28606e-16
  5     1.07156    0.078199  4.23401e-16
 19     2.83787    0.193646  4.13831e-16
 20     2.96177   0.0693764  4.26276e-16
 21     3.01226   0.0655509  4.15039e-16
 22     3.10328   0.0522435  4.22085e-16
 23     3.12123   0.0216896  4.12343e-16
 24     3.16487  0.00571313  4.19419e-16

#--- 25 ---#
idcs      evals   residnorms   |P(X)|
  1    0.950296   0.0250929  4.18274e-16
  2    0.971508   0.0387342  4.18086e-16
  3    0.992055   0.0438841  4.24547e-16
  4     1.00009   0.0149647  4.35151e-16
  5     1.06392   0.0679182  4.21929e-16
 20     2.92288     0.13766  4.14249e-16
 21     2.97383   0.0992931  4.11357e-16
 22     3.02528   0.0905594  4.17418e-16
 23     3.10487   0.0443271  4.20387e-16
 24     3.12373   0.0205482  4.14317e-16
 25      3.1642    0.004534  4.21248e-16

#--- 26 ---#
idcs      evals   residnorms   |P(X)|
  1    0.949601    0.022519  4.1708e-16
  2    0.969606   0.0350347  4.1843e-16
  3    0.989811   0.0369655  4.24326e-16
  4    0.999983   0.0105722  4.35999e-16
  5     1.05208   0.0616117  4.19274e-16
 21     2.93437   0.0642889  4.20394e-16
 22     2.98568   0.0627717  4.18795e-16
 23     3.02848   0.0640192  4.19999e-16
 24     3.11018   0.0261974  4.19315e-16
 25     3.12357   0.0159999  4.04683e-16
 26     3.16401  0.00256214  4.17815e-16

#--- 27 ---#
idcs      evals   residnorms   |P(X)|
  1    0.949025   0.0226057  4.19547e-16
  2    0.967813   0.0351841  4.17153e-16
  3    0.987847   0.0346328  4.23728e-16
  4    0.999893  0.00899423  4.35734e-16
  5     1.04653   0.0698994  4.21312e-16
 22     2.94008   0.0419766  4.18089e-16
 23     2.98945   0.0393147  4.13892e-16
 24     3.04084   0.0485149  4.14409e-16
 25     3.10951   0.0177147  4.22234e-16
 26     3.12517   0.0108902  4.09077e-16
 27      3.1641  0.00169102  4.12395e-16

#--- 28 ---#
idcs      evals   residnorms   |P(X)|
  1     0.94818   0.0174072  4.15919e-16
  2    0.966576   0.0269593  4.17913e-16
  3    0.986066    0.025453  4.2445e-16
  4      0.9998  0.00624781  4.36093e-16
  5     1.04167   0.0591437  4.23368e-16
 23     2.94667   0.0699262  4.1484e-16
 24     2.99607   0.0538914  4.23176e-16
 25     3.05581   0.0724996  4.18591e-16
 26     3.11357   0.0265796  4.21947e-16
 27     3.12494   0.0196145  4.13881e-16
 28     3.16456  0.00206349  4.16769e-16

#--- 29 ---#
idcs      evals   residnorms   |P(X)|
  1    0.947598   0.0173483  4.10404e-16
  2    0.965502   0.0274113  4.18216e-16
  3    0.985111   0.0271435  4.25772e-16
  4    0.999758  0.00728651  4.34882e-16
  5     1.03056   0.0652623  4.22788e-16
 24     2.95837   0.0998141  4.1703e-16
 25     3.00588   0.0683425  4.16936e-16
 26     3.06197   0.0766779  4.11428e-16
 27     3.11547    0.024816  4.25187e-16
 28     3.12478   0.0196732  4.09805e-16
 29     3.16461  0.00158568  4.20433e-16

#--- 30 ---#
idcs      evals   residnorms   |P(X)|
  1    0.947339   0.0170495  4.17361e-16
  2    0.964233   0.0277125  4.17554e-16
  3    0.984233   0.0293844  4.24002e-16
  4    0.999712   0.0096369  4.3447e-16
  5     1.01901   0.0659782  4.24711e-16
 25     2.97695   0.0806255  4.14221e-16
 26      3.0158   0.0932163  4.15462e-16
 27     3.06479   0.0904301  4.09555e-16
 28     3.11127   0.0196048  4.16891e-16
 29     3.12736     0.01304  4.09325e-16
 30     3.16443  0.00125791  4.20185e-16

 ──────────────────────────────────────────────────────────────────────────────
                                       Time                   Allocations      
                               ──────────────────────   ───────────────────────
       Tot / % measured:           53399s / 100%           103349GiB / 100%    

 Section               ncalls     time   %tot     avg     alloc   %tot      avg
 ──────────────────────────────────────────────────────────────────────────────
 apply_χ0                  30   53352s   100%   1778s   103322GiB100%   3444GiB
   Hamiltonian mult...   373k    5403s  10.1%  14.5ms   1430GiB  1.38%  3.93MiB
 PlaneWaveBasis             1    3.76s  0.01%   3.76s   2.08GiB  0.00%  2.08GiB
   Instantiation At...      1    1.60s  0.00%   1.60s   1.51GiB  0.00%  1.51GiB
   Instantiation Ewald      1    1.06s  0.00%   1.06s    486MiB  0.00%   486MiB
   Instantiation At...      1    690ms  0.00%   690ms   26.1MiB  0.00%  26.1MiB
   build_kpoints            1    396ms  0.00%   396ms   39.2MiB  0.00%  39.2MiB
   Instantiation Ha...      1   6.60ms  0.00%  6.60ms   7.12MiB  0.00%  7.12MiB
   Instantiation Ki...      1   3.78ms  0.00%  3.78ms   4.19MiB  0.00%  4.19MiB
   Instantiation Ps...      1    232μs  0.00%   232μs   2.38KiB  0.00%  2.38KiB
   Instantiation Xc         1   7.33μs  0.00%  7.33μs     32.0B  0.00%    32.0B
 spglib_get_symmetry        1   2.61ms  0.00%  2.61ms   77.0KiB  0.00%  77.0KiB
 mixing Simple             30    292μs  0.00%  9.74μs     0.00B  0.00%    0.00B
 ──────────────────────────────────────────────────────────────────────────────
