#
#-- optimal_damping SiO2HVac n_repeat=10 -- mixing=HybridMixing(1.0, 1, 1.0, identity, true, false)
#

Starting Arnoldi (now = 2020-07-25T21:34:38.986 ...

#--- 1 ---#
idcs      evals   residnorms   |P(X)|
  1    0.999361   0.0149241  4.32738e-16

#--- 2 ---#
idcs      evals   residnorms   |P(X)|
  1    0.999159  0.00908011  4.32167e-16
  2     2.49402    0.909343  4.0935e-16

#--- 3 ---#
idcs      evals   residnorms   |P(X)|
  1    0.999018  0.00888578  4.34007e-16
  2     1.43058    0.494097  4.12716e-16
  3     3.03533    0.373764  4.18599e-16

#--- 4 ---#
idcs      evals   residnorms   |P(X)|
  1    0.998893   0.0109865  4.33304e-16
  2     1.15072    0.278911  4.13905e-16
  3     2.28207     0.49403  4.08154e-16
  4      3.0792    0.216408  4.24141e-16

#--- 5 ---#
idcs      evals   residnorms   |P(X)|
  1    0.998641   0.0145715  4.32789e-16
  2     1.06144     0.17422  4.19928e-16
  3     1.71065    0.362661  4.11117e-16
  4     2.69204    0.322993  4.14834e-16
  5     3.08962    0.142404  4.20915e-16

#--- 6 ---#
idcs      evals   residnorms   |P(X)|
  1    0.998174   0.0233101  4.31604e-16
  2     1.02417    0.120676  4.1778e-16
  3     1.47564    0.310383  4.13702e-16
  4     2.09951    0.361469  4.03014e-16
  5     2.84823    0.212509  4.23848e-16
  6     3.10257   0.0946132  4.17945e-16

#--- 7 ---#
idcs      evals   residnorms   |P(X)|
  1    0.994486    0.073753  4.21826e-16
  2     1.00342   0.0753042  4.28076e-16
  3     1.31565    0.280872  4.15317e-16
  4     1.75958    0.328526  4.1038e-16
  5     2.35985    0.272472  4.03568e-16
  6     2.90026    0.138734  4.16125e-16
  7     3.13401   0.0545567  4.20686e-16

#--- 8 ---#
idcs      evals   residnorms   |P(X)|
  1    0.985163   0.0554375  4.19553e-16
  2     1.00027   0.0193921  4.31599e-16
  3     1.24248    0.161916  4.15515e-16
  4     1.63539    0.211593  4.12265e-16
  5      2.1854      0.3075  4.05668e-16
  6     2.59787    0.289445  4.13701e-16
  7     2.95477    0.141873  4.15659e-16
  8     3.15868   0.0499919  4.2137e-16

#--- 9 ---#
idcs      evals   residnorms   |P(X)|
  1    0.981154   0.0462472  4.1906e-16
  2    0.999942   0.0130746  4.32845e-16
  3      1.1923    0.156791  4.1767e-16
  4     1.52365    0.298971  4.13053e-16
  5     1.82466     0.34924  4.1466e-16
  6     2.32322    0.240417  4.02743e-16
  7     2.70417    0.197782  4.2112e-16
  8     2.98711    0.101565  4.06356e-16
  9     3.16497   0.0326819  4.19617e-16

#--- 10 ---#
idcs      evals   residnorms   |P(X)|
  1    0.978662   0.0353598  4.18197e-16
  2    0.999776  0.00921217  4.34392e-16
  3     1.15909    0.146187  4.1679e-16
  4     1.39083      0.2451  4.19986e-16
  5     1.69566    0.198069  4.13113e-16
  6     2.21407    0.287839  4.15159e-16
  7     2.54093    0.396188  4.024e-16
  8     2.76476    0.328829  4.17779e-16
  9     2.99731    0.124916  4.12387e-16
 10     3.16001   0.0286843  4.22978e-16

#--- 11 ---#
idcs      evals   residnorms   |P(X)|
  1    0.976962   0.0318892  4.2068e-16
  2    0.999667  0.00834397  4.33856e-16
  3     1.11789    0.152387  4.16778e-16
  4     1.29449    0.198577  4.17389e-16
  5     1.59512    0.212484  4.11954e-16
  6     1.86628     0.26343  4.1109e-16
  7     2.31346    0.155632  4.10031e-16
  8     2.64942    0.169771  4.14153e-16
  9      2.9144    0.199752  4.14869e-16
 10     3.03743    0.166158  4.06613e-16
 11      3.1572   0.0285719  4.21339e-16

#--- 12 ---#
idcs      evals   residnorms   |P(X)|
  1    0.974619   0.0421097  4.16661e-16
  2    0.999551   0.0120085  4.33942e-16
  3     1.06493    0.174813  4.17911e-16
  4     1.22219     0.16563  4.1943e-16
  5     1.49089    0.245468  4.09992e-16
  7     2.08796    0.267399  4.14713e-16
  8      2.3674    0.161895  4.02888e-16
  9      2.6739    0.104379  4.14573e-16
 10     2.94175    0.081186  4.12325e-16
 11     3.08202   0.0948093  4.07151e-16
 12     3.15647   0.0212536  4.26383e-16

#--- 13 ---#
idcs      evals   residnorms   |P(X)|
  1    0.972399   0.0442918  4.16366e-16
  2    0.999406   0.0154697  4.34372e-16
  3     1.03357    0.137298  4.16938e-16
  4      1.1826    0.122179  4.17228e-16
  5     1.40185    0.172461  4.1676e-16
  8     2.29252    0.216634  4.07668e-16
  9     2.51006     0.31289  4.02069e-16
 10      2.7091    0.178481  4.16693e-16
 11     2.95295   0.0736804  4.02843e-16
 12     3.09428   0.0805951  4.09522e-16
 13     3.16199   0.0182139  4.19799e-16

#--- 14 ---#
idcs      evals   residnorms   |P(X)|
  1    0.969413   0.0400765  4.16318e-16
  2    0.999075   0.0202619  4.31357e-16
  3     1.01491   0.0894495  4.17959e-16
  4     1.16595   0.0959525  4.16958e-16
  5      1.3469    0.153097  4.16245e-16
  9     2.35897     0.14544  4.0643e-16
 10     2.63026    0.147381  4.17185e-16
 11     2.81315    0.230302  4.09947e-16
 12     2.96316   0.0844568  4.11633e-16
 13     3.10063   0.0629287  4.1619e-16
 14     3.16631   0.0144819  4.1405e-16

#--- 15 ---#
idcs      evals   residnorms   |P(X)|
  1    0.966067   0.0403424  4.14083e-16
  2    0.998055   0.0378281  4.26665e-16
  3     1.00482   0.0649785  4.21787e-16
  4     1.15052    0.108257  4.13802e-16
  5      1.2821    0.172321  4.19338e-16
 10      2.4013    0.156001  3.99963e-16
 11     2.64841   0.0867051  4.22975e-16
 12     2.87231     0.13221  4.12363e-16
 13     2.97442    0.067777  4.1118e-16
 14     3.10693   0.0390556  4.16616e-16
 15     3.16542  0.00861583  4.18183e-16

#--- 16 ---#
idcs      evals   residnorms   |P(X)|
  1    0.963592   0.0426474  4.1436e-16
  2      0.9944   0.0559854  4.20754e-16
  3     1.00101   0.0348626  4.30308e-16
  4     1.12973    0.133013  4.14713e-16
  5     1.23278    0.171865  4.14559e-16
 11     2.48176    0.314869  4.15642e-16
 12     2.65986    0.122636  4.22671e-16
 13     2.89248    0.109999  4.19794e-16
 14     2.98263   0.0632504  4.06564e-16
 15      3.1105   0.0298322  4.17568e-16
 16     3.16437  0.00616609  4.16837e-16

#--- 17 ---#
idcs      evals   residnorms   |P(X)|
  1    0.960609   0.0376206  4.18622e-16
  2    0.988564   0.0434588  4.21376e-16
  3     1.00011   0.0139008  4.3355e-16
  4     1.11334    0.134692  4.1537e-16
  5     1.18417    0.126696  4.20799e-16
 12     2.61038    0.155627  4.15506e-16
 13     2.74079    0.220123  4.19877e-16
 14     2.92126    0.114776  4.12202e-16
 15     2.99216   0.0808717  4.04602e-16
 16     3.11115   0.0250928  4.12182e-16
 17     3.16402  0.00449748  4.21861e-16

#--- 18 ---#
idcs      evals   residnorms   |P(X)|
  1    0.958539    0.038981  4.11969e-16
  2    0.985631    0.042853  4.21289e-16
  3    0.999955     0.01177  4.33224e-16
  4     1.08023    0.123687  4.16336e-16
  5     1.17408   0.0983996  4.17192e-16
 13     2.63106   0.0930231  4.23153e-16
 14     2.80685    0.160437  4.23703e-16
 15     2.94171   0.0907779  4.08494e-16
 16      3.0105   0.0909646  4.12021e-16
 17     3.11216   0.0221799  4.15724e-16
 18     3.16418  0.00346902  4.15906e-16

#--- 19 ---#
idcs      evals   residnorms   |P(X)|
  1    0.957043   0.0298495  4.14088e-16
  2    0.983417   0.0324329  4.19983e-16
  3    0.999819  0.00846587  4.34283e-16
  4     1.05911   0.0880365  4.18633e-16
  5     1.16451   0.0714159  4.15617e-16
 14     2.65999    0.195211  4.19321e-16
 15     2.86316    0.154175  4.15755e-16
 16     2.96527   0.0923059  4.10146e-16
 17      3.0438    0.148963  4.09959e-16
 18     3.11446   0.0345995  4.17649e-16
 19     3.16455  0.00424691  4.2173e-16

#--- 20 ---#
idcs      evals   residnorms   |P(X)|
  1    0.955443   0.0302268  4.08526e-16
  2    0.981247   0.0327538  4.21774e-16
  3    0.999703  0.00858711  4.33905e-16
  4     1.04436   0.0881911  4.20921e-16
  5      1.1543   0.0929996  4.15916e-16
 15     2.71899    0.154502  4.22813e-16
 16      2.8994   0.0993699  4.10862e-16
 17     2.97791   0.0719979  4.07448e-16
 18     3.06595    0.120886  4.09962e-16
 19     3.11543   0.0342914  4.15538e-16
 20     3.16448  0.00322627  4.19552e-16

#--- 21 ---#
idcs      evals   residnorms   |P(X)|
  1    0.954595   0.0272935  4.12895e-16
  2     0.97967   0.0312988  4.18769e-16
  3    0.999618  0.00901921  4.34408e-16
  4     1.03128   0.0797741  4.19322e-16
  5     1.13941    0.112894  4.18145e-16
 16     2.76053    0.154534  4.19027e-16
 17     2.91445   0.0884082  4.04487e-16
 18     2.98386   0.0643935  4.08988e-16
 19     3.08087   0.0965849  4.13737e-16
 20     3.11644   0.0366542  4.18559e-16
 21       3.164  0.00264703  4.1816e-16

#--- 22 ---#
idcs      evals   residnorms   |P(X)|
  1    0.953278   0.0284059  4.14301e-16
  2     0.97814   0.0359025  4.19184e-16
  3    0.999524   0.0136083  4.32886e-16
  4     1.01811   0.0845164  4.21182e-16
  5     1.10613    0.119341  4.16054e-16
 17     2.81182     0.12825  4.16045e-16
 18     2.92326   0.0707573  4.05721e-16
 19     2.98818   0.0450537  4.10169e-16
 20     3.09712   0.0559052  4.11993e-16
 21     3.11881   0.0366583  4.20653e-16
 22     3.16402  0.00183341  4.19148e-16

#--- 23 ---#
idcs      evals   residnorms   |P(X)|
  1    0.952002   0.0285662  4.13967e-16
  2    0.975958   0.0393621  4.17531e-16
  3    0.999146   0.0262573  4.31055e-16
  4     1.00685   0.0723017  4.24441e-16
  5     1.08669   0.0983313  4.1975e-16
 18     2.83559   0.0851669  4.12526e-16
 19     2.93298   0.0478648  4.09189e-16
 20     2.99145   0.0301562  4.08635e-16
 21     3.10401   0.0241856  4.09617e-16
 22     3.12584   0.0269475  4.19199e-16
 23     3.16442  0.00124154  4.18776e-16

#--- 24 ---#
idcs      evals   residnorms   |P(X)|
  1    0.950995   0.0293382  4.10168e-16
  2    0.972667   0.0432367  4.19817e-16
  3    0.995281    0.052937  4.25359e-16
  4     1.00055   0.0289366  4.32026e-16
  5     1.07632   0.0775632  4.16211e-16
 19     2.85029   0.0675523  4.13851e-16
 20     2.93849   0.0373593  4.0955e-16
 21     2.99423   0.0229766  4.06891e-16
 22     3.10431   0.0128877  4.08081e-16
 23     3.12942   0.0162511  4.15868e-16
 24     3.16443  0.000770197  4.19705e-16

#--- 25 ---#
idcs      evals   residnorms   |P(X)|
  1    0.950133   0.0234013  4.14048e-16
  2    0.970709   0.0347553  4.17299e-16
  3    0.992149   0.0383022  4.24462e-16
  4     1.00011   0.0132985  4.34674e-16
  5      1.0687    0.060797  4.16995e-16
 20     2.87099    0.135934  4.10017e-16
 21     2.94523    0.068271  4.05799e-16
 22     2.99629   0.0369868  4.12541e-16
 23     3.10429   0.0143532  4.10974e-16
 24     3.12848   0.0163647  4.1744e-16
 25     3.16429  0.000689323  4.21007e-16

#--- 26 ---#
idcs      evals   residnorms   |P(X)|
  1    0.949426   0.0213759  4.16379e-16
  2    0.968765   0.0322742  4.19907e-16
  3    0.989538   0.0328107  4.25024e-16
  4    0.999959  0.00917378  4.33997e-16
  5     1.05818   0.0614914  4.1913e-16
 21     2.91767    0.103931  4.08198e-16
 22     2.96359    0.117201  4.10025e-16
 23     2.99803   0.0574281  4.09634e-16
 24     3.10471   0.0108826  4.08417e-16
 25     3.12707   0.0108955  4.13291e-16
 26     3.16421  0.000393561  4.18539e-16

#--- 27 ---#
idcs      evals   residnorms   |P(X)|
  1      0.9486   0.0220529  4.18395e-16
  2    0.967434   0.0336804  4.17751e-16
  3    0.987766   0.0334238  4.23387e-16
  4    0.999881  0.00869533  4.33348e-16
  5     1.04842   0.0722557  4.18439e-16
 22     2.92899   0.0522406  4.05523e-16
 23     2.97981   0.0828714  4.10764e-16
 24     3.00486   0.0722979  4.04525e-16
 25     3.10435  0.00784194  4.1099e-16
 26     3.12762  0.00741671  4.19207e-16
 27     3.16422  0.000253526  4.2154e-16

#--- 28 ---#
idcs      evals   residnorms   |P(X)|
  1    0.947985    0.018451  4.17481e-16
  2    0.966171   0.0287391  4.20087e-16
  3    0.986245   0.0286245  4.2307e-16
  4    0.999808  0.00744456  4.34894e-16
  5     1.03813   0.0690682  4.20344e-16
 23     2.93199    0.043305  4.0093e-16
 24     2.98897   0.0422295  4.08202e-16
 25     3.02979   0.0968168  4.03986e-16
 26     3.10445  0.00840235  4.12176e-16
 27     3.12892  0.00745995  4.19765e-16
 28     3.16427   0.0002299  4.22822e-16

#--- 29 ---#
idcs      evals   residnorms   |P(X)|
  1    0.947754   0.0168655  4.07791e-16
  2    0.965545   0.0277551  4.17602e-16
  3    0.985227   0.0293676  4.24354e-16
  4    0.999761  0.00831949  4.32945e-16
  5     1.02708   0.0683502  4.21002e-16
 24     2.93533   0.0397834  4.04179e-16
 25     2.99094   0.0295178  4.04995e-16
 26     3.04195   0.0806351  4.07999e-16
 27     3.10506  0.00704678  4.08099e-16
 28     3.12851  0.00575846  4.15646e-16
 29     3.16428  0.000156686  4.21556e-16

 ──────────────────────────────────────────────────────────────────────────────
                                       Time                   Allocations      
                               ──────────────────────   ───────────────────────
       Tot / % measured:           55738s / 100%            99915GiB / 100%    

 Section               ncalls     time   %tot     avg     alloc   %tot      avg
 ──────────────────────────────────────────────────────────────────────────────
 apply_χ0                  29   55691s   100%   1920s   99887GiB 100%   3444GiB
   Hamiltonian mult...   361k    5573s  10.0%  15.4ms   1386GiB  1.39%  3.93MiB
 PlaneWaveBasis             1    4.00s  0.01%   4.00s   2.08GiB  0.00%  2.08GiB
   Instantiation At...      1    1.94s  0.00%   1.94s   1.51GiB  0.00%  1.51GiB
   Instantiation Ewald      1    1.34s  0.00%   1.34s    486MiB  0.00%   486MiB
   Instantiation At...      1    651ms  0.00%   651ms   26.1MiB  0.00%  26.1MiB
   build_kpoints            1   65.1ms  0.00%  65.1ms   39.2MiB  0.00%  39.2MiB
   Instantiation Ha...      1   4.01ms  0.00%  4.01ms   7.12MiB  0.00%  7.12MiB
   Instantiation Ki...      1   3.99ms  0.00%  3.99ms   4.19MiB  0.00%  4.19MiB
   Instantiation Ps...      1    478μs  0.00%   478μs   2.38KiB  0.00%  2.38KiB
   Instantiation Xc         1   11.3μs  0.00%  11.3μs     32.0B  0.00%    32.0B
 mixing Hybrid             29    815ms  0.00%  28.1ms   2.82GiB  0.00%   100MiB
 spglib_get_symmetry        1   2.74ms  0.00%  2.74ms   77.0KiB  0.00%  77.0KiB
 ──────────────────────────────────────────────────────────────────────────────
