#
#-- optimal_damping SiO2HVac n_repeat=10 -- mixing=RestaMixing(1.0, 14, 1.0)
#

Starting Arnoldi (now = 2020-07-26T05:34:26.851 ...

#--- 1 ---#
idcs      evals   residnorms   |P(X)|
  1    0.983653   0.0292736  4.37162e-16

#--- 2 ---#
idcs      evals   residnorms   |P(X)|
  1    0.683554    0.310247  4.18898e-16
  2     0.98624   0.0302378  4.36654e-16

#--- 3 ---#
idcs      evals   residnorms   |P(X)|
  1    0.510099     0.35174  4.08133e-16
  2    0.936853    0.380318  4.26644e-16
  3     0.99318    0.163748  4.34051e-16

#--- 4 ---#
idcs      evals   residnorms   |P(X)|
  1    0.354352    0.213202  3.95643e-16
  2    0.810695    0.230323  4.23914e-16
  3    0.987131   0.0324963  4.36286e-16
  4     1.65616    0.487871  4.24944e-16

#--- 5 ---#
idcs      evals   residnorms   |P(X)|
  1    0.224229    0.163439  3.91526e-16
  2    0.625516    0.221618  4.11294e-16
  3    0.918512     0.18196  4.24763e-16
  4     0.98958   0.0476386  4.36358e-16
  5     1.94327    0.161655  4.29303e-16

#--- 6 ---#
idcs      evals   residnorms   |P(X)|
  1    0.168287    0.128937  3.78964e-16
  2    0.489284    0.194314  4.14097e-16
  3    0.839829    0.236793  4.21358e-16
  4    0.986664   0.0794896  4.36081e-16
  5      1.0645    0.289429  4.26623e-16
  6     1.96424   0.0614037  4.33828e-16

#--- 7 ---#
idcs      evals   residnorms   |P(X)|
  1    0.144981    0.104364  3.8012e-16
  2    0.415001    0.184305  4.06687e-16
  3    0.732293    0.251482  4.20679e-16
  4    0.948869    0.223458  4.26145e-16
  5    0.991556   0.0961881  4.34533e-16
  6     1.43614    0.457601  4.25772e-16
  7     1.96756   0.0524758  4.36429e-16

#--- 8 ---#
idcs      evals   residnorms   |P(X)|
  1    0.134719    0.066525  3.78045e-16
  2    0.348746    0.137396  3.99449e-16
  3    0.622874    0.175531  4.1695e-16
  4    0.887622    0.177509  4.21979e-16
  5    0.988292   0.0559055  4.34701e-16
  6     1.09273    0.229239  4.22164e-16
  7     1.84467    0.286271  4.35332e-16
  8     1.98349   0.0942795  4.30323e-16

#--- 9 ---#
idcs      evals   residnorms   |P(X)|
  1    0.120757   0.0518115  3.79565e-16
  2    0.292742    0.132862  3.86331e-16
  3    0.495834     0.16061  4.15141e-16
  4    0.749167    0.165228  4.21808e-16
  5      0.9404    0.130569  4.2666e-16
  6    0.990711    0.048378  4.33493e-16
  7     1.19842    0.153381  4.26289e-16
  8     1.92598   0.0744545  4.32326e-16
  9     2.00006   0.0613967  4.2354e-16

#--- 10 ---#
idcs      evals   residnorms   |P(X)|
  1    0.114998   0.0524433  3.85112e-16
  2     0.26208    0.149845  3.81904e-16
  3    0.435321    0.171787  4.11674e-16
  4    0.689482    0.199784  4.21349e-16
  5    0.902492    0.224384  4.20794e-16
  6    0.988544   0.0810566  4.34029e-16
  7     1.08386    0.373878  4.23011e-16
  8     1.31657    0.398301  4.27368e-16
  9     1.93089   0.0557498  4.33068e-16
 10     2.00353    0.046903  4.24477e-16

#--- 11 ---#
idcs      evals   residnorms   |P(X)|
  1    0.113329   0.0297542  3.78803e-16
  2     0.22014    0.078652  3.743e-16
  3    0.408073   0.0969033  4.20193e-16
  4    0.591053    0.130923  4.17294e-16
  5    0.808582    0.127923  4.20851e-16
  6    0.957718   0.0984557  4.27225e-16
  7    0.991906   0.0494275  4.33538e-16
  8     1.19748   0.0941354  4.25891e-16
  9     1.83119    0.252564  4.33306e-16
 10     1.94584   0.0957826  4.31342e-16
 11     2.01642   0.0753988  4.24251e-16

#--- 12 ---#
idcs      evals   residnorms   |P(X)|
  1    0.110531   0.0205659  3.73278e-16
  2    0.208326   0.0664602  3.54376e-16
  3     0.35722    0.107338  4.05551e-16
  4    0.512748    0.142111  4.13779e-16
  5    0.686455    0.141755  4.17529e-16
  7    0.981911   0.0835637  4.27082e-16
  8     1.00111   0.0919061  4.25232e-16
  9     1.20985   0.0524626  4.20626e-16
 10     1.88758   0.0513171  4.35919e-16
 11     1.96117   0.0367558  4.19874e-16
 12     2.02411   0.0303546  4.26663e-16

#--- 13 ---#
idcs      evals   residnorms   |P(X)|
  1    0.108718   0.0220587  3.66844e-16
  2    0.196843   0.0790012  3.591e-16
  3    0.325481    0.141377  3.97308e-16
  4    0.472657    0.169844  4.19255e-16
  5     0.63596    0.195002  4.14946e-16
  8     0.99192    0.109263  4.32771e-16
  9     1.12875    0.447724  4.2068e-16
 10     1.22238    0.220604  4.23716e-16
 11     1.88917   0.0354733  4.35669e-16
 12       1.962    0.024041  4.28328e-16
 13     2.02467   0.0188315  4.24259e-16

#--- 14 ---#
idcs      evals   residnorms   |P(X)|
  1    0.108194   0.0171528  3.66817e-16
  2    0.183293   0.0710086  3.88585e-16
  3    0.287673    0.128327  3.79567e-16
  4    0.406844    0.109303  4.14272e-16
  5    0.580807    0.126388  4.10492e-16
  9     1.00783   0.0869092  4.2532e-16
 10     1.20863   0.0403192  4.23078e-16
 11     1.77857    0.357462  4.21119e-16
 12     1.89469   0.0907155  4.35848e-16
 13     1.96297   0.0423767  4.26783e-16
 14     2.02577   0.0253825  4.21807e-16

#--- 15 ---#
idcs      evals   residnorms   |P(X)|
  1    0.107825   0.0184899  3.62556e-16
  2    0.165489   0.0891179  3.84309e-16
  3    0.239189    0.105041  3.9073e-16
  4     0.37357     0.10144  4.03555e-16
  5    0.494329    0.123593  4.16221e-16
 10     1.03127   0.0866641  4.23749e-16
 11     1.21008   0.0216729  4.26799e-16
 12     1.87237   0.0543141  4.30822e-16
 13     1.92545   0.0722484  4.27958e-16
 14     1.96941    0.034036  4.23736e-16
 15     2.02699   0.0133812  4.35462e-16

#--- 16 ---#
idcs      evals   residnorms   |P(X)|
  1     0.10423   0.0276533  3.7669e-16
  2      0.1434   0.0929492  3.59556e-16
  3      0.2151   0.0795921  3.85855e-16
  4    0.351661    0.103329  4.02943e-16
  5    0.461345    0.136988  4.21226e-16
 11     1.10937    0.254513  4.20005e-16
 12     1.21147   0.0478234  4.26893e-16
 13      1.8738   0.0227173  4.42309e-16
 14     1.93233   0.0323309  4.25904e-16
 15     1.97113   0.0177399  4.25087e-16
 16     2.02721  0.00618478  4.2569e-16

#--- 17 ---#
idcs      evals   residnorms   |P(X)|
  1    0.105659    0.025977  4.13716e-16
  2    0.132749    0.072033  3.82218e-16
  3    0.208548   0.0572021  3.86567e-16
  4     0.33169   0.0941997  3.9713e-16
  5    0.432043     0.10931  4.15977e-16
 12     1.20983   0.0274261  4.23734e-16
 13     1.58415    0.473491  4.24058e-16
 14     1.87685   0.0335625  4.40097e-16
 15     1.93333   0.0431923  4.2489e-16
 16     1.97117    0.021652  4.29208e-16
 17     2.02747  0.00653648  4.20195e-16

#--- 18 ---#
idcs      evals   residnorms   |P(X)|
  1    0.103745   0.0209031  3.66508e-16
  2    0.127275   0.0469442  4.10014e-16
  3    0.202532   0.0465037  3.94638e-16
  4    0.304164   0.0993049  3.91136e-16
  5    0.396085   0.0991257  4.18822e-16
 13     1.21198   0.0162109  4.25e-16
 14     1.86428    0.095472  4.3131e-16
 15     1.89799    0.133705  4.23213e-16
 16     1.94296   0.0853734  4.30186e-16
 17     1.97425   0.0389922  4.24223e-16
 18     2.02749  0.00689159  4.27174e-16

#--- 19 ---#
idcs      evals   residnorms   |P(X)|
  1    0.103019   0.0185806  3.81768e-16
  2    0.123208       0.036  3.91265e-16
  3    0.195951   0.0452904  3.73974e-16
  4    0.272791   0.0901935  3.82054e-16
  5    0.376624   0.0806269  4.00636e-16
 14     1.21515   0.0435418  4.27605e-16
 15       1.869   0.0231213  4.36126e-16
 16     1.90976   0.0432844  4.25967e-16
 17     1.95387    0.037452  4.36592e-16
 18     1.97728    0.025266  4.22926e-16
 19     2.02745  0.00315731  4.22942e-16

#--- 20 ---#
idcs      evals   residnorms   |P(X)|
  1    0.103631   0.0141373  3.66389e-16
  2    0.122433   0.0284075  3.90301e-16
  3     0.19178   0.0395144  3.88168e-16
  4    0.265139   0.0823563  3.77785e-16
  5    0.360452   0.0804584  4.0861e-16
 15     1.47068    0.476353  4.23167e-16
 16      1.8702   0.0241449  4.35899e-16
 17     1.91355   0.0454221  4.21279e-16
 18     1.95557    0.039993  4.31477e-16
 19     1.97778   0.0275283  4.20038e-16
 20     2.02762  0.00296491  4.37893e-16

#--- 21 ---#
idcs      evals   residnorms   |P(X)|
  1    0.102433  0.00815874  3.80815e-16
  2    0.121267   0.0154649  4.00351e-16
  3    0.189111   0.0301503  3.8813e-16
  4    0.246008   0.0568094  3.72805e-16
  5    0.345611   0.0643271  3.91638e-16
 16      1.8349    0.177634  4.21672e-16
 17     1.87373   0.0607609  4.38433e-16
 18     1.92396   0.0673445  4.22486e-16
 19     1.96077   0.0522722  4.33635e-16
 20     1.98168   0.0442085  4.24223e-16
 21     2.02757  0.00314722  4.37611e-16

#--- 22 ---#
idcs      evals   residnorms   |P(X)|
  1    0.102877  0.00531192  3.78003e-16
  2     0.12156   0.0110858  3.84651e-16
  3    0.186558   0.0266818  3.9313e-16
  4    0.238132    0.051045  3.68446e-16
  5    0.331586   0.0759112  4.0548e-16
 17     1.85961   0.0427175  4.3603e-16
 18     1.88139   0.0404561  4.34209e-16
 19     1.92799   0.0295783  4.31092e-16
 20     1.96464   0.0200264  4.31555e-16
 21     1.98579   0.0227856  4.22155e-16
 22     2.02757   0.0013598  4.25196e-16

#--- 23 ---#
idcs      evals   residnorms   |P(X)|
  1    0.103169  0.00360017  3.8495e-16
  2     0.12149  0.00787977  4.00283e-16
  3    0.185425   0.0216371  3.72777e-16
  4    0.235007   0.0437514  3.65633e-16
  5    0.321197   0.0759089  3.77919e-16
 18     1.86132   0.0390132  4.37602e-16
 19     1.88606   0.0450838  4.27457e-16
 20     1.93083   0.0332721  4.34111e-16
 21     1.96549   0.0220827  4.3417e-16
 22     1.98593   0.0243472  4.23878e-16
 23     2.02764  0.00127825  4.18459e-16

#--- 24 ---#
idcs      evals   residnorms   |P(X)|
  1     0.10268  0.00238212  3.74873e-16
  2    0.121519  0.00542029  3.84183e-16
  3    0.183678   0.0196983  4.02987e-16
  4     0.22971   0.0440779  3.60118e-16
  5    0.298452   0.0836811  3.8101e-16
 19      1.8699   0.0594026  4.38092e-16
 20     1.89937    0.101044  4.28357e-16
 21     1.93672   0.0648004  4.3142e-16
 22     1.96707   0.0327567  4.30067e-16
 23     1.98907   0.0361078  4.25114e-16
 24      2.0276  0.00147659  4.31257e-16

#--- 25 ---#
idcs      evals   residnorms   |P(X)|
  1    0.102901  0.00175319  3.73706e-16
  2    0.121565  0.00435123  3.93613e-16
  3    0.182934   0.0225693  4.11395e-16
  4    0.221375   0.0555125  3.76585e-16
  5    0.276043   0.0941461  3.82059e-16
 20     1.87362   0.0220332  4.39632e-16
 21     1.91436   0.0378477  4.30943e-16
 22       1.944   0.0372906  4.29249e-16
 23     1.96919   0.0184933  4.25836e-16
 24     1.99057   0.0191827  4.26041e-16
 25     2.02759  0.000627743  4.29707e-16

#--- 26 ---#
idcs      evals   residnorms   |P(X)|
  1    0.102959  0.00155008  4.0997e-16
  2    0.121828  0.00418519  4.05551e-16
  3    0.182065   0.0309152  4.11715e-16
  4    0.214037   0.0813235  3.67161e-16
  5    0.254168   0.0910823  3.82051e-16
 21     1.87391   0.0147339  4.41276e-16
 22     1.91451   0.0233207  4.28961e-16
 23     1.94581   0.0231941  4.31518e-16
 24     1.96937    0.011726  4.23207e-16
 25     1.99161   0.0121067  4.27435e-16
 26     2.02762  0.000381916  4.27311e-16

#--- 27 ---#
idcs      evals   residnorms   |P(X)|
  1    0.102889  0.000844575  4.05062e-16
  2    0.121952  0.00245371  3.92935e-16
  3    0.179476   0.0260105  3.88185e-16
  4    0.204682   0.0526745  3.86007e-16
  5    0.244304   0.0460221  3.69491e-16
 22     1.87714   0.0640876  4.34545e-16
 23     1.91706   0.0575316  4.30861e-16
 24      1.9489   0.0511914  4.3197e-16
 25     1.96977   0.0249461  4.19865e-16
 26     1.99155   0.0212743  4.30798e-16
 27     2.02762  0.000535866  4.23279e-16

#--- 28 ---#
idcs      evals   residnorms   |P(X)|
  1    0.102882  0.000465498  3.76279e-16
  2    0.121924  0.00146002  4.00741e-16
  3    0.176495   0.0222723  3.87285e-16
  4    0.197247   0.0311752  3.76082e-16
  5    0.240315   0.0271445  3.61726e-16
 23     1.89069   0.0536698  4.28051e-16
 24     1.92555   0.0331399  4.36795e-16
 25     1.95424   0.0311046  4.28753e-16
 26     1.97088   0.0160154  4.21182e-16
 27      1.9923   0.0109476  4.15166e-16
 28     2.02761  0.000216777  4.28317e-16

 ──────────────────────────────────────────────────────────────────────────────
                                       Time                   Allocations      
                               ──────────────────────   ───────────────────────
       Tot / % measured:           40705s / 100%            94476GiB / 100%    

 Section               ncalls     time   %tot     avg     alloc   %tot      avg
 ──────────────────────────────────────────────────────────────────────────────
 apply_χ0                  28   40660s   100%   1452s   94452GiB 100%   3373GiB
   Hamiltonian mult...   167k    2376s  5.84%  14.3ms    640GiB  0.68%  3.93MiB
 PlaneWaveBasis             1    4.73s  0.01%   4.73s   2.08GiB  0.00%  2.08GiB
   Instantiation At...      1    2.85s  0.01%   2.85s   1.51GiB  0.00%  1.51GiB
   Instantiation Ewald      1    1.11s  0.00%   1.11s    486MiB  0.00%   486MiB
   Instantiation At...      1    674ms  0.00%   674ms   26.1MiB  0.00%  26.1MiB
   build_kpoints            1   76.9ms  0.00%  76.9ms   39.2MiB  0.00%  39.2MiB
   Instantiation Ki...      1   4.44ms  0.00%  4.44ms   4.19MiB  0.00%  4.19MiB
   Instantiation Ha...      1   3.32ms  0.00%  3.32ms   7.12MiB  0.00%  7.12MiB
   Instantiation Ps...      1    112μs  0.00%   112μs   2.38KiB  0.00%  2.38KiB
   Instantiation Xc         1   3.16μs  0.00%  3.16μs     32.0B  0.00%    32.0B
 mixing Resta              28    238ms  0.00%  8.50ms    399MiB  0.00%  14.3MiB
 spglib_get_symmetry        1   4.09ms  0.00%  4.09ms   77.0KiB  0.00%  77.0KiB
 ──────────────────────────────────────────────────────────────────────────────
