#
#-- SCF SiO2HVac n_repeat=10 -- mixing=RestaMixing(0.939, 14, 1.0)
#

hostname       = clustern15

started on     = 2020-08-07T22:41:04.911
julia threads  = 4
BLAS threads   = 4

temperature    = 0.0
smearing       = DFTK.Smearing.None()
diag(lattice)  = [16.32, 10.35, 50.75]
Ecut           = 20
fft_size       = (54, 36, 160)
kgrid          = [3, 5, 1]
irreducible k  = 15
n_bands        = 136
n_electr       = 248
mixing         = RestaMixing(0.939, 14, 1.0)
n     Energy            Eₙ-Eₙ₋₁     ρout-ρin   Diag
---   ---------------   ---------   --------   ----
  1   -524.6785451794         NaN   2.07e+00    26.2 
  2   -525.1623285852   -4.84e-01   8.49e-01    26.3 
  3   -525.5676914560   -4.05e-01   3.91e-01    25.5 
  4   -525.6770553628   -1.09e-01   2.56e-02    16.6 
  5   -525.6785887683   -1.53e-03   1.91e-02    16.5 
  6   -525.6791048710   -5.16e-04   8.05e-03    15.3 
  7   -525.6795339190   -4.29e-04   4.66e-03    16.8 
  8   -525.6797912969   -2.57e-04   3.21e-03    17.2 
  9   -525.6799345477   -1.43e-04   2.29e-03    18.4 
 10   -525.6800489584   -1.14e-04   1.49e-03    20.0 
 11   -525.6801031631   -5.42e-05   9.88e-04    20.4 
 12   -525.6801218816   -1.87e-05   7.48e-04    20.9 
 13   -525.6801317648   -9.88e-06   5.20e-04    23.4 
 14   -525.6801344913   -2.73e-06   3.94e-04    24.9 
 15   -525.6801355483   -1.06e-06   3.11e-04    26.0 
 16   -525.6801361817   -6.33e-07   2.16e-04    27.3 
 17   -525.6801365223   -3.41e-07   1.27e-04    28.7 
 18   -525.6801366133   -9.10e-08   7.54e-05    29.3 
 19   -525.6801366451   -3.18e-08   4.17e-05    29.3 
 20   -525.6801366567   -1.16e-08   1.85e-05    32.0 
 21   -525.6801366593   -2.61e-09   1.24e-05    29.9 
 22   -525.6801366610   -1.64e-09   7.67e-06    30.8 
 23   -525.6801366618   -8.20e-10   5.19e-06    30.7 
 24   -525.6801366623   -4.76e-10   3.43e-06    31.0 
 25   -525.6801366624   -1.83e-10   2.53e-06    29.3 
 26   -525.6801366625   -1.01e-10   1.66e-06    29.5 
 27   -525.6801366626   -5.06e-11   7.56e-07    30.0 
 28   -525.6801366626   -1.10e-11   4.09e-07    29.3 
 29   -525.6801366626   -4.55e-13   2.28e-07    28.8 
Energy breakdown:
    Kinetic             346.2871460
    AtomicLocal         -5899.4159391
    AtomicNonlocal      56.2461759
    Ewald               2308.1231433
    PspCorrection       -1.4221712
    Hartree             2790.4674282
    Xc                  -125.9659198

    total               -525.680136662597

 ──────────────────────────────────────────────────────────────────────────────
                                       Time                   Allocations      
                               ──────────────────────   ───────────────────────
       Tot / % measured:           11736s / 100%            3604GiB / 100%     

 Section               ncalls     time   %tot     avg     alloc   %tot      avg
 ──────────────────────────────────────────────────────────────────────────────
 self_consistent_field      1   11731s   100%  11731s   3602GiB  100%   3602GiB
   LOBPCG                 435   11163s  95.1%   25.7s   3218GiB  89.3%  7.40GiB
     block multipli...  64.0k    3168s  27.0%  49.5ms    938GiB  26.0%  15.0MiB
     Hamiltonian mu...  11.4k    2665s  22.7%   234ms    456GiB  12.6%  41.0MiB
     rayleigh_ritz      11.0k    1661s  14.2%   152ms   16.4GiB  0.46%  1.54MiB
     ortho              47.7k    1353s  11.5%  28.4ms    587GiB  16.3%  12.6MiB
   energy_hamiltonian      59     301s  2.56%   5.10s   89.3GiB  2.48%  1.51GiB
   compute_density         29     148s  1.26%   5.12s    287GiB  7.97%  9.90GiB
   QR orthonormaliz...    435    14.1s  0.12%  32.3ms   5.66GiB  0.16%  13.3MiB
   mixing Resta            29    137ms  0.00%  4.73ms    275MiB  0.01%  9.50MiB
 PlaneWaveBasis             1    3.78s  0.03%   3.78s   2.08GiB  0.06%  2.08GiB
   Instantiation At...      1    1.92s  0.02%   1.92s   1.51GiB  0.04%  1.51GiB
   Instantiation Ewald      1    1.10s  0.01%   1.10s    486MiB  0.01%   486MiB
   Instantiation At...      1    657ms  0.01%   657ms   26.1MiB  0.00%  26.1MiB
   build_kpoints            1   81.1ms  0.00%  81.1ms   39.2MiB  0.00%  39.2MiB
   Instantiation Ha...      1   5.13ms  0.00%  5.13ms   7.12MiB  0.00%  7.12MiB
   Instantiation Ki...      1   4.49ms  0.00%  4.49ms   4.19MiB  0.00%  4.19MiB
   Instantiation Ps...      1    189μs  0.00%   189μs   2.38KiB  0.00%  2.38KiB
   Instantiation Xc         1   1.47μs  0.00%  1.47μs     32.0B  0.00%    32.0B
 guess_density              1    538ms  0.00%   538ms   40.4MiB  0.00%  40.4MiB
 spglib_get_symmetry        1   2.70ms  0.00%  2.70ms   77.0KiB  0.00%  77.0KiB
 ──────────────────────────────────────────────────────────────────────────────
