#
#-- SCF SiO2HVac n_repeat=10 -- mixing=HybridMixing(0.939, 14, 1.0, identity, true, false)
#

hostname       = clustern15

started on     = 2020-08-07T19:29:11.102
julia threads  = 4
BLAS threads   = 4

temperature    = 0.0
smearing       = DFTK.Smearing.None()
diag(lattice)  = [16.32, 10.35, 50.75]
Ecut           = 20
fft_size       = (54, 36, 160)
kgrid          = [3, 5, 1]
irreducible k  = 15
n_bands        = 136
n_electr       = 248
mixing         = HybridMixing(0.939, 14, 1.0, identity, true, false)
n     Energy            Eₙ-Eₙ₋₁     ρout-ρin   Diag
---   ---------------   ---------   --------   ----
  1   -524.6785345624         NaN   2.07e+00    26.3 
  2   -525.1623195444   -4.84e-01   8.49e-01    27.0 
  3   -525.5676913096   -4.05e-01   3.91e-01    25.5 
  4   -525.6770552708   -1.09e-01   2.56e-02    16.5 
  5   -525.6785887127   -1.53e-03   1.91e-02    16.6 
  6   -525.6791048587   -5.16e-04   8.05e-03    15.3 
  7   -525.6795339232   -4.29e-04   4.66e-03    16.7 
  8   -525.6797913067   -2.57e-04   3.21e-03    17.4 
  9   -525.6799345952   -1.43e-04   2.29e-03    18.1 
 10   -525.6800489652   -1.14e-04   1.49e-03    20.1 
 11   -525.6801031841   -5.42e-05   9.88e-04    20.3 
 12   -525.6801219223   -1.87e-05   7.48e-04    20.9 
 13   -525.6801317752   -9.85e-06   5.20e-04    23.6 
 14   -525.6801344865   -2.71e-06   3.94e-04    25.0 
 15   -525.6801355537   -1.07e-06   3.10e-04    25.5 
 16   -525.6801361834   -6.30e-07   2.16e-04    27.1 
 17   -525.6801365207   -3.37e-07   1.28e-04    29.1 
 18   -525.6801366139   -9.31e-08   7.50e-05    29.4 
 19   -525.6801366454   -3.16e-08   4.14e-05    29.2 
 20   -525.6801366567   -1.13e-08   1.84e-05    32.3 
 21   -525.6801366593   -2.57e-09   1.24e-05    29.5 
 22   -525.6801366610   -1.66e-09   7.66e-06    30.9 
 23   -525.6801366618   -8.06e-10   5.21e-06    30.6 
 24   -525.6801366623   -4.78e-10   3.43e-06    31.0 
 25   -525.6801366624   -1.74e-10   2.54e-06    28.8 
 26   -525.6801366625   -1.14e-10   1.65e-06    28.8 
 27   -525.6801366626   -5.22e-11   7.64e-07    29.9 
 28   -525.6801366626   -8.19e-12   3.99e-07    29.1 
Energy breakdown:
    Kinetic             346.2871466
    AtomicLocal         -5899.4159419
    AtomicNonlocal      56.2461761
    Ewald               2308.1231433
    PspCorrection       -1.4221712
    Hartree             2790.4674304
    Xc                  -125.9659200

    total               -525.680136662598

 ──────────────────────────────────────────────────────────────────────────────
                                       Time                   Allocations      
                               ──────────────────────   ───────────────────────
       Tot / % measured:           11511s / 100%            3505GiB / 100%     

 Section               ncalls     time   %tot     avg     alloc   %tot      avg
 ──────────────────────────────────────────────────────────────────────────────
 self_consistent_field      1   11505s   100%  11505s   3503GiB  100%   3503GiB
   LOBPCG                 420   10912s  94.8%   26.0s   3102GiB  88.5%  7.39GiB
     block multipli...  61.4k    3082s  26.8%  50.2ms    904GiB  25.8%  15.1MiB
     Hamiltonian mu...  10.9k    2616s  22.7%   239ms    439GiB  12.5%  41.2MiB
     rayleigh_ritz      10.5k    1613s  14.0%   154ms   15.9GiB  0.45%  1.55MiB
     ortho              45.8k    1330s  11.6%  29.1ms    566GiB  16.2%  12.7MiB
   energy_hamiltonian      57     304s  2.64%   5.33s   86.3GiB  2.46%  1.51GiB
   compute_density         28     151s  1.31%   5.40s    277GiB  7.91%  9.90GiB
   QR orthonormaliz...    420    15.7s  0.14%  37.3ms   5.66GiB  0.16%  13.8MiB
   mixing Hybrid           28    15.4s  0.13%   549ms   29.1GiB  0.83%  1.04GiB
 PlaneWaveBasis             1    4.76s  0.04%   4.76s   2.10GiB  0.06%  2.10GiB
   Instantiation At...      1    2.40s  0.02%   2.40s   1.51GiB  0.04%  1.51GiB
   Instantiation Ewald      1    1.09s  0.01%   1.09s    486MiB  0.01%   486MiB
   Instantiation At...      1    662ms  0.01%   662ms   26.1MiB  0.00%  26.1MiB
   build_kpoints            1   76.8ms  0.00%  76.8ms   39.2MiB  0.00%  39.2MiB
   Instantiation Ha...      1   5.20ms  0.00%  5.20ms   7.12MiB  0.00%  7.12MiB
   Instantiation Ki...      1   3.45ms  0.00%  3.45ms   4.19MiB  0.00%  4.19MiB
   Instantiation Ps...      1    131μs  0.00%   131μs   2.38KiB  0.00%  2.38KiB
   Instantiation Xc         1   4.03μs  0.00%  4.03μs     32.0B  0.00%    32.0B
 guess_density              1    538ms  0.00%   538ms   40.4MiB  0.00%  40.4MiB
 spglib_get_symmetry        1   2.72ms  0.00%  2.72ms   77.0KiB  0.00%  77.0KiB
 ──────────────────────────────────────────────────────────────────────────────
