#
#-- SCF SiO2HVac n_repeat=10 -- mixing=KerkerMixing(0.989, 1.0)
#

hostname       = clustern15

started on     = 2020-08-07T20:54:07.365
julia threads  = 4
BLAS threads   = 4

temperature    = 0.0
smearing       = DFTK.Smearing.None()
diag(lattice)  = [16.32, 10.35, 50.75]
Ecut           = 20
fft_size       = (54, 36, 160)
kgrid          = [3, 5, 1]
irreducible k  = 15
n_bands        = 136
n_electr       = 248
mixing         = KerkerMixing(0.989, 1.0)
n     Energy            Eₙ-Eₙ₋₁     ρout-ρin   Diag
---   ---------------   ---------   --------   ----
  1   -524.6785361547         NaN   2.07e+00    26.5 
  2   -525.0547795215   -3.76e-01   9.07e-01    26.7 
  3   -525.5447630658   -4.90e-01   4.31e-01    27.4 
  4   -525.6747293390   -1.30e-01   2.66e-02    19.5 
  5   -525.6764588922   -1.73e-03   2.09e-02    18.4 
  6   -525.6769453318   -4.86e-04   1.08e-02    15.4 
  7   -525.6774570808   -5.12e-04   7.42e-03    17.6 
  8   -525.6778173712   -3.60e-04   5.90e-03    18.7 
  9   -525.6780660124   -2.49e-04   5.00e-03    19.7 
 10   -525.6783813228   -3.15e-04   4.16e-03    22.6 
 11   -525.6785930374   -2.12e-04   3.71e-03    20.3 
 12   -525.6787833568   -1.90e-04   3.38e-03    19.6 
 13   -525.6790289551   -2.46e-04   3.02e-03    21.7 
 14   -525.6792651603   -2.36e-04   2.70e-03    21.1 
 15   -525.6794513017   -1.86e-04   2.45e-03    21.3 
 16   -525.6796326714   -1.81e-04   2.19e-03    22.2 
 17   -525.6797747387   -1.42e-04   1.96e-03    23.2 
 18   -525.6798784043   -1.04e-04   1.73e-03    24.7 
 19   -525.6799332380   -5.48e-05   1.58e-03    22.7 
 20   -525.6799816430   -4.84e-05   1.40e-03    23.7 
 21   -525.6800371727   -5.55e-05   1.16e-03    22.7 
 22   -525.6800807875   -4.36e-05   8.93e-04    23.5 
 23   -525.6801089193   -2.81e-05   6.24e-04    26.9 
 24   -525.6801307280   -2.18e-05   3.19e-04    27.6 
 25   -525.6801349651   -4.24e-06   1.68e-04    30.9 
 26   -525.6801352751   -3.10e-07   1.45e-04    27.6 
 27   -525.6801356678   -3.93e-07   1.09e-04    31.5 
 28   -525.6801357511   -8.32e-08   9.98e-05    27.4 
 29   -525.6801358235   -7.24e-08   9.40e-05    26.2 
 30   -525.6801358825   -5.90e-08   8.88e-05    26.5 
 31   -525.6801359760   -9.35e-08   8.21e-05    27.7 
 32   -525.6801360475   -7.16e-08   7.78e-05    27.8 
 33   -525.6801362061   -1.59e-07   6.74e-05    29.5 
 34   -525.6801363607   -1.55e-07   5.63e-05    30.9 
 35   -525.6801365102   -1.49e-07   4.22e-05    31.4 
 36   -525.6801365825   -7.24e-08   3.34e-05    31.1 
 37   -525.6801366192   -3.67e-08   2.68e-05    30.7 
 38   -525.6801366404   -2.11e-08   2.09e-05    31.6 
 39   -525.6801366520   -1.17e-08   1.46e-05    33.4 
 40   -525.6801366547   -2.66e-09   1.18e-05    32.3 
 41   -525.6801366561   -1.41e-09   9.74e-06    32.6 
 42   -525.6801366580   -1.89e-09   7.68e-06    32.8 
 43   -525.6801366592   -1.19e-09   6.45e-06    31.9 
 44   -525.6801366601   -9.67e-10   5.29e-06    32.8 
 45   -525.6801366608   -6.50e-10   4.46e-06    31.5 
 46   -525.6801366613   -4.81e-10   3.77e-06    31.5 
 47   -525.6801366617   -4.36e-10   3.06e-06    31.9 
 48   -525.6801366621   -3.94e-10   2.30e-06    31.7 
 49   -525.6801366623   -2.59e-10   1.54e-06    33.8 
 50   -525.6801366625   -1.77e-10   8.20e-07    34.5 
Energy breakdown:
    Kinetic             346.2871523
    AtomicLocal         -5899.4160737
    AtomicNonlocal      56.2461756
    Ewald               2308.1231433
    PspCorrection       -1.4221712
    Hartree             2790.4675584
    Xc                  -125.9659214

    total               -525.680136662523

 ──────────────────────────────────────────────────────────────────────────────
                                       Time                   Allocations      
                               ──────────────────────   ───────────────────────
       Tot / % measured:           23193s / 100%            6862GiB / 100%     

 Section               ncalls     time   %tot     avg     alloc   %tot      avg
 ──────────────────────────────────────────────────────────────────────────────
 self_consistent_field      1   23188s   100%  23188s   6860GiB  100%   6860GiB
   LOBPCG                 750   22254s  96.0%   29.7s   6201GiB  90.4%  8.27GiB
     block multipli...   117k    6524s  28.1%  55.7ms   1872GiB  27.3%  16.4MiB
     Hamiltonian mu...  20.8k    5045s  21.8%   243ms    875GiB  12.7%  43.1MiB
     rayleigh_ritz      20.0k    3362s  14.5%   168ms   33.6GiB  0.49%  1.72MiB
     ortho              87.4k    2781s  12.0%  31.8ms   1145GiB  16.7%  13.4MiB
   energy_hamiltonian     101     530s  2.29%   5.25s    154GiB  2.24%  1.52GiB
   compute_density         50     263s  1.14%   5.27s    495GiB  7.21%  9.90GiB
   QR orthonormaliz...    750    14.2s  0.06%  18.9ms   5.66GiB  0.08%  7.72MiB
   mixing Kerker           50    737ms  0.00%  14.7ms    524MiB  0.01%  10.5MiB
 PlaneWaveBasis             1    3.91s  0.02%   3.91s   2.08GiB  0.03%  2.08GiB
   Instantiation At...      1    2.13s  0.01%   2.13s   1.51GiB  0.02%  1.51GiB
   Instantiation Ewald      1    1.03s  0.00%   1.03s    486MiB  0.01%   486MiB
   Instantiation At...      1    656ms  0.00%   656ms   26.1MiB  0.00%  26.1MiB
   build_kpoints            1   78.2ms  0.00%  78.2ms   39.2MiB  0.00%  39.2MiB
   Instantiation Ha...      1   5.26ms  0.00%  5.26ms   7.12MiB  0.00%  7.12MiB
   Instantiation Ki...      1   4.41ms  0.00%  4.41ms   4.19MiB  0.00%  4.19MiB
   Instantiation Ps...      1    127μs  0.00%   127μs   2.38KiB  0.00%  2.38KiB
   Instantiation Xc         1   1.98μs  0.00%  1.98μs     32.0B  0.00%    32.0B
 guess_density              1    526ms  0.00%   526ms   40.4MiB  0.00%  40.4MiB
 spglib_get_symmetry        1   2.61ms  0.00%  2.61ms   77.0KiB  0.00%  77.0KiB
 ──────────────────────────────────────────────────────────────────────────────
