#
#-- Firstrun AlGaAs n_repeat=20 -- mixing=HybridMixing(0.5, 14, 1.0, identity, true, false)
#

hostname       = clustern10

started on     = 2020-07-25T14:02:57.053
julia threads  = 4
BLAS threads   = 4

temperature    = 0.001
smearing       = DFTK.Smearing.Gaussian()
diag(lattice)  = [15.11, 10.68, 155.5]
Ecut           = 20
fft_size       = (48, 36, 480)
kgrid          = [3, 4, 1]
irreducible k  = 12
n_bands        = 297
n_electr       = 560
mixing         = HybridMixing(0.5, 14, 1.0, identity, true, false)
n     Free energy       Eₙ-Eₙ₋₁     ρout-ρin   Diag
---   ---------------   ---------   --------   ----
  1   -499.6681024717         NaN   1.37e+00    26.8 
  2   -505.5062495812   -5.84e+00   8.27e-01    31.9 
  3   -505.8419195091   -3.36e-01   1.73e-01    21.2 
  4   -505.8492061398   -7.29e-03   1.24e-01    11.2 
  5   -505.8576469693   -8.44e-03   3.30e-02    14.2 
  6   -505.8587499835   -1.10e-03   1.48e-02    7.2 
  7   -505.8591721311   -4.22e-04   6.95e-03    10.7 
  8   -505.8593857671   -2.14e-04   3.06e-03    12.2 
  9   -505.8594014212   -1.57e-05   2.21e-03    11.1 
 10   -505.8594150415   -1.36e-05   8.94e-04    13.3 
 11   -505.8594171718   -2.13e-06   4.01e-04    13.3 
 12   -505.8594174679   -2.96e-07   2.44e-04    12.9 
 13   -505.8594176462   -1.78e-07   1.00e-04    11.4 
 14   -505.8594176805   -3.43e-08   4.60e-05    12.1 
 15   -505.8594176878   -7.30e-09   3.09e-05    11.2 
 16   -505.8594176946   -6.83e-09   1.29e-05    11.8 
 17   -505.8594176960   -1.36e-09   7.44e-06    12.9 
 18   -505.8594176964   -4.91e-10   3.93e-06    11.7 
 19   -505.8594176966   -1.58e-10   1.26e-06    14.7 
 20   -505.8594176966   -8.30e-12   8.26e-07    10.5 
Energy breakdown:
    Kinetic             186.3897010
    AtomicLocal         -1994.5142393
    AtomicNonlocal      72.7430362
    Ewald               413.4169195
    PspCorrection       0.3170725 
    Hartree             970.4251408
    Xc                  -154.6362248
    Entropy             -0.0008237

    total               -505.859417696611

 ──────────────────────────────────────────────────────────────────────────────
                                       Time                   Allocations      
                               ──────────────────────   ───────────────────────
       Tot / % measured:           97429s / 100%            10341GiB / 100%    

 Section               ncalls     time   %tot     avg     alloc   %tot      avg
 ──────────────────────────────────────────────────────────────────────────────
 self_consistent_field      1   97341s   100%  97341s   10298GiB 100%   10298GiB
   LOBPCG                 240   74654s  76.6%    311s   7989GiB  77.3%  33.3GiB
     Hamiltonian mu...  3.62k   30621s  31.4%   8.45s   1214GiB  11.7%   343MiB
     block multipli...  19.3k   16960s  17.4%   878ms   1991GiB  19.3%   106MiB
     rayleigh_ritz      3.38k    8056s  8.27%   2.38s   29.1GiB  0.28%  8.81MiB
     ortho              15.0k    6759s  6.94%   452ms   1375GiB  13.3%  94.1MiB
   energy_hamiltonian      41   20072s  20.6%    490s    278GiB  2.69%  6.79GiB
   mixing Hybrid           20    1151s  1.18%   57.6s   1095GiB  10.6%  54.8GiB
     compute_density       20     786s  0.81%   39.3s    900GiB  8.71%  45.0GiB
   compute_density         20     746s  0.77%   37.3s    900GiB  8.71%  45.0GiB
   QR orthonormaliz...    240     116s  0.12%   485ms   28.3GiB  0.27%   121MiB
 PlaneWaveBasis             1    62.6s  0.06%   62.6s   41.4GiB  0.40%  41.4GiB
   Instantiation At...      1    38.6s  0.04%   38.6s   34.6GiB  0.33%  34.6GiB
   Instantiation Ewald      1    15.7s  0.02%   15.7s   6.19GiB  0.06%  6.19GiB
   Instantiation At...      1    4.02s  0.00%   4.02s   97.0MiB  0.00%  97.0MiB
   Instantiation Ps...      1    1.06s  0.00%   1.06s   98.1MiB  0.00%  98.1MiB
   build_kpoints            1    405ms  0.00%   405ms    154MiB  0.00%   154MiB
   Instantiation Ha...      1    356ms  0.00%   356ms   73.9MiB  0.00%  73.9MiB
   Instantiation Ki...      1    131ms  0.00%   131ms   20.0MiB  0.00%  20.0MiB
   Instantiation Xc         1   4.57ms  0.00%  4.57ms    196KiB  0.00%   196KiB
   Instantiation En...      1   2.22ms  0.00%  2.22ms   71.8KiB  0.00%  71.8KiB
 guess_density              1    3.52s  0.00%   3.52s    122MiB  0.00%   122MiB
 spglib_get_symmetry        1    1.78s  0.00%   1.78s    235MiB  0.00%   235MiB
 ──────────────────────────────────────────────────────────────────────────────
