#
#-- optimal_damping AlGaAs n_repeat=20 -- mixing=HybridMixing(1.0, 14, 1.0, identity, true, false)
#

Starting Arnoldi (now = 2020-07-28T13:54:24.874 ...

#--- 1 ---#
idcs      evals   residnorms   |P(X)|
  1    0.969737   0.0886661  1.61287e-15

#--- 2 ---#
idcs      evals   residnorms   |P(X)|
  1    0.481579    0.229558  4.58257e-16
  2    0.973725   0.0410658  1.63854e-15

#--- 3 ---#
idcs      evals   residnorms   |P(X)|
  1    0.513621    0.162056  4.14108e-16
  2     0.68897    0.216828  5.89571e-16
  3    0.977337   0.0335814  1.69412e-15

#--- 4 ---#
idcs      evals   residnorms   |P(X)|
  1    0.450301    0.148961  3.76748e-16
  2    0.557078     0.18616  4.08094e-16
  3    0.857585    0.159876  6.96356e-16
  4    0.981561   0.0362593  1.76444e-15

#--- 5 ---#
idcs      evals   residnorms   |P(X)|
  1    0.349829    0.150884  3.67247e-16
  2    0.583862    0.190077  3.77959e-16
  3    0.607528    0.194896  3.86279e-16
  4    0.927341    0.127591  6.90675e-16
  5    0.987143   0.0519652  1.8073e-15

#--- 6 ---#
idcs      evals   residnorms   |P(X)|
  1    0.299004     0.12635  3.76058e-16
  2    0.466086    0.125798  3.60798e-16
  3    0.635836    0.164885  3.92869e-16
  4    0.799029    0.179598  4.95162e-16
  5    0.975328   0.0674994  1.5323e-15
  6     1.03495    0.164867  1.14434e-15

#--- 7 ---#
idcs      evals   residnorms   |P(X)|
  1    0.264365   0.0701054  3.68829e-16
  2    0.439008   0.0908547  3.66391e-16
  3    0.579058    0.130357  4.01764e-16
  4    0.679363    0.137523  4.49471e-16
  5     0.89348   0.0947016  7.17929e-16
  6    0.982846   0.0270652  1.78731e-15
  7     1.14674    0.120261  5.71112e-16

#--- 8 ---#
idcs      evals   residnorms   |P(X)|
  1     0.25122    0.040969  3.71381e-16
  2    0.458577    0.109736         NaN
  3    0.458577    0.109736         NaN
  4    0.713784    0.140688         NaN
  5    0.713784    0.140688         NaN
  6    0.925311   0.0798821  8.34286e-16
  7    0.985561   0.0245509  1.84675e-15
  8      1.1806   0.0608497  4.35231e-16
Warn: Suppressed imaginary part.

#--- 9 ---#
idcs      evals   residnorms   |P(X)|
  1    0.248087    0.029203  3.74233e-16
  2    0.386667   0.0898584  3.63705e-16
  3    0.498095    0.113388  3.61183e-16
  4    0.562589     0.12976  3.67262e-16
  5    0.723648    0.132545  4.01652e-16
  6    0.835585    0.127958  4.46173e-16
  7    0.957562   0.0937608  9.30831e-16
  8    0.990373    0.048391  1.87707e-15
  9     1.18923   0.0364465  4.0503e-16

#--- 10 ---#
idcs      evals   residnorms   |P(X)|
  1    0.245296   0.0219198  3.71822e-16
  2    0.355285   0.0849202  3.67932e-16
  3    0.478259   0.0995629  3.69679e-16
  4    0.516076    0.112203  3.72614e-16
  5    0.680098    0.132628  4.13769e-16
  6    0.754426    0.142356  4.56328e-16
  7    0.898277   0.0991616  6.29614e-16
  8    0.981489   0.0407369  1.68152e-15
  9     1.03038    0.124119  1.16371e-15
 10     1.19311    0.028712  4.05188e-16

#--- 11 ---#
idcs      evals   residnorms   |P(X)|
  1    0.242149   0.0158009  3.77659e-16
  2    0.334258   0.0747847  3.84023e-16
  3    0.423542   0.0737812  3.6345e-16
  4    0.554356    0.103358         NaN
  5    0.554356    0.103358         NaN
  6    0.742257    0.106409  4.57963e-16
  7    0.805174    0.106364  5.17143e-16
  8    0.930566   0.0722683  9.01047e-16
  9    0.985356   0.0223567  1.85224e-15
 10     1.09277   0.0988898  6.50046e-16
 11     1.19604   0.0230635  4.06068e-16
Warn: Suppressed imaginary part.

#--- 12 ---#
idcs      evals   residnorms   |P(X)|
  1     0.24051    0.010789  3.72549e-16
  2    0.316735   0.0561351  3.78751e-16
  3    0.407615   0.0673374  3.67128e-16
  4    0.488044   0.0816179  3.64651e-16
  5    0.569315   0.0983112  3.77289e-16
  7    0.774787     0.11504  4.67991e-16
  8    0.853212   0.0950785  5.21927e-16
  9    0.951383   0.0655058  1.03148e-15
 10    0.987762   0.0238594  1.921e-15
 11     1.12141   0.0607438  4.47599e-16
 12     1.19773   0.0150326  4.00856e-16

#--- 13 ---#
idcs      evals   residnorms   |P(X)|
  1    0.239874  0.00647114  3.76719e-16
  2    0.309033   0.0382807  3.72615e-16
  3     0.39384   0.0553308  3.64218e-16
  4    0.469212   0.0685491  3.56672e-16
  5    0.556297   0.0940329  3.68764e-16
  8    0.811787     0.12194  4.36603e-16
  9    0.902778    0.107533  5.50406e-16
 10    0.976854   0.0690578  1.32639e-15
 11     0.99798   0.0802717  1.7834e-15
 12     1.13447   0.0523694  4.09198e-16
 13      1.1985   0.0119441  4.02217e-16

#--- 14 ---#
idcs      evals   residnorms   |P(X)|
  1    0.239645  0.00373991  3.64415e-16
  2     0.30566   0.0265141  3.7234e-16
  3    0.382429   0.0470888  3.64709e-16
  4    0.464843   0.0729306  3.61523e-16
  5    0.513351   0.0933518  3.78214e-16
  9    0.844451   0.0940769  5.2179e-16
 10    0.939241   0.0715192  9.36668e-16
 11    0.985771   0.0247898  1.85699e-15
 12     1.05835    0.118209  8.90339e-16
 13     1.14887   0.0642028  4.45507e-16
 14     1.19915   0.0131567  4.0368e-16

#--- 15 ---#
idcs      evals   residnorms   |P(X)|
  1    0.239613  0.00250839  3.74396e-16
  2    0.302978   0.0231501  3.70881e-16
  3    0.373716   0.0599833  3.62319e-16
  4    0.435417   0.0902236  3.68976e-16
  5    0.491249   0.0935941  3.75282e-16
 10    0.872904   0.0874375  5.82622e-16
 11    0.955601   0.0544134  1.10535e-15
 12    0.987965   0.0203191  1.94249e-15
 13     1.09671   0.0682663  4.94587e-16
 14     1.16597   0.0567514  4.32181e-16
 15      1.1999   0.0133725  4.06133e-16

#--- 16 ---#
idcs      evals   residnorms   |P(X)|
  1    0.239674  0.00181294  3.73889e-16
  2    0.299869   0.0237068  3.72957e-16
  3    0.361125   0.0832025  3.66818e-16
  4    0.397159   0.0753386  3.6515e-16
  5    0.490485   0.0708073  3.63606e-16
 11    0.903877   0.0875368  5.83714e-16
 12    0.969338   0.0549433  1.19225e-15
 13    0.990711   0.0299364  1.98499e-15
 14     1.10901   0.0397459  4.06032e-16
 15     1.17538   0.0356152  4.04401e-16
 16     1.20047   0.0102641  3.99976e-16

 ──────────────────────────────────────────────────────────────────────────────
                                       Time                   Allocations      
                               ──────────────────────   ───────────────────────
       Tot / % measured:           461818s / 100%          548039GiB / 100%    

 Section               ncalls     time   %tot     avg     alloc   %tot      avg
 ──────────────────────────────────────────────────────────────────────────────
 apply_χ0                  16   460950s   100%  28809s   547037GiB100%   34190GiB
   Hamiltonian mult...   493k   113593s  24.6%   231ms   5541GiB  1.01%  11.5MiB
   compute_density         16     465s  0.10%   29.1s    713GiB  0.13%  44.6GiB
 mixing Hybrid             16     661s  0.14%   41.3s    889GiB  0.16%  55.6GiB
   compute_density         17     482s  0.10%   28.4s    765GiB  0.14%  45.0GiB
 PlaneWaveBasis             1    57.0s  0.01%   57.0s   40.7GiB  0.01%  40.7GiB
   Instantiation At...      1    40.5s  0.01%   40.5s   34.5GiB  0.01%  34.5GiB
   Instantiation Ewald      1    12.0s  0.00%   12.0s   5.93GiB  0.00%  5.93GiB
   Instantiation At...      1    3.98s  0.00%   3.98s   69.6MiB  0.00%  69.6MiB
   build_kpoints            1    229ms  0.00%   229ms    154MiB  0.00%   154MiB
   Instantiation Ha...      1   29.3ms  0.00%  29.3ms   19.0MiB  0.00%  19.0MiB
   Instantiation Ps...      1   17.2ms  0.00%  17.2ms   2.73KiB  0.00%  2.73KiB
   Instantiation Ki...      1   7.04ms  0.00%  7.04ms   9.82MiB  0.00%  9.82MiB
   Instantiation Xc         1   6.33μs  0.00%  6.33μs     32.0B  0.00%    32.0B
   Instantiation En...      1   2.78μs  0.00%  2.78μs     16.0B  0.00%    16.0B
 spglib_get_symmetry        1   15.7ms  0.00%  15.7ms   0.98MiB  0.00%  0.98MiB
 ──────────────────────────────────────────────────────────────────────────────
