#
#-- optimal_damping AlGaAs n_repeat=20 -- mixing=KerkerMixing(1.0, 1.0)
#

Starting Arnoldi (now = 2020-07-26T20:00:17.124 ...

#--- 1 ---#
idcs      evals   residnorms   |P(X)|
  1    0.981416    0.466738  1.61274e-15

#--- 2 ---#
idcs      evals   residnorms   |P(X)|
  1    0.592199    0.347166  3.97102e-16
  2    0.984505    0.266631  1.09995e-15

#--- 3 ---#
idcs      evals   residnorms   |P(X)|
  1    0.149261    0.190871  3.86555e-16
  2    0.974939    0.211082  5.62632e-16
  3      1.0643    0.193486  4.12805e-16

#--- 4 ---#
idcs      evals   residnorms   |P(X)|
  1    0.128156    0.133642  3.79214e-16
  2    0.582125    0.241322  3.99073e-16
  3    0.982613    0.162324  1.40199e-15
  4     1.29577    0.147626  4.09687e-16

#--- 5 ---#
idcs      evals   residnorms   |P(X)|
  1   0.0899403   0.0917205  3.82494e-16
  2    0.347416    0.170181  3.8598e-16
  3     0.89645    0.154767  4.03775e-16
  4    0.989689    0.133315  8.2445e-16
  5     1.37946   0.0855192  4.106e-16

#--- 6 ---#
idcs      evals   residnorms   |P(X)|
  1   0.0579868     0.05344  3.76307e-16
  2    0.341246    0.147159  3.81441e-16
  3     0.61588    0.208758  3.99418e-16
  4    0.981746    0.158958  1.21049e-15
  5     1.11378    0.169137  4.21972e-16
  6     1.38394   0.0770341  4.13629e-16

#--- 7 ---#
idcs      evals   residnorms   |P(X)|
  1   0.0552885   0.0421833  3.83339e-16
  2     0.26153    0.150042  3.87381e-16
  3    0.455172    0.180127  3.99544e-16
  4    0.842972    0.131508  4.07691e-16
  5    0.986872   0.0956334  1.22706e-15
  6     1.30431    0.145722  4.1033e-16
  7      1.3976    0.123827  4.13535e-16

#--- 8 ---#
idcs      evals   residnorms   |P(X)|
  1   0.0631488   0.0325119  3.80313e-16
  2    0.167735   0.0937231  3.86434e-16
  3    0.451297     0.11746  3.91036e-16
  4     0.61408     0.14255  3.97455e-16
  5    0.973574    0.107813  5.84274e-16
  6     1.01969    0.100165  4.84025e-16
  7     1.34333    0.076705  4.16171e-16
  8     1.42688   0.0843855  4.06523e-16

#--- 9 ---#
idcs      evals   residnorms   |P(X)|
  1   0.0531669   0.0220213  3.87178e-16
  2    0.169667   0.0869763  3.84461e-16
  3    0.348976    0.122172  3.87457e-16
  4    0.591763    0.199356  4.04239e-16
  5    0.755428    0.172215  4.17208e-16
  6    0.983887   0.0918726  1.47483e-15
  7     1.13036    0.115419  4.29347e-16
  8      1.3347   0.0586179  4.17407e-16
  9       1.451   0.0546826  4.20091e-16

#--- 10 ---#
idcs      evals   residnorms   |P(X)|
  1   0.0500063   0.0174364  3.83556e-16
  2    0.159115   0.0940827  3.80535e-16
  3    0.251045    0.128671  3.85325e-16
  4    0.481967    0.111547  3.90615e-16
  5    0.636575    0.112843  3.90671e-16
  6    0.914468   0.0964624  4.18167e-16
  7    0.990088   0.0715524  1.15286e-15
  8     1.23146   0.0962776  4.125e-16
  9     1.31845   0.0496639  4.13327e-16
 10     1.45671   0.0269652  4.0774e-16

#--- 11 ---#
idcs      evals   residnorms   |P(X)|
  1   0.0555897   0.0176418  3.80412e-16
  2    0.110131    0.066412  3.8276e-16
  3    0.258067    0.100295  3.87082e-16
  4    0.372561   0.0942248  3.97654e-16
  5    0.678201    0.131394         NaN
  6    0.678201    0.131394         NaN
  7    0.977593   0.0879258  8.9521e-16
  8     1.03033    0.087008  5.13977e-16
  9     1.24874   0.0816893  4.12361e-16
 10     1.32986   0.0342611  4.12955e-16
 11     1.46159   0.0155614  4.07321e-16
Warn: Suppressed imaginary part.

#--- 12 ---#
idcs      evals   residnorms   |P(X)|
  1   0.0509327   0.0116351  3.84042e-16
  2    0.109787   0.0550088  3.80335e-16
  3    0.210243   0.0750637  3.79745e-16
  4    0.363172   0.0925343  3.8611e-16
  5    0.513599    0.144426  4.03506e-16
  7    0.827539    0.138558  4.39674e-16
  8    0.985327   0.0638099  1.54657e-15
  9     1.11946   0.0946066  4.25861e-16
 10     1.24463   0.0841899  4.1504e-16
 11     1.34405   0.0240921  4.14181e-16
 12     1.45922  0.00906604  4.08324e-16

#--- 13 ---#
idcs      evals   residnorms   |P(X)|
  1   0.0494733  0.00609355  3.83143e-16
  2    0.107523   0.0322147  3.88449e-16
  3    0.188304   0.0464919  3.78803e-16
  4    0.357324   0.0976009  3.89922e-16
  5    0.407461   0.0968613  3.93315e-16
  8     0.96393    0.086897  5.00779e-16
  9     1.00096   0.0782791  8.52997e-16
 10     1.20969   0.0977966  4.07206e-16
 11     1.24516   0.0943476  4.07576e-16
 12     1.35264   0.0214582  4.09859e-16
 13     1.45976  0.00568078  4.11531e-16

#--- 14 ---#
idcs      evals   residnorms   |P(X)|
  1   0.0513052  0.00321162  3.80313e-16
  2   0.0980667   0.0161345  3.79697e-16
  3    0.198828   0.0315751  3.80963e-16
  4    0.298133   0.0604505  3.84412e-16
  5    0.441973    0.066923  3.92044e-16
  9    0.983553   0.0513033  1.43075e-15
 10     1.06412   0.0689385  4.73947e-16
 11      1.2185   0.0759201  4.17715e-16
 12     1.29131   0.0747086  4.17342e-16
 13     1.35304   0.0245475  4.1043e-16
 14     1.45987  0.00348282  4.13393e-16

#--- 15 ---#
idcs      evals   residnorms   |P(X)|
  1   0.0508113   0.0015419  3.83288e-16
  2   0.0993586  0.00897986  3.87398e-16
  3    0.191535   0.0214591  3.82393e-16
  4     0.29575    0.061924  3.87906e-16
  5    0.397459   0.0806857  3.8181e-16
 10    0.987843   0.0482314  1.59225e-15
 11     1.11656   0.0615019  4.1018e-16
 12      1.2152   0.0569856  4.13099e-16
 13     1.31739   0.0480767  4.1686e-16
 14     1.35209   0.0238212  4.03902e-16
 15      1.4606  0.00177719  4.10618e-16

#--- 16 ---#
idcs      evals   residnorms   |P(X)|
  1   0.0505359  0.000862981  3.78456e-16
  2   0.0999574  0.00583633  3.75761e-16
  3    0.186744   0.0186954  3.8629e-16
  4     0.28607   0.0809043  3.87499e-16
  5    0.347139   0.0972136  3.85852e-16
 11    0.998233   0.0693313  1.06423e-15
 12     1.15049    0.057702  4.06888e-16
 13     1.21611   0.0463608  4.15626e-16
 14     1.32982   0.0320967  4.14796e-16
 15     1.35027   0.0208102  4.05904e-16
 16     1.46045  0.000864354  4.15403e-16

#--- 17 ---#
idcs      evals   residnorms   |P(X)|
  1   0.0506944  0.000349671  3.85729e-16
  2   0.0990718  0.00264511  3.81053e-16
  3    0.188782    0.013025  3.8862e-16
  4    0.255011    0.055291  3.88597e-16
  5    0.335285   0.0557722  3.87167e-16
 12     1.06059   0.0743824  4.97644e-16
 13     1.15774   0.0661337  4.21136e-16
 14     1.23025   0.0364698  4.17647e-16
 15     1.32783   0.0173319  4.10604e-16
 16     1.35468   0.0106936  4.01733e-16
 17     1.46052  0.000369197  4.10118e-16

#--- 18 ---#
idcs      evals   residnorms   |P(X)|
  1   0.0506941   0.0001169  3.80249e-16
  2   0.0990937  0.000973409  3.81094e-16
  3    0.188689  0.00615939  3.85325e-16
  4    0.248188   0.0285358  3.8616e-16
  5    0.328886   0.0313814  3.84317e-16
 13      1.1088   0.0537275  4.11246e-16
 14     1.17243   0.0673238  4.16291e-16
 15     1.24447   0.0327174  4.15081e-16
 16     1.32516    0.010571  4.16702e-16
 17     1.35666  0.00566124  4.08314e-16
 18     1.46048  0.000156174  4.15594e-16

 ──────────────────────────────────────────────────────────────────────────────
                                       Time                   Allocations      
                               ──────────────────────   ───────────────────────
       Tot / % measured:           548376s / 100%          613947GiB / 100%    

 Section               ncalls     time   %tot     avg     alloc   %tot      avg
 ──────────────────────────────────────────────────────────────────────────────
 apply_χ0                  18   548194s   100%  30455s   613827GiB100%   34101GiB
   Hamiltonian mult...   505k   124526s  22.7%   247ms   5676GiB  0.92%  11.5MiB
   compute_density         18     542s  0.10%   30.1s    802GiB  0.13%  44.6GiB
 PlaneWaveBasis             1    54.5s  0.01%   54.5s   40.7GiB  0.01%  40.7GiB
   Instantiation At...      1    36.3s  0.01%   36.3s   34.5GiB  0.01%  34.5GiB
   Instantiation Ewald      1    13.6s  0.00%   13.6s   5.93GiB  0.00%  5.93GiB
   Instantiation At...      1    3.97s  0.00%   3.97s   69.6MiB  0.00%  69.6MiB
   build_kpoints            1    288ms  0.00%   288ms    154MiB  0.00%   154MiB
   Instantiation Ha...      1   21.9ms  0.00%  21.9ms   19.0MiB  0.00%  19.0MiB
   Instantiation Ki...      1   13.1ms  0.00%  13.1ms   9.82MiB  0.00%  9.82MiB
   Instantiation Ps...      1    149μs  0.00%   149μs   2.73KiB  0.00%  2.73KiB
   Instantiation Xc         1   3.32μs  0.00%  3.32μs     32.0B  0.00%    32.0B
   Instantiation En...      1    880ns  0.00%   880ns     16.0B  0.00%    16.0B
 compute_density            1    26.7s  0.00%   26.7s   45.0GiB  0.01%  45.0GiB
 mixing Kerker             18    1.16s  0.00%  64.2ms    730MiB  0.00%  40.6MiB
 spglib_get_symmetry        1   14.1ms  0.00%  14.1ms   0.98MiB  0.00%  0.98MiB
 ──────────────────────────────────────────────────────────────────────────────
