#
#-- optimal_damping AlGaAs n_repeat=20 -- mixing=RestaMixing(1.0, 14, 1.0)
#

Starting Arnoldi (now = 2020-07-29T02:13:17.064 ...

#--- 1 ---#
idcs      evals   residnorms   |P(X)|
  1    0.982255    0.211729  1.61193e-15

#--- 2 ---#
idcs      evals   residnorms   |P(X)|
  1    0.982125    0.102748  1.60987e-15
  2     14.7637     6.68865  3.81384e-16

#--- 3 ---#
idcs      evals   residnorms   |P(X)|
  1    0.982172    0.112938  1.60855e-15
  2     8.27008     7.74297  3.96248e-16
  3     24.4933     9.80674  3.74712e-16

#--- 4 ---#
idcs      evals   residnorms   |P(X)|
  1    0.981089    0.132054  1.58225e-15
  2     1.75424     1.39424  4.45603e-16
  3     16.3959     1.13419  3.72814e-16
  4     35.3709     1.82987  3.74651e-16

#--- 5 ---#
idcs      evals   residnorms   |P(X)|
  1    0.961008    0.381963  7.32414e-16
  2     1.02247    0.438736  8.30696e-16
  3     4.47164    0.744759  3.66697e-16
  4     17.1318   0.0927654  3.72649e-16
  5     35.5099   0.0624877  3.74468e-16

#--- 6 ---#
idcs      evals   residnorms   |P(X)|
  1    0.915689    0.339276  3.91372e-16
  2     0.99541    0.248064  1.38049e-15
  3     3.47551      1.4271  3.69869e-16
  4     5.46671     1.43393  3.7556e-16
  5     17.1327   0.0180503  3.7528e-16
  6     35.5263  0.00494995  3.72025e-16

#--- 7 ---#
idcs      evals   residnorms   |P(X)|
  1     0.82135    0.240982  4.04468e-16
  2    0.986653   0.0970578  1.61107e-15
  3     2.05865      0.8867  3.83916e-16
  4       4.523    0.496224  3.72216e-16
  5     6.73284    0.875687  3.71035e-16
  6     17.1292  0.00208313  3.6931e-16
  7     35.5284  0.000229337  3.68109e-16

#--- 8 ---#
idcs      evals   residnorms   |P(X)|
  1     0.69146    0.189126  4.05512e-16
  2     0.98314   0.0627142  1.59782e-15
  3     1.30619    0.351266  4.60297e-16
  4     2.89829    0.403621  3.84352e-16
  5     4.82282    0.146464  3.72166e-16
  6     6.98733     0.15384  3.71382e-16
  7     17.1292  0.000105968  3.72673e-16
  8     35.5284  5.0908e-06  3.72262e-16

#--- 9 ---#
idcs      evals   residnorms   |P(X)|
  1    0.639538    0.141929  3.78293e-16
  2    0.980273   0.0688298  1.50721e-15
  3     1.14079    0.242488  5.75213e-16
  4     2.27858    0.672852  4.03961e-16
  5     3.05014    0.386099  3.8691e-16
  6     4.85537   0.0531679  3.76938e-16
  7     7.04738   0.0305381  3.76811e-16
  8     17.1292  6.58571e-06  3.70402e-16
  9     35.5284  1.40724e-07  3.72089e-16

#--- 10 ---#
idcs      evals   residnorms   |P(X)|
  1    0.609179     0.12255  3.64497e-16
  2    0.913093    0.202411  4.21658e-16
  3    0.991016    0.100063  1.62537e-15
  4     1.47064    0.258087  3.72148e-16
  5     2.74894    0.252223  3.7433e-16
  6     3.25862    0.216321  3.73467e-16
  7     4.85011   0.0113563  3.73608e-16
  8     7.05428  0.00342768  3.71655e-16
  9     17.1292  2.42248e-07  3.78217e-16
 10     35.5284  2.3364e-09  3.76579e-16

#--- 11 ---#
idcs      evals   residnorms   |P(X)|
  1     0.60191   0.0834229  3.72529e-16
  2    0.840286    0.138803  4.67267e-16
  3    0.986497   0.0396802  1.65649e-15
  4     1.36952    0.200626  3.9713e-16
  5     2.06783    0.468768  4.00333e-16
  6     2.88028    0.193103  3.82646e-16
  7     3.38206    0.152764  3.77125e-16
  8     4.84965  0.00327865  3.6963e-16
  9     7.05393  0.000518784  3.74126e-16
 10     17.1292  1.18284e-08  3.69782e-16
 11     35.5284  5.11458e-11  3.74257e-16

#--- 12 ---#
idcs      evals   residnorms   |P(X)|
  1    0.602067   0.0798102  3.73783e-16
  2    0.763757    0.151039  4.30194e-16
  3    0.982879   0.0516796  1.56649e-15
  4     1.13294    0.263139  6.77914e-16
  5     1.46831    0.206362  3.92148e-16
  7     2.92773   0.0899405  3.79466e-16
  8      3.4288   0.0535142  3.77258e-16
  9     4.84931  0.000548303  3.75808e-16
 10     7.05391  4.93788e-05  3.74278e-16
 11     17.1292  3.88742e-10  3.71187e-16
 12     35.5284  7.68521e-13  3.72553e-16

 ──────────────────────────────────────────────────────────────────────────────
                                       Time                   Allocations      
                               ──────────────────────   ───────────────────────
       Tot / % measured:           383766s / 100%          407654GiB / 100%    

 Section               ncalls     time   %tot     avg     alloc   %tot      avg
 ──────────────────────────────────────────────────────────────────────────────
 apply_χ0                  12   383609s   100%  31967s   407550GiB100%   33963GiB
   Hamiltonian mult...   284k   79732s  20.8%   280ms   3198GiB  0.78%  11.5MiB
   compute_density         12     395s  0.10%   32.9s    535GiB  0.13%  44.6GiB
 PlaneWaveBasis             1    56.8s  0.01%   56.8s   40.7GiB  0.01%  40.7GiB
   Instantiation At...      1    37.6s  0.01%   37.6s   34.5GiB  0.01%  34.5GiB
   Instantiation Ewald      1    13.9s  0.00%   13.9s   5.93GiB  0.00%  5.93GiB
   Instantiation At...      1    4.58s  0.00%   4.58s   69.6MiB  0.00%  69.6MiB
   build_kpoints            1    409ms  0.00%   409ms    154MiB  0.00%   154MiB
   Instantiation Ha...      1   22.7ms  0.00%  22.7ms   19.0MiB  0.00%  19.0MiB
   Instantiation Ki...      1   8.34ms  0.00%  8.34ms   9.82MiB  0.00%  9.82MiB
   Instantiation Ps...      1    150μs  0.00%   150μs   2.73KiB  0.00%  2.73KiB
   Instantiation En...      1   10.1μs  0.00%  10.1μs     16.0B  0.00%    16.0B
   Instantiation Xc         1   3.15μs  0.00%  3.15μs     32.0B  0.00%    32.0B
 compute_density            1    33.3s  0.01%   33.3s   45.0GiB  0.01%  45.0GiB
 mixing Resta              12    758ms  0.00%  63.1ms    510MiB  0.00%  42.5MiB
 spglib_get_symmetry        1   18.0ms  0.00%  18.0ms   0.98MiB  0.00%  0.98MiB
 ──────────────────────────────────────────────────────────────────────────────
