#
#-- optimal_damping AlGaAs n_repeat=20 -- mixing=SimpleMixing(1.0)
#

Starting Arnoldi (now = 2020-07-27T07:14:19.637 ...

#--- 1 ---#
idcs      evals   residnorms   |P(X)|
  1    0.999927     1.37638  1.6026e-15

#--- 2 ---#
idcs      evals   residnorms   |P(X)|
  1    0.999359    0.382692  1.60224e-15
  2     430.059     119.297  3.41096e-16

#--- 3 ---#
idcs      evals   residnorms   |P(X)|
  1    0.998796    0.192947  1.60214e-15
  2     164.062      84.732  3.54852e-16
  3     479.085     37.4879  3.32582e-16

#--- 4 ---#
idcs      evals   residnorms   |P(X)|
  1    0.998926    0.148919  1.60218e-15
  2     37.3327     31.2242  3.57033e-16
  3     225.838     21.4156  3.41879e-16
  4      484.36     4.09815  3.42339e-16

#--- 5 ---#
idcs      evals   residnorms   |P(X)|
  1    0.998709   0.0829192  1.60244e-15
  2      17.882     12.1222  3.5934e-16
  3     78.3288     16.9742  3.41972e-16
  4     227.401     2.63148  3.53187e-16
  5     484.051    0.195925  3.46388e-16

#--- 6 ---#
idcs      evals   residnorms   |P(X)|
  1    0.998589   0.0549685  1.60227e-15
  2      11.226      7.3796  3.68027e-16
  3      40.373     13.9273  3.51176e-16
  4     85.3433     6.38679  3.27577e-16
  5     227.488    0.246837  3.34564e-16
  6     484.052  0.00764622  3.36397e-16

#--- 7 ---#
idcs      evals   residnorms   |P(X)|
  1    0.998524   0.0434319  1.6018e-15
  2     9.98956     8.18658  3.66185e-16
  3     21.7571     13.6364  3.56127e-16
  4     52.5448     10.9321  3.50616e-16
  5      86.256     2.55486  3.51214e-16
  6     227.497   0.0245048  3.47885e-16
  7     484.052  0.00032441  3.50859e-16

#--- 8 ---#
idcs      evals   residnorms   |P(X)|
  1    0.998379   0.0402044  1.60133e-15
  2     4.71742     4.80661  3.7049e-16
  3     14.6817     4.57843  3.62886e-16
  4     33.4841     5.87672  3.53822e-16
  5      56.249     3.36855  3.38629e-16
  6     86.3546    0.402763  3.37995e-16
  7     227.496  0.00107235  3.38075e-16
  8     484.052  6.22572e-06  3.37958e-16

#--- 9 ---#
idcs      evals   residnorms   |P(X)|
  1     0.99813   0.0278125  1.60107e-15
  2     2.71906      1.9178  3.86672e-16
  3     11.7355     2.77056  3.66645e-16
  4     18.8826     3.42781  3.50556e-16
  5      35.511     1.45754  3.49952e-16
  6     56.3852     0.42305  3.48248e-16
  7     86.3684   0.0279715  3.38789e-16
  8     227.496  2.43194e-05  3.42711e-16
  9     484.052  6.36833e-08  3.3584e-16

#--- 10 ---#
idcs      evals   residnorms   |P(X)|
  1    0.997991   0.0228134  1.60026e-15
  2     2.30743     1.42729  4.09648e-16
  3     8.98147      4.5785  3.67862e-16
  4     13.6151     3.77409  3.56052e-16
  5     20.0688     2.54648  3.34545e-16
  6     35.6939    0.397048  3.47419e-16
  7     56.4292   0.0604868  3.59887e-16
  8     86.3694   0.0023709  3.35897e-16
  9     227.496  7.08761e-07  3.41561e-16
 10     484.052  8.47181e-10  3.28068e-16

#--- 11 ---#
idcs      evals   residnorms   |P(X)|
  1    0.997976   0.0279452  1.59962e-15
  2     2.06892     1.70498  4.26768e-16
  3     6.21118     5.36017  3.81472e-16
  4     12.9211       5.035  3.56117e-16
  5     15.8639     6.44224  3.48674e-16
  6     21.7296      3.8967  3.29386e-16
  7     35.6923    0.195171  3.37613e-16
  8      56.436   0.0144499  3.36211e-16
  9     86.3694  0.000328693  3.4238e-16
 10     227.496  3.31673e-08  3.42412e-16
 11     484.052  1.80045e-11  3.3561e-16

 ──────────────────────────────────────────────────────────────────────────────
                                       Time                   Allocations      
                               ──────────────────────   ───────────────────────
       Tot / % measured:           343016s / 100%          373932GiB / 100%    

 Section               ncalls     time   %tot     avg     alloc   %tot      avg
 ──────────────────────────────────────────────────────────────────────────────
 apply_χ0                  11   342865s   100%  31170s   373832GiB100%   33985GiB
   Hamiltonian mult...   268k   70220s  20.5%   262ms   3017GiB  0.81%  11.5MiB
   compute_density         11     358s  0.10%   32.6s    490GiB  0.13%  44.6GiB
 PlaneWaveBasis             1    67.1s  0.02%   67.1s   40.7GiB  0.01%  40.7GiB
   Instantiation At...      1    45.3s  0.01%   45.3s   34.5GiB  0.01%  34.5GiB
   Instantiation Ewald      1    14.3s  0.00%   14.3s   5.93GiB  0.00%  5.93GiB
   Instantiation At...      1    6.83s  0.00%   6.83s   69.6MiB  0.00%  69.6MiB
   build_kpoints            1    296ms  0.00%   296ms    154MiB  0.00%   154MiB
   Instantiation Ha...      1   40.3ms  0.00%  40.3ms   19.0MiB  0.00%  19.0MiB
   Instantiation Ki...      1   9.71ms  0.00%  9.71ms   9.82MiB  0.00%  9.82MiB
   Instantiation Ps...      1   2.29ms  0.00%  2.29ms   2.73KiB  0.00%  2.73KiB
   Instantiation Xc         1   6.04μs  0.00%  6.04μs     32.0B  0.00%    32.0B
   Instantiation En...      1   1.60μs  0.00%  1.60μs     16.0B  0.00%    16.0B
 compute_density            1    33.6s  0.01%   33.6s   45.0GiB  0.01%  45.0GiB
 spglib_get_symmetry        1    223ms  0.00%   223ms   0.98MiB  0.00%  0.98MiB
 mixing Simple             11    157μs  0.00%  14.3μs     0.00B  0.00%    0.00B
 ──────────────────────────────────────────────────────────────────────────────
