#
#-- optimal_damping AlGaAs n_repeat=20 -- mixing=HybridMixing(1.0, 1, 1.0, identity, true, false)
#

Starting Arnoldi (now = 2020-07-28T13:57:25.531 ...

#--- 1 ---#
idcs      evals   residnorms   |P(X)|
  1    0.985441    0.148442  1.6063e-15

#--- 2 ---#
idcs      evals   residnorms   |P(X)|
  1    0.834238    0.709099  3.77346e-16
  2    0.993657    0.497528  1.23386e-15

#--- 3 ---#
idcs      evals   residnorms   |P(X)|
  1    0.685184    0.444395  3.84012e-16
  2    0.988156    0.213524  1.48999e-15
  3     3.90119     1.92194  3.68171e-16

#--- 4 ---#
idcs      evals   residnorms   |P(X)|
  1    0.587688     0.29607  3.80426e-16
  2    0.986605    0.155773  1.53516e-15
  3     1.79785    0.853672  3.87017e-16
  4     5.53916    0.774267  3.70373e-16

#--- 5 ---#
idcs      evals   residnorms   |P(X)|
  1     0.54393    0.310599  3.73952e-16
  2    0.982639    0.384895  1.32224e-15
  3     1.14909    0.704095  4.24962e-16
  4      2.8899      0.9216  3.68299e-16
  5      5.7244    0.293111  3.70123e-16

#--- 6 ---#
idcs      evals   residnorms   |P(X)|
  1    0.526621    0.277694  3.77466e-16
  2    0.864681    0.477093  4.00418e-16
  3    0.991017    0.295041  1.30248e-15
  4     2.26535    0.719153  3.82651e-16
  5     4.02424      1.0446  3.61735e-16
  6     5.77158    0.181209  3.61677e-16

#--- 7 ---#
idcs      evals   residnorms   |P(X)|
  1    0.528493    0.285423  3.82485e-16
  2    0.730832    0.420691  3.99974e-16
  3    0.988593    0.175645  1.50172e-15
  4     1.73923    0.743386  3.74471e-16
  5     3.01433    0.839923  3.67653e-16
  6     4.80628    0.904308  3.63448e-16
  7     5.78964    0.155233  3.61093e-16

#--- 8 ---#
idcs      evals   residnorms   |P(X)|
  1    0.566047    0.354774  3.93092e-16
  2    0.586032     0.37034  3.94923e-16
  3    0.986966    0.170487  1.52467e-15
  4     1.38126    0.685213  4.08534e-16
  5     2.45601    0.752625  3.78056e-16
  6     3.66027    0.856958  3.64428e-16
  7     5.37842    0.701307  3.61926e-16
  8     5.80731    0.201991  3.60615e-16

#--- 9 ---#
idcs      evals   residnorms   |P(X)|
  1    0.508222    0.350839         NaN
  2    0.508222    0.350839         NaN
  3    0.966301    0.423572  5.13208e-16
  4     1.00932    0.405859  6.62895e-16
  5     1.95332    0.464256  3.65121e-16
  6     2.96987    0.516158  3.66299e-16
  7     4.03769    0.464637  3.68081e-16
  8     5.62105    0.247707  3.60042e-16
  9     5.84372    0.148106  3.65496e-16
Warn: Suppressed imaginary part.

#--- 10 ---#
idcs      evals   residnorms   |P(X)|
  1    0.398967    0.250838  3.97288e-16
  2    0.545643     0.24264  3.82875e-16
  3    0.827091    0.293317  4.13024e-16
  4    0.990411    0.136991  1.45274e-15
  5     1.62357     0.46223  3.74731e-16
  6     2.38218    0.531171  3.63417e-16
  7     3.18279    0.425704  3.59064e-16
  8     4.13395    0.230205  3.6227e-16
  9     5.64709   0.0662782  3.63747e-16
 10     5.85523   0.0435823  3.60844e-16

#--- 11 ---#
idcs      evals   residnorms   |P(X)|
  1    0.339348    0.234925  3.93731e-16
  2    0.603703    0.287447  3.8729e-16
  3    0.673675    0.333984  3.94547e-16
  4    0.987202    0.174948  1.51052e-15
  5     1.22719    0.551682  4.27356e-16
  6     1.92993     0.46958  3.66819e-16
  7     2.65643    0.493625  3.68823e-16
  8     3.28804    0.340597  3.69847e-16
  9     4.15101    0.111395  3.65303e-16
 10     5.64748   0.0177657  3.5948e-16
 11     5.85668   0.0111057  3.63697e-16

#--- 12 ---#
idcs      evals   residnorms   |P(X)|
  1    0.310566    0.177722  3.98308e-16
  2    0.599833    0.243467         NaN
  3    0.599833    0.243467         NaN
  4    0.980119    0.283439  1.08732e-15
  5     1.04786    0.355523  5.32291e-16
  7     2.46594    0.534802  3.68415e-16
  8     3.09863    0.737242  3.60126e-16
  9     3.49384    0.787104  3.58118e-16
 10      4.1593     0.12478  3.59902e-16
 11     5.64697   0.0078064  3.54305e-16
 12     5.85747  0.00451771  3.63293e-16
Warn: Suppressed imaginary part.

#--- 13 ---#
idcs      evals   residnorms   |P(X)|
  1    0.294958    0.114299  4.08904e-16
  2    0.573261    0.183074         NaN
  3    0.573261    0.183074         NaN
  4    0.920078    0.253308  4.29054e-16
  5    0.994703    0.170839  1.23944e-15
  8     2.64542    0.334532  3.72564e-16
  9     3.25133    0.239319  3.56596e-16
 10     4.03686    0.470709  3.6021e-16
 11     4.19618    0.280902  3.62133e-16
 12     5.64666  0.00278575  3.59404e-16
 13     5.85789  0.00146889  3.61063e-16
Warn: Suppressed imaginary part.

#--- 14 ---#
idcs      evals   residnorms   |P(X)|
  1    0.288584   0.0855479  3.98318e-16
  2    0.510966    0.175285  3.97245e-16
  3    0.615435    0.220412  3.96901e-16
  4    0.778958    0.256672  4.15079e-16
  5    0.988374    0.119758  1.5174e-15
  9     2.73353    0.231448  3.70312e-16
 10     3.26977    0.101911  3.62951e-16
 11      4.1104    0.095065  3.5705e-16
 12     4.25859    0.123516  3.70272e-16
 13     5.64656  0.000518438  3.61906e-16
 14     5.85795  0.000255987  3.62445e-16

#--- 15 ---#
idcs      evals   residnorms   |P(X)|
  1    0.285625    0.063018  4.00303e-16
  2    0.472403    0.143061  4.02627e-16
  3    0.663702    0.196009         NaN
  4    0.663702    0.196009         NaN
  5    0.983981    0.162574  1.34438e-15
 10     2.77623    0.262003  3.70867e-16
 11     3.27807   0.0663727  3.61606e-16
 12     4.11103   0.0327506  3.64558e-16
 13     4.27222   0.0432397  3.6212e-16
 14     5.64656  0.00011195  3.62921e-16
 15     5.85795  5.21764e-05  3.64367e-16
Warn: Suppressed imaginary part.

#--- 16 ---#
idcs      evals   residnorms   |P(X)|
  1    0.283632   0.0496078  4.0871e-16
  2    0.453098    0.136009  4.07336e-16
  3     0.63619    0.181353         NaN
  4     0.63619    0.181353         NaN
  5    0.945813    0.268263  4.58302e-16
 11     2.90474    0.474467  3.75966e-16
 12     3.28308   0.0721708  3.61193e-16
 13     4.11158   0.0151114  3.61574e-16
 14     4.27699   0.0187457  3.56581e-16
 15     5.64656  2.80469e-05  3.64611e-16
 16     5.85795  1.22912e-05  3.62041e-16
Warn: Suppressed imaginary part.

#--- 17 ---#
idcs      evals   residnorms   |P(X)|
  1    0.281292   0.0356148  4.02182e-16
  2    0.443457    0.129739  4.08161e-16
  3    0.599809    0.192798  3.96948e-16
  4    0.632683    0.209415  3.99746e-16
  5    0.829176    0.234637  4.36308e-16
 12     3.19771    0.355055  3.72452e-16
 13     3.29229    0.173488  3.64768e-16
 14     4.11296  0.00686802  3.62684e-16
 15     4.27899  0.00774153  3.6054e-16
 16     5.64656  6.32272e-06  3.58292e-16
 17     5.85795  2.59853e-06  3.6341e-16

#--- 18 ---#
idcs      evals   residnorms   |P(X)|
  1    0.279384   0.0297891  3.9657e-16
  2    0.434012    0.144285  4.0561e-16
  3    0.526366    0.171816  3.96482e-16
  4    0.704647    0.204614         NaN
  5    0.704647    0.204614         NaN
 13     3.25475    0.116677  3.64735e-16
 14     3.34467    0.169498  3.61553e-16
 15     4.11302  0.00251979  3.64512e-16
 16     4.27939  0.00259059  3.63803e-16
 17     5.64656  1.26872e-06  3.62265e-16
 18     5.85795  4.92377e-07  3.62626e-16
Warn: Suppressed imaginary part.

#--- 19 ---#
idcs      evals   residnorms   |P(X)|
  1     0.27751    0.023051  4.10388e-16
  2    0.412087    0.134092  4.07785e-16
  3    0.491166    0.139358  4.06629e-16
  4    0.669239     0.14268         NaN
  5    0.669239     0.14268         NaN
 14     3.25818    0.043433  3.60406e-16
 15     3.36981   0.0764292  3.63782e-16
 16     4.11295  0.000690363  3.65783e-16
 17     4.27946  0.000652215  3.6356e-16
 18     5.64656  1.96899e-07  3.64463e-16
 19     5.85795  7.22595e-08  3.64474e-16
Warn: Suppressed imaginary part.

#--- 20 ---#
idcs      evals   residnorms   |P(X)|
  1    0.276527    0.019801  4.07256e-16
  2     0.38839    0.118916  4.17463e-16
  3    0.491455    0.127253  4.09056e-16
  4    0.619334    0.154899  3.97525e-16
  5    0.687222    0.181495  4.02517e-16
 15     3.26195   0.0208697  3.63733e-16
 16     3.37379   0.0359325  3.5677e-16
 17     4.11299  0.000206067  3.5926e-16
 18     4.27947  0.000180978  3.63785e-16
 19     5.64656  3.50479e-08  3.59466e-16
 20     5.85795  1.21987e-08  3.62146e-16

#--- 21 ---#
idcs      evals   residnorms   |P(X)|
  1    0.275677   0.0138187  4.12515e-16
  2    0.369249   0.0840353  4.14212e-16
  3    0.494773    0.101077  4.13999e-16
  4    0.555821    0.115377  3.99426e-16
  5    0.735612    0.145767         NaN
 16     3.26313   0.0100045  3.63427e-16
 17     3.37479   0.0157015  3.56312e-16
 18     4.11299  5.49565e-05  3.61914e-16
 19     4.27948  4.45839e-05  3.61112e-16
 20     5.64656  5.37841e-09  3.63737e-16
 21     5.85795  1.77075e-09  3.67626e-16
Warn: Suppressed imaginary part.

#--- 22 ---#
idcs      evals   residnorms   |P(X)|
  1    0.274877   0.0121727  4.14575e-16
  2    0.357982   0.0791237  4.16711e-16
  3    0.475927    0.104109  4.10208e-16
  4    0.550878     0.13782  3.89937e-16
  5    0.702538     0.17966         NaN
 17     3.26272  0.00369012  3.61888e-16
 18     3.37485  0.00531977  3.63768e-16
 19     4.11299  1.27401e-05  3.59125e-16
 20     4.27948  9.67611e-06  3.62903e-16
 21     5.64656  7.73183e-10  3.62513e-16
 22     5.85795  2.42105e-10  3.66565e-16
Warn: Suppressed imaginary part.

#--- 23 ---#
idcs      evals   residnorms   |P(X)|
  1    0.274435  0.00913981  3.99807e-16
  2     0.35091   0.0631782  4.14978e-16
  3     0.45847   0.0883825  4.08276e-16
  4    0.564738    0.145796  3.96805e-16
  5    0.612256    0.160381  4.03155e-16
 18     3.26271  0.00216847  3.65861e-16
 19     3.37483   0.0028356  3.65872e-16
 20     4.11299  4.30751e-06  3.66478e-16
 21     4.27948  3.02928e-06  3.62417e-16
 22     5.64656  1.51647e-10  3.66772e-16
 23     5.85795  4.49204e-11  3.63169e-16

#--- 24 ---#
idcs      evals   residnorms   |P(X)|
  1    0.274247  0.00790245  4.03617e-16
  2    0.342976   0.0596534  4.0793e-16
  3    0.443467   0.0973802  4.08225e-16
  4    0.559263    0.137865         NaN
  5    0.559263    0.137865         NaN
 19     3.26282  0.000987071  3.61105e-16
 20     3.37478  0.00115654  3.80833e-16
 21     4.11299  1.09519e-06  3.63285e-16
 22     4.27948  7.13958e-07  3.66059e-16
 23     5.64656  2.27124e-11  3.60033e-16
 24     5.85795  6.37721e-12  3.7115e-16
Warn: Suppressed imaginary part.

#--- 25 ---#
idcs      evals   residnorms   |P(X)|
  1      0.2743  0.00673866  4.07069e-16
  2    0.336389   0.0546066  4.17338e-16
  3    0.435568    0.106777  3.96601e-16
  4    0.516777    0.132998  4.19231e-16
  5    0.571991     0.12974  4.06562e-16
 20     3.26281  0.000543644  3.66615e-16
 21     3.37475  0.000576278  3.58666e-16
 22     4.11299  3.49853e-07  3.63564e-16
 23     4.27948  2.11807e-07  3.66942e-16
 24     5.64656  4.2927e-12  3.60382e-16
 25     5.85795  1.14216e-12  3.60365e-16

 ──────────────────────────────────────────────────────────────────────────────
                                       Time                   Allocations      
                               ──────────────────────   ───────────────────────
       Tot / % measured:           698788s / 100%          854930GiB / 100%    

 Section               ncalls     time   %tot     avg     alloc   %tot      avg
 ──────────────────────────────────────────────────────────────────────────────
 apply_χ0                  25   697664s   100%  27907s   853510GiB100%   34140GiB
   Hamiltonian mult...   731k   169438s  24.3%   232ms   8224GiB  0.96%  11.5MiB
   compute_density         25     793s  0.11%   31.7s   1114GiB  0.13%  44.6GiB
 mixing Hybrid             25     839s  0.12%   33.6s   1274GiB  0.15%  51.0GiB
   compute_density         26     762s  0.11%   29.3s   1171GiB  0.14%  45.0GiB
 PlaneWaveBasis             1     101s  0.01%    101s   40.7GiB  0.00%  40.7GiB
   Instantiation At...      1    81.5s  0.01%   81.5s   34.5GiB  0.00%  34.5GiB
   Instantiation Ewald      1    14.6s  0.00%   14.6s   5.93GiB  0.00%  5.93GiB
   Instantiation At...      1    4.67s  0.00%   4.67s   69.6MiB  0.00%  69.6MiB
   build_kpoints            1    395ms  0.00%   395ms    154MiB  0.00%   154MiB
   Instantiation Ha...      1   21.5ms  0.00%  21.5ms   19.0MiB  0.00%  19.0MiB
   Instantiation Ki...      1   9.71ms  0.00%  9.71ms   9.82MiB  0.00%  9.82MiB
   Instantiation Ps...      1   1.73ms  0.00%  1.73ms   2.73KiB  0.00%  2.73KiB
   Instantiation Xc         1   6.57μs  0.00%  6.57μs     32.0B  0.00%    32.0B
   Instantiation En...      1   1.25μs  0.00%  1.25μs     16.0B  0.00%    16.0B
 spglib_get_symmetry        1   33.9ms  0.00%  33.9ms   0.98MiB  0.00%  0.98MiB
 ──────────────────────────────────────────────────────────────────────────────
