#
#-- SCF AlGaAs n_repeat=20 -- mixing=RestaMixing(0.0554, 14, 1.0)
#

hostname       = clustern09

started on     = 2020-08-04T09:47:40.168
julia threads  = 4
BLAS threads   = 4

temperature    = 0.001
smearing       = DFTK.Smearing.Gaussian()
diag(lattice)  = [15.11, 10.68, 155.5]
Ecut           = 20
fft_size       = (48, 36, 480)
kgrid          = [3, 4, 1]
irreducible k  = 12
n_bands        = 297
n_electr       = 560
mixing         = RestaMixing(0.0554, 14, 1.0)
n     Free energy       Eₙ-Eₙ₋₁     ρout-ρin   Diag
---   ---------------   ---------   --------   ----
  1   -499.6677595527         NaN   1.37e+00    26.4 
  2   -505.1975178225   -5.53e+00   1.31e+00    23.3 
  3   -490.8561410085    1.43e+01   2.40e-01    48.5 
  4   -497.8268022732   -6.97e+00   1.68e-01    28.9 
  5   -490.7356300398    7.09e+00   1.42e-01    28.7 
  6   -504.1887938510   -1.35e+01   8.82e-02    26.3 
  7   -505.3227764938   -1.13e+00   7.71e-02    19.3 
  8   -505.0143195677    3.08e-01   5.38e-02    23.5 
  9   -505.6716746262   -6.57e-01   3.65e-02    24.0 
 10   -505.7626619064   -9.10e-02   3.11e-02    19.5 
 11   -505.8042815681   -4.16e-02   1.85e-02    22.6 
 12   -505.8258666353   -2.16e-02   1.45e-02    18.8 
 13   -505.8522690409   -2.64e-02   1.09e-02    20.8 
 14   -505.8263414325    2.59e-02   7.23e-03    19.2 
 15   -505.8575749803   -3.12e-02   4.21e-03    25.4 
 16   -505.8578000063   -2.25e-04   3.57e-03    22.2 
 17   -505.8585674506   -7.67e-04   2.11e-03    23.1 
 18   -505.8589707922   -4.03e-04   1.68e-03    19.6 
 19   -505.8593657565   -3.95e-04   6.98e-04    20.9 
 20   -505.8593117932    5.40e-05   5.70e-04    22.7 
 21   -505.8593848362   -7.30e-05   4.50e-04    20.5 
 22   -505.8593121811    7.27e-05   3.24e-04    27.3 
 23   -505.8594143339   -1.02e-04   1.47e-04    24.5 
 24   -505.8594170424   -2.71e-06   1.36e-04    21.6 
 25   -505.8594175303   -4.88e-07   5.68e-05    23.3 
 26   -505.8594175829   -5.25e-08   5.23e-05    16.5 
 27   -505.8594176218   -3.89e-08   4.71e-05    18.2 
 28   -505.8594174611    1.61e-07   3.50e-05    23.0 
 29   -505.8594176274   -1.66e-07   3.02e-05    26.3 
 30   -505.8594171936    4.34e-07   2.72e-05    25.9 
 31   -505.8594176456   -4.52e-07   1.82e-05    23.4 
 32   -505.8594176842   -3.86e-08   1.12e-05    22.2 
 33   -505.8594176881   -3.82e-09   1.03e-05    23.2 
 34   -505.8594176880    3.44e-11   6.47e-06    21.7 
 35   -505.8594176933   -5.23e-09   5.62e-06    23.8 
 36   -505.8594176853    7.93e-09   3.58e-06    25.4 
 37   -505.8594176956   -1.03e-08   2.25e-06    23.5 
 38   -505.8594176963   -6.77e-10   1.27e-06    25.3 
 39   -505.8594176962    2.85e-11   1.07e-06    19.8 
 40   -505.8594176966   -3.48e-10   7.41e-07    23.8 
 41   -505.8594176962    4.28e-10   6.76e-07    24.3 
 42   -505.8594176966   -4.26e-10   3.78e-07    22.8 
 43   -505.8594176966   -2.18e-11   3.46e-07    22.8 
 44   -505.8594176966    3.76e-11   2.87e-07    24.8 
 45   -505.8594176966   -3.48e-11   2.23e-07    23.4 
 46   -505.8594176966    1.57e-11   1.98e-07    23.8 
 47   -505.8594176966   -1.54e-11   9.50e-08    22.7 
 48   -505.8594176966   -8.58e-12   4.85e-08    26.7 
Energy breakdown:
    Kinetic             186.3897002
    AtomicLocal         -1994.5142418
    AtomicNonlocal      72.7430357
    Ewald               413.4169195
    PspCorrection       0.3170725 
    Hartree             970.4251443
    Xc                  -154.6362245
    Entropy             -0.0008237

    total               -505.859417696615

 ──────────────────────────────────────────────────────────────────────────────
                                       Time                   Allocations      
                               ──────────────────────   ───────────────────────
       Tot / % measured:           236016s / 100%           28379GiB / 100%    

 Section               ncalls     time   %tot     avg     alloc   %tot      avg
 ──────────────────────────────────────────────────────────────────────────────
 self_consistent_field      1   235939s   100%  235939s   28338GiB 100%   28338GiB
   LOBPCG                 576   198786s  84.2%    345s   25473GiB 89.8%  44.2GiB
     Hamiltonian mu...  14.2k   77951s  33.0%   5.50s   3952GiB  13.9%   285MiB
     block multipli...  79.2k   49901s  21.1%   630ms   7174GiB  25.3%  92.7MiB
     rayleigh_ritz      13.6k   21575s  9.14%   1.59s   96.3GiB  0.34%  7.25MiB
     ortho              59.6k   17546s  7.43%   294ms   4526GiB  15.9%  77.7MiB
   energy_hamiltonian      97   34900s  14.8%    360s    665GiB  2.34%  6.85GiB
   compute_density         48    1519s  0.64%   31.6s   2161GiB  7.61%  45.0GiB
   QR orthonormaliz...    576     130s  0.06%   226ms   28.3GiB  0.10%  50.3MiB
   mixing Resta            48    659ms  0.00%  13.7ms   1.19GiB  0.00%  25.3MiB
 PlaneWaveBasis             1    71.0s  0.03%   71.0s   40.7GiB  0.14%  40.7GiB
   Instantiation At...      1    49.2s  0.02%   49.2s   34.5GiB  0.12%  34.5GiB
   Instantiation Ewald      1    14.9s  0.01%   14.9s   5.93GiB  0.02%  5.93GiB
   Instantiation At...      1    5.02s  0.00%   5.02s   69.6MiB  0.00%  69.6MiB
   build_kpoints            1    545ms  0.00%   545ms    154MiB  0.00%   154MiB
   Instantiation Ha...      1   34.7ms  0.00%  34.7ms   19.0MiB  0.00%  19.0MiB
   Instantiation En...      1   10.5ms  0.00%  10.5ms   71.8KiB  0.00%  71.8KiB
   Instantiation Ki...      1   10.0ms  0.00%  10.0ms   9.82MiB  0.00%  9.82MiB
   Instantiation Ps...      1    929μs  0.00%   929μs   2.73KiB  0.00%  2.73KiB
   Instantiation Xc         1   24.2μs  0.00%  24.2μs     32.0B  0.00%    32.0B
 guess_density              1    3.96s  0.00%   3.96s    108MiB  0.00%   108MiB
 spglib_get_symmetry        1   17.0ms  0.00%  17.0ms   0.98MiB  0.00%  0.98MiB
 ──────────────────────────────────────────────────────────────────────────────
