#
#-- SCF AlGaAs n_repeat=20 -- mixing=KerkerMixing(1.32, 1.0)
#

hostname       = clustern09

started on     = 2020-08-03T14:16:14.11
julia threads  = 4
BLAS threads   = 4

temperature    = 0.001
smearing       = DFTK.Smearing.Gaussian()
diag(lattice)  = [15.11, 10.68, 155.5]
Ecut           = 20
fft_size       = (48, 36, 480)
kgrid          = [3, 4, 1]
irreducible k  = 12
n_bands        = 297
n_electr       = 560
mixing         = KerkerMixing(1.32, 1.0)
n     Free energy       Eₙ-Eₙ₋₁     ρout-ρin   Diag
---   ---------------   ---------   --------   ----
  1   -499.6681864308         NaN   1.37e+00    26.7 
  2   -500.6859286846   -1.02e+00   1.87e-01    28.8 
  3   -504.8431104638   -4.16e+00   4.77e-02    20.3 
  4   -505.2301419440   -3.87e-01   1.96e-02    14.4 
  5   -505.6234804066   -3.93e-01   1.10e-02    18.0 
  6   -505.7433001157   -1.20e-01   6.82e-03    11.0 
  7   -505.7851429838   -4.18e-02   5.21e-03    13.6 
  8   -505.8122090751   -2.71e-02   4.12e-03    14.9 
  9   -505.8285746343   -1.64e-02   3.39e-03    11.3 
 10   -505.8472947934   -1.87e-02   2.08e-03    15.8 
 11   -505.8526868752   -5.39e-03   1.59e-03    16.0 
 12   -505.8539995542   -1.31e-03   1.41e-03    12.2 
 13   -505.8564213780   -2.42e-03   1.08e-03    15.8 
 14   -505.8569001599   -4.79e-04   9.88e-04    11.3 
 15   -505.8583641658   -1.46e-03   6.70e-04    17.3 
 16   -505.8591637302   -8.00e-04   3.48e-04    16.9 
 17   -505.8594014756   -2.38e-04   1.10e-04    18.3 
 18   -505.8594147685   -1.33e-05   4.72e-05    14.5 
 19   -505.8594167322   -1.96e-06   2.78e-05    12.2 
 20   -505.8594172261   -4.94e-07   1.77e-05    13.4 
 21   -505.8594174291   -2.03e-07   1.40e-05    13.8 
 22   -505.8594175021   -7.29e-08   1.12e-05    14.3 
 23   -505.8594176417   -1.40e-07   6.46e-06    19.4 
 24   -505.8594176904   -4.87e-08   1.96e-06    21.0 
 25   -505.8594176959   -5.42e-09   7.11e-07    20.8 
 26   -505.8594176966   -7.08e-10   2.88e-07    16.4 
 27   -505.8594176966   -3.58e-11   1.62e-07    14.3 
 28   -505.8594176966    1.93e-11   1.25e-07    14.3 
 29   -505.8594176966   -8.41e-12   1.05e-07    14.3 
Energy breakdown:
    Kinetic             186.3897012
    AtomicLocal         -1994.5145524
    AtomicNonlocal      72.7430356
    Ewald               413.4169195
    PspCorrection       0.3170725 
    Hartree             970.4254544
    Xc                  -154.6362248
    Entropy             -0.0008237

    total               -505.859417696587

 ──────────────────────────────────────────────────────────────────────────────
                                       Time                   Allocations      
                               ──────────────────────   ───────────────────────
       Tot / % measured:           114217s / 100%           14477GiB / 100%    

 Section               ncalls     time   %tot     avg     alloc   %tot      avg
 ──────────────────────────────────────────────────────────────────────────────
 self_consistent_field      1   114157s   100%  114157s   14436GiB 100%   14436GiB
   LOBPCG                 348   92041s  80.6%    264s   12693GiB 87.7%  36.5GiB
     Hamiltonian mu...  6.00k   37293s  32.7%   6.21s   1937GiB  13.4%   330MiB
     block multipli...  32.5k   21984s  19.2%   676ms   3315GiB  22.9%   104MiB
     rayleigh_ritz      5.66k    9812s  8.59%   1.73s   44.9GiB  0.31%  8.14MiB
     ortho              24.8k    8269s  7.24%   333ms   2210GiB  15.3%  91.2MiB
   energy_hamiltonian      59   20620s  18.1%    349s    402GiB  2.78%  6.81GiB
   compute_density         29     828s  0.72%   28.5s   1306GiB  9.02%  45.0GiB
   QR orthonormaliz...    348     109s  0.10%   314ms   28.3GiB  0.20%  83.2MiB
   mixing Kerker           29    1.04s  0.00%  35.7ms    783MiB  0.01%  27.0MiB
 PlaneWaveBasis             1    55.7s  0.05%   55.7s   40.7GiB  0.28%  40.7GiB
   Instantiation At...      1    39.0s  0.03%   39.0s   34.5GiB  0.24%  34.5GiB
   Instantiation Ewald      1    12.5s  0.01%   12.5s   5.93GiB  0.04%  5.93GiB
   Instantiation At...      1    3.93s  0.00%   3.93s   69.6MiB  0.00%  69.6MiB
   build_kpoints            1    247ms  0.00%   247ms    154MiB  0.00%   154MiB
   Instantiation Ha...      1   21.2ms  0.00%  21.2ms   19.0MiB  0.00%  19.0MiB
   Instantiation Ki...      1   10.7ms  0.00%  10.7ms   9.82MiB  0.00%  9.82MiB
   Instantiation Ps...      1    395μs  0.00%   395μs   2.73KiB  0.00%  2.73KiB
   Instantiation Xc         1   5.92μs  0.00%  5.92μs     32.0B  0.00%    32.0B
   Instantiation En...      1   2.53μs  0.00%  2.53μs     16.0B  0.00%    16.0B
 guess_density              1    3.43s  0.00%   3.43s    108MiB  0.00%   108MiB
 spglib_get_symmetry        1   15.9ms  0.00%  15.9ms   0.98MiB  0.00%  0.98MiB
 ──────────────────────────────────────────────────────────────────────────────
