#
#-- SCF AlGaAs n_repeat=20 -- mixing=SimpleMixing(0.00412)
#

hostname       = clustern15

started on     = 2020-08-03T22:55:20.306
julia threads  = 4
BLAS threads   = 4

temperature    = 0.001
smearing       = DFTK.Smearing.Gaussian()
diag(lattice)  = [15.11, 10.68, 155.5]
Ecut           = 20
fft_size       = (48, 36, 480)
kgrid          = [3, 4, 1]
irreducible k  = 12
n_bands        = 297
n_electr       = 560
mixing         = SimpleMixing(0.00412)
n     Free energy       Eₙ-Eₙ₋₁     ρout-ρin   Diag
---   ---------------   ---------   --------   ----
  1   -499.6682491454         NaN   1.37e+00    26.8 
  2   -505.1684368511   -5.50e+00   1.37e+00    21.3 
  3   -505.4589207390   -2.90e-01   1.36e+00    17.5 
  4   -188.9548606484    3.17e+02   1.08e+00    50.6 
  5   -411.0563485886   -2.22e+02   9.69e-01    40.4 
  6   -346.4748262749    6.46e+01   6.11e-01    32.8 
  7   +385.6178600163    7.32e+02   8.28e-01    46.0 
  8   +399.2600268876    1.36e+01   8.32e-01    14.2 
  9   +9.652212181334   -3.90e+02   6.70e-01    41.0 
 10   -304.7249507480   -3.14e+02   4.74e-01    35.7 
 11   -498.9801882084   -1.94e+02   2.66e-01    23.6 
 12   -499.6884284256   -7.08e-01   2.23e-01    54.7 
 13   -482.3161644712    1.74e+01   2.25e-01    52.8 
 14   -502.6430983736   -2.03e+01   1.89e-01    46.6 
 15   -505.1083358643   -2.47e+00   1.62e-01    38.7 
 16   -497.8412958094    7.27e+00   1.74e-01    31.3 
 17   -501.8502610276   -4.01e+00   1.66e-01    18.2 
 18   -496.4685821521    5.38e+00   1.74e-01    21.8 
 19   -494.1057123255    2.36e+00   1.67e-01    21.5 
 20   -484.7229503715    9.38e+00   1.74e-01    25.8 
 21   -491.0863258581   -6.36e+00   1.50e-01    27.3 
 22   -504.1661708971   -1.31e+01   1.06e-01    26.1 
 23   -505.5109310858   -1.34e+00   8.87e-02    31.3 
 24   -505.4038020507    1.07e-01   7.83e-02    28.5 
 25   -505.0235593911    3.80e-01   7.34e-02    25.7 
 26   -504.8076944575    2.16e-01   7.10e-02    37.3 
 27   -505.3814838901   -5.74e-01   6.39e-02    31.2 
 28   -505.7368095431   -3.55e-01   5.79e-02    27.2 
 29   -505.7378535973   -1.04e-03   5.72e-02    28.9 
 30   -505.8161619186   -7.83e-02   5.29e-02    25.5 
 31   -505.8180141063   -1.85e-03   4.33e-02    26.3 
 32   -505.4471300152    3.71e-01   4.09e-02    30.3 
 33   -505.5161035181   -6.90e-02   4.04e-02    23.6 
 34   -505.5399838201   -2.39e-02   3.89e-02    23.4 
 35   -505.7919111027   -2.52e-01   3.15e-02    29.0 
 36   -505.8165331130   -2.46e-02   2.97e-02    22.5 
 37   -505.7703803419    4.62e-02   2.72e-02    24.5 
 38   -505.8073578253   -3.70e-02   2.45e-02    29.5 
 39   -505.7690037885    3.84e-02   2.25e-02    28.8 
 40   -505.8036634061   -3.47e-02   2.11e-02    24.3 
 41   -505.8379429414   -3.43e-02   1.90e-02    26.4 
 42   -505.8411768104   -3.23e-03   1.78e-02    27.0 
 43   -505.8311930217    9.98e-03   1.55e-02    29.7 
 44   -505.8535228775   -2.23e-02   1.29e-02    29.3 
 45   -505.8527330859    7.90e-04   1.12e-02    27.8 
 46   -505.8535560879   -8.23e-04   1.04e-02    29.6 
 47   -505.8574986687   -3.94e-03   8.83e-03    28.9 
 48   -505.8577792364   -2.81e-04   8.49e-03    22.7 
 49   -505.8581670455   -3.88e-04   7.64e-03    27.3 
 50   -505.8567797602    1.39e-03   7.27e-03    28.3 
Energy breakdown:
    Kinetic             186.3957534
    AtomicLocal         -1994.9697284
    AtomicNonlocal      72.7586079
    Ewald               413.4169195
    PspCorrection       0.3170725 
    Hartree             970.8638628
    Xc                  -154.6384546
    Entropy             -0.0008129

    total               -505.856779760191

 ──────────────────────────────────────────────────────────────────────────────
                                       Time                   Allocations      
                               ──────────────────────   ───────────────────────
       Tot / % measured:           331948s / 100%           36103GiB / 100%    

 Section               ncalls     time   %tot     avg     alloc   %tot      avg
 ──────────────────────────────────────────────────────────────────────────────
 self_consistent_field      1   331873s   100%  331873s   36061GiB 100%   36061GiB
   LOBPCG                 600   291137s  87.7%    485s   33074GiB 91.6%  55.1GiB
     Hamiltonian mu...  18.5k   109816s  33.1%   5.95s   5120GiB  14.2%   284MiB
     block multipli...   105k   78020s  23.5%   745ms   9985GiB  27.7%  97.7MiB
     rayleigh_ritz      17.9k   32420s  9.77%   1.81s    133GiB  0.37%  7.63MiB
     ortho              77.6k   25014s  7.54%   322ms   6007GiB  16.6%  79.2MiB
   energy_hamiltonian     101   38397s  11.6%    380s    693GiB  1.92%  6.86GiB
   compute_density         50    1564s  0.47%   31.3s   2251GiB  6.24%  45.0GiB
   QR orthonormaliz...    600     129s  0.04%   216ms   28.3GiB  0.08%  48.3MiB
   mixing Simple           50    4.16s  0.00%  83.3ms   2.79GiB  0.01%  57.1MiB
 PlaneWaveBasis             1    60.3s  0.02%   60.3s   40.7GiB  0.11%  40.7GiB
   Instantiation At...      1    41.0s  0.01%   41.0s   34.5GiB  0.10%  34.5GiB
   Instantiation Ewald      1    14.3s  0.00%   14.3s   5.93GiB  0.02%  5.93GiB
   Instantiation At...      1    3.64s  0.00%   3.64s   69.6MiB  0.00%  69.6MiB
   build_kpoints            1    316ms  0.00%   316ms    154MiB  0.00%   154MiB
   Instantiation Ha...      1   19.0ms  0.00%  19.0ms   19.0MiB  0.00%  19.0MiB
   Instantiation Ki...      1   8.82ms  0.00%  8.82ms   9.82MiB  0.00%  9.82MiB
   Instantiation Ps...      1    422μs  0.00%   422μs   2.73KiB  0.00%  2.73KiB
   Instantiation Xc         1   4.60μs  0.00%  4.60μs     32.0B  0.00%    32.0B
   Instantiation En...      1   2.88μs  0.00%  2.88μs     16.0B  0.00%    16.0B
 guess_density              1    3.71s  0.00%   3.71s    122MiB  0.00%   122MiB
 spglib_get_symmetry        1   14.6ms  0.00%  14.6ms   0.98MiB  0.00%  0.98MiB
 ──────────────────────────────────────────────────────────────────────────────
