#
#-- SCF AlGaAs n_repeat=20 -- mixing=HybridMixing(0.326, 1, 1.0, identity, true, false)
#

hostname       = clustern12

started on     = 2020-08-05T21:22:18.126
julia threads  = 4
BLAS threads   = 4

temperature    = 0.001
smearing       = DFTK.Smearing.Gaussian()
diag(lattice)  = [15.11, 10.68, 155.5]
Ecut           = 20
fft_size       = (48, 36, 480)
kgrid          = [3, 4, 1]
irreducible k  = 12
n_bands        = 297
n_electr       = 560
mixing         = HybridMixing(0.326, 1, 1.0, identity, true, false)
n     Free energy       Eₙ-Eₙ₋₁     ρout-ρin   Diag
---   ---------------   ---------   --------   ----
  1   -499.6689206625         NaN   1.37e+00    26.7 
  2   -505.0545474027   -5.39e+00   9.38e-01    31.6 
  3   -505.7913150853   -7.37e-01   2.23e-01    20.8 
  4   -505.8336742188   -4.24e-02   1.33e-01    12.0 
  5   -505.8508179596   -1.71e-02   7.19e-02    15.2 
  6   -505.8517892899   -9.71e-04   3.80e-02    9.6 
  7   -505.8575040806   -5.71e-03   2.13e-02    8.9 
  8   -505.8586172842   -1.11e-03   1.47e-02    6.2 
  9   -505.8590350839   -4.18e-04   6.72e-03    9.3 
 10   -505.8591989376   -1.64e-04   5.37e-03    9.8 
 11   -505.8593299216   -1.31e-04   3.55e-03    11.3 
 12   -505.8593762512   -4.63e-05   2.83e-03    7.6 
 13   -505.8594059877   -2.97e-05   1.75e-03    11.2 
 14   -505.8594147260   -8.74e-06   1.12e-03    12.1 
 15   -505.8594168479   -2.12e-06   5.90e-04    12.5 
 16   -505.8594173415   -4.94e-07   3.54e-04    11.3 
 17   -505.8594175099   -1.68e-07   2.27e-04    9.6 
 18   -505.8594175719   -6.21e-08   1.53e-04    11.8 
 19   -505.8594176225   -5.06e-08   9.41e-05    10.2 
 20   -505.8594176608   -3.82e-08   5.53e-05    11.0 
 21   -505.8594176782   -1.74e-08   3.65e-05    11.2 
 22   -505.8594176871   -8.91e-09   2.60e-05    9.3 
 23   -505.8594176919   -4.83e-09   1.78e-05    11.0 
 24   -505.8594176952   -3.28e-09   9.94e-06    12.0 
 25   -505.8594176962   -9.73e-10   5.92e-06    13.0 
 26   -505.8594176965   -3.05e-10   3.64e-06    13.2 
 27   -505.8594176966   -8.37e-11   2.45e-06    11.5 
 28   -505.8594176966   -4.68e-11   1.28e-06    14.0 
 29   -505.8594176966   -1.37e-11   7.83e-07    10.9 
 30   -505.8594176966   -1.14e-12   4.84e-07    11.6 
Energy breakdown:
    Kinetic             186.3897003
    AtomicLocal         -1994.5142835
    AtomicNonlocal      72.7430358
    Ewald               413.4169195
    PspCorrection       0.3170725 
    Hartree             970.4251859
    Xc                  -154.6362245
    Entropy             -0.0008237

    total               -505.859417696612

 ──────────────────────────────────────────────────────────────────────────────
                                       Time                   Allocations      
                               ──────────────────────   ───────────────────────
       Tot / % measured:           115223s / 100%           15368GiB / 100%    

 Section               ncalls     time   %tot     avg     alloc   %tot      avg
 ──────────────────────────────────────────────────────────────────────────────
 self_consistent_field      1   115168s   100%  115168s   15326GiB 100%   15326GiB
   LOBPCG                 360   92523s  80.3%    257s   11999GiB 78.1%  33.3GiB
     Hamiltonian mu...  4.87k   36663s  31.8%   7.53s   1804GiB  11.7%   379MiB
     block multipli...  25.6k   22915s  19.9%   895ms   3002GiB  19.5%   120MiB
     rayleigh_ritz      4.51k   10031s  8.71%   2.22s   43.8GiB  0.28%  9.93MiB
     ortho              20.0k    7995s  6.94%   400ms   2070GiB  13.5%   106MiB
   energy_hamiltonian      61   20142s  17.5%    330s    416GiB  2.71%  6.82GiB
   mixing Hybrid           30    1018s  0.88%   33.9s   1524GiB  9.92%  50.8GiB
     compute_density       30     886s  0.77%   29.5s   1351GiB  8.79%  45.0GiB
   compute_density         30     849s  0.74%   28.3s   1351GiB  8.79%  45.0GiB
   QR orthonormaliz...    360     113s  0.10%   313ms   28.3GiB  0.18%  80.5MiB
 PlaneWaveBasis             1    48.7s  0.04%   48.7s   40.7GiB  0.26%  40.7GiB
   Instantiation At...      1    30.9s  0.03%   30.9s   34.5GiB  0.22%  34.5GiB
   Instantiation Ewald      1    13.5s  0.01%   13.5s   5.93GiB  0.04%  5.93GiB
   Instantiation At...      1    3.44s  0.00%   3.44s   69.6MiB  0.00%  69.6MiB
   build_kpoints            1    857ms  0.00%   857ms    154MiB  0.00%   154MiB
   Instantiation Ha...      1   17.2ms  0.00%  17.2ms   19.0MiB  0.00%  19.0MiB
   Instantiation Ki...      1   8.83ms  0.00%  8.83ms   9.82MiB  0.00%  9.82MiB
   Instantiation Ps...      1    133μs  0.00%   133μs   2.73KiB  0.00%  2.73KiB
   Instantiation Xc         1   3.30μs  0.00%  3.30μs     32.0B  0.00%    32.0B
   Instantiation En...      1    757ns  0.00%   757ns     16.0B  0.00%    16.0B
 guess_density              1    3.32s  0.00%   3.32s    122MiB  0.00%   122MiB
 spglib_get_symmetry        1   13.1ms  0.00%  13.1ms   0.98MiB  0.00%  0.98MiB
 ──────────────────────────────────────────────────────────────────────────────
