#
#-- optimal_damping GaAsSiO2H n_repeat=10 -- mixing=HybridMixing(1.0, 14, 1.0, identity, true, false)
#

Starting Arnoldi (now = 2020-07-26T07:27:56.341 ...

#--- 1 ---#
idcs      evals   residnorms   |P(X)|
  1    0.982946   0.0455876  3.97139e-16

#--- 2 ---#
idcs      evals   residnorms   |P(X)|
  1    0.969185    0.278171  3.93631e-16
  2     1.04185    0.435115  3.91476e-16

#--- 3 ---#
idcs      evals   residnorms   |P(X)|
  1    0.665474    0.280269  3.8697e-16
  2     0.98466   0.0446189  3.98066e-16
  3      1.7602    0.417438  3.94815e-16

#--- 4 ---#
idcs      evals   residnorms   |P(X)|
  1    0.393626     0.24435  3.90081e-16
  2    0.924815    0.215285  3.85081e-16
  3    0.993389    0.106408  3.93485e-16
  4     1.93613    0.138143  3.91934e-16

#--- 5 ---#
idcs      evals   residnorms   |P(X)|
  1    0.292349    0.171871  3.83383e-16
  2    0.754839    0.204352  3.85442e-16
  3    0.985372   0.0411131  3.95896e-16
  4      1.2817    0.326737  3.81032e-16
  5     1.94816   0.0765931  3.90417e-16

#--- 6 ---#
idcs      evals   residnorms   |P(X)|
  1    0.256358    0.110987  3.76472e-16
  2    0.642282    0.200976  3.86474e-16
  3    0.974858    0.135427  3.93784e-16
  4     1.02332    0.224399  3.8917e-16
  5     1.59107    0.331383  3.86875e-16
  6     1.96107   0.0648807  3.92077e-16

#--- 7 ---#
idcs      evals   residnorms   |P(X)|
  1    0.244758   0.0514495  3.8679e-16
  2    0.570305     0.14078  3.87215e-16
  3    0.850557    0.147286  3.89066e-16
  4     0.98726    0.031408  3.97547e-16
  5     1.29211    0.201112  3.79344e-16
  6     1.83444    0.210211  3.93295e-16
  7     1.97613   0.0814477  3.90651e-16

#--- 8 ---#
idcs      evals   residnorms   |P(X)|
  1    0.238204   0.0401774  3.87959e-16
  2    0.504181     0.19032  3.79506e-16
  3    0.709425    0.218293  3.85309e-16
  4    0.961192    0.169536  3.92353e-16
  5    0.997903    0.121686  3.95301e-16
  6     1.36284     0.14143  3.78674e-16
  7     1.88051   0.0808483  3.92923e-16
  8     1.98487   0.0430289  3.86195e-16

#--- 9 ---#
idcs      evals   residnorms   |P(X)|
  1    0.235844   0.0336918  3.8307e-16
  2    0.438636    0.186476  3.85848e-16
  3    0.644346    0.181073  3.87029e-16
  4    0.884519    0.164614  3.88317e-16
  5    0.988202   0.0398369  3.97011e-16
  6     1.26195    0.285675  3.85213e-16
  7     1.49523    0.355054  3.77131e-16
  8     1.88959   0.0772486  3.97783e-16
  9      1.9877   0.0384292  3.90673e-16

#--- 10 ---#
idcs      evals   residnorms   |P(X)|
  1    0.233121   0.0290057  3.88482e-16
  2     0.37277    0.152111  3.82339e-16
  3     0.59944    0.150345  3.83522e-16
  4    0.793002     0.18622  3.83345e-16
  5    0.981326   0.0796878  3.96851e-16
  6     1.03122    0.198896  3.91485e-16
  7     1.35161    0.132393  3.7844e-16
  8     1.76365    0.266979  3.91203e-16
  9       1.915     0.11565  4.01976e-16
 10     1.99232   0.0536986  3.89853e-16

#--- 11 ---#
idcs      evals   residnorms   |P(X)|
  1    0.232516   0.0254942  3.83233e-16
  2    0.313229    0.103706  3.8533e-16
  3    0.534747    0.112548  3.87525e-16
  4     0.70107    0.131169  3.86523e-16
  5    0.898036    0.108594  3.91013e-16
  6    0.988454   0.0269025  3.96898e-16
  7     1.19346    0.169828  3.88202e-16
  8     1.37929   0.0957739  3.68862e-16
  9     1.85592   0.0703944  3.95136e-16
 10     1.94963   0.0763035  3.96587e-16
 11     2.00112    0.047896  3.83385e-16

#--- 12 ---#
idcs      evals   residnorms   |P(X)|
  1    0.229067   0.0309444  3.82121e-16
  2    0.288228    0.101857  3.79637e-16
  3     0.47838    0.138716  3.81176e-16
  4    0.652799    0.155277  3.89214e-16
  5     0.82164     0.19354  3.85249e-16
  7     1.00968    0.195405  3.92039e-16
  8     1.25908    0.188145  3.87286e-16
  9     1.41494    0.120236  3.73371e-16
 10     1.85835   0.0356129  4.015e-16
 11     1.95525    0.035954  3.95278e-16
 12     2.00383   0.0250057  3.93652e-16

#--- 13 ---#
idcs      evals   residnorms   |P(X)|
  1    0.228088   0.0159837  3.86097e-16
  2    0.285847   0.0546561  3.88724e-16
  3    0.456715   0.0987798  3.80297e-16
  4    0.613642    0.110022  3.87658e-16
  5    0.764996    0.130661  3.84822e-16
  8     1.21607    0.135223  3.84367e-16
  9     1.38579   0.0969994  3.70266e-16
 10     1.72046    0.386721  3.86885e-16
 11     1.86313   0.0831292  3.96325e-16
 12      1.9596   0.0557115  3.92278e-16
 13     2.00541    0.036553  3.86466e-16

#--- 14 ---#
idcs      evals   residnorms   |P(X)|
  1    0.229102   0.0102477  3.84526e-16
  2    0.277691   0.0347767  3.96431e-16
  3    0.434161   0.0803688  3.87234e-16
  4    0.578711   0.0997485  3.91682e-16
  5    0.724004    0.136899  3.88702e-16
  9     1.24384    0.102965  3.93955e-16
 10     1.40069   0.0515509  3.66332e-16
 11     1.84764   0.0540063  3.95004e-16
 12     1.92545    0.109665  3.9181e-16
 13     1.97622    0.081296  3.94579e-16
 14      2.0138    0.058279  3.80123e-16

 ──────────────────────────────────────────────────────────────────────────────
                                       Time                   Allocations      
                               ──────────────────────   ───────────────────────
       Tot / % measured:           91542s / 100%           117828GiB / 100%    

 Section               ncalls     time   %tot     avg     alloc   %tot      avg
 ──────────────────────────────────────────────────────────────────────────────
 apply_χ0                  14   91480s   100%   6534s   117789GiB100%   8414GiB
   Hamiltonian mult...   270k   14503s  15.8%  53.8ms   1296GiB  1.10%  4.92MiB
 mixing Hybrid             14    19.2s  0.02%   1.37s   20.1GiB  0.02%  1.44GiB
 PlaneWaveBasis             1    12.7s  0.01%   12.7s   8.77GiB  0.01%  8.77GiB
   Instantiation At...      1    7.72s  0.01%   7.72s   7.18GiB  0.01%  7.18GiB
   Instantiation Ewald      1    3.53s  0.00%   3.53s   1.42GiB  0.00%  1.42GiB
   Instantiation At...      1    1.38s  0.00%   1.38s   42.7MiB  0.00%  42.7MiB
   build_kpoints            1   77.9ms  0.00%  77.9ms   85.2MiB  0.00%  85.2MiB
   Instantiation Ha...      1   4.35ms  0.00%  4.35ms   8.55MiB  0.00%  8.55MiB
   Instantiation Ki...      1   3.64ms  0.00%  3.64ms   4.19MiB  0.00%  4.19MiB
   Instantiation Ps...      1    129μs  0.00%   129μs   3.84KiB  0.00%  3.84KiB
   Instantiation Xc         1   2.54μs  0.00%  2.54μs     32.0B  0.00%    32.0B
 spglib_get_symmetry        1   3.31ms  0.00%  3.31ms    128KiB  0.00%   128KiB
 ──────────────────────────────────────────────────────────────────────────────
