#
#-- optimal_damping GaAsSiO2H n_repeat=10 -- mixing=KerkerMixing(1.0, 1.0)
#

Starting Arnoldi (now = 2020-07-27T08:55:03.84 ...

#--- 1 ---#
idcs      evals   residnorms   |P(X)|
  1    0.982888    0.048973  3.9757e-16

#--- 2 ---#
idcs      evals   residnorms   |P(X)|
  1    0.637646    0.588037  3.83539e-16
  2    0.985169   0.0826767  3.97179e-16

#--- 3 ---#
idcs      evals   residnorms   |P(X)|
  1    0.209217    0.352552  3.86007e-16
  2    0.982535   0.0436058  3.96419e-16
  3     1.52755    0.514313  3.84885e-16

#--- 4 ---#
idcs      evals   residnorms   |P(X)|
  1     0.10532     0.12761  3.8502e-16
  2    0.794376    0.224093  3.86512e-16
  3    0.986621   0.0359207  3.9551e-16
  4     1.92006    0.168221  3.87972e-16

#--- 5 ---#
idcs      evals   residnorms   |P(X)|
  1   0.0966304   0.0996623  3.91159e-16
  2     0.57068    0.351842  3.80772e-16
  3    0.975588    0.156181  3.94815e-16
  4     1.03243    0.318126  3.86591e-16
  5      1.9344   0.0773901  3.86e-16

#--- 6 ---#
idcs      evals   residnorms   |P(X)|
  1    0.079216   0.0627244  3.935e-16
  2    0.425781    0.249957  3.82699e-16
  3    0.857097    0.206818  3.87859e-16
  4    0.987958   0.0419463  3.97262e-16
  5     1.57672    0.444743  3.80193e-16
  6     1.94527   0.0884539  3.89634e-16

#--- 7 ---#
idcs      evals   residnorms   |P(X)|
  1   0.0701533   0.0488378  3.86182e-16
  2     0.32433    0.218743  3.78962e-16
  3    0.678961    0.259323  3.81927e-16
  4    0.977867    0.107684  3.95266e-16
  5     1.02687    0.217033  3.87684e-16
  6     1.81857    0.211055  3.81858e-16
  7     1.96877   0.0982673  3.89681e-16

#--- 8 ---#
idcs      evals   residnorms   |P(X)|
  1   0.0696194   0.0443694  3.87558e-16
  2    0.215739    0.168227  3.81998e-16
  3    0.538236    0.201102  3.82488e-16
  4     0.85726    0.166662  3.87521e-16
  5    0.987395   0.0340149  3.97638e-16
  6     1.22857    0.238961  3.79928e-16
  7     1.87892   0.0859287  3.84533e-16
  8     1.98342   0.0625463  3.84917e-16

#--- 9 ---#
idcs      evals   residnorms   |P(X)|
  1   0.0655713   0.0461941  3.84735e-16
  2    0.168471    0.145844  3.88628e-16
  3    0.463854    0.196262  3.83881e-16
  4    0.778541    0.239337  3.85809e-16
  5    0.981749   0.0996431  3.96423e-16
  6     1.04003    0.296945  3.87862e-16
  7     1.44764    0.392658  3.80739e-16
  8      1.8798   0.0775465  3.91491e-16
  9     1.98876   0.0504283  3.87877e-16

#--- 10 ---#
idcs      evals   residnorms   |P(X)|
  1   0.0657684   0.0325631  3.85263e-16
  2    0.136468   0.0861842  3.87015e-16
  3    0.400926    0.143117  3.85722e-16
  4    0.650705    0.190788  3.83897e-16
  5    0.885662    0.138274  3.90487e-16
  6    0.988194   0.0289796  3.97145e-16
  7      1.2263    0.169792  3.80729e-16
  8     1.77428    0.235194  3.83226e-16
  9     1.91501     0.12065  3.93838e-16
 10     1.99784   0.0749187  3.82517e-16

#--- 11 ---#
idcs      evals   residnorms   |P(X)|
  1    0.062771   0.0392112  3.82967e-16
  2     0.12209    0.103136  3.80595e-16
  3    0.303656    0.212584  3.77255e-16
  4    0.517071    0.207938  3.89824e-16
  5    0.766255    0.204788  3.8367e-16
  6    0.948218    0.166467  3.91411e-16
  7    0.992235   0.0647755  3.95116e-16
  8     1.27561    0.120536  3.78528e-16
  9     1.83248   0.0799387  3.86579e-16
 10     1.93234   0.0684732  3.89052e-16
 11     2.00579   0.0438797  3.84122e-16

#--- 12 ---#
idcs      evals   residnorms   |P(X)|
  1   0.0526144   0.0624836  3.85844e-16
  2   0.0994294    0.111938  3.84804e-16
  3    0.209861    0.170195  3.7868e-16
  4    0.445786    0.138277  3.92232e-16
  5    0.681655     0.17523  3.83841e-16
  7    0.987741   0.0348072  3.97244e-16
  8     1.14847    0.268782  3.87711e-16
  9     1.34595    0.223403  3.73774e-16
 10     1.84597   0.0483392  3.84886e-16
 11     1.93649   0.0428823  3.97993e-16
 12     2.00729   0.0257478  3.77048e-16

#--- 13 ---#
idcs      evals   residnorms   |P(X)|
  1   0.0501369   0.0707382  3.86566e-16
  2   0.0820189   0.0844269  3.78859e-16
  3    0.176444    0.104569  3.85258e-16
  4    0.410376    0.111047  3.85593e-16
  5       0.624    0.179614  3.85254e-16
  8    0.996064    0.110165  3.93897e-16
  9     1.27037    0.135661  3.78258e-16
 10     1.59486    0.351696  3.87166e-16
 11     1.84136   0.0554088  3.81233e-16
 12     1.94195   0.0380682  3.93058e-16
 13     2.00835   0.0220816  3.8481e-16

#--- 14 ---#
idcs      evals   residnorms   |P(X)|
  1   0.0410248   0.0336747  3.80726e-16
  2    0.076866   0.0288364  3.88942e-16
  3     0.16424   0.0428939  3.87501e-16
  4    0.384108   0.0715004  3.85754e-16
  5    0.553778    0.117858  3.84696e-16
  9     1.16239    0.162993  3.86409e-16
 10     1.31679    0.117124  3.74787e-16
 11      1.7992    0.115531  3.93833e-16
 12     1.88213    0.103154  3.86071e-16
 13     1.94581   0.0551933  3.86923e-16
 14     2.01034   0.0212989  3.85216e-16

#--- 15 ---#
idcs      evals   residnorms   |P(X)|
  1   0.0382446   0.0185662  3.83361e-16
  2   0.0758955    0.015402  3.84244e-16
  3     0.16135   0.0281045  3.93355e-16
  4    0.361232   0.0816065  3.80202e-16
  5    0.494724    0.130734  3.85342e-16
 10     1.21194    0.104808  3.87202e-16
 11     1.35637    0.094514  3.70213e-16
 12     1.82902   0.0384644  3.88929e-16
 13     1.88997   0.0545865  3.90529e-16
 14      1.9514   0.0262405  3.88363e-16
 15     2.01024  0.00912538  3.77467e-16

#--- 16 ---#
idcs      evals   residnorms   |P(X)|
  1   0.0390981  0.00957365  3.82042e-16
  2   0.0755633   0.0084331  3.88924e-16
  3    0.160019   0.0166341  3.80896e-16
  4    0.357999   0.0700816  3.86099e-16
  5     0.46775    0.115091  3.87161e-16
 11     1.31897    0.190391  3.76229e-16
 12     1.50236    0.424692  3.83177e-16
 13     1.82423   0.0443306  3.91785e-16
 14      1.8983   0.0559036  3.97029e-16
 15     1.95262   0.0288476  3.94669e-16
 16     2.01085  0.00874223  3.78627e-16

#--- 17 ---#
idcs      evals   residnorms   |P(X)|
  1   0.0386155  0.00490031  3.83262e-16
  2   0.0753503  0.00455345  3.86969e-16
  3    0.160356   0.0111945  3.88784e-16
  4    0.335162   0.0859975  3.84261e-16
  5    0.425015    0.115138  3.76937e-16
 12     1.34867    0.054482  3.70171e-16
 13     1.78648    0.142295  3.8723e-16
 14     1.84847   0.0886777  3.80791e-16
 15     1.91438   0.0904559  3.86938e-16
 16     1.95498   0.0442159  3.90652e-16
 17     2.01043  0.00863474  3.80338e-16

#--- 18 ---#
idcs      evals   residnorms   |P(X)|
  1    0.038347  0.00279924  3.84424e-16
  2   0.0754295  0.00279037  3.87729e-16
  3    0.160133  0.00861105  3.8399e-16
  4    0.304411   0.0967295  3.86067e-16
  5    0.396959   0.0872379  3.7637e-16
 13     1.35853   0.0557138  3.67692e-16
 14     1.81754   0.0424602  3.93859e-16
 15     1.86445   0.0611384  3.90542e-16
 16     1.92501   0.0542931  3.95981e-16
 17     1.96071   0.0333611  3.9044e-16
 18     2.01084  0.00529069  3.82001e-16

#--- 19 ---#
idcs      evals   residnorms   |P(X)|
  1   0.0385114  0.00175935  3.79798e-16
  2   0.0753498  0.00187435  3.83997e-16
  3    0.159595   0.0068345  3.89077e-16
  4    0.297553    0.114417  3.84204e-16
  5     0.37447     0.10041  3.83497e-16
 14      1.4083    0.296428  3.82948e-16
 15     1.81438    0.031954  3.90758e-16
 16     1.86516   0.0387299  3.77612e-16
 17     1.93012   0.0352736  3.93216e-16
 18     1.96089   0.0242611  3.8957e-16
 19     2.01091  0.00329837  3.73948e-16

#--- 20 ---#
idcs      evals   residnorms   |P(X)|
  1   0.0383746  0.00110802  3.79727e-16
  2   0.0755149   0.0012908  3.88525e-16
  3    0.159693   0.0064514  3.92538e-16
  4    0.253354    0.101568  3.82104e-16
  5    0.363126   0.0702722  3.77747e-16
 15     1.74384    0.255037  3.91359e-16
 16     1.82826   0.0721871  3.89896e-16
 17     1.88408    0.101598  3.88136e-16
 18     1.93318   0.0748196  3.90315e-16
 19     1.96453   0.0495834  3.86542e-16
 20     2.01075  0.00520896  3.76795e-16

#--- 21 ---#
idcs      evals   residnorms   |P(X)|
  1   0.0383452  0.000718412  3.78043e-16
  2   0.0754234  0.000938286  3.91608e-16
  3    0.159995  0.00747922  3.83069e-16
  4    0.218994    0.105046  3.85946e-16
  5    0.340161    0.084366  3.83059e-16
 16     1.80969   0.0520802  3.93751e-16
 17     1.84582   0.0708096  3.8917e-16
 18     1.89386   0.0715493  3.9396e-16
 19     1.94458   0.0443581  3.93431e-16
 20     1.96975   0.0443864  3.87194e-16
 21     2.01113  0.00337639  3.86349e-16

#--- 22 ---#
idcs      evals   residnorms   |P(X)|
  1   0.0383771  0.000468024  3.82184e-16
  2   0.0754444  0.00066294  3.83929e-16
  3    0.159961  0.00728916  3.85844e-16
  4    0.205201   0.0900462  3.86181e-16
  5    0.325329   0.0812774  3.79106e-16
 17     1.81005    0.025971  3.98442e-16
 18     1.85238   0.0353062  3.83983e-16
 19     1.90626   0.0453388  3.91793e-16
 20     1.94705   0.0324287  3.93661e-16
 21      1.9728    0.034725  3.85973e-16
 22     2.01093  0.00236409  3.7253e-16

#--- 23 ---#
idcs      evals   residnorms   |P(X)|
  1   0.0383472  0.000256264  3.81968e-16
  2   0.0754489  0.00039809  3.88346e-16
  3    0.159691  0.00719362  3.84769e-16
  4    0.187817   0.0608473  3.8554e-16
  5    0.310323   0.0616122  3.84302e-16
 18     1.81459   0.0630683  3.90661e-16
 19     1.85423   0.0672773  3.85699e-16
 20     1.91238    0.065084  3.93671e-16
 21     1.94984   0.0419298  3.95657e-16
 22     1.97876   0.0530495  3.83875e-16
 23     2.01092   0.0034446  3.77402e-16

#--- 24 ---#
idcs      evals   residnorms   |P(X)|
  1   0.0383522  0.000110388  3.83897e-16
  2   0.0754441  0.000185712  3.85067e-16
  3    0.159561  0.00497431  3.85062e-16
  4    0.180697   0.0337695  3.86459e-16
  5    0.302787    0.045558  3.80946e-16
 19     1.83621   0.0569942  3.9462e-16
 20     1.88149    0.071592  3.86826e-16
 21     1.92519   0.0633917  3.9313e-16
 22     1.95656   0.0427284  3.92418e-16
 23     1.98472   0.0573908  3.77758e-16
 24     2.01112  0.00329916  3.81682e-16

 ──────────────────────────────────────────────────────────────────────────────
                                       Time                   Allocations      
                               ──────────────────────   ───────────────────────
       Tot / % measured:           154997s / 100%          202002GiB / 100%    

 Section               ncalls     time   %tot     avg     alloc   %tot      avg
 ──────────────────────────────────────────────────────────────────────────────
 apply_χ0                  24   154926s   100%   6455s   201972GiB100%   8416GiB
   Hamiltonian mult...   466k   24865s  16.0%  53.4ms   2238GiB  1.11%  4.92MiB
 PlaneWaveBasis             1    15.4s  0.01%   15.4s   8.77GiB  0.00%  8.77GiB
   Instantiation At...      1    10.6s  0.01%   10.6s   7.18GiB  0.00%  7.18GiB
   Instantiation Ewald      1    2.94s  0.00%   2.94s   1.42GiB  0.00%  1.42GiB
   Instantiation At...      1    1.51s  0.00%   1.51s   42.7MiB  0.00%  42.7MiB
   build_kpoints            1   83.8ms  0.00%  83.8ms   85.2MiB  0.00%  85.2MiB
   Instantiation Ki...      1   11.8ms  0.00%  11.8ms   4.19MiB  0.00%  4.19MiB
   Instantiation Ha...      1   4.39ms  0.00%  4.39ms   8.55MiB  0.00%  8.55MiB
   Instantiation Ps...      1    110μs  0.00%   110μs   3.84KiB  0.00%  3.84KiB
   Instantiation Xc         1   2.02μs  0.00%  2.02μs     32.0B  0.00%    32.0B
 mixing Kerker             24    680ms  0.00%  28.3ms    460MiB  0.00%  19.2MiB
 spglib_get_symmetry        1   3.23ms  0.00%  3.23ms    128KiB  0.00%   128KiB
 ──────────────────────────────────────────────────────────────────────────────
