#
#-- optimal_damping GaAsSiO2H n_repeat=10 -- mixing=RestaMixing(1.0, 14, 1.0)
#

Starting Arnoldi (now = 2020-07-28T16:43:35.146 ...

#--- 1 ---#
idcs      evals   residnorms   |P(X)|
  1    0.982979   0.0464224  3.96006e-16

#--- 2 ---#
idcs      evals   residnorms   |P(X)|
  1    0.976555    0.147484  3.9403e-16
  2     1.12092    0.458022  3.89672e-16

#--- 3 ---#
idcs      evals   residnorms   |P(X)|
  1    0.712116    0.214165  3.87089e-16
  2    0.985096   0.0364349  3.96793e-16
  3     1.90527    0.322122  3.94019e-16

#--- 4 ---#
idcs      evals   residnorms   |P(X)|
  1    0.484646    0.228877  3.97591e-16
  2    0.947369    0.210386  3.87978e-16
  3    0.997694    0.140809  3.91577e-16
  4     1.96671   0.0990119  3.96018e-16

#--- 5 ---#
idcs      evals   residnorms   |P(X)|
  1    0.437456    0.193971  3.9397e-16
  2    0.808088    0.236036  3.86473e-16
  3    0.986409   0.0476456  3.95546e-16
  4      1.3812    0.448862  3.91654e-16
  5     1.97639   0.0783196  3.94971e-16

#--- 6 ---#
idcs      evals   residnorms   |P(X)|
  1    0.361385    0.181172  3.92246e-16
  2    0.640486    0.225553  3.86943e-16
  3    0.976276    0.103369  3.93986e-16
  4     1.03112    0.200093  3.87233e-16
  5     1.78262    0.310697  3.94995e-16
  6     1.99823    0.101827  3.97216e-16

#--- 7 ---#
idcs      evals   residnorms   |P(X)|
  1    0.289047    0.112532  3.9467e-16
  2    0.548256    0.136943  3.90609e-16
  3    0.841116    0.140794  3.86145e-16
  4    0.986785   0.0289802  3.96573e-16
  5     1.23117    0.179577  3.92186e-16
  6     1.90353    0.104029  3.93546e-16
  7     2.01781   0.0695485  3.94545e-16

#--- 8 ---#
idcs      evals   residnorms   |P(X)|
  1    0.269171    0.113498  3.96778e-16
  2    0.491973     0.18676  3.85122e-16
  3    0.719547    0.259841  3.81983e-16
  4    0.963893    0.208635  3.92441e-16
  5    0.999919    0.168602  3.92e-16
  6     1.30667    0.206849  3.87599e-16
  7     1.90926   0.0492027  3.9207e-16
  8      2.0223   0.0319255  4.07555e-16

#--- 9 ---#
idcs      evals   residnorms   |P(X)|
  1    0.248244   0.0640067  3.88949e-16
  2    0.449427    0.116617  3.92133e-16
  3     0.65063    0.152961  3.84756e-16
  4    0.884471    0.125997  3.88039e-16
  5    0.988127   0.0286785  3.96347e-16
  6     1.23793    0.148122  3.86627e-16
  7      1.6642    0.362757  3.87246e-16
  8     1.91857   0.0647572  3.9769e-16
  9     2.02506   0.0336013  3.99183e-16

#--- 10 ---#
idcs      evals   residnorms   |P(X)|
  1    0.242421   0.0503147  3.93246e-16
  2    0.404723    0.111331  3.96623e-16
  3    0.593015    0.144728  3.86901e-16
  4    0.800254    0.182801  3.80376e-16
  5    0.977879    0.118862  3.93953e-16
  6     1.01144    0.186839  3.89879e-16
  7     1.27582     0.11326  3.88167e-16
  8     1.83549    0.157955  3.89023e-16
  9     1.93202   0.0752594  3.99619e-16
 10     2.02627   0.0263182  3.96827e-16

#--- 11 ---#
idcs      evals   residnorms   |P(X)|
  1    0.238738   0.0298643  3.91805e-16
  2    0.383681    0.084587  3.91362e-16
  3    0.542685    0.116871  3.93372e-16
  4     0.72081     0.15264  3.84259e-16
  5    0.900626     0.11762  3.89828e-16
  6    0.988574   0.0274453  3.95937e-16
  7     1.21047    0.171021  3.84701e-16
  8     1.36373    0.210038  3.74062e-16
  9     1.87776   0.0692646  3.90506e-16
 10      1.9444    0.057727  3.99259e-16
 11     2.02812   0.0158016  3.9687e-16

#--- 12 ---#
idcs      evals   residnorms   |P(X)|
  1     0.23367   0.0351229  3.93041e-16
  2    0.355088    0.120655  3.8971e-16
  3    0.492186    0.161397  3.85947e-16
  4    0.652162    0.200508  3.86441e-16
  5    0.825578    0.208388  3.8453e-16
  7     1.00462    0.187036  3.9262e-16
  8     1.25695      0.1246  3.91995e-16
  9     1.48892    0.243372  3.75343e-16
 10      1.8773   0.0462041  3.90831e-16
 11     1.94767   0.0359959  4.01896e-16
 12     2.02859  0.00925852  4.01913e-16

#--- 13 ---#
idcs      evals   residnorms   |P(X)|
  1    0.234125   0.0257245  3.97559e-16
  2    0.329301    0.103757  3.87813e-16
  3    0.440201    0.104092  3.93953e-16
  4    0.599477    0.103811  3.84247e-16
  5    0.766047     0.12109  3.81015e-16
  8     1.22509    0.134433  3.88491e-16
  9     1.35191    0.193193  3.7581e-16
 10     1.71413    0.277792  3.92067e-16
 11     1.89028    0.060838  3.90923e-16
 12     1.95309   0.0473129  4.09087e-16
 13     2.02855  0.00924216  3.98752e-16

#--- 14 ---#
idcs      evals   residnorms   |P(X)|
  1    0.231877   0.0235586  3.98416e-16
  2    0.306906   0.0944813  3.84296e-16
  3    0.412139   0.0893786  3.89519e-16
  4    0.556211    0.102824  3.86628e-16
  5    0.714448    0.153371  3.83647e-16
  9      1.2409   0.0698349  3.86306e-16
 10     1.41387    0.104438  3.74762e-16
 11     1.84367    0.110538  3.94208e-16
 12     1.90308   0.0804411  3.95824e-16
 13      1.9579   0.0482226  4.04637e-16
 14     2.02897  0.00652985  4.02821e-16

#--- 15 ---#
idcs      evals   residnorms   |P(X)|
  1     0.22851   0.0213657  3.89278e-16
  2    0.288219   0.0708725  3.92611e-16
  3    0.403099    0.075403  3.89921e-16
  4    0.527245    0.118051  3.87255e-16
  5    0.654562    0.150011  3.84341e-16
 10     1.28482     0.26797  3.91199e-16
 11     1.46779    0.198257  3.77511e-16
 12     1.85001   0.0734534  3.91687e-16
 13      1.9086   0.0566975  3.90625e-16
 14     1.96145   0.0353682  4.0519e-16
 15     2.02887  0.00422275  4.07886e-16

#--- 16 ---#
idcs      evals   residnorms   |P(X)|
  1     0.22954   0.0147974  3.95792e-16
  2    0.281089   0.0509175  3.91618e-16
  3    0.389196   0.0608573  3.89411e-16
  4    0.501537    0.104532  3.91016e-16
  5    0.611178    0.107653  3.90607e-16
 11     1.40951    0.112003  3.73554e-16
 12     1.70003    0.284315  3.92642e-16
 13     1.86806   0.0797363  3.93654e-16
 14      1.9288    0.088454  3.93311e-16
 15     1.96707   0.0703534  4.04699e-16
 16     2.02894  0.00553518  4.0466e-16

#--- 17 ---#
idcs      evals   residnorms   |P(X)|
  1    0.228951  0.00963776  3.90248e-16
  2    0.275344   0.0335384  3.92001e-16
  3    0.379424   0.0520146  3.92556e-16
  4    0.472382   0.0896191  3.88089e-16
  5    0.579762   0.0866958  3.92951e-16
 12     1.43502   0.0760787  3.68477e-16
 13     1.81833   0.0963119  3.91148e-16
 14     1.89057   0.0656996  3.99362e-16
 15     1.94377   0.0684415  4.01803e-16
 16     1.98565   0.0892128  4.04477e-16
 17     2.02919  0.00618694  3.97315e-16

#--- 18 ---#
idcs      evals   residnorms   |P(X)|
  1    0.228531  0.00529685  3.90623e-16
  2    0.276097   0.0204269  3.9845e-16
  3    0.376199   0.0415654  3.90026e-16
  4    0.458567   0.0750354  3.90294e-16
  5    0.566605   0.0861288  3.90437e-16
 13     1.46689    0.149649  3.69627e-16
 14       1.828   0.0544189  3.97183e-16
 15     1.89182   0.0345508  3.9265e-16
 16     1.95008   0.0300863  4.0372e-16
 17     1.99863   0.0554108  3.94901e-16
 18     2.02903  0.00478428  4.07716e-16

#--- 19 ---#
idcs      evals   residnorms   |P(X)|
  1     0.22876  0.00351832  3.88641e-16
  2    0.274023   0.0144569  3.98144e-16
  3     0.37305   0.0383755  3.88838e-16
  4    0.441837   0.0676021  3.92392e-16
  5    0.550609   0.0867612  3.90971e-16
 14     1.65431    0.309095  3.87187e-16
 15      1.8384   0.0733926  3.97626e-16
 16     1.89833   0.0454643  3.96503e-16
 17     1.95292   0.0335159  3.99728e-16
 18     2.00661    0.061305  4.01214e-16
 19     2.02928  0.00654659  3.90884e-16

#--- 20 ---#
idcs      evals   residnorms   |P(X)|
  1    0.228614  0.00187383  3.9115e-16
  2    0.273356   0.0084312  3.96412e-16
  3    0.369673    0.029684  3.88073e-16
  4    0.434512   0.0605692  3.92642e-16
  5    0.520595    0.087352  3.91827e-16
 15     1.81468    0.088934  4.00459e-16
 16     1.88406    0.100137  3.97617e-16
 17     1.92155    0.144457  3.91117e-16
 18     1.95851   0.0765579  4.0161e-16
 19     2.01845   0.0916048  3.99348e-16
 20     2.02925   0.0178625  3.98064e-16

#--- 21 ---#
idcs      evals   residnorms   |P(X)|
  1    0.228618  0.00121971  3.92409e-16
  2    0.274164  0.00642508  3.91569e-16
  3    0.366597   0.0349595  3.84734e-16
  4    0.421081   0.0770646  3.87073e-16
  5    0.488736    0.100119  3.96925e-16
 16     1.82124   0.0284302  3.99435e-16
 17     1.88624   0.0248598  3.9302e-16
 18     1.93727   0.0397066  3.98343e-16
 19      1.9672   0.0387706  3.98237e-16
 20     2.02881   0.0267621  3.93321e-16
 21     2.03167   0.0428424  3.87515e-16

#--- 22 ---#
idcs      evals   residnorms   |P(X)|
  1    0.228663  0.000880658  3.97194e-16
  2    0.273182  0.00515516  3.97435e-16
  3    0.361194   0.0388891  3.92279e-16
  4    0.409438    0.075308  3.90161e-16
  5    0.471369   0.0900055  3.94253e-16
 17     1.82277   0.0224806  3.97074e-16
 18     1.88922   0.0175271  3.93695e-16
 19     1.93989   0.0262939  3.93351e-16
 20     1.97011   0.0282663  4.07567e-16
 21     2.02821  0.00837461  4.1676e-16
 22     2.03603    0.026944  3.80351e-16

#--- 23 ---#
idcs      evals   residnorms   |P(X)|
  1     0.22864  0.000488029  3.90255e-16
  2    0.273569  0.00324657  3.94509e-16
  3    0.360398   0.0399314  3.86057e-16
  4    0.394562   0.0629989  3.88532e-16
  5    0.458123   0.0624159  3.96135e-16
 18     1.83176    0.131441  3.86549e-16
 19     1.88899   0.0433508  3.99465e-16
 20     1.94325   0.0425133  3.98089e-16
 21     1.97183   0.0450945  3.99095e-16
 22     2.02896  0.00938276  4.04349e-16
 23     2.03664   0.0340826  3.95592e-16

 ──────────────────────────────────────────────────────────────────────────────
                                       Time                   Allocations      
                               ──────────────────────   ───────────────────────
       Tot / % measured:           162197s / 100%          193771GiB / 100%    

 Section               ncalls     time   %tot     avg     alloc   %tot      avg
 ──────────────────────────────────────────────────────────────────────────────
 apply_χ0                  23   162125s   100%   7049s   193742GiB100%   8424GiB
   Hamiltonian mult...   460k   24736s  15.3%  53.8ms   2210GiB  1.14%  4.92MiB
 PlaneWaveBasis             1    15.8s  0.01%   15.8s   8.77GiB  0.00%  8.77GiB
   Instantiation At...      1    10.9s  0.01%   10.9s   7.18GiB  0.00%  7.18GiB
   Instantiation Ewald      1    3.10s  0.00%   3.10s   1.42GiB  0.00%  1.42GiB
   Instantiation At...      1    1.50s  0.00%   1.50s   42.7MiB  0.00%  42.7MiB
   build_kpoints            1   88.2ms  0.00%  88.2ms   85.2MiB  0.00%  85.2MiB
   Instantiation Ki...      1   22.6ms  0.00%  22.6ms   4.19MiB  0.00%  4.19MiB
   Instantiation Ha...      1   6.06ms  0.00%  6.06ms   8.55MiB  0.00%  8.55MiB
   Instantiation Ps...      1    214μs  0.00%   214μs   3.84KiB  0.00%  3.84KiB
   Instantiation Xc         1   4.45μs  0.00%  4.45μs     32.0B  0.00%    32.0B
 mixing Resta              23    355ms  0.00%  15.4ms    393MiB  0.00%  17.1MiB
 spglib_get_symmetry        1   3.08ms  0.00%  3.08ms    128KiB  0.00%   128KiB
 ──────────────────────────────────────────────────────────────────────────────
