#
#-- optimal_damping GaAsSiO2H n_repeat=10 -- mixing=HybridMixing(1.0, 14, 1.0, var"#194#202"{Int64,var"#periodise#201"}(30, var"#periodise#201"(), Core.Box(0.9626549250456445), Core.Box(1.5526782653653535)), true, false)
#

Starting Arnoldi (now = 2020-07-25T20:27:57.148 ...

#--- 1 ---#
idcs      evals   residnorms   |P(X)|
  1    0.989493   0.0436323  3.9607e-16

#--- 2 ---#
idcs      evals   residnorms   |P(X)|
  1    0.988439    0.051806  3.95028e-16
  2     1.87107      1.0477  3.85667e-16

#--- 3 ---#
idcs      evals   residnorms   |P(X)|
  1    0.924851    0.392453  3.81361e-16
  2    0.998563    0.191245  3.95732e-16
  3     2.88384    0.425105  3.92963e-16

#--- 4 ---#
idcs      evals   residnorms   |P(X)|
  1    0.777485    0.240825  3.82381e-16
  2    0.991304   0.0429634  3.95918e-16
  3     2.01021    0.647828  3.90632e-16
  4     2.93797    0.284283  3.89274e-16

#--- 5 ---#
idcs      evals   residnorms   |P(X)|
  1    0.683802    0.220377  3.80405e-16
  2    0.989408    0.046151  3.96184e-16
  3     1.29818    0.499314  3.88322e-16
  4     2.48107    0.454196  3.90876e-16
  5     2.96789    0.209858  3.92353e-16

#--- 6 ---#
idcs      evals   residnorms   |P(X)|
  1     0.60941    0.173542  3.79886e-16
  2    0.974322    0.188069  3.85836e-16
  3     1.01559    0.231707  3.90588e-16
  4     1.87606      0.3966  3.93903e-16
  5     2.69668    0.285448  4.01282e-16
  6     3.00927    0.144341  3.98312e-16

#--- 7 ---#
idcs      evals   residnorms   |P(X)|
  1    0.583228    0.123286  3.8212e-16
  2    0.891269    0.199977  3.8051e-16
  3    0.993498   0.0501033  3.95764e-16
  4     1.53081    0.427297  3.93664e-16
  5     2.13926     0.37307  3.89845e-16
  6     2.79144    0.192596  3.94307e-16
  7     3.03841   0.0993404  3.90378e-16

#--- 8 ---#
idcs      evals   residnorms   |P(X)|
  1    0.574792   0.0967521  3.81224e-16
  2    0.839458    0.187864  3.78932e-16
  3    0.991703   0.0397239  3.96337e-16
  4     1.28772    0.405483  3.94846e-16
  5     1.90797    0.451187  3.96217e-16
  6     2.42147    0.456834  3.93263e-16
  7     2.83701    0.219408  3.91854e-16
  8     3.07021    0.101617  3.94519e-16

#--- 9 ---#
idcs      evals   residnorms   |P(X)|
  1    0.568068    0.073038  3.87363e-16
  2    0.777218    0.172941  3.75678e-16
  3    0.988634   0.0581226  3.9424e-16
  4     1.07917    0.268539  3.9113e-16
  5     1.59271    0.305264  3.93715e-16
  6     2.14348    0.265453  3.8765e-16
  7     2.64874    0.246954  3.96552e-16
  8     2.91967    0.186901  3.9697e-16
  9     3.10135    0.103037  3.9455e-16

#--- 10 ---#
idcs      evals   residnorms   |P(X)|
  1    0.559035   0.0675468  3.83963e-16
  2    0.724365    0.183413  3.72928e-16
  3    0.944305    0.206875  3.86063e-16
  4    0.996483   0.0808923  3.96892e-16
  5     1.38046    0.338384  3.89016e-16
  6     1.76164    0.315164  4.00879e-16
  7     2.24667    0.194536  3.86365e-16
  8     2.68013     0.11941  3.93095e-16
  9     2.95721   0.0870272  3.95545e-16
 10     3.10514   0.0525536  4.00004e-16

#--- 11 ---#
idcs      evals   residnorms   |P(X)|
  1    0.554115   0.0483499  3.84892e-16
  2    0.697245    0.134827  3.77282e-16
  3    0.899213    0.145455  3.84348e-16
  4    0.993145   0.0333684  3.96321e-16
  5     1.29514    0.279654  3.92233e-16
  6     1.64738     0.30963  3.98808e-16
  7      2.1284    0.378423  3.85901e-16
  8     2.43414    0.512702  3.93671e-16
  9     2.70871      0.2108  3.9753e-16
 10     2.96604    0.102548  3.96972e-16
 11     3.10159   0.0505464  3.92406e-16

#--- 12 ---#
idcs      evals   residnorms   |P(X)|
  1    0.548586   0.0411416  3.83369e-16
  2    0.675492    0.125511  3.83699e-16
  3    0.851753    0.158286  3.8356e-16
  4    0.990903   0.0404594  3.96487e-16
  5     1.11688    0.289741  3.9066e-16
  7     1.77577    0.226129  4.00675e-16
  8     2.21956    0.134783  3.84713e-16
  9     2.65332    0.170002  3.98503e-16
 10     2.83452    0.260976  3.8548e-16
 11     2.99237    0.135463  3.93173e-16
 12     3.09586   0.0504781  3.92755e-16

#--- 13 ---#
idcs      evals   residnorms   |P(X)|
  1    0.543707   0.0447486  3.77625e-16
  2    0.649309    0.141666  3.83058e-16
  3    0.793243    0.193053  3.73743e-16
  4    0.967868    0.180763  3.88839e-16
  5    0.999747    0.109682  3.97722e-16
  8      1.9569    0.338039  3.86727e-16
  9      2.2499     0.14389  3.91789e-16
 10     2.66562   0.0823773  3.97824e-16
 11     2.88442    0.123011  3.89319e-16
 12     3.01323   0.0908223  3.85164e-16
 13     3.10069    0.032818  3.92612e-16

#--- 14 ---#
idcs      evals   residnorms   |P(X)|
  1    0.540879   0.0389814  3.82135e-16
  2    0.626554    0.111917  3.86246e-16
  3    0.762382    0.144469  3.69522e-16
  4    0.930187    0.136551  3.86924e-16
  5    0.994377   0.0372544  3.96985e-16
  9     2.21517    0.199815  3.84395e-16
 10     2.46894    0.478879  4.00059e-16
 11     2.66326    0.160298  4.02009e-16
 12     2.90906     0.13163  3.86113e-16
 13     3.01911    0.100018  3.85175e-16
 14     3.10973    0.033115  3.90054e-16

#--- 15 ---#
idcs      evals   residnorms   |P(X)|
  1    0.539168   0.0365564  3.82267e-16
  2    0.608099    0.094638  3.8187e-16
  3    0.741348    0.125413  3.73713e-16
  4    0.897248     0.13617  3.86183e-16
  5    0.992402   0.0335392  3.95215e-16
 10     2.24959    0.105292  3.95979e-16
 11      2.6411    0.160234  3.95494e-16
 12     2.76007    0.262003  3.94519e-16
 13     2.94317    0.136413  3.93991e-16
 14      3.0389    0.117335  3.81808e-16
 15     3.11412   0.0391918  3.87641e-16

#--- 16 ---#
idcs      evals   residnorms   |P(X)|
  1    0.538327   0.0434649  3.88804e-16
  2    0.591697    0.101949  3.87208e-16
  3    0.719348    0.149271  3.73126e-16
  4    0.846834    0.193098  3.78218e-16
  5    0.983882    0.130719  3.90457e-16
 11     2.28587    0.172252  3.95232e-16
 12     2.64109   0.0802835  3.99868e-16
 13     2.81529    0.144785  3.94512e-16
 14     2.95916   0.0874343  3.95556e-16
 15     3.05854   0.0874901  3.84284e-16
 16     3.11286   0.0331962  3.84632e-16

#--- 17 ---#
idcs      evals   residnorms   |P(X)|
  1     0.53553   0.0453933  3.84024e-16
  2    0.578075   0.0895046  3.86896e-16
  3    0.689749    0.130224  3.78334e-16
  4    0.805625    0.151753  3.73964e-16
  5    0.948223    0.128767  3.88269e-16
 12     2.47459    0.360585  3.93496e-16
 13     2.64422    0.112749  3.97042e-16
 14     2.83965    0.132978  3.89435e-16
 15      2.9672   0.0773712  3.9795e-16
 16     3.06425   0.0725512  3.81448e-16
 17     3.11179    0.026959  3.81378e-16

#--- 18 ---#
idcs      evals   residnorms   |P(X)|
  1     0.53135   0.0435689  3.83197e-16
  2     0.56827   0.0683535  3.87242e-16
  3    0.668205    0.101448  3.82603e-16
  4     0.78362    0.115302  3.73771e-16
  5    0.923297    0.110457  3.88702e-16
 13     2.65246    0.237728         NaN
 14     2.65246    0.237728         NaN
 15     2.86818    0.130031  3.91222e-16
 16     2.97306   0.0724816  3.95946e-16
 17     3.07146   0.0593627  3.76346e-16
 18        3.11   0.0226995  3.86399e-16
Warn: Suppressed imaginary part.

#--- 19 ---#
idcs      evals   residnorms   |P(X)|
  1    0.526649   0.0425406  3.91137e-16
  2    0.562257   0.0549829  3.79682e-16
  3    0.651943   0.0932994  3.74793e-16
  4    0.764111     0.11654  3.65474e-16
  5    0.891435    0.146732  3.83114e-16
 14     2.64176   0.0870928  3.88739e-16
 15     2.72536      0.1487  4.02217e-16
 16     2.88666    0.085927  3.92592e-16
 17     2.98107   0.0473015  3.96994e-16
 18     3.07662   0.0351346  3.8038e-16
 19     3.11166   0.0141646  3.89401e-16

#--- 20 ---#
idcs      evals   residnorms   |P(X)|
  1    0.523994   0.0406327  3.8187e-16
  2    0.558521   0.0474249  3.8171e-16
  3    0.641093   0.0900987  3.79872e-16
  4    0.747065    0.122893  3.72669e-16
  5    0.857562     0.16422  3.82692e-16
 15     2.63436    0.086455  3.88867e-16
 16     2.75008    0.138922  3.97027e-16
 17     2.89397   0.0770333  3.94869e-16
 18      2.9853    0.040017  3.96739e-16
 19     3.07743   0.0262383  3.82003e-16
 20     3.11344   0.0104365  3.8099e-16

#--- 21 ---#
idcs      evals   residnorms   |P(X)|
  1    0.522315    0.031984  3.84654e-16
  2    0.554723   0.0349119  3.86985e-16
  3     0.63096   0.0732189  3.74981e-16
  4    0.725845    0.103963  3.71965e-16
  5    0.826524    0.125551  3.78948e-16
 16     2.67917    0.253039  4.02236e-16
 17     2.81386    0.262452  3.92264e-16
 18     2.91654    0.166386  3.96418e-16
 19     2.98758   0.0740309  3.93104e-16
 20     3.07791   0.0321652  3.87824e-16
 21     3.11421   0.0116696  3.87219e-16

#--- 22 ---#
idcs      evals   residnorms   |P(X)|
  1    0.521201   0.0317668  3.84683e-16
  2     0.55133   0.0340588  3.88985e-16
  3    0.620545   0.0781361  3.83287e-16
  4    0.706563    0.116087  3.71708e-16
  5    0.799323    0.131817  3.74422e-16
 17     2.70961   0.0805931  3.99758e-16
 18     2.86498   0.0775451  3.93837e-16
 19     2.96024   0.0951064  3.94194e-16
 20     3.00578   0.0924566  3.91283e-16
 21      3.0781   0.0258552  3.89971e-16
 22     3.11516  0.00796812  3.80882e-16

#--- 23 ---#
idcs      evals   residnorms   |P(X)|
  1    0.519907    0.031236  3.83044e-16
  2    0.549424   0.0344132  3.85936e-16
  3    0.609998   0.0838784  3.85195e-16
  4    0.689121     0.11964  3.77101e-16
  5    0.775878    0.127751  3.75286e-16
 18     2.71284   0.0641328  4.02066e-16
 19     2.87212   0.0476995  3.88032e-16
 20     2.96645   0.0484837  3.96159e-16
 21     3.02149   0.0682327  3.96228e-16
 22     3.07862   0.0207013  3.8879e-16
 23     3.11538   0.0057219  3.85479e-16

#--- 24 ---#
idcs      evals   residnorms   |P(X)|
  1    0.518395   0.0257847  3.80121e-16
  2    0.548427   0.0304374  3.8773e-16
  3    0.598438   0.0747778  3.85116e-16
  4    0.672674   0.0929776  3.72574e-16
  5    0.756985   0.0965308  3.78908e-16
 19     2.73645    0.153728  3.99755e-16
 20      2.8781   0.0688697  3.91234e-16
 21      2.9728   0.0559724  3.92873e-16
 22     3.02535   0.0832532  3.95205e-16
 23     3.08081   0.0230514  3.9358e-16
 24     3.11431  0.00591918  3.83785e-16

#--- 25 ---#
idcs      evals   residnorms   |P(X)|
  1    0.516628   0.0242178  3.80725e-16
  2    0.547639   0.0312863  3.92389e-16
  3    0.587629   0.0739749  3.80659e-16
  4     0.65958   0.0829619  3.79946e-16
  5    0.741459   0.0923406  3.66491e-16
 20     2.81528    0.172225  3.95882e-16
 21     2.89409   0.0973533  3.9161e-16
 22     2.97751   0.0509014  3.98623e-16
 23     3.03461    0.074219  3.94517e-16
 24     3.08206   0.0211102  3.87135e-16
 25     3.11415  0.00476737  3.88492e-16

#--- 26 ---#
idcs      evals   residnorms   |P(X)|
  1    0.515732   0.0232245  3.85138e-16
  2     0.54604   0.0335836  3.90717e-16
  3    0.578323   0.0702899  3.87371e-16
  4    0.648235    0.076082  3.77125e-16
  5    0.727364   0.0963569  3.73768e-16
 21     2.84345   0.0892711  3.9366e-16
 22     2.90739    0.083804  3.95253e-16
 23     2.97931   0.0352417  3.94004e-16
 24     3.04214   0.0493221  3.99667e-16
 25     3.08163   0.0149282  3.8877e-16
 26     3.11456  0.00292981  3.87099e-16

#--- 27 ---#
idcs      evals   residnorms   |P(X)|
  1    0.515346   0.0225077  3.84662e-16
  2    0.544072    0.036261  3.94865e-16
  3     0.57119   0.0636948  3.85894e-16
  4    0.640056   0.0715729  3.72636e-16
  5    0.713923   0.0999243  3.76128e-16
 22     2.85709   0.0842002  3.91152e-16
 23     2.91488   0.0962713  3.93021e-16
 24     2.98268   0.0368429  3.89007e-16
 25     3.04375   0.0465331  3.97684e-16
 26     3.08139   0.0132857  3.8761e-16
 27     3.11461  0.00238569  3.90077e-16

#--- 28 ---#
idcs      evals   residnorms   |P(X)|
  1    0.514703   0.0218103  3.80094e-16
  2    0.540722   0.0370165  3.87489e-16
  3    0.565632   0.0524072  3.80042e-16
  4     0.63097   0.0679119  3.78796e-16
  5    0.698197   0.0976653  3.71248e-16
 23     2.87576   0.0917439  3.8979e-16
 24     2.94137    0.132916  3.98241e-16
 25     2.98762   0.0645437  3.90507e-16
 26     3.04884   0.0575406  4.01276e-16
 27     3.08173   0.0160567  3.98366e-16
 28     3.11476  0.00242225  3.83881e-16

#--- 29 ---#
idcs      evals   residnorms   |P(X)|
  1    0.513876   0.0208235  3.87353e-16
  2    0.538021   0.0363961  3.83062e-16
  3    0.562109   0.0447449  3.8245e-16
  4    0.621154   0.0670851  3.81498e-16
  5    0.683557   0.0886896  3.73096e-16
 24     2.88422   0.0553463  3.88051e-16
 25     2.96752   0.0735297  3.9613e-16
 26     2.99415   0.0756954  3.88365e-16
 27     3.05625   0.0454621  3.93704e-16
 28     3.08281   0.0143388  3.97153e-16
 29      3.1148  0.00176385  3.78809e-16

#--- 30 ---#
idcs      evals   residnorms   |P(X)|
  1    0.512808    0.019863  3.80914e-16
  2    0.536441   0.0357389  3.94356e-16
  3     0.55935   0.0407156  3.84541e-16
  4    0.613015   0.0664445  3.78115e-16
  5    0.673754     0.08194  3.6805e-16
 25     2.88625   0.0460162  3.94567e-16
 26     2.97016   0.0435329  3.97293e-16
 27     3.00187   0.0575421  3.92456e-16
 28     3.05736   0.0352707  4.01197e-16
 29     3.08301   0.0106819  3.88759e-16
 30     3.11464  0.00120025  3.81951e-16

#--- 31 ---#
idcs      evals   residnorms   |P(X)|
  1    0.512357   0.0143766  3.787e-16
  2    0.535222   0.0267406  3.84108e-16
  3    0.557647   0.0293829  3.83558e-16
  4    0.606735   0.0516624  3.82516e-16
  5    0.666592   0.0621243  3.73257e-16
 26      2.8894    0.072423  3.94676e-16
 27     2.97258   0.0413898  3.98885e-16
 28     3.01028   0.0661028  3.97576e-16
 29     3.05808   0.0407328  3.94467e-16
 30     3.08223   0.0111075  3.88073e-16
 31     3.11469  0.00108453  3.83742e-16

#--- 32 ---#
idcs      evals   residnorms   |P(X)|
  1    0.512037   0.0110936  3.79571e-16
  2    0.534353   0.0213209  3.92315e-16
  3    0.556501   0.0232659  3.85713e-16
  4    0.602878   0.0450558  3.87998e-16
  5    0.660527   0.0558835  3.75477e-16
 27     2.90274   0.0965883  3.95132e-16
 28     2.97513   0.0341084  3.96833e-16
 29      3.0185   0.0579191  3.9477e-16
 30     3.06013   0.0362465  3.98852e-16
 31     3.08261  0.00963311  3.87376e-16
 32     3.11469  0.00080832  3.78902e-16

#--- 33 ---#
idcs      evals   residnorms   |P(X)|
  1    0.511743   0.0105181  3.8809e-16
  2    0.533584   0.0211195  3.9251e-16
  3    0.555478   0.0234542  3.81847e-16
  4    0.598835   0.0505611  3.86012e-16
  5    0.653947   0.0667138  3.68036e-16
 28     2.91543   0.0734239  3.91842e-16
 29     2.97616   0.0235954  3.95222e-16
 30     3.02241   0.0375395  3.92396e-16
 31      3.0618      0.0236  3.96742e-16
 32     3.08342  0.00646092  3.83878e-16
 33      3.1146  0.000494294  3.80337e-16

#--- 34 ---#
idcs      evals   residnorms   |P(X)|
  1     0.51162  0.00794899  3.84332e-16
  2    0.533445   0.0171419  3.8285e-16
  3    0.554563   0.0198553  3.81174e-16
  4     0.59545   0.0462114  3.86403e-16
  5    0.647319   0.0643362  3.73492e-16
 29     2.92279   0.0861373  3.93806e-16
 30     2.97765    0.026641  3.93847e-16
 31      3.0231   0.0375026  3.91122e-16
 32     3.06326   0.0221366  3.95796e-16
 33     3.08367  0.00625508  3.85595e-16
 34     3.11457  0.000434776  3.79921e-16

 ──────────────────────────────────────────────────────────────────────────────
                                       Time                   Allocations      
                               ──────────────────────   ───────────────────────
       Tot / % measured:           245661s / 100%          287118GiB / 100%    

 Section               ncalls     time   %tot     avg     alloc   %tot      avg
 ──────────────────────────────────────────────────────────────────────────────
 apply_χ0                  34   245464s   100%   7220s   287009GiB100%   8441GiB
   Hamiltonian mult...   724k   39253s  16.0%  54.2ms   3481GiB  1.21%  4.92MiB
 mixing Hybrid             34    66.5s  0.03%   1.96s   64.4GiB  0.02%  1.89GiB
 PlaneWaveBasis             1    17.0s  0.01%   17.0s   8.77GiB  0.00%  8.77GiB
   Instantiation At...      1    12.0s  0.00%   12.0s   7.18GiB  0.00%  7.18GiB
   Instantiation Ewald      1    3.26s  0.00%   3.26s   1.42GiB  0.00%  1.42GiB
   Instantiation At...      1    1.38s  0.00%   1.38s   42.7MiB  0.00%  42.7MiB
   build_kpoints            1    116ms  0.00%   116ms   85.2MiB  0.00%  85.2MiB
   Instantiation Ha...      1   4.78ms  0.00%  4.78ms   8.55MiB  0.00%  8.55MiB
   Instantiation Ki...      1   3.88ms  0.00%  3.88ms   4.19MiB  0.00%  4.19MiB
   Instantiation Ps...      1    162μs  0.00%   162μs   3.84KiB  0.00%  3.84KiB
   Instantiation Xc         1   3.36μs  0.00%  3.36μs     32.0B  0.00%    32.0B
 spglib_get_symmetry        1   3.44ms  0.00%  3.44ms    128KiB  0.00%   128KiB
 ──────────────────────────────────────────────────────────────────────────────
