#
#-- optimal_damping GaAsSiO2H n_repeat=10 -- mixing=HybridMixing(1.0, 1, 1.0, identity, true, false)
#

Starting Arnoldi (now = 2020-07-28T15:49:43.756 ...

#--- 1 ---#
idcs      evals   residnorms   |P(X)|
  1    0.999342   0.0947216  3.86726e-16

#--- 2 ---#
idcs      evals   residnorms   |P(X)|
  1    0.999046   0.0401298  3.87568e-16
  2     10.7246     4.12041  3.7058e-16

#--- 3 ---#
idcs      evals   residnorms   |P(X)|
  1    0.998578   0.0239795  3.87175e-16
  2     2.74501     1.13281  3.69791e-16
  3     12.6166    0.571917  3.58708e-16

#--- 4 ---#
idcs      evals   residnorms   |P(X)|
  1    0.998379   0.0253029  3.86148e-16
  2     2.18832     1.36327  3.77513e-16
  3     4.48373     2.24674  3.62552e-16
  4     12.6971    0.167523  3.65993e-16

#--- 5 ---#
idcs      evals   residnorms   |P(X)|
  1    0.998301   0.0247359  3.86617e-16
  2     1.77573     1.13338  3.74859e-16
  3     3.52743     1.43589  3.62585e-16
  4      8.7178     3.12695  3.62608e-16
  5     12.7028    0.129874  3.74047e-16

#--- 6 ---#
idcs      evals   residnorms   |P(X)|
  1    0.998164   0.0211015  3.87866e-16
  2     1.57562    0.852944  3.76546e-16
  3     3.08077     1.13667  3.64571e-16
  4     5.93709     2.27652  3.48447e-16
  5     11.6247      2.4703  3.63827e-16
  6      12.715    0.235308  3.64823e-16

#--- 7 ---#
idcs      evals   residnorms   |P(X)|
  1    0.998042   0.0150939  3.86225e-16
  2     1.36058    0.462582  3.7347e-16
  3     2.58222    0.696722  3.7179e-16
  4     4.12898    0.852609  3.60117e-16
  5     7.89237    0.995427  3.49115e-16
  6     12.5887    0.509572  3.65682e-16
  7     12.7878    0.428714  3.73283e-16

#--- 8 ---#
idcs      evals   residnorms   |P(X)|
  1     0.99787   0.0201956  3.87245e-16
  2      1.1998    0.424146  3.76366e-16
  3      2.1376    0.806583  3.74903e-16
  4     3.11507    0.812256  3.63804e-16
  5      4.6112    0.661244  3.46799e-16
  6     8.09799     0.28159  3.58757e-16
  7     12.6317    0.067775  3.57642e-16
  8     12.8097   0.0787556  3.69258e-16

#--- 9 ---#
idcs      evals   residnorms   |P(X)|
  1     0.99763   0.0224966  3.85623e-16
  2     1.12203    0.323956  3.74744e-16
  3     1.85753    0.586825  3.76696e-16
  4      2.8394    0.594312  3.67619e-16
  5     4.18243    0.873457  3.59125e-16
  6      5.3435     1.22387  3.56478e-16
  7      8.1161    0.140052  3.49449e-16
  8     12.6382   0.0143932  3.6397e-16
  9     12.8097   0.0169246  3.63688e-16

#--- 10 ---#
idcs      evals   residnorms   |P(X)|
  1    0.997239   0.0298757  3.86197e-16
  2     1.05653     0.22185  3.7706e-16
  3     1.65288    0.419871  3.75747e-16
  4     2.50659    0.583369  3.7224e-16
  5     3.24808    0.600098  3.65344e-16
  6     4.52889    0.376335  3.63206e-16
  7     6.16668    0.631169  3.64517e-16
  8     8.12209   0.0473374  3.5781e-16
  9     12.6389  0.00199008  3.52082e-16
 10     12.8101   0.0023044  3.68671e-16

#--- 11 ---#
idcs      evals   residnorms   |P(X)|
  1    0.996259   0.0402593  3.84652e-16
  2     1.02615    0.152576  3.77912e-16
  3     1.49528    0.330015  3.72377e-16
  4     2.15472    0.483208  3.74379e-16
  5     2.87611     0.43268  3.61438e-16
  6     3.70628    0.535813  3.63754e-16
  7     4.63697     0.23131  3.42869e-16
  8     6.32238    0.194093  3.62687e-16
  9     8.12399  0.00952646  3.47442e-16
 10     12.6389  0.000197457  3.66414e-16
 11     12.8101  0.000224521  3.56539e-16

#--- 12 ---#
idcs      evals   residnorms   |P(X)|
  1    0.993735   0.0686758  3.81669e-16
  2     1.00926    0.112035  3.7957e-16
  3     1.38364    0.318715  3.72478e-16
  4     1.86528    0.436722  3.75293e-16
  5     2.61625    0.536209  3.73035e-16
  7     3.97261    0.364393  3.60367e-16
  8     4.66339    0.131962  3.42467e-16
  9      6.3302   0.0502814  3.65698e-16
 10     8.12393  0.00160351  3.48849e-16
 11     12.6389  1.78298e-05  3.67809e-16
 12     12.8101  1.9927e-05  3.6917e-16

#--- 13 ---#
idcs      evals   residnorms   |P(X)|
  1    0.987048   0.0967596  3.76974e-16
  2     1.00219   0.0658942  3.85326e-16
  3     1.28962    0.307707  3.75014e-16
  4     1.69106    0.389019  3.76674e-16
  5     2.29821    0.498193  3.7359e-16
  8     4.12392     0.33581  3.54084e-16
  9     4.67568   0.0918641  3.51729e-16
 10        6.33   0.0149446  3.69023e-16
 11     8.12391  0.000304955  3.50738e-16
 12     12.6389  1.80474e-06  3.55621e-16
 13     12.8101  1.98213e-06  3.70919e-16

#--- 14 ---#
idcs      evals   residnorms   |P(X)|
  1    0.979906   0.0655255  3.75904e-16
  2     1.00032   0.0277097  3.87666e-16
  3     1.25415    0.210343  3.73398e-16
  4     1.58243    0.262993  3.72307e-16
  5     2.13664    0.355932  3.79821e-16
  9     4.36379    0.556533  3.58143e-16
 10     4.68637    0.136017  3.52681e-16
 11     6.33029    0.005692  3.53534e-16
 12     8.12393  6.8022e-05  3.56384e-16
 13     12.6389  2.00642e-07  3.66456e-16
 14     12.8101  2.16286e-07  3.65006e-16

#--- 15 ---#
idcs      evals   residnorms   |P(X)|
  1    0.976783   0.0569038  3.75853e-16
  2    0.999913   0.0212869  3.86731e-16
  3     1.21023    0.196709  3.77323e-16
  4     1.52122    0.287042  3.70435e-16
  5     1.93513    0.453278  3.78296e-16
 10     4.59309    0.364946  3.49071e-16
 11     4.72152    0.262637  3.64326e-16
 12     6.33023   0.0019678  3.59739e-16
 13     8.12393  1.42823e-05  3.5554e-16
 14     12.6389  2.18376e-08  3.61185e-16
 15     12.8101  2.31233e-08  3.62605e-16

#--- 16 ---#
idcs      evals   residnorms   |P(X)|
  1    0.973429   0.0441814  3.76812e-16
  2    0.999543   0.0150022  3.88019e-16
  3     1.17465     0.17761  3.80026e-16
  4     1.42479    0.277473  3.68587e-16
  5     1.72748    0.304513  3.78928e-16
 11     4.64934     0.12437  3.55099e-16
 12     4.78815    0.204412  4.02881e-16
 13     6.33023  0.000513546  3.837e-16
 14     8.12393  2.31193e-06  3.80834e-16
 15     12.6389  1.8517e-09  3.75209e-16
 16     12.8101  1.92631e-09  3.66473e-16

#--- 17 ---#
idcs      evals   residnorms   |P(X)|
  1    0.971418   0.0356648  3.74865e-16
  2     0.99933   0.0118384  3.87205e-16
  3      1.1495    0.168127  3.77882e-16
  4     1.34454    0.241686  3.67309e-16
  5     1.63763    0.231254  3.77397e-16
 12     4.65284   0.0522533  3.4744e-16
 13     4.81673    0.094792  3.59639e-16
 14     6.33023  0.000123665  3.6528e-16
 15     8.12393  3.61726e-07  3.61613e-16
 16     12.6389  1.56255e-10  3.58291e-16
 17     12.8101  1.59779e-10  3.71965e-16

#--- 18 ---#
idcs      evals   residnorms   |P(X)|
  1    0.969837   0.0311126  3.77037e-16
  2    0.999169   0.0106646  3.86623e-16
  3     1.11471    0.157892  3.76152e-16
  4     1.28505    0.201786  3.71937e-16
  5     1.55867    0.223454  3.69374e-16
 13     4.65472   0.0217478  3.51224e-16
 14     4.82298   0.0369045  3.71224e-16
 15     6.33023  2.54839e-05  3.50386e-16
 16     8.12393  4.90516e-08  3.53151e-16
 17     12.6389  1.15258e-11  3.57384e-16
 18     12.8101  1.15867e-11  3.65388e-16

#--- 19 ---#
idcs      evals   residnorms   |P(X)|
  1    0.968698   0.0370625  3.75959e-16
  2    0.999037   0.0138382  3.87098e-16
  3     1.08038    0.178252  3.73869e-16
  4      1.2504     0.20993  3.77717e-16
  5     1.49234    0.286347  3.66865e-16
 14     4.65495   0.0118065  3.59626e-16
 15     4.82335    0.018119  3.69065e-16
 16     6.33023  6.94349e-06  3.52515e-16
 17     8.12393  8.90575e-09  3.5094e-16
 18     12.6389  1.14746e-12  3.56005e-16
 19     12.8101  1.13419e-12  3.74716e-16

#--- 20 ---#
idcs      evals   residnorms   |P(X)|
  1    0.967045   0.0401276  3.72485e-16
  2    0.998806   0.0178207  3.87201e-16
  3     1.04708    0.164473  3.76331e-16
  4     1.20985    0.176828  3.80248e-16
  5     1.40711    0.237248  3.6589e-16
 15     4.65536  0.00890267  3.44025e-16
 16     4.82343   0.0115068  3.55494e-16
 17     6.33023  1.96656e-06  3.68945e-16
 18     8.12393  1.57338e-09  3.61798e-16
 19     12.6389  1.06269e-13  3.63703e-16
 20     12.8101  1.02883e-13  3.60949e-16

#--- 21 ---#
idcs      evals   residnorms   |P(X)|
  1    0.965923   0.0415653  3.72059e-16
  2    0.998427   0.0248895  3.87126e-16
  3     1.02452    0.132631  3.77021e-16
  4     1.18691    0.138326  3.79017e-16
  5     1.36469    0.181796  3.6661e-16
 16     4.65544  0.00924242  3.40394e-16
 17     4.82365  0.00944445  3.57027e-16
 18     6.33023  6.71092e-07  3.55375e-16
 19     8.12393  3.33899e-10  3.63499e-16
 20     12.6389  1.79445e-14  3.60446e-16
 21     12.8101  2.75932e-14  3.65104e-16

#--- 22 ---#
idcs      evals   residnorms   |P(X)|
  1    0.963635   0.0444085  3.71291e-16
  2    0.997447   0.0417707  3.85201e-16
  3     1.01037     0.10597  3.78726e-16
  4     1.16312     0.12576  3.77237e-16
  5     1.33197    0.176255  3.68055e-16
 17     4.65514   0.0148687  3.55058e-16
 18     4.82404  0.00878836  3.6373e-16
 19     6.33023  2.0477e-07  3.64954e-16
 20     8.12393  6.22868e-11  3.48365e-16
 21     12.6389  2.55473e-14  3.66371e-16
 22     12.8101  2.84595e-14  3.64949e-16

#--- 23 ---#
idcs      evals   residnorms   |P(X)|
  1     0.96202   0.0398571  3.72799e-16
  2    0.994249   0.0614808  3.81829e-16
  3     1.00261    0.054495  3.84111e-16
  4     1.15172     0.10776  3.78312e-16
  5     1.29246    0.154758  3.71812e-16
 18      4.6561   0.0231015  3.65078e-16
 19     4.82386  0.00556656  3.60813e-16
 20     6.33023  4.97311e-08  3.50877e-16
 21     8.12393  9.64578e-12  3.54799e-16
 22     12.6389  2.81273e-14  3.71356e-16
 23     12.8101  2.60636e-14  3.77465e-16

#--- 24 ---#
idcs      evals   residnorms   |P(X)|
  1    0.960395   0.0465827  3.72076e-16
  2    0.989671   0.0726211  3.80537e-16
  3     1.00079   0.0349267  3.87946e-16
  4     1.13637    0.139892  3.73299e-16
  5     1.25257    0.194357  3.73666e-16
 19     4.65677   0.0200716  3.52484e-16
 20     4.82388  0.00270196  3.76188e-16
 21     6.33023  1.22608e-08  3.64198e-16
 22     8.12393  1.5781e-12  3.44628e-16
 23     12.6389  1.27628e-14  3.66848e-16
 24     12.8101  1.16011e-14  3.61021e-16

#--- 25 ---#
idcs      evals   residnorms   |P(X)|
  1    0.958929   0.0376513  3.70199e-16
  2    0.986314   0.0538974  3.80824e-16
  3     1.00026   0.0198689  3.87442e-16
  4     1.12357    0.121116  3.73097e-16
  5     1.22687    0.153344  3.75965e-16
 20     4.65717   0.0313735  3.63788e-16
 21     4.82386  0.00259545  3.59324e-16
 22     6.33023  4.72429e-09  3.639e-16
 23     8.12393  3.67652e-13  3.61474e-16
 24     12.6389  2.26629e-14  3.60054e-16
 25     12.8101  2.42212e-14  3.55784e-16

#--- 26 ---#
idcs      evals   residnorms   |P(X)|
  1    0.957208   0.0360755  3.73158e-16
  2    0.982743   0.0471028  3.79865e-16
  3    0.999913   0.0146587  3.87832e-16
  4     1.09753    0.121879  3.76517e-16
  5     1.19789    0.123553  3.74563e-16
 21      4.6577   0.0679609  3.54861e-16
 22     4.82387  0.00171847  3.69855e-16
 23     6.33023  1.05382e-09  3.65727e-16
 24     8.12393  5.16828e-14  3.5694e-16
 25     12.6389  2.55305e-14  3.68123e-16
 26     12.8101  2.50324e-14  3.58677e-16

#--- 27 ---#
idcs      evals   residnorms   |P(X)|
  1     0.95608     0.03347  3.70163e-16
  2    0.980953   0.0418393  3.79247e-16
  3    0.999746    0.012509  3.86717e-16
  4     1.08597    0.126134  3.75559e-16
  5      1.1786    0.119618  3.76658e-16
 22     4.66335   0.0557911  3.67582e-16
 23     4.82388  0.000879548  3.91929e-16
 24     6.33023  2.64309e-10  3.44494e-16
 25     8.12393  1.18297e-14  3.61771e-16
 26     12.6389  3.56009e-14  3.72601e-16
 27     12.8101  3.5974e-14  3.684e-16

#--- 28 ---#
idcs      evals   residnorms   |P(X)|
  1    0.955185   0.0301301  3.73683e-16
  2    0.979292   0.0364735  3.77419e-16
  3    0.999612   0.0107355  3.87488e-16
  4     1.07439    0.120472  3.75285e-16
  5     1.16554    0.114822  3.80744e-16
 23     4.66728   0.0397409  3.5869e-16
 24     4.82389  0.000546406  3.83703e-16
 25     6.33023  7.77792e-11  3.55895e-16
 26     8.12393  5.14692e-15  3.61551e-16
 27     12.6389  2.04336e-14  3.75339e-16
 28     12.8101  1.76664e-14  3.61806e-16

#--- 29 ---#
idcs      evals   residnorms   |P(X)|
  1    0.954139    0.024986  3.70334e-16
  2    0.977803   0.0299954  3.78415e-16
  3    0.999489  0.00925761  3.88299e-16
  4     1.05581   0.0966259  3.73786e-16
  5     1.15886   0.0972814  3.77804e-16
 24     4.66904   0.0277679  3.58413e-16
 25     4.82389  0.000295442  3.61257e-16
 26     6.33023  1.83664e-11  3.52499e-16
 27     8.12393  1.83309e-14  3.58699e-16
 28     12.6389  2.41542e-14  3.65045e-16
 29     12.8101  2.18801e-14  3.62983e-16

#--- 30 ---#
idcs      evals   residnorms   |P(X)|
  1    0.953367   0.0307761  3.71689e-16
  2    0.976736   0.0377243  3.75111e-16
  3     0.99937   0.0126763  3.86516e-16
  4     1.04439    0.128721  3.75556e-16
  5     1.14037    0.138708  3.76629e-16
 25     4.67005   0.0141534  3.51776e-16
 26     4.82388  0.000134018  3.8687e-16
 27     6.33023  4.51708e-12  3.56844e-16
 28     8.12393  3.31654e-14  3.521e-16
 29     12.6389  9.79752e-15  3.65563e-16
 30     12.8101  9.86202e-15  3.68268e-16

#--- 31 ---#
idcs      evals   residnorms   |P(X)|
  1    0.953055   0.0283538  3.68755e-16
  2    0.975809   0.0366382  3.76325e-16
  3    0.999252   0.0141146  3.87221e-16
  4     1.03165    0.116628  3.76145e-16
  5     1.12502    0.126118  3.73593e-16
 26     4.67021   0.0172166  3.50672e-16
 27     4.82388  0.000133283  3.60902e-16
 28     6.33023  1.7923e-12  3.65654e-16
 29     8.12393  8.53194e-15  3.48074e-16
 30     12.6389  1.01745e-14  3.66711e-16
 31     12.8101  1.56026e-14  3.64538e-16

 ──────────────────────────────────────────────────────────────────────────────
                                       Time                   Allocations      
                               ──────────────────────   ───────────────────────
       Tot / % measured:           230854s / 100%          261031GiB / 100%    

 Section               ncalls     time   %tot     avg     alloc   %tot      avg
 ──────────────────────────────────────────────────────────────────────────────
 apply_χ0                  31   230719s   100%   7443s   260987GiB100%   8419GiB
   Hamiltonian mult...   609k   32489s  14.1%  53.3ms   2929GiB  1.12%  4.92MiB
 PlaneWaveBasis             1    14.4s  0.01%   14.4s   8.77GiB  0.00%  8.77GiB
   Instantiation At...      1    10.0s  0.00%   10.0s   7.18GiB  0.00%  7.18GiB
   Instantiation Ewald      1    2.95s  0.00%   2.95s   1.42GiB  0.00%  1.42GiB
   Instantiation At...      1    1.24s  0.00%   1.24s   42.7MiB  0.00%  42.7MiB
   build_kpoints            1   98.0ms  0.00%  98.0ms   85.2MiB  0.00%  85.2MiB
   Instantiation Ha...      1   4.35ms  0.00%  4.35ms   8.55MiB  0.00%  8.55MiB
   Instantiation Ki...      1   3.52ms  0.00%  3.52ms   4.19MiB  0.00%  4.19MiB
   Instantiation Ps...      1    115μs  0.00%   115μs   3.84KiB  0.00%  3.84KiB
   Instantiation Xc         1   2.68μs  0.00%  2.68μs     32.0B  0.00%    32.0B
 mixing Hybrid             31    4.70s  0.00%   152ms   3.81GiB  0.00%   126MiB
 spglib_get_symmetry        1   3.05ms  0.00%  3.05ms    128KiB  0.00%   128KiB
 ──────────────────────────────────────────────────────────────────────────────
