#
#-- SCF GaAsSiO2H n_repeat=10 -- mixing=KerkerMixing(0.976, 1.0)
#

hostname       = clustern14

started on     = 2020-07-29T09:35:30.31
julia threads  = 4
BLAS threads   = 4

temperature    = 0.0
smearing       = DFTK.Smearing.None()
diag(lattice)  = [15.11, 10.68, 66.32]
Ecut           = 20
fft_size       = (48, 36, 216)
kgrid          = [3, 4, 1]
irreducible k  = 12
n_bands        = 219
n_electr       = 408
mixing         = KerkerMixing(0.976, 1.0)
n     Energy            Eₙ-Eₙ₋₁     ρout-ρin   Diag
---   ---------------   ---------   --------   ----
  1   -694.9198838151         NaN   2.24e+00    22.6 
  2   -695.4172609128   -4.97e-01   8.47e-01    18.2 
  3   -695.7782476795   -3.61e-01   4.60e-01    13.1 
  4   -695.9295863980   -1.51e-01   3.94e-02    11.8 
  5   -695.9321313032   -2.54e-03   2.70e-02    11.0 
  6   -695.9332024104   -1.07e-03   8.54e-03    9.7 
  7   -695.9340672672   -8.65e-04   4.73e-03    10.0 
  8   -695.9347768688   -7.10e-04   3.71e-03    12.8 
  9   -695.9352399904   -4.63e-04   3.04e-03    11.9 
 10   -695.9358328111   -5.93e-04   2.60e-03    14.4 
 11   -695.9363113719   -4.79e-04   2.26e-03    13.8 
 12   -695.9367147232   -4.03e-04   2.01e-03    14.2 
 13   -695.9371140336   -3.99e-04   1.77e-03    14.2 
 14   -695.9374701706   -3.56e-04   1.54e-03    13.1 
 15   -695.9377265613   -2.56e-04   1.36e-03    13.1 
 16   -695.9380536454   -3.27e-04   1.06e-03    14.1 
 17   -695.9382943085   -2.41e-04   7.48e-04    15.0 
 18   -695.9384488234   -1.55e-04   4.30e-04    15.5 
 19   -695.9384966053   -4.78e-05   2.37e-04    15.3 
 20   -695.9385103703   -1.38e-05   1.18e-04    16.1 
 21   -695.9385120947   -1.72e-06   8.80e-05    13.2 
 22   -695.9385131123   -1.02e-06   6.72e-05    14.3 
 23   -695.9385136733   -5.61e-07   5.13e-05    14.9 
 24   -695.9385141377   -4.64e-07   3.78e-05    14.8 
 25   -695.9385144321   -2.94e-07   2.74e-05    15.1 
 26   -695.9385146479   -2.16e-07   1.74e-05    15.7 
 27   -695.9385147269   -7.90e-08   1.27e-05    18.2 
 28   -695.9385147814   -5.45e-08   7.77e-06    16.7 
 29   -695.9385148041   -2.27e-08   4.20e-06    15.5 
 30   -695.9385148103   -6.23e-09   2.27e-06    15.9 
 31   -695.9385148112   -9.17e-10   1.71e-06    15.5 
 32   -695.9385148119   -7.05e-10   1.26e-06    17.3 
 33   -695.9385148123   -3.81e-10   8.96e-07    15.8 
 34   -695.9385148126   -2.60e-10   5.38e-07    15.3 
 35   -695.9385148127   -6.68e-11   3.51e-07    14.6 
 36   -695.9385148127   -3.58e-11   1.99e-07    15.6 
 37   -695.9385148127   -1.69e-11   1.04e-07    15.8 
 38   -695.9385148127    9.66e-12   6.66e-08    14.3 
Energy breakdown:
    Kinetic             412.6133267
    AtomicLocal         -4129.0890655
    AtomicNonlocal      76.9303116
    Ewald               1203.6455645
    PspCorrection       9.1078273 
    Hartree             1905.3554836
    Xc                  -174.5019630

    total               -695.938514812694

 ──────────────────────────────────────────────────────────────────────────────
                                       Time                   Allocations      
                               ──────────────────────   ───────────────────────
       Tot / % measured:           42954s / 100%            6735GiB / 100%     

 Section               ncalls     time   %tot     avg     alloc   %tot      avg
 ──────────────────────────────────────────────────────────────────────────────
 self_consistent_field      1   42938s   100%  42938s   6726GiB  100%   6726GiB
   LOBPCG                 456   38202s  88.9%   83.8s   5965GiB  88.6%  13.1GiB
     block multipli...  38.4k   10983s  25.6%   286ms   1640GiB  24.4%  43.8MiB
     Hamiltonian mu...  7.15k   10462s  24.4%   1.46s    862GiB  12.8%   123MiB
     rayleigh_ritz      6.70k    4469s  10.4%   667ms   43.3GiB  0.64%  6.62MiB
     ortho              29.8k    3905s  9.09%   131ms   1078GiB  16.0%  37.0MiB
   energy_hamiltonian      77    4099s  9.54%   53.2s    177GiB  2.62%  2.30GiB
   compute_density         38     424s  0.99%   11.1s    572GiB  8.50%  15.1GiB
   QR orthonormaliz...    456    38.1s  0.09%  83.6ms   8.96GiB  0.13%  20.1MiB
   mixing Kerker           38    265ms  0.00%  6.98ms    433MiB  0.01%  11.4MiB
 PlaneWaveBasis             1    13.4s  0.03%   13.4s   8.77GiB  0.13%  8.77GiB
   Instantiation At...      1    8.56s  0.02%   8.56s   7.18GiB  0.11%  7.18GiB
   Instantiation Ewald      1    3.31s  0.01%   3.31s   1.42GiB  0.02%  1.42GiB
   Instantiation At...      1    1.36s  0.00%   1.36s   42.7MiB  0.00%  42.7MiB
   build_kpoints            1    145ms  0.00%   145ms   85.2MiB  0.00%  85.2MiB
   Instantiation Ha...      1   6.23ms  0.00%  6.23ms   8.55MiB  0.00%  8.55MiB
   Instantiation Ki...      1   4.56ms  0.00%  4.56ms   4.19MiB  0.00%  4.19MiB
   Instantiation Ps...      1    156μs  0.00%   156μs   3.84KiB  0.00%  3.84KiB
   Instantiation Xc         1   4.42μs  0.00%  4.42μs     32.0B  0.00%    32.0B
 guess_density              1    1.09s  0.00%   1.09s   71.2MiB  0.00%  71.2MiB
 spglib_get_symmetry        1   3.32ms  0.00%  3.32ms    128KiB  0.00%   128KiB
 ──────────────────────────────────────────────────────────────────────────────
