#
#-- SCF GaAsSiO2H n_repeat=10 -- mixing=SimpleMixing(0.145)
#

hostname       = clustern09

started on     = 2020-07-31T21:33:21.79
julia threads  = 4
BLAS threads   = 8

temperature    = 0.0
smearing       = DFTK.Smearing.None()
diag(lattice)  = [15.11, 10.68, 66.32]
Ecut           = 20
fft_size       = (48, 36, 216)
kgrid          = [3, 4, 1]
irreducible k  = 12
n_bands        = 219
n_electr       = 408
mixing         = SimpleMixing(0.145)
n     Energy            Eₙ-Eₙ₋₁     ρout-ρin   Diag
---   ---------------   ---------   --------   ----
  1   -694.9198815622         NaN   2.24e+00    22.2 
  2   -695.5008057283   -5.81e-01   1.85e+00    17.2 
  3   -695.6843756799   -1.84e-01   7.30e-01    20.8 
  4   -648.6797614337    4.70e+01   4.74e-01    25.8 
  5   +74.06603751192    7.23e+02   1.76e+00    32.7 
  6   -588.1665810309   -6.62e+02   6.12e-01    27.5 
  7   -695.7455709214   -1.08e+02   1.37e-01    25.1 
  8   -687.2736855319    8.47e+00   2.19e-01    21.5 
  9   -687.2611222592    1.26e-02   2.03e-01    16.9 
 10   -688.0077718582   -7.47e-01   1.92e-01    17.3 
 11   -695.7719304531   -7.76e+00   1.07e-01    18.8 
 12   -695.8184860111   -4.66e-02   1.01e-01    15.8 
 13   -695.8968142733   -7.83e-02   8.93e-02    17.7 
 14   -695.9103520064   -1.35e-02   7.71e-02    15.9 
 15   -695.9135172136   -3.17e-03   7.13e-02    12.5 
 16   -695.9227950779   -9.28e-03   4.96e-02    13.6 
 17   -695.9041959019    1.86e-02   5.21e-02    16.4 
 18   -695.4255707813    4.79e-01   5.78e-02    17.9 
 19   -695.4459802420   -2.04e-02   5.54e-02    10.6 
 20   -695.5993078453   -1.53e-01   4.70e-02    9.8 
 21   -695.8421849321   -2.43e-01   3.24e-02    14.5 
 22   -695.9363987771   -9.42e-02   1.35e-02    19.2 
 23   -695.9368921067   -4.93e-04   1.23e-02    13.3 
 24   -695.9338102441    3.08e-03   1.01e-02    17.5 
 25   -695.9351984267   -1.39e-03   7.72e-03    14.8 
 26   -695.9345670495    6.31e-04   6.69e-03    15.4 
 27   -695.9349496380   -3.83e-04   6.31e-03    13.1 
 28   -695.9349608925   -1.13e-05   6.29e-03    11.0 
 29   -695.9346415887    3.19e-04   6.41e-03    11.1 
 30   -695.9345772980    6.43e-05   6.45e-03    7.0 
 31   -695.9357556329   -1.18e-03   5.73e-03    15.4 
 32   -695.9384168092   -2.66e-03   4.81e-03    17.9 
 33   -695.9384834210   -6.66e-05   2.74e-03    16.9 
 34   -695.9384882550   -4.83e-06   2.01e-03    10.9 
 35   -695.9385103095   -2.21e-05   9.01e-04    15.8 
 36   -695.9385138251   -3.52e-06   4.43e-04    13.8 
 37   -695.9385147102   -8.85e-07   2.45e-04    16.4 
 38   -695.9385145722    1.38e-07   1.70e-04    14.8 
 39   -695.9385147291   -1.57e-07   6.92e-05    16.9 
 40   -695.9385147977   -6.86e-08   3.79e-05    17.2 
 41   -695.9385148045   -6.80e-09   2.40e-05    15.0 
 42   -695.9385148098   -5.26e-09   1.54e-05    16.9 
 43   -695.9385148116   -1.84e-09   8.83e-06    15.3 
 44   -695.9385148117   -4.02e-11   6.12e-06    18.7 
 45   -695.9385148127   -1.02e-09   2.37e-06    17.8 
 46   -695.9385148127   -9.44e-12   1.47e-06    13.8 
Energy breakdown:
    Kinetic             412.6133232
    AtomicLocal         -4129.0891628
    AtomicNonlocal      76.9303124
    Ewald               1203.6455645
    PspCorrection       9.1078273 
    Hartree             1905.3555830
    Xc                  -174.5019623

    total               -695.938514812690

 ──────────────────────────────────────────────────────────────────────────────
                                       Time                   Allocations      
                               ──────────────────────   ───────────────────────
       Tot / % measured:           37116s / 100%            7204GiB / 100%     

 Section               ncalls     time   %tot     avg     alloc   %tot      avg
 ──────────────────────────────────────────────────────────────────────────────
 self_consistent_field      1   37097s   100%  37097s   7195GiB  100%   7195GiB
   LOBPCG                 552   32346s  87.2%   58.6s   6275GiB  87.1%  11.4GiB
     Hamiltonian mu...  9.74k    8846s  23.8%   908ms    922GiB  12.8%  96.9MiB
     block multipli...  53.0k    6927s  18.7%   131ms   1622GiB  22.5%  31.4MiB
     ortho              40.9k    6368s  17.2%   156ms   1108GiB  15.4%  27.7MiB
     rayleigh_ritz      9.19k    3035s  8.18%   330ms   39.3GiB  0.55%  4.37MiB
   energy_hamiltonian      93    4062s  10.9%   43.7s    214GiB  2.97%  2.30GiB
   compute_density         46     465s  1.25%   10.1s    692GiB  9.61%  15.0GiB
   QR orthonormaliz...    552    33.3s  0.09%  60.2ms   8.96GiB  0.12%  16.6MiB
   mixing Simple           46    364ms  0.00%  7.91ms   1.16GiB  0.02%  25.7MiB
 PlaneWaveBasis             1    17.0s  0.05%   17.0s   8.77GiB  0.12%  8.77GiB
   Instantiation At...      1    11.9s  0.03%   11.9s   7.18GiB  0.10%  7.18GiB
   Instantiation Ewald      1    3.55s  0.01%   3.55s   1.42GiB  0.02%  1.42GiB
   Instantiation At...      1    1.41s  0.00%   1.41s   42.7MiB  0.00%  42.7MiB
   build_kpoints            1    143ms  0.00%   143ms   85.2MiB  0.00%  85.2MiB
   Instantiation Ha...      1   6.66ms  0.00%  6.66ms   8.55MiB  0.00%  8.55MiB
   Instantiation Ki...      1   4.81ms  0.00%  4.81ms   4.19MiB  0.00%  4.19MiB
   Instantiation Ps...      1    125μs  0.00%   125μs   3.84KiB  0.00%  3.84KiB
   Instantiation Xc         1   2.04μs  0.00%  2.04μs     32.0B  0.00%    32.0B
 guess_density              1    1.10s  0.00%   1.10s   71.2MiB  0.00%  71.2MiB
 spglib_get_symmetry        1   3.61ms  0.00%  3.61ms    128KiB  0.00%   128KiB
 ──────────────────────────────────────────────────────────────────────────────
