#
#-- SCF GaAsSiO2H n_repeat=10 -- mixing=HybridMixing(0.145, 1, 1.0, identity, true, false)
#

hostname       = clustern09

started on     = 2020-07-31T10:48:58.842
julia threads  = 4
BLAS threads   = 8

temperature    = 0.0
smearing       = DFTK.Smearing.None()
diag(lattice)  = [15.11, 10.68, 66.32]
Ecut           = 20
fft_size       = (48, 36, 216)
kgrid          = [3, 4, 1]
irreducible k  = 12
n_bands        = 219
n_electr       = 408
mixing         = HybridMixing(0.145, 1, 1.0, identity, true, false)
n     Energy            Eₙ-Eₙ₋₁     ρout-ρin   Diag
---   ---------------   ---------   --------   ----
  1   -694.9198830270         NaN   2.24e+00    22.6 
  2   -695.5008059873   -5.81e-01   1.85e+00    17.0 
  3   -695.6843870219   -1.84e-01   7.30e-01    20.6 
  4   -648.6828226028    4.70e+01   4.74e-01    25.7 
  5   +74.02300395915    7.23e+02   1.76e+00    32.7 
  6   -588.1704986198   -6.62e+02   6.12e-01    27.5 
  7   -695.7455642692   -1.08e+02   1.37e-01    24.9 
  8   -687.2741198221    8.47e+00   2.19e-01    20.8 
  9   -687.2614914079    1.26e-02   2.03e-01    16.8 
 10   -688.0092879809   -7.48e-01   1.92e-01    17.7 
 11   -695.7719395476   -7.76e+00   1.07e-01    18.6 
 12   -695.8184887200   -4.65e-02   1.01e-01    15.8 
 13   -695.8968180516   -7.83e-02   8.93e-02    17.7 
 14   -695.9103580316   -1.35e-02   7.71e-02    16.2 
 15   -695.9135206523   -3.16e-03   7.13e-02    12.7 
 16   -695.9227932432   -9.27e-03   4.96e-02    13.8 
 17   -695.9042540942    1.85e-02   5.21e-02    16.5 
 18   -695.4251893755    4.79e-01   5.78e-02    18.1 
 19   -695.4456075831   -2.04e-02   5.54e-02    10.3 
 20   -695.5990016004   -1.53e-01   4.70e-02    9.4 
 21   -695.8420772644   -2.43e-01   3.24e-02    14.5 
 22   -695.9364062311   -9.43e-02   1.35e-02    19.2 
 23   -695.9368963545   -4.90e-04   1.23e-02    13.1 
 24   -695.9338265634    3.07e-03   1.01e-02    17.2 
 25   -695.9352049952   -1.38e-03   7.71e-03    14.8 
 26   -695.9345745044    6.30e-04   6.69e-03    15.1 
 27   -695.9349645480   -3.90e-04   6.30e-03    13.1 
 28   -695.9349856114   -2.11e-05   6.27e-03    10.8 
 29   -695.9346661525    3.19e-04   6.39e-03    11.1 
 30   -695.9346141966    5.20e-05   6.42e-03    6.8 
 31   -695.9357915661   -1.18e-03   5.70e-03    15.5 
 32   -695.9384177246   -2.63e-03   4.80e-03    17.8 
 33   -695.9384831881   -6.55e-05   2.73e-03    16.9 
 34   -695.9384870907   -3.90e-06   2.02e-03    10.8 
 35   -695.9385103918   -2.33e-05   9.06e-04    16.1 
 36   -695.9385135434   -3.15e-06   4.53e-04    13.9 
 37   -695.9385147020   -1.16e-06   2.48e-04    16.7 
 38   -695.9385145633    1.39e-07   1.74e-04    14.8 
 39   -695.9385147621   -1.99e-07   6.33e-05    16.7 
 40   -695.9385147823   -2.02e-08   4.27e-05    17.4 
 41   -695.9385148046   -2.23e-08   2.41e-05    16.3 
 42   -695.9385148102   -5.66e-09   1.47e-05    17.7 
 43   -695.9385148121   -1.83e-09   8.20e-06    15.2 
 44   -695.9385148117    3.85e-10   5.89e-06    19.4 
 45   -695.9385148127   -9.65e-10   2.37e-06    17.8 
 46   -695.9385148127   -4.56e-11   1.17e-06    16.6 
 47   -695.9385148127    5.34e-12   7.43e-07    16.4 
Energy breakdown:
    Kinetic             412.6133281
    AtomicLocal         -4129.0891580
    AtomicNonlocal      76.9303120
    Ewald               1203.6455645
    PspCorrection       9.1078273 
    Hartree             1905.3555746
    Xc                  -174.5019633

    total               -695.938514812697

 ──────────────────────────────────────────────────────────────────────────────
                                       Time                   Allocations      
                               ──────────────────────   ───────────────────────
       Tot / % measured:           38663s / 100%            7376GiB / 100%     

 Section               ncalls     time   %tot     avg     alloc   %tot      avg
 ──────────────────────────────────────────────────────────────────────────────
 self_consistent_field      1   38617s   100%  38617s   7365GiB  100%   7365GiB
   LOBPCG                 564   33910s  87.7%   60.1s   6417GiB  87.0%  11.4GiB
     Hamiltonian mu...  10.0k    9297s  24.1%   930ms    943GiB  12.8%  96.6MiB
     block multipli...  54.4k    7173s  18.6%   132ms   1659GiB  22.5%  31.2MiB
     ortho              41.9k    6655s  17.2%   159ms   1133GiB  15.4%  27.7MiB
     rayleigh_ritz      9.44k    3150s  8.15%   334ms   40.2GiB  0.54%  4.36MiB
   energy_hamiltonian      95    3940s  10.2%   41.5s    219GiB  2.97%  2.31GiB
   compute_density         47     498s  1.29%   10.6s    707GiB  9.59%  15.0GiB
   QR orthonormaliz...    564    36.7s  0.10%  65.1ms   8.99GiB  0.12%  16.3MiB
   mixing Hybrid           47    20.0s  0.05%   425ms   5.70GiB  0.08%   124MiB
 PlaneWaveBasis             1    26.0s  0.07%   26.0s   9.45GiB  0.13%  9.45GiB
   Instantiation At...      1    10.9s  0.03%   10.9s   7.32GiB  0.10%  7.32GiB
   Instantiation Ewald      1    8.53s  0.02%   8.53s   1.69GiB  0.02%  1.69GiB
   Instantiation At...      1    2.08s  0.01%   2.08s   70.2MiB  0.00%  70.2MiB
   Instantiation Ps...      1    1.21s  0.00%   1.21s   94.6MiB  0.00%  94.6MiB
   Instantiation Ha...      1    423ms  0.00%   423ms   63.3MiB  0.00%  63.3MiB
   build_kpoints            1    276ms  0.00%   276ms   85.2MiB  0.00%  85.2MiB
   Instantiation Ki...      1    209ms  0.00%   209ms   14.9MiB  0.00%  14.9MiB
   Instantiation Xc         1   6.70ms  0.00%  6.70ms    196KiB  0.00%   196KiB
 spglib_get_symmetry        1    2.66s  0.01%   2.66s    234MiB  0.00%   234MiB
 guess_density              1    1.50s  0.00%   1.50s   85.9MiB  0.00%  85.9MiB
 ──────────────────────────────────────────────────────────────────────────────
