#
#-- SCF GaAsSiO2H n_repeat=10 -- mixing=RestaMixing(0.883, 14, 1.0)
#

hostname       = clustern09

started on     = 2020-08-01T07:52:01.261
julia threads  = 4
BLAS threads   = 8

temperature    = 0.0
smearing       = DFTK.Smearing.None()
diag(lattice)  = [15.11, 10.68, 66.32]
Ecut           = 20
fft_size       = (48, 36, 216)
kgrid          = [3, 4, 1]
irreducible k  = 12
n_bands        = 219
n_electr       = 408
mixing         = RestaMixing(0.883, 14, 1.0)
n     Energy            Eₙ-Eₙ₋₁     ρout-ρin   Diag
---   ---------------   ---------   --------   ----
  1   -694.9198718557         NaN   2.24e+00    22.7 
  2   -695.5862867657   -6.66e-01   7.79e-01    18.1 
  3   -695.8344528428   -2.48e-01   3.76e-01    13.8 
  4   -695.9350799484   -1.01e-01   3.95e-02    8.7 
  5   -695.9371260569   -2.05e-03   2.39e-02    10.7 
  6   -695.9378877916   -7.62e-04   7.11e-03    5.9 
  7   -695.9382093482   -3.22e-04   3.22e-03    8.2 
  8   -695.9383849651   -1.76e-04   1.87e-03    10.4 
  9   -695.9384569780   -7.20e-05   1.09e-03    9.3 
 10   -695.9384961814   -3.92e-05   5.80e-04    10.8 
 11   -695.9385098503   -1.37e-05   2.87e-04    10.9 
 12   -695.9385136169   -3.77e-06   1.51e-04    10.8 
 13   -695.9385145598   -9.43e-07   8.05e-05    9.5 
 14   -695.9385147767   -2.17e-07   3.56e-05    9.0 
 15   -695.9385148017   -2.50e-08   1.77e-05    7.3 
 16   -695.9385148107   -8.98e-09   8.33e-06    8.7 
 17   -695.9385148122   -1.52e-09   4.15e-06    8.5 
 18   -695.9385148125   -3.22e-10   2.33e-06    10.1 
 19   -695.9385148127   -1.39e-10   1.13e-06    9.7 
 20   -695.9385148127   -1.26e-11   5.57e-07    8.8 
 21   -695.9385148127   -1.13e-11   2.41e-07    11.5 
 22   -695.9385148127   -3.52e-12   1.08e-07    10.3 
Energy breakdown:
    Kinetic             412.6133280
    AtomicLocal         -4129.0891631
    AtomicNonlocal      76.9303116
    Ewald               1203.6455645
    PspCorrection       9.1078273 
    Hartree             1905.3555802
    Xc                  -174.5019632

    total               -695.938514812705

 ──────────────────────────────────────────────────────────────────────────────
                                       Time                   Allocations      
                               ──────────────────────   ───────────────────────
       Tot / % measured:           19041s / 100%            3475GiB / 100%     

 Section               ncalls     time   %tot     avg     alloc   %tot      avg
 ──────────────────────────────────────────────────────────────────────────────
 self_consistent_field      1   19023s   100%  19023s   3466GiB  100%   3466GiB
   LOBPCG                 264   16600s  87.2%   62.9s   3021GiB  86.9%  11.4GiB
     Hamiltonian mu...  3.06k    4297s  22.6%   1.40s    430GiB  12.4%   144MiB
     block multipli...  15.7k    3700s  19.4%   235ms    787GiB  22.7%  51.2MiB
     ortho              12.4k    3362s  17.7%   271ms    538GiB  15.5%  44.4MiB
     rayleigh_ritz      2.80k    1615s  8.48%   577ms   21.5GiB  0.62%  7.86MiB
   energy_hamiltonian      45    1975s  10.4%   43.9s    102GiB  2.95%  2.28GiB
   compute_density         22     242s  1.27%   11.0s    331GiB  9.52%  15.0GiB
   QR orthonormaliz...    264    35.6s  0.19%   135ms   8.96GiB  0.26%  34.8MiB
   mixing Resta            22    903ms  0.00%  41.1ms    311MiB  0.01%  14.2MiB
 PlaneWaveBasis             1    16.7s  0.09%   16.7s   8.77GiB  0.25%  8.77GiB
   Instantiation At...      1    11.5s  0.06%   11.5s   7.18GiB  0.21%  7.18GiB
   Instantiation Ewald      1    3.58s  0.02%   3.58s   1.42GiB  0.04%  1.42GiB
   Instantiation At...      1    1.41s  0.01%   1.41s   42.7MiB  0.00%  42.7MiB
   build_kpoints            1    132ms  0.00%   132ms   85.2MiB  0.00%  85.2MiB
   Instantiation Ha...      1   6.55ms  0.00%  6.55ms   8.55MiB  0.00%  8.55MiB
   Instantiation Ki...      1   4.86ms  0.00%  4.86ms   4.19MiB  0.00%  4.19MiB
   Instantiation Ps...      1    115μs  0.00%   115μs   3.84KiB  0.00%  3.84KiB
   Instantiation Xc         1   1.47μs  0.00%  1.47μs     32.0B  0.00%    32.0B
 guess_density              1    1.10s  0.01%   1.10s   71.2MiB  0.00%  71.2MiB
 spglib_get_symmetry        1   3.37ms  0.00%  3.37ms    128KiB  0.00%   128KiB
 ──────────────────────────────────────────────────────────────────────────────
