#
#-- Anderson m=5
#

hostname       = clustern10

started on     = 2020-08-20T15:53:26.75
julia threads  = 4
BLAS threads   = 4

temperature    = 0.001
smearing       = DFTK.Smearing.Gaussian()
diag(lattice)  = [7.653, 7.653, 38.27]
Ecut           = 20
fft_size       = (25, 25, 120)
kgrid          = [3, 3, 1]
irreducible k  = 9
n_bands        = 36
n_electr       = 60
mixing         = SimpleMixing(0.0354)
n     Free energy       Eₙ-Eₙ₋₁     ρout-ρin   Diag
---   ---------------   ---------   --------   ----
  1   -41.43940386231         NaN   3.07e-01    24.6 
  2   -41.43985797763   -4.54e-04   2.95e-01    11.0 
  3   -41.37076998863    6.91e-02   3.17e-02    17.3 
  4   -41.44590658866   -7.51e-02   2.36e-02    12.9 
  5   -41.44513466194    7.72e-04   2.16e-02    11.6 
  6   -41.44617595074   -1.04e-03   1.97e-02    10.7 
  7   -41.43569306831    1.05e-02   1.55e-02    13.4 
  8   -41.44688726360   -1.12e-02   8.91e-03    12.8 
  9   -41.44552954409    1.36e-03   6.37e-03    11.3 
 10   -41.44669878244   -1.17e-03   4.94e-03    9.9 
 11   -41.44690525401   -2.06e-04   3.25e-03    9.3 
 12   -41.44704361596   -1.38e-04   2.67e-03    9.0 
 13   -41.44711842733   -7.48e-05   6.85e-04    10.9 
 14   -41.44713082960   -1.24e-05   5.67e-04    7.6 
 15   -41.44713222742   -1.40e-06   5.27e-04    7.3 
 16   -41.44713116956    1.06e-06   4.35e-04    8.2 
 17   -41.44713302646   -1.86e-06   3.12e-04    10.1 
 18   -41.44713374019   -7.14e-07   2.32e-04    10.1 
 19   -41.44713335654    3.84e-07   2.08e-04    7.3 
 20   -41.44713322986    1.27e-07   1.85e-04    7.9 
 21   -41.44713385716   -6.27e-07   1.47e-04    8.7 
 22   -41.44713346958    3.88e-07   1.17e-04    9.0 
 23   -41.44713384874   -3.79e-07   8.26e-05    8.1 
 24   -41.44713389239   -4.37e-08   6.88e-05    7.3 
 25   -41.44713390889   -1.65e-08   4.57e-05    9.1 
 26   -41.44713389883    1.01e-08   3.87e-05    10.0 
 27   -41.44713393719   -3.84e-08   3.48e-05    7.0 
 28   -41.44713393854   -1.35e-09   3.25e-05    7.6 
 29   -41.44713392603    1.25e-08   2.31e-05    10.7 
 30   -41.44713393938   -1.34e-08   1.97e-05    9.0 
 31   -41.44713393871    6.67e-10   1.80e-05    8.6 
 32   -41.44713393834    3.69e-10   1.45e-05    10.3 
 33   -41.44713393572    2.62e-09   1.06e-05    9.9 
 34   -41.44713393914   -3.42e-09   9.38e-06    7.7 
 35   -41.44713394015   -1.01e-09   8.08e-06    8.4 
 36   -41.44713394012    2.86e-11   6.73e-06    7.2 
 37   -41.44713394028   -1.66e-10   6.26e-06    7.4 
 38   -41.44713394030   -1.27e-11   5.55e-06    8.6 
 39   -41.44713394031   -1.08e-11   4.86e-06    9.1 
 40   -41.44713394013    1.78e-10   3.06e-06    10.4 
 41   -41.44713394017   -4.49e-11   2.81e-06    8.6 
 42   -41.44713394042   -2.46e-10   2.32e-06    8.8 
 43   -41.44713394045   -2.94e-11   1.99e-06    8.4 
 44   -41.44713394043    1.39e-11   1.85e-06    6.3 
 45   -41.44713394045   -1.35e-11   1.56e-06    9.6 
 46   -41.44713394045   -7.06e-12   1.41e-06    8.2 
Energy breakdown:
    Kinetic             17.3550671
    AtomicLocal         6.8847388 
    AtomicNonlocal      7.9582698 
    Ewald               -53.9147829
    PspCorrection       -3.7611666
    Hartree             0.0821567 
    Xc                  -16.0506573
    Entropy             -0.0007595

    total               -41.447133940455

 ──────────────────────────────────────────────────────────────────────────────
                                       Time                   Allocations      
                               ──────────────────────   ───────────────────────
       Tot / % measured:             673s / 100%             280GiB / 100%     

 Section               ncalls     time   %tot     avg     alloc   %tot      avg
 ──────────────────────────────────────────────────────────────────────────────
 self_consistent_field      1     670s   100%    670s    279GiB  100%    279GiB
   LOBPCG                 414     629s  93.9%   1.52s    245GiB  87.7%   607MiB
     Hamiltonian mu...  4.44k     203s  30.3%  45.8ms   36.7GiB  13.1%  8.47MiB
     rayleigh_ritz      4.03k     113s  16.9%  28.1ms   1.80GiB  0.64%   469KiB
     block multipli...  22.5k     106s  15.8%  4.71ms   72.0GiB  25.7%  3.28MiB
     ortho              17.2k    71.2s  10.6%  4.13ms   44.7GiB  16.0%  2.66MiB
   energy_hamiltonian      93    21.8s  3.25%   234ms   12.8GiB  4.59%   141MiB
   compute_density         46    9.38s  1.40%   204ms   19.8GiB  7.09%   441MiB
   QR orthonormaliz...    414    410ms  0.06%   990μs    257MiB  0.09%   635KiB
   mixing Simple           46   25.3ms  0.00%   550μs    237MiB  0.08%  5.15MiB
 PlaneWaveBasis             1    565ms  0.08%   565ms    297MiB  0.10%   297MiB
   Instantiation Ewald      1    294ms  0.04%   294ms   90.4MiB  0.03%  90.4MiB
   Instantiation At...      1    189ms  0.03%   189ms    183MiB  0.06%   183MiB
   Instantiation At...      1   60.9ms  0.01%  60.9ms   4.02MiB  0.00%  4.02MiB
   build_kpoints            1   13.2ms  0.00%  13.2ms   11.0MiB  0.00%  11.0MiB
   Instantiation En...      1   3.78ms  0.00%  3.78ms   71.8KiB  0.00%  71.8KiB
   Instantiation Ha...      1   1.12ms  0.00%  1.12ms   1.72MiB  0.00%  1.72MiB
   Instantiation Ki...      1    625μs  0.00%   625μs    675KiB  0.00%   675KiB
   Instantiation Ps...      1    107μs  0.00%   107μs      928B  0.00%     928B
   Instantiation Xc         1   1.08μs  0.00%  1.08μs     32.0B  0.00%    32.0B
 guess_density              1   47.8ms  0.01%  47.8ms   5.15MiB  0.00%  5.15MiB
 spglib_get_symmetry        1   2.41ms  0.00%  2.41ms   28.0KiB  0.00%  28.0KiB
 ──────────────────────────────────────────────────────────────────────────────
