#
#-- Anderson m=10
#

hostname       = clustern09

started on     = 2020-08-20T15:55:38.481
julia threads  = 4
BLAS threads   = 4

temperature    = 0.001
smearing       = DFTK.Smearing.Gaussian()
diag(lattice)  = [7.653, 7.653, 38.27]
Ecut           = 20
fft_size       = (25, 25, 120)
kgrid          = [3, 3, 1]
irreducible k  = 9
n_bands        = 36
n_electr       = 60
mixing         = SimpleMixing(0.0354)
n     Free energy       Eₙ-Eₙ₋₁     ρout-ρin   Diag
---   ---------------   ---------   --------   ----
  1   -41.43940384490         NaN   3.07e-01    24.8 
  2   -41.43985796558   -4.54e-04   2.95e-01    11.6 
  3   -41.37073496593    6.91e-02   3.17e-02    17.1 
  4   -41.44590670557   -7.52e-02   2.36e-02    13.6 
  5   -41.44513619561    7.71e-04   2.16e-02    11.4 
  6   -41.44617594470   -1.04e-03   1.97e-02    10.6 
  7   -41.43569411807    1.05e-02   1.55e-02    13.3 
  8   -41.44675589564   -1.11e-02   9.04e-03    12.7 
  9   -41.44478252072    1.97e-03   6.06e-03    12.9 
 10   -41.44676800719   -1.99e-03   3.94e-03    10.7 
 11   -41.44692649455   -1.58e-04   2.30e-03    10.0 
 12   -41.44697707396   -5.06e-05   1.30e-03    11.9 
 13   -41.44712173146   -1.45e-04   5.71e-04    10.2 
 14   -41.44711941146    2.32e-06   5.73e-04    7.9 
 15   -41.44713300876   -1.36e-05   2.77e-04    9.7 
 16   -41.44713377618   -7.67e-07   2.26e-04    9.0 
 17   -41.44713333719    4.39e-07   1.53e-04    9.2 
 18   -41.44713391521   -5.78e-07   6.50e-05    9.9 
 19   -41.44713393011   -1.49e-08   5.79e-05    7.0 
 20   -41.44713393715   -7.03e-09   3.54e-05    9.6 
 21   -41.44713393385    3.30e-09   2.08e-05    10.3 
 22   -41.44713393848   -4.63e-09   1.41e-05    10.1 
 23   -41.44713393872   -2.39e-10   7.32e-06    10.4 
 24   -41.44713394039   -1.67e-09   5.53e-06    9.4 
 25   -41.44713393965    7.41e-10   4.41e-06    9.6 
 26   -41.44713394029   -6.39e-10   2.42e-06    10.9 
 27   -41.44713394044   -1.57e-10   1.72e-06    9.6 
 28   -41.44713394043    1.20e-11   1.28e-06    9.0 
 29   -41.44713394046   -2.78e-11   9.82e-07    10.3 
 30   -41.44713394045    8.07e-12   7.09e-07    10.9 
Energy breakdown:
    Kinetic             17.3550667
    AtomicLocal         6.8847376 
    AtomicNonlocal      7.9582714 
    Ewald               -53.9147829
    PspCorrection       -3.7611666
    Hartree             0.0821567 
    Xc                  -16.0506572
    Entropy             -0.0007595

    total               -41.447133940452

 ──────────────────────────────────────────────────────────────────────────────
                                       Time                   Allocations      
                               ──────────────────────   ───────────────────────
       Tot / % measured:             537s / 100%             198GiB / 100%     

 Section               ncalls     time   %tot     avg     alloc   %tot      avg
 ──────────────────────────────────────────────────────────────────────────────
 self_consistent_field      1     536s   100%    536s    198GiB  100%    198GiB
   LOBPCG                 270     502s  93.6%   1.86s    175GiB  88.6%   665MiB
     Hamiltonian mu...  3.27k     164s  30.5%  50.0ms   26.3GiB  13.3%  8.23MiB
     block multipli...  16.9k    88.3s  16.5%  5.22ms   52.8GiB  26.7%  3.20MiB
     rayleigh_ritz      3.00k    87.0s  16.2%  29.0ms   1.31GiB  0.66%   459KiB
     ortho              12.8k    55.9s  10.4%  4.37ms   32.2GiB  16.3%  2.58MiB
   energy_hamiltonian      61    18.7s  3.48%   306ms   8.40GiB  4.24%   141MiB
   compute_density         30    7.36s  1.37%   245ms   12.9GiB  6.53%   441MiB
   QR orthonormaliz...    270    459ms  0.09%  1.70ms    257MiB  0.13%   974KiB
   mixing Simple           30   43.8ms  0.01%  1.46ms    155MiB  0.08%  5.15MiB
 PlaneWaveBasis             1    513ms  0.10%   513ms    297MiB  0.15%   297MiB
   Instantiation Ewald      1    279ms  0.05%   279ms   90.4MiB  0.04%  90.4MiB
   Instantiation At...      1    158ms  0.03%   158ms    183MiB  0.09%   183MiB
   Instantiation At...      1   59.2ms  0.01%  59.2ms   4.02MiB  0.00%  4.02MiB
   build_kpoints            1   13.0ms  0.00%  13.0ms   11.0MiB  0.01%  11.0MiB
   Instantiation Ha...      1   1.15ms  0.00%  1.15ms   1.72MiB  0.00%  1.72MiB
   Instantiation Ki...      1    555μs  0.00%   555μs    675KiB  0.00%   675KiB
   Instantiation Ps...      1   81.4μs  0.00%  81.4μs      928B  0.00%     928B
   Instantiation Xc         1   1.22μs  0.00%  1.22μs     32.0B  0.00%    32.0B
   Instantiation En...      1    781ns  0.00%   781ns     16.0B  0.00%    16.0B
 guess_density              1   47.8ms  0.01%  47.8ms   5.15MiB  0.00%  5.15MiB
 spglib_get_symmetry        1   2.54ms  0.00%  2.54ms   28.0KiB  0.00%  28.0KiB
 ──────────────────────────────────────────────────────────────────────────────
