#
#-- Anderson m=0
#

hostname       = clustern10

started on     = 2020-08-20T15:53:33.91
julia threads  = 4
BLAS threads   = 4

temperature    = 0.001
smearing       = DFTK.Smearing.Gaussian()
diag(lattice)  = [7.653, 7.653, 38.27]
Ecut           = 20
fft_size       = (25, 25, 120)
kgrid          = [3, 3, 1]
irreducible k  = 9
n_bands        = 36
n_electr       = 60
mixing         = SimpleMixing(0.0354)
n     Free energy       Eₙ-Eₙ₋₁     ρout-ρin   Diag
---   ---------------   ---------   --------   ----
  1   -41.43940386643         NaN   3.07e-01    25.7 
  2   -41.43985797930   -4.54e-04   2.95e-01    11.7 
  3   -41.44026627290   -4.08e-04   2.85e-01    10.6 
  4   -41.44063706287   -3.71e-04   2.74e-01    10.9 
  5   -41.44097572908   -3.39e-04   2.64e-01    11.0 
  6   -41.44128635230   -3.11e-04   2.54e-01    10.3 
  7   -41.44157227379   -2.86e-04   2.45e-01    10.7 
  8   -41.44183632839   -2.64e-04   2.36e-01    10.1 
  9   -41.44208100027   -2.45e-04   2.27e-01    9.4 
 10   -41.44230852373   -2.28e-04   2.19e-01    9.9 
 11   -41.44252085121   -2.12e-04   2.11e-01    9.3 
 12   -41.44271974592   -1.99e-04   2.03e-01    8.9 
 13   -41.44290676754   -1.87e-04   1.96e-01    9.3 
 14   -41.44308337016   -1.77e-04   1.89e-01    8.6 
 15   -41.44325079336   -1.67e-04   1.82e-01    8.4 
 16   -41.44341014535   -1.59e-04   1.75e-01    8.1 
 17   -41.44356245845   -1.52e-04   1.69e-01    8.0 
 18   -41.44370861541   -1.46e-04   1.63e-01    8.1 
 19   -41.44384935837   -1.41e-04   1.57e-01    8.0 
 20   -41.44398535340   -1.36e-04   1.51e-01    7.8 
 21   -41.44411716511   -1.32e-04   1.46e-01    7.7 
 22   -41.44424526260   -1.28e-04   1.40e-01    8.0 
 23   -41.44437003522   -1.25e-04   1.35e-01    7.6 
 24   -41.44449179818   -1.22e-04   1.31e-01    7.4 
 25   -41.44461074983   -1.19e-04   1.26e-01    7.2 
 26   -41.44472707458   -1.16e-04   1.21e-01    7.7 
 27   -41.44484086295   -1.14e-04   1.17e-01    7.2 
 28   -41.44495216459   -1.11e-04   1.13e-01    7.2 
 29   -41.44506098481   -1.09e-04   1.09e-01    6.9 
 30   -41.44516728451   -1.06e-04   1.05e-01    7.2 
 31   -41.44527099032   -1.04e-04   1.01e-01    6.9 
 32   -41.44537198636   -1.01e-04   9.74e-02    6.7 
 33   -41.44547015127   -9.82e-05   9.39e-02    6.7 
 34   -41.44556534739   -9.52e-05   9.05e-02    6.7 
 35   -41.44565743431   -9.21e-05   8.73e-02    6.6 
 36   -41.44574626772   -8.88e-05   8.42e-02    6.6 
 37   -41.44583171189   -8.54e-05   8.12e-02    6.6 
 38   -41.44591364283   -8.19e-05   7.83e-02    6.6 
 39   -41.44599195345   -7.83e-05   7.56e-02    6.6 
 40   -41.44606655867   -7.46e-05   7.29e-02    6.6 
 41   -41.44613739558   -7.08e-05   7.03e-02    6.6 
 42   -41.44620443348   -6.70e-05   6.79e-02    6.6 
 43   -41.44626766913   -6.32e-05   6.55e-02    6.6 
 44   -41.44632712668   -5.95e-05   6.32e-02    6.6 
 45   -41.44638286372   -5.57e-05   6.10e-02    6.6 
 46   -41.44643496450   -5.21e-05   5.89e-02    6.4 
 47   -41.44648353830   -4.86e-05   5.68e-02    6.6 
 48   -41.44652871952   -4.52e-05   5.48e-02    6.2 
 49   -41.44657065869   -4.19e-05   5.29e-02    6.0 
 50   -41.44660952836   -3.89e-05   5.11e-02    6.1 
 51   -41.44664550714   -3.60e-05   4.93e-02    5.8 
 52   -41.44667878132   -3.33e-05   4.76e-02    5.7 
 53   -41.44670954267   -3.08e-05   4.60e-02    5.7 
 54   -41.44673798042   -2.84e-05   4.44e-02    5.7 
 55   -41.44676427779   -2.63e-05   4.29e-02    5.7 
 56   -41.44678861672   -2.43e-05   4.14e-02    5.7 
 57   -41.44681116505   -2.25e-05   4.00e-02    5.6 
 58   -41.44683208040   -2.09e-05   3.86e-02    5.6 
 59   -41.44685151028   -1.94e-05   3.73e-02    5.6 
 60   -41.44686958698   -1.81e-05   3.60e-02    5.6 
 61   -41.44688643148   -1.68e-05   3.48e-02    5.6 
 62   -41.44690215268   -1.57e-05   3.36e-02    5.6 
 63   -41.44691684903   -1.47e-05   3.25e-02    5.6 
 64   -41.44693060499   -1.38e-05   3.13e-02    5.3 
 65   -41.44694349936   -1.29e-05   3.03e-02    5.1 
 66   -41.44695559313   -1.21e-05   2.92e-02    5.1 
 67   -41.44696694835   -1.14e-05   2.83e-02    5.1 
 68   -41.44697761508   -1.07e-05   2.73e-02    5.1 
 69   -41.44698763998   -1.00e-05   2.64e-02    5.1 
 70   -41.44699706456   -9.42e-06   2.55e-02    5.1 
 71   -41.44700592588   -8.86e-06   2.46e-02    5.1 
 72   -41.44701425642   -8.33e-06   2.38e-02    5.1 
 73   -41.44702208734   -7.83e-06   2.30e-02    4.8 
 74   -41.44702944621   -7.36e-06   2.22e-02    4.9 
 75   -41.44703635664   -6.91e-06   2.14e-02    5.2 
 76   -41.44704284769   -6.49e-06   2.07e-02    5.6 
 77   -41.44704893869   -6.09e-06   2.00e-02    5.4 
 78   -41.44705465192   -5.71e-06   1.93e-02    5.2 
 79   -41.44706000519   -5.35e-06   1.86e-02    5.2 
 80   -41.44706502029   -5.02e-06   1.80e-02    5.1 
 81   -41.44706971469   -4.69e-06   1.74e-02    5.1 
 82   -41.44707410540   -4.39e-06   1.68e-02    5.0 
 83   -41.44707820975   -4.10e-06   1.62e-02    4.8 
 84   -41.44708204437   -3.83e-06   1.57e-02    4.9 
 85   -41.44708562455   -3.58e-06   1.51e-02    4.7 
 86   -41.44708896530   -3.34e-06   1.46e-02    4.6 
 87   -41.44709208065   -3.12e-06   1.41e-02    4.3 
 88   -41.44709498554   -2.90e-06   1.36e-02    4.6 
 89   -41.44709769189   -2.71e-06   1.32e-02    4.4 
 90   -41.44710021280   -2.52e-06   1.27e-02    4.4 
 91   -41.44710256018   -2.35e-06   1.23e-02    4.2 
 92   -41.44710474512   -2.18e-06   1.19e-02    4.3 
 93   -41.44710677872   -2.03e-06   1.15e-02    4.2 
 94   -41.44710867106   -1.89e-06   1.11e-02    4.2 
 95   -41.44711043124   -1.76e-06   1.07e-02    4.2 
 96   -41.44711206881   -1.64e-06   1.03e-02    4.2 
 97   -41.44711359212   -1.52e-06   9.96e-03    4.2 
 98   -41.44711500860   -1.42e-06   9.62e-03    4.2 
 99   -41.44711632650   -1.32e-06   9.29e-03    4.1 
 100   -41.44711755141   -1.22e-06   8.97e-03    3.7 
Energy breakdown:
    Kinetic             17.3532920
    AtomicLocal         6.8815831 
    AtomicNonlocal      7.9629357 
    Ewald               -53.9147829
    PspCorrection       -3.7611666
    Hartree             0.0819644 
    Xc                  -16.0501881
    Entropy             -0.0007551

    total               -41.447117551411

 ──────────────────────────────────────────────────────────────────────────────
                                       Time                   Allocations      
                               ──────────────────────   ───────────────────────
       Tot / % measured:            1220s / 100%             523GiB / 100%     

 Section               ncalls     time   %tot     avg     alloc   %tot      avg
 ──────────────────────────────────────────────────────────────────────────────
 self_consistent_field      1    1217s   100%   1217s    523GiB  100%    523GiB
   LOBPCG                 900    1135s  93.2%   1.26s    449GiB  85.9%   511MiB
     Hamiltonian mu...  6.83k     349s  28.6%  51.1ms   66.8GiB  12.8%  10.0MiB
     rayleigh_ritz      5.92k     211s  17.3%  35.6ms   3.33GiB  0.64%   589KiB
     block multipli...  31.9k     191s  15.7%  5.99ms    125GiB  23.9%  4.02MiB
     ortho              24.6k     134s  11.0%  5.42ms   80.2GiB  15.3%  3.33MiB
   energy_hamiltonian     201    47.0s  3.86%   234ms   27.8GiB  5.31%   142MiB
   compute_density        100    20.5s  1.68%   205ms   43.1GiB  8.24%   441MiB
   QR orthonormaliz...    900    394ms  0.03%   437μs    257MiB  0.05%   292KiB
   mixing Simple          100    100ms  0.01%   996μs    515MiB  0.10%  5.15MiB
 PlaneWaveBasis             1    479ms  0.04%   479ms    297MiB  0.06%   297MiB
   Instantiation At...      1    207ms  0.02%   207ms    183MiB  0.03%   183MiB
   Instantiation Ewald      1    192ms  0.02%   192ms   90.4MiB  0.02%  90.4MiB
   Instantiation At...      1   57.6ms  0.00%  57.6ms   4.02MiB  0.00%  4.02MiB
   build_kpoints            1   13.5ms  0.00%  13.5ms   11.0MiB  0.00%  11.0MiB
   Instantiation En...      1   4.31ms  0.00%  4.31ms   71.8KiB  0.00%  71.8KiB
   Instantiation Ha...      1    892μs  0.00%   892μs   1.72MiB  0.00%  1.72MiB
   Instantiation Ki...      1    597μs  0.00%   597μs    675KiB  0.00%   675KiB
   Instantiation Ps...      1   95.4μs  0.00%  95.4μs      928B  0.00%     928B
   Instantiation Xc         1   1.73μs  0.00%  1.73μs     32.0B  0.00%    32.0B
 guess_density              1   47.8ms  0.00%  47.8ms   5.15MiB  0.00%  5.15MiB
 spglib_get_symmetry        1   2.48ms  0.00%  2.48ms   28.0KiB  0.00%  28.0KiB
 ──────────────────────────────────────────────────────────────────────────────
