#
#-- Firstrun SiO2 n_repeat=21 -- mixing=RestaMixing(0.5, 2.4, 1.0)
#

hostname       = clustern12

started on     = 2020-07-25T14:24:22.424
julia threads  = 4
BLAS threads   = 4

temperature    = 0.0
smearing       = DFTK.Smearing.None()
lattice        = [9.421 -4.71 0.0; 0.0 8.159 0.0; 0.0 0.0 72.47]
Ecut           = 20
fft_size       = (32, 32, 225)
kgrid          = [3, 3, 1]
irreducible k  = 9
n_bands        = 181
n_electr       = 336
mixing         = RestaMixing(0.5, 2.4, 1.0)
n     Energy            Eₙ-Eₙ₋₁     ρout-ρin   Diag
---   ---------------   ---------   --------   ----
  1   -602.4403007755         NaN   1.48e+01    21.3 
  2   -705.3989063143   -1.03e+02   5.08e+00    26.7 
  3   -728.6676947924   -2.33e+01   2.42e+00    38.0 
  4   -727.9395625077    7.28e-01   1.66e+00    37.2 
  5   -731.1042300298   -3.16e+00   3.64e-01    45.9 
  6   -731.1435799407   -3.93e-02   1.39e-01    37.8 
  7   -731.1513495297   -7.77e-03   5.11e-02    25.8 
  8   -731.1532988972   -1.95e-03   1.03e-02    21.2 
  9   -731.1533777529   -7.89e-05   3.46e-03    14.9 
 10   -731.1533911193   -1.34e-05   4.71e-04    18.4 
 11   -731.1533913728   -2.53e-07   3.60e-04    21.1 
 12   -731.1533914609   -8.81e-08   1.70e-04    18.1 
 13   -731.1533914785   -1.76e-08   4.62e-05    12.7 
 14   -731.1533914825   -4.03e-09   7.96e-06    14.8 
 15   -731.1533914829   -3.85e-10   5.65e-06    18.6 
 16   -731.1533914826    2.89e-10   8.88e-07    8.7 
 17   -731.1533914827   -1.22e-11   4.82e-07    17.9 
 18   -731.1533914826    2.81e-11   1.02e-07    9.2 
 19   -731.1533914826    2.27e-13   5.14e-08    17.8 
Energy breakdown:
    Kinetic             476.3696180
    AtomicLocal         -880.2162294
    AtomicNonlocal      77.1958609
    Ewald               -478.3255819
    PspCorrection       -4.1509555
    Hartree             249.8780547
    Xc                  -171.9041582

    total               -731.153391482626

 ──────────────────────────────────────────────────────────────────────────────
                                       Time                   Allocations      
                               ──────────────────────   ───────────────────────
       Tot / % measured:            4027s / 100%            1146GiB / 100%     

 Section               ncalls     time   %tot     avg     alloc   %tot      avg
 ──────────────────────────────────────────────────────────────────────────────
 self_consistent_field      1    4000s   100%   4000s   1142GiB  100%   1142GiB
   LOBPCG                 171    3735s  93.1%   21.8s    991GiB  86.6%  5.80GiB
     block multipli...  22.3k    1216s  30.3%  54.5ms    273GiB  23.9%  12.5MiB
     Hamiltonian mu...  4.00k     742s  18.5%   185ms    139GiB  12.1%  35.4MiB
     rayleigh_ritz      3.83k     575s  14.3%   150ms   10.4GiB  0.91%  2.77MiB
     ortho              16.5k     453s  11.3%  27.4ms    182GiB  15.9%  11.3MiB
   energy_hamiltonian      39     139s  3.47%   3.57s   33.8GiB  2.95%   887MiB
   compute_density         19    49.6s  1.24%   2.61s    110GiB  9.65%  5.81GiB
   QR orthonormaliz...    171    8.92s  0.22%  52.2ms   2.90GiB  0.25%  17.4MiB
   mixing Resta            19    538ms  0.01%  28.3ms    198MiB  0.02%  10.4MiB
 PlaneWaveBasis             1    11.4s  0.28%   11.4s   2.47GiB  0.22%  2.47GiB
   Instantiation Ewald      1    5.38s  0.13%   5.38s   1.24GiB  0.11%  1.24GiB
   Instantiation At...      1    2.22s  0.06%   2.22s    909MiB  0.08%   909MiB
   Instantiation Ps...      1    1.12s  0.03%   1.12s   97.7MiB  0.01%  97.7MiB
   Instantiation At...      1    690ms  0.02%   690ms   43.2MiB  0.00%  43.2MiB
   Instantiation Ha...      1    308ms  0.01%   308ms   60.2MiB  0.01%  60.2MiB
   Instantiation Ki...      1   99.3ms  0.00%  99.3ms   12.3MiB  0.00%  12.3MiB
   build_kpoints            1   47.8ms  0.00%  47.8ms   20.7MiB  0.00%  20.7MiB
   Instantiation Xc         1   3.73ms  0.00%  3.73ms    196KiB  0.00%   196KiB
 spglib_get_symmetry        1    1.76s  0.04%   1.76s    234MiB  0.02%   234MiB
 guess_density              1    492ms  0.01%   492ms   37.5MiB  0.00%  37.5MiB
 ──────────────────────────────────────────────────────────────────────────────
