#
#-- optimal_damping SiO2 n_repeat=21 -- mixing=RestaMixing(1.0, 2.4, 1.0)
#

Starting Arnoldi (now = 2020-07-26T14:00:30.797 ...

#--- 1 ---#
idcs      evals   residnorms   |P(X)|
  1    0.985922   0.0510712  3.50158e-16

#--- 2 ---#
idcs      evals   residnorms   |P(X)|
  1    0.984459   0.0540299  3.4983e-16
  2     1.50462     0.55117  3.52647e-16

#--- 3 ---#
idcs      evals   residnorms   |P(X)|
  1    0.918998    0.179425  3.52233e-16
  2    0.993161   0.0917415  3.50102e-16
  3     2.09946    0.187851  3.49464e-16

#--- 4 ---#
idcs      evals   residnorms   |P(X)|
  1    0.809259    0.159165  3.51701e-16
  2    0.987816   0.0429453  3.48769e-16
  3       1.341    0.334743  3.51495e-16
  4     2.12703   0.0886711  3.51474e-16

#--- 5 ---#
idcs      evals   residnorms   |P(X)|
  1    0.748138    0.126209  3.51605e-16
  2    0.984663   0.0538474  3.50011e-16
  3     1.09652    0.208914  3.51268e-16
  4     1.79808    0.333799  3.50873e-16
  5     2.13795   0.0827584  3.50921e-16

#--- 6 ---#
idcs      evals   residnorms   |P(X)|
  1     0.69847   0.0806454  3.55446e-16
  2    0.929082     0.10982  3.52981e-16
  3    0.992329   0.0469775  3.51185e-16
  4     1.33862    0.151844  3.53713e-16
  5     1.95749    0.114539  3.55902e-16
  6     2.15808   0.0392793  3.5388e-16

#--- 7 ---#
idcs      evals   residnorms   |P(X)|
  1    0.692017   0.0861793  3.54059e-16
  2    0.869538    0.139245  3.52854e-16
  3    0.988606   0.0388315  3.51033e-16
  4     1.22081    0.327307  3.51302e-16
  5     1.42506    0.337851  3.50507e-16
  6     1.98393   0.0794992  3.51299e-16
  7     2.15877   0.0244942  3.52634e-16

#--- 8 ---#
idcs      evals   residnorms   |P(X)|
  1    0.685272   0.0757477  3.51687e-16
  2    0.799922    0.121814  3.5251e-16
  3    0.984207   0.0465962  3.50607e-16
  4     1.05138    0.149135  3.51872e-16
  5     1.34346    0.125758  3.53457e-16
  6     1.89264    0.269284  3.55034e-16
  7     2.03045    0.203671  3.52831e-16
  8     2.16003   0.0377802  3.50471e-16

#--- 9 ---#
idcs      evals   residnorms   |P(X)|
  1    0.665303   0.0668561  3.5191e-16
  2    0.761596    0.108521  3.53845e-16
  3    0.919413    0.111371  3.51129e-16
  4    0.990737   0.0330942  3.50538e-16
  5     1.20795    0.156349  3.56591e-16
  6     1.35543    0.100205  3.54308e-16
  7     1.95301    0.046211  3.56512e-16
  8     2.10151     0.07712  3.56426e-16
  9     2.16502   0.0242158  3.52992e-16

#--- 10 ---#
idcs      evals   residnorms   |P(X)|
  1    0.658592   0.0522111  3.51648e-16
  2    0.753892   0.0886382  3.54524e-16
  3    0.891581    0.100782  3.52291e-16
  4    0.989091   0.0262133  3.5047e-16
  5     1.16294    0.178491  3.56234e-16
  6     1.33661    0.157914  3.568e-16
  7     1.60326    0.474197  3.50031e-16
  8     1.95475   0.0575558  3.52311e-16
  9     2.11451   0.0748937  3.55555e-16
 10     2.16552   0.0267879  3.52972e-16

#--- 11 ---#
idcs      evals   residnorms   |P(X)|
  1    0.650159   0.0446332  3.52843e-16
  2    0.744475    0.089665  3.52688e-16
  3      0.8418    0.128591  3.53962e-16
  4    0.981195   0.0884209  3.49909e-16
  5     1.01272    0.152937  3.48563e-16
  6     1.20971    0.129564  3.56668e-16
  7     1.36545    0.065837  3.5524e-16
  8     1.93892     0.08659  3.5301e-16
  9     2.02624     0.17861  3.54346e-16
 10     2.13853    0.103788  3.5971e-16
 11     2.17037   0.0565814  3.46473e-16

#--- 12 ---#
idcs      evals   residnorms   |P(X)|
  1     0.64482   0.0330522  3.50642e-16
  2    0.720527   0.0639047  3.56344e-16
  3    0.809806   0.0889999  3.57947e-16
  4    0.932249   0.0819405  3.50967e-16
  5    0.991103   0.0233339  3.49232e-16
  7     1.32927    0.113031  3.56113e-16
  8     1.44551    0.173054  3.52676e-16
  9     1.94794   0.0229528  3.5327e-16
 10     2.06626   0.0585606  3.57074e-16
 11     2.15348   0.0353197  3.57163e-16
 12     2.18161   0.0444595  3.48585e-16

#--- 13 ---#
idcs      evals   residnorms   |P(X)|
  1    0.643271   0.0289852  3.49378e-16
  2    0.712607   0.0577292  3.53832e-16
  3    0.807868   0.0934383  3.56347e-16
  4    0.910828    0.104651  3.50143e-16
  5    0.989698   0.0284025  3.4972e-16
  8     1.36918    0.117334  3.51499e-16
  9     1.63567    0.347963  3.49169e-16
 10     1.94894   0.0242171  3.51907e-16
 11      2.0717   0.0483321  3.55961e-16
 12      2.1565   0.0258509  3.5392e-16
 13     2.18395   0.0373176  3.51269e-16

#--- 14 ---#
idcs      evals   residnorms   |P(X)|
  1    0.641071   0.0268768  3.51405e-16
  2    0.697818   0.0603834  3.49875e-16
  3    0.781303    0.102834  3.52468e-16
  4    0.850474    0.115772  3.51179e-16
  5     0.96364   0.0880891  3.50623e-16
  9     1.44166   0.0962128  3.52214e-16
 10     1.93326     0.13045  3.49257e-16
 11      1.9627    0.123457  3.5541e-16
 12     2.08095   0.0513344  3.59264e-16
 13     2.15823   0.0187751  3.53798e-16
 14     2.18774    0.028561  3.51632e-16

#--- 15 ---#
idcs      evals   residnorms   |P(X)|
  1    0.638814   0.0293459  3.52703e-16
  2    0.686222    0.067966  3.5378e-16
  3    0.753257   0.0869719  3.56402e-16
  4    0.838374   0.0942138  3.54457e-16
  5    0.939427   0.0873699  3.51125e-16
 10     1.48489    0.150702  3.5616e-16
 11     1.94451   0.0280098  3.5373e-16
 12     1.99857   0.0887117  3.51813e-16
 13      2.0851   0.0364139  3.54412e-16
 14     2.15838   0.0104589  3.54438e-16
 15     2.18908   0.0153464  3.52551e-16

#--- 16 ---#
idcs      evals   residnorms   |P(X)|
  1    0.637267   0.0212554  3.53907e-16
  2    0.681464   0.0512216  3.5293e-16
  3    0.739993   0.0599406  3.55259e-16
  4    0.831734   0.0704932  3.56859e-16
  5    0.920718    0.083233  3.51929e-16
 11     1.84413    0.331873  3.54386e-16
 12     1.94874   0.0524153  3.52848e-16
 13     2.03311    0.167296  3.50005e-16
 14     2.09391   0.0880238  3.57222e-16
 15     2.15841   0.0175094  3.55316e-16
 16     2.18972   0.0221268  3.49659e-16

#--- 17 ---#
idcs      evals   residnorms   |P(X)|
  1    0.635572   0.0191058  3.48847e-16
  2     0.67073   0.0424843  3.5567e-16
  3    0.730646   0.0535393  3.49767e-16
  4     0.79974   0.0755715  3.55396e-16
  5    0.877966   0.0906369  3.52701e-16
 12     1.93678   0.0402937  3.49745e-16
 13     1.96218   0.0469353  3.57182e-16
 14     2.07455   0.0354253  3.54104e-16
 15     2.13608   0.0747425  3.55106e-16
 16     2.16045   0.0232394  3.57006e-16
 17     2.19154   0.0178905  3.53273e-16

#--- 18 ---#
idcs      evals   residnorms   |P(X)|
  1    0.634856   0.0189101  3.49957e-16
  2    0.666938   0.0411153  3.57902e-16
  3    0.726697   0.0564044  3.53928e-16
  4    0.787342   0.0846508  3.58341e-16
  5    0.865694   0.0961637  3.51643e-16
 13     1.93912    0.028128  3.4744e-16
 14     1.96725   0.0406151  3.55281e-16
 15     2.07651   0.0232114  3.58153e-16
 16     2.14397   0.0470883  3.54119e-16
 17     2.16224   0.0224741  3.54813e-16
 18     2.19198   0.0141076  3.54742e-16

#--- 19 ---#
idcs      evals   residnorms   |P(X)|
  1    0.634001   0.0147378  3.53499e-16
  2    0.661772   0.0317804  3.53511e-16
  3    0.715962   0.0470821  3.48627e-16
  4    0.771277   0.0731744  3.55461e-16
  5     0.83719   0.0736698  3.57972e-16
 14     1.94799   0.0746849  3.54429e-16
 15     1.99487    0.139084  3.5233e-16
 16     2.07888   0.0328383  3.56962e-16
 17     2.15252   0.0448829  3.55271e-16
 18     2.16352   0.0383404  3.55764e-16
 19     2.19263   0.0152858  3.56502e-16

#--- 20 ---#
idcs      evals   residnorms   |P(X)|
  1    0.633413   0.0147488  3.55309e-16
  2    0.658994   0.0331281  3.57083e-16
  3    0.706643   0.0526723  3.50654e-16
  4    0.759128   0.0733756  3.57489e-16
  5    0.817505   0.0722486  3.52697e-16
 15     1.95686   0.0321827  3.57919e-16
 16     2.02941   0.0800569  3.47583e-16
 17     2.08132   0.0247415  3.57552e-16
 18     2.15364   0.0191638  3.55226e-16
 19     2.16661   0.0215242  3.52943e-16
 20     2.19308  0.00847159  3.52735e-16

#--- 21 ---#
idcs      evals   residnorms   |P(X)|
  1    0.633012   0.0122531  3.54872e-16
  2    0.657649   0.0287532  3.51514e-16
  3    0.701846   0.0504298  3.53434e-16
  4    0.749892   0.0643229  3.58142e-16
  5    0.808799   0.0691447  3.55163e-16
 16     1.95995   0.0439737  3.58445e-16
 17     2.04595   0.0957798  3.53378e-16
 18     2.08305   0.0385889  3.54391e-16
 19      2.1541    0.018724  3.52282e-16
 20     2.16789   0.0228853  3.547e-16
 21     2.19321  0.00856977  3.55744e-16

#--- 22 ---#
idcs      evals   residnorms   |P(X)|
  1    0.632667  0.00814429  3.55475e-16
  2     0.65602    0.020231  3.57011e-16
  3    0.695634    0.037616  3.54485e-16
  4    0.741505   0.0448862  3.61342e-16
  5    0.801192   0.0614125  3.57215e-16
 17     1.98918     0.10379  3.49569e-16
 18     2.07545   0.0480695  3.57305e-16
 19     2.11038    0.114987  3.52532e-16
 20     2.15646   0.0266212  3.53739e-16
 21     2.17025   0.0375696  3.51902e-16
 22     2.19354   0.0110961  3.51938e-16

#--- 23 ---#
idcs      evals   residnorms   |P(X)|
  1    0.632435   0.0107296  3.52834e-16
  2    0.654023   0.0287501  3.56165e-16
  3    0.689261   0.0569791  3.54204e-16
  4    0.733083   0.0698575  3.6215e-16
  5    0.785187    0.111595  3.55294e-16
 18     2.00239   0.0408139  3.49545e-16
 19     2.07765    0.015085  3.53231e-16
 20     2.12579   0.0482718  3.48231e-16
 21      2.1571   0.0137135  3.52094e-16
 22     2.17266   0.0204662  3.50382e-16
 23     2.19371  0.00586407  3.5512e-16

 ──────────────────────────────────────────────────────────────────────────────
                                       Time                   Allocations      
                               ──────────────────────   ───────────────────────
       Tot / % measured:           30545s / 100%            61594GiB / 100%    

 Section               ncalls     time   %tot     avg     alloc   %tot      avg
 ──────────────────────────────────────────────────────────────────────────────
 apply_χ0                  23   30517s   100%   1327s   61580GiB 100%   2677GiB
   Hamiltonian mult...   294k    3271s  10.7%  11.1ms    737GiB  1.20%  2.57MiB
 PlaneWaveBasis             1    4.39s  0.01%   4.39s   1.78GiB  0.00%  1.78GiB
   Instantiation Ewald      1    2.69s  0.01%   2.69s   0.97GiB  0.00%  0.97GiB
   Instantiation At...      1    1.15s  0.00%   1.15s    772MiB  0.00%   772MiB
   Instantiation At...      1    505ms  0.00%   505ms   15.8MiB  0.00%  15.8MiB
   build_kpoints            1   34.0ms  0.00%  34.0ms   20.7MiB  0.00%  20.7MiB
   Instantiation Ha...      1   2.30ms  0.00%  2.30ms   5.28MiB  0.00%  5.28MiB
   Instantiation Ki...      1   1.83ms  0.00%  1.83ms   1.64MiB  0.00%  1.64MiB
   Instantiation Ps...      1    125μs  0.00%   125μs   1.64KiB  0.00%  1.64KiB
   Instantiation Xc         1   4.83μs  0.00%  4.83μs     32.0B  0.00%    32.0B
 mixing Resta              23    159ms  0.00%  6.90ms    243MiB  0.00%  10.6MiB
 spglib_get_symmetry        1   4.37ms  0.00%  4.37ms    127KiB  0.00%   127KiB
 ──────────────────────────────────────────────────────────────────────────────
