#
#-- optimal_damping SiO2 n_repeat=21 -- mixing=KerkerMixing(1.0, 1.0)
#

Starting Arnoldi (now = 2020-07-26T08:34:36.765 ...

#--- 1 ---#
idcs      evals   residnorms   |P(X)|
  1    0.985269   0.0640779  3.50798e-16

#--- 2 ---#
idcs      evals   residnorms   |P(X)|
  1    0.585952    0.698228  3.52605e-16
  2    0.987617    0.110703  3.50706e-16

#--- 3 ---#
idcs      evals   residnorms   |P(X)|
  1   0.0592084    0.256549  3.54695e-16
  2    0.984969   0.0326971  3.5069e-16
  3     1.69496    0.382879  3.51293e-16

#--- 4 ---#
idcs      evals   residnorms   |P(X)|
  1   0.0342506   0.0763012  3.53236e-16
  2    0.797871    0.217394  3.50136e-16
  3    0.988724   0.0329822  3.49685e-16
  4      1.9426    0.103047  3.5121e-16

#--- 5 ---#
idcs      evals   residnorms   |P(X)|
  1   0.0280798    0.047325  3.56855e-16
  2    0.618382    0.319483  3.52985e-16
  3     0.98163    0.119587  3.49992e-16
  4     1.05282     0.35678  3.51744e-16
  5     1.93725   0.0477239  3.50582e-16

#--- 6 ---#
idcs      evals   residnorms   |P(X)|
  1   0.0210702   0.0275597  3.57928e-16
  2    0.453552    0.251523  3.51876e-16
  3    0.869726    0.216699  3.52444e-16
  4    0.989872    0.044469  3.5032e-16
  5     1.55327     0.42871  3.54353e-16
  6     1.94129   0.0485862  3.52299e-16

#--- 7 ---#
idcs      evals   residnorms   |P(X)|
  1   0.0214791   0.0223814  3.58954e-16
  2    0.272374    0.217832  3.5559e-16
  3    0.695527    0.203936  3.51001e-16
  4    0.981231   0.0853572  3.49111e-16
  5     1.03098    0.189817  3.50348e-16
  6     1.82586    0.193422  3.5348e-16
  7     1.95518   0.0586504  3.51057e-16

#--- 8 ---#
idcs      evals   residnorms   |P(X)|
  1   0.0199716   0.0155002  3.57356e-16
  2    0.189263    0.146806  3.51375e-16
  3    0.554693    0.180834  3.50483e-16
  4    0.858451    0.166401  3.48628e-16
  5    0.988862   0.0318659  3.50468e-16
  6     1.19298    0.206145  3.50455e-16
  7     1.87099   0.0760994  3.54485e-16
  8     1.95618   0.0319361  3.54623e-16

#--- 9 ---#
idcs      evals   residnorms   |P(X)|
  1   0.0189774   0.0118839  3.56139e-16
  2    0.164093    0.117115  3.53383e-16
  3    0.513643    0.224786  3.53406e-16
  4    0.770706    0.292649  3.51418e-16
  5    0.983203    0.122702  3.50056e-16
  6     1.03257    0.325765  3.49332e-16
  7     1.35578    0.405652  3.52233e-16
  8     1.87604    0.063991  3.5613e-16
  9     1.95666   0.0255177  3.54769e-16

#--- 10 ---#
idcs      evals   residnorms   |P(X)|
  1   0.0200725  0.00862834  3.57486e-16
  2    0.129044   0.0907169  3.51883e-16
  3    0.364479    0.179228  3.51602e-16
  4    0.622894    0.140175  3.56313e-16
  5    0.880236    0.108277  3.5048e-16
  6    0.989277   0.0212113  3.50349e-16
  7     1.18785    0.118039  3.49756e-16
  8     1.80455    0.235502  3.53258e-16
  9     1.90397    0.149054  3.54109e-16
 10     1.96097   0.0559805  3.50458e-16

#--- 11 ---#
idcs      evals   residnorms   |P(X)|
  1   0.0194662  0.00720727  3.57936e-16
  2    0.102997   0.0854979  3.57166e-16
  3    0.246557    0.128198  3.56338e-16
  4    0.534895    0.121341  3.53479e-16
  5    0.741197    0.152043  3.53864e-16
  6    0.922557    0.098264  3.50374e-16
  7    0.990878   0.0214808  3.50112e-16
  8      1.2152   0.0579498  3.52333e-16
  9     1.83492    0.042808  3.5178e-16
 10     1.92867   0.0411484  3.56185e-16
 11     1.96657   0.0259767  3.52788e-16

#--- 12 ---#
idcs      evals   residnorms   |P(X)|
  1   0.0187311  0.00591647  3.54665e-16
  2    0.098273   0.0731752  3.5012e-16
  3    0.241325    0.129307  3.51237e-16
  4    0.501765    0.197918  3.5656e-16
  5    0.675398    0.235839  3.55266e-16
  7    0.989349   0.0458816  3.50239e-16
  8     1.12989    0.469455  3.50632e-16
  9     1.24925    0.306038  3.5256e-16
 10     1.84364   0.0400743  3.5187e-16
 11     1.92906   0.0381278  3.52875e-16
 12     1.96606   0.0223089  3.5166e-16

#--- 13 ---#
idcs      evals   residnorms   |P(X)|
  1   0.0192472  0.00385635  3.56197e-16
  2   0.0841818   0.0501996  3.56682e-16
  3    0.203539   0.0840506  3.56998e-16
  4    0.408287     0.15877  3.52921e-16
  5    0.586323    0.124627  3.53426e-16
  8    0.991228   0.0173866  3.50906e-16
  9     1.21585   0.0378724  3.52632e-16
 10     1.79914    0.280893  3.57225e-16
 11     1.84047    0.154291  3.53168e-16
 12     1.93696   0.0578837  3.56195e-16
 13     1.96899   0.0376862  3.52037e-16

#--- 14 ---#
idcs      evals   residnorms   |P(X)|
  1   0.0191088  0.00257328  3.56487e-16
  2   0.0783945   0.0392778  3.56761e-16
  3    0.176594   0.0768415  3.58494e-16
  4    0.313848    0.118479  3.60387e-16
  5    0.523569   0.0990014  3.53995e-16
  9    0.992775   0.0269962  3.50479e-16
 10     1.21654   0.0176681  3.51861e-16
 11     1.82741    0.026729  3.52374e-16
 12      1.8955   0.0476213  3.57114e-16
 13     1.94593   0.0301802  3.52504e-16
 14     1.97289   0.0221806  3.52821e-16

#--- 15 ---#
idcs      evals   residnorms   |P(X)|
  1   0.0190174  0.00217363  3.63168e-16
  2   0.0736608   0.0363062  3.55835e-16
  3    0.163512   0.0803972  3.60612e-16
  4    0.268973    0.104769  3.54804e-16
  5     0.49118    0.122479  3.55059e-16
 10     1.08847    0.341569  3.52136e-16
 11     1.21915   0.0429016  3.50202e-16
 12     1.82958   0.0139668  3.53588e-16
 13     1.89991   0.0252175  3.53204e-16
 14     1.94657   0.0165525  3.56199e-16
 15     1.97292   0.0117209  3.50961e-16

#--- 16 ---#
idcs      evals   residnorms   |P(X)|
  1   0.0191234  0.00122913  3.60327e-16
  2   0.0738343    0.022827  3.53227e-16
  3    0.157151   0.0536475  3.62485e-16
  4     0.27173    0.086645  3.58482e-16
  5    0.447959    0.158685  3.48706e-16
 11     1.21751   0.0211582  3.50986e-16
 12     1.58783     0.43724  3.59131e-16
 13     1.82962   0.0229538  3.52735e-16
 14     1.89784   0.0317418  3.59821e-16
 15       1.947   0.0175542  3.58435e-16
 16     1.97332   0.0122215  3.53003e-16

#--- 17 ---#
idcs      evals   residnorms   |P(X)|
  1   0.0191393  0.000624211  3.60301e-16
  2   0.0721031   0.0131164  3.51627e-16
  3    0.151257   0.0374612  3.56594e-16
  4    0.245106   0.0632645  3.54726e-16
  5    0.386555    0.116628  3.54321e-16
 12     1.21786   0.0180419  3.5184e-16
 13     1.82546   0.0735481  3.54631e-16
 14     1.85036    0.142278  3.5651e-16
 15     1.90915   0.0589295  3.52795e-16
 16     1.94831    0.025185  3.59003e-16
 17      1.9741    0.014379  3.51631e-16

 ──────────────────────────────────────────────────────────────────────────────
                                       Time                   Allocations      
                               ──────────────────────   ───────────────────────
       Tot / % measured:           20777s / 100%            45305GiB / 100%    

 Section               ncalls     time   %tot     avg     alloc   %tot      avg
 ──────────────────────────────────────────────────────────────────────────────
 apply_χ0                  17   20757s   100%   1221s   45295GiB 100%   2664GiB
   Hamiltonian mult...   186k    1941s  9.35%  10.4ms    467GiB  1.03%  2.57MiB
 PlaneWaveBasis             1    4.44s  0.02%   4.44s   1.78GiB  0.00%  1.78GiB
   Instantiation Ewald      1    2.64s  0.01%   2.64s   0.97GiB  0.00%  0.97GiB
   Instantiation At...      1    1.28s  0.01%   1.28s    772MiB  0.00%   772MiB
   Instantiation At...      1    487ms  0.00%   487ms   15.8MiB  0.00%  15.8MiB
   build_kpoints            1   27.4ms  0.00%  27.4ms   20.7MiB  0.00%  20.7MiB
   Instantiation Ha...      1   2.49ms  0.00%  2.49ms   5.28MiB  0.00%  5.28MiB
   Instantiation Ki...      1   1.46ms  0.00%  1.46ms   1.64MiB  0.00%  1.64MiB
   Instantiation Ps...      1   99.3μs  0.00%  99.3μs   1.64KiB  0.00%  1.64KiB
   Instantiation Xc         1   1.18μs  0.00%  1.18μs     32.0B  0.00%    32.0B
 mixing Kerker             17    101ms  0.00%  5.91ms    180MiB  0.00%  10.6MiB
 spglib_get_symmetry        1   4.38ms  0.00%  4.38ms    127KiB  0.00%   127KiB
 ──────────────────────────────────────────────────────────────────────────────
