#
#-- optimal_damping SiO2 n_repeat=21 -- mixing=RestaMixing(1.0, 14, 1.0)
#

Starting Arnoldi (now = 2020-07-26T13:04:18.071 ...

#--- 1 ---#
idcs      evals   residnorms   |P(X)|
  1    0.985241    0.061318  3.49373e-16

#--- 2 ---#
idcs      evals   residnorms   |P(X)|
  1    0.621184    0.621145  3.52621e-16
  2    0.987693    0.103249  3.4945e-16

#--- 3 ---#
idcs      evals   residnorms   |P(X)|
  1    0.229116    0.226848  3.57101e-16
  2    0.985323   0.0313187  3.49519e-16
  3     1.72937    0.390842  3.52452e-16

#--- 4 ---#
idcs      evals   residnorms   |P(X)|
  1    0.207932   0.0737991  3.54998e-16
  2     0.85992    0.209329  3.51564e-16
  3    0.990123   0.0451341  3.49332e-16
  4     1.96274    0.101875  3.54646e-16

#--- 5 ---#
idcs      evals   residnorms   |P(X)|
  1    0.205445   0.0455255  3.62229e-16
  2    0.735903     0.25298  3.54555e-16
  3    0.986757   0.0467066  3.51346e-16
  4     1.24462    0.444795  3.52274e-16
  5     1.96283   0.0657649  3.5116e-16

#--- 6 ---#
idcs      evals   residnorms   |P(X)|
  1    0.197506   0.0254344  3.56007e-16
  2    0.583059    0.218604  3.54364e-16
  3    0.936499     0.18896  3.50601e-16
  4    0.994019     0.07853  3.50227e-16
  5     1.72322    0.313935  3.56471e-16
  6     1.97616   0.0722688  3.52109e-16

#--- 7 ---#
idcs      evals   residnorms   |P(X)|
  1    0.198682   0.0179927  3.52614e-16
  2       0.442    0.184335  3.57343e-16
  3    0.785362    0.170742  3.49871e-16
  4     0.98675   0.0359341  3.50012e-16
  5     1.11895    0.197193  3.49898e-16
  6     1.85386    0.115558  3.54247e-16
  7     1.99124   0.0475729  3.52411e-16

#--- 8 ---#
idcs      evals   residnorms   |P(X)|
  1    0.197051    0.016172  3.56253e-16
  2    0.362094     0.17168  3.54371e-16
  3    0.669677    0.215148  3.55094e-16
  4    0.913439    0.202279  3.51618e-16
  5    0.990881   0.0518329  3.49925e-16
  6     1.25331     0.21335  3.51489e-16
  7      1.8685   0.0521461  3.5774e-16
  8     1.98995   0.0205469  3.54713e-16

#--- 9 ---#
idcs      evals   residnorms   |P(X)|
  1    0.195625  0.00895889  3.55057e-16
  2    0.328624     0.09072  3.5492e-16
  3    0.614998    0.127093  3.50724e-16
  4    0.863797    0.122765  3.51682e-16
  5    0.988665   0.0249986  3.51096e-16
  6     1.17847    0.160429  3.50341e-16
  7     1.70644    0.423437  3.50776e-16
  8     1.88243    0.123881  3.57491e-16
  9     1.99176   0.0340169  3.55881e-16

#--- 10 ---#
idcs      evals   residnorms   |P(X)|
  1    0.196532  0.00512003  3.56817e-16
  2     0.30059    0.057857  3.55994e-16
  3    0.532016    0.127175  3.54209e-16
  4    0.721344    0.132795  3.55958e-16
  5     0.91506   0.0889101  3.51072e-16
  6    0.990545   0.0191066  3.50145e-16
  7     1.21901   0.0584591  3.5182e-16
  8     1.84841   0.0485718  3.56246e-16
  9     1.95003   0.0816068  3.51341e-16
 10     1.99836   0.0333415  3.57443e-16

#--- 11 ---#
idcs      evals   residnorms   |P(X)|
  1    0.196715  0.00546597  3.61858e-16
  2     0.29898   0.0827532  3.54565e-16
  3    0.461511    0.227787  3.52394e-16
  4    0.650941    0.208835  3.54929e-16
  5    0.855313    0.239932  3.53903e-16
  6    0.982998    0.160765  3.50532e-16
  7     1.00974     0.27826  3.5011e-16
  8     1.23076   0.0935823  3.50097e-16
  9     1.85007   0.0243916  3.54982e-16
 10     1.95896    0.041069  3.52747e-16
 11     1.99806   0.0195753  3.54334e-16

#--- 12 ---#
idcs      evals   residnorms   |P(X)|
  1    0.196147  0.00328801  3.62498e-16
  2    0.284318   0.0576707  3.56708e-16
  3    0.401883    0.129226  3.50063e-16
  4    0.598764    0.109149  3.56813e-16
  5    0.774736    0.117267  3.52625e-16
  7    0.991266   0.0179012  3.50342e-16
  8      1.2224   0.0407373  3.49865e-16
  9     1.74236     0.36811  3.52035e-16
 10     1.85393   0.0700236  3.55073e-16
 11     1.96436   0.0631884  3.56472e-16
 12     2.00019   0.0314203  3.59108e-16

#--- 13 ---#
idcs      evals   residnorms   |P(X)|
  1    0.196275  0.00238039  3.64407e-16
  2    0.270618   0.0539701  3.56227e-16
  3    0.353262   0.0856399  3.51856e-16
  4    0.545495    0.102737  3.54622e-16
  5    0.696586    0.124719  3.53496e-16
  8    0.993425   0.0326957  3.50747e-16
  9     1.22368   0.0182982  3.50113e-16
 10     1.84242   0.0335069  3.55832e-16
 11     1.89617   0.0753205  3.56433e-16
 12     1.97335   0.0346092  3.50428e-16
 13      2.0028   0.0196448  3.56582e-16

#--- 14 ---#
idcs      evals   residnorms   |P(X)|
  1    0.196335  0.00242322  3.55264e-16
  2    0.265996   0.0696721  3.54909e-16
  3    0.330403   0.0946432  3.60266e-16
  4    0.506277     0.15337  3.51929e-16
  5    0.646037    0.172396  3.53722e-16
  9     1.09462    0.355112  3.49976e-16
 10     1.22546   0.0450366  3.49498e-16
 11     1.84384   0.0168336  3.52542e-16
 12     1.90188   0.0398245  3.55248e-16
 13     1.97603   0.0186823  3.49764e-16
 14     2.00267   0.0110425  3.57398e-16

 ──────────────────────────────────────────────────────────────────────────────
                                       Time                   Allocations      
                               ──────────────────────   ───────────────────────
       Tot / % measured:           19254s / 100%            37313GiB / 100%    

 Section               ncalls     time   %tot     avg     alloc   %tot      avg
 ──────────────────────────────────────────────────────────────────────────────
 apply_χ0                  14   19235s   100%   1374s   37305GiB 100%   2665GiB
   Hamiltonian mult...   154k    1753s  9.11%  11.4ms    386GiB  1.03%  2.57MiB
 PlaneWaveBasis             1    4.70s  0.02%   4.70s   1.78GiB  0.00%  1.78GiB
   Instantiation Ewald      1    2.77s  0.01%   2.77s   0.97GiB  0.00%  0.97GiB
   Instantiation At...      1    1.39s  0.01%   1.39s    772MiB  0.00%   772MiB
   Instantiation At...      1    499ms  0.00%   499ms   15.8MiB  0.00%  15.8MiB
   build_kpoints            1   29.2ms  0.00%  29.2ms   20.7MiB  0.00%  20.7MiB
   Instantiation Ha...      1   3.52ms  0.00%  3.52ms   5.28MiB  0.00%  5.28MiB
   Instantiation Ki...      1   1.75ms  0.00%  1.75ms   1.64MiB  0.00%  1.64MiB
   Instantiation Ps...      1    150μs  0.00%   150μs   1.64KiB  0.00%  1.64KiB
   Instantiation Xc         1   5.52μs  0.00%  5.52μs     32.0B  0.00%    32.0B
 mixing Resta              14   89.3ms  0.00%  6.38ms    148MiB  0.00%  10.6MiB
 spglib_get_symmetry        1   3.87ms  0.00%  3.87ms    127KiB  0.00%   127KiB
 ──────────────────────────────────────────────────────────────────────────────
