#
#-- optimal_damping SiO2 n_repeat=21 -- mixing=SimpleMixing(1.0)
#

Starting Arnoldi (now = 2020-07-26T09:49:05.165 ...

#--- 1 ---#
idcs      evals   residnorms   |P(X)|
  1    0.999589   0.0579162  3.50143e-16

#--- 2 ---#
idcs      evals   residnorms   |P(X)|
  1    0.999004   0.0217193  3.50586e-16
  2     2.89147    0.709778  3.54497e-16

#--- 3 ---#
idcs      evals   residnorms   |P(X)|
  1    0.998764   0.0165778  3.50236e-16
  2     1.86326    0.692702  3.54227e-16
  3     3.01603    0.399489  3.52644e-16

#--- 4 ---#
idcs      evals   residnorms   |P(X)|
  1    0.998484   0.0122913  3.50048e-16
  2     1.34212    0.321656  3.52537e-16
  3     2.56699    0.382306  3.56358e-16
  4     3.06361    0.222953  3.54932e-16

#--- 5 ---#
idcs      evals   residnorms   |P(X)|
  1    0.998223   0.0154379  3.49139e-16
  2     1.15553    0.262539  3.52091e-16
  3     1.75389    0.380784  3.50469e-16
  4      2.7708    0.174642  3.52839e-16
  5     3.03445    0.104679  3.54576e-16

#--- 6 ---#
idcs      evals   residnorms   |P(X)|
  1    0.997904   0.0202236  3.49168e-16
  2      1.0683    0.179323  3.52235e-16
  3     1.51174    0.273983  3.52343e-16
  4     2.21769    0.361251  3.55681e-16
  5     2.80203     0.12499  3.5621e-16
  6     3.05579   0.0554841  3.53375e-16

#--- 7 ---#
idcs      evals   residnorms   |P(X)|
  1    0.997128   0.0297975  3.49267e-16
  2     1.03413    0.146953  3.49718e-16
  3     1.40642    0.309063  3.52347e-16
  4     1.79835    0.416634  3.51067e-16
  5     2.47815    0.303187  3.52585e-16
  6     2.79534     0.13275  3.52765e-16
  7     3.07876   0.0345733  3.55216e-16

#--- 8 ---#
idcs      evals   residnorms   |P(X)|
  1    0.994688   0.0489467  3.49247e-16
  2      1.0093   0.0826373  3.49828e-16
  3     1.31272    0.205608  3.53463e-16
  4     1.61958    0.225868  3.56439e-16
  5     2.29621    0.292883  3.51734e-16
  6     2.66389    0.201913  3.52256e-16
  7     2.93175     0.24765  3.51597e-16
  8     3.08831   0.0544635  3.52947e-16

#--- 9 ---#
idcs      evals   residnorms   |P(X)|
  1    0.983156   0.0611084  3.53555e-16
  2     1.00067   0.0287196  3.4959e-16
  3     1.21375    0.163381  3.52432e-16
  4     1.47344    0.190581  3.5543e-16
  5     1.79689    0.197916  3.57725e-16
  6     2.38452    0.111105  3.51088e-16
  7     2.73175   0.0545562  3.52528e-16
  8     2.99345   0.0749706  3.55789e-16
  9     3.10831    0.027949  3.58756e-16

#--- 10 ---#
idcs      evals   residnorms   |P(X)|
  1    0.978317   0.0500003  3.51013e-16
  2     1.00001   0.0185483  3.49899e-16
  3     1.18397    0.148969  3.51036e-16
  4     1.41402    0.194628  3.50651e-16
  5     1.71568    0.230587  3.57249e-16
  6      2.1802    0.487981  3.57831e-16
  7     2.46061    0.256631  3.50779e-16
  8     2.71499   0.0785557  3.51589e-16
  9     3.00002    0.071861  3.51066e-16
 10     3.09812   0.0208054  3.58628e-16

#--- 11 ---#
idcs      evals   residnorms   |P(X)|
  1    0.974578   0.0310445  3.52073e-16
  2    0.999602   0.0102883  3.5044e-16
  3     1.15034    0.108476  3.50093e-16
  4       1.335    0.152057  3.5581e-16
  5     1.59671    0.175156  3.56129e-16
  6     1.86179    0.183468  3.58214e-16
  7     2.40464   0.0972041  3.50851e-16
  8     2.68306     0.10464  3.53064e-16
  9     2.85975    0.261097  3.51409e-16
 10     3.00137     0.10759  3.5182e-16
 11     3.09943   0.0221661  3.51899e-16

#--- 12 ---#
idcs      evals   residnorms   |P(X)|
  1    0.972759   0.0307907  3.5175e-16
  2    0.999446    0.010475  3.49574e-16
  3     1.11117    0.123533  3.50418e-16
  4     1.27245    0.170274  3.51854e-16
  5     1.50046    0.191348  3.55216e-16
  7     2.02679    0.293818  3.52162e-16
  8     2.40962   0.0706199  3.50133e-16
  9     2.71313   0.0394432  3.55701e-16
 10     2.92096    0.134818  3.56712e-16
 11     3.02404   0.0794502  3.52565e-16
 12     3.09341   0.0160845  3.51584e-16

 ──────────────────────────────────────────────────────────────────────────────
                                       Time                   Allocations      
                               ──────────────────────   ───────────────────────
       Tot / % measured:           15073s / 100%            32004GiB / 100%    

 Section               ncalls     time   %tot     avg     alloc   %tot      avg
 ──────────────────────────────────────────────────────────────────────────────
 apply_χ0                  12   15055s   100%   1255s   31998GiB 100%   2666GiB
   Hamiltonian mult...   135k    1539s  10.2%  11.4ms    338GiB  1.06%  2.57MiB
 PlaneWaveBasis             1    5.46s  0.04%   5.46s   1.78GiB  0.01%  1.78GiB
   Instantiation Ewald      1    3.65s  0.02%   3.65s   0.97GiB  0.00%  0.97GiB
   Instantiation At...      1    1.00s  0.01%   1.00s    772MiB  0.00%   772MiB
   Instantiation At...      1    533ms  0.00%   533ms   15.8MiB  0.00%  15.8MiB
   build_kpoints            1    270ms  0.00%   270ms   20.7MiB  0.00%  20.7MiB
   Instantiation Ha...      1   2.69ms  0.00%  2.69ms   5.28MiB  0.00%  5.28MiB
   Instantiation Ki...      1   2.20ms  0.00%  2.20ms   1.64MiB  0.00%  1.64MiB
   Instantiation Ps...      1    161μs  0.00%   161μs   1.64KiB  0.00%  1.64KiB
   Instantiation Xc         1   5.69μs  0.00%  5.69μs     32.0B  0.00%    32.0B
 spglib_get_symmetry        1   4.14ms  0.00%  4.14ms    127KiB  0.00%   127KiB
 mixing Simple             12    127μs  0.00%  10.6μs     0.00B  0.00%    0.00B
 ──────────────────────────────────────────────────────────────────────────────
