#
#-- SCF SiO2 n_repeat=21 -- mixing=RestaMixing(0.91, 14, 1.0)
#

hostname       = clustern13

started on     = 2020-08-07T22:24:57.86
julia threads  = 4
BLAS threads   = 4

temperature    = 0.0
smearing       = DFTK.Smearing.None()
lattice        = [9.421 -4.71 0.0; 0.0 8.159 0.0; 0.0 0.0 72.47]
Ecut           = 20
fft_size       = (32, 32, 225)
kgrid          = [3, 3, 1]
irreducible k  = 9
n_bands        = 181
n_electr       = 336
mixing         = RestaMixing(0.91, 14, 1.0)
n     Energy            Eₙ-Eₙ₋₁     ρout-ρin   Diag
---   ---------------   ---------   --------   ----
  1   -585.0109563116         NaN   1.64e+01    20.6 
  2   -706.7110934311   -1.22e+02   7.17e+00    42.3 
  3   -727.9803657304   -2.13e+01   1.98e+00    35.1 
  4   -729.1835988596   -1.20e+00   1.62e+00    51.9 
  5   -731.0880962668   -1.90e+00   2.72e-01    46.1 
  6   -731.1466549668   -5.86e-02   8.96e-02    28.7 
  7   -731.1527993557   -6.14e-03   2.45e-02    25.3 
  8   -731.1530551331   -2.56e-04   1.63e-02    22.8 
  9   -731.1533386921   -2.84e-04   2.77e-03    20.1 
 10   -731.1533620700   -2.34e-05   1.79e-03    24.1 
 11   -731.1533766108   -1.45e-05   5.54e-04    26.3 
 12   -731.1533847140   -8.10e-06   3.03e-04    40.1 
 13   -731.1533882356   -3.52e-06   1.94e-04    43.2 
 14   -731.1533902617   -2.03e-06   1.15e-04    44.0 
 15   -731.1533912053   -9.44e-07   5.07e-05    45.7 
 16   -731.1533914238   -2.19e-07   2.56e-05    47.7 
 17   -731.1533914668   -4.30e-08   1.58e-05    46.4 
 18   -731.1533914774   -1.05e-08   8.87e-06    43.7 
 19   -731.1533914809   -3.56e-09   4.24e-06    43.9 
 20   -731.1533914821   -1.20e-09   2.49e-06    45.8 
 21   -731.1533914825   -3.28e-10   1.52e-06    42.4 
 22   -731.1533914826   -1.12e-10   8.07e-07    41.9 
 23   -731.1533914826   -3.39e-11   4.59e-07    42.9 
 24   -731.1533914826   -7.73e-12   1.47e-07    45.4 
Energy breakdown:
    Kinetic             476.3696193
    AtomicLocal         -880.2162315
    AtomicNonlocal      77.1958609
    Ewald               -478.3255819
    PspCorrection       -4.1509555
    Hartree             249.8780557
    Xc                  -171.9041585

    total               -731.153391482630

 ──────────────────────────────────────────────────────────────────────────────
                                       Time                   Allocations      
                               ──────────────────────   ───────────────────────
       Tot / % measured:            6141s / 100%            1645GiB / 100%     

 Section               ncalls     time   %tot     avg     alloc   %tot      avg
 ──────────────────────────────────────────────────────────────────────────────
 self_consistent_field      1    6136s   100%   6136s   1643GiB  100%   1643GiB
   LOBPCG                 216    5817s  94.7%   26.9s   1457GiB  88.6%  6.75GiB
     block multipli...  48.6k    1864s  30.4%  38.3ms    424GiB  25.8%  8.92MiB
     Hamiltonian mu...  8.46k    1271s  20.7%   150ms    208GiB  12.6%  25.1MiB
     rayleigh_ritz      8.25k     867s  14.1%   105ms   14.3GiB  0.87%  1.78MiB
     ortho              35.1k     673s  11.0%  19.2ms    270GiB  16.4%  7.89MiB
   energy_hamiltonian      49     187s  3.05%   3.82s   41.7GiB  2.54%   871MiB
   compute_density         24    66.7s  1.09%   2.78s    139GiB  8.47%  5.81GiB
   QR orthonormaliz...    216    8.56s  0.14%  39.6ms   2.88GiB  0.17%  13.6MiB
   mixing Resta            24    689ms  0.01%  28.7ms    227MiB  0.01%  9.46MiB
 PlaneWaveBasis             1    3.67s  0.06%   3.67s   1.78GiB  0.11%  1.78GiB
   Instantiation Ewald      1    2.19s  0.04%   2.19s   0.97GiB  0.06%  0.97GiB
   Instantiation At...      1    927ms  0.02%   927ms    772MiB  0.05%   772MiB
   Instantiation At...      1    514ms  0.01%   514ms   15.8MiB  0.00%  15.8MiB
   build_kpoints            1   35.8ms  0.00%  35.8ms   20.7MiB  0.00%  20.7MiB
   Instantiation Ha...      1   3.97ms  0.00%  3.97ms   5.28MiB  0.00%  5.28MiB
   Instantiation Ki...      1   1.76ms  0.00%  1.76ms   1.64MiB  0.00%  1.64MiB
   Instantiation Ps...      1    169μs  0.00%   169μs   1.64KiB  0.00%  1.64KiB
   Instantiation Xc         1   2.35μs  0.00%  2.35μs     32.0B  0.00%    32.0B
 guess_density              1    409ms  0.01%   409ms   22.9MiB  0.00%  22.9MiB
 spglib_get_symmetry        1   3.91ms  0.00%  3.91ms    127KiB  0.00%   127KiB
 ──────────────────────────────────────────────────────────────────────────────
