#
#-- SCF SiO2 n_repeat=21 -- mixing=KerkerMixing(1.0, 1.0)
#

hostname       = clustern13

started on     = 2020-08-07T18:34:51.027
julia threads  = 4
BLAS threads   = 4

temperature    = 0.0
smearing       = DFTK.Smearing.None()
lattice        = [9.421 -4.71 0.0; 0.0 8.159 0.0; 0.0 0.0 72.47]
Ecut           = 20
fft_size       = (32, 32, 225)
kgrid          = [3, 3, 1]
irreducible k  = 9
n_bands        = 181
n_electr       = 336
mixing         = KerkerMixing(1.0, 1.0)
n     Energy            Eₙ-Eₙ₋₁     ρout-ρin   Diag
---   ---------------   ---------   --------   ----
  1   -602.4402565689         NaN   1.48e+01    21.2 
  2   -683.2187337667   -8.08e+01   8.96e+00    39.7 
  3   -728.6278773746   -4.54e+01   1.84e+00    38.3 
  4   -730.1951027064   -1.57e+00   1.25e+00    52.1 
  5   -731.1015048324   -9.06e-01   2.43e-01    33.6 
  6   -731.1433444771   -4.18e-02   9.85e-02    24.0 
  7   -731.1517317714   -8.39e-03   3.02e-02    21.2 
  8   -731.1525070226   -7.75e-04   1.31e-02    19.8 
  9   -731.1526944735   -1.87e-04   4.77e-03    12.8 
 10   -731.1527921615   -9.77e-05   2.58e-03    16.7 
 11   -731.1528638164   -7.17e-05   1.73e-03    21.7 
 12   -731.1529068573   -4.30e-05   1.55e-03    23.9 
 13   -731.1529575242   -5.07e-05   1.38e-03    28.4 
 14   -731.1530184393   -6.09e-05   1.20e-03    31.1 
 15   -731.1530797731   -6.13e-05   1.03e-03    33.8 
 16   -731.1531353646   -5.56e-05   8.73e-04    37.2 
 17   -731.1531780998   -4.27e-05   7.52e-04    38.0 
 18   -731.1532267324   -4.86e-05   6.08e-04    39.2 
 19   -731.1532633250   -3.66e-05   5.08e-04    42.9 
 20   -731.1532805411   -1.72e-05   4.69e-04    40.7 
 21   -731.1532885047   -7.96e-06   4.52e-04    36.6 
 22   -731.1532975063   -9.00e-06   4.32e-04    39.4 
 23   -731.1533225727   -2.51e-05   3.70e-04    51.1 
 24   -731.1533559544   -3.34e-05   2.68e-04    57.0 
 25   -731.1533775284   -2.16e-05   1.74e-04    57.3 
 26   -731.1533829010   -5.37e-06   1.37e-04    60.8 
 27   -731.1533898094   -6.91e-06   6.31e-05    61.2 
 28   -731.1533913371   -1.53e-06   2.25e-05    61.0 
 29   -731.1533914817   -1.45e-07   5.53e-06    58.6 
 30   -731.1533914760    5.78e-09   4.48e-06    55.4 
 31   -731.1533914813   -5.33e-09   2.10e-06    56.4 
 32   -731.1533914824   -1.16e-09   1.20e-06    56.6 
 33   -731.1533914825   -1.02e-10   8.44e-07    52.6 
 34   -731.1533914826   -5.37e-11   4.77e-07    52.1 
 35   -731.1533914826   -2.09e-11   2.66e-07    56.7 
 36   -731.1533914826   -2.96e-12   1.72e-07    53.9 
Energy breakdown:
    Kinetic             476.3696189
    AtomicLocal         -880.2162309
    AtomicNonlocal      77.1958609
    Ewald               -478.3255819
    PspCorrection       -4.1509555
    Hartree             249.8780555
    Xc                  -171.9041584

    total               -731.153391482617

 ──────────────────────────────────────────────────────────────────────────────
                                       Time                   Allocations      
                               ──────────────────────   ───────────────────────
       Tot / % measured:           10002s / 100%            2648GiB / 100%     

 Section               ncalls     time   %tot     avg     alloc   %tot      avg
 ──────────────────────────────────────────────────────────────────────────────
 self_consistent_field      1    9997s   100%   9997s   2646GiB  100%   2646GiB
   LOBPCG                 324    9541s  95.4%   29.4s   2369GiB  89.5%  7.31GiB
     block multipli...  78.8k    3093s  30.9%  39.3ms    705GiB  26.6%  9.17MiB
     Hamiltonian mu...  13.7k    2056s  20.6%   150ms    337GiB  12.7%  25.2MiB
     rayleigh_ritz      13.3k    1425s  14.3%   107ms   23.8GiB  0.90%  1.82MiB
     ortho              56.7k    1100s  11.0%  19.4ms    443GiB  16.7%  8.00MiB
   energy_hamiltonian      73     280s  2.80%   3.84s   62.4GiB  2.36%   875MiB
   compute_density         36     103s  1.03%   2.87s    209GiB  7.90%  5.81GiB
   QR orthonormaliz...    324    8.29s  0.08%  25.6ms   2.88GiB  0.11%  9.09MiB
   mixing Kerker           36    492ms  0.00%  13.7ms    303MiB  0.01%  8.41MiB
 PlaneWaveBasis             1    4.00s  0.04%   4.00s   1.79GiB  0.07%  1.79GiB
   Instantiation Ewald      1    2.17s  0.02%   2.17s   0.97GiB  0.04%  0.97GiB
   Instantiation At...      1    936ms  0.01%   936ms    772MiB  0.03%   772MiB
   Instantiation At...      1    481ms  0.00%   481ms   15.8MiB  0.00%  15.8MiB
   build_kpoints            1   33.3ms  0.00%  33.3ms   20.7MiB  0.00%  20.7MiB
   Instantiation Ha...      1   2.44ms  0.00%  2.44ms   5.28MiB  0.00%  5.28MiB
   Instantiation Ki...      1   1.22ms  0.00%  1.22ms   1.64MiB  0.00%  1.64MiB
   Instantiation Ps...      1    226μs  0.00%   226μs   1.64KiB  0.00%  1.64KiB
   Instantiation Xc         1   1.23μs  0.00%  1.23μs     32.0B  0.00%    32.0B
 guess_density              1    409ms  0.00%   409ms   22.9MiB  0.00%  22.9MiB
 spglib_get_symmetry        1   3.92ms  0.00%  3.92ms    127KiB  0.00%   127KiB
 ──────────────────────────────────────────────────────────────────────────────
