#
#-- Firstrun AlSiO2H n_repeat=10 -- mixing=HybridMixing(0.5, 1, 1.0, identity, true, false)
#

hostname       = clustern11

started on     = 2020-07-25T13:57:02.446
julia threads  = 4
BLAS threads   = 4

temperature    = 0.001
smearing       = DFTK.Smearing.Gaussian()
diag(lattice)  = [16.32, 10.35, 67.76]
Ecut           = 20
fft_size       = (54, 36, 216)
kgrid          = [3, 5, 1]
irreducible k  = 15
n_bands        = 198
n_electr       = 368
mixing         = HybridMixing(0.5, 1, 1.0, identity, true, false)
n     Free energy       Eₙ-Eₙ₋₁     ρout-ρin   Diag
---   ---------------   ---------   --------   ----
  1   -605.9321939041         NaN   2.11e+00    22.3 
  2   -607.1496158469   -1.22e+00   1.08e+00    8.8 
  3   -607.4954190660   -3.46e-01   4.01e-01    10.2 
  4   -607.7150231544   -2.20e-01   1.16e-01    10.9 
  5   -607.7818085577   -6.68e-02   6.48e-02    10.3 
  6   -607.8146986125   -3.29e-02   2.86e-02    9.0 
  7   -607.8237007731   -9.00e-03   1.31e-02    7.9 
  8   -607.8255321635   -1.83e-03   6.95e-03    7.3 
  9   -607.8260570948   -5.25e-04   2.34e-03    7.9 
 10   -607.8260740635   -1.70e-05   9.92e-04    8.5 
 11   -607.8260764817   -2.42e-06   3.53e-04    7.6 
 12   -607.8260768218   -3.40e-07   1.67e-04    5.7 
 13   -607.8260770014   -1.80e-07   7.21e-05    6.9 
 14   -607.8260770179   -1.66e-08   3.10e-05    8.2 
 15   -607.8260770184   -4.24e-10   1.43e-05    6.3 
 16   -607.8260770191   -7.69e-10   6.62e-06    7.1 
 17   -607.8260770194   -2.46e-10   2.78e-06    6.5 
 18   -607.8260770194   -1.57e-11   1.09e-06    7.7 
 19   -607.8260770194   -1.44e-11   4.59e-07    6.7 
 20   -607.8260770194   -2.50e-12   1.98e-07    6.4 
Energy breakdown:
    Kinetic             374.8719576
    AtomicLocal         -5517.6859175
    AtomicNonlocal      72.2453083
    Ewald               2010.0807491
    PspCorrection       -10.6153215
    Hartree             2617.9785167
    Xc                  -154.7010643
    Entropy             -0.0003055

    total               -607.826077019416

 ──────────────────────────────────────────────────────────────────────────────
                                       Time                   Allocations      
                               ──────────────────────   ───────────────────────
       Tot / % measured:           16277s / 100%            3988GiB / 100%     

 Section               ncalls     time   %tot     avg     alloc   %tot      avg
 ──────────────────────────────────────────────────────────────────────────────
 self_consistent_field      1   16245s   100%  16245s   3979GiB  100%   3979GiB
   LOBPCG                 300   14547s  89.4%   48.5s   3047GiB  76.4%  10.2GiB
     block multipli...  14.3k    4329s  26.6%   303ms    769GiB  19.3%  55.0MiB
     Hamiltonian mu...  2.89k    3094s  19.0%   1.07s    422GiB  10.6%   150MiB
     rayleigh_ritz      2.59k    2007s  12.3%   776ms   18.1GiB  0.45%  7.16MiB
     ortho              11.5k    1582s  9.73%   138ms    537GiB  13.5%  47.9MiB
   energy_hamiltonian      41     964s  5.93%   23.5s    111GiB  2.79%  2.71GiB
   mixing Hybrid           20     263s  1.62%   13.2s    421GiB  10.6%  21.1GiB
     compute_density       20     233s  1.43%   11.7s    384GiB  9.62%  19.2GiB
   compute_density         20     233s  1.43%   11.7s    384GiB  9.63%  19.2GiB
   QR orthonormaliz...    300    34.0s  0.21%   113ms   10.9GiB  0.27%  37.3MiB
 PlaneWaveBasis             1    16.6s  0.10%   16.6s   7.14GiB  0.18%  7.14GiB
   Instantiation At...      1    6.51s  0.04%   6.51s   4.97GiB  0.12%  4.97GiB
   Instantiation Ewald      1    5.66s  0.03%   5.66s   1.68GiB  0.04%  1.68GiB
   Instantiation At...      1    1.47s  0.01%   1.47s   69.0MiB  0.00%  69.0MiB
   Instantiation Ps...      1    875ms  0.01%   875ms   98.0MiB  0.00%  98.0MiB
   Instantiation Ha...      1    285ms  0.00%   285ms   64.5MiB  0.00%  64.5MiB
   build_kpoints            1    153ms  0.00%   153ms    109MiB  0.00%   109MiB
   Instantiation Ki...      1   93.5ms  0.00%  93.5ms   15.8MiB  0.00%  15.8MiB
   Instantiation Xc         1   3.21ms  0.00%  3.21ms    196KiB  0.00%   196KiB
   Instantiation En...      1   1.82ms  0.00%  1.82ms   71.8KiB  0.00%  71.8KiB
 spglib_get_symmetry        1    1.52s  0.01%   1.52s    234MiB  0.01%   234MiB
 guess_density              1    1.14s  0.01%   1.14s   82.0MiB  0.00%  82.0MiB
 ──────────────────────────────────────────────────────────────────────────────
