#
#-- optimal_damping AlSiO2H n_repeat=10 -- mixing=HybridMixing(1.0, 14, 1.0, identity, true, false)
#

Starting Arnoldi (now = 2020-07-25T18:30:42.87 ...

#--- 1 ---#
idcs      evals   residnorms   |P(X)|
  1    0.974096   0.0517265  4.50496e-16

#--- 2 ---#
idcs      evals   residnorms   |P(X)|
  1    0.774076    0.406278  4.30265e-16
  2    0.982383    0.103018  4.49183e-16

#--- 3 ---#
idcs      evals   residnorms   |P(X)|
  1     0.56875    0.238797  4.26679e-16
  2    0.976872   0.0433163  4.49892e-16
  3     1.65701    0.501679  4.20286e-16

#--- 4 ---#
idcs      evals   residnorms   |P(X)|
  1    0.435661    0.196799  4.16574e-16
  2    0.793255    0.228828  4.40511e-16
  3    0.981585   0.0397619  4.49625e-16
  4     1.91385    0.144479  4.19401e-16

#--- 5 ---#
idcs      evals   residnorms   |P(X)|
  1     0.36314    0.249922  4.11013e-16
  2    0.644432    0.342841  4.21647e-16
  3    0.963561    0.245337  4.45526e-16
  4      1.0115     0.31904  4.36219e-16
  5     1.93451     0.06711  4.18862e-16

#--- 6 ---#
idcs      evals   residnorms   |P(X)|
  1    0.271486      0.1584  4.07232e-16
  2    0.543831    0.172031  4.11964e-16
  3    0.850106     0.16761  4.40226e-16
  4    0.982909   0.0360311  4.49094e-16
  5     1.63911    0.389737  4.20502e-16
  6     1.94479   0.0813809  4.21601e-16

#--- 7 ---#
idcs      evals   residnorms   |P(X)|
  1    0.234789   0.0921137  4.10365e-16
  2    0.504542    0.134917  4.11e-16
  3    0.742084    0.210375  4.34164e-16
  4    0.965298    0.154227  4.46384e-16
  5     1.00377    0.172218  4.36206e-16
  6     1.82542     0.14182  4.25258e-16
  7     1.96113   0.0627144  4.17953e-16

#--- 8 ---#
idcs      evals   residnorms   |P(X)|
  1    0.220438   0.0578135  4.07839e-16
  2    0.476935    0.126226  4.18915e-16
  3    0.645969    0.196972  4.38295e-16
  4    0.886854    0.163659  4.41724e-16
  5    0.984264   0.0428733  4.47775e-16
  6      1.2976    0.330732  4.22522e-16
  7     1.85202   0.0876998  4.21113e-16
  8     1.96658   0.0418166  4.18784e-16

#--- 9 ---#
idcs      evals   residnorms   |P(X)|
  1    0.216776   0.0335739  4.13617e-16
  2     0.45909    0.112741  4.18628e-16
  3    0.592842    0.172571  4.23972e-16
  4    0.828496    0.191995  4.37404e-16
  5    0.978509   0.0872929  4.50768e-16
  6     1.04096    0.253392  4.32934e-16
  7     1.55462    0.295848  4.15329e-16
  8     1.86862   0.0745405  4.20898e-16
  9     1.97029     0.03372  4.19216e-16

#--- 10 ---#
idcs      evals   residnorms   |P(X)|
  1    0.216673   0.0213297  4.08478e-16
  2    0.431971    0.116428  4.17426e-16
  3    0.543838    0.157923  4.15804e-16
  4     0.73291    0.195008  4.33127e-16
  5    0.907377     0.15635  4.45229e-16
  6    0.985009   0.0438715  4.46865e-16
  7     1.22823    0.216293  4.19064e-16
  8     1.75867     0.18157  4.23598e-16
  9     1.88929   0.0946672  4.22811e-16
 10     1.97272   0.0354902  4.21908e-16

#--- 11 ---#
idcs      evals   residnorms   |P(X)|
  1    0.214982   0.0158299  4.09696e-16
  2    0.404055    0.125064  4.18994e-16
  3    0.510793     0.14488  4.16199e-16
  4    0.666935    0.185515  4.33343e-16
  5    0.853641    0.169845  4.38888e-16
  6    0.980212    0.064283  4.49601e-16
  7     1.05171    0.226542  4.28299e-16
  8     1.42875    0.265085  4.16122e-16
  9     1.80114    0.140259  4.28516e-16
 10     1.90159    0.092475  4.16688e-16
 11     1.97525   0.0319389  4.19139e-16

#--- 12 ---#
idcs      evals   residnorms   |P(X)|
  1    0.214718   0.0113281  4.08442e-16
  2    0.363022    0.120726  4.19413e-16
  3    0.473184    0.111717  4.19801e-16
  4    0.603196    0.147085  4.27565e-16
  5    0.754803     0.14879  4.34291e-16
  7    0.985866   0.0308078  4.47427e-16
  8     1.20745    0.147304  4.19938e-16
  9     1.55408     0.16106  4.08742e-16
 10     1.83055   0.0634908  4.18652e-16
 11     1.92252   0.0570474  4.15987e-16
 12     1.97734   0.0223631  4.22604e-16

#--- 13 ---#
idcs      evals   residnorms   |P(X)|
  1    0.214863   0.0129089  4.04102e-16
  2    0.322636    0.136888  4.0728e-16
  3    0.450112    0.107619  4.23105e-16
  4    0.572465    0.150617  4.22489e-16
  5    0.713654    0.181077  4.33123e-16
  8     1.07141    0.338469  4.31079e-16
  9     1.28954    0.299998  4.17964e-16
 10     1.62081     0.18986  4.14218e-16
 11     1.83906   0.0619797  4.28411e-16
 12     1.92692   0.0526285  4.2339e-16
 13     1.97802   0.0199759  4.28836e-16

 ──────────────────────────────────────────────────────────────────────────────
                                       Time                   Allocations      
                               ──────────────────────   ───────────────────────
       Tot / % measured:           106958s / 100%          126991GiB / 100%    

 Section               ncalls     time   %tot     avg     alloc   %tot      avg
 ──────────────────────────────────────────────────────────────────────────────
 apply_χ0                  13   106663s   100%   8205s   126665GiB100%   9743GiB
   Hamiltonian mult...   302k   10877s  10.2%  36.1ms   1547GiB  1.22%  5.25MiB
   compute_density         13     196s  0.18%   15.1s    246GiB  0.19%  18.9GiB
 mixing Hybrid             13     231s  0.22%   17.8s    289GiB  0.23%  22.3GiB
   compute_density         14     209s  0.20%   15.0s    269GiB  0.21%  19.2GiB
 PlaneWaveBasis             1    10.7s  0.01%   10.7s   6.45GiB  0.01%  6.45GiB
   Instantiation At...      1    5.79s  0.01%   5.79s   4.83GiB  0.00%  4.83GiB
   Instantiation Ewald      1    3.26s  0.00%   3.26s   1.42GiB  0.00%  1.42GiB
   Instantiation At...      1    1.41s  0.00%   1.41s   41.7MiB  0.00%  41.7MiB
   build_kpoints            1    107ms  0.00%   107ms    109MiB  0.00%   109MiB
   Instantiation Ki...      1   4.95ms  0.00%  4.95ms   5.60MiB  0.00%  5.60MiB
   Instantiation Ha...      1   3.22ms  0.00%  3.22ms   9.62MiB  0.00%  9.62MiB
   Instantiation Ps...      1    108μs  0.00%   108μs   3.11KiB  0.00%  3.11KiB
   Instantiation Xc         1   2.23μs  0.00%  2.23μs     32.0B  0.00%    32.0B
   Instantiation En...      1    701ns  0.00%   701ns     16.0B  0.00%    16.0B
 spglib_get_symmetry        1   3.74ms  0.00%  3.74ms    165KiB  0.00%   165KiB
 ──────────────────────────────────────────────────────────────────────────────
