#
#-- optimal_damping AlSiO2H n_repeat=10 -- mixing=RestaMixing(1.0, 14, 1.0)
#

Starting Arnoldi (now = 2020-07-25T19:41:35.749 ...

#--- 1 ---#
idcs      evals   residnorms   |P(X)|
  1    0.983493   0.0543401  4.52893e-16

#--- 2 ---#
idcs      evals   residnorms   |P(X)|
  1    0.983278   0.0549328  4.51877e-16
  2     3.19364     2.23492  4.32851e-16

#--- 3 ---#
idcs      evals   residnorms   |P(X)|
  1     0.97839    0.188814  4.51219e-16
  2     1.14064    0.761006  4.32777e-16
  3     7.15931     1.14813  4.36556e-16

#--- 4 ---#
idcs      evals   residnorms   |P(X)|
  1    0.791701     0.38922  4.30525e-16
  2    0.986934   0.0786442  4.53671e-16
  3     3.44996     1.10431  4.32908e-16
  4     7.48661    0.367486  4.3381e-16

#--- 5 ---#
idcs      evals   residnorms   |P(X)|
  1    0.557836    0.316347  4.27113e-16
  2    0.983971   0.0401078  4.53604e-16
  3     1.60354    0.610385  4.26805e-16
  4     4.00304    0.406874  4.42078e-16
  5     7.53225   0.0594171  4.40112e-16

#--- 6 ---#
idcs      evals   residnorms   |P(X)|
  1    0.351235    0.181656  4.31684e-16
  2    0.867013    0.186833  4.37084e-16
  3    0.989001   0.0420541  4.52753e-16
  4     2.02528    0.177159  4.19603e-16
  5      4.0977   0.0477383  4.3911e-16
  6     7.52276  0.00309743  4.32895e-16

#--- 7 ---#
idcs      evals   residnorms   |P(X)|
  1    0.325573    0.121948  4.28633e-16
  2    0.783067      0.2014  4.33059e-16
  3     0.98618   0.0385122  4.53764e-16
  4     1.33477    0.501921  4.29506e-16
  5     2.04269    0.128977  4.22999e-16
  6     4.10337  0.00960609  4.40735e-16
  7     7.52244  0.000281961  4.2978e-16

#--- 8 ---#
idcs      evals   residnorms   |P(X)|
  1    0.304824   0.0857028  4.28885e-16
  2    0.651063    0.238232  4.2403e-16
  3    0.940002    0.209006  4.38505e-16
  4     0.99377   0.0886375  4.5232e-16
  5     1.80369    0.309048  4.28617e-16
  6       2.099    0.136768  4.11404e-16
  7     4.10346    0.001749  4.42699e-16
  8      7.5224  2.22495e-05  4.24499e-16

#--- 9 ---#
idcs      evals   residnorms   |P(X)|
  1    0.289734   0.0647906  4.30361e-16
  2    0.541301    0.203954  4.25621e-16
  3    0.830386    0.168894  4.33762e-16
  4    0.987066   0.0326399  4.53002e-16
  5     1.22329    0.296576  4.30486e-16
  6     1.92976    0.147676  4.28909e-16
  7     2.12907   0.0939367  4.25796e-16
  8     4.10365  0.000264346  4.41759e-16
  9      7.5224  1.52596e-06  4.40637e-16

#--- 10 ---#
idcs      evals   residnorms   |P(X)|
  1    0.290809   0.0815875  4.28494e-16
  2    0.417675    0.209621  4.16433e-16
  3    0.723353    0.206826  4.28802e-16
  4    0.939532    0.190352  4.40602e-16
  5    0.992114   0.0678753  4.52417e-16
  6     1.42679    0.231125  4.22205e-16
  7     1.95671   0.0710611  4.27994e-16
  8     2.13946   0.0432011  4.22318e-16
  9     4.10364  3.70493e-05  4.36922e-16
 10      7.5224  1.0081e-07  4.334e-16

#--- 11 ---#
idcs      evals   residnorms   |P(X)|
  1    0.267712   0.0598014  4.23375e-16
  2     0.38338    0.120164  4.17798e-16
  3    0.663297    0.160429  4.31127e-16
  4    0.877576    0.145421  4.39174e-16
  5     0.98832   0.0302648  4.52865e-16
  6     1.23915     0.28303  4.34605e-16
  7     1.63199     0.31499  4.20909e-16
  8     1.96227   0.0647171  4.30865e-16
  9     2.14827    0.029961  4.22351e-16
 10     4.10364  6.57583e-06  4.32025e-16
 11      7.5224  7.97012e-09  4.23678e-16

#--- 12 ---#
idcs      evals   residnorms   |P(X)|
  1    0.259649   0.0587765  4.21756e-16
  2    0.347646   0.0937291  4.19754e-16
  3    0.584688    0.166823  4.34968e-16
  4    0.801114    0.175154  4.33088e-16
  5    0.973171    0.147582  4.44937e-16
  7     1.38208    0.170292  4.2329e-16
  8     1.84646    0.211555  4.36503e-16
  9     1.97907   0.0864527  4.25225e-16
 10     2.15068   0.0232715  4.22506e-16
 11     4.10364  1.06767e-06  4.36649e-16
 12      7.5224  5.81983e-10  4.35013e-16

#--- 13 ---#
idcs      evals   residnorms   |P(X)|
  1    0.253536   0.0508386  4.15256e-16
  2    0.326493   0.0727287  4.19521e-16
  3    0.512168    0.152809  4.36586e-16
  4    0.714921    0.146848  4.32401e-16
  5    0.899087    0.124456  4.40386e-16
  8     1.46301    0.161237  4.14763e-16
  9     1.89944   0.0987303  4.36795e-16
 10     1.99306    0.062445  4.20587e-16
 11     2.15327   0.0116117  4.25506e-16
 12     4.10364  1.42373e-07  4.46136e-16
 13      7.5224  3.59101e-11  4.39967e-16

#--- 14 ---#
idcs      evals   residnorms   |P(X)|
  1    0.248008    0.054302  4.19467e-16
  2    0.325759   0.0928643  4.28182e-16
  3    0.444694    0.202066  4.29849e-16
  4    0.656653    0.202809  4.30003e-16
  5    0.827652    0.222892  4.32392e-16
  9     1.53462    0.216875  4.10706e-16
 10     1.91341   0.0689404  4.34859e-16
 11     1.99706   0.0464584  4.15374e-16
 12     2.15304  0.00660499  4.2632e-16
 13     4.10364  2.54453e-08  4.37111e-16
 14      7.5224  3.01455e-12  4.42403e-16

#--- 15 ---#
idcs      evals   residnorms   |P(X)|
  1    0.240514     0.05615  4.11079e-16
  2     0.29891   0.0785492  4.22115e-16
  3    0.388684    0.114545  4.19999e-16
  4    0.591584    0.122726  4.35529e-16
  5    0.757304     0.11993  4.30223e-16
 10     1.73979    0.248705  4.28596e-16
 11     1.93362   0.0773381  4.28891e-16
 12     2.00864    0.057473  4.21345e-16
 13     2.15277   0.0051264  4.22593e-16
 14     4.10364  3.99386e-09  4.36158e-16
 15      7.5224  2.08156e-13  4.38117e-16

#--- 16 ---#
idcs      evals   residnorms   |P(X)|
  1    0.228228   0.0567747  4.29035e-16
  2    0.287472   0.0673864  4.29281e-16
  3    0.359596   0.0852618  4.19206e-16
  4    0.546807    0.125151  4.26024e-16
  5    0.711128    0.148691  4.3529e-16
 11     1.85197    0.117545  4.41194e-16
 12     1.94958   0.0757614  4.26682e-16
 13     2.01389   0.0527409  4.22019e-16
 14     2.15278  0.00288748  4.24352e-16
 15     4.10364  5.77091e-10  4.37948e-16
 16      7.5224  1.52113e-14  4.40379e-16

#--- 17 ---#
idcs      evals   residnorms   |P(X)|
  1    0.227862   0.0390905  4.16448e-16
  2    0.278117   0.0444854  4.25435e-16
  3    0.352828   0.0540802  4.17884e-16
  4    0.514506    0.109688  4.26289e-16
  5    0.663856    0.135508  4.37291e-16
 12     1.86711   0.0921954  4.42889e-16
 13     1.96008   0.0606577  4.30549e-16
 14     2.02006   0.0461038  4.13689e-16
 15     2.15292  0.00183214  4.2285e-16
 16     4.10364  9.21055e-11  4.41727e-16
 17      7.5224  8.44038e-15  4.34587e-16

#--- 18 ---#
idcs      evals   residnorms   |P(X)|
  1    0.227239   0.0297045  4.23691e-16
  2    0.272863   0.0352172  4.25231e-16
  3    0.346542   0.0459392  4.27177e-16
  4    0.478207     0.11891  4.21611e-16
  5    0.615482    0.135516  4.38655e-16
 13     1.89256   0.0719661  4.42416e-16
 14      1.9663   0.0523175  4.28073e-16
 15      2.0239   0.0362014  4.23248e-16
 16     2.15316  0.00102095  4.20682e-16
 17     4.10364  1.32928e-11  4.37587e-16
 18      7.5224  5.08968e-15  4.30734e-16

#--- 19 ---#
idcs      evals   residnorms   |P(X)|
  1    0.223863   0.0175027  4.21097e-16
  2    0.274717   0.0240427  4.26932e-16
  3    0.335973   0.0364158  4.1926e-16
  4     0.44856   0.0971957  4.17328e-16
  5    0.573375    0.101416  4.40354e-16
 14     1.90657   0.0656083  4.41058e-16
 15     1.97342   0.0470623  4.26949e-16
 16     2.02564   0.0302524  4.14683e-16
 17     2.15319  0.000584745  4.22662e-16
 18     4.10364  1.88984e-12  4.38617e-16
 19      7.5224  3.62024e-15  4.3132e-16

#--- 20 ---#
idcs      evals   residnorms   |P(X)|
  1    0.224548    0.011737  4.21607e-16
  2    0.271802   0.0168517  4.18515e-16
  3    0.339045   0.0314049  4.14832e-16
  4     0.42678   0.0931527  4.19113e-16
  5    0.547709   0.0945483  4.29601e-16
 15     1.91353   0.0718989  4.42275e-16
 16     1.97542   0.0451504  4.25208e-16
 17     2.02652   0.0254248  4.1343e-16
 18     2.15322  0.000369459  4.28571e-16
 19     4.10364  3.17942e-13  4.41271e-16
 20      7.5224  4.87003e-15  4.43112e-16

#--- 21 ---#
idcs      evals   residnorms   |P(X)|
  1    0.224011  0.00633884  4.1742e-16
  2    0.270826   0.0100583  4.15592e-16
  3    0.336545   0.0226183  4.20468e-16
  4    0.409237   0.0672839  4.22845e-16
  5    0.533439   0.0887541  4.32962e-16
 16     1.93214   0.0893162  4.34744e-16
 17     1.98482   0.0599592  4.25296e-16
 18     2.02817   0.0299656  4.17067e-16
 19     2.15319  0.000247343  4.2264e-16
 20     4.10364  4.43428e-14  4.4013e-16
 21      7.5224  1.31554e-14  4.34461e-16

#--- 22 ---#
idcs      evals   residnorms   |P(X)|
  1    0.223891  0.00357674  4.22342e-16
  2    0.271515  0.00652163  4.23045e-16
  3    0.334542   0.0181084  4.17648e-16
  4    0.399683   0.0578759  4.21381e-16
  5    0.506008   0.0871498  4.30406e-16
 17      1.9423   0.0507775  4.30845e-16
 18       1.989   0.0366871  4.28116e-16
 19     2.03046   0.0173399  4.25254e-16
 20     2.15318  0.000102767  4.28874e-16
 21     4.10364  8.70687e-15  4.40522e-16
 22      7.5224  4.42106e-15  4.34879e-16

#--- 23 ---#
idcs      evals   residnorms   |P(X)|
  1    0.224092  0.00208271  4.20057e-16
  2    0.271071  0.00410701  4.21588e-16
  3     0.33481   0.0132658  4.19871e-16
  4    0.395672   0.0473291  4.25869e-16
  5    0.491883   0.0806528  4.26622e-16
 18     1.94703   0.0455137  4.32202e-16
 19     1.99144   0.0333895  4.33102e-16
 20     2.03112   0.0148714  4.19556e-16
 21     2.15318  6.64233e-05  4.28685e-16
 22     4.10364  3.6399e-15  4.34632e-16
 23      7.5224  1.1182e-14  4.36507e-16

#--- 24 ---#
idcs      evals   residnorms   |P(X)|
  1    0.223972  0.00103722  4.22855e-16
  2    0.271071  0.00227062  4.22658e-16
  3    0.333888  0.00889319  4.22279e-16
  4    0.388277   0.0328974  4.17405e-16
  5    0.480278   0.0663633  4.25211e-16
 19     1.95805   0.0900419  4.24157e-16
 20     1.99581   0.0637318  4.24609e-16
 21     2.03268   0.0237438  4.2085e-16
 22     2.15318  5.78359e-05  4.19558e-16
 23     4.10364  1.35821e-14  4.37663e-16
 24      7.5224  8.06744e-15  4.27554e-16

#--- 25 ---#
idcs      evals   residnorms   |P(X)|
  1    0.223982  0.000544502  4.22833e-16
  2    0.271016  0.00132743  4.24058e-16
  3    0.334402  0.00645968  4.17452e-16
  4     0.38485    0.028172  4.1604e-16
  5    0.465059   0.0654074  4.3548e-16
 20     1.97569    0.050503  4.26921e-16
 21     2.01273   0.0616006  4.14817e-16
 22     2.03452   0.0308616  4.14243e-16
 23     2.15318  2.8373e-05  4.17996e-16
 24     4.10364  1.54215e-14  4.37897e-16
 25      7.5224  4.20184e-15  4.33693e-16

 ──────────────────────────────────────────────────────────────────────────────
                                       Time                   Allocations      
                               ──────────────────────   ───────────────────────
       Tot / % measured:           182315s / 100%          243510GiB / 100%    

 Section               ncalls     time   %tot     avg     alloc   %tot      avg
 ──────────────────────────────────────────────────────────────────────────────
 apply_χ0                  25   182210s   100%   7288s   243458GiB100%   9738GiB
   Hamiltonian mult...   571k   19594s  10.8%  34.3ms   2930GiB  1.20%  5.25MiB
   compute_density         25     339s  0.19%   13.5s    473GiB  0.19%  18.9GiB
 compute_density            1    14.1s  0.01%   14.1s   19.2GiB  0.01%  19.2GiB
 PlaneWaveBasis             1    11.2s  0.01%   11.2s   6.45GiB  0.00%  6.45GiB
   Instantiation At...      1    5.26s  0.00%   5.26s   4.83GiB  0.00%  4.83GiB
   Instantiation Ewald      1    3.88s  0.00%   3.88s   1.42GiB  0.00%  1.42GiB
   Instantiation At...      1    1.81s  0.00%   1.81s   41.7MiB  0.00%  41.7MiB
   build_kpoints            1    125ms  0.00%   125ms    109MiB  0.00%   109MiB
   Instantiation Ki...      1   5.44ms  0.00%  5.44ms   5.60MiB  0.00%  5.60MiB
   Instantiation Ha...      1   5.35ms  0.00%  5.35ms   9.62MiB  0.00%  9.62MiB
   Instantiation Ps...      1    187μs  0.00%   187μs   3.11KiB  0.00%  3.11KiB
   Instantiation En...      1   7.45μs  0.00%  7.45μs     16.0B  0.00%    16.0B
   Instantiation Xc         1   4.74μs  0.00%  4.74μs     32.0B  0.00%    32.0B
 mixing Resta              25    983ms  0.00%  39.3ms    535MiB  0.00%  21.4MiB
 spglib_get_symmetry        1   3.91ms  0.00%  3.91ms    165KiB  0.00%   165KiB
 ──────────────────────────────────────────────────────────────────────────────
