#
#-- optimal_damping AlSiO2H n_repeat=10 -- mixing=SimpleMixing(1.0)
#

Starting Arnoldi (now = 2020-07-25T19:15:49.069 ...

#--- 1 ---#
idcs      evals   residnorms   |P(X)|
  1    0.999315    0.114028  4.48254e-16

#--- 2 ---#
idcs      evals   residnorms   |P(X)|
  1    0.999239   0.0599061  4.48573e-16
  2     34.6475     17.6776  3.88616e-16

#--- 3 ---#
idcs      evals   residnorms   |P(X)|
  1     0.99893   0.0901555  4.48447e-16
  2     7.42795     10.9053  3.83767e-16
  3     45.4795     6.96611  3.65767e-16

#--- 4 ---#
idcs      evals   residnorms   |P(X)|
  1     0.99875   0.0603032  4.49169e-16
  2     5.91364     6.05925  3.97888e-16
  3     43.6014     8.09435  3.58524e-16
  4     74.5116     34.3588  3.49025e-16

#--- 5 ---#
idcs      evals   residnorms   |P(X)|
  1    0.998536   0.0324963  4.48962e-16
  2     3.18594     1.87817  3.99475e-16
  3      16.137     3.61167  3.67939e-16
  4      45.158    0.780015  3.51636e-16
  5      92.886      2.4027  3.7883e-16

#--- 6 ---#
idcs      evals   residnorms   |P(X)|
  1    0.998383   0.0243323  4.48227e-16
  2     2.61791     1.43158  4.08151e-16
  3     7.51423     3.48409  3.64983e-16
  4     17.6134     1.47509  3.25514e-16
  5     45.1646   0.0853782  3.55963e-16
  6     92.8963    0.113035  3.72118e-16

#--- 7 ---#
idcs      evals   residnorms   |P(X)|
  1    0.998322    0.019588  4.48384e-16
  2     2.09143      1.1213  4.12297e-16
  3     4.54697     1.84572  3.91809e-16
  4     11.2112     2.15097  3.41354e-16
  5     17.8628     0.51926  3.60737e-16
  6     45.1666  0.00712765  4.09108e-16
  7     92.8946  0.00409233  3.53073e-16

#--- 8 ---#
idcs      evals   residnorms   |P(X)|
  1    0.998183   0.0187425  4.4823e-16
  2     1.59179    0.839409  4.18805e-16
  3     3.07841    0.980071  4.11316e-16
  4     6.22776     1.10479  3.96198e-16
  5     11.8914    0.537687  3.66699e-16
  6     17.8869   0.0737483  3.53986e-16
  7     45.1665  0.00030342  3.76553e-16
  8     92.8946  7.92663e-05  3.57451e-16

#--- 9 ---#
idcs      evals   residnorms   |P(X)|
  1    0.998063   0.0182834  4.47896e-16
  2     1.38498    0.625817  4.21087e-16
  3     2.75977    0.881718  4.15861e-16
  4     4.78184     1.70208  3.89658e-16
  5     6.95296     1.26632  4.00838e-16
  6     11.9322    0.190318  3.35379e-16
  7     17.8877   0.0135985  3.62268e-16
  8     45.1665  1.76303e-05  4.32226e-16
  9     92.8946  2.10115e-06  3.3025e-16

#--- 10 ---#
idcs      evals   residnorms   |P(X)|
  1    0.997885   0.0187043  4.47796e-16
  2     1.21434    0.427066  4.29276e-16
  3      2.2649    0.758788  4.09345e-16
  4     3.27334    0.701785  4.0628e-16
  5     5.89548    0.611147  3.8203e-16
  6     7.73447    0.680914  3.6102e-16
  7     11.9412   0.0395281  3.60805e-16
  8     17.8876  0.00144193  3.41885e-16
  9     45.1665  5.96869e-07  3.91468e-16
 10     92.8946  3.26328e-08  3.33686e-16

#--- 11 ---#
idcs      evals   residnorms   |P(X)|
  1    0.997647   0.0243195  4.47987e-16
  2     1.12345    0.359022  4.32787e-16
  3     1.94004    0.690402  4.07553e-16
  4     2.92806    0.733418  4.08793e-16
  5     4.11083     1.11722  3.95865e-16
  6     6.04574    0.381338  3.74217e-16
  7     7.86471    0.270679  3.56807e-16
  8      11.941  0.00767641  4.0709e-16
  9     17.8876  0.000159162  3.40745e-16
 10     45.1665  2.24058e-08  3.9032e-16
 11     92.8946  5.69507e-10  3.89643e-16

 ──────────────────────────────────────────────────────────────────────────────
                                       Time                   Allocations      
                               ──────────────────────   ───────────────────────
       Tot / % measured:           79369s / 100%           106895GiB / 100%    

 Section               ncalls     time   %tot     avg     alloc   %tot      avg
 ──────────────────────────────────────────────────────────────────────────────
 apply_χ0                  11   79305s   100%   7210s   106861GiB100%   9715GiB
   Hamiltonian mult...   233k    8153s  10.3%  34.9ms   1197GiB  1.12%  5.25MiB
   compute_density         11     155s  0.20%   14.1s    208GiB  0.19%  18.9GiB
 compute_density            1    13.5s  0.02%   13.5s   19.2GiB  0.02%  19.2GiB
 PlaneWaveBasis             1    11.3s  0.01%   11.3s   6.45GiB  0.01%  6.45GiB
   Instantiation At...      1    6.24s  0.01%   6.24s   4.83GiB  0.00%  4.83GiB
   Instantiation Ewald      1    3.30s  0.00%   3.30s   1.42GiB  0.00%  1.42GiB
   Instantiation At...      1    1.47s  0.00%   1.47s   41.7MiB  0.00%  41.7MiB
   build_kpoints            1    163ms  0.00%   163ms    109MiB  0.00%   109MiB
   Instantiation Ki...      1   7.37ms  0.00%  7.37ms   5.60MiB  0.00%  5.60MiB
   Instantiation Ha...      1   5.10ms  0.00%  5.10ms   9.62MiB  0.00%  9.62MiB
   Instantiation Ps...      1    124μs  0.00%   124μs   3.11KiB  0.00%  3.11KiB
   Instantiation En...      1   3.42μs  0.00%  3.42μs     16.0B  0.00%    16.0B
   Instantiation Xc         1   2.19μs  0.00%  2.19μs     32.0B  0.00%    32.0B
 spglib_get_symmetry        1   3.86ms  0.00%  3.86ms    165KiB  0.00%   165KiB
 mixing Simple             11    120μs  0.00%  10.9μs     0.00B  0.00%    0.00B
 ──────────────────────────────────────────────────────────────────────────────
