#
#-- optimal_damping AlSiO2H n_repeat=10 -- mixing=KerkerMixing(1.0, 1.0)
#

Starting Arnoldi (now = 2020-07-25T19:19:33.554 ...

#--- 1 ---#
idcs      evals   residnorms   |P(X)|
  1    0.983414   0.0656481  4.50008e-16

#--- 2 ---#
idcs      evals   residnorms   |P(X)|
  1    0.693069    0.418397  4.38892e-16
  2    0.985995   0.0923436  4.50352e-16

#--- 3 ---#
idcs      evals   residnorms   |P(X)|
  1    0.360476    0.394461  4.37925e-16
  2    0.982788   0.0869179  4.5044e-16
  3     1.35552    0.573685  4.26406e-16

#--- 4 ---#
idcs      evals   residnorms   |P(X)|
  1    0.121365      0.1548  4.04927e-16
  2    0.817155    0.169029  4.50125e-16
  3     0.98747   0.0464957  4.50101e-16
  4     1.93585    0.214788  4.08292e-16

#--- 5 ---#
idcs      evals   residnorms   |P(X)|
  1     0.09372    0.140658  3.96258e-16
  2    0.492874     0.30561  4.30201e-16
  3    0.962648     0.17516  4.48109e-16
  4     1.00591    0.158008  4.49325e-16
  5     1.95918   0.0757186  4.11874e-16

#--- 6 ---#
idcs      evals   residnorms   |P(X)|
  1   0.0735143   0.0964375  4.01384e-16
  2    0.385953    0.244388  4.2391e-16
  3    0.851307    0.192033  4.414e-16
  4    0.988092   0.0591358  4.49896e-16
  5     1.36899    0.442795  4.28281e-16
  6     1.96505   0.0589228  4.10184e-16

#--- 7 ---#
idcs      evals   residnorms   |P(X)|
  1   0.0542238   0.0635228  4.071e-16
  2     0.31172    0.183574  4.101e-16
  3    0.646837    0.202567  4.39573e-16
  4    0.979204    0.080291  4.50327e-16
  5     1.03889    0.142366  4.54455e-16
  6     1.82081    0.307542  4.19677e-16
  7     1.97625   0.0976552  4.08651e-16

#--- 8 ---#
idcs      evals   residnorms   |P(X)|
  1   0.0455034   0.0469601  4.16112e-16
  2    0.226727    0.138075  3.92004e-16
  3    0.518198    0.194295  4.37595e-16
  4    0.818469    0.145591  4.42794e-16
  5    0.986604   0.0332784  4.5014e-16
  6      1.1593    0.139336  4.4074e-16
  7     1.89247   0.0930793  4.20598e-16
  8     1.99254   0.0528637  4.09506e-16

#--- 9 ---#
idcs      evals   residnorms   |P(X)|
  1   0.0478847   0.0407825  4.1441e-16
  2    0.198115    0.138308  3.98083e-16
  3    0.459447    0.245086  4.23944e-16
  4    0.707718    0.251925  4.33696e-16
  5    0.974918    0.174439  4.4858e-16
  6     1.01576    0.241796  4.50964e-16
  7     1.24934    0.306771  4.27966e-16
  8     1.90368   0.0567823  4.20454e-16
  9     1.99509   0.0334915  4.09184e-16

#--- 10 ---#
idcs      evals   residnorms   |P(X)|
  1   0.0431758   0.0254731  4.0062e-16
  2    0.169146   0.0927729  3.88134e-16
  3    0.372082    0.152544  4.14421e-16
  4    0.619665     0.16212  4.30526e-16
  5    0.861405    0.123378  4.49509e-16
  6    0.987729   0.0282824  4.50783e-16
  7     1.16452    0.101224  4.3718e-16
  8     1.76969     0.34354  4.25699e-16
  9     1.92128    0.122254  4.27162e-16
 10     1.99897   0.0595644  3.99022e-16

#--- 11 ---#
idcs      evals   residnorms   |P(X)|
  1   0.0391831   0.0238766  4.07612e-16
  2    0.144834    0.104108  3.96499e-16
  3    0.279489    0.148867  3.97308e-16
  4     0.53185     0.18521  4.47567e-16
  5    0.698121     0.16725  4.30539e-16
  6    0.935549    0.113221  4.51023e-16
  7    0.991687   0.0427389  4.5059e-16
  8     1.18536    0.066747  4.32939e-16
  9     1.86049   0.0813394  4.24401e-16
 10     1.94554   0.0721185  4.32483e-16
 11     2.00517   0.0373326  4.04453e-16

#--- 12 ---#
idcs      evals   residnorms   |P(X)|
  1   0.0428286   0.0216885  4.12582e-16
  2    0.122894   0.0981297  4.0252e-16
  3    0.252945     0.13569  3.92811e-16
  4    0.440997    0.162473  4.25987e-16
  5    0.680202    0.175125  4.38971e-16
  7    0.986941   0.0457605  4.49661e-16
  8     1.12472    0.314268  4.50629e-16
  9     1.19482    0.266414  4.18157e-16
 10     1.86347   0.0428277  4.19996e-16
 11     1.95144   0.0378409  4.34649e-16
 12     2.00619   0.0204967  4.04321e-16

#--- 13 ---#
idcs      evals   residnorms   |P(X)|
  1   0.0406454   0.0165742  4.11593e-16
  2    0.104969   0.0682125  4.06056e-16
  3    0.237258   0.0921059  3.87423e-16
  4    0.399653    0.129595  4.01921e-16
  5    0.649399    0.200531  4.38924e-16
  8    0.996587   0.0887837  4.50391e-16
  9     1.17942   0.0777284  4.33682e-16
 10     1.61118    0.405165  4.21626e-16
 11     1.87532   0.0610116  4.21432e-16
 12     1.95361   0.0481616  4.34132e-16
 13     2.00807   0.0233688  4.05024e-16

#--- 14 ---#
idcs      evals   residnorms   |P(X)|
  1   0.0392757  0.00960436  4.11497e-16
  2    0.101341   0.0449001  4.01852e-16
  3     0.21034   0.0657455  4.01861e-16
  4    0.366643    0.115717  3.95786e-16
  5    0.515472    0.138839  4.27168e-16
  9      1.0959    0.138645  4.49712e-16
 10     1.19703   0.0874173  4.2538e-16
 11     1.85022    0.127491  4.20423e-16
 12     1.89443    0.142032  4.27643e-16
 13     1.96232   0.0639815  4.29882e-16
 14     2.00911   0.0253906  4.04684e-16

#--- 15 ---#
idcs      evals   residnorms   |P(X)|
  1   0.0399124  0.00617417  4.13654e-16
  2   0.0991405   0.0324523  4.06922e-16
  3    0.200824   0.0570784  4.04988e-16
  4    0.336515    0.114903  3.90979e-16
  5     0.47078    0.137269  4.25908e-16
 10     1.15669    0.143702  4.53065e-16
 11     1.22485    0.169838  4.18555e-16
 12     1.84846   0.0348732  4.22834e-16
 13     1.91821   0.0486531  4.27746e-16
 14     1.97002   0.0352066  4.29918e-16
 15     2.01013   0.0138211  4.00911e-16

#--- 16 ---#
idcs      evals   residnorms   |P(X)|
  1   0.0394688  0.00301235  4.15729e-16
  2   0.0956535   0.0161608  4.09338e-16
  3    0.199826   0.0338644  3.99612e-16
  4    0.311992   0.0711827  3.96046e-16
  5    0.450792   0.0831263  4.29859e-16
 11     1.19944   0.0906832  4.16273e-16
 12     1.70439    0.400785  4.22563e-16
 13     1.86708   0.0962181  4.20581e-16
 14      1.9204     0.12241  4.29677e-16
 15     1.97151    0.070107  4.17295e-16
 16     2.01078   0.0241431  4.09136e-16

#--- 17 ---#
idcs      evals   residnorms   |P(X)|
  1   0.0395453  0.00122581  4.15037e-16
  2   0.0955916  0.00752605  4.04967e-16
  3    0.196449   0.0209047  4.00454e-16
  4    0.294528   0.0530644  3.99319e-16
  5    0.424496   0.0824529  4.03723e-16
 12     1.21347   0.0387772  4.18791e-16
 13     1.83264   0.0636886  4.24545e-16
 14     1.87325   0.0556855  4.29964e-16
 15      1.9467   0.0410404  4.2661e-16
 16     1.98815   0.0454128  4.10267e-16
 17     2.01288   0.0197422  4.10525e-16

#--- 18 ---#
idcs      evals   residnorms   |P(X)|
  1   0.0395893  0.000746339  4.08599e-16
  2   0.0952894  0.00499855  4.07597e-16
  3    0.195984   0.0168682  4.02285e-16
  4    0.293337   0.0558449  3.99377e-16
  5     0.40395    0.111705  3.89767e-16
 13     1.21765   0.0773642  4.20183e-16
 14     1.83511   0.0235604  4.21902e-16
 15     1.88699    0.026618  4.2931e-16
 16     1.94906   0.0213567  4.32854e-16
 17     1.99171   0.0236758  4.08651e-16
 18     2.01328   0.0114146  4.08561e-16

#--- 19 ---#
idcs      evals   residnorms   |P(X)|
  1   0.0395419  0.000339272  4.1546e-16
  2   0.0952133  0.00247719  4.12654e-16
  3    0.194751   0.0102654  3.97045e-16
  4    0.283866    0.039117  4.07048e-16
  5    0.381299   0.0769328  3.93802e-16
 14     1.69942    0.409461  4.24112e-16
 15     1.83837   0.0704613  4.2487e-16
 16     1.88167   0.0564952  4.3048e-16
 17     1.94985   0.0304886  4.31449e-16
 18      1.9924   0.0304795  4.16662e-16
 19     2.01377   0.0145265  4.23429e-16

#--- 20 ---#
idcs      evals   residnorms   |P(X)|
  1   0.0395441  0.000131627  4.08225e-16
  2   0.0953687  0.00107098  4.08385e-16
  3    0.194189  0.00561015  4.02245e-16
  4    0.283233   0.0295084  4.04916e-16
  5    0.363457    0.070785  3.96642e-16
 15     1.82839   0.0369247  4.24641e-16
 16      1.8691   0.0476118  4.30182e-16
 17     1.92097   0.0774096  4.242e-16
 18     1.95591   0.0423816  4.31979e-16
 19     1.99545   0.0275195  4.05422e-16
 20     2.01411   0.0125301  3.98948e-16

 ──────────────────────────────────────────────────────────────────────────────
                                       Time                   Allocations      
                               ──────────────────────   ───────────────────────
       Tot / % measured:           135970s / 100%          194984GiB / 100%    

 Section               ncalls     time   %tot     avg     alloc   %tot      avg
 ──────────────────────────────────────────────────────────────────────────────
 apply_χ0                  20   135869s   100%   6793s   194939GiB100%   9747GiB
   Hamiltonian mult...   469k   15314s  11.3%  32.7ms   2404GiB  1.23%  5.25MiB
   compute_density         20     255s  0.19%   12.7s    378GiB  0.19%  18.9GiB
 compute_density            1    22.6s  0.02%   22.6s   19.2GiB  0.01%  19.2GiB
 PlaneWaveBasis             1    11.5s  0.01%   11.5s   6.45GiB  0.00%  6.45GiB
   Instantiation At...      1    6.50s  0.00%   6.50s   4.83GiB  0.00%  4.83GiB
   Instantiation Ewald      1    3.24s  0.00%   3.24s   1.42GiB  0.00%  1.42GiB
   Instantiation At...      1    1.45s  0.00%   1.45s   41.7MiB  0.00%  41.7MiB
   build_kpoints            1    129ms  0.00%   129ms    109MiB  0.00%   109MiB
   Instantiation Ki...      1   6.36ms  0.00%  6.36ms   5.60MiB  0.00%  5.60MiB
   Instantiation Ha...      1   3.54ms  0.00%  3.54ms   9.62MiB  0.00%  9.62MiB
   Instantiation Ps...      1    263μs  0.00%   263μs   3.11KiB  0.00%  3.11KiB
   Instantiation Xc         1   5.00μs  0.00%  5.00μs     32.0B  0.00%    32.0B
   Instantiation En...      1   4.69μs  0.00%  4.69μs     16.0B  0.00%    16.0B
 mixing Kerker             20    665ms  0.00%  33.3ms    437MiB  0.00%  21.8MiB
 spglib_get_symmetry        1   3.94ms  0.00%  3.94ms    165KiB  0.00%   165KiB
 ──────────────────────────────────────────────────────────────────────────────
