#
#-- optimal_damping AlSiO2H n_repeat=10 -- mixing=HybridMixing(1.0, 1, 1.0, identity, true, false)
#

Starting Arnoldi (now = 2020-07-25T18:41:14.866 ...

#--- 1 ---#
idcs      evals   residnorms   |P(X)|
  1    0.988786   0.0494233  4.48545e-16

#--- 2 ---#
idcs      evals   residnorms   |P(X)|
  1    0.986963   0.0833455  4.4899e-16
  2     1.56962     0.98237  4.25098e-16

#--- 3 ---#
idcs      evals   residnorms   |P(X)|
  1    0.871315    0.345349  4.27575e-16
  2    0.994842     0.12179  4.46835e-16
  3     2.80798    0.461688  4.21267e-16

#--- 4 ---#
idcs      evals   residnorms   |P(X)|
  1    0.718624    0.253421  4.26158e-16
  2    0.989996   0.0524703  4.48394e-16
  3     1.60592    0.546035  4.17515e-16
  4     2.90358    0.204145  4.1908e-16

#--- 5 ---#
idcs      evals   residnorms   |P(X)|
  1    0.644742     0.21447  4.2247e-16
  2     0.98772    0.073033  4.48692e-16
  3     1.19191    0.434628  4.18783e-16
  4     2.18057    0.538009  4.09126e-16
  5     2.93804    0.141679  4.1634e-16

#--- 6 ---#
idcs      evals   residnorms   |P(X)|
  1    0.605831    0.169637  4.38767e-16
  2    0.959752    0.285525  4.43366e-16
  3      1.0045    0.229581  4.38235e-16
  4     1.67433    0.419831  4.16109e-16
  5     2.58316    0.402158  4.11079e-16
  6     2.97532    0.134224  4.26165e-16

#--- 7 ---#
idcs      evals   residnorms   |P(X)|
  1    0.589648    0.151533  4.35989e-16
  2    0.839933    0.273389  4.43579e-16
  3    0.991961   0.0629259  4.47531e-16
  4     1.39427    0.412628  4.16766e-16
  5     1.99196    0.433446  4.16233e-16
  6     2.76685    0.272314  4.13324e-16
  7     2.99721    0.130977  4.15747e-16

#--- 8 ---#
idcs      evals   residnorms   |P(X)|
  1    0.579531    0.128206  4.39679e-16
  2    0.756057    0.218185  4.44731e-16
  3    0.989832   0.0495804  4.49449e-16
  4      1.2043    0.330682  4.18715e-16
  5     1.71659    0.376495  4.17633e-16
  6     2.33861    0.418565  4.13099e-16
  7     2.85393    0.214057  4.13683e-16
  8     3.02855    0.140834  4.17195e-16

#--- 9 ---#
idcs      evals   residnorms   |P(X)|
  1    0.567135    0.118289  4.53294e-16
  2     0.70904    0.200143  4.39469e-16
  3    0.985916     0.10273  4.47925e-16
  4     1.06213    0.315561  4.31118e-16
  5     1.48519      0.3913  4.21892e-16
  6     1.96878    0.396361  4.15041e-16
  7     2.53695    0.346967  4.24098e-16
  8     2.89738    0.162498  4.21089e-16
  9     3.05929    0.132518  4.15737e-16

#--- 10 ---#
idcs      evals   residnorms   |P(X)|
  1    0.548871   0.0956558  4.57378e-16
  2    0.672525    0.161131  4.3908e-16
  3    0.899704    0.214515  4.41622e-16
  4    0.993414   0.0582717  4.47183e-16
  5     1.31653    0.247981  4.2121e-16
  6     1.69671    0.250842  4.11506e-16
  7     2.23423    0.277511  4.10932e-16
  8     2.65674    0.222998  4.21895e-16
  9     2.93136    0.105254  4.19197e-16
 10     3.07325   0.0902747  4.18285e-16

#--- 11 ---#
idcs      evals   residnorms   |P(X)|
  1    0.540531    0.072746  4.55892e-16
  2    0.656865    0.125374  4.37021e-16
  3    0.852505    0.174831  4.42223e-16
  4    0.991697   0.0393653  4.47725e-16
  5     1.25979    0.304851  4.23802e-16
  6     1.51095    0.397062  4.21291e-16
  7     1.90261    0.369792  4.15336e-16
  8        2.35    0.290264  4.18107e-16
  9     2.72363    0.186476  4.07104e-16
 10     2.94363   0.0840737  4.21888e-16
 11     3.08156   0.0655296  4.19467e-16

#--- 12 ---#
idcs      evals   residnorms   |P(X)|
  1    0.534601   0.0664045  4.60193e-16
  2    0.645228    0.126124  4.36292e-16
  3    0.810946     0.20539  4.41268e-16
  4    0.989207   0.0744895  4.48631e-16
  5     1.09311    0.371973  4.27372e-16
  7     1.70465    0.255795  4.17659e-16
  8     2.15228    0.314724  4.12086e-16
  9     2.48404    0.313827  4.24251e-16
 10     2.78289    0.187282  4.13818e-16
 11     2.95735    0.080784  4.24834e-16
 12     3.09118   0.0554128  4.21157e-16

#--- 13 ---#
idcs      evals   residnorms   |P(X)|
  1    0.528662    0.051732  4.54415e-16
  2    0.632304    0.110882  4.41062e-16
  3    0.758545    0.182794  4.39545e-16
  4    0.941887    0.197978  4.43481e-16
  5      0.9958   0.0749846  4.44711e-16
  8     1.90182    0.278633  4.13383e-16
  9     2.30604    0.231759  4.12498e-16
 10     2.61167    0.225799  4.24732e-16
 11     2.85083    0.173053  4.08697e-16
 12     2.97373   0.0903683  4.19593e-16
 13     3.10097    0.049607  4.16238e-16

#--- 14 ---#
idcs      evals   residnorms   |P(X)|
  1    0.523983   0.0433128  4.58796e-16
  2    0.621879    0.101535  4.3382e-16
  3    0.725559    0.156524  4.40002e-16
  4    0.898519    0.164439  4.45311e-16
  5    0.993024   0.0408909  4.47408e-16
  9     2.05224    0.280114  4.16626e-16
 10     2.40065    0.220918  4.22476e-16
 11     2.65658    0.165684  4.19488e-16
 12     2.89342    0.124269  4.19227e-16
 13     2.98366   0.0883251  4.19784e-16
 14       3.103   0.0370187  4.18186e-16

#--- 15 ---#
idcs      evals   residnorms   |P(X)|
  1    0.520305   0.0377629  4.70535e-16
  2    0.610283   0.0948406  4.39259e-16
  3    0.703601    0.141459  4.40945e-16
  4     0.86088    0.169849  4.44248e-16
  5    0.990868    0.053473  4.4936e-16
 10     2.21413    0.243043  4.11756e-16
 11     2.51131    0.261209  4.22869e-16
 12     2.70109    0.184907  4.11144e-16
 13     2.90974    0.108171  4.20148e-16
 14      2.9926   0.0855378  4.27965e-16
 15     3.10033   0.0285453  4.22342e-16

#--- 16 ---#
idcs      evals   residnorms   |P(X)|
  1    0.517669   0.0345269  4.66018e-16
  2    0.597637   0.0913894  4.42322e-16
  3    0.685715    0.133175  4.47606e-16
  4    0.818247    0.181287  4.41926e-16
  5    0.971184    0.186973  4.44597e-16
 11     2.31631    0.188493  4.15627e-16
 12     2.59126    0.196612  4.34672e-16
 13     2.76998    0.187914  4.0906e-16
 14     2.92145   0.0986444  4.1717e-16
 15     3.00522   0.0823871  4.2791e-16
 16     3.09957    0.023432  4.16435e-16

#--- 17 ---#
idcs      evals   residnorms   |P(X)|
  1    0.516443   0.0273038  4.64455e-16
  2    0.586521   0.0744438  4.5305e-16
  3    0.672144    0.105263  4.41215e-16
  4    0.782989    0.144422  4.40692e-16
  5    0.928336    0.140322  4.46759e-16
 12     2.39915    0.209466  4.2165e-16
 13     2.64327    0.153863  4.2525e-16
 14     2.82291    0.163664  4.17268e-16
 15     2.94114   0.0889288  4.25412e-16
 16     3.02329   0.0897315  4.18524e-16
 17     3.10242   0.0232859  4.16351e-16

#--- 18 ---#
idcs      evals   residnorms   |P(X)|
  1     0.51584   0.0246334  4.66953e-16
  2    0.577655   0.0701243  4.54135e-16
  3     0.65994   0.0984035  4.39689e-16
  4    0.758598    0.139872  4.42384e-16
  5    0.898229    0.150694  4.46132e-16
 13     2.47149    0.187014  4.36369e-16
 14     2.67905    0.116175  4.14177e-16
 15     2.85851    0.114951  4.17343e-16
 16     2.95264   0.0724899  4.22893e-16
 17     3.03307   0.0726357  4.19308e-16
 18     3.10429   0.0175922  4.21977e-16

#--- 19 ---#
idcs      evals   residnorms   |P(X)|
  1    0.514939    0.025994  4.71375e-16
  2    0.568702   0.0774025  4.55616e-16
  3    0.644393     0.10687  4.47423e-16
  4    0.735407    0.156527  4.38615e-16
  5    0.854544    0.186957  4.42764e-16
 14     2.52054    0.152907  4.35964e-16
 15      2.7046   0.0895518  4.16625e-16
 16      2.8785   0.0753987  4.16046e-16
 17      2.9599   0.0536948  4.17983e-16
 18     3.03571   0.0490448  4.14686e-16
 19     3.10419   0.0105344  4.22004e-16

#--- 20 ---#
idcs      evals   residnorms   |P(X)|
  1    0.513877   0.0217849  4.65348e-16
  2     0.56247   0.0656202  4.47318e-16
  3    0.631977   0.0872526  4.37515e-16
  4    0.721886    0.126364  4.38482e-16
  5    0.821642    0.147847  4.46977e-16
 15     2.56842    0.242541  4.20472e-16
 16     2.73422    0.141416  4.12135e-16
 17      2.8878   0.0870766  4.22616e-16
 18     2.96569   0.0586482  4.16167e-16
 19     3.04137   0.0507684  4.22051e-16
 20     3.10406   0.0101973  4.19495e-16

#--- 21 ---#
idcs      evals   residnorms   |P(X)|
  1    0.513124   0.0182755  4.68963e-16
  2    0.557204   0.0554371  4.43638e-16
  3    0.622971   0.0738776  4.44822e-16
  4    0.709001    0.106737  4.38391e-16
  5    0.798875    0.129226  4.41767e-16
 16     2.66006    0.171977  4.15695e-16
 17       2.802    0.224295  4.1538e-16
 18     2.90767    0.135645  4.27906e-16
 19     2.97092   0.0844196  4.16524e-16
 20     3.04938   0.0597107  4.23353e-16
 21     3.10419   0.0111731  4.21477e-16

#--- 22 ---#
idcs      evals   residnorms   |P(X)|
  1    0.512909   0.0191236  4.69465e-16
  2    0.550865   0.0577645  4.52416e-16
  3    0.615372   0.0802941  4.39091e-16
  4    0.689356    0.113179  4.42382e-16
  5    0.780754     0.15138  4.45515e-16
 17     2.68995   0.0921724  4.10834e-16
 18     2.84964    0.124785  4.14243e-16
 19     2.93143    0.120417  4.2691e-16
 20     2.98283   0.0996095  4.19062e-16
 21     3.05159    0.056181  4.2254e-16
 22     3.10483  0.00881348  4.14023e-16

#--- 23 ---#
idcs      evals   residnorms   |P(X)|
  1    0.512882   0.0164202  4.72294e-16
  2    0.545465   0.0483348  4.49122e-16
  3    0.608896   0.0686874  4.4052e-16
  4     0.67256   0.0911244  4.42916e-16
  5    0.766848    0.126128  4.42177e-16
 18     2.70988    0.119687  4.13943e-16
 19     2.87245   0.0982538  4.14604e-16
 20     2.94931   0.0946583  4.22258e-16
 21     3.00756    0.130404  4.16329e-16
 22     3.05806   0.0873268  4.20322e-16
 23     3.10566   0.0117115  4.18878e-16

 ──────────────────────────────────────────────────────────────────────────────
                                       Time                   Allocations      
                               ──────────────────────   ───────────────────────
       Tot / % measured:           183069s / 100%          225543GiB / 100%    

 Section               ncalls     time   %tot     avg     alloc   %tot      avg
 ──────────────────────────────────────────────────────────────────────────────
 apply_χ0                  23   182591s   100%   7939s   225014GiB100%   9783GiB
   Hamiltonian mult...   596k   20293s  11.1%  34.0ms   3057GiB  1.36%  5.25MiB
   compute_density         23     328s  0.18%   14.3s    435GiB  0.19%  18.9GiB
 mixing Hybrid             23     370s  0.20%   16.1s    481GiB  0.21%  20.9GiB
   compute_density         24     356s  0.19%   14.9s    460GiB  0.20%  19.2GiB
 PlaneWaveBasis             1    10.6s  0.01%   10.6s   6.45GiB  0.00%  6.45GiB
   Instantiation At...      1    5.37s  0.00%   5.37s   4.83GiB  0.00%  4.83GiB
   Instantiation Ewald      1    3.59s  0.00%   3.59s   1.42GiB  0.00%  1.42GiB
   Instantiation At...      1    1.40s  0.00%   1.40s   41.7MiB  0.00%  41.7MiB
   build_kpoints            1    122ms  0.00%   122ms    109MiB  0.00%   109MiB
   Instantiation Ki...      1   5.01ms  0.00%  5.01ms   5.60MiB  0.00%  5.60MiB
   Instantiation Ha...      1   3.36ms  0.00%  3.36ms   9.62MiB  0.00%  9.62MiB
   Instantiation Ps...      1    105μs  0.00%   105μs   3.11KiB  0.00%  3.11KiB
   Instantiation En...      1   4.01μs  0.00%  4.01μs     16.0B  0.00%    16.0B
   Instantiation Xc         1   1.39μs  0.00%  1.39μs     32.0B  0.00%    32.0B
 spglib_get_symmetry        1   3.78ms  0.00%  3.78ms    165KiB  0.00%   165KiB
 ──────────────────────────────────────────────────────────────────────────────
