#
#-- SCF AlSiO2H n_repeat=10 -- mixing=KerkerMixing(0.974, 1.0)
#

hostname       = clustern12

started on     = 2020-07-28T13:21:17.233
julia threads  = 4
BLAS threads   = 4

temperature    = 0.001
smearing       = DFTK.Smearing.Gaussian()
diag(lattice)  = [16.32, 10.35, 67.76]
Ecut           = 20
fft_size       = (54, 36, 216)
kgrid          = [3, 5, 1]
irreducible k  = 15
n_bands        = 198
n_electr       = 368
mixing         = KerkerMixing(0.974, 1.0)
n     Free energy       Eₙ-Eₙ₋₁     ρout-ρin   Diag
---   ---------------   ---------   --------   ----
  1   -605.9322860435         NaN   2.11e+00    22.5 
  2   -607.1749565971   -1.24e+00   9.20e-01    13.0 
  3   -607.6576233653   -4.83e-01   4.36e-01    9.0 
  4   -607.8142409971   -1.57e-01   3.47e-02    8.5 
  5   -607.8183029605   -4.06e-03   2.52e-02    4.6 
  6   -607.8205954466   -2.29e-03   7.98e-03    4.1 
  7   -607.8222029657   -1.61e-03   4.65e-03    4.1 
  8   -607.8233387031   -1.14e-03   3.52e-03    6.8 
  9   -607.8239715433   -6.33e-04   2.85e-03    7.1 
 10   -607.8245582744   -5.87e-04   2.33e-03    9.1 
 11   -607.8250233616   -4.65e-04   1.91e-03    8.9 
 12   -607.8253782917   -3.55e-04   1.53e-03    9.7 
 13   -607.8256542048   -2.76e-04   1.17e-03    10.7 
 14   -607.8258313779   -1.77e-04   8.48e-04    10.5 
 15   -607.8258972826   -6.59e-05   7.01e-04    9.9 
 16   -607.8259350218   -3.77e-05   6.03e-04    9.3 
 17   -607.8259692777   -3.43e-05   5.12e-04    9.6 
 18   -607.8259991232   -2.98e-05   4.29e-04    9.8 
 19   -607.8260217866   -2.27e-05   3.58e-04    9.6 
 20   -607.8260388289   -1.70e-05   2.97e-04    9.4 
 21   -607.8260604695   -2.16e-05   1.97e-04    11.9 
 22   -607.8260729858   -1.25e-05   1.00e-04    12.2 
 23   -607.8260759888   -3.00e-06   5.47e-05    11.8 
 24   -607.8260767751   -7.86e-07   2.90e-05    9.7 
 25   -607.8260769990   -2.24e-07   1.04e-05    11.5 
 26   -607.8260770163   -1.73e-08   4.43e-06    10.6 
 27   -607.8260770180   -1.72e-09   2.66e-06    10.7 
 28   -607.8260770186   -6.68e-10   1.88e-06    10.3 
 29   -607.8260770189   -2.28e-10   1.39e-06    9.8 
 30   -607.8260770193   -4.21e-10   7.21e-07    12.1 
 31   -607.8260770194   -6.74e-11   3.77e-07    10.7 
 32   -607.8260770194   -4.72e-11   1.83e-07    12.3 
 33   -607.8260770194   -7.84e-12   6.17e-08    11.9 
Energy breakdown:
    Kinetic             374.8719571
    AtomicLocal         -5517.6858838
    AtomicNonlocal      72.2453084
    Ewald               2010.0807491
    PspCorrection       -10.6153215
    Hartree             2617.9784833
    Xc                  -154.7010642
    Entropy             -0.0003055

    total               -607.826077019417

 ──────────────────────────────────────────────────────────────────────────────
                                       Time                   Allocations      
                               ──────────────────────   ───────────────────────
       Tot / % measured:           35693s / 100%            7055GiB / 100%     

 Section               ncalls     time   %tot     avg     alloc   %tot      avg
 ──────────────────────────────────────────────────────────────────────────────
 self_consistent_field      1   35680s   100%  35680s   7048GiB  100%   7048GiB
   LOBPCG                 495   33336s  93.4%   67.3s   6218GiB  88.1%  12.6GiB
     block multipli...  27.9k   10579s  29.6%   380ms   1731GiB  24.5%  63.6MiB
     Hamiltonian mu...  5.47k    6779s  19.0%   1.24s    855GiB  12.1%   160MiB
     rayleigh_ritz      4.98k    4638s  13.0%   932ms   40.7GiB  0.58%  8.37MiB
     ortho              22.2k    3547s  9.94%   160ms   1130GiB  16.0%  52.1MiB
   energy_hamiltonian      67    1696s  4.75%   25.3s    182GiB  2.58%  2.72GiB
   compute_density         33     410s  1.15%   12.4s    633GiB  8.97%  19.2GiB
   QR orthonormaliz...    495    38.0s  0.11%  76.7ms   10.9GiB  0.15%  22.6MiB
   mixing Kerker           33    1.49s  0.00%  45.2ms    470MiB  0.01%  14.2MiB
 PlaneWaveBasis             1    11.4s  0.03%   11.4s   6.46GiB  0.09%  6.46GiB
   Instantiation At...      1    5.25s  0.01%   5.25s   4.83GiB  0.07%  4.83GiB
   Instantiation Ewald      1    4.27s  0.01%   4.27s   1.42GiB  0.02%  1.42GiB
   Instantiation At...      1    1.34s  0.00%   1.34s   41.7MiB  0.00%  41.7MiB
   build_kpoints            1    121ms  0.00%   121ms    109MiB  0.00%   109MiB
   Instantiation Ha...      1   6.29ms  0.00%  6.29ms   9.62MiB  0.00%  9.62MiB
   Instantiation Ki...      1   5.04ms  0.00%  5.04ms   5.60MiB  0.00%  5.60MiB
   Instantiation Ps...      1    116μs  0.00%   116μs   3.11KiB  0.00%  3.11KiB
   Instantiation En...      1   3.88μs  0.00%  3.88μs     16.0B  0.00%    16.0B
   Instantiation Xc         1   1.52μs  0.00%  1.52μs     32.0B  0.00%    32.0B
 guess_density              1    1.20s  0.00%   1.20s   67.3MiB  0.00%  67.3MiB
 spglib_get_symmetry        1   3.79ms  0.00%  3.79ms    164KiB  0.00%   164KiB
 ──────────────────────────────────────────────────────────────────────────────
