#
#-- SCF AlSiO2H n_repeat=10 -- mixing=SimpleMixing(0.0213)
#

hostname       = clustern10

started on     = 2020-07-28T18:27:46.068
julia threads  = 4
BLAS threads   = 4

temperature    = 0.001
smearing       = DFTK.Smearing.Gaussian()
diag(lattice)  = [16.32, 10.35, 67.76]
Ecut           = 20
fft_size       = (54, 36, 216)
kgrid          = [3, 5, 1]
irreducible k  = 15
n_bands        = 198
n_electr       = 368
mixing         = SimpleMixing(0.0213)
n     Free energy       Eₙ-Eₙ₋₁     ρout-ρin   Diag
---   ---------------   ---------   --------   ----
  1   -605.9322125294         NaN   2.11e+00    22.5 
  2   -606.7314665811   -7.99e-01   2.05e+00    11.0 
  3   -561.0142167869    4.57e+01   1.27e+00    27.2 
  4   -518.1068522199    4.29e+01   1.02e+00    27.5 
  5   -605.6495827266   -8.75e+01   8.87e-01    21.5 
  6   -602.3038513124    3.35e+00   6.49e-01    20.3 
  7   -603.3668241962   -1.06e+00   5.05e-01    20.9 
  8   -606.1986050581   -2.83e+00   1.97e-01    17.6 
  9   -607.0328194896   -8.34e-01   1.54e-01    14.2 
 10   -607.6878321863   -6.55e-01   1.04e-01    13.3 
 11   -607.7404083320   -5.26e-02   8.46e-02    13.7 
 12   -607.7730019376   -3.26e-02   5.29e-02    13.7 
 13   -607.8084042429   -3.54e-02   4.79e-02    15.2 
 14   -607.8191444195   -1.07e-02   2.43e-02    13.2 
 15   -607.8214153207   -2.27e-03   2.26e-02    11.6 
 16   -607.8238701163   -2.45e-03   1.32e-02    13.3 
 17   -607.8251981542   -1.33e-03   1.14e-02    11.4 
 18   -607.8255562321   -3.58e-04   9.28e-03    12.9 
 19   -607.8260371683   -4.81e-04   4.77e-03    13.6 
 20   -607.8259887409    4.84e-05   4.33e-03    11.7 
 21   -607.8259919803   -3.24e-06   2.62e-03    14.1 
 22   -607.8260552536   -6.33e-05   1.74e-03    14.4 
 23   -607.8260627761   -7.52e-06   1.50e-03    13.9 
 24   -607.8259917223    7.11e-05   1.32e-03    14.3 
 25   -607.8260664334   -7.47e-05   6.72e-04    17.4 
 26   -607.8260754191   -8.99e-06   5.48e-04    13.1 
 27   -607.8260756269   -2.08e-07   4.58e-04    12.6 
 28   -607.8260762139   -5.87e-07   3.33e-04    13.9 
 29   -607.8260764228   -2.09e-07   2.69e-04    12.7 
 30   -607.8260768209   -3.98e-07   1.72e-04    12.9 
 31   -607.8260769589   -1.38e-07   1.23e-04    15.0 
 32   -607.8260769772   -1.83e-08   1.13e-04    10.5 
 33   -607.8260770006   -2.34e-08   5.12e-05    15.1 
 34   -607.8260770038   -3.12e-09   4.73e-05    10.9 
 35   -607.8260770043   -5.56e-10   3.87e-05    12.7 
 36   -607.8260770143   -9.98e-09   3.53e-05    12.9 
 37   -607.8260770009    1.34e-08   3.35e-05    13.9 
 38   -607.8260770050   -4.05e-09   2.77e-05    14.0 
 39   -607.8260770173   -1.23e-08   1.50e-05    15.1 
 40   -607.8260770180   -6.59e-10   1.37e-05    10.3 
 41   -607.8260770190   -1.06e-09   9.35e-06    13.6 
 42   -607.8260770190   -1.50e-11   8.59e-06    11.0 
 43   -607.8260770193   -3.02e-10   3.90e-06    14.5 
 44   -607.8260770194   -2.32e-11   3.64e-06    11.9 
 45   -607.8260770194    9.09e-12   3.06e-06    14.7 
Energy breakdown:
    Kinetic             374.8719714
    AtomicLocal         -5517.6857944
    AtomicNonlocal      72.2453113
    Ewald               2010.0807491
    PspCorrection       -10.6153215
    Hartree             2617.9783793
    Xc                  -154.7010669
    Entropy             -0.0003055

    total               -607.826077019352

 ──────────────────────────────────────────────────────────────────────────────
                                       Time                   Allocations      
                               ──────────────────────   ───────────────────────
       Tot / % measured:           60262s / 100%            10358GiB / 100%    

 Section               ncalls     time   %tot     avg     alloc   %tot      avg
 ──────────────────────────────────────────────────────────────────────────────
 self_consistent_field      1   60248s   100%  60248s   10352GiB 100%   10352GiB
   LOBPCG                 675   56258s  93.4%   83.3s   9223GiB  89.0%  13.7GiB
     block multipli...  56.8k   17143s  28.4%   302ms   2648GiB  25.6%  47.7MiB
     Hamiltonian mu...  10.6k   12271s  20.4%   1.16s   1277GiB  12.3%   123MiB
     rayleigh_ritz      9.93k    7520s  12.5%   758ms   59.5GiB  0.57%  6.13MiB
     ortho              44.2k    6114s  10.1%   138ms   1688GiB  16.3%  39.1MiB
   energy_hamiltonian      91    2972s  4.93%   32.7s    248GiB  2.40%  2.73GiB
   compute_density         45     734s  1.22%   16.3s    863GiB  8.34%  19.2GiB
   QR orthonormaliz...    675    40.1s  0.07%  59.3ms   10.9GiB  0.11%  16.5MiB
   mixing Simple           45    700ms  0.00%  15.6ms   1.27GiB  0.01%  28.8MiB
 PlaneWaveBasis             1    13.1s  0.02%   13.1s   6.44GiB  0.06%  6.44GiB
   Instantiation At...      1    6.96s  0.01%   6.96s   4.83GiB  0.05%  4.83GiB
   Instantiation Ewald      1    3.45s  0.01%   3.45s   1.42GiB  0.01%  1.42GiB
   Instantiation At...      1    1.50s  0.00%   1.50s   41.7MiB  0.00%  41.7MiB
   build_kpoints            1    1.15s  0.00%   1.15s    109MiB  0.00%   109MiB
   Instantiation Ha...      1   8.08ms  0.00%  8.08ms   9.62MiB  0.00%  9.62MiB
   Instantiation Ki...      1   6.43ms  0.00%  6.43ms   5.60MiB  0.00%  5.60MiB
   Instantiation Ps...      1    118μs  0.00%   118μs   3.11KiB  0.00%  3.11KiB
   Instantiation Xc         1   3.71μs  0.00%  3.71μs     32.0B  0.00%    32.0B
   Instantiation En...      1   1.02μs  0.00%  1.02μs     16.0B  0.00%    16.0B
 guess_density              1    1.22s  0.00%   1.22s   67.3MiB  0.00%  67.3MiB
 spglib_get_symmetry        1   4.59ms  0.00%  4.59ms    164KiB  0.00%   164KiB
 ──────────────────────────────────────────────────────────────────────────────
