#
#-- SCF AlSiO2H n_repeat=10 -- mixing=HybridMixing(0.912, 14, 1.0, identity, true, false)
#

hostname       = clustern10

started on     = 2020-07-28T06:34:22.347
julia threads  = 4
BLAS threads   = 4

temperature    = 0.001
smearing       = DFTK.Smearing.Gaussian()
diag(lattice)  = [16.32, 10.35, 67.76]
Ecut           = 20
fft_size       = (54, 36, 216)
kgrid          = [3, 5, 1]
irreducible k  = 15
n_bands        = 198
n_electr       = 368
mixing         = HybridMixing(0.912, 14, 1.0, identity, true, false)
n     Free energy       Eₙ-Eₙ₋₁     ρout-ρin   Diag
---   ---------------   ---------   --------   ----
  1   -605.9322426578         NaN   2.11e+00    22.5 
  2   -607.0835809882   -1.15e+00   7.72e-01    9.8 
  3   -607.5639072493   -4.80e-01   3.75e-01    9.5 
  4   -607.7554806348   -1.92e-01   8.37e-02    9.1 
  5   -607.8079359825   -5.25e-02   3.75e-02    9.9 
  6   -607.8209248281   -1.30e-02   1.97e-02    7.8 
  7   -607.8249934028   -4.07e-03   8.52e-03    6.8 
  8   -607.8259134914   -9.20e-04   3.19e-03    6.9 
  9   -607.8260239221   -1.10e-04   1.81e-03    6.9 
 10   -607.8260594021   -3.55e-05   9.68e-04    6.1 
 11   -607.8260708112   -1.14e-05   5.17e-04    7.0 
 12   -607.8260747406   -3.93e-06   2.62e-04    7.5 
 13   -607.8260762510   -1.51e-06   1.30e-04    8.3 
 14   -607.8260767505   -4.99e-07   7.04e-05    8.0 
 15   -607.8260769244   -1.74e-07   3.98e-05    6.8 
 16   -607.8260769998   -7.54e-08   1.98e-05    6.9 
 17   -607.8260770142   -1.44e-08   1.13e-05    6.9 
 18   -607.8260770183   -4.10e-09   5.34e-06    6.1 
 19   -607.8260770192   -8.79e-10   2.73e-06    6.1 
 20   -607.8260770194   -1.73e-10   1.09e-06    5.9 
 21   -607.8260770194   -1.88e-11   4.94e-07    4.8 
 22   -607.8260770194   -5.46e-12   2.24e-07    6.5 
Energy breakdown:
    Kinetic             374.8719566
    AtomicLocal         -5517.6858718
    AtomicNonlocal      72.2453083
    Ewald               2010.0807491
    PspCorrection       -10.6153215
    Hartree             2617.9784718
    Xc                  -154.7010641
    Entropy             -0.0003055

    total               -607.826077019411

 ──────────────────────────────────────────────────────────────────────────────
                                       Time                   Allocations      
                               ──────────────────────   ───────────────────────
       Tot / % measured:           23583s / 100%            4659GiB / 100%     

 Section               ncalls     time   %tot     avg     alloc   %tot      avg
 ──────────────────────────────────────────────────────────────────────────────
 self_consistent_field      1   23568s   100%  23568s   4653GiB  100%   4653GiB
   LOBPCG                 330   21061s  89.3%   63.8s   3603GiB  77.3%  10.9GiB
     block multipli...  14.5k    6167s  26.1%   425ms    944GiB  20.3%  66.6MiB
     Hamiltonian mu...  2.97k    4714s  20.0%   1.59s    496GiB  10.6%   171MiB
     rayleigh_ritz      2.64k    2766s  11.7%   1.05s   22.4GiB  0.48%  8.68MiB
     ortho              11.7k    2256s  9.57%   192ms    643GiB  13.8%  56.1MiB
   energy_hamiltonian      45    1468s  6.22%   32.6s    122GiB  2.61%  2.70GiB
   mixing Hybrid           22     431s  1.83%   19.6s    493GiB  10.6%  22.4GiB
     compute_density       22     362s  1.54%   16.5s    422GiB  9.06%  19.2GiB
   compute_density         22     359s  1.52%   16.3s    422GiB  9.06%  19.2GiB
   QR orthonormaliz...    330    42.4s  0.18%   128ms   10.9GiB  0.23%  33.8MiB
 PlaneWaveBasis             1    13.4s  0.06%   13.4s   6.46GiB  0.14%  6.46GiB
   Instantiation At...      1    7.00s  0.03%   7.00s   4.83GiB  0.10%  4.83GiB
   Instantiation Ewald      1    3.46s  0.01%   3.46s   1.42GiB  0.03%  1.42GiB
   Instantiation At...      1    1.48s  0.01%   1.48s   41.7MiB  0.00%  41.7MiB
   build_kpoints            1    164ms  0.00%   164ms    109MiB  0.00%   109MiB
   Instantiation Ha...      1   7.65ms  0.00%  7.65ms   9.62MiB  0.00%  9.62MiB
   Instantiation Ki...      1   6.21ms  0.00%  6.21ms   5.60MiB  0.00%  5.60MiB
   Instantiation Ps...      1    118μs  0.00%   118μs   3.11KiB  0.00%  3.11KiB
   Instantiation Xc         1   2.55μs  0.00%  2.55μs     32.0B  0.00%    32.0B
   Instantiation En...      1   1.01μs  0.00%  1.01μs     16.0B  0.00%    16.0B
 guess_density              1    1.23s  0.01%   1.23s   67.3MiB  0.00%  67.3MiB
 spglib_get_symmetry        1   3.91ms  0.00%  3.91ms    164KiB  0.00%   164KiB
 ──────────────────────────────────────────────────────────────────────────────
