#
#-- SCF AlSiO2H n_repeat=10 -- mixing=RestaMixing(0.258, 14, 1.0)
#

hostname       = clustern12

started on     = 2020-07-28T23:16:31.431
julia threads  = 4
BLAS threads   = 4

temperature    = 0.001
smearing       = DFTK.Smearing.Gaussian()
diag(lattice)  = [16.32, 10.35, 67.76]
Ecut           = 20
fft_size       = (54, 36, 216)
kgrid          = [3, 5, 1]
irreducible k  = 15
n_bands        = 198
n_electr       = 368
mixing         = RestaMixing(0.258, 14, 1.0)
n     Free energy       Eₙ-Eₙ₋₁     ρout-ρin   Diag
---   ---------------   ---------   --------   ----
  1   -605.9322628684         NaN   2.11e+00    22.9 
  2   -607.3857570322   -1.45e+00   1.52e+00    11.3 
  3   -606.5701301837    8.16e-01   4.82e-01    17.7 
  4   -591.4876628886    1.51e+01   2.05e-01    20.5 
  5   -592.3770011342   -8.89e-01   1.87e-01    21.7 
  6   -607.2652519447   -1.49e+01   5.42e-02    18.6 
  7   -607.7084780178   -4.43e-01   2.34e-02    10.6 
  8   -607.8012199373   -9.27e-02   1.27e-02    11.9 
  9   -607.8059583250   -4.74e-03   9.24e-03    7.1 
 10   -607.8257629618   -1.98e-02   3.81e-03    10.5 
 11   -607.8256226143    1.40e-04   2.21e-03    7.8 
 12   -607.8257106047   -8.80e-05   1.81e-03    10.7 
 13   -607.8260154155   -3.05e-04   8.53e-04    10.4 
 14   -607.8260641673   -4.88e-05   5.74e-04    8.7 
 15   -607.8260510454    1.31e-05   4.80e-04    9.5 
 16   -607.8260743035   -2.33e-05   2.47e-04    8.6 
 17   -607.8260764262   -2.12e-06   1.30e-04    9.8 
 18   -607.8260767722   -3.46e-07   9.20e-05    8.1 
 19   -607.8260769757   -2.03e-07   4.22e-05    8.2 
 20   -607.8260769983   -2.26e-08   3.12e-05    7.8 
 21   -607.8260770127   -1.44e-08   1.42e-05    8.1 
 22   -607.8260770141   -1.32e-09   1.13e-05    6.3 
 23   -607.8260770181   -4.05e-09   5.28e-06    8.9 
 24   -607.8260770188   -6.74e-10   3.62e-06    8.5 
 25   -607.8260770190   -2.30e-10   2.53e-06    8.1 
 26   -607.8260770192   -2.09e-10   1.68e-06    9.9 
 27   -607.8260770192    2.08e-11   1.33e-06    9.8 
 28   -607.8260770191    5.07e-11   1.32e-06    9.9 
 29   -607.8260770194   -2.42e-10   6.37e-07    10.3 
 30   -607.8260770194   -1.35e-11   4.21e-07    9.5 
 31   -607.8260770194   -6.48e-12   2.40e-07    8.9 
Energy breakdown:
    Kinetic             374.8719590
    AtomicLocal         -5517.6859754
    AtomicNonlocal      72.2453083
    Ewald               2010.0807491
    PspCorrection       -10.6153215
    Hartree             2617.9785734
    Xc                  -154.7010646
    Entropy             -0.0003055

    total               -607.826077019409

 ──────────────────────────────────────────────────────────────────────────────
                                       Time                   Allocations      
                               ──────────────────────   ───────────────────────
       Tot / % measured:           32552s / 100%            6568GiB / 100%     

 Section               ncalls     time   %tot     avg     alloc   %tot      avg
 ──────────────────────────────────────────────────────────────────────────────
 self_consistent_field      1   32540s   100%  32540s   6562GiB  100%   6562GiB
   LOBPCG                 465   30348s  93.2%   65.3s   5781GiB  88.0%  12.4GiB
     block multipli...  28.7k    9657s  29.7%   337ms   1602GiB  24.4%  57.2MiB
     Hamiltonian mu...  5.57k    6236s  19.2%   1.12s    797GiB  12.1%   146MiB
     rayleigh_ritz      5.11k    4204s  12.9%   823ms   37.3GiB  0.57%  7.48MiB
     ortho              22.6k    3229s  9.92%   143ms   1049GiB  16.0%  47.4MiB
   energy_hamiltonian      63    1582s  4.86%   25.1s    171GiB  2.60%  2.72GiB
   compute_density         31     379s  1.17%   12.2s    595GiB  9.05%  19.2GiB
   QR orthonormaliz...    465    36.1s  0.11%  77.6ms   10.9GiB  0.17%  24.0MiB
   mixing Resta            31    210ms  0.00%  6.78ms    397MiB  0.01%  12.8MiB
 PlaneWaveBasis             1    10.2s  0.03%   10.2s   6.44GiB  0.10%  6.44GiB
   Instantiation At...      1    5.52s  0.02%   5.52s   4.83GiB  0.07%  4.83GiB
   Instantiation Ewald      1    3.11s  0.01%   3.11s   1.42GiB  0.02%  1.42GiB
   Instantiation At...      1    1.37s  0.00%   1.37s   41.7MiB  0.00%  41.7MiB
   build_kpoints            1    181ms  0.00%   181ms    109MiB  0.00%   109MiB
   Instantiation Ha...      1   6.41ms  0.00%  6.41ms   9.62MiB  0.00%  9.62MiB
   Instantiation Ki...      1   5.74ms  0.00%  5.74ms   5.60MiB  0.00%  5.60MiB
   Instantiation Ps...      1    101μs  0.00%   101μs   3.11KiB  0.00%  3.11KiB
   Instantiation Xc         1   1.69μs  0.00%  1.69μs     32.0B  0.00%    32.0B
   Instantiation En...      1   1.08μs  0.00%  1.08μs     16.0B  0.00%    16.0B
 guess_density              1    1.12s  0.00%   1.12s   67.3MiB  0.00%  67.3MiB
 spglib_get_symmetry        1   3.42ms  0.00%  3.42ms    164KiB  0.00%   164KiB
 ──────────────────────────────────────────────────────────────────────────────
