#
#-- optimal_damping GaAsVac n_repeat=10 -- mixing=HybridMixing(1.0, 14, 1.0, identity, true, false)
#

Starting Arnoldi (now = 2020-07-25T15:54:36.073 ...

#--- 1 ---#
idcs      evals   residnorms   |P(X)|
  1    0.982373   0.0541405  2.05202e-15

#--- 2 ---#
idcs      evals   residnorms   |P(X)|
  1    0.524721    0.205203  4.90189e-15
  2    0.984669   0.0241291  2.11176e-15

#--- 3 ---#
idcs      evals   residnorms   |P(X)|
  1    0.468147    0.151716  3.60567e-15
  2    0.743497    0.214228  1.59858e-15
  3    0.986025   0.0197178  2.15583e-15

#--- 4 ---#
idcs      evals   residnorms   |P(X)|
  1    0.327124    0.140023  2.66565e-15
  2    0.623938    0.168922  3.78276e-15
  3    0.861689    0.169579  1.24442e-15
  4    0.987249   0.0219012  2.17615e-15

#--- 5 ---#
idcs      evals   residnorms   |P(X)|
  1    0.184064    0.151169  1.68089e-15
  2    0.472922    0.131354  3.09297e-15
  3    0.681293    0.143151  2.48984e-15
  4    0.906553   0.0977388  1.3234e-15
  5    0.988528   0.0161804  2.20344e-15

#--- 6 ---#
idcs      evals   residnorms   |P(X)|
  1    0.143888   0.0766576  1.27815e-15
  2    0.394554   0.0950045  2.47719e-15
  3    0.603157    0.124344  3.09276e-15
  4    0.754089     0.13472  9.80664e-16
  5    0.937374   0.0673487  1.36835e-15
  6    0.989536   0.0144232  2.23472e-15

#--- 7 ---#
idcs      evals   residnorms   |P(X)|
  1    0.121897   0.0532285  1.35944e-15
  2     0.34173    0.129193  9.69844e-16
  3    0.464419    0.121014  3.24986e-15
  4    0.717244    0.120604  2.76859e-15
  5    0.780972    0.126586  1.78692e-15
  6    0.947935   0.0535266  1.33824e-15
  7    0.990111   0.0120314  2.26495e-15

#--- 8 ---#
idcs      evals   residnorms   |P(X)|
  1    0.114104   0.0452067  1.12619e-15
  2    0.256065    0.121931  1.34624e-15
  3     0.43872    0.108816  1.71613e-15
  4    0.537092    0.117818  2.40424e-15
  5    0.780471   0.0998949  2.83374e-15
  6    0.830578     0.10356  2.48744e-15
  7    0.954983   0.0494284  1.42367e-15
  8    0.990551   0.0110185  2.30522e-15

#--- 9 ---#
idcs      evals   residnorms   |P(X)|
  1    0.102976    0.036153  1.05052e-15
  2    0.201153   0.0851042  1.12933e-15
  3    0.375637   0.0819363  1.48943e-15
  4    0.497977   0.0924858  2.92344e-15
  5    0.643723    0.105716  2.07136e-15
  6    0.801807   0.0898093  2.24039e-15
  7    0.873549    0.081073  2.36601e-15
  8    0.962655   0.0420763  1.61224e-15
  9    0.990972   0.0100933  2.35135e-15

#--- 10 ---#
idcs      evals   residnorms   |P(X)|
  1   0.0975653   0.0245997  9.28926e-16
  2    0.174732    0.052736  1.18015e-15
  3    0.334908   0.0749378  1.12814e-15
  4    0.455001   0.0827786  2.4647e-15
  5    0.562122   0.0970342  2.19962e-15
  6     0.71652   0.0922884  2.25052e-15
  7    0.824702   0.0909657  1.19956e-15
  8     0.90059   0.0689562  2.09762e-15
  9    0.968352    0.037313  1.79093e-15
 10    0.991338  0.00966398  2.40247e-15

#--- 11 ---#
idcs      evals   residnorms   |P(X)|
  1   0.0968732   0.0131219  8.78182e-16
  2    0.163687    0.031084  1.16821e-15
  3    0.302028   0.0665772  9.86497e-16
  4    0.410217   0.0682038  1.67039e-15
  5    0.508949   0.0709941  2.78778e-15
  6    0.637988   0.0832287  1.8201e-15
  7     0.76642   0.0761282  2.21493e-15
  8    0.839181   0.0768145  1.23549e-15
  9    0.921638   0.0518375  1.71883e-15
 10     0.97405   0.0299932  1.88287e-15
 11    0.991826  0.00909518  2.4585e-15

#--- 12 ---#
idcs      evals   residnorms   |P(X)|
  1   0.0958066  0.00697499  8.88714e-16
  2    0.162936   0.0205161  1.05581e-15
  3     0.27919   0.0653051  1.09121e-15
  4    0.378149   0.0698629  7.96865e-16
  5    0.464396   0.0658544  3.0632e-15
  7    0.673668    0.100967  1.43847e-15
  8    0.807728   0.0797582  2.31529e-15
  9    0.854198   0.0785256  2.0025e-15
 10     0.92411   0.0502267  1.32142e-15
 11    0.976927   0.0231428  1.82109e-15
 12     0.99215  0.00779761  2.47756e-15

#--- 13 ---#
idcs      evals   residnorms   |P(X)|
  1   0.0953815  0.00338511  9.45941e-16
  2     0.16238   0.0125781  1.08721e-15
  3    0.261603   0.0561852  9.11368e-16
  4    0.348962   0.0624962  8.97362e-16
  5    0.444041   0.0712375  2.25673e-15
  8    0.720338   0.0839001  1.48605e-15
  9    0.853672    0.072061         NaN
 10    0.853672    0.072061         NaN
 11    0.934459   0.0456279  1.20631e-15
 12    0.979239   0.0196877  1.81356e-15
 13    0.992437  0.00710739  2.49979e-15
Warn: Suppressed imaginary part.

#--- 14 ---#
idcs      evals   residnorms   |P(X)|
  1   0.0953568  0.00122065  9.15267e-16
  2    0.162059  0.00561987  1.05676e-15
  3    0.251568   0.0325095  1.03396e-15
  4    0.336273   0.0455183  6.42342e-16
  5    0.411538   0.0526787  1.87066e-15
  9    0.763918   0.0687801  1.4377e-15
 10    0.861032   0.0619102  1.53689e-15
 11    0.885892   0.0581257  2.14846e-15
 12    0.945517   0.0448186  1.43014e-15
 13    0.981098   0.0186148  1.80978e-15
 14    0.992637  0.00686442  2.50776e-15

 ──────────────────────────────────────────────────────────────────────────────
                                       Time                   Allocations      
                               ──────────────────────   ───────────────────────
       Tot / % measured:            7097s / 99.3%           12916GiB / 100%    

 Section               ncalls     time   %tot     avg     alloc   %tot      avg
 ──────────────────────────────────────────────────────────────────────────────
 apply_χ0                  14    7024s   100%    502s   12884GiB 100%    920GiB
   Hamiltonian mult...    162    9.34s  0.13%  57.7ms    817MiB  0.01%  5.04MiB
 mixing Hybrid             14    20.0s  0.28%   1.43s   18.2GiB  0.14%  1.30GiB
 PlaneWaveBasis             1    5.44s  0.08%   5.44s   4.31GiB  0.03%  4.31GiB
   Instantiation At...      1    4.10s  0.06%   4.10s   3.88GiB  0.03%  3.88GiB
   Instantiation Ewald      1    739ms  0.01%   739ms    309MiB  0.00%   309MiB
   Instantiation At...      1    536ms  0.01%   536ms   25.6MiB  0.00%  25.6MiB
   build_kpoints            1   52.9ms  0.00%  52.9ms   71.0MiB  0.00%  71.0MiB
   Instantiation Ha...      1   4.11ms  0.00%  4.11ms   8.55MiB  0.00%  8.55MiB
   Instantiation Ki...      1   2.38ms  0.00%  2.38ms   2.86MiB  0.00%  2.86MiB
   Instantiation Ps...      1    108μs  0.00%   108μs   1.64KiB  0.00%  1.64KiB
   Instantiation Xc         1   2.65μs  0.00%  2.65μs     32.0B  0.00%    32.0B
 spglib_get_symmetry        1   4.26ms  0.00%  4.26ms    408KiB  0.00%   408KiB
 ──────────────────────────────────────────────────────────────────────────────
