#
#-- optimal_damping GaAsVac n_repeat=10 -- mixing=KerkerMixing(1.0, 1.0)
#

Starting Arnoldi (now = 2020-07-25T16:43:05.035 ...

#--- 1 ---#
idcs      evals   residnorms   |P(X)|
  1    0.982261   0.0404154  2.04096e-15

#--- 2 ---#
idcs      evals   residnorms   |P(X)|
  1    0.410668    0.373713  6.60038e-15
  2    0.984184    0.026388  2.08296e-15

#--- 3 ---#
idcs      evals   residnorms   |P(X)|
  1    0.195197    0.147161  4.66364e-15
  2    0.778378    0.178331  3.37418e-15
  3    0.986581   0.0191842  2.16591e-15

#--- 4 ---#
idcs      evals   residnorms   |P(X)|
  1    0.159071   0.0711554  3.89156e-15
  2    0.510405    0.168972  2.98418e-15
  3    0.886413    0.103451  2.57534e-15
  4    0.988116   0.0159552  2.2513e-15

#--- 5 ---#
idcs      evals   residnorms   |P(X)|
  1    0.124483   0.0494565  3.63153e-15
  2    0.392007    0.162538  3.5622e-15
  3     0.66061    0.169522  1.68577e-15
  4    0.920105   0.0781382  2.45518e-15
  5    0.988995   0.0140042  2.32788e-15

#--- 6 ---#
idcs      evals   residnorms   |P(X)|
  1    0.110079   0.0484862  3.28963e-15
  2    0.259468    0.129391  3.18253e-15
  3    0.519428    0.132011  2.8973e-15
  4    0.781608    0.129591  1.42677e-15
  5    0.940498   0.0657175  2.31993e-15
  6    0.989706   0.0131916  2.39956e-15

#--- 7 ---#
idcs      evals   residnorms   |P(X)|
  1   0.0989279   0.0597746  2.62462e-15
  2    0.178253   0.0947824  3.05178e-15
  3     0.42105    0.128245  3.28749e-15
  4    0.613394    0.132251  1.6027e-15
  5     0.82901    0.092161  1.61881e-15
  6    0.953747   0.0462676  2.16595e-15
  7    0.990329   0.0108043  2.46351e-15

#--- 8 ---#
idcs      evals   residnorms   |P(X)|
  1    0.087161   0.0438512  1.99658e-15
  2    0.150674    0.049874  3.16738e-15
  3    0.346877   0.0930361  2.99796e-15
  4    0.540107    0.103689  2.49471e-15
  5    0.719908    0.127393  1.00476e-15
  6    0.869793   0.0872931  1.85685e-15
  7    0.962724   0.0421231  1.98589e-15
  8    0.990859   0.0109195  2.51403e-15

#--- 9 ---#
idcs      evals   residnorms   |P(X)|
  1   0.0830864   0.0476052  1.16174e-15
  2    0.131148    0.048143  3.16356e-15
  3    0.289794    0.126409  2.79928e-15
  4    0.431792    0.147903  2.32256e-15
  5    0.588314    0.113601  2.0838e-15
  6    0.767243   0.0948833  9.73434e-16
  7    0.893728   0.0687238  2.03646e-15
  8    0.968382   0.0339973  1.84014e-15
  9     0.99128  0.00973845  2.54673e-15

#--- 10 ---#
idcs      evals   residnorms   |P(X)|
  1    0.080489   0.0835538  8.70067e-16
  2    0.104859   0.0800304  2.88504e-15
  3    0.200117    0.109518  2.80009e-15
  4    0.353743   0.0964604  2.68487e-15
  5    0.529132    0.101494  2.5215e-15
  6    0.672755    0.143424  1.10263e-15
  7     0.79874    0.102359  1.11112e-15
  8    0.910303   0.0642281  2.09396e-15
  9    0.972099   0.0314417  1.76107e-15
 10    0.991606    0.009596  2.57025e-15

#--- 11 ---#
idcs      evals   residnorms   |P(X)|
  1   0.0469768    0.114031  1.93391e-15
  2   0.0789432   0.0717442  2.60963e-15
  3    0.153542   0.0538297  3.14102e-15
  4    0.302272   0.0948455  2.62314e-15
  5    0.439528    0.118052  2.47601e-15
  6    0.573439   0.0932484  1.94914e-15
  7    0.721433    0.103551  9.77049e-16
  8    0.832505   0.0843828  1.29472e-15
  9    0.923852   0.0539824  2.10607e-15
 10    0.975472   0.0265002  1.71087e-15
 11    0.991947  0.00878744  2.59138e-15

#--- 12 ---#
idcs      evals   residnorms   |P(X)|
  1   0.0225143   0.0492398  1.75613e-15
  2   0.0790961   0.0252594  2.38477e-15
  3    0.148016   0.0260587  3.11378e-15
  4    0.265312    0.067295  2.15501e-15
  5    0.390474   0.0687882  2.70632e-15
  7    0.645648    0.111021  1.24147e-15
  8    0.765952   0.0859512  8.48144e-16
  9    0.863477   0.0736352  1.57107e-15
 10    0.936716   0.0492001  2.00998e-15
 11    0.978406   0.0243791  1.70155e-15
 12    0.992277  0.00868268  2.60858e-15

#--- 13 ---#
idcs      evals   residnorms   |P(X)|
  1   0.0168601    0.020217  1.67566e-15
  2   0.0792169   0.0115575  2.28377e-15
  3    0.145215   0.0148569  3.07656e-15
  4    0.246948   0.0507542  2.00313e-15
  5    0.364238   0.0657234  2.61385e-15
  8    0.699468   0.0905751  1.03147e-15
  9    0.792664   0.0716295  8.92153e-16
 10    0.883258   0.0547757  1.73808e-15
 11    0.945747   0.0384144  1.89278e-15
 12    0.980398   0.0196531  1.72255e-15
 13    0.992514  0.00735957  2.61969e-15

#--- 14 ---#
idcs      evals   residnorms   |P(X)|
  1   0.0150572  0.00717505  1.65682e-15
  2   0.0788927  0.00475219  2.23369e-15
  3    0.143454  0.00736577  3.08267e-15
  4    0.237426   0.0340563  1.98235e-15
  5     0.34046   0.0608339  2.2197e-15
  9    0.744056    0.083019  8.71459e-16
 10    0.822126   0.0744166  1.0762e-15
 11    0.897757   0.0502295  1.80245e-15
 12    0.951888   0.0330169  1.81173e-15
 13    0.981815   0.0166526  1.75489e-15
 14    0.992705  0.00641366  2.62624e-15

#--- 15 ---#
idcs      evals   residnorms   |P(X)|
  1    0.014893  0.00235794  1.662e-15
  2   0.0787868  0.00180548  2.22069e-15
  3    0.143216  0.00337229  3.07963e-15
  4    0.232382   0.0211346  1.9133e-15
  5    0.322455   0.0474463  1.97802e-15
 10    0.774128   0.0707113  7.7614e-16
 11    0.849938   0.0677514  1.32452e-15
 12    0.911902   0.0492535  1.8039e-15
 13     0.95739   0.0312225  1.74731e-15
 14    0.983156    0.015479  1.80228e-15
 15    0.992915  0.00615137  2.63311e-15

#--- 16 ---#
idcs      evals   residnorms   |P(X)|
  1   0.0148502  0.00074854  1.67458e-15
  2   0.0787759  0.000660228  2.22128e-15
  3    0.143311  0.00148301  3.07974e-15
  4    0.229462   0.0126766  1.82383e-15
  5    0.311104   0.0364982  1.94584e-15
 11    0.796595   0.0642651  8.9845e-16
 12    0.870177   0.0527854  1.47604e-15
 13    0.923944   0.0427363  1.78838e-15
 14    0.962724   0.0278747  1.67907e-15
 15    0.984649   0.0142287  1.86313e-15
 16    0.993173  0.00603187  2.63649e-15

#--- 17 ---#
idcs      evals   residnorms   |P(X)|
  1   0.0148326  0.000286818  1.66272e-15
  2   0.0787704  0.000291599  2.24359e-15
  3    0.143375  0.000783608  3.07803e-15
  4     0.22885  0.00941965  1.78007e-15
  5    0.302902   0.0375811  1.88151e-15
 12    0.817043   0.0694744  1.01284e-15
 13    0.882349   0.0488717  1.57653e-15
 14    0.931675   0.0384561  1.75658e-15
 15    0.966347   0.0254181  1.64072e-15
 16     0.98576   0.0133137  1.91951e-15
 17    0.993399  0.00599622  2.63604e-15

#--- 18 ---#
idcs      evals   residnorms   |P(X)|
  1   0.0148322  0.000126107  1.66798e-15
  2   0.0787734  0.000151828  2.2287e-15
  3    0.143368  0.00050915  3.08329e-15
  4    0.229052   0.0101576  1.73077e-15
  5    0.287394   0.0603308  1.50526e-15
 13    0.841034   0.0691483  1.11972e-15
 14    0.894111   0.0504147  1.6385e-15
 15    0.938512   0.0370488  1.71995e-15
 16    0.969329   0.0244789  1.61646e-15
 17     0.98661   0.0129558  1.97627e-15
 18    0.993575  0.00605592  2.63178e-15

 ──────────────────────────────────────────────────────────────────────────────
                                       Time                   Allocations      
                               ──────────────────────   ───────────────────────
       Tot / % measured:           13076s / 99.4%           16581GiB / 100%    

 Section               ncalls     time   %tot     avg     alloc   %tot      avg
 ──────────────────────────────────────────────────────────────────────────────
 apply_χ0                  18   12989s   100%    722s   16563GiB 100%    920GiB
   Hamiltonian mult...    105    8.11s  0.06%  77.3ms    529MiB  0.00%  5.04MiB
 PlaneWaveBasis             1    7.00s  0.05%   7.00s   4.31GiB  0.03%  4.31GiB
   Instantiation At...      1    4.59s  0.04%   4.59s   3.88GiB  0.02%  3.88GiB
   Instantiation Ewald      1    1.69s  0.01%   1.69s    309MiB  0.00%   309MiB
   Instantiation At...      1    643ms  0.00%   643ms   25.6MiB  0.00%  25.6MiB
   build_kpoints            1   69.9ms  0.00%  69.9ms   71.0MiB  0.00%  71.0MiB
   Instantiation Ha...      1   7.52ms  0.00%  7.52ms   8.55MiB  0.00%  8.55MiB
   Instantiation Ki...      1   2.87ms  0.00%  2.87ms   2.86MiB  0.00%  2.86MiB
   Instantiation Ps...      1   99.4μs  0.00%  99.4μs   1.64KiB  0.00%  1.64KiB
   Instantiation Xc         1   7.60μs  0.00%  7.60μs     32.0B  0.00%    32.0B
 mixing Kerker             18    310ms  0.00%  17.2ms    308MiB  0.00%  17.1MiB
 spglib_get_symmetry        1   5.68ms  0.00%  5.68ms    408KiB  0.00%   408KiB
 ──────────────────────────────────────────────────────────────────────────────
