#
#-- optimal_damping GaAsVac n_repeat=10 -- mixing=RestaMixing(1.0, 14, 1.0)
#

Starting Arnoldi (now = 2020-07-25T16:58:08.553 ...

#--- 1 ---#
idcs      evals   residnorms   |P(X)|
  1    0.982673   0.0318994  2.06392e-15

#--- 2 ---#
idcs      evals   residnorms   |P(X)|
  1    0.640853     0.23445  8.30757e-15
  2    0.985329   0.0218602  2.18739e-15

#--- 3 ---#
idcs      evals   residnorms   |P(X)|
  1    0.411293    0.167496  5.28721e-15
  2    0.832027      0.1539  5.8169e-15
  3    0.986999   0.0184434  2.35925e-15

#--- 4 ---#
idcs      evals   residnorms   |P(X)|
  1    0.320049    0.116736  3.26279e-15
  2    0.602438     0.15499  5.27611e-15
  3     0.90539   0.0938884  4.34933e-15
  4    0.988483     0.01567  2.5361e-15

#--- 5 ---#
idcs      evals   residnorms   |P(X)|
  1    0.265624    0.111786  2.03565e-15
  2     0.45983    0.159232  4.23169e-15
  3    0.712832    0.143149  4.56223e-15
  4     0.93073   0.0663293  3.61459e-15
  5    0.989316   0.0129299  2.64333e-15

#--- 6 ---#
idcs      evals   residnorms   |P(X)|
  1    0.204791   0.0865007  9.48805e-16
  2    0.367101   0.0916936  3.80763e-15
  3    0.607632    0.112214  4.31842e-15
  4    0.802485     0.11713  3.42873e-15
  5    0.947348   0.0513376  3.12755e-15
  6    0.990011   0.0112491  2.75254e-15

#--- 7 ---#
idcs      evals   residnorms   |P(X)|
  1    0.175583   0.0508707  7.65082e-16
  2     0.33973   0.0653808  3.18095e-15
  3    0.507952    0.114974  3.46877e-15
  4    0.692517    0.109347  4.1941e-15
  5    0.861655   0.0959153  2.82274e-15
  6    0.958465   0.0470671  2.73115e-15
  7    0.990606   0.0113225  2.84895e-15

#--- 8 ---#
idcs      evals   residnorms   |P(X)|
  1    0.163851   0.0360418  6.89649e-16
  2    0.314304   0.0792818  2.26913e-15
  3    0.410224    0.114324  3.02929e-15
  4    0.595548   0.0978444  3.92561e-15
  5    0.749024   0.0974763  3.35765e-15
  6    0.887873   0.0684285  2.68099e-15
  7     0.96604   0.0349136  2.45616e-15
  8    0.991107  0.00952761  2.93313e-15

#--- 9 ---#
idcs      evals   residnorms   |P(X)|
  1    0.160695   0.0222845  6.40756e-16
  2    0.277631    0.066736  1.51341e-15
  3     0.36992   0.0632376  3.23311e-15
  4    0.529581   0.0832255  3.24356e-15
  5    0.679285     0.09488  3.85589e-15
  6    0.800269    0.100244  2.25528e-15
  7    0.905061    0.059195  2.68501e-15
  8    0.970842   0.0281498  2.22925e-15
  9    0.991479  0.00832594  2.98346e-15

#--- 10 ---#
idcs      evals   residnorms   |P(X)|
  1     0.15936    0.010614  6.54669e-16
  2    0.260074   0.0397107  1.1633e-15
  3    0.355375    0.039573  3.15675e-15
  4    0.480992   0.0813443  2.54514e-15
  5    0.605321   0.0847746  3.53689e-15
  6    0.732341   0.0820197  3.19553e-15
  7    0.839907   0.0794948  1.97066e-15
  8    0.924475   0.0510437  2.74883e-15
  9    0.975159   0.0250105  1.97024e-15
 10    0.991893  0.00806858  3.01513e-15

#--- 11 ---#
idcs      evals   residnorms   |P(X)|
  1    0.158886  0.00510395  6.7069e-16
  2    0.254499   0.0261472  1.03133e-15
  3     0.34543   0.0373941  2.921e-15
  4    0.430318   0.0818289  2.28478e-15
  5    0.550654   0.0742981  3.14613e-15
  6    0.670241   0.0858839  3.35418e-15
  7    0.767292    0.082271  2.38039e-15
  8    0.864851   0.0616537  2.05602e-15
  9    0.937231   0.0419133  2.69681e-15
 10    0.978226   0.0212966  1.8411e-15
 11    0.992229  0.00743228  3.03428e-15

#--- 12 ---#
idcs      evals   residnorms   |P(X)|
  1    0.158949   0.0027085  6.27623e-16
  2    0.250762   0.0199414  9.72154e-16
  3     0.33497    0.046408  2.45292e-15
  4    0.389285    0.071632  2.47977e-15
  5    0.509927   0.0744726  2.70973e-15
  7    0.713671   0.0842335  2.98703e-15
  8    0.800118   0.0838919  1.96408e-15
  9    0.885315   0.0564321  2.14438e-15
 10    0.945478   0.0386086  2.55709e-15
 11    0.980348    0.019378  1.8037e-15
 12    0.992508  0.00716441  3.04521e-15

 ──────────────────────────────────────────────────────────────────────────────
                                       Time                   Allocations      
                               ──────────────────────   ───────────────────────
       Tot / % measured:            6721s / 99.2%           11056GiB / 100%    

 Section               ncalls     time   %tot     avg     alloc   %tot      avg
 ──────────────────────────────────────────────────────────────────────────────
 apply_χ0                  12    6664s   100%    555s   11043GiB 100%    920GiB
   Hamiltonian mult...    124    9.54s  0.14%  76.9ms    642MiB  0.01%  5.18MiB
 PlaneWaveBasis             1    5.81s  0.09%   5.81s   4.32GiB  0.04%  4.32GiB
   Instantiation At...      1    4.02s  0.06%   4.02s   3.88GiB  0.04%  3.88GiB
   Instantiation Ewald      1    686ms  0.01%   686ms    309MiB  0.00%   309MiB
   Instantiation At...      1    591ms  0.01%   591ms   25.6MiB  0.00%  25.6MiB
   build_kpoints            1    269ms  0.00%   269ms   71.0MiB  0.00%  71.0MiB
   Instantiation Ha...      1   4.02ms  0.00%  4.02ms   8.55MiB  0.00%  8.55MiB
   Instantiation Ki...      1   2.76ms  0.00%  2.76ms   2.86MiB  0.00%  2.86MiB
   Instantiation Ps...      1   88.2μs  0.00%  88.2μs   1.64KiB  0.00%  1.64KiB
   Instantiation Xc         1   1.51μs  0.00%  1.51μs     32.0B  0.00%    32.0B
 mixing Resta              12    552ms  0.01%  46.0ms    259MiB  0.00%  21.6MiB
 spglib_get_symmetry        1   5.14ms  0.00%  5.14ms    409KiB  0.00%   409KiB
 ──────────────────────────────────────────────────────────────────────────────
