#
#-- optimal_damping GaAsVac n_repeat=10 -- mixing=HybridMixing(1.0, 1, 1.0, identity, true, false)
#

Starting Arnoldi (now = 2020-07-25T16:40:10.015 ...

#--- 1 ---#
idcs      evals   residnorms   |P(X)|
  1     1.00004   0.0362308  2.03081e-15

#--- 2 ---#
idcs      evals   residnorms   |P(X)|
  1     1.00015   0.0231916  2.03312e-15
  2     9.45564     5.41252  7.29183e-15

#--- 3 ---#
idcs      evals   residnorms   |P(X)|
  1     1.00002      0.0196  2.04153e-15
  2     1.84087    0.840773  3.45264e-15
  3     12.2959     0.55009  5.95838e-15

#--- 4 ---#
idcs      evals   residnorms   |P(X)|
  1      1.0001   0.0239494  2.04675e-15
  2     1.42617    0.653485  2.95046e-15
  3     4.36508     1.86706  2.82883e-15
  4     12.4245    0.140222  5.90766e-15

#--- 5 ---#
idcs      evals   residnorms   |P(X)|
  1     1.00003   0.0210416  2.04783e-15
  2     1.26359    0.442963  2.21797e-15
  3      2.4721    0.822767  2.57335e-15
  4     6.03201    0.818932  2.03012e-15
  5     12.4266   0.0209669  5.90071e-15

#--- 6 ---#
idcs      evals   residnorms   |P(X)|
  1     1.00002   0.0202757  2.04735e-15
  2     1.14834    0.280726  1.35319e-15
  3     1.84586    0.461548  2.79249e-15
  4      3.4127    0.569229  1.41932e-15
  5     6.23636    0.195556  2.10735e-15
  6     12.4292  0.00175496  5.90057e-15

#--- 7 ---#
idcs      evals   residnorms   |P(X)|
  1    0.999951   0.0116129  2.04098e-15
  2     1.10597    0.126012  9.81472e-16
  3     1.64059    0.245649  2.75529e-15
  4     2.58045    0.392893  1.45265e-15
  5     3.83228    0.292422  1.36984e-15
  6     6.24741     0.03434  2.06214e-15
  7      12.429  0.000105708  5.903e-15

#--- 8 ---#
idcs      evals   residnorms   |P(X)|
  1    0.999937  0.00966498  2.03697e-15
  2     1.08773   0.0975801  8.41862e-16
  3     1.50401    0.279261  2.54913e-15
  4     2.03639    0.439547  1.82791e-15
  5     2.85295     0.33122  1.23292e-15
  6     3.89471    0.129459  1.31331e-15
  7     6.24939  0.00590667  2.05577e-15
  8     12.4291  7.0147e-06  5.90207e-15

#--- 9 ---#
idcs      evals   residnorms   |P(X)|
  1     1.00001    0.014599  2.02091e-15
  2     1.06156    0.128541  6.61966e-16
  3     1.27643    0.319934  2.51335e-15
  4      1.7181    0.231944  1.9799e-15
  5     2.43935    0.321442  2.11429e-15
  6     3.05717    0.276276  5.59467e-16
  7     3.88847   0.0550178  1.41759e-15
  8     6.24993  0.000938042  2.05744e-15
  9     12.4291  4.39184e-07  5.90218e-15

#--- 10 ---#
idcs      evals   residnorms   |P(X)|
  1     1.00001   0.0347532  1.91706e-15
  2     1.01951    0.121469  1.04428e-15
  3     1.16807     0.15933  2.16857e-15
  4     1.63228    0.162903  2.08112e-15
  5     2.08971    0.335126  1.68641e-15
  6     2.66757    0.272204  1.59314e-15
  7     3.16312    0.205567  6.29854e-16
  8     3.88941   0.0213195  1.41681e-15
  9      6.2499  0.000133525  2.05307e-15
 10     12.4291  2.43065e-08  5.90304e-15

#--- 11 ---#
idcs      evals   residnorms   |P(X)|
  1     1.00022   0.0988179         NaN
  2     1.00022   0.0988179         NaN
  3     1.13812    0.110936  1.7828e-15
  4     1.56141    0.223632  2.27702e-15
  5     1.85065    0.352597  1.21561e-15
  6     2.38817     0.38972  2.18468e-15
  7     2.79391    0.311943  7.19062e-16
  8     3.23588    0.185116  5.60552e-16
  9     3.88943   0.0104806  1.40355e-15
 10      6.2499  2.39884e-05  2.05683e-15
 11     12.4291  1.69303e-09  5.90039e-15
Warn: Suppressed imaginary part.

 ──────────────────────────────────────────────────────────────────────────────
                                       Time                   Allocations      
                               ──────────────────────   ───────────────────────
       Tot / % measured:            8654s / 100%            10714GiB / 100%    

 Section               ncalls     time   %tot     avg     alloc   %tot      avg
 ──────────────────────────────────────────────────────────────────────────────
 apply_χ0                  11    8614s   100%    783s   10701GiB 100%    973GiB
   Hamiltonian mult...  41.4k    1641s  19.0%  39.6ms    204GiB  1.90%  5.04MiB
 PlaneWaveBasis             1    5.62s  0.07%   5.62s   4.31GiB  0.04%  4.31GiB
   Instantiation At...      1    4.11s  0.05%   4.11s   3.88GiB  0.04%  3.88GiB
   Instantiation Ewald      1    582ms  0.01%   582ms    309MiB  0.00%   309MiB
   Instantiation At...      1    520ms  0.01%   520ms   25.6MiB  0.00%  25.6MiB
   build_kpoints            1   49.4ms  0.00%  49.4ms   71.0MiB  0.00%  71.0MiB
   Instantiation Ha...      1   5.88ms  0.00%  5.88ms   8.55MiB  0.00%  8.55MiB
   Instantiation Ki...      1   2.26ms  0.00%  2.26ms   2.86MiB  0.00%  2.86MiB
   Instantiation Ps...      1   86.8μs  0.00%  86.8μs   1.64KiB  0.00%  1.64KiB
   Instantiation Xc         1   1.39μs  0.00%  1.39μs     32.0B  0.00%    32.0B
 mixing Hybrid             11    803ms  0.01%  73.0ms   1.29GiB  0.01%   120MiB
 spglib_get_symmetry        1   4.50ms  0.00%  4.50ms    408KiB  0.00%   408KiB
 ──────────────────────────────────────────────────────────────────────────────
