#
#-- optimal_damping GaAsVac n_repeat=10 -- mixing=HybridMixing(1.0, 14, 1.0, var"#250#258"{Int64,var"#periodise#257"}(30, var"#periodise#257"(), Core.Box(0.9621974681799349), Core.Box(1.5378025318119681)), true, false)
#

Starting Arnoldi (now = 2020-07-25T15:57:07.814 ...

#--- 1 ---#
idcs      evals   residnorms   |P(X)|
  1    0.989729   0.0399865  2.07588e-15

#--- 2 ---#
idcs      evals   residnorms   |P(X)|
  1    0.604005    0.192975  6.69972e-15
  2    0.991267    0.019913  2.15658e-15

#--- 3 ---#
idcs      evals   residnorms   |P(X)|
  1    0.514073    0.144945  4.84482e-15
  2    0.804229    0.189658  2.97237e-15
  3    0.992383   0.0179972  2.2133e-15

#--- 4 ---#
idcs      evals   residnorms   |P(X)|
  1    0.396685    0.109095  3.2915e-15
  2    0.658869    0.129236  4.92352e-15
  3    0.898444    0.117123  1.33232e-15
  4    0.993744   0.0163865  2.23064e-15

#--- 5 ---#
idcs      evals   residnorms   |P(X)|
  1    0.333961   0.0913128  2.09079e-15
  2    0.537849    0.112839  4.37183e-15
  3    0.751064    0.121111  3.67013e-15
  4    0.936922   0.0769568  1.30346e-15
  5     0.99482   0.0147799  2.23037e-15

#--- 6 ---#
idcs      evals   residnorms   |P(X)|
  1    0.301981   0.0579876  1.47e-15
  2    0.462849   0.0805028  3.48919e-15
  3    0.650542   0.0908655  4.22872e-15
  4    0.823281   0.0968844  2.11175e-15
  5     0.96015   0.0519228  1.46634e-15
  6    0.995853   0.0138486  2.22089e-15

#--- 7 ---#
idcs      evals   residnorms   |P(X)|
  1    0.299306   0.0344234  1.4076e-15
  2    0.430687   0.0730837  2.21685e-15
  3    0.562228   0.0887652  4.16122e-15
  4    0.742827   0.0955416  3.58658e-15
  5    0.858524   0.0887539  1.02051e-15
  6    0.967851   0.0386255  1.55033e-15
  7    0.996554   0.0113293  2.224e-15

#--- 8 ---#
idcs      evals   residnorms   |P(X)|
  1    0.294292    0.022096  1.36686e-15
  2    0.398677   0.0629974  1.47196e-15
  3    0.506913   0.0724533  3.82826e-15
  4    0.658055   0.0804776  3.68895e-15
  5    0.793387   0.0864586  2.55954e-15
  6    0.891148   0.0736847  1.00904e-15
  7    0.976065   0.0299973  1.66223e-15
  8    0.997328   0.0107135  2.20721e-15

#--- 9 ---#
idcs      evals   residnorms   |P(X)|
  1    0.288806    0.018192  1.43114e-15
  2    0.373042   0.0629309  7.70577e-16
  3    0.464133   0.0640294  3.55543e-15
  4    0.604693   0.0931315  3.3221e-15
  5    0.700959   0.0969298  2.73995e-15
  6    0.834697   0.0805638  2.3775e-15
  7    0.912225   0.0685432  1.39463e-15
  8    0.978586   0.0268136  1.73456e-15
  9    0.997691  0.00952701  2.21803e-15

#--- 10 ---#
idcs      evals   residnorms   |P(X)|
  1    0.289466   0.0143778  1.41798e-15
  2    0.352913   0.0580669  5.9059e-16
  3    0.439286   0.0667116  2.70482e-15
  4    0.530195   0.0818816  3.21497e-15
  5    0.658406    0.076149  3.48316e-15
  6    0.752044   0.0865064  1.83757e-15
  7    0.858642   0.0684492  1.98603e-15
  8    0.930168   0.0536675  1.61186e-15
  9    0.981898   0.0219997  1.82995e-15
 10    0.998143  0.00832598  2.22427e-15

#--- 11 ---#
idcs      evals   residnorms   |P(X)|
  1    0.288727  0.00920598  1.47871e-15
  2    0.339371   0.0395271  6.41128e-16
  3    0.414912   0.0453243  2.42481e-15
  4    0.505046    0.056098  2.9891e-15
  5    0.603726   0.0688009  3.09899e-15
  6    0.711106   0.0701974  3.15077e-15
  7    0.795286   0.0721664  1.26258e-15
  8    0.886493   0.0620979  1.68852e-15
  9    0.946204   0.0480506  1.89558e-15
 10      0.9845   0.0219023  1.96069e-15
 11    0.998543  0.00844284  2.2525e-15

#--- 12 ---#
idcs      evals   residnorms   |P(X)|
  1    0.287396  0.00890505  1.50939e-15
  2     0.32958   0.0398856  6.09715e-16
  3     0.40041   0.0569636  1.98773e-15
  4    0.476275   0.0847288  2.40421e-15
  5    0.544807   0.0954209  3.02364e-15
  7    0.733737   0.0824376  2.17732e-15
  8    0.822032   0.0680806  1.49009e-15
  9    0.898218   0.0561435  1.27362e-15
 10    0.952266   0.0388574  1.83321e-15
 11    0.986366   0.0177342  2.02992e-15
 12    0.998882  0.00724919  2.2607e-15

#--- 13 ---#
idcs      evals   residnorms   |P(X)|
  1    0.287504  0.00660203  1.50853e-15
  2    0.324648   0.0370403  6.43676e-16
  3    0.375775   0.0611386  9.61349e-16
  4    0.432692   0.0499739  2.39838e-15
  5    0.517101   0.0436336  3.07677e-15
  8    0.767172   0.0696832  8.95068e-16
  9    0.851393   0.0583084  1.89333e-15
 10    0.910459   0.0476948  9.84066e-16
 11    0.958686     0.02964  1.68524e-15
 12     0.98785   0.0134962  2.09029e-15
 13    0.999155  0.00562615  2.26588e-15

 ──────────────────────────────────────────────────────────────────────────────
                                       Time                   Allocations      
                               ──────────────────────   ───────────────────────
       Tot / % measured:            6314s / 99.4%           11996GiB / 100%    

 Section               ncalls     time   %tot     avg     alloc   %tot      avg
 ──────────────────────────────────────────────────────────────────────────────
 apply_χ0                  13    6244s   100%    480s   11962GiB 100%    920GiB
   Hamiltonian mult...     29    1.57s  0.02%  54.0ms    146MiB  0.00%  5.04MiB
 mixing Hybrid             13    24.3s  0.39%   1.87s   21.5GiB  0.18%  1.65GiB
 PlaneWaveBasis             1    5.37s  0.09%   5.37s   4.31GiB  0.04%  4.31GiB
   Instantiation At...      1    4.06s  0.06%   4.06s   3.88GiB  0.03%  3.88GiB
   Instantiation Ewald      1    699ms  0.01%   699ms    309MiB  0.00%   309MiB
   Instantiation At...      1    546ms  0.01%   546ms   25.6MiB  0.00%  25.6MiB
   build_kpoints            1   54.4ms  0.00%  54.4ms   71.0MiB  0.00%  71.0MiB
   Instantiation Ha...      1   6.02ms  0.00%  6.02ms   8.55MiB  0.00%  8.55MiB
   Instantiation Ki...      1   2.50ms  0.00%  2.50ms   2.86MiB  0.00%  2.86MiB
   Instantiation Ps...      1   82.0μs  0.00%  82.0μs   1.64KiB  0.00%  1.64KiB
   Instantiation Xc         1   1.31μs  0.00%  1.31μs     32.0B  0.00%    32.0B
 spglib_get_symmetry        1   8.11ms  0.00%  8.11ms    408KiB  0.00%   408KiB
 ──────────────────────────────────────────────────────────────────────────────
