#
#-- optimal_damping GaAsVac n_repeat=10 -- mixing=SimpleMixing(1.0)
#

Starting Arnoldi (now = 2020-07-25T16:49:29.236 ...

#--- 1 ---#
idcs      evals   residnorms   |P(X)|
  1     1.00049   0.0622087  2.05267e-15

#--- 2 ---#
idcs      evals   residnorms   |P(X)|
  1      1.0004   0.0422931  2.05378e-15
  2     8.56998     5.14635  4.32529e-15

#--- 3 ---#
idcs      evals   residnorms   |P(X)|
  1     1.00002   0.0408743  2.06184e-15
  2     2.06468     1.24442  2.54152e-15
  3     12.1485    0.940384  3.418e-15

#--- 4 ---#
idcs      evals   residnorms   |P(X)|
  1    0.999784   0.0319239  2.06645e-15
  2     1.50684    0.566948  2.21035e-15
  3     5.52754     1.51952  2.01151e-15
  4     12.4275     0.23009  3.33255e-15

#--- 5 ---#
idcs      evals   residnorms   |P(X)|
  1     1.00017   0.0320962  2.06809e-15
  2     1.23514    0.360747  1.62088e-15
  3     2.33894     0.57383  1.7758e-15
  4     6.23558    0.296118  1.77104e-15
  5     12.4272   0.0179961  3.32816e-15

#--- 6 ---#
idcs      evals   residnorms   |P(X)|
  1     1.00004   0.0277188  2.05914e-15
  2     1.14572    0.231324  1.11319e-15
  3     1.78277    0.403758  1.82078e-15
  4     2.89814    0.408953  1.10799e-15
  5     6.25225   0.0455579  1.80652e-15
  6     12.4288  0.00106771  3.32439e-15

#--- 7 ---#
idcs      evals   residnorms   |P(X)|
  1    0.999815   0.0218591  2.04874e-15
  2     1.10461    0.145109  9.81221e-16
  3     1.63598     0.30339  1.79976e-15
  4     2.51669    0.486172  1.23366e-15
  5       3.382    0.588042  8.17132e-16
  6     6.24932   0.0120691  1.78292e-15
  7     12.4288  9.82918e-05  3.32769e-15

#--- 8 ---#
idcs      evals   residnorms   |P(X)|
  1     1.00005    0.014809  2.04029e-15
  2     1.09069   0.0951359  8.61058e-16
  3     1.50276    0.257581  1.70032e-15
  4      2.0856    0.400314  1.30435e-15
  5     2.86569    0.317853  1.07425e-15
  6     3.82149    0.419949  6.91117e-16
  7     6.24967  0.00270082  1.80051e-15
  8     12.4288  7.53728e-06  3.3227e-15

#--- 9 ---#
idcs      evals   residnorms   |P(X)|
  1     1.00011   0.0264756  2.00065e-15
  2     1.05661    0.137325  6.6471e-16
  3     1.27181    0.318361  1.71447e-15
  4      1.7032    0.246742  1.32294e-15
  5     2.37612    0.280233  1.49396e-15
  6     2.99287    0.191167  7.30125e-16
  7     3.87833    0.142602  7.41488e-16
  8     6.24995  0.000384503  1.78386e-15
  9     12.4288  4.30243e-07  3.32605e-15

#--- 10 ---#
idcs      evals   residnorms   |P(X)|
  1     1.00006   0.0573866  1.72803e-15
  2     1.01652    0.118921  7.04785e-16
  3      1.1769    0.154539  1.53582e-15
  4     1.62402    0.165506  1.44195e-15
  5     2.12838    0.341042  1.11885e-15
  6     2.61299    0.352065  1.27289e-15
  7     3.04153    0.172249  6.49941e-16
  8     3.88811   0.0542258  7.52827e-16
  9     6.24993  5.63983e-05  1.78837e-15
 10     12.4288  2.45636e-08  3.32152e-15

#--- 11 ---#
idcs      evals   residnorms   |P(X)|
  1     1.00088    0.111268         NaN
  2     1.00088    0.111268         NaN
  3     1.14379    0.128299  1.34455e-15
  4     1.54362    0.251358  1.5677e-15
  5     1.85098    0.397814  8.81544e-16
  6     2.35285    0.343757  1.44559e-15
  7     2.81884     0.35865  7.91878e-16
  8     3.12192    0.242721  6.07042e-16
  9     3.88784   0.0296011  7.27241e-16
 10     6.24993  1.11549e-05  1.79097e-15
 11     12.4288  1.87856e-09  3.32717e-15
Warn: Suppressed imaginary part.

#--- 12 ---#
idcs      evals   residnorms   |P(X)|
  1    0.982174   0.0824815  7.76832e-16
  2     1.00013   0.0404767  1.94212e-15
  3     1.10392   0.0832804  9.79304e-16
  4     1.34722    0.176712  1.87019e-15
  5     1.66751    0.103656  1.08691e-15
  7     2.52825    0.167342  9.2147e-16
  8     2.97747    0.112592  8.74554e-16
  9     3.27032    0.173968  6.51015e-16
 10     3.88881  0.00941652  8.05113e-16
 11     6.24993  1.16242e-06  1.79427e-15
 12     12.4288  7.51237e-11  3.32471e-15

#--- 13 ---#
idcs      evals   residnorms   |P(X)|
  1    0.972118   0.0684984  7.78462e-16
  2    0.999816   0.0244422  2.00608e-15
  3     1.08759   0.0751597  8.29933e-16
  4     1.27124    0.155053  1.9014e-15
  5      1.6187    0.168566  1.20272e-15
  8     2.58216    0.107735  9.65719e-16
  9     3.00149   0.0504828  8.1091e-16
 10     3.29229   0.0695446  6.56089e-16
 11     3.88964  0.00250699  7.58169e-16
 12     6.24993  1.35473e-07  1.8092e-15
 13     12.4288  3.61522e-12  3.32548e-15

#--- 14 ---#
idcs      evals   residnorms   |P(X)|
  1     0.96215   0.0631671  7.80455e-16
  2     1.00006   0.0192301  2.01991e-15
  3     1.07598   0.0870707  7.81496e-16
  4     1.20384    0.169038  1.64474e-15
  5     1.45811    0.240259  1.43975e-15
  9     2.60707      0.1177  9.09902e-16
 10     3.00141   0.0277979  8.34095e-16
 11     3.29545   0.0282569  6.57356e-16
 12     3.88954  0.000679858  7.75904e-16
 13     6.24993  1.61662e-08  1.79189e-15
 14     12.4288  1.77985e-13  3.32324e-15

#--- 15 ---#
idcs      evals   residnorms   |P(X)|
  1    0.957508   0.0477818  7.95155e-16
  2     1.00012   0.0151284  2.01782e-15
  3     1.06426   0.0809915  7.98535e-16
  4     1.16033    0.121646  1.34877e-15
  5     1.38443     0.15548  1.72927e-15
 10     2.75384    0.377863  6.11404e-16
 11     3.00069   0.0405253  8.36118e-16
 12     3.29434   0.0219027  6.39806e-16
 13      3.8895  0.000289148  7.80404e-16
 14     6.24993  2.59742e-09  1.79142e-15
 15     12.4288  1.80743e-14  3.32324e-15

#--- 16 ---#
idcs      evals   residnorms   |P(X)|
  1    0.951667   0.0417053  8.18274e-16
  2     1.00006    0.017628  1.99488e-15
  3     1.03901   0.0884057  8.19705e-16
  4     1.11806   0.0893342  9.42724e-16
  5     1.27902    0.127627  1.72763e-15
 11     2.91761    0.104441  5.59134e-16
 12     3.01036   0.0276953  8.67859e-16
 13     3.29359  0.00601569  6.72319e-16
 14     3.88951  4.51353e-05  7.54458e-16
 15     6.24993  1.74332e-10  1.80454e-15
 16     12.4288  2.89294e-14  3.32865e-15

#--- 17 ---#
idcs      evals   residnorms   |P(X)|
  1    0.946994   0.0353401  8.20383e-16
  2    0.999976   0.0185175  1.98182e-15
  3     1.02981   0.0845989  7.92728e-16
  4     1.10319   0.0854591  8.28654e-16
  5     1.22979    0.134051  1.57632e-15
 12     2.92859    0.034438  5.42986e-16
 13     3.00961  0.00954244  8.68428e-16
 14     3.29388  0.00153411  6.62476e-16
 15     3.88951  8.26156e-06  7.72711e-16
 16     6.24993  1.53842e-11  1.79417e-15
 17     12.4288  5.87103e-15  3.32914e-15

#--- 18 ---#
idcs      evals   residnorms   |P(X)|
  1    0.944437   0.0329845  8.21428e-16
  2    0.999738   0.0298398  1.87235e-15
  3     1.01475   0.0786861  8.02835e-16
  4     1.09234   0.0766246  7.70419e-16
  5     1.19868    0.141948  1.47214e-15
 13     2.93071   0.0159574  5.63756e-16
 14     3.00942  0.00417612  8.89392e-16
 15     3.29373  0.000515953  6.47539e-16
 16     3.88951  1.92722e-06  7.79793e-16
 17     6.24993  1.64845e-12  1.7855e-15
 18     12.4288  6.78853e-15  3.32562e-15

#--- 19 ---#
idcs      evals   residnorms   |P(X)|
  1    0.939887   0.0316354  8.23588e-16
  2     0.99364   0.0678396  8.2346e-16
  3    0.999999   0.0485689  1.59634e-15
  4     1.06772    0.062906  8.07156e-16
  5     1.15026   0.0839229  1.28559e-15
 14      2.9315  0.00534874  5.27024e-16
 15      3.0094  0.00128236  8.78822e-16
 16     3.29379  0.000119567  6.61762e-16
 17     3.88951  3.0362e-07  7.47799e-16
 18     6.24993  1.18244e-13  1.79274e-15
 19     12.4288  5.33771e-15  3.33259e-15

#--- 20 ---#
idcs      evals   residnorms   |P(X)|
  1    0.933083   0.0341959  8.25404e-16
  2    0.975643    0.051111  8.55097e-16
  3     1.00002   0.0146347  1.98817e-15
  4     1.05612   0.0548984  8.3911e-16
  5     1.12577     0.06641  1.03561e-15
 15     2.93137  0.00134725  5.89098e-16
 16      3.0094  0.000301113  8.70036e-16
 17     3.29378  2.28656e-05  6.67468e-16
 18     3.88951  4.23128e-08  7.74236e-16
 19     6.24993  1.00276e-14  1.78781e-15
 20     12.4288  1.50854e-14  3.33165e-15

#--- 21 ---#
idcs      evals   residnorms   |P(X)|
  1    0.929323   0.0263603  8.43796e-16
  2    0.970991   0.0360982  8.57903e-16
  3    0.999898   0.0105443  1.99186e-15
  4      1.0472   0.0484085  8.55388e-16
  5     1.11248   0.0564644  8.91198e-16
 16     2.93141  0.000448188  5.88174e-16
 17      3.0094  9.35478e-05  8.51278e-16
 18     3.29379  5.72928e-06  6.72617e-16
 19     3.88951  7.58685e-09  7.85073e-16
 20     6.24993  7.13404e-15  1.78718e-15
 21     12.4288  8.01369e-15  3.32827e-15

#--- 22 ---#
idcs      evals   residnorms   |P(X)|
  1     0.92934   0.0210937  8.71403e-16
  2    0.968578   0.0346396  8.93365e-16
  3    0.999905   0.0135682  1.96803e-15
  4      1.0289   0.0568244  9.01852e-16
  5     1.09275   0.0558007  7.75265e-16
 17     2.93141  9.13639e-05  6.10232e-16
 18     3.00941  1.78609e-05  8.65226e-16
 19     3.29379  8.92636e-07  6.50894e-16
 20     3.88951  8.60975e-10  7.51162e-16
 21     6.24993  1.40374e-14  1.78031e-15
 22     12.4288  1.85511e-14  3.32855e-15

 ──────────────────────────────────────────────────────────────────────────────
                                       Time                   Allocations      
                               ──────────────────────   ───────────────────────
       Tot / % measured:           20004s / 100%            21238GiB / 100%    

 Section               ncalls     time   %tot     avg     alloc   %tot      avg
 ──────────────────────────────────────────────────────────────────────────────
 apply_χ0                  22   19899s   100%    905s   21216GiB 100%    964GiB
   Hamiltonian mult...  69.5k    3946s  19.8%  56.8ms    342GiB  1.61%  5.04MiB
 PlaneWaveBasis             1    6.38s  0.03%   6.38s   4.31GiB  0.02%  4.31GiB
   Instantiation At...      1    4.90s  0.02%   4.90s   3.88GiB  0.02%  3.88GiB
   Instantiation Ewald      1    800ms  0.00%   800ms    309MiB  0.00%   309MiB
   Instantiation At...      1    598ms  0.00%   598ms   25.6MiB  0.00%  25.6MiB
   build_kpoints            1   69.1ms  0.00%  69.1ms   71.0MiB  0.00%  71.0MiB
   Instantiation Ha...      1   3.42ms  0.00%  3.42ms   8.55MiB  0.00%  8.55MiB
   Instantiation Ki...      1   3.38ms  0.00%  3.38ms   2.86MiB  0.00%  2.86MiB
   Instantiation Ps...      1   91.2μs  0.00%  91.2μs   1.64KiB  0.00%  1.64KiB
   Instantiation Xc         1   3.93μs  0.00%  3.93μs     32.0B  0.00%    32.0B
 spglib_get_symmetry        1   5.26ms  0.00%  5.26ms    408KiB  0.00%   408KiB
 mixing Simple             22    191μs  0.00%  8.69μs     0.00B  0.00%    0.00B
 ──────────────────────────────────────────────────────────────────────────────
