#
#-- SCF GaAsVac n_repeat=10 -- mixing=SimpleMixing(0.15)
#

hostname       = clustern09

started on     = 2020-07-30T10:21:28.508
julia threads  = 4
BLAS threads   = 8

temperature    = 0.0
smearing       = DFTK.Smearing.None()
diag(lattice)  = [15.11, 10.68, 67.99]
Ecut           = 20
fft_size       = (48, 36, 216)
kgrid          = [3, 4, 1]
irreducible k  = 8
n_bands        = 89
n_electr       = 160
mixing         = SimpleMixing(0.15)
n     Energy            Eₙ-Eₙ₋₁     ρout-ρin   Diag
---   ---------------   ---------   --------   ----
  1   -170.3436250242         NaN   8.92e-01    25.9 
  2   -170.3919796940   -4.84e-02   7.48e-01    15.0 
  3   -170.3699434379    2.20e-02   1.45e-01    19.6 
  4   -170.4324060564   -6.25e-02   4.87e-02    18.5 
  5   -170.4385823043   -6.18e-03   2.99e-02    17.1 
  6   -170.4322654792    6.32e-03   1.65e-02    17.6 
  7   -170.4405510134   -8.29e-03   1.00e-02    18.6 
  8   -170.4407323952   -1.81e-04   6.85e-03    13.3 
  9   -170.4407695603   -3.72e-05   1.79e-03    12.5 
 10   -170.4407806997   -1.11e-05   7.15e-04    14.1 
 11   -170.4407822595   -1.56e-06   3.53e-04    16.1 
 12   -170.4407825117   -2.52e-07   1.69e-04    12.4 
 13   -170.4407825726   -6.10e-08   7.14e-05    14.4 
 14   -170.4407825751   -2.52e-09   3.60e-05    11.0 
 15   -170.4407825773   -2.14e-09   1.34e-05    14.4 
 16   -170.4407825774   -1.47e-10   9.55e-06    8.9 
 17   -170.4407825776   -1.32e-10   3.31e-06    14.5 
 18   -170.4407825776   -2.12e-11   1.56e-06    15.3 
 19   -170.4407825776   -4.04e-12   1.04e-06    13.6 
Energy breakdown:
    Kinetic             63.4745303
    AtomicLocal         -2293.7462805
    AtomicNonlocal      20.4174708
    Ewald               962.0980139
    PspCorrection       4.2013163 
    Hartree             1120.9175521
    Xc                  -47.8033856

    total               -170.440782577595

 ──────────────────────────────────────────────────────────────────────────────
                                       Time                   Allocations      
                               ──────────────────────   ───────────────────────
       Tot / % measured:            3051s / 100%             953GiB / 100%     

 Section               ncalls     time   %tot     avg     alloc   %tot      avg
 ──────────────────────────────────────────────────────────────────────────────
 self_consistent_field      1    3044s   100%   3044s    949GiB  100%    949GiB
   LOBPCG                 152    2550s  83.6%   16.8s    826GiB  86.7%  5.44GiB
     Hamiltonian mu...  2.49k    1046s  34.3%   419ms    128GiB  13.4%  52.6MiB
     ortho              9.95k     358s  11.7%  36.0ms    144GiB  15.2%  14.9MiB
     rayleigh_ritz      2.34k     335s  11.0%   143ms   2.30GiB  0.24%  1.01MiB
     block multipli...  13.3k     329s  10.8%  24.8ms    226GiB  23.7%  17.4MiB
   energy_hamiltonian      39     379s  12.4%   9.73s   36.7GiB  3.85%  0.94GiB
   compute_density         19    45.9s  1.50%   2.42s   81.0GiB  8.49%  4.26GiB
   QR orthonormaliz...    152    5.85s  0.19%  38.5ms   2.54GiB  0.27%  17.1MiB
   mixing Simple           19    174ms  0.01%  9.17ms    492MiB  0.05%  25.9MiB
 PlaneWaveBasis             1    5.99s  0.20%   5.99s   4.31GiB  0.45%  4.31GiB
   Instantiation At...      1    4.61s  0.15%   4.61s   3.88GiB  0.41%  3.88GiB
   Instantiation Ewald      1    700ms  0.02%   700ms    309MiB  0.03%   309MiB
   Instantiation At...      1    604ms  0.02%   604ms   25.6MiB  0.00%  25.6MiB
   build_kpoints            1   66.3ms  0.00%  66.3ms   71.0MiB  0.01%  71.0MiB
   Instantiation Ha...      1   5.91ms  0.00%  5.91ms   8.55MiB  0.00%  8.55MiB
   Instantiation Ki...      1   2.45ms  0.00%  2.45ms   2.86MiB  0.00%  2.86MiB
   Instantiation Ps...      1    166μs  0.00%   166μs   1.64KiB  0.00%  1.64KiB
   Instantiation Xc         1   6.95μs  0.00%  6.95μs     32.0B  0.00%    32.0B
 guess_density              1    515ms  0.02%   515ms   37.0MiB  0.00%  37.0MiB
 spglib_get_symmetry        1   5.16ms  0.00%  5.16ms    408KiB  0.00%   408KiB
 ──────────────────────────────────────────────────────────────────────────────
