#
#-- SCF GaAsVac n_repeat=10 -- mixing=KerkerMixing(1.98, 1.0)
#

hostname       = clustern09

started on     = 2020-08-15T11:07:48.143
julia threads  = 4
BLAS threads   = 8

temperature    = 0.0
smearing       = DFTK.Smearing.None()
diag(lattice)  = [15.11, 10.68, 67.99]
Ecut           = 20
fft_size       = (48, 36, 216)
kgrid          = [3, 4, 1]
irreducible k  = 8
n_bands        = 89
n_electr       = 160
mixing         = KerkerMixing(1.98, 1.0)
n     Energy            Eₙ-Eₙ₋₁     ρout-ρin   Diag
---   ---------------   ---------   --------   ----
  1   -170.3436264011         NaN   8.92e-01    23.0 
  2   -170.3179806016    2.56e-02   6.24e-01    20.5 
  3   -170.4196966659   -1.02e-01   9.74e-02    20.1 
  4   -170.4401106037   -2.04e-02   1.49e-02    16.3 
  5   -170.4405367365   -4.26e-04   5.17e-03    5.6 
  6   -170.4405493581   -1.26e-05   2.26e-03    5.1 
  7   -170.4405907663   -4.14e-05   1.27e-03    7.8 
  8   -170.4406294503   -3.87e-05   8.04e-04    8.4 
  9   -170.4406590289   -2.96e-05   6.61e-04    10.6 
 10   -170.4406850257   -2.60e-05   5.66e-04    12.9 
 11   -170.4407057280   -2.07e-05   4.98e-04    14.8 
 12   -170.4407335007   -2.78e-05   4.08e-04    17.1 
 13   -170.4407497035   -1.62e-05   3.57e-04    17.3 
 14   -170.4407575139   -7.81e-06   3.29e-04    17.3 
 15   -170.4407615521   -4.04e-06   3.10e-04    16.8 
 16   -170.4407643062   -2.75e-06   2.93e-04    16.3 
 17   -170.4407673240   -3.02e-06   2.68e-04    16.8 
 18   -170.4407708375   -3.51e-06   2.37e-04    17.1 
 19   -170.4407780219   -7.18e-06   1.47e-04    20.9 
 20   -170.4407821270   -4.11e-06   4.81e-05    24.0 
 21   -170.4407825317   -4.05e-07   1.45e-05    22.3 
 22   -170.4407825754   -4.37e-08   2.77e-06    21.9 
 23   -170.4407825776   -2.20e-09   5.31e-07    23.1 
 24   -170.4407825776    2.39e-12   4.24e-07    12.9 
Energy breakdown:
    Kinetic             63.4745355
    AtomicLocal         -2293.7465766
    AtomicNonlocal      20.4174730
    Ewald               962.0980139
    PspCorrection       4.2013163 
    Hartree             1120.9178426
    Xc                  -47.8033874

    total               -170.440782577564

 ──────────────────────────────────────────────────────────────────────────────
                                       Time                   Allocations      
                               ──────────────────────   ───────────────────────
       Tot / % measured:            4938s / 100%            1234GiB / 100%     

 Section               ncalls     time   %tot     avg     alloc   %tot      avg
 ──────────────────────────────────────────────────────────────────────────────
 self_consistent_field      1    4920s   100%   4920s   1230GiB  100%   1230GiB
   LOBPCG                 192    4244s  86.1%   22.1s   1076GiB  87.2%  5.61GiB
     Hamiltonian mu...  3.30k    1848s  37.5%   560ms    167GiB  13.6%  51.9MiB
     block multipli...  17.6k     629s  12.8%  35.7ms    298GiB  24.2%  17.3MiB
     ortho              13.3k     530s  10.8%  39.8ms    189GiB  15.3%  14.5MiB
     rayleigh_ritz      3.11k     482s  9.79%   155ms   2.85GiB  0.23%   962KiB
   energy_hamiltonian      49     527s  10.7%   10.8s   46.2GiB  3.74%  0.94GiB
   compute_density         24    71.0s  1.44%   2.96s    102GiB  8.29%  4.26GiB
   QR orthonormaliz...    192    6.86s  0.14%  35.7ms   2.54GiB  0.21%  13.6MiB
   mixing Kerker           24    654ms  0.01%  27.3ms    322MiB  0.03%  13.4MiB
 PlaneWaveBasis             1    6.07s  0.12%   6.07s   4.31GiB  0.35%  4.31GiB
   Instantiation At...      1    4.68s  0.10%   4.68s   3.88GiB  0.31%  3.88GiB
   Instantiation Ewald      1    671ms  0.01%   671ms    309MiB  0.02%   309MiB
   Instantiation At...      1    630ms  0.01%   630ms   25.6MiB  0.00%  25.6MiB
   build_kpoints            1   80.9ms  0.00%  80.9ms   71.0MiB  0.01%  71.0MiB
   Instantiation Ha...      1   7.15ms  0.00%  7.15ms   8.55MiB  0.00%  8.55MiB
   Instantiation Ki...      1   3.43ms  0.00%  3.43ms   2.86MiB  0.00%  2.86MiB
   Instantiation Ps...      1    106μs  0.00%   106μs   1.64KiB  0.00%  1.64KiB
   Instantiation Xc         1   2.69μs  0.00%  2.69μs     32.0B  0.00%    32.0B
 guess_density              1    530ms  0.01%   530ms   37.0MiB  0.00%  37.0MiB
 spglib_get_symmetry        1   5.23ms  0.00%  5.23ms    408KiB  0.00%   408KiB
 ──────────────────────────────────────────────────────────────────────────────
