#
#-- SCF GaAsVac n_repeat=10 -- mixing=HybridMixing(1.55, 14, 1.0, var"#250#258"{Int64,var"#periodise#257"}(30, var"#periodise#257"(), Core.Box(0.9621974681799349), Core.Box(1.5378025318119681)), true, false)
#

hostname       = clustern10

started on     = 2020-07-29T11:12:08.871
julia threads  = 4
BLAS threads   = 4

temperature    = 0.0
smearing       = DFTK.Smearing.None()
diag(lattice)  = [15.11, 10.68, 67.99]
Ecut           = 20
fft_size       = (48, 36, 216)
kgrid          = [3, 4, 1]
irreducible k  = 8
n_bands        = 89
n_electr       = 160
mixing         = HybridMixing(1.55, 14, 1.0, var"#250#258"{Int64,var"#periodise#257"}(30, var"#periodise#257"(), Core.Box(0.9621974681799349), Core.Box(1.5378025318119681)), true, false)
n     Energy            Eₙ-Eₙ₋₁     ρout-ρin   Diag
---   ---------------   ---------   --------   ----
  1   -170.3436244420         NaN   8.92e-01    24.0 
  2   -170.3551044571   -1.15e-02   3.24e-01    22.9 
  3   -170.4130362088   -5.79e-02   9.65e-02    19.9 
  4   -170.4403558971   -2.73e-02   1.24e-02    15.8 
  5   -170.4406098955   -2.54e-04   4.19e-03    11.5 
  6   -170.4407355634   -1.26e-04   1.62e-03    9.5 
  7   -170.4407794577   -4.39e-05   4.86e-04    9.4 
  8   -170.4407825200   -3.06e-06   9.24e-05    9.5 
  9   -170.4407825753   -5.53e-08   2.77e-05    9.8 
 10   -170.4407825771   -1.78e-09   6.09e-06    11.1 
 11   -170.4407825776   -4.67e-10   2.33e-06    13.3 
 12   -170.4407825776   -2.70e-11   6.63e-07    9.3 
 13   -170.4407825776   -6.59e-12   1.84e-07    11.1 
Energy breakdown:
    Kinetic             63.4745315
    AtomicLocal         -2293.7463058
    AtomicNonlocal      20.4174718
    Ewald               962.0980139
    PspCorrection       4.2013163 
    Hartree             1120.9175754
    Xc                  -47.8033858

    total               -170.440782577599

 ──────────────────────────────────────────────────────────────────────────────
                                       Time                   Allocations      
                               ──────────────────────   ───────────────────────
       Tot / % measured:            2656s / 100%             619GiB / 100%     

 Section               ncalls     time   %tot     avg     alloc   %tot      avg
 ──────────────────────────────────────────────────────────────────────────────
 self_consistent_field      1    2649s   100%   2649s    614GiB  99.3%   614GiB
   LOBPCG                 104    2140s  80.6%   20.6s    510GiB  82.4%  4.90GiB
     Hamiltonian mu...  1.52k     939s  35.4%   618ms   79.6GiB  12.9%  53.6MiB
     block multipli...  7.97k     354s  13.3%  44.4ms    133GiB  21.5%  17.1MiB
     ortho              6.03k     271s  10.2%  44.9ms   87.7GiB  14.2%  14.9MiB
     rayleigh_ritz      1.42k     213s  8.00%   150ms   1.34GiB  0.22%  0.97MiB
   energy_hamiltonian      27     388s  14.6%   14.4s   25.2GiB  4.08%  0.93GiB
   compute_density         13    41.4s  1.56%   3.19s   55.4GiB  8.96%  4.27GiB
   mixing Hybrid           13    16.9s  0.64%   1.30s   20.3GiB  3.27%  1.56GiB
   QR orthonormaliz...    104    6.35s  0.24%  61.0ms   2.54GiB  0.41%  25.0MiB
 PlaneWaveBasis             1    6.28s  0.24%   6.28s   4.31GiB  0.70%  4.31GiB
   Instantiation At...      1    4.69s  0.18%   4.69s   3.88GiB  0.63%  3.88GiB
   Instantiation Ewald      1    911ms  0.03%   911ms    309MiB  0.05%   309MiB
   Instantiation At...      1    588ms  0.02%   588ms   25.6MiB  0.00%  25.6MiB
   build_kpoints            1   80.9ms  0.00%  80.9ms   71.0MiB  0.01%  71.0MiB
   Instantiation Ha...      1   7.22ms  0.00%  7.22ms   8.55MiB  0.00%  8.55MiB
   Instantiation Ki...      1   3.22ms  0.00%  3.22ms   2.86MiB  0.00%  2.86MiB
   Instantiation Ps...      1    110μs  0.00%   110μs   1.64KiB  0.00%  1.64KiB
   Instantiation Xc         1   3.62μs  0.00%  3.62μs     32.0B  0.00%    32.0B
 guess_density              1    485ms  0.02%   485ms   37.0MiB  0.01%  37.0MiB
 spglib_get_symmetry        1   4.93ms  0.00%  4.93ms    408KiB  0.00%   408KiB
 ──────────────────────────────────────────────────────────────────────────────
