#
#-- optimal_damping Al n_repeat=40 -- mixing=SimpleMixing(1.0)
#

Starting Arnoldi (now = 2020-07-25T15:31:23.849 ...

#--- 1 ---#
idcs      evals   residnorms   |P(X)|
  1     1.00468     1.29879  3.7718e-16

#--- 2 ---#
idcs      evals   residnorms   |P(X)|
  1    0.999691    0.149724  3.76233e-16
  2     257.096     29.5223  3.60002e-16

#--- 3 ---#
idcs      evals   residnorms   |P(X)|
  1    0.999024   0.0733067  3.76586e-16
  2     33.8165     16.1723  3.60221e-16
  3     260.925     2.13764  3.12527e-16

#--- 4 ---#
idcs      evals   residnorms   |P(X)|
  1    0.998723   0.0568313  3.75717e-16
  2     11.5845     9.01792  3.35095e-16
  3     45.5398     6.55213  3.25394e-16
  4     260.952    0.100694  3.13152e-16

#--- 5 ---#
idcs      evals   residnorms   |P(X)|
  1    0.998676    0.111188  3.77277e-16
  2     9.72991     17.7032  3.46587e-16
  3     42.7713     34.1842  3.39805e-16
  4      60.601     81.1825  3.83065e-16
  5     260.953   0.0444283  3.65131e-16

#--- 6 ---#
idcs      evals   residnorms   |P(X)|
  1    0.998343   0.0404669  3.77323e-16
  2     4.97846     3.89479  3.5945e-16
  3     21.3544     5.04577  3.03432e-16
  4     46.7361     1.50964  3.47411e-16
  5     259.954     14.5855  3.36176e-16
  6     260.957    0.596771  3.84355e-16

#--- 7 ---#
idcs      evals   residnorms   |P(X)|
  1    0.998009   0.0277744  3.75999e-16
  2     2.69009     1.58957  3.54432e-16
  3     10.8788     2.46638  3.51805e-16
  4     23.5281     1.23537  3.89301e-16
  5      46.803    0.139236  3.10676e-16
  6     260.804    0.182142  3.35774e-16
  7     260.964   0.0497462  3.66527e-16

#--- 8 ---#
idcs      evals   residnorms   |P(X)|
  1    0.997797   0.0209524  3.76772e-16
  2     2.04381     1.00016  3.62451e-16
  3     6.09181     2.18637  3.27835e-16
  4     12.0437     1.13852  3.81846e-16
  5     23.6046     0.20107  4.24836e-16
  6     46.8031  0.00931158  2.97996e-16
  7     260.804   0.0019094  3.3317e-16
  8     260.964  0.000519765  3.36865e-16

#--- 9 ---#
idcs      evals   residnorms   |P(X)|
  1    0.997746     0.03089  3.77642e-16
  2     1.86467     1.46001  3.69867e-16
  3     4.97565     3.94986  3.83391e-16
  4     9.89806     6.92391  3.30311e-16
  5     12.5538     3.53354  3.69465e-16
  6     23.6107    0.127134  3.69798e-16
  7     46.8031  0.00220657  3.52511e-16
  8     260.804  6.74254e-05  4.06628e-16
  9     260.964  1.83437e-05  3.67468e-16

#--- 10 ---#
idcs      evals   residnorms   |P(X)|
  1    0.997695   0.0217073  3.75334e-16
  2     1.77207     1.02112  3.76503e-16
  3      4.2577     2.62624  3.4751e-16
  4     8.23095     3.32065  3.40792e-16
  5     12.2712     1.14135  2.9875e-16
  6     23.6097    0.114955  3.19879e-16
  7     37.2307     14.1031  3.53922e-16
  8     46.8031  0.00317088  3.25552e-16
  9     260.804  4.40763e-06  3.36866e-16
 10     260.964  1.19829e-06  3.9329e-16

#--- 11 ---#
idcs      evals   residnorms   |P(X)|
  1    0.997668   0.0223266  3.75896e-16
  2     1.68447     1.07377  3.64625e-16
  3      3.6074     2.59657  3.55909e-16
  4     7.17389     3.16963  3.84852e-16
  5     12.0501     2.05918  3.06351e-16
  6     15.4083     8.08648  3.62293e-16
  7     23.6089   0.0828742  3.40747e-16
  8     45.8019     5.62279  3.40952e-16
  9     46.8032  0.00999909  3.66078e-16
 10     260.804  2.01833e-07  3.44781e-16
 11     260.964  5.48345e-08  3.42491e-16

 ──────────────────────────────────────────────────────────────────────────────
                                       Time                   Allocations      
                               ──────────────────────   ───────────────────────
       Tot / % measured:            1511s / 99.0%           3000GiB / 100%     

 Section               ncalls     time   %tot     avg     alloc   %tot      avg
 ──────────────────────────────────────────────────────────────────────────────
 apply_χ0                  11    1493s   100%    136s   2994GiB  100%    272GiB
   Hamiltonian mult...  45.5k     357s  23.9%  7.85ms   94.5GiB  3.15%  2.13MiB
   compute_density         11    8.42s  0.56%   766ms   16.1GiB  0.54%  1.46GiB
 PlaneWaveBasis             1    2.35s  0.16%   2.35s   1.30GiB  0.04%  1.30GiB
   Instantiation Ewald      1    1.49s  0.10%   1.49s    594MiB  0.02%   594MiB
   Instantiation At...      1    557ms  0.04%   557ms    683MiB  0.02%   683MiB
   Instantiation At...      1    169ms  0.01%   169ms   8.05MiB  0.00%  8.05MiB
   build_kpoints            1   21.6ms  0.00%  21.6ms   28.3MiB  0.00%  28.3MiB
   Instantiation Ha...      1   1.38ms  0.00%  1.38ms   3.44MiB  0.00%  3.44MiB
   Instantiation Ki...      1   1.20ms  0.00%  1.20ms   1.32MiB  0.00%  1.32MiB
   Instantiation Ps...      1   78.1μs  0.00%  78.1μs      928B  0.00%     928B
   Instantiation Xc         1   1.41μs  0.00%  1.41μs     32.0B  0.00%    32.0B
   Instantiation En...      1    711ns  0.00%   711ns     16.0B  0.00%    16.0B
 compute_density            1    666ms  0.04%   666ms   1.52GiB  0.05%  1.52GiB
 spglib_get_symmetry        1   4.00ms  0.00%  4.00ms   90.9KiB  0.00%  90.9KiB
 mixing Simple             11    126μs  0.00%  11.5μs     0.00B  0.00%    0.00B
 ──────────────────────────────────────────────────────────────────────────────
