#
#-- optimal_damping Al n_repeat=40 -- mixing=RestaMixing(1.0, 14, 1.0)
#

Starting Arnoldi (now = 2020-07-25T15:45:50.138 ...

#--- 1 ---#
idcs      evals   residnorms   |P(X)|
  1    0.982816    0.187947  3.77882e-16

#--- 2 ---#
idcs      evals   residnorms   |P(X)|
  1    0.982276   0.0409786  3.76879e-16
  2     19.0721     3.94425  3.71524e-16

#--- 3 ---#
idcs      evals   residnorms   |P(X)|
  1    0.981547   0.0437264  3.78664e-16
  2     2.45909     1.61117  3.66274e-16
  3     20.1483    0.385815  3.69019e-16

#--- 4 ---#
idcs      evals   residnorms   |P(X)|
  1    0.950808    0.293896  3.70038e-16
  2     1.00671     0.26667  3.75105e-16
  3     4.33939    0.435713  3.4143e-16
  4     20.1465     0.01333  3.66677e-16

#--- 5 ---#
idcs      evals   residnorms   |P(X)|
  1    0.933847    0.571248  3.74983e-16
  2    0.996058    0.339723  3.78139e-16
  3     4.07887     3.19095  3.48195e-16
  4     5.07139     5.38444  3.5636e-16
  5     20.1466  0.00546486  3.65484e-16

#--- 6 ---#
idcs      evals   residnorms   |P(X)|
  1    0.862215    0.150897  3.72406e-16
  2    0.987685   0.0393741  3.78412e-16
  3     2.21963    0.579116  3.60963e-16
  4     4.40469    0.127324  3.66236e-16
  5     20.0563     1.43394  3.74834e-16
  6     20.1452   0.0833877  3.63822e-16

#--- 7 ---#
idcs      evals   residnorms   |P(X)|
  1    0.833475   0.0858158  3.70229e-16
  2    0.986323   0.0211909  3.77309e-16
  3     1.62358    0.429632  3.68862e-16
  4     2.75512    0.415723  3.71193e-16
  5     4.41386   0.0363076  3.43523e-16
  6     20.1439   0.0226604  3.70239e-16
  7     20.1567   0.0444116  3.77859e-16

#--- 8 ---#
idcs      evals   residnorms   |P(X)|
  1    0.800106    0.156039  3.7003e-16
  2    0.972311    0.204432  3.73301e-16
  3     1.00496    0.238295  3.73847e-16
  4     1.87434    0.212954  3.653e-16
  5     2.88181     0.12252  3.77501e-16
  6     4.41405  0.00540081  3.89498e-16
  7      20.144  0.000537213  3.73879e-16
  8     20.1563   0.0010292  3.56412e-16

#--- 9 ---#
idcs      evals   residnorms   |P(X)|
  1    0.787426   0.0988388  3.76325e-16
  2    0.946925    0.148206  3.7375e-16
  3    0.992543   0.0615717  3.77455e-16
  4     1.85196    0.164951  3.50758e-16
  5     2.86028    0.225955  3.79427e-16
  6       3.584     1.33635  3.4975e-16
  7     4.41401  0.00864312  3.75575e-16
  8      20.144  4.44682e-05  3.75429e-16
  9     20.1563  8.52205e-05  3.81452e-16

#--- 10 ---#
idcs      evals   residnorms   |P(X)|
  1    0.775456   0.0549909  3.70329e-16
  2    0.908714   0.0806026  3.73439e-16
  3    0.988783    0.019855  3.78796e-16
  4     1.36525    0.258233  3.5488e-16
  5     1.87984   0.0679627  3.55352e-16
  6      2.8756   0.0230002  3.76251e-16
  7     4.40263    0.141193  3.51443e-16
  8     4.41717    0.063318  3.56375e-16
  9      20.144  8.19248e-07  3.64352e-16
 10     20.1563  1.56876e-06  3.67497e-16

#--- 11 ---#
idcs      evals   residnorms   |P(X)|
  1    0.768239   0.0580704  3.7359e-16
  2    0.891072    0.100846  3.72429e-16
  3    0.987545   0.0300573  3.76428e-16
  4     1.13524     0.31142  3.64908e-16
  5     1.63563    0.338897  3.50234e-16
  6      1.8994   0.0900698  3.47145e-16
  7      2.8761  0.00796978  3.58471e-16
  8     4.41098   0.0169759  3.4511e-16
  9     4.42018   0.0235253  3.85136e-16
 10      20.144  2.16766e-08  3.76094e-16
 11     20.1563  4.14808e-08  3.64919e-16

#--- 12 ---#
idcs      evals   residnorms   |P(X)|
  1    0.766144   0.0720997  3.69244e-16
  2    0.867153    0.160245  3.72527e-16
  3    0.978235    0.167209  3.73108e-16
  4     1.00086    0.191729  3.75109e-16
  5     1.44281    0.286301  3.67077e-16
  7     2.09898    0.481748  3.61654e-16
  8     2.87611  0.00500349  3.72893e-16
  9     4.41083  0.00394782  3.60932e-16
 10     4.42049  0.00554501  3.48757e-16
 11      20.144  7.40469e-10  3.83872e-16
 12     20.1563  1.41603e-09  3.86048e-16

#--- 13 ---#
idcs      evals   residnorms   |P(X)|
  1    0.758633   0.0387423  3.66153e-16
  2    0.834241   0.0737213  3.75656e-16
  3      0.9425   0.0664329  3.75844e-16
  4    0.990315   0.0183776  3.77781e-16
  5     1.35022    0.120396  3.53249e-16
  8     2.80538     0.32895  3.9989e-16
  9     2.87634    0.019424  3.70022e-16
 10     4.41087  0.000861738  3.36187e-16
 11     4.42052  0.00121383  3.69063e-16
 12      20.144  1.73771e-11  3.58983e-16
 13     20.1563  3.32079e-11  3.72287e-16

#--- 14 ---#
idcs      evals   residnorms   |P(X)|
  1    0.752756   0.0301813  3.63344e-16
  2    0.817065   0.0561844  3.78829e-16
  3    0.922336   0.0599754  3.72219e-16
  4    0.988784   0.0177062  3.79314e-16
  5     1.10278    0.171413  3.65884e-16
  9      2.8606   0.0431747  3.69912e-16
 10     2.87729   0.0113867  3.66953e-16
 11     4.41086  6.13309e-05  3.2631e-16
 12     4.42049  8.5754e-05  3.80124e-16
 13      20.144  2.03291e-13  3.78515e-16
 14     20.1563  3.8835e-13  3.58365e-16

#--- 15 ---#
idcs      evals   residnorms   |P(X)|
  1    0.745963   0.0257547  3.67941e-16
  2    0.790948   0.0432614  3.74207e-16
  3    0.870736    0.054457  3.7208e-16
  4    0.950989   0.0404642  3.78446e-16
  5     0.99058   0.0104242  3.76938e-16
 10     2.86341  0.00250606  3.72046e-16
 11     2.87745  0.000795458  3.82177e-16
 12     4.41086  1.93844e-06  3.33765e-16
 13      4.4205  2.70359e-06  3.58612e-16
 14      20.144  3.46777e-14  3.89789e-16
 15     20.1563  2.33052e-14  3.78399e-16

#--- 16 ---#
idcs      evals   residnorms   |P(X)|
  1    0.743915   0.0318182  3.67225e-16
  2    0.777445    0.051334  3.70424e-16
  3    0.844953   0.0678147  3.72104e-16
  4    0.928127   0.0722894  3.70524e-16
  5    0.986977   0.0489729  3.7422e-16
 11     2.86329  0.00022168  3.60423e-16
 12     2.87743  6.91848e-05  3.78037e-16
 13     4.41086  9.44507e-08  3.33499e-16
 14      4.4205  1.31364e-07  3.78522e-16
 15      20.144  2.13578e-14  3.67946e-16
 16     20.1563  1.92736e-14  3.67751e-16

#--- 17 ---#
idcs      evals   residnorms   |P(X)|
  1    0.737349   0.0318032  3.77797e-16
  2    0.769253   0.0445692  3.704e-16
  3    0.823607   0.0606978  3.76735e-16
  4    0.898648   0.0685958  3.70281e-16
  5    0.960206   0.0536155  3.77178e-16
 12      2.8633  2.63911e-05  3.88673e-16
 13     2.87743  8.17645e-06  3.70081e-16
 14     4.41086  5.95348e-09  3.46012e-16
 15      4.4205  8.25611e-09  3.53301e-16
 16      20.144  1.94953e-14  3.7549e-16
 17     20.1563  3.00837e-14  3.70074e-16

#--- 18 ---#
idcs      evals   residnorms   |P(X)|
  1    0.735348   0.0265827  3.73768e-16
  2    0.767427   0.0369342  3.67468e-16
  3    0.818378   0.0550746  3.70763e-16
  4    0.887047   0.0639869  3.74086e-16
  5    0.953899   0.0486383  3.74374e-16
 13     2.86329  8.46775e-06  3.73937e-16
 14     2.87743  2.5966e-06  3.79888e-16
 15     4.41086  9.03022e-10  3.30266e-16
 16      4.4205  1.2482e-09  3.54545e-16
 17      20.144  3.38427e-14  3.64604e-16
 18     20.1563  3.0742e-14  3.67042e-16

#--- 19 ---#
idcs      evals   residnorms   |P(X)|
  1    0.730447   0.0206142  3.86689e-16
  2    0.759079   0.0261508  3.62959e-16
  3      0.7985   0.0386855  3.75435e-16
  4    0.856891   0.0458813  3.73181e-16
  5    0.920905   0.0445711  3.7456e-16
 14     2.86329  7.03071e-07  3.7398e-16
 15     2.87743  2.13346e-07  3.64419e-16
 16     4.41086  3.56916e-11  3.66481e-16
 17      4.4205  4.91783e-11  3.79346e-16
 18      20.144  1.61356e-14  3.77501e-16
 19     20.1563  2.57033e-14  3.62366e-16

#--- 20 ---#
idcs      evals   residnorms   |P(X)|
  1    0.729565   0.0284195  3.74624e-16
  2    0.757366   0.0396918  3.59106e-16
  3    0.792608   0.0630953  3.79089e-16
  4    0.845665   0.0795741  3.73308e-16
  5    0.909604   0.0911903  3.73932e-16
 15     2.86329  1.30982e-07  3.80913e-16
 16     2.87743  3.94361e-08  3.66677e-16
 17     4.41086  3.58016e-12  3.33774e-16
 18      4.4205  4.91886e-12  3.6808e-16
 19      20.144  2.81217e-14  3.7286e-16
 20     20.1563  4.14472e-14  3.76688e-16

#--- 21 ---#
idcs      evals   residnorms   |P(X)|
  1    0.726481     0.01587  3.69377e-16
  2    0.753047   0.0212376  3.66019e-16
  3    0.784017   0.0321851  3.7988e-16
  4    0.832071   0.0406437  3.72517e-16
  5    0.888469   0.0471664  3.73993e-16
 16     2.86329  3.06826e-08  3.69269e-16
 17     2.87743  9.11528e-09  3.63399e-16
 18     4.41086  3.42734e-13  3.52875e-16
 19      4.4205  4.69024e-13  3.63642e-16
 20      20.144  2.73571e-14  3.78796e-16
 21     20.1563  2.83156e-14  3.7889e-16

#--- 22 ---#
idcs      evals   residnorms   |P(X)|
  1    0.725188   0.0127216  3.83096e-16
  2      0.7501   0.0186762  3.67015e-16
  3     0.77829   0.0292942  3.73763e-16
  4    0.820276   0.0412115  3.72299e-16
  5    0.868884   0.0493294  3.75169e-16
 17     2.86329  2.44182e-09  3.80187e-16
 18     2.87743  7.19437e-10  3.64241e-16
 19     4.41086  1.55491e-14  3.3292e-16
 20      4.4205  2.0064e-14  3.67452e-16
 21      20.144  4.54075e-14  3.67992e-16
 22     20.1563  5.84476e-14  3.65881e-16

#--- 23 ---#
idcs      evals   residnorms   |P(X)|
  1    0.724345  0.00925697  3.92616e-16
  2    0.748501    0.015577  3.64784e-16
  3     0.77323    0.024742  3.69803e-16
  4    0.812683   0.0383143  3.69989e-16
  5    0.853491   0.0471287  3.7717e-16
 18     2.86329  2.15644e-10  3.76381e-16
 19     2.87743  6.30382e-11  3.73346e-16
 20     4.41086  8.61703e-15  3.3086e-16
 21      4.4205  9.99228e-15  3.80561e-16
 22      20.144  2.17604e-14  3.68823e-16
 23     20.1563  3.3252e-14  3.51992e-16

#--- 24 ---#
idcs      evals   residnorms   |P(X)|
  1    0.724053  0.00838183  3.74035e-16
  2    0.746977   0.0162663  3.6854e-16
  3    0.770633   0.0285354  3.73236e-16
  4    0.802959   0.0456084  3.74731e-16
  5    0.841453   0.0528409  3.73106e-16
 19     2.86329  2.40514e-11  3.80396e-16
 20     2.87743  6.97517e-12  3.66898e-16
 21     4.41086  1.12428e-14  3.68064e-16
 22      4.4205  1.04119e-14  3.61221e-16
 23      20.144  2.04482e-14  3.83001e-16
 24     20.1563  2.79287e-14  3.83636e-16

 ──────────────────────────────────────────────────────────────────────────────
                                       Time                   Allocations      
                               ──────────────────────   ───────────────────────
       Tot / % measured:            3231s / 99.5%           6602GiB / 100%     

 Section               ncalls     time   %tot     avg     alloc   %tot      avg
 ──────────────────────────────────────────────────────────────────────────────
 apply_χ0                  24    3212s   100%    134s   6590GiB  100%    275GiB
   Hamiltonian mult...   110k     847s  26.3%  7.70ms    225GiB  3.42%  2.10MiB
   compute_density         24    15.8s  0.49%   657ms   35.1GiB  0.53%  1.46GiB
 PlaneWaveBasis             1    1.99s  0.06%   1.99s   1.30GiB  0.02%  1.30GiB
   Instantiation Ewald      1    1.09s  0.03%   1.09s    594MiB  0.01%   594MiB
   Instantiation At...      1    706ms  0.02%   706ms    683MiB  0.01%   683MiB
   Instantiation At...      1    171ms  0.01%   171ms   8.05MiB  0.00%  8.05MiB
   build_kpoints            1   20.6ms  0.00%  20.6ms   28.3MiB  0.00%  28.3MiB
   Instantiation Ha...      1   1.18ms  0.00%  1.18ms   3.44MiB  0.00%  3.44MiB
   Instantiation Ki...      1   1.11ms  0.00%  1.11ms   1.32MiB  0.00%  1.32MiB
   Instantiation Ps...      1   96.3μs  0.00%  96.3μs      928B  0.00%     928B
   Instantiation Xc         1   15.6μs  0.00%  15.6μs     32.0B  0.00%    32.0B
   Instantiation En...      1   2.03μs  0.00%  2.03μs     16.0B  0.00%    16.0B
 compute_density            1    655ms  0.02%   655ms   1.52GiB  0.02%  1.52GiB
 mixing Resta              24    448ms  0.01%  18.7ms    219MiB  0.00%  9.13MiB
 spglib_get_symmetry        1   4.01ms  0.00%  4.01ms   90.2KiB  0.00%  90.2KiB
 ──────────────────────────────────────────────────────────────────────────────
