#
#-- optimal_damping Al n_repeat=40 -- mixing=KerkerMixing(1.0, 1.0)
#

Starting Arnoldi (now = 2020-07-25T15:04:34.221 ...

#--- 1 ---#
idcs      evals   residnorms   |P(X)|
  1    0.982058   0.0561993  3.77905e-16

#--- 2 ---#
idcs      evals   residnorms   |P(X)|
  1    0.975302   0.0987914  3.7567e-16
  2     1.08554    0.205528  3.57758e-16

#--- 3 ---#
idcs      evals   residnorms   |P(X)|
  1    0.916031   0.0973464  3.51568e-16
  2    0.993462   0.0653963  3.71007e-16
  3     1.65992    0.244974  3.53351e-16

#--- 4 ---#
idcs      evals   residnorms   |P(X)|
  1    0.795057   0.0629085  3.68608e-16
  2    0.984226   0.0222656  3.78672e-16
  3      1.2169    0.110741  3.47085e-16
  4     1.75446   0.0928924  3.63417e-16

#--- 5 ---#
idcs      evals   residnorms   |P(X)|
  1    0.762358   0.0614411  3.70874e-16
  2    0.922555    0.101149  3.70629e-16
  3    0.990267   0.0350585  3.78307e-16
  4     1.26896   0.0508334  3.9162e-16
  5     1.76251   0.0177302  3.70775e-16

#--- 6 ---#
idcs      evals   residnorms   |P(X)|
  1    0.764981   0.0387317  3.58524e-16
  2    0.878422    0.068655  3.74202e-16
  3    0.987092   0.0182278  3.78022e-16
  4     1.23021    0.185129  3.66432e-16
  5     1.27766    0.164384  3.7855e-16
  6     1.76468    0.006843  3.60847e-16

#--- 7 ---#
idcs      evals   residnorms   |P(X)|
  1    0.747946   0.0360392  3.83045e-16
  2    0.821558   0.0574008  3.65191e-16
  3    0.931307   0.0597407  3.7481e-16
  4    0.989633   0.0146615  3.77163e-16
  5     1.24307   0.0214848  3.66017e-16
  6     1.37266   0.0438995  3.72759e-16
  7     1.76439  0.00101573  3.78228e-16

#--- 8 ---#
idcs      evals   residnorms   |P(X)|
  1    0.742513   0.0465014  3.63122e-16
  2      0.8081   0.0725393  3.67598e-16
  3    0.915258   0.0969598  3.72818e-16
  4    0.988444   0.0294261  3.78363e-16
  5     1.11214    0.326423  3.71097e-16
  6     1.24525   0.0501054  3.43424e-16
  7      1.3778   0.0562485  3.83995e-16
  8     1.76441  0.000542541  3.76678e-16

#--- 9 ---#
idcs      evals   residnorms   |P(X)|
  1     0.73552   0.0387713  3.69355e-16
  2    0.789306   0.0562343  3.56533e-16
  3    0.874619   0.0835267  3.70579e-16
  4    0.960311   0.0773914  3.72034e-16
  5    0.991606   0.0264994  3.77819e-16
  6     1.24305   0.0124424  3.6512e-16
  7     1.37235   0.0266076  3.74426e-16
  8     1.67669     0.21633  3.69992e-16
  9     1.76444  0.00118391  3.79146e-16

#--- 10 ---#
idcs      evals   residnorms   |P(X)|
  1    0.729771   0.0295551  3.66182e-16
  2    0.777287   0.0411251  3.68689e-16
  3    0.847915   0.0556404  3.70429e-16
  4     0.93825   0.0510792  3.73386e-16
  5    0.989697   0.0139317  3.7798e-16
  6     1.12803     0.14665  3.68053e-16
  7     1.24697   0.0140008  3.3566e-16
  8     1.37413   0.0145785  3.70687e-16
  9     1.75706   0.0642152  3.73312e-16
 10     1.76432  0.00393713  3.74925e-16

#--- 11 ---#
idcs      evals   residnorms   |P(X)|
  1    0.724724   0.0304185  3.61639e-16
  2    0.766886   0.0440348  3.66788e-16
  3    0.826561   0.0630403  3.74706e-16
  4    0.901603   0.0856452  3.73228e-16
  5    0.969171   0.0756628  3.72712e-16
  6    0.992188   0.0291083  3.78179e-16
  7     1.23951   0.0763168  3.50119e-16
  8     1.25229   0.0850639  3.57839e-16
  9     1.37517   0.0103679  3.72849e-16
 10     1.76307   0.0147272  3.68639e-16
 11     1.76464  0.00519523  3.70119e-16

#--- 12 ---#
idcs      evals   residnorms   |P(X)|
  1    0.720257   0.0238424  3.80322e-16
  2     0.76075   0.0370512  3.67431e-16
  3     0.80612   0.0487433  3.65575e-16
  4    0.875351   0.0573436  3.7776e-16
  5    0.949318   0.0438881  3.74117e-16
  7     1.11993    0.127602  3.65034e-16
  8      1.2458   0.0164544  3.57356e-16
  9     1.30721   0.0997926  3.60786e-16
 10     1.37597   0.0122934  3.64482e-16
 11     1.76359  0.00429063  3.80197e-16
 12     1.76469  0.00237844  3.70913e-16

#--- 13 ---#
idcs      evals   residnorms   |P(X)|
  1     0.71637   0.0186181  3.71094e-16
  2    0.752519   0.0298367  3.65593e-16
  3    0.791861   0.0397621  3.56507e-16
  4    0.850783   0.0497826  3.68842e-16
  5    0.917301   0.0579311  3.72943e-16
  8     1.18401   0.0517529  3.70372e-16
  9     1.24419  0.00729935  3.52163e-16
 10     1.34549   0.0397248  3.71188e-16
 11     1.37661  0.00912464  3.75021e-16
 12     1.76364  0.000740619  3.65256e-16
 13     1.76465  0.000415693  3.62744e-16

#--- 14 ---#
idcs      evals   residnorms   |P(X)|
  1    0.714828   0.0154094  3.74961e-16
  2    0.746204    0.024992  3.64852e-16
  3    0.784117    0.032889  3.62352e-16
  4    0.835884   0.0426066  3.77442e-16
  5    0.897549   0.0543973  3.74224e-16
  9      1.2024   0.0553625  3.57748e-16
 10     1.24639   0.0082516  3.56172e-16
 11     1.35136   0.0246002  3.65403e-16
 12     1.37718  0.00631653  3.88095e-16
 13     1.76363  0.000180306  3.6936e-16
 14     1.76466  0.000101617  3.70862e-16

#--- 15 ---#
idcs      evals   residnorms   |P(X)|
  1    0.712699   0.0120242  3.72546e-16
  2    0.743144   0.0200388  3.57351e-16
  3    0.781102   0.0322311  3.63177e-16
  4    0.823676   0.0478806  3.74894e-16
  5    0.877187   0.0641286  3.71387e-16
 10     1.24401   0.0498564  3.49547e-16
 11       1.254    0.103961  3.60999e-16
 12     1.35414   0.0251244  3.90183e-16
 13     1.37737  0.00618136  3.89676e-16
 14     1.76363  5.25973e-05  3.74617e-16
 15     1.76466  2.96396e-05  3.69463e-16

#--- 16 ---#
idcs      evals   residnorms   |P(X)|
  1     0.71311  0.00869093  3.69406e-16
  2    0.741403   0.0181044  3.57691e-16
  3    0.773507   0.0305122  3.61397e-16
  4    0.814221   0.0464931  3.63357e-16
  5    0.853698   0.0536248  3.75977e-16
 11     1.24515  0.00715562  3.657e-16
 12     1.32846   0.0846722  3.66674e-16
 13     1.36274   0.0539208  3.64357e-16
 14     1.37777   0.0143808  3.73398e-16
 15     1.76363  1.56654e-05  3.82945e-16
 16     1.76466  8.81169e-06  3.71646e-16

#--- 17 ---#
idcs      evals   residnorms   |P(X)|
  1    0.711937    0.007299  3.76181e-16
  2    0.739146   0.0195862  3.5351e-16
  3     0.76511   0.0382851  3.64127e-16
  4      0.7958   0.0423861  3.55777e-16
  5    0.837245    0.042345  3.79605e-16
 12     1.24544  0.00315725  3.59603e-16
 13     1.34141   0.0210041  3.65514e-16
 14     1.37226   0.0195986  3.74883e-16
 15     1.38013    0.014988  3.67654e-16
 16     1.76363  2.51372e-06  3.67385e-16
 17     1.76466  1.41226e-06  3.75134e-16

#--- 18 ---#
idcs      evals   residnorms   |P(X)|
  1    0.712037  0.00763998  3.72947e-16
  2    0.733976    0.025451  3.61668e-16
  3    0.754623   0.0325163  3.7696e-16
  4    0.787166   0.0302999  3.67185e-16
  5     0.82778   0.0379458  3.74183e-16
 13     1.24571  0.00252049  3.48809e-16
 14     1.34396   0.0091938  3.68239e-16
 15      1.3747  0.00799883  3.70623e-16
 16     1.38116  0.00973661  3.74906e-16
 17     1.76363  5.09652e-07  3.61619e-16
 18     1.76466  2.85926e-07  3.72236e-16

 ──────────────────────────────────────────────────────────────────────────────
                                       Time                   Allocations      
                               ──────────────────────   ───────────────────────
       Tot / % measured:            2228s / 99.1%           4959GiB / 100%     

 Section               ncalls     time   %tot     avg     alloc   %tot      avg
 ──────────────────────────────────────────────────────────────────────────────
 apply_χ0                  18    2204s   100%    122s   4949GiB  100%    275GiB
   Hamiltonian mult...  83.5k     570s  25.8%  6.83ms    171GiB  3.46%  2.10MiB
   compute_density         18    11.4s  0.52%   635ms   26.3GiB  0.53%  1.46GiB
 PlaneWaveBasis             1    2.19s  0.10%   2.19s   1.30GiB  0.03%  1.30GiB
   Instantiation Ewald      1    1.30s  0.06%   1.30s    594MiB  0.01%   594MiB
   Instantiation At...      1    596ms  0.03%   596ms    683MiB  0.01%   683MiB
   Instantiation At...      1    170ms  0.01%   170ms   8.05MiB  0.00%  8.05MiB
   build_kpoints            1   18.6ms  0.00%  18.6ms   28.3MiB  0.00%  28.3MiB
   Instantiation Ha...      1   1.21ms  0.00%  1.21ms   3.44MiB  0.00%  3.44MiB
   Instantiation Ki...      1    915μs  0.00%   915μs   1.32MiB  0.00%  1.32MiB
   Instantiation Ps...      1   79.4μs  0.00%  79.4μs      928B  0.00%     928B
   Instantiation Xc         1   1.50μs  0.00%  1.50μs     32.0B  0.00%    32.0B
   Instantiation En...      1    788ns  0.00%   788ns     16.0B  0.00%    16.0B
 compute_density            1    638ms  0.03%   638ms   1.52GiB  0.03%  1.52GiB
 mixing Kerker             18    368ms  0.02%  20.4ms    171MiB  0.00%  9.47MiB
 spglib_get_symmetry        1   4.31ms  0.00%  4.31ms   90.9KiB  0.00%  90.9KiB
 ──────────────────────────────────────────────────────────────────────────────
