#
#-- SCF Al n_repeat=40 -- mixing=KerkerMixing(0.808, 1.0)
#

hostname       = clustern14

started on     = 2020-07-29T01:44:00.58
julia threads  = 4
BLAS threads   = 4

temperature    = 0.001
smearing       = DFTK.Smearing.Gaussian()
diag(lattice)  = [7.653, 7.653, 76.53]
Ecut           = 20
fft_size       = (25, 25, 240)
kgrid          = [3, 3, 1]
irreducible k  = 9
n_bands        = 68
n_electr       = 120
mixing         = KerkerMixing(0.808, 1.0)
n     Free energy       Eₙ-Eₙ₋₁     ρout-ρin   Diag
---   ---------------   ---------   --------   ----
  1   -78.45229254189         NaN   3.27e-01    18.9 
  2   -82.82043332240   -4.37e+00   1.15e-01    13.3 
  3   -82.79998057490    2.05e-02   1.55e-02    9.9 
  4   -82.91243123772   -1.12e-01   3.57e-03    8.2 
  5   -82.91537310119   -2.94e-03   1.11e-03    9.1 
  6   -82.91605367917   -6.81e-04   9.12e-05    9.1 
  7   -82.91605375649   -7.73e-08   2.87e-05    8.1 
  8   -82.91605388987   -1.33e-07   6.67e-06    7.7 
  9   -82.91605389731   -7.45e-09   1.60e-06    7.7 
 10   -82.91605389789   -5.77e-10   5.79e-07    9.0 
 11   -82.91605389802   -1.25e-10   1.01e-07    8.3 
 12   -82.91605389802   -3.24e-12   1.31e-08    8.2 
Energy breakdown:
    Kinetic             34.6814864
    AtomicLocal         13.6876852
    AtomicNonlocal      16.0054894
    Ewald               -107.8293795
    PspCorrection       -7.5223332
    Hartree             0.1590965 
    Xc                  -32.0978388
    Entropy             -0.0002599

    total               -82.916053898019

 ──────────────────────────────────────────────────────────────────────────────
                                       Time                   Allocations      
                               ──────────────────────   ───────────────────────
       Tot / % measured:             607s / 100%             206GiB / 100%     

 Section               ncalls     time   %tot     avg     alloc   %tot      avg
 ──────────────────────────────────────────────────────────────────────────────
 self_consistent_field      1     605s   100%    605s    205GiB  99.4%   205GiB
   LOBPCG                 108     529s  87.2%   4.90s    176GiB  85.5%  1.63GiB
     Hamiltonian mu...  1.17k     155s  25.5%   133ms   26.8GiB  13.0%  23.6MiB
     block multipli...  5.91k    98.4s  16.2%  16.7ms   46.8GiB  22.7%  8.11MiB
     rayleigh_ritz      1.06k    86.8s  14.3%  82.0ms    950MiB  0.45%   920KiB
     ortho              4.57k    73.0s  12.0%  16.0ms   30.9GiB  15.0%  6.93MiB
   energy_hamiltonian      25    41.3s  6.81%   1.65s   8.83GiB  4.29%   362MiB
   compute_density         12    10.2s  1.67%   846ms   18.3GiB  8.88%  1.52GiB
   QR orthonormaliz...    108    1.98s  0.33%  18.3ms    922MiB  0.44%  8.53MiB
   mixing Kerker           12   32.7ms  0.01%  2.72ms   55.0MiB  0.03%  4.58MiB
 PlaneWaveBasis             1    2.18s  0.36%   2.18s   1.30GiB  0.63%  1.30GiB
   Instantiation Ewald      1    1.22s  0.20%   1.22s    594MiB  0.28%   594MiB
   Instantiation At...      1    751ms  0.12%   751ms    683MiB  0.32%   683MiB
   Instantiation At...      1    174ms  0.03%   174ms   8.05MiB  0.00%  8.05MiB
   build_kpoints            1   27.6ms  0.00%  27.6ms   28.3MiB  0.01%  28.3MiB
   Instantiation Ha...      1   2.50ms  0.00%  2.50ms   3.44MiB  0.00%  3.44MiB
   Instantiation Ki...      1   1.46ms  0.00%  1.46ms   1.32MiB  0.00%  1.32MiB
   Instantiation Ps...      1    244μs  0.00%   244μs      928B  0.00%     928B
   Instantiation Xc         1   10.8μs  0.00%  10.8μs     32.0B  0.00%    32.0B
   Instantiation En...      1   3.59μs  0.00%  3.59μs     16.0B  0.00%    16.0B
 guess_density              1    159ms  0.03%   159ms   10.3MiB  0.00%  10.3MiB
 spglib_get_symmetry        1   4.06ms  0.00%  4.06ms   90.1KiB  0.00%  90.1KiB
 ──────────────────────────────────────────────────────────────────────────────
