#
#-- SCF Al n_repeat=40 -- mixing=SimpleMixing(0.00763)
#

hostname       = clustern14

started on     = 2020-07-29T01:54:33.06
julia threads  = 4
BLAS threads   = 4

temperature    = 0.001
smearing       = DFTK.Smearing.Gaussian()
diag(lattice)  = [7.653, 7.653, 76.53]
Ecut           = 20
fft_size       = (25, 25, 240)
kgrid          = [3, 3, 1]
irreducible k  = 9
n_bands        = 68
n_electr       = 120
mixing         = SimpleMixing(0.00763)
n     Free energy       Eₙ-Eₙ₋₁     ρout-ρin   Diag
---   ---------------   ---------   --------   ----
  1   -77.74466464957         NaN   3.24e-01    19.3 
  2   -80.91386363868   -3.17e+00   3.15e-01    15.0 
  3   -82.75456227516   -1.84e+00   3.09e-01    10.7 
  4   -75.81572989846    6.94e+00   2.80e-01    12.8 
  5   -78.34977171798   -2.53e+00   2.47e-01    12.1 
  6   -80.50443786179   -2.15e+00   2.24e-01    13.2 
  7   -80.17567972809    3.29e-01   1.30e-01    16.2 
  8   -82.48149943255   -2.31e+00   7.98e-02    15.2 
  9   -82.74621810732   -2.65e-01   6.57e-02    13.4 
 10   -82.30942549533    4.37e-01   5.72e-02    13.7 
 11   -82.82526893797   -5.16e-01   3.71e-02    14.8 
 12   -82.86835542090   -4.31e-02   2.87e-02    15.9 
 13   -82.88219801860   -1.38e-02   2.73e-02    13.6 
 14   -82.82181248930    6.04e-02   2.29e-02    14.4 
 15   -82.90644555530   -8.46e-02   1.44e-02    14.8 
 16   -82.91112290677   -4.68e-03   1.35e-02    12.6 
 17   -82.90947995700    1.64e-03   1.28e-02    12.2 
 18   -82.91389123364   -4.41e-03   1.14e-02    12.9 
 19   -82.91466346708   -7.72e-04   1.05e-02    12.8 
 20   -82.91466836721   -4.90e-06   8.19e-03    14.4 
 21   -82.91430507394    3.63e-04   7.71e-03    13.6 
 22   -82.91515775776   -8.53e-04   4.83e-03    14.7 
 23   -82.91581579584   -6.58e-04   4.34e-03    11.1 
 24   -82.91587467298   -5.89e-05   4.15e-03    9.9 
 25   -82.91591253713   -3.79e-05   3.32e-03    13.4 
 26   -82.91582517836    8.74e-05   2.98e-03    11.4 
 27   -82.91591269955   -8.75e-05   2.76e-03    10.9 
 28   -82.91559307239    3.20e-04   2.10e-03    13.2 
 29   -82.91596557604   -3.73e-04   1.77e-03    15.3 
 30   -82.91603425266   -6.87e-05   1.52e-03    13.1 
 31   -82.91603315813    1.09e-06   1.46e-03    9.8 
 32   -82.91602762653    5.53e-06   9.07e-04    15.1 
 33   -82.91603772705   -1.01e-05   6.52e-04    16.1 
 34   -82.91603820871   -4.82e-07   5.70e-04    12.3 
 35   -82.91604860710   -1.04e-05   3.20e-04    16.1 
 36   -82.91605217782   -3.57e-06   2.78e-04    13.1 
 37   -82.91605295436   -7.77e-07   2.38e-04    14.0 
 38   -82.91605307972   -1.25e-07   2.21e-04    12.8 
 39   -82.91605330802   -2.28e-07   2.06e-04    11.6 
 40   -82.91605161456    1.69e-06   1.63e-04    15.2 
 41   -82.91605336004   -1.75e-06   1.43e-04    13.7 
 42   -82.91605365063   -2.91e-07   1.34e-04    12.9 
 43   -82.91605368491   -3.43e-08   8.73e-05    15.7 
 44   -82.91605374815   -6.32e-08   8.16e-05    12.6 
 45   -82.91605382554   -7.74e-08   6.77e-05    15.0 
 46   -82.91605385795   -3.24e-08   6.08e-05    14.3 
 47   -82.91605381003    4.79e-08   5.21e-05    16.1 
 48   -82.91605385601   -4.60e-08   4.70e-05    15.0 
 49   -82.91605385621   -2.02e-10   4.18e-05    12.4 
 50   -82.91605384921    7.00e-09   3.80e-05    13.3 
Energy breakdown:
    Kinetic             34.6814670
    AtomicLocal         13.6876201
    AtomicNonlocal      16.0055695
    Ewald               -107.8293795
    PspCorrection       -7.5223332
    Hartree             0.1590982 
    Xc                  -32.0978362
    Entropy             -0.0002599

    total               -82.916053849209

 ──────────────────────────────────────────────────────────────────────────────
                                       Time                   Allocations      
                               ──────────────────────   ───────────────────────
       Tot / % measured:            3717s / 100%            1172GiB / 100%     

 Section               ncalls     time   %tot     avg     alloc   %tot      avg
 ──────────────────────────────────────────────────────────────────────────────
 self_consistent_field      1    3714s   100%   3714s   1170GiB  100%   1170GiB
   LOBPCG                 450    3468s  93.3%   7.71s   1055GiB  90.0%  2.34GiB
     Hamiltonian mu...  6.60k     940s  25.3%   142ms    159GiB  13.6%  24.7MiB
     block multipli...  35.1k     716s  19.3%  20.4ms    318GiB  27.1%  9.28MiB
     rayleigh_ritz      6.15k     608s  16.4%  98.8ms   6.46GiB  0.55%  1.08MiB
     ortho              27.1k     466s  12.5%  17.2ms    193GiB  16.5%  7.30MiB
   energy_hamiltonian     101     173s  4.65%   1.71s   36.3GiB  3.09%   368MiB
   compute_density         50    42.7s  1.15%   854ms   76.2GiB  6.50%  1.52GiB
   QR orthonormaliz...    450    2.07s  0.06%  4.61ms    922MiB  0.08%  2.05MiB
   mixing Simple           50    120ms  0.00%  2.39ms    516MiB  0.04%  10.3MiB
 PlaneWaveBasis             1    2.08s  0.06%   2.08s   1.30GiB  0.11%  1.30GiB
   Instantiation Ewald      1    1.20s  0.03%   1.20s    594MiB  0.05%   594MiB
   Instantiation At...      1    667ms  0.02%   667ms    683MiB  0.06%   683MiB
   Instantiation At...      1    171ms  0.00%   171ms   8.05MiB  0.00%  8.05MiB
   build_kpoints            1   28.8ms  0.00%  28.8ms   28.3MiB  0.00%  28.3MiB
   Instantiation Ha...      1   2.17ms  0.00%  2.17ms   3.44MiB  0.00%  3.44MiB
   Instantiation Ki...      1   1.18ms  0.00%  1.18ms   1.32MiB  0.00%  1.32MiB
   Instantiation Ps...      1   97.3μs  0.00%  97.3μs      928B  0.00%     928B
   Instantiation En...      1   6.68μs  0.00%  6.68μs     16.0B  0.00%    16.0B
   Instantiation Xc         1   5.57μs  0.00%  5.57μs     32.0B  0.00%    32.0B
 guess_density              1    157ms  0.00%   157ms   10.3MiB  0.00%  10.3MiB
 spglib_get_symmetry        1   3.77ms  0.00%  3.77ms   90.1KiB  0.00%  90.1KiB
 ──────────────────────────────────────────────────────────────────────────────
