#
#-- SCF Al n_repeat=40 -- mixing=RestaMixing(0.0958, 14, 1.0)
#

hostname       = clustern14

started on     = 2020-07-29T02:56:33.646
julia threads  = 4
BLAS threads   = 4

temperature    = 0.001
smearing       = DFTK.Smearing.Gaussian()
diag(lattice)  = [7.653, 7.653, 76.53]
Ecut           = 20
fft_size       = (25, 25, 240)
kgrid          = [3, 3, 1]
irreducible k  = 9
n_bands        = 68
n_electr       = 120
mixing         = RestaMixing(0.0958, 14, 1.0)
n     Free energy       Eₙ-Eₙ₋₁     ρout-ρin   Diag
---   ---------------   ---------   --------   ----
  1   -78.45434272067         NaN   3.27e-01    18.8 
  2   -81.30540702867   -2.85e+00   2.97e-01    12.8 
  3   +15.86509692435    9.72e+01   3.70e-01    19.1 
  4   -82.62060754222   -9.85e+01   4.66e-02    17.9 
  5   -82.75479134708   -1.34e-01   3.69e-02    12.4 
  6   -82.89271289618   -1.38e-01   1.69e-02    7.9 
  7   -82.87227317243    2.04e-02   1.14e-02    8.8 
  8   -82.89785716187   -2.56e-02   9.18e-03    8.6 
  9   -82.91389619971   -1.60e-02   3.56e-03    9.9 
 10   -82.91513577991   -1.24e-03   2.98e-03    10.0 
 11   -82.91575079322   -6.15e-04   1.57e-03    9.7 
 12   -82.91575004374    7.49e-07   1.09e-03    6.8 
 13   -82.91595501798   -2.05e-04   5.53e-04    9.3 
 14   -82.91605204129   -9.70e-05   1.26e-04    11.0 
 15   -82.91605097755    1.06e-06   9.84e-05    8.8 
 16   -82.91605380053   -2.82e-06   3.83e-05    10.0 
 17   -82.91605364563    1.55e-07   3.14e-05    9.6 
 18   -82.91605380126   -1.56e-07   1.61e-05    9.3 
 19   -82.91605380886   -7.60e-09   1.39e-05    7.1 
 20   -82.91605387386   -6.50e-08   7.64e-06    9.8 
 21   -82.91605389398   -2.01e-08   3.93e-06    11.6 
 22   -82.91605389742   -3.44e-09   2.19e-06    8.7 
 23   -82.91605389717    2.51e-10   1.53e-06    10.6 
 24   -82.91605389793   -7.55e-10   8.44e-07    9.9 
 25   -82.91605389790    2.30e-11   6.01e-07    11.2 
 26   -82.91605389801   -1.06e-10   3.48e-07    9.6 
 27   -82.91605389801    9.09e-13   2.44e-07    10.8 
Energy breakdown:
    Kinetic             34.6814863
    AtomicLocal         13.6876851
    AtomicNonlocal      16.0054896
    Ewald               -107.8293795
    PspCorrection       -7.5223332
    Hartree             0.1590965 
    Xc                  -32.0978388
    Entropy             -0.0002599

    total               -82.916053898008

 ──────────────────────────────────────────────────────────────────────────────
                                       Time                   Allocations      
                               ──────────────────────   ───────────────────────
       Tot / % measured:            1697s / 100%             544GiB / 100%     

 Section               ncalls     time   %tot     avg     alloc   %tot      avg
 ──────────────────────────────────────────────────────────────────────────────
 self_consistent_field      1    1695s   100%   1695s    543GiB  100%    543GiB
   LOBPCG                 243    1548s  91.2%   6.37s    480GiB  88.2%  1.97GiB
     Hamiltonian mu...  2.85k     441s  26.0%   155ms   72.4GiB  13.3%  26.0MiB
     block multipli...  14.7k     306s  18.1%  20.9ms    138GiB  25.3%  9.61MiB
     rayleigh_ritz      2.61k     260s  15.3%   100ms   2.76GiB  0.51%  1.08MiB
     ortho              11.5k     209s  12.3%  18.1ms   86.5GiB  15.9%  7.68MiB
   energy_hamiltonian      55    98.2s  5.78%   1.78s   19.7GiB  3.61%   366MiB
   compute_density         27    24.9s  1.47%   924ms   41.1GiB  7.56%  1.52GiB
   QR orthonormaliz...    243    1.92s  0.11%  7.90ms    922MiB  0.17%  3.79MiB
   mixing Resta            27   83.3ms  0.00%  3.08ms    124MiB  0.02%  4.58MiB
 PlaneWaveBasis             1    2.10s  0.12%   2.10s   1.30GiB  0.24%  1.30GiB
   Instantiation Ewald      1    1.17s  0.07%   1.17s    594MiB  0.11%   594MiB
   Instantiation At...      1    721ms  0.04%   721ms    683MiB  0.12%   683MiB
   Instantiation At...      1    175ms  0.01%   175ms   8.05MiB  0.00%  8.05MiB
   build_kpoints            1   29.4ms  0.00%  29.4ms   28.3MiB  0.01%  28.3MiB
   Instantiation Ha...      1   2.39ms  0.00%  2.39ms   3.44MiB  0.00%  3.44MiB
   Instantiation Ki...      1   1.46ms  0.00%  1.46ms   1.32MiB  0.00%  1.32MiB
   Instantiation Ps...      1    127μs  0.00%   127μs      928B  0.00%     928B
   Instantiation Xc         1   3.91μs  0.00%  3.91μs     32.0B  0.00%    32.0B
   Instantiation En...      1   2.65μs  0.00%  2.65μs     16.0B  0.00%    16.0B
 guess_density              1    154ms  0.01%   154ms   10.3MiB  0.00%  10.3MiB
 spglib_get_symmetry        1   4.02ms  0.00%  4.02ms   90.1KiB  0.00%  90.1KiB
 ──────────────────────────────────────────────────────────────────────────────
