#
#-- SCF Al n_repeat=40 -- mixing=RestaMixing(0.0182, 2.4, 1.0)
#

hostname       = clustern14

started on     = 2020-07-29T03:24:54.17
julia threads  = 4
BLAS threads   = 4

temperature    = 0.001
smearing       = DFTK.Smearing.Gaussian()
diag(lattice)  = [7.653, 7.653, 76.53]
Ecut           = 20
fft_size       = (25, 25, 240)
kgrid          = [3, 3, 1]
irreducible k  = 9
n_bands        = 68
n_electr       = 120
mixing         = RestaMixing(0.0182, 2.4, 1.0)
n     Free energy       Eₙ-Eₙ₋₁     ρout-ρin   Diag
---   ---------------   ---------   --------   ----
  1   -78.45397056097         NaN   3.27e-01    19.0 
  2   -81.06114877406   -2.61e+00   3.17e-01    12.8 
  3   -81.64258335133   -5.81e-01   3.11e-01    10.4 
  4   -69.04413221750    1.26e+01   2.01e-01    13.7 
  5   -80.81208385666   -1.18e+01   1.49e-01    15.8 
  6   -81.57547543740   -7.63e-01   1.00e-01    12.7 
  7   -82.63501619081   -1.06e+00   3.88e-02    13.3 
  8   -82.87996185913   -2.45e-01   3.16e-02    14.2 
  9   -82.82612605543    5.38e-02   2.53e-02    12.3 
 10   -82.87173574043   -4.56e-02   1.91e-02    13.9 
 11   -82.90399055611   -3.23e-02   1.36e-02    12.4 
 12   -82.91397301665   -9.98e-03   9.87e-03    13.0 
 13   -82.91278670102    1.19e-03   7.03e-03    11.6 
 14   -82.91530632796   -2.52e-03   4.28e-03    14.7 
 15   -82.91566835252   -3.62e-04   4.04e-03    10.1 
 16   -82.91560404276    6.43e-05   3.68e-03    11.1 
 17   -82.91593901930   -3.35e-04   2.07e-03    14.8 
 18   -82.91597963681   -4.06e-05   1.98e-03    10.4 
 19   -82.91595987864    1.98e-05   1.08e-03    13.6 
 20   -82.91599290269   -3.30e-05   9.11e-04    11.3 
 21   -82.91604763597   -5.47e-05   6.72e-04    13.8 
 22   -82.91604743089    2.05e-07   6.32e-04    9.6 
 23   -82.91601691355    3.05e-05   3.60e-04    14.4 
 24   -82.91604980779   -3.29e-05   2.50e-04    14.3 
 25   -82.91605276176   -2.95e-06   2.32e-04    11.3 
 26   -82.91605094007    1.82e-06   2.09e-04    11.6 
 27   -82.91605288293   -1.94e-06   1.62e-04    13.3 
 28   -82.91605317493   -2.92e-07   1.47e-04    10.7 
 29   -82.91605336802   -1.93e-07   1.14e-04    15.2 
 30   -82.91605365203   -2.84e-07   1.00e-04    12.3 
 31   -82.91605345927    1.93e-07   8.08e-05    13.2 
 32   -82.91605380839   -3.49e-07   6.73e-05    12.3 
 33   -82.91605381704   -8.65e-09   6.39e-05    9.0 
 34   -82.91605359708    2.20e-07   5.25e-05    13.7 
 35   -82.91605367650   -7.94e-08   3.81e-05    12.3 
 36   -82.91605364783    2.87e-08   3.21e-05    14.2 
 37   -82.91605367622   -2.84e-08   2.63e-05    13.4 
 38   -82.91605388293   -2.07e-07   1.62e-05    14.1 
 39   -82.91605388337   -4.42e-10   1.34e-05    12.6 
 40   -82.91605388989   -6.52e-09   1.12e-05    10.8 
 41   -82.91605389245   -2.57e-09   9.34e-06    10.8 
 42   -82.91605389397   -1.51e-09   8.06e-06    10.8 
 43   -82.91605389312    8.46e-10   7.59e-06    11.0 
 44   -82.91605389558   -2.45e-09   6.28e-06    13.1 
 45   -82.91605389617   -5.92e-10   5.41e-06    12.3 
 46   -82.91605389745   -1.29e-09   4.47e-06    13.2 
 47   -82.91605389764   -1.87e-10   4.28e-06    11.6 
 48   -82.91605389598    1.66e-09   4.16e-06    11.9 
 49   -82.91605389430    1.68e-09   3.55e-06    13.6 
 50   -82.91605389723   -2.93e-09   2.62e-06    14.2 
Energy breakdown:
    Kinetic             34.6814865
    AtomicLocal         13.6876855
    AtomicNonlocal      16.0054885
    Ewald               -107.8293795
    PspCorrection       -7.5223332
    Hartree             0.1590969 
    Xc                  -32.0978388
    Entropy             -0.0002599

    total               -82.916053897230

 ──────────────────────────────────────────────────────────────────────────────
                                       Time                   Allocations      
                               ──────────────────────   ───────────────────────
       Tot / % measured:            3573s / 100%            1134GiB / 100%     

 Section               ncalls     time   %tot     avg     alloc   %tot      avg
 ──────────────────────────────────────────────────────────────────────────────
 self_consistent_field      1    3570s   100%   3570s   1133GiB  100%   1133GiB
   LOBPCG                 450    3321s  93.0%   7.38s   1018GiB  89.7%  2.26GiB
     Hamiltonian mu...  6.17k     905s  25.3%   147ms    153GiB  13.5%  25.4MiB
     block multipli...  32.5k     684s  19.2%  21.0ms    304GiB  26.8%  9.57MiB
     rayleigh_ritz      5.72k     577s  16.1%   101ms   6.21GiB  0.55%  1.11MiB
     ortho              25.3k     448s  12.6%  17.8ms    186GiB  16.4%  7.54MiB
   energy_hamiltonian     101     176s  4.92%   1.74s   36.3GiB  3.20%   368MiB
   compute_density         50    42.7s  1.20%   854ms   76.2GiB  6.71%  1.52GiB
   QR orthonormaliz...    450    1.98s  0.06%  4.41ms    922MiB  0.08%  2.05MiB
   mixing Resta            50    139ms  0.00%  2.79ms    229MiB  0.02%  4.58MiB
 PlaneWaveBasis             1    2.60s  0.07%   2.60s   1.30GiB  0.11%  1.30GiB
   Instantiation Ewald      1    1.35s  0.04%   1.35s    594MiB  0.05%   594MiB
   Instantiation At...      1    1.03s  0.03%   1.03s    683MiB  0.06%   683MiB
   Instantiation At...      1    183ms  0.01%   183ms   8.05MiB  0.00%  8.05MiB
   build_kpoints            1   30.2ms  0.00%  30.2ms   28.3MiB  0.00%  28.3MiB
   Instantiation Ha...      1   2.15ms  0.00%  2.15ms   3.44MiB  0.00%  3.44MiB
   Instantiation Ki...      1   1.34ms  0.00%  1.34ms   1.32MiB  0.00%  1.32MiB
   Instantiation Ps...      1    104μs  0.00%   104μs      928B  0.00%     928B
   Instantiation En...      1   2.99μs  0.00%  2.99μs     16.0B  0.00%    16.0B
   Instantiation Xc         1   2.55μs  0.00%  2.55μs     32.0B  0.00%    32.0B
 guess_density              1    156ms  0.00%   156ms   10.3MiB  0.00%  10.3MiB
 spglib_get_symmetry        1   4.25ms  0.00%  4.25ms   90.1KiB  0.00%  90.1KiB
 ──────────────────────────────────────────────────────────────────────────────
