#
#-- optimal_damping GaAsVac n_repeat=20 -- mixing=HybridMixing(1.0, 1, 1.0, identity, true, false)
#

Starting Arnoldi (now = 2020-07-26T17:07:27.794 ...

#--- 1 ---#
idcs      evals   residnorms   |P(X)|
  1     1.00013   0.0389096  3.95642e-15

#--- 2 ---#
idcs      evals   residnorms   |P(X)|
  1     1.00013   0.0292308  3.95951e-15
  2     7.11262     4.59209  7.15022e-15

#--- 3 ---#
idcs      evals   residnorms   |P(X)|
  1    0.999868   0.0268461  3.96331e-15
  2     1.93765     1.07592  4.14961e-15
  3     10.2137    0.861711  5.41185e-15

#--- 4 ---#
idcs      evals   residnorms   |P(X)|
  1    0.999962   0.0222777  3.96212e-15
  2     1.78728    0.884226  3.69527e-15
  3     5.90156     3.19063  3.07568e-15
  4     10.6385    0.686981  5.24788e-15

#--- 5 ---#
idcs      evals   residnorms   |P(X)|
  1    0.999945   0.0364049  3.96537e-15
  2     1.36115    0.772965  3.39488e-15
  3     4.08926     2.11861  3.69665e-15
  4     10.2395    0.908899  5.1358e-15
  5     13.3298     4.10906  2.8716e-15

#--- 6 ---#
idcs      evals   residnorms   |P(X)|
  1     1.00013   0.0225665  3.96395e-15
  2     1.34766    0.554007  2.67324e-15
  3     2.63641     1.14599  3.11907e-15
  4     6.56887     1.44958  2.54244e-15
  5     10.3975    0.237797  5.10419e-15
  6     15.3762     1.02654  2.3857e-15

#--- 7 ---#
idcs      evals   residnorms   |P(X)|
  1     1.00005   0.0226595  3.95885e-15
  2     1.21147    0.394073  1.95974e-15
  3     2.07208    0.669794  3.33531e-15
  4     4.44459     1.13689  2.14536e-15
  5     7.41045    0.784135  2.50537e-15
  6     10.4371   0.0736269  5.08062e-15
  7     15.4944    0.158897  2.32879e-15

#--- 8 ---#
idcs      evals   residnorms   |P(X)|
  1    0.999956   0.0223755  3.953e-15
  2     1.14913    0.308746  1.46448e-15
  3     1.79518    0.549107  3.28952e-15
  4      3.1112    0.917827  1.97912e-15
  5     5.29095    0.777342  2.17454e-15
  6     7.62064    0.328309  2.2383e-15
  7     10.4342    0.016973  5.07931e-15
  8     15.5031   0.0195503  2.33244e-15

#--- 9 ---#
idcs      evals   residnorms   |P(X)|
  1     1.00001    0.013684  3.94562e-15
  2     1.11756    0.162653  1.17961e-15
  3     1.61607    0.305116  3.04687e-15
  4     2.54948    0.449717  2.30769e-15
  5     4.31422    0.650563  1.82086e-15
  6     5.72385    0.498033  1.75955e-15
  7      7.6626    0.104925  2.25223e-15
  8      10.435   0.0028117  5.07889e-15
  9     15.5025  0.00174343  2.32903e-15

#--- 10 ---#
idcs      evals   residnorms   |P(X)|
  1     1.00004    0.011413  3.93622e-15
  2     1.09333    0.119206  1.04705e-15
  3      1.5098    0.278967  2.8884e-15
  4     2.16302    0.491558  2.28791e-15
  5     3.00905    0.547074  1.90552e-15
  6     4.55696    0.307521  1.67265e-15
  7     5.83263    0.169796  1.7749e-15
  8     7.66289   0.0213353  2.21761e-15
  9     10.4348  0.000344884  5.0803e-15
 10     15.5025  0.000126209  2.33698e-15

#--- 11 ---#
idcs      evals   residnorms   |P(X)|
  1     1.00007   0.0152434  3.91833e-15
  2     1.06958    0.139222  9.35178e-16
  3     1.34574    0.352816  2.71666e-15
  4     1.79019    0.369695  2.30729e-15
  5     2.53874    0.364847  2.47262e-15
  6     3.48928    0.496033  9.93607e-16
  7     4.57998    0.154605  1.80926e-15
  8     5.85084   0.0488329  1.70607e-15
  9     7.66249  0.00381009  2.2228e-15
 10     10.4348  3.91414e-05  5.07654e-15
 11     15.5025  8.65929e-06  2.33726e-15

 ──────────────────────────────────────────────────────────────────────────────
                                       Time                   Allocations      
                               ──────────────────────   ───────────────────────
       Tot / % measured:           64786s / 100%            79954GiB / 100%    

 Section               ncalls     time   %tot     avg     alloc   %tot      avg
 ──────────────────────────────────────────────────────────────────────────────
 apply_χ0                  11   64687s   100%   5881s   79921GiB 100%   7266GiB
   Hamiltonian mult...  62.9k   11762s  18.2%   187ms    653GiB  0.82%  10.6MiB
 PlaneWaveBasis             1    26.2s  0.04%   26.2s   17.3GiB  0.02%  17.3GiB
   Instantiation At...      1    19.2s  0.03%   19.2s   15.3GiB  0.02%  15.3GiB
   Instantiation Ewald      1    4.25s  0.01%   4.25s   1.77GiB  0.00%  1.77GiB
   Instantiation At...      1    2.33s  0.00%   2.33s   53.4MiB  0.00%  53.4MiB
   build_kpoints            1    151ms  0.00%   151ms   98.8MiB  0.00%  98.8MiB
   Instantiation Ha...      1   11.8ms  0.00%  11.8ms   17.8MiB  0.00%  17.8MiB
   Instantiation Ki...      1   11.5ms  0.00%  11.5ms   6.04MiB  0.00%  6.04MiB
   Instantiation Ps...      1    145μs  0.00%   145μs   1.64KiB  0.00%  1.64KiB
   Instantiation Xc         1   5.87μs  0.00%  5.87μs     32.0B  0.00%    32.0B
 mixing Hybrid             11    2.82s  0.00%   256ms   2.68GiB  0.00%   249MiB
 spglib_get_symmetry        1   20.8ms  0.00%  20.8ms   1.36MiB  0.00%  1.36MiB
 ──────────────────────────────────────────────────────────────────────────────
