#
#-- optimal_damping GaAsVac n_repeat=20 -- mixing=HybridMixing(1.0, 14, 1.0, var"#970#978"{Int64,var"#periodise#977"}(30, var"#periodise#977"(), Core.Box(0.9820935375589165), Core.Box(1.5179064624329865)), true, false)
#

Starting Arnoldi (now = 2020-07-25T20:25:51.386 ...

#--- 1 ---#
idcs      evals   residnorms   |P(X)|
  1    0.990515   0.0432747  3.94521e-15

#--- 2 ---#
idcs      evals   residnorms   |P(X)|
  1    0.464357    0.292754  6.54122e-15
  2    0.991676   0.0240055  3.97899e-15

#--- 3 ---#
idcs      evals   residnorms   |P(X)|
  1    0.414466    0.130325  4.66914e-15
  2    0.759495    0.182593  1.85706e-15
  3    0.992612   0.0174182  4.01621e-15

#--- 4 ---#
idcs      evals   residnorms   |P(X)|
  1    0.362608   0.0917268  3.5835e-15
  2    0.587678    0.173554  2.97683e-15
  3    0.881208    0.131061  1.97246e-15
  4    0.993856   0.0168965  4.05269e-15

#--- 5 ---#
idcs      evals   residnorms   |P(X)|
  1    0.292826   0.0741217  3.26862e-15
  2    0.536317    0.138537  3.69895e-15
  3    0.662945    0.151534  1.2464e-15
  4     0.92489   0.0893007  2.35258e-15
  5    0.994849   0.0143869  4.09031e-15

#--- 6 ---#
idcs      evals   residnorms   |P(X)|
  1    0.256366   0.0910721  2.12543e-15
  2    0.392493    0.103588  3.58775e-15
  3    0.621274    0.127618  3.47915e-15
  4    0.750076    0.121562  1.8583e-15
  5    0.953291   0.0629874  2.68106e-15
  6    0.996018   0.0141044  4.12962e-15

#--- 7 ---#
idcs      evals   residnorms   |P(X)|
  1    0.224149   0.0629522  1.90214e-15
  2    0.360052   0.0745624  3.03996e-15
  3    0.510022    0.112009  2.96926e-15
  4    0.675358    0.111123  2.16941e-15
  5    0.825183   0.0937423  2.03967e-15
  6    0.963694   0.0445442  2.98397e-15
  7    0.996568   0.0112753  4.15867e-15

#--- 8 ---#
idcs      evals   residnorms   |P(X)|
  1    0.224376   0.0328117  1.76184e-15
  2     0.34368   0.0608731  2.43709e-15
  3    0.446408   0.0865431  2.42661e-15
  4    0.601173   0.0892745  3.05602e-15
  5    0.760598    0.100137  1.13763e-15
  6    0.861252   0.0890712  1.89957e-15
  7    0.973189   0.0335244  3.2127e-15
  8     0.99738    0.010447  4.17891e-15

#--- 9 ---#
idcs      evals   residnorms   |P(X)|
  1    0.221606   0.0228234  1.51569e-15
  2    0.315287   0.0526631  2.35209e-15
  3    0.421214   0.0746257  2.54383e-15
  4    0.529645   0.0998433  2.39149e-15
  5    0.680328   0.0978953  2.60155e-15
  6    0.781075   0.0842431  1.7674e-15
  7    0.903567   0.0724764  1.7966e-15
  8    0.977784   0.0297446  3.38769e-15
  9    0.997797  0.00994038  4.18308e-15

#--- 10 ---#
idcs      evals   residnorms   |P(X)|
  1    0.219125   0.0152964  1.44859e-15
  2    0.296207   0.0485267  2.02496e-15
  3    0.381796   0.0572091  2.46491e-15
  4    0.481572   0.0733228  2.52369e-15
  5    0.606498   0.0729187  2.35009e-15
  6    0.726391   0.0793572  1.40727e-15
  7    0.828999   0.0689532  2.07681e-15
  8    0.924238   0.0583001  1.96132e-15
  9    0.981948   0.0237212  3.52416e-15
 10    0.998411  0.00891604  4.17226e-15

#--- 11 ---#
idcs      evals   residnorms   |P(X)|
  1    0.218961  0.00952264  1.48416e-15
  2    0.290566   0.0440337  1.37446e-15
  3    0.350962   0.0469807  2.47809e-15
  4    0.461954    0.061837  2.55915e-15
  5    0.546943    0.080631  1.72943e-15
  6    0.676598   0.0870718  2.61059e-15
  7    0.751125   0.0791839  1.29183e-15
  8    0.856496   0.0637119  1.86256e-15
  9    0.938425   0.0471608  2.139e-15
 10    0.984353   0.0198633  3.65034e-15
 11     0.99875  0.00784553  4.16055e-15

#--- 12 ---#
idcs      evals   residnorms   |P(X)|
  1    0.217528  0.00630468  1.46431e-15
  2    0.283321   0.0374946  1.38613e-15
  3    0.339095   0.0454888  2.26055e-15
  4    0.426083   0.0655761  2.31092e-15
  5    0.505417   0.0825203  2.34159e-15
  7     0.71141   0.0757655  1.92096e-15
  8    0.800651   0.0747173  1.87258e-15
  9    0.874658   0.0713569  1.60593e-15
 10    0.946634   0.0413851  2.27307e-15
 11    0.985963   0.0167332  3.76046e-15
 12    0.998954   0.0067383  4.15289e-15

#--- 13 ---#
idcs      evals   residnorms   |P(X)|
  1    0.217365  0.00359562  1.44046e-15
  2    0.275596   0.0256138  1.45056e-15
  3    0.336347   0.0412626  2.08403e-15
  4    0.389575   0.0594936  1.67378e-15
  5    0.476404   0.0546239  2.85591e-15
  8    0.742284   0.0628725  9.70275e-16
  9    0.829147   0.0568128  2.0175e-15
 10    0.897862   0.0593492  1.56828e-15
 11     0.95565   0.0353796  2.41317e-15
 12     0.98745   0.0143832  3.87985e-15
 13    0.999245  0.00581569  4.14242e-15

#--- 14 ---#
idcs      evals   residnorms   |P(X)|
  1    0.216932  0.00183149  1.44434e-15
  2    0.272799   0.0161242  1.42271e-15
  3    0.329371    0.029718  1.96078e-15
  4    0.377473   0.0427448  1.63363e-15
  5    0.458295   0.0473746  2.65468e-15
  9    0.777048    0.073608  1.44013e-15
 10    0.844797   0.0611409  1.79817e-15
 11    0.913252   0.0518519  1.6466e-15
 12    0.962342   0.0325043  2.53978e-15
 13    0.988558   0.0135433  3.97868e-15
 14    0.999443  0.00537477  4.12826e-15

#--- 15 ---#
idcs      evals   residnorms   |P(X)|
  1     0.21708  0.00101002  1.44791e-15
  2    0.271833   0.0115931  1.3495e-15
  3     0.32432    0.027485  1.88667e-15
  4    0.367956   0.0427397  1.65065e-15
  5    0.436352   0.0637375  2.08835e-15
 10    0.804841   0.0612987  1.94389e-15
 11    0.864101    0.058739  1.56048e-15
 12    0.926005   0.0437461  1.77272e-15
 13    0.967205   0.0289002  2.65329e-15
 14    0.989395   0.0121641  4.06047e-15
 15    0.999536  0.00462135  4.11532e-15

#--- 16 ---#
idcs      evals   residnorms   |P(X)|
  1    0.217032  0.000582319  1.44801e-15
  2    0.271417  0.00896178  1.35499e-15
  3    0.319836   0.0293608  1.60727e-15
  4    0.356594   0.0467401  1.84874e-15
  5    0.409023   0.0627595  1.34809e-15
 11    0.826635   0.0556986  1.90812e-15
 12    0.881224   0.0576413  1.44917e-15
 13    0.935789    0.040285  1.91022e-15
 14    0.971554    0.027406  2.74699e-15
 15    0.990217   0.0120793  4.13896e-15
 16    0.999676   0.0043993  4.10158e-15

 ──────────────────────────────────────────────────────────────────────────────
                                       Time                   Allocations      
                               ──────────────────────   ───────────────────────
       Tot / % measured:           79060s / 100%           113662GiB / 100%    

 Section               ncalls     time   %tot     avg     alloc   %tot      avg
 ──────────────────────────────────────────────────────────────────────────────
 apply_χ0                  16   78779s   100%   4924s   113544GiB100%   7096GiB
 mixing Hybrid             16     127s  0.16%   7.92s   78.1GiB  0.07%  4.88GiB
 PlaneWaveBasis             1    29.4s  0.04%   29.4s   17.3GiB  0.02%  17.3GiB
   Instantiation At...      1    21.7s  0.03%   21.7s   15.3GiB  0.01%  15.3GiB
   Instantiation Ewald      1    4.77s  0.01%   4.77s   1.77GiB  0.00%  1.77GiB
   Instantiation At...      1    2.28s  0.00%   2.28s   53.4MiB  0.00%  53.4MiB
   build_kpoints            1    213ms  0.00%   213ms   98.8MiB  0.00%  98.8MiB
   Instantiation Ha...      1   14.9ms  0.00%  14.9ms   17.8MiB  0.00%  17.8MiB
   Instantiation Ki...      1   9.23ms  0.00%  9.23ms   6.04MiB  0.00%  6.04MiB
   Instantiation Ps...      1    133μs  0.00%   133μs   1.64KiB  0.00%  1.64KiB
   Instantiation Xc         1   8.49μs  0.00%  8.49μs     32.0B  0.00%    32.0B
 spglib_get_symmetry        1   17.9ms  0.00%  17.9ms   1.36MiB  0.00%  1.36MiB
 ──────────────────────────────────────────────────────────────────────────────
