#
#-- optimal_damping GaAsVac n_repeat=20 -- mixing=HybridMixing(1.0, 14, 1.0, identity, true, false)
#

Starting Arnoldi (now = 2020-07-25T22:27:12.436 ...

#--- 1 ---#
idcs      evals   residnorms   |P(X)|
  1    0.982314   0.0345791  3.97592e-15

#--- 2 ---#
idcs      evals   residnorms   |P(X)|
  1    0.647215    0.209464  8.0487e-15
  2    0.985266   0.0215788  4.09611e-15

#--- 3 ---#
idcs      evals   residnorms   |P(X)|
  1    0.435286    0.178961  5.2357e-15
  2    0.825167    0.164726  5.87785e-15
  3    0.986819    0.019404  4.2427e-15

#--- 4 ---#
idcs      evals   residnorms   |P(X)|
  1    0.279198    0.169558  3.03715e-15
  2    0.609244     0.17296  5.76363e-15
  3    0.892919     0.12114  4.2775e-15
  4    0.988042   0.0180192  4.36213e-15

#--- 5 ---#
idcs      evals   residnorms   |P(X)|
  1    0.155025    0.146165  1.76035e-15
  2    0.448673    0.151249  4.11759e-15
  3    0.699993    0.138831  5.02167e-15
  4      0.9232   0.0756671  3.62713e-15
  5    0.989017   0.0135834  4.46148e-15

#--- 6 ---#
idcs      evals   residnorms   |P(X)|
  1    0.102518   0.0721233  1.25687e-15
  2    0.361498   0.0968333  3.14768e-15
  3    0.592949    0.116467  4.58777e-15
  4    0.787549    0.113775  3.9682e-15
  5    0.945069   0.0542501  3.24658e-15
  6    0.989832   0.0117929  4.57278e-15

#--- 7 ---#
idcs      evals   residnorms   |P(X)|
  1    0.089725   0.0378976  1.1998e-15
  2    0.318391   0.0889174  2.29522e-15
  3    0.490054    0.124992  3.91717e-15
  4    0.684297     0.11855  4.40433e-15
  5    0.837942    0.105591  3.0266e-15
  6     0.95582   0.0462182  3.17688e-15
  7    0.990401   0.0110546  4.65997e-15

#--- 8 ---#
idcs      evals   residnorms   |P(X)|
  1   0.0858199   0.0277421  1.16359e-15
  2     0.26595    0.119323  1.35089e-15
  3    0.395318    0.119627  3.23352e-15
  4    0.580829    0.115322  3.98986e-15
  5    0.736445    0.109815  3.87636e-15
  6    0.873582   0.0869373  2.78003e-15
  7    0.963856   0.0393134  3.12101e-15
  8    0.990893    0.010516  4.74065e-15

#--- 9 ---#
idcs      evals   residnorms   |P(X)|
  1   0.0824558   0.0261955  1.15631e-15
  2    0.187389    0.113611  7.45454e-16
  3    0.342756   0.0777272  2.70055e-15
  4    0.495394     0.10806  3.18934e-15
  5    0.641925   0.0984165  3.98819e-15
  6    0.783362   0.0886355  3.48628e-15
  7    0.899839   0.0670047  2.5573e-15
  8    0.969308   0.0321724  3.13389e-15
  9    0.991314  0.00934067  4.80978e-15

#--- 10 ---#
idcs      evals   residnorms   |P(X)|
  1   0.0806965   0.0203541  1.14463e-15
  2    0.147829   0.0718671  5.82358e-16
  3    0.316367   0.0651445  2.21741e-15
  4    0.432555     0.10048  2.76156e-15
  5    0.572416   0.0989976  3.55316e-15
  6     0.70181   0.0968075  3.69719e-15
  7     0.81822   0.0834516  2.93707e-15
  8    0.917475   0.0561303  2.56358e-15
  9    0.973412   0.0276647  3.16295e-15
 10    0.991684  0.00868008  4.86991e-15

#--- 11 ---#
idcs      evals   residnorms   |P(X)|
  1   0.0796479   0.0134882  1.10938e-15
  2     0.13263   0.0447541  5.38201e-16
  3    0.291071    0.071451  1.6014e-15
  4    0.379388   0.0875853  2.63713e-15
  5    0.510788   0.0955927  2.93563e-15
  6    0.629445   0.0893381  3.61849e-15
  7      0.7501   0.0864434  3.37517e-15
  8    0.847203   0.0769105  2.47564e-15
  9    0.930777   0.0484578  2.62637e-15
 10    0.976555    0.024358  3.21789e-15
 11    0.992013  0.00818591  4.91858e-15

#--- 12 ---#
idcs      evals   residnorms   |P(X)|
  1   0.0785015  0.00957154  1.08982e-15
  2    0.125766   0.0329535  5.98696e-16
  3    0.261772   0.0878939  9.37915e-16
  4    0.342965   0.0790474  2.5626e-15
  5    0.457517    0.105195  2.37475e-15
  7    0.677616   0.0940921  3.4627e-15
  8    0.780069   0.0817225  3.02396e-15
  9    0.871445   0.0698496  2.35183e-15
 10    0.940518   0.0450338  2.63618e-15
 11    0.978922   0.0228908  3.3027e-15
 12    0.992295  0.00815667  4.96292e-15

#--- 13 ---#
idcs      evals   residnorms   |P(X)|
  1   0.0776683  0.00956538  1.09664e-15
  2    0.120094   0.0381585  6.61344e-16
  3    0.207927    0.112833  5.43698e-16
  4     0.31023   0.0748726  2.00955e-15
  5    0.393535    0.091691  2.36015e-15
  8     0.71645   0.0854198  3.17024e-15
  9    0.804024   0.0726492  2.73768e-15
 10    0.889252   0.0578679  2.29234e-15
 11     0.94701   0.0382585  2.65067e-15
 12    0.980673   0.0191903  3.38729e-15
 13     0.99253  0.00719942  4.99742e-15

#--- 14 ---#
idcs      evals   residnorms   |P(X)|
  1    0.076957  0.00839497  1.07394e-15
  2    0.112951    0.038236  6.89705e-16
  3    0.166283   0.0729446  4.76737e-16
  4     0.29029   0.0547132  1.3898e-15
  5    0.364256    0.063494  2.664e-15
  9    0.744378   0.0815225  2.66727e-15
 10    0.834479   0.0684888  2.81012e-15
 11     0.90642   0.0571227  2.09111e-15
 12    0.952514   0.0391197  2.74876e-15
 13    0.982179   0.0186288  3.49256e-15
 14    0.992754  0.00727594  5.02435e-15

#--- 15 ---#
idcs      evals   residnorms   |P(X)|
  1   0.0768229  0.00665586  1.06976e-15
  2    0.107424   0.0325615  6.39303e-16
  3    0.150427   0.0478315  5.0407e-16
  4    0.273733   0.0616179  9.29187e-16
  5    0.340839   0.0734119  2.59236e-15
 10    0.775542   0.0709884  2.72885e-15
 11    0.854731   0.0640799  2.3757e-15
 12    0.913957   0.0482973  2.11099e-15
 13    0.958722   0.0318301  2.7743e-15
 14    0.983626   0.0164324  3.60506e-15
 15    0.992981  0.00677703  5.04754e-15

#--- 16 ---#
idcs      evals   residnorms   |P(X)|
  1   0.0768562  0.00580071  1.08703e-15
  2    0.103872   0.0304333  5.33881e-16
  3    0.142907   0.0421336  6.52036e-16
  4     0.24379   0.0899498  6.59663e-16
  5    0.310519    0.071968  2.13956e-15
 11     0.79796   0.0689806  2.4383e-15
 12    0.869885   0.0595398  2.34316e-15
 13    0.923021   0.0440883  2.0873e-15
 14    0.962474   0.0294187  2.80901e-15
 15     0.98464   0.0152214  3.70991e-15
 16     0.99316  0.00651103  5.06251e-15

 ──────────────────────────────────────────────────────────────────────────────
                                       Time                   Allocations      
                               ──────────────────────   ───────────────────────
       Tot / % measured:           67064s / 100%           113640GiB / 100%    

 Section               ncalls     time   %tot     avg     alloc   %tot      avg
 ──────────────────────────────────────────────────────────────────────────────
 apply_χ0                  16   66844s   100%   4178s   113544GiB100%   7096GiB
 mixing Hybrid             16    63.5s  0.09%   3.97s   55.2GiB  0.05%  3.45GiB
 PlaneWaveBasis             1    27.6s  0.04%   27.6s   17.3GiB  0.02%  17.3GiB
   Instantiation At...      1    20.9s  0.03%   20.9s   15.3GiB  0.01%  15.3GiB
   Instantiation Ewald      1    4.28s  0.01%   4.28s   1.77GiB  0.00%  1.77GiB
   Instantiation At...      1    2.21s  0.00%   2.21s   53.4MiB  0.00%  53.4MiB
   build_kpoints            1    140ms  0.00%   140ms   98.8MiB  0.00%  98.8MiB
   Instantiation Ha...      1   14.9ms  0.00%  14.9ms   17.8MiB  0.00%  17.8MiB
   Instantiation Ki...      1   5.50ms  0.00%  5.50ms   6.04MiB  0.00%  6.04MiB
   Instantiation Ps...      1    120μs  0.00%   120μs   1.64KiB  0.00%  1.64KiB
   Instantiation Xc         1   4.74μs  0.00%  4.74μs     32.0B  0.00%    32.0B
 spglib_get_symmetry        1   16.2ms  0.00%  16.2ms   1.36MiB  0.00%  1.36MiB
 ──────────────────────────────────────────────────────────────────────────────
