#
#-- optimal_damping GaAsVac n_repeat=20 -- mixing=RestaMixing(1.0, 14, 1.0)
#

Starting Arnoldi (now = 2020-07-31T10:35:57.79 ...

#--- 1 ---#
idcs      evals   residnorms   |P(X)|
  1     0.98243   0.0606748  3.93455e-15

#--- 2 ---#
idcs      evals   residnorms   |P(X)|
  1    0.555895    0.198242  4.68861e-15
  2     0.98473   0.0279391  3.99295e-15

#--- 3 ---#
idcs      evals   residnorms   |P(X)|
  1    0.424355    0.238643  2.80946e-15
  2    0.697481    0.244897  2.98168e-15
  3    0.985447   0.0217614  4.04519e-15

#--- 4 ---#
idcs      evals   residnorms   |P(X)|
  1    0.210999    0.135807  2.11099e-15
  2    0.659636    0.147128  3.65499e-15
  3     0.81713    0.176474  2.03745e-15
  4    0.986742   0.0196825  4.11152e-15

#--- 5 ---#
idcs      evals   residnorms   |P(X)|
  1    0.151885   0.0828058  1.76086e-15
  2    0.494027    0.163714  2.15025e-15
  3    0.688538    0.132531  3.22187e-15
  4     0.89523    0.106527  2.20768e-15
  5    0.988125   0.0166499  4.18779e-15

#--- 6 ---#
idcs      evals   residnorms   |P(X)|
  1    0.131291   0.0504382  1.61589e-15
  2    0.360895    0.126084  1.50289e-15
  3    0.621227    0.116294  3.02409e-15
  4    0.748651    0.132889  1.66232e-15
  5    0.930339   0.0728533  2.35546e-15
  6    0.989195   0.0146603  4.26392e-15

#--- 7 ---#
idcs      evals   residnorms   |P(X)|
  1     0.12425   0.0352822  1.56237e-15
  2    0.287736    0.110534  1.09699e-15
  3    0.503392    0.129511  2.15674e-15
  4    0.681706    0.103107  3.14179e-15
  5    0.801028     0.11376  1.48064e-15
  6    0.946696   0.0551098  2.45001e-15
  7    0.989956    0.012694  4.32593e-15

#--- 8 ---#
idcs      evals   residnorms   |P(X)|
  1    0.119551   0.0388673  1.3829e-15
  2    0.223153    0.121549  1.37935e-15
  3    0.415496    0.149205  8.05727e-16
  4    0.560119    0.114835  2.9645e-15
  5    0.747832    0.102666  3.0137e-15
  6    0.828372    0.103087  2.1747e-15
  7    0.954287   0.0462817  2.53059e-15
  8     0.99043   0.0109391  4.37671e-15

#--- 9 ---#
idcs      evals   residnorms   |P(X)|
  1    0.108603   0.0473138  1.05198e-15
  2    0.165979   0.0846969  1.55771e-15
  3    0.324702   0.0885327  8.61337e-16
  4    0.508486   0.0910965  1.96942e-15
  5    0.641659   0.0824567  2.88415e-15
  6    0.789818    0.089775  2.36181e-15
  7     0.86298   0.0810995  2.35634e-15
  8    0.963549   0.0360656  2.67004e-15
  9    0.990955  0.00964007  4.44186e-15

#--- 10 ---#
idcs      evals   residnorms   |P(X)|
  1    0.100136   0.0462218  5.17041e-16
  2    0.139873   0.0470979  1.71936e-15
  3    0.293014   0.0672953  8.76135e-16
  4    0.454311    0.106701  1.53572e-15
  5    0.585856    0.116689  2.15245e-15
  6    0.681989    0.098442  2.54618e-15
  7     0.81996   0.0869732  1.86026e-15
  8    0.893755   0.0742115  2.44723e-15
  9    0.968306   0.0359989  2.84521e-15
 10    0.991326  0.00982958  4.50103e-15

#--- 11 ---#
idcs      evals   residnorms   |P(X)|
  1   0.0920527   0.0450264  3.93435e-16
  2    0.131006     0.03814  1.71655e-15
  3    0.257263    0.101539  9.86533e-16
  4    0.359993    0.120886  7.69389e-16
  5    0.504738   0.0855347  2.09604e-15
  6    0.639167   0.0872171  2.48228e-15
  7    0.724944   0.0957283  1.9711e-15
  8    0.837414   0.0764746  1.5286e-15
  9    0.914934   0.0586833  2.40892e-15
 10    0.972359   0.0314938  3.00271e-15
 11    0.991664  0.00910891  4.55775e-15

#--- 12 ---#
idcs      evals   residnorms   |P(X)|
  1   0.0855495   0.0335512  4.36478e-16
  2    0.126716   0.0294625  1.64819e-15
  3    0.205979   0.0819642  8.95497e-16
  4    0.314394   0.0573669  8.77731e-16
  5    0.471881   0.0762081  1.43158e-15
  7    0.675924   0.0792479  2.53092e-15
  8    0.766669    0.083696  1.67179e-15
  9    0.855947   0.0682409  1.57692e-15
 10    0.930066   0.0463994  2.34259e-15
 11    0.976088   0.0266495  3.14741e-15
 12    0.992017  0.00843745  4.61901e-15

#--- 13 ---#
idcs      evals   residnorms   |P(X)|
  1   0.0818236   0.0226424  4.7376e-16
  2    0.122426   0.0209915  1.58368e-15
  3    0.185657   0.0544734  1.06844e-15
  4    0.302556   0.0525124  8.7786e-16
  5    0.416213    0.112506  8.21546e-16
  8    0.699172   0.0868234  2.15798e-15
  9    0.802349   0.0764778  1.65891e-15
 10    0.871792   0.0678769  1.85082e-15
 11    0.937024   0.0413205  2.2929e-15
 12    0.978563   0.0221889  3.23852e-15
 13    0.992291  0.00762894  4.66664e-15

#--- 14 ---#
idcs      evals   residnorms   |P(X)|
  1    0.079993   0.0159889  5.43161e-16
  2    0.119755   0.0167417  1.53593e-15
  3    0.175188   0.0447848  1.23708e-15
  4     0.28477   0.0813956  7.15028e-16
  5    0.345431     0.10473  8.27117e-16
  9     0.72369   0.0937877  1.28609e-15
 10    0.835724   0.0750963  1.69718e-15
 11    0.886306   0.0734413  2.17093e-15
 12    0.943473   0.0436485  2.29149e-15
 13    0.980425   0.0213233  3.32865e-15
 14    0.992526  0.00775404  4.70877e-15

#--- 15 ---#
idcs      evals   residnorms   |P(X)|
  1   0.0790342   0.0137635  5.5762e-16
  2    0.117647   0.0181149  1.5041e-15
  3    0.164429   0.0528775  1.20341e-15
  4    0.237532    0.102575  7.84161e-16
  5    0.315282   0.0614848  7.73311e-16
 10    0.746147   0.0731128  1.19341e-15
 11    0.854794    0.056461  1.6835e-15
 12    0.902244   0.0561303  2.35308e-15
 13    0.949809   0.0401663  2.3221e-15
 14    0.982068   0.0184316  3.41524e-15
 15    0.992756   0.0070949  4.74616e-15

#--- 16 ---#
idcs      evals   residnorms   |P(X)|
  1   0.0783242   0.0129543  6.00948e-16
  2    0.114899    0.024015  1.44691e-15
  3    0.148947   0.0594274  1.1594e-15
  4    0.201038   0.0745964  9.61668e-16
  5    0.301154    0.050706  7.74995e-16
 11    0.783963   0.0803789  1.32289e-15
 12    0.865834   0.0594485  1.75118e-15
 13    0.906108   0.0479372  2.37317e-15
 14    0.956355    0.032927  2.37575e-15
 15    0.983379   0.0163365  3.4997e-15
 16    0.992958  0.00659721  4.78224e-15

#--- 17 ---#
idcs      evals   residnorms   |P(X)|
  1   0.0779504   0.0107988  6.45493e-16
  2    0.110493   0.0284154  1.39543e-15
  3    0.135445   0.0409414  1.12597e-15
  4    0.185195   0.0447366  1.21587e-15
  5    0.286631   0.0587342  6.40726e-16
 12     0.81382    0.072946  1.38234e-15
 13    0.877018    0.061943  1.62025e-15
 14    0.920698   0.0442825  2.4145e-15
 15    0.960508   0.0342223  2.52101e-15
 16    0.984506   0.0160061  3.59302e-15
 17    0.993149  0.00670978  4.81351e-15

#--- 18 ---#
idcs      evals   residnorms   |P(X)|
  1   0.0780805  0.00974007  6.68676e-16
  2     0.10734   0.0338616  1.26658e-15
  3    0.128036    0.032537  1.13116e-15
  4    0.179362   0.0415189  1.37398e-15
  5    0.261393   0.0907735  6.06793e-16
 13    0.832655   0.0577641  1.44418e-15
 14     0.88768   0.0562547  1.63203e-15
 15    0.927591   0.0390916  2.34077e-15
 16    0.964509   0.0296314  2.60252e-15
 17    0.985448   0.0143949  3.67318e-15
 18    0.993321  0.00627226  4.84294e-15

#--- 19 ---#
idcs      evals   residnorms   |P(X)|
  1   0.0776257  0.00990798  7.04987e-16
  2    0.100161   0.0353382  1.06419e-15
  3    0.123623   0.0230395  1.29155e-15
  4    0.168985   0.0451248  1.26939e-15
  5    0.219849   0.0750468  6.52609e-16
 14    0.851428   0.0493892  1.58021e-15
 15    0.897745   0.0510802  1.86163e-15
 16    0.932426   0.0367561  2.22286e-15
 17    0.967823   0.0246089  2.64822e-15
 18     0.98627   0.0124254  3.74689e-15
 19    0.993483  0.00561224  4.87254e-15

#--- 20 ---#
idcs      evals   residnorms   |P(X)|
  1   0.0772454  0.00612501  7.70951e-16
  2     0.09536   0.0197679  9.95572e-16
  3    0.122195   0.0117443  1.32185e-15
  4    0.160483   0.0279195  1.14378e-15
  5    0.205502   0.0352467  9.06172e-16
 15    0.868119   0.0494645  1.77517e-15
 16     0.90338    0.044839  2.22458e-15
 17    0.940091   0.0345573  2.15926e-15
 18    0.970785    0.022623  2.70629e-15
 19     0.98704   0.0116421  3.8232e-15
 20    0.993644  0.00542555  4.90093e-15

#--- 21 ---#
idcs      evals   residnorms   |P(X)|
  1   0.0772463  0.00269835  7.44486e-16
  2   0.0945652  0.00894534  9.40279e-16
  3    0.121617   0.0055842  1.33478e-15
  4    0.158484   0.0149013  1.0967e-15
  5    0.201354   0.0194287  9.88317e-16
 16    0.882214   0.0474682  1.79139e-15
 17        0.91   0.0395201  2.39716e-15
 18    0.945995   0.0322764  2.18871e-15
 19    0.973271   0.0203245  2.75628e-15
 20    0.987707   0.0106738  3.89146e-15
 21    0.993792  0.00511468  4.92941e-15

 ──────────────────────────────────────────────────────────────────────────────
                                       Time                   Allocations      
                               ──────────────────────   ───────────────────────
       Tot / % measured:           115971s / 100%          149079GiB / 100%    

 Section               ncalls     time   %tot     avg     alloc   %tot      avg
 ──────────────────────────────────────────────────────────────────────────────
 apply_χ0                  21   115771s   100%   5513s   149026GiB100%   7096GiB
 PlaneWaveBasis             1    25.7s  0.02%   25.7s   17.3GiB  0.01%  17.3GiB
   Instantiation At...      1    19.8s  0.02%   19.8s   15.3GiB  0.01%  15.3GiB
   Instantiation Ewald      1    3.23s  0.00%   3.23s   1.77GiB  0.00%  1.77GiB
   Instantiation At...      1    2.10s  0.00%   2.10s   53.4MiB  0.00%  53.4MiB
   build_kpoints            1    181ms  0.00%   181ms   98.8MiB  0.00%  98.8MiB
   Instantiation Ha...      1   12.7ms  0.00%  12.7ms   17.8MiB  0.00%  17.8MiB
   Instantiation Ki...      1   8.10ms  0.00%  8.10ms   6.04MiB  0.00%  6.04MiB
   Instantiation Ps...      1    181μs  0.00%   181μs   1.64KiB  0.00%  1.64KiB
   Instantiation Xc         1   6.25μs  0.00%  6.25μs     32.0B  0.00%    32.0B
 mixing Resta              21    581ms  0.00%  27.7ms    748MiB  0.00%  35.6MiB
 spglib_get_symmetry        1   14.2ms  0.00%  14.2ms   1.36MiB  0.00%  1.36MiB
 ──────────────────────────────────────────────────────────────────────────────
