#
#-- optimal_damping GaAsVac n_repeat=20 -- mixing=SimpleMixing(1.0)
#

Starting Arnoldi (now = 2020-07-27T11:09:50.99 ...

#--- 1 ---#
idcs      evals   residnorms   |P(X)|
  1    0.999823   0.0552201  3.99693e-15

#--- 2 ---#
idcs      evals   residnorms   |P(X)|
  1    0.999819   0.0374356  3.99822e-15
  2     13.4194     8.41969  5.07792e-15

#--- 3 ---#
idcs      evals   residnorms   |P(X)|
  1           1   0.0383675  3.99534e-15
  2      1.6971    0.805828  1.92936e-15
  3     15.3517    0.482337  4.25769e-15

#--- 4 ---#
idcs      evals   residnorms   |P(X)|
  1     1.00005    0.026052  3.99327e-15
  2     1.55231    0.484258  1.81518e-15
  3     6.13876     2.61894  2.03292e-15
  4     15.5498    0.144939  4.23992e-15

#--- 5 ---#
idcs      evals   residnorms   |P(X)|
  1     1.00051   0.0864678  3.97104e-15
  2     1.21146    0.788775  1.62545e-15
  3     2.79423     2.04272  2.42108e-15
  4     8.36246     1.96649  1.07982e-15
  5     15.5081   0.0477248  4.24249e-15

#--- 6 ---#
idcs      evals   residnorms   |P(X)|
  1           1   0.0441514  3.97552e-15
  2     1.24315    0.549279  1.49596e-15
  3     1.79152    0.693395  2.18272e-15
  4      6.5786     1.14765  1.54937e-15
  5     10.0427     1.17341  1.18257e-15
  6     15.5037   0.0114898  4.24496e-15

#--- 7 ---#
idcs      evals   residnorms   |P(X)|
  1    0.999722   0.0447856  3.92348e-15
  2      1.1111    0.268522  1.51896e-15
  3     1.73966    0.324595  2.24431e-15
  4      4.8359     1.54107  1.02359e-15
  5     7.32567    0.968958  1.6039e-15
  6     10.3858    0.524345  1.39675e-15
  7     15.5015  0.00245542  4.24644e-15

#--- 8 ---#
idcs      evals   residnorms   |P(X)|
  1     1.00004   0.0178374  3.9057e-15
  2      1.0977   0.0996014  1.52754e-15
  3     1.64676    0.163074  2.20109e-15
  4     2.64412    0.503033  9.65201e-16
  5     5.82738    0.322351  1.24182e-15
  6     7.64717    0.210649  1.4546e-15
  7     10.4343   0.0608361  1.42037e-15
  8     15.5015  0.000147709  4.24303e-15

#--- 9 ---#
idcs      evals   residnorms   |P(X)|
  1     1.00004   0.0155067  3.8871e-15
  2     1.08752   0.0850926  1.52898e-15
  3     1.57497    0.261887  2.14485e-15
  4      2.0165    0.578266  1.40849e-15
  5     3.07227    0.528261  9.0616e-16
  6     5.84815   0.0849792  1.20948e-15
  7      7.6619   0.0365704  1.48448e-15
  8     10.4357  0.00686303  1.41836e-15
  9     15.5015  1.01512e-05  4.24822e-15

#--- 10 ---#
idcs      evals   residnorms   |P(X)|
  1    0.999938   0.0220276  3.84645e-15
  2     1.06838    0.117042  1.55861e-15
  3     1.31028    0.411432  1.79043e-15
  4     1.71019    0.187752  2.00324e-15
  5     2.57841    0.383417  1.06872e-15
  6     3.52756    0.455964  7.96719e-16
  7     5.84594   0.0219617  1.21526e-15
  8     7.66351  0.00589213  1.48198e-15
  9     10.4358  0.000709489  1.41597e-15
 10     15.5015  6.36755e-07  4.24512e-15

#--- 11 ---#
idcs      evals   residnorms   |P(X)|
  1     1.00028    0.045251  3.59193e-15
  2     1.02693    0.131669  1.61599e-15
  3     1.16431    0.184758  1.67182e-15
  4     1.66125    0.108041  2.06102e-15
  5     2.20261    0.385972  1.16718e-15
  6     2.88477    0.342596  8.45226e-16
  7     3.72784    0.277752  8.28652e-16
  8     5.84761  0.00462276  1.2173e-15
  9     7.66314  0.000778227  1.46863e-15
 10     10.4358  6.01965e-05  1.42256e-15
 11     15.5015  3.281e-08  4.24718e-15

 ──────────────────────────────────────────────────────────────────────────────
                                       Time                   Allocations      
                               ──────────────────────   ───────────────────────
       Tot / % measured:           64422s / 100%            79981GiB / 100%    

 Section               ncalls     time   %tot     avg     alloc   %tot      avg
 ──────────────────────────────────────────────────────────────────────────────
 apply_χ0                  11   64326s   100%   5848s   79951GiB 100%   7268GiB
   Hamiltonian mult...  63.9k   11798s  18.3%   185ms    663GiB  0.83%  10.6MiB
 PlaneWaveBasis             1    25.3s  0.04%   25.3s   17.3GiB  0.02%  17.3GiB
   Instantiation At...      1    18.6s  0.03%   18.6s   15.3GiB  0.02%  15.3GiB
   Instantiation Ewald      1    4.19s  0.01%   4.19s   1.77GiB  0.00%  1.77GiB
   Instantiation At...      1    2.11s  0.00%   2.11s   53.4MiB  0.00%  53.4MiB
   build_kpoints            1    130ms  0.00%   130ms   98.8MiB  0.00%  98.8MiB
   Instantiation Ha...      1   7.84ms  0.00%  7.84ms   17.8MiB  0.00%  17.8MiB
   Instantiation Ki...      1   6.27ms  0.00%  6.27ms   6.04MiB  0.00%  6.04MiB
   Instantiation Ps...      1    116μs  0.00%   116μs   1.64KiB  0.00%  1.64KiB
   Instantiation Xc         1   6.14μs  0.00%  6.14μs     32.0B  0.00%    32.0B
 spglib_get_symmetry        1   16.1ms  0.00%  16.1ms   1.36MiB  0.00%  1.36MiB
 mixing Simple             11   96.7μs  0.00%  8.79μs     0.00B  0.00%    0.00B
 ──────────────────────────────────────────────────────────────────────────────
