#
#-- optimal_damping GaAsVac n_repeat=20 -- mixing=KerkerMixing(1.0, 1.0)
#

Starting Arnoldi (now = 2020-07-31T08:12:57.647 ...

#--- 1 ---#
idcs      evals   residnorms   |P(X)|
  1    0.982483   0.0326548  3.92722e-15

#--- 2 ---#
idcs      evals   residnorms   |P(X)|
  1    0.579336    0.307891  8.63608e-15
  2    0.984872   0.0249242  4.01711e-15

#--- 3 ---#
idcs      evals   residnorms   |P(X)|
  1    0.239559    0.191555  5.22158e-15
  2    0.811205    0.160287  6.50144e-15
  3    0.986841   0.0186814  4.1663e-15

#--- 4 ---#
idcs      evals   residnorms   |P(X)|
  1     0.14289    0.118166  3.62399e-15
  2      0.5236    0.185206  5.40959e-15
  3    0.894018   0.0997591  5.33774e-15
  4    0.988143   0.0159747  4.33127e-15

#--- 5 ---#
idcs      evals   residnorms   |P(X)|
  1   0.0803326   0.0805481  2.82945e-15
  2    0.363437    0.144851  4.87324e-15
  3    0.697564    0.152082  4.58811e-15
  4    0.925368   0.0754645  4.61033e-15
  5    0.989041   0.0140706  4.46203e-15

#--- 6 ---#
idcs      evals   residnorms   |P(X)|
  1   0.0523033   0.0602772  2.433e-15
  2    0.268842    0.127012  3.95516e-15
  3    0.517625    0.158339  4.27595e-15
  4    0.788126    0.124827  4.40033e-15
  5    0.943918     0.06238  4.06475e-15
  6    0.989758   0.0133472  4.57607e-15

#--- 7 ---#
idcs      evals   residnorms   |P(X)|
  1   0.0317701    0.055054  2.14351e-15
  2    0.184373    0.114851  2.93465e-15
  3    0.381543    0.126963  4.29141e-15
  4    0.632589    0.126702  3.8604e-15
  5    0.835493   0.0916319  4.15709e-15
  6    0.955554   0.0452932  3.74245e-15
  7    0.990348   0.0110815  4.67986e-15

#--- 8 ---#
idcs      evals   residnorms   |P(X)|
  1   0.0159533   0.0389654  2.02123e-15
  2    0.145011   0.0760366  2.52912e-15
  3    0.317101     0.10207  3.8971e-15
  4    0.528511    0.138331  3.83384e-15
  5    0.717204    0.134856  3.33971e-15
  6    0.868559   0.0885568  4.04444e-15
  7    0.962769   0.0409154  3.49626e-15
  8    0.990814   0.0108565  4.75701e-15

#--- 9 ---#
idcs      evals   residnorms   |P(X)|
  1   0.0106126   0.0349613  1.95502e-15
  2    0.118631    0.081321  2.16777e-15
  3    0.251518    0.134965  3.17505e-15
  4    0.403604    0.140196  3.67042e-15
  5    0.594035    0.119236  3.41552e-15
  6    0.768161    0.100424  3.49262e-15
  7    0.895133   0.0712581  3.89305e-15
  8    0.968291   0.0344237  3.31837e-15
  9    0.991222  0.00993783  4.81944e-15

#--- 10 ---#
idcs      evals   residnorms   |P(X)|
  1  0.00919331   0.0355187  1.89216e-15
  2   0.0852824   0.0969464  1.5363e-15
  3    0.178002    0.101424  2.63625e-15
  4    0.334926   0.0866287  3.68999e-15
  5    0.507657    0.111338  3.30246e-15
  6    0.663308    0.105073  3.21601e-15
  7    0.810418   0.0796987  3.49062e-15
  8    0.913253   0.0582702  3.67772e-15
  9     0.97232   0.0283649  3.24309e-15
 10    0.991579  0.00875921  4.87613e-15

#--- 11 ---#
idcs      evals   residnorms   |P(X)|
  1  0.00811578   0.0248643  1.84624e-15
  2   0.0610759   0.0608031  1.18325e-15
  3    0.149245   0.0505884  2.5225e-15
  4    0.305848   0.0636143  3.51457e-15
  5    0.439205   0.0980229  3.03487e-15
  6    0.592627   0.0946741  3.29964e-15
  7    0.730946    0.101359  2.79585e-15
  8    0.840847   0.0779852  3.5036e-15
  9    0.927822    0.052332  3.53658e-15
 10    0.975717   0.0259668  3.22694e-15
 11     0.99192   0.0085763  4.92803e-15

#--- 12 ---#
idcs      evals   residnorms   |P(X)|
  1  0.00776573   0.0163083  1.7911e-15
  2   0.0501294   0.0374821  1.15426e-15
  3    0.142485   0.0362692  2.47315e-15
  4    0.280587   0.0840855  2.93372e-15
  5    0.374753    0.111515  3.00652e-15
  7    0.639842   0.0955767  2.99992e-15
  8    0.768636   0.0809084  2.90859e-15
  9     0.86518   0.0665793  3.46285e-15
 10    0.938231   0.0448486  3.38507e-15
 11    0.978265   0.0228475  3.26475e-15
 12    0.992212  0.00803293  4.9694e-15

#--- 13 ---#
idcs      evals   residnorms   |P(X)|
  1  0.00783469   0.0103623  1.75839e-15
  2   0.0450508   0.0249283  1.10279e-15
  3    0.136471   0.0346578  2.37348e-15
  4    0.230459    0.100379  1.92676e-15
  5    0.324173   0.0706749  3.32256e-15
  8    0.691801   0.0955278  2.51238e-15
  9    0.798298   0.0702664  3.07985e-15
 10    0.884048   0.0563454  3.34088e-15
 11    0.946189    0.037603  3.27105e-15
 12    0.980284   0.0194903  3.33606e-15
 13    0.992474  0.00724541  5.00342e-15

#--- 14 ---#
idcs      evals   residnorms   |P(X)|
  1  0.00774898  0.00658541  1.75884e-15
  2   0.0440733   0.0180381  1.06611e-15
  3    0.127583   0.0378616  2.18221e-15
  4    0.192352    0.078514  1.98375e-15
  5    0.305082   0.0582454  3.15739e-15
  9    0.739597   0.0943651  2.51809e-15
 10    0.823948   0.0804986  3.07501e-15
 11    0.897945   0.0601963  3.22869e-15
 12    0.951794   0.0380567  3.18984e-15
 13    0.981768   0.0194893  3.4233e-15
 14    0.992685  0.00754204  5.0308e-15

#--- 15 ---#
idcs      evals   residnorms   |P(X)|
  1  0.00734567  0.00574875  1.75427e-15
  2   0.0431436   0.0190549  1.04875e-15
  3     0.11394   0.0688538  1.6537e-15
  4    0.160725    0.072426  2.27833e-15
  5    0.271374    0.101206  2.29727e-15
 10     0.76607   0.0729276  2.59616e-15
 11    0.846331    0.066224  3.18977e-15
 12    0.910872   0.0530167  3.06649e-15
 13    0.956953   0.0342293  3.10987e-15
 14    0.983093   0.0176549  3.5218e-15
 15    0.992891  0.00711998  5.05376e-15

#--- 16 ---#
idcs      evals   residnorms   |P(X)|
  1  0.00697436  0.00562757  1.73847e-15
  2   0.0402433   0.0242881  1.0164e-15
  3   0.0861381   0.0850107  9.84178e-16
  4    0.141783   0.0434377  2.38698e-15
  5    0.226491   0.0853982  1.67296e-15
 11    0.788634   0.0645253  2.78773e-15
 12    0.862105   0.0560245  3.10809e-15
 13    0.921243    0.045284  3.051e-15
 14    0.961262   0.0305039  3.00058e-15
 15    0.984238   0.0159473  3.62441e-15
 16    0.993083  0.00670115  5.07766e-15

#--- 17 ---#
idcs      evals   residnorms   |P(X)|
  1   0.0068565   0.0058801  1.72225e-15
  2   0.0356399   0.0366011  8.49245e-16
  3   0.0609609   0.0577725  1.07805e-15
  4    0.135912   0.0315748  2.29393e-15
  5    0.198212   0.0705688  1.56587e-15
 12     0.80794   0.0667715  2.87093e-15
 13    0.875753   0.0512036  3.0661e-15
 14    0.929022    0.040003  3.01446e-15
 15     0.96475   0.0272828  2.93586e-15
 16    0.985186   0.0144426  3.72096e-15
 17    0.993256   0.0062913  5.09457e-15

#--- 18 ---#
idcs      evals   residnorms   |P(X)|
  1  0.00660148  0.00554426  1.70617e-15
  2   0.0292362   0.0391192  7.18403e-16
  3   0.0506325   0.0303544  1.13777e-15
  4    0.130817   0.0295735  2.13236e-15
  5    0.177524   0.0601607  1.71097e-15
 13    0.831775   0.0685038  2.77453e-15
 14    0.887776   0.0542979  2.92858e-15
 15    0.935566   0.0386822  3.02489e-15
 16    0.967736   0.0261057  2.88548e-15
 17    0.986018   0.0139263  3.81786e-15
 18    0.993418  0.00626527  5.11195e-15

#--- 19 ---#
idcs      evals   residnorms   |P(X)|
  1  0.00578397  0.00543682  1.69049e-15
  2   0.0242465   0.0327048  1.02494e-15
  3   0.0480632   0.0205136  1.11581e-15
  4    0.125105   0.0424292  1.86603e-15
  5    0.159477   0.0652093  1.89486e-15
 14    0.847099   0.0568432  2.94143e-15
 15    0.898743   0.0491716  2.77964e-15
 16    0.941064   0.0352158  3.03377e-15
 17    0.970156   0.0237033  2.84999e-15
 18    0.986706   0.0127485  3.89954e-15
 19    0.993561  0.00590257  5.12822e-15

#--- 20 ---#
idcs      evals   residnorms   |P(X)|
  1   0.0046909   0.0043594  1.67871e-15
  2   0.0209119   0.0196383  1.38845e-15
  3   0.0463186   0.0135926  1.08498e-15
  4    0.113117   0.0559797  1.19452e-15
  5     0.14197   0.0431869  2.15678e-15
 15    0.861452   0.0489271  2.89553e-15
 16    0.909631   0.0439652  2.73033e-15
 17    0.946555   0.0325858  2.98695e-15
 18    0.972584    0.021869  2.85284e-15
 19    0.987406   0.0118942  3.99092e-15
 20    0.993714  0.00567903  5.13996e-15

#--- 21 ---#
idcs      evals   residnorms   |P(X)|
  1  0.00411845  0.00306708  1.67421e-15
  2   0.0194616   0.0117691  1.50773e-15
  3   0.0453174  0.00964816  1.05957e-15
  4    0.100315   0.0459292  9.85273e-16
  5    0.137576   0.0262611  2.24122e-15
 16    0.871808   0.0447196  2.87047e-15
 17    0.917134   0.0387801  2.7059e-15
 18    0.950663   0.0294225  2.95498e-15
 19    0.974396   0.0197455  2.86924e-15
 20    0.987942    0.010831  4.06125e-15
 21    0.993839  0.00529858  5.15289e-15

#--- 22 ---#
idcs      evals   residnorms   |P(X)|
  1  0.00381633  0.00209158  1.66896e-15
  2    0.018863  0.00763993  1.55361e-15
  3   0.0448389  0.00744158  1.03581e-15
  4   0.0920282    0.039603  9.36425e-16
  5    0.135126   0.0234249  2.19137e-15
 17    0.881175   0.0510404  2.71554e-15
 18    0.923486   0.0390875  2.77055e-15
 19    0.954255   0.0294644  2.90147e-15
 20    0.975987   0.0195958  2.91422e-15
 21    0.988419   0.0107887  4.12726e-15
 22    0.993955  0.00538397  5.16232e-15

#--- 23 ---#
idcs      evals   residnorms   |P(X)|
  1  0.00361675  0.00168119  1.66936e-15
  2   0.0185638  0.00619852  1.57285e-15
  3   0.0444507  0.00742405  1.01151e-15
  4   0.0844653   0.0450398  9.22626e-16
  5    0.131742   0.0374116  1.98183e-15
 18    0.892131   0.0464376  2.65174e-15
 19    0.929538   0.0361951  2.76607e-15
 20    0.957619   0.0274679  2.86155e-15
 21    0.977439   0.0182523  2.9681e-15
 22    0.988855   0.0100943  4.1877e-15
 23    0.994066  0.00512798  5.17265e-15

#--- 24 ---#
idcs      evals   residnorms   |P(X)|
  1   0.0034141  0.00130159  1.6692e-15
  2   0.0183277  0.00497507  1.60722e-15
  3   0.0440183  0.00814973  9.80179e-16
  4   0.0723828   0.0460876  1.03025e-15
  5    0.123979   0.0585195  1.03236e-15
 19     0.90096   0.0421617  2.49693e-15
 20    0.934851    0.033146  2.83649e-15
 21    0.960651   0.0253673  2.79866e-15
 22    0.978772   0.0169422  3.04283e-15
 23    0.989264  0.00944175  4.24639e-15
 24    0.994173  0.00488031  5.17961e-15

#--- 25 ---#
idcs      evals   residnorms   |P(X)|
  1  0.00324184  0.00083021  1.67125e-15
  2    0.018247  0.00332394  1.62773e-15
  3   0.0435951   0.0075097  9.31299e-16
  4   0.0634079   0.0340266  1.12586e-15
  5    0.113912   0.0393673  8.35804e-16
 20    0.908264   0.0369687  2.50562e-15
 21    0.939409   0.0296351  2.84152e-15
 22    0.963288   0.0228549  2.76347e-15
 23     0.97994   0.0153877  3.12187e-15
 24    0.989627  0.00864455  4.29668e-15
 25    0.994271  0.00453354  5.18711e-15

#--- 26 ---#
idcs      evals   residnorms   |P(X)|
  1  0.00317201  0.000449986  1.67582e-15
  2   0.0182188  0.00188832  1.63554e-15
  3   0.0430726  0.00507246  9.26572e-16
  4   0.0606766   0.0214244  1.17332e-15
  5    0.107878   0.0259649  8.50735e-16
 21     0.91471   0.0376734  2.54101e-15
 22    0.943409   0.0299349  2.84036e-15
 23    0.965613   0.0228523  2.74292e-15
 24     0.98099   0.0154389  3.2103e-15
 25    0.989957  0.00873403  4.3446e-15
 26    0.994362  0.00463197  5.19489e-15

#--- 27 ---#
idcs      evals   residnorms   |P(X)|
  1    0.003163  0.000275097  1.6698e-15
  2   0.0181789  0.00122406  1.63487e-15
  3   0.0427317  0.00378165  9.06358e-16
  4   0.0593136   0.0157021  1.20086e-15
  5    0.104785   0.0225272  8.34141e-16
 22    0.920858   0.0346334  2.51124e-15
 23    0.947147   0.0276755  2.85126e-15
 24    0.967746   0.0209938  2.70991e-15
 25    0.981952   0.0142774  3.30272e-15
 26    0.990268  0.00815337  4.39304e-15
 27     0.99445  0.00437158  5.20048e-15

#--- 28 ---#
idcs      evals   residnorms   |P(X)|
  1  0.00317018  0.000161677  1.67066e-15
  2   0.0181667  0.000770883  1.64313e-15
  3   0.0427432   0.0028388  9.02992e-16
  4   0.0576667   0.0115768  1.19079e-15
  5    0.103149   0.0211499  7.95137e-16
 23    0.926056   0.0335124  2.59255e-15
 24    0.950521   0.0269335  2.81156e-15
 25    0.969642   0.0203826  2.70586e-15
 26    0.982828   0.0139473  3.39642e-15
 27    0.990553  0.00805608  4.43421e-15
 28    0.994533  0.00435905  5.2075e-15

#--- 29 ---#
idcs      evals   residnorms   |P(X)|
  1   0.0031772  9.61003e-05  1.66872e-15
  2   0.0181606  0.000490057  1.63106e-15
  3   0.0427293  0.00209352  8.84537e-16
  4   0.0569838  0.00892724  1.17206e-15
  5     0.10077   0.0217807  8.19634e-16
 24    0.930692   0.0293031  2.62768e-15
 25    0.953438   0.0239862  2.7824e-15
 26    0.971292    0.018108  2.70274e-15
 27    0.983599     0.01248  3.48411e-15
 28    0.990814  0.00730719  4.47471e-15
 29    0.994609  0.00399071  5.21128e-15

#--- 30 ---#
idcs      evals   residnorms   |P(X)|
  1  0.00318181  5.29037e-05  1.67193e-15
  2   0.0181493  0.000285559  1.63352e-15
  3   0.0426322  0.00135616  8.90436e-16
  4   0.0569802  0.00622341  1.15062e-15
  5   0.0981403   0.0195554  8.40644e-16
 25    0.934596     0.03066  2.68552e-15
 26    0.956052   0.0248298  2.75683e-15
 27    0.972746   0.0186025  2.71795e-15
 28    0.984282   0.0128159  3.56945e-15
 29    0.991049  0.00758187  4.51439e-15
 30     0.99468   0.0041672  5.21572e-15

#--- 31 ---#
idcs      evals   residnorms   |P(X)|
  1  0.00318487  3.48449e-05  1.67195e-15
  2   0.0181439  0.000200833  1.63148e-15
  3   0.0426215  0.00109483  8.9317e-16
  4   0.0566664  0.00537768  1.14152e-15
  5   0.0960112   0.0229163  8.77535e-16
 26     0.93851   0.0287054  2.72777e-15
 27    0.958534   0.0233532  2.71851e-15
 28    0.974117   0.0174128  2.74309e-15
 29    0.984931   0.0120093  3.65245e-15
 30    0.991278  0.00720198  4.55222e-15
 31    0.994749  0.00398688  5.22227e-15

#--- 32 ---#
idcs      evals   residnorms   |P(X)|
  1  0.00318664  2.04489e-05  1.66875e-15
  2   0.0181424  0.000126737  1.63271e-15
  3   0.0426371  0.000810731  8.78928e-16
  4   0.0563705   0.0043759  1.12109e-15
  5   0.0926384   0.0264618  9.37779e-16
 27    0.942099   0.0264813  2.73268e-15
 28    0.960903    0.021667  2.68926e-15
 29    0.975429   0.0162364  2.77114e-15
 30    0.985551   0.0112397  3.73274e-15
 31    0.991503  0.00684902  4.59243e-15
 32    0.994819  0.00382216  5.22445e-15

 ──────────────────────────────────────────────────────────────────────────────
                                       Time                   Allocations      
                               ──────────────────────   ───────────────────────
       Tot / % measured:           159347s / 100%          227171GiB / 100%    

 Section               ncalls     time   %tot     avg     alloc   %tot      avg
 ──────────────────────────────────────────────────────────────────────────────
 apply_χ0                  32   159029s   100%   4970s   227087GiB100%   7096GiB
 PlaneWaveBasis             1    23.5s  0.01%   23.5s   17.3GiB  0.01%  17.3GiB
   Instantiation At...      1    18.2s  0.01%   18.2s   15.3GiB  0.01%  15.3GiB
   Instantiation Ewald      1    3.17s  0.00%   3.17s   1.77GiB  0.00%  1.77GiB
   Instantiation At...      1    1.89s  0.00%   1.89s   53.4MiB  0.00%  53.4MiB
   build_kpoints            1    127ms  0.00%   127ms   98.8MiB  0.00%  98.8MiB
   Instantiation Ha...      1   6.32ms  0.00%  6.32ms   17.8MiB  0.00%  17.8MiB
   Instantiation Ki...      1   5.30ms  0.00%  5.30ms   6.04MiB  0.00%  6.04MiB
   Instantiation Ps...      1    136μs  0.00%   136μs   1.64KiB  0.00%  1.64KiB
   Instantiation Xc         1   2.96μs  0.00%  2.96μs     32.0B  0.00%    32.0B
 mixing Kerker             32    746ms  0.00%  23.3ms   1.11GiB  0.00%  35.6MiB
 spglib_get_symmetry        1   13.8ms  0.00%  13.8ms   1.36MiB  0.00%  1.36MiB
 ──────────────────────────────────────────────────────────────────────────────
