#
#-- SCF GaAsVac n_repeat=20 -- mixing=HybridMixing(1.64, 14, 1.0, var"#1579#1587"{Int64,var"#periodise#1586"}(30, var"#periodise#1586"(), Core.Box(0.9820935375589165), Core.Box(1.5179064624329865)), true, false)
#

hostname       = clustern14

started on     = 2020-08-16T08:24:55.874
julia threads  = 4
BLAS threads   = 4

temperature    = 0.0
smearing       = DFTK.Smearing.None()
diag(lattice)  = [15.11, 10.68, 143.5]
Ecut           = 20
fft_size       = (48, 36, 450)
kgrid          = [3, 4, 1]
irreducible k  = 8
n_bands        = 173
n_electr       = 320
mixing         = HybridMixing(1.64, 14, 1.0, var"#1579#1587"{Int64,var"#periodise#1586"}(30, var"#periodise#1586"(), Core.Box(0.9820935375589165), Core.Box(1.5179064624329865)), true, false)
n     Energy            Eₙ-Eₙ₋₁     ρout-ρin   Diag
---   ---------------   ---------   --------   ----
  1   -340.9635364178         NaN   1.26e+00    44.8 
  2   -340.9300046764    3.35e-02   5.39e-01    25.4 
  3   -341.0267758780   -9.68e-02   1.54e-01    29.4 
  4   -341.0938194508   -6.70e-02   2.45e-02    23.3 
  5   -341.0952158088   -1.40e-03   8.14e-03    21.9 
  6   -341.0956550925   -4.39e-04   4.36e-03    13.9 
  7   -341.0961397106   -4.85e-04   1.11e-03    11.8 
  8   -341.0961562812   -1.66e-05   2.52e-04    15.4 
  9   -341.0961575017   -1.22e-06   1.02e-04    13.4 
 10   -341.0961575954   -9.37e-08   4.87e-05    18.1 
 11   -341.0961576794   -8.40e-08   2.48e-05    22.0 
 12   -341.0961576974   -1.80e-08   8.83e-06    21.5 
 13   -341.0961576999   -2.47e-09   1.72e-06    22.1 
 14   -341.0961577000   -9.98e-11   6.90e-07    20.5 
 15   -341.0961576999    6.77e-11   1.61e-07    11.0 
 16   -341.0961576999   -2.72e-11   5.34e-08    18.3 
 17   -341.0961576999    5.80e-12   2.11e-08    13.8 
Energy breakdown:
    Kinetic             127.4262548
    AtomicLocal         -21519.6797425
    AtomicNonlocal      40.8232600
    Ewald               10392.3183519
    PspCorrection       7.9603888 
    Hartree             10706.0248846
    Xc                  -95.9695555

    total               -341.096157699928

 ──────────────────────────────────────────────────────────────────────────────
                                       Time                   Allocations      
                               ──────────────────────   ───────────────────────
       Tot / % measured:           17194s / 100%            3141GiB / 100%     

 Section               ncalls     time   %tot     avg     alloc   %tot      avg
 ──────────────────────────────────────────────────────────────────────────────
 self_consistent_field      1   17170s   100%  17170s   3124GiB  99.4%  3124GiB
   LOBPCG                 136   14652s  85.2%    108s   2651GiB  84.4%  19.5GiB
     Hamiltonian mu...  2.91k    6363s  37.0%   2.19s    423GiB  13.5%   149MiB
     block multipli...  15.8k    3114s  18.1%   197ms    684GiB  21.8%  44.3MiB
     rayleigh_ritz      2.77k    1285s  7.47%   464ms   5.87GiB  0.19%  2.17MiB
     ortho              11.6k    1249s  7.26%   107ms    453GiB  14.4%  39.9MiB
   energy_hamiltonian      35    2039s  11.9%   58.3s    103GiB  3.29%  2.95GiB
   compute_density         17     167s  0.97%   9.80s    283GiB  9.02%  16.7GiB
   mixing Hybrid           17    87.5s  0.51%   5.15s   72.4GiB  2.30%  4.26GiB
   QR orthonormaliz...    136    33.7s  0.20%   248ms   10.2GiB  0.32%  76.5MiB
 PlaneWaveBasis             1    19.4s  0.11%   19.4s   17.3GiB  0.55%  17.3GiB
   Instantiation At...      1    14.1s  0.08%   14.1s   15.3GiB  0.49%  15.3GiB
   Instantiation Ewald      1    3.28s  0.02%   3.28s   1.77GiB  0.06%  1.77GiB
   Instantiation At...      1    1.82s  0.01%   1.82s   53.4MiB  0.00%  53.4MiB
   build_kpoints            1    129ms  0.00%   129ms   98.8MiB  0.00%  98.8MiB
   Instantiation Ha...      1   8.51ms  0.00%  8.51ms   17.8MiB  0.00%  17.8MiB
   Instantiation Ki...      1   4.44ms  0.00%  4.44ms   6.04MiB  0.00%  6.04MiB
   Instantiation Ps...      1    109μs  0.00%   109μs   1.64KiB  0.00%  1.64KiB
   Instantiation Xc         1   1.61μs  0.00%  1.61μs     32.0B  0.00%    32.0B
 guess_density              1    1.84s  0.01%   1.84s   77.1MiB  0.00%  77.1MiB
 spglib_get_symmetry        1   13.0ms  0.00%  13.0ms   1.36MiB  0.00%  1.36MiB
 ──────────────────────────────────────────────────────────────────────────────
