#
#-- SCF GaAsVac n_repeat=20 -- mixing=SimpleMixing(0.121)
#

hostname       = clustern13

started on     = 2020-08-15T14:42:27.793
julia threads  = 4
BLAS threads   = 4

temperature    = 0.0
smearing       = DFTK.Smearing.None()
diag(lattice)  = [15.11, 10.68, 143.5]
Ecut           = 20
fft_size       = (48, 36, 450)
kgrid          = [3, 4, 1]
irreducible k  = 8
n_bands        = 173
n_electr       = 320
mixing         = SimpleMixing(0.121)
n     Energy            Eₙ-Eₙ₋₁     ρout-ρin   Diag
---   ---------------   ---------   --------   ----
  1   -340.9635183203         NaN   1.26e+00    39.0 
  2   -341.0141017168   -5.06e-02   1.10e+00    24.8 
  3   -340.9900352291    2.41e-02   1.77e-01    28.5 
  4   -341.0308446365   -4.08e-02   5.85e-02    25.8 
  5   -341.0006654252    3.02e-02   4.69e-02    31.9 
  6   -341.0703398079   -6.97e-02   3.62e-02    33.1 
  7   -341.0943162103   -2.40e-02   1.62e-02    29.5 
  8   -341.0955025062   -1.19e-03   1.14e-02    22.8 
  9   -341.0945752595    9.27e-04   5.56e-03    31.0 
 10   -341.0958472102   -1.27e-03   2.59e-03    32.9 
 11   -341.0961475180   -3.00e-04   1.18e-03    31.3 
 12   -341.0961570460   -9.53e-06   4.96e-04    29.0 
 13   -341.0961570057    4.03e-08   2.86e-04    31.8 
 14   -341.0961575951   -5.89e-07   1.64e-04    29.5 
 15   -341.0961573952    2.00e-07   9.06e-05    34.6 
 16   -341.0961576764   -2.81e-07   4.16e-05    36.1 
 17   -341.0961576911   -1.47e-08   2.56e-05    28.0 
 18   -341.0961576994   -8.24e-09   1.31e-05    34.8 
 19   -341.0961576998   -4.12e-10   8.68e-06    29.5 
 20   -341.0961576999   -1.16e-10   3.46e-06    21.1 
 21   -341.0961576999   -1.15e-11   2.30e-06    23.6 
 22   -341.0961576999   -3.14e-11   1.56e-06    22.8 
 23   -341.0961576999    2.27e-13   1.03e-06    22.8 
Energy breakdown:
    Kinetic             127.4262526
    AtomicLocal         -21519.6798308
    AtomicNonlocal      40.8232572
    Ewald               10392.3183519
    PspCorrection       7.9603888 
    Hartree             10706.0249773
    Xc                  -95.9695547

    total               -341.096157699943

 ──────────────────────────────────────────────────────────────────────────────
                                       Time                   Allocations      
                               ──────────────────────   ───────────────────────
       Tot / % measured:           28654s / 100%            4900GiB / 100%     

 Section               ncalls     time   %tot     avg     alloc   %tot      avg
 ──────────────────────────────────────────────────────────────────────────────
 self_consistent_field      1   28628s   100%  28628s   4883GiB  100%   4883GiB
   LOBPCG                 184   24082s  84.1%    131s   4344GiB  88.6%  23.6GiB
     Hamiltonian mu...  5.58k   10781s  37.6%   1.93s    709GiB  14.5%   130MiB
     block multipli...  31.3k    5253s  18.3%   168ms   1209GiB  24.7%  39.5MiB
     rayleigh_ritz      5.39k    2183s  7.62%   405ms   9.92GiB  0.20%  1.88MiB
     ortho              22.5k    1950s  6.80%  86.6ms    757GiB  15.5%  34.4MiB
   energy_hamiltonian      47    4046s  14.1%   86.1s    140GiB  2.85%  2.97GiB
   compute_density         23     246s  0.86%   10.7s    383GiB  7.83%  16.7GiB
   QR orthonormaliz...    184    32.3s  0.11%   175ms   10.2GiB  0.21%  56.6MiB
   mixing Simple           23    7.12s  0.02%   309ms   1.20GiB  0.02%  53.6MiB
 PlaneWaveBasis             1    22.4s  0.08%   22.4s   17.3GiB  0.35%  17.3GiB
   Instantiation At...      1    16.2s  0.06%   16.2s   15.3GiB  0.31%  15.3GiB
   Instantiation Ewald      1    4.19s  0.01%   4.19s   1.77GiB  0.04%  1.77GiB
   Instantiation At...      1    1.83s  0.01%   1.83s   53.4MiB  0.00%  53.4MiB
   build_kpoints            1    144ms  0.00%   144ms   98.8MiB  0.00%  98.8MiB
   Instantiation Ha...      1   16.2ms  0.00%  16.2ms   17.8MiB  0.00%  17.8MiB
   Instantiation Ki...      1   5.92ms  0.00%  5.92ms   6.04MiB  0.00%  6.04MiB
   Instantiation Ps...      1    202μs  0.00%   202μs   1.64KiB  0.00%  1.64KiB
   Instantiation Xc         1   6.09μs  0.00%  6.09μs     32.0B  0.00%    32.0B
 guess_density              1    1.63s  0.01%   1.63s   77.1MiB  0.00%  77.1MiB
 spglib_get_symmetry        1   14.1ms  0.00%  14.1ms   1.36MiB  0.00%  1.36MiB
 ──────────────────────────────────────────────────────────────────────────────
