#
#-- SCF GaAsVac n_repeat=20 -- mixing=HybridMixing(0.121, 1, 1.0, identity, true, false)
#

hostname       = clustern10

started on     = 2020-08-15T14:40:32.363
julia threads  = 4
BLAS threads   = 4

temperature    = 0.0
smearing       = DFTK.Smearing.None()
diag(lattice)  = [15.11, 10.68, 143.5]
Ecut           = 20
fft_size       = (48, 36, 450)
kgrid          = [3, 4, 1]
irreducible k  = 8
n_bands        = 173
n_electr       = 320
mixing         = HybridMixing(0.121, 1, 1.0, identity, true, false)
n     Energy            Eₙ-Eₙ₋₁     ρout-ρin   Diag
---   ---------------   ---------   --------   ----
  1   -340.9635364464         NaN   1.26e+00    37.0 
  2   -341.0141005200   -5.06e-02   1.10e+00    26.1 
  3   -340.9901688209    2.39e-02   1.77e-01    29.0 
  4   -341.0333521967   -4.32e-02   5.83e-02    26.1 
  5   -341.0056638453    2.77e-02   4.67e-02    31.8 
  6   -341.0703917199   -6.47e-02   3.61e-02    31.1 
  7   -341.0944343049   -2.40e-02   1.62e-02    29.4 
  8   -341.0955340863   -1.10e-03   1.14e-02    21.9 
  9   -341.0946706795    8.63e-04   5.59e-03    28.3 
 10   -341.0958460187   -1.18e-03   2.61e-03    32.1 
 11   -341.0961490319   -3.03e-04   1.17e-03    29.1 
 12   -341.0961571020   -8.07e-06   4.96e-04    26.6 
 13   -341.0961570181    8.39e-08   2.86e-04    28.4 
 14   -341.0961576227   -6.05e-07   1.64e-04    30.4 
 15   -341.0961574360    1.87e-07   8.84e-05    32.1 
 16   -341.0961576810   -2.45e-07   4.11e-05    35.4 
 17   -341.0961576911   -1.02e-08   2.52e-05    26.1 
 18   -341.0961576994   -8.24e-09   1.32e-05    33.6 
 19   -341.0961576998   -4.44e-10   8.61e-06    28.4 
 20   -341.0961576999   -8.24e-11   3.42e-06    19.6 
 21   -341.0961576999   -5.73e-11   2.34e-06    15.6 
 22   -341.0961577000   -3.32e-11   1.58e-06    21.3 
 23   -341.0961577000    2.79e-12   1.06e-06    18.5 
Energy breakdown:
    Kinetic             127.4262525
    AtomicLocal         -21519.6798227
    AtomicNonlocal      40.8232571
    Ewald               10392.3183519
    PspCorrection       7.9603888 
    Hartree             10706.0249694
    Xc                  -95.9695547

    total               -341.096157699968

 ──────────────────────────────────────────────────────────────────────────────
                                       Time                   Allocations      
                               ──────────────────────   ───────────────────────
       Tot / % measured:           27965s / 100%            4855GiB / 100%     

 Section               ncalls     time   %tot     avg     alloc   %tot      avg
 ──────────────────────────────────────────────────────────────────────────────
 self_consistent_field      1   27938s   100%  27938s   4837GiB  100%   4837GiB
   LOBPCG                 184   23440s  83.8%    127s   4294GiB  88.4%  23.3GiB
     Hamiltonian mu...  5.29k   10523s  37.6%   1.99s    696GiB  14.3%   135MiB
     block multipli...  29.6k    5017s  17.9%   169ms   1192GiB  24.6%  41.2MiB
     rayleigh_ritz      5.10k    2150s  7.69%   421ms   9.87GiB  0.20%  1.98MiB
     ortho              21.4k    1959s  7.01%  91.5ms    749GiB  15.4%  35.8MiB
   energy_hamiltonian      47    3989s  14.3%   84.9s    140GiB  2.87%  2.97GiB
   compute_density         23     251s  0.90%   10.9s    383GiB  7.90%  16.7GiB
   QR orthonormaliz...    184    30.9s  0.11%   168ms   10.2GiB  0.21%  56.6MiB
   mixing Hybrid           23    11.5s  0.04%   500ms   5.81GiB  0.12%   258MiB
 PlaneWaveBasis             1    22.4s  0.08%   22.4s   17.3GiB  0.36%  17.3GiB
   Instantiation At...      1    16.9s  0.06%   16.9s   15.3GiB  0.32%  15.3GiB
   Instantiation Ewald      1    3.45s  0.01%   3.45s   1.77GiB  0.04%  1.77GiB
   Instantiation At...      1    1.90s  0.01%   1.90s   53.4MiB  0.00%  53.4MiB
   build_kpoints            1    140ms  0.00%   140ms   98.8MiB  0.00%  98.8MiB
   Instantiation Ki...      1   7.35ms  0.00%  7.35ms   6.04MiB  0.00%  6.04MiB
   Instantiation Ha...      1   6.29ms  0.00%  6.29ms   17.8MiB  0.00%  17.8MiB
   Instantiation Ps...      1    841μs  0.00%   841μs   1.64KiB  0.00%  1.64KiB
   Instantiation Xc         1   11.2μs  0.00%  11.2μs     32.0B  0.00%    32.0B
 guess_density              1    1.59s  0.01%   1.59s   77.1MiB  0.00%  77.1MiB
 spglib_get_symmetry        1   15.6ms  0.00%  15.6ms   1.36MiB  0.00%  1.36MiB
 ──────────────────────────────────────────────────────────────────────────────
