#
#-- SCF GaAsVac n_repeat=20 -- mixing=RestaMixing(1.87, 14, 1.0)
#

hostname       = clustern14

started on     = 2020-08-15T14:35:30.891
julia threads  = 4
BLAS threads   = 4

temperature    = 0.0
smearing       = DFTK.Smearing.None()
diag(lattice)  = [15.11, 10.68, 143.5]
Ecut           = 20
fft_size       = (48, 36, 450)
kgrid          = [3, 4, 1]
irreducible k  = 8
n_bands        = 173
n_electr       = 320
mixing         = RestaMixing(1.87, 14, 1.0)
n     Energy            Eₙ-Eₙ₋₁     ρout-ρin   Diag
---   ---------------   ---------   --------   ----
  1   -340.9635227004         NaN   1.26e+00    38.0 
  2   -340.9360034473    2.75e-02   7.58e-01    30.3 
  3   -341.0634975743   -1.27e-01   1.20e-01    29.8 
  4   -341.0944397484   -3.09e-02   2.11e-02    21.0 
  5   -341.0955969523   -1.16e-03   8.23e-03    20.4 
  6   -341.0958841386   -2.87e-04   3.52e-03    12.5 
  7   -341.0961510236   -2.67e-04   1.06e-03    11.3 
  8   -341.0961544286   -3.40e-06   5.89e-04    16.0 
  9   -341.0961565979   -2.17e-06   2.65e-04    5.0 
 10   -341.0961572427   -6.45e-07   1.53e-04    16.3 
 11   -341.0961573232   -8.05e-08   9.97e-05    12.5 
 12   -341.0961575285   -2.05e-07   6.90e-05    10.8 
 13   -341.0961576393   -1.11e-07   4.50e-05    11.4 
 14   -341.0961576788   -3.95e-08   2.66e-05    15.1 
 15   -341.0961576920   -1.32e-08   1.73e-05    14.0 
 16   -341.0961576967   -4.74e-09   1.17e-05    12.5 
 17   -341.0961576986   -1.86e-09   6.94e-06    13.9 
 18   -341.0961576993   -6.94e-10   4.19e-06    14.9 
 19   -341.0961576994   -1.43e-10   2.77e-06    15.8 
 20   -341.0961576998   -3.66e-10   1.63e-06    20.3 
 21   -341.0961576998   -2.33e-11   1.22e-06    15.1 
 22   -341.0961576999   -8.54e-11   7.10e-07    20.1 
 23   -341.0961577000   -4.99e-11   4.60e-07    17.8 
 24   -341.0961577000   -5.10e-11   2.73e-07    21.8 
 25   -341.0961576999    7.20e-11   1.95e-07    18.0 
 26   -341.0961576999   -1.22e-11   1.27e-07    18.6 
 27   -341.0961576999    3.92e-12   8.35e-08    20.4 
Energy breakdown:
    Kinetic             127.4262551
    AtomicLocal         -21519.6797559
    AtomicNonlocal      40.8232601
    Ewald               10392.3183519
    PspCorrection       7.9603888 
    Hartree             10706.0248978
    Xc                  -95.9695556

    total               -341.096157699938

 ──────────────────────────────────────────────────────────────────────────────
                                       Time                   Allocations      
                               ──────────────────────   ───────────────────────
       Tot / % measured:           26293s / 100%            4684GiB / 100%     

 Section               ncalls     time   %tot     avg     alloc   %tot      avg
 ──────────────────────────────────────────────────────────────────────────────
 self_consistent_field      1   26269s   100%  26269s   4666GiB  100%   4666GiB
   LOBPCG                 216   21449s  81.6%   99.3s   4037GiB  86.2%  18.7GiB
     Hamiltonian mu...  4.00k    9515s  36.2%   2.38s    636GiB  13.6%   163MiB
     block multipli...  21.5k    4436s  16.9%   206ms   1024GiB  21.9%  48.7MiB
     rayleigh_ritz      3.79k    1934s  7.36%   511ms   8.90GiB  0.19%  2.41MiB
     ortho              16.1k    1814s  6.90%   113ms    688GiB  14.7%  43.8MiB
   energy_hamiltonian      55    4291s  16.3%   78.0s    164GiB  3.49%  2.97GiB
   compute_density         27     272s  1.03%   10.1s    450GiB  9.61%  16.7GiB
   QR orthonormaliz...    216    33.6s  0.13%   156ms   10.2GiB  0.22%  48.2MiB
   mixing Resta            27    2.42s  0.01%  89.7ms    704MiB  0.01%  26.1MiB
 PlaneWaveBasis             1    20.3s  0.08%   20.3s   17.3GiB  0.37%  17.3GiB
   Instantiation At...      1    15.2s  0.06%   15.2s   15.3GiB  0.33%  15.3GiB
   Instantiation Ewald      1    3.21s  0.01%   3.21s   1.77GiB  0.04%  1.77GiB
   Instantiation At...      1    1.70s  0.01%   1.70s   53.4MiB  0.00%  53.4MiB
   build_kpoints            1    131ms  0.00%   131ms   98.8MiB  0.00%  98.8MiB
   Instantiation Ki...      1   7.74ms  0.00%  7.74ms   6.04MiB  0.00%  6.04MiB
   Instantiation Ha...      1   6.68ms  0.00%  6.68ms   17.8MiB  0.00%  17.8MiB
   Instantiation Ps...      1    560μs  0.00%   560μs   1.64KiB  0.00%  1.64KiB
   Instantiation Xc         1   3.92μs  0.00%  3.92μs     32.0B  0.00%    32.0B
 guess_density              1    1.48s  0.01%   1.48s   77.1MiB  0.00%  77.1MiB
 spglib_get_symmetry        1   12.9ms  0.00%  12.9ms   1.36MiB  0.00%  1.36MiB
 ──────────────────────────────────────────────────────────────────────────────
