#
#-- SCF GaAsVac n_repeat=20 -- mixing=HybridMixing(1.87, 14, 1.0, identity, true, false)
#

hostname       = clustern10

started on     = 2020-08-15T14:39:46.626
julia threads  = 4
BLAS threads   = 4

temperature    = 0.0
smearing       = DFTK.Smearing.None()
diag(lattice)  = [15.11, 10.68, 143.5]
Ecut           = 20
fft_size       = (48, 36, 450)
kgrid          = [3, 4, 1]
irreducible k  = 8
n_bands        = 173
n_electr       = 320
mixing         = HybridMixing(1.87, 14, 1.0, identity, true, false)
n     Energy            Eₙ-Eₙ₋₁     ρout-ρin   Diag
---   ---------------   ---------   --------   ----
  1   -340.9635342176         NaN   1.26e+00    43.4 
  2   -340.9360133394    2.75e-02   7.58e-01    25.8 
  3   -341.0634974205   -1.27e-01   1.20e-01    29.4 
  4   -341.0944394446   -3.09e-02   2.11e-02    20.8 
  5   -341.0955969224   -1.16e-03   8.23e-03    20.9 
  6   -341.0958844512   -2.88e-04   3.52e-03    12.5 
  7   -341.0961510989   -2.67e-04   1.06e-03    10.6 
  8   -341.0961545151   -3.42e-06   5.95e-04    15.6 
  9   -341.0961565882   -2.07e-06   2.66e-04    5.3 
 10   -341.0961572487   -6.60e-07   1.55e-04    14.0 
 11   -341.0961573175   -6.88e-08   1.00e-04    11.8 
 12   -341.0961575238   -2.06e-07   6.96e-05    11.5 
 13   -341.0961576362   -1.12e-07   4.61e-05    12.3 
 14   -341.0961576775   -4.13e-08   2.73e-05    14.1 
 15   -341.0961576918   -1.43e-08   1.76e-05    15.4 
 16   -341.0961576967   -4.88e-09   1.19e-05    12.5 
 17   -341.0961576985   -1.86e-09   7.12e-06    13.3 
 18   -341.0961576992   -7.34e-10   4.30e-06    15.4 
 19   -341.0961576994   -1.61e-10   2.81e-06    15.5 
 20   -341.0961576998   -3.52e-10   1.65e-06    20.0 
 21   -341.0961576998   -5.86e-11   1.24e-06    15.1 
 22   -341.0961576999   -6.58e-11   7.29e-07    20.5 
 23   -341.0961576999   -4.81e-11   4.75e-07    17.4 
 24   -341.0961577000   -3.58e-11   2.77e-07    20.8 
 25   -341.0961577000    1.12e-11   1.99e-07    18.3 
 26   -341.0961576999    3.60e-11   1.33e-07    19.0 
 27   -341.0961576999   -2.39e-11   8.75e-08    20.1 
 28   -341.0961576999    4.95e-12   5.68e-08    15.4 
Energy breakdown:
    Kinetic             127.4262550
    AtomicLocal         -21519.6797548
    AtomicNonlocal      40.8232601
    Ewald               10392.3183519
    PspCorrection       7.9603888 
    Hartree             10706.0248968
    Xc                  -95.9695555

    total               -341.096157699943

 ──────────────────────────────────────────────────────────────────────────────
                                       Time                   Allocations      
                               ──────────────────────   ───────────────────────
       Tot / % measured:           27703s / 100%            4936GiB / 100%     

 Section               ncalls     time   %tot     avg     alloc   %tot      avg
 ──────────────────────────────────────────────────────────────────────────────
 self_consistent_field      1   27676s   100%  27676s   4918GiB  100%   4918GiB
   LOBPCG                 224   22166s  80.0%   99.0s   4175GiB  84.6%  18.6GiB
     Hamiltonian mu...  4.11k   10024s  36.2%   2.44s    657GiB  13.3%   164MiB
     block multipli...  22.1k    4486s  16.2%   203ms   1058GiB  21.4%  49.1MiB
     rayleigh_ritz      3.89k    2002s  7.23%   515ms   9.24GiB  0.19%  2.43MiB
     ortho              16.5k    1915s  6.91%   116ms    711GiB  14.4%  44.1MiB
   energy_hamiltonian      57    4863s  17.6%   85.3s    170GiB  3.44%  2.98GiB
   compute_density         28     304s  1.10%   10.9s    467GiB  9.46%  16.7GiB
   mixing Hybrid           28    87.7s  0.32%   3.13s   90.7GiB  1.84%  3.24GiB
   QR orthonormaliz...    224    31.0s  0.11%   138ms   10.2GiB  0.21%  46.5MiB
 PlaneWaveBasis             1    22.6s  0.08%   22.6s   17.3GiB  0.35%  17.3GiB
   Instantiation At...      1    17.1s  0.06%   17.1s   15.3GiB  0.31%  15.3GiB
   Instantiation Ewald      1    3.42s  0.01%   3.42s   1.77GiB  0.04%  1.77GiB
   Instantiation At...      1    1.85s  0.01%   1.85s   53.4MiB  0.00%  53.4MiB
   build_kpoints            1    127ms  0.00%   127ms   98.8MiB  0.00%  98.8MiB
   Instantiation Ha...      1   6.27ms  0.00%  6.27ms   17.8MiB  0.00%  17.8MiB
   Instantiation Ki...      1   5.43ms  0.00%  5.43ms   6.04MiB  0.00%  6.04MiB
   Instantiation Ps...      1    103μs  0.00%   103μs   1.64KiB  0.00%  1.64KiB
   Instantiation Xc         1   1.77μs  0.00%  1.77μs     32.0B  0.00%    32.0B
 guess_density              1    1.59s  0.01%   1.59s   77.1MiB  0.00%  77.1MiB
 spglib_get_symmetry        1   14.3ms  0.00%  14.3ms   1.36MiB  0.00%  1.36MiB
 ──────────────────────────────────────────────────────────────────────────────
