#
#-- SCF GaAsVac n_repeat=20 -- mixing=KerkerMixing(2.0, 1.0)
#

hostname       = clustern13

started on     = 2020-08-15T14:41:57.65
julia threads  = 4
BLAS threads   = 4

temperature    = 0.0
smearing       = DFTK.Smearing.None()
diag(lattice)  = [15.11, 10.68, 143.5]
Ecut           = 20
fft_size       = (48, 36, 450)
kgrid          = [3, 4, 1]
irreducible k  = 8
n_bands        = 173
n_electr       = 320
mixing         = KerkerMixing(2.0, 1.0)
n     Energy            Eₙ-Eₙ₋₁     ρout-ρin   Diag
---   ---------------   ---------   --------   ----
  1   -340.9635151517         NaN   1.26e+00    41.3 
  2   -340.9348732118    2.86e-02   8.84e-01    24.8 
  3   -341.0724365808   -1.38e-01   1.13e-01    32.6 
  4   -341.0949129491   -2.25e-02   2.04e-02    22.0 
  5   -341.0958228977   -9.10e-04   7.04e-03    9.1 
  6   -341.0959371197   -1.14e-04   2.58e-03    9.3 
  7   -341.0959832082   -4.61e-05   1.30e-03    14.6 
  8   -341.0960229338   -3.97e-05   8.11e-04    18.8 
  9   -341.0960377470   -1.48e-05   6.22e-04    21.8 
 10   -341.0960482645   -1.05e-05   5.12e-04    24.0 
 11   -341.0960562456   -7.98e-06   4.29e-04    23.4 
 12   -341.0960635453   -7.30e-06   3.58e-04    23.6 
 13   -341.0960703128   -6.77e-06   3.13e-04    23.4 
 14   -341.0960772810   -6.97e-06   2.84e-04    21.5 
 15   -341.0960847506   -7.47e-06   2.61e-04    28.5 
 16   -341.0960953972   -1.06e-05   2.34e-04    28.4 
 17   -341.0961097341   -1.43e-05   1.99e-04    31.1 
 18   -341.0961209287   -1.12e-05   1.74e-04    33.5 
 19   -341.0961310012   -1.01e-05   1.53e-04    37.1 
 20   -341.0961365711   -5.57e-06   1.40e-04    34.6 
 21   -341.0961409722   -4.40e-06   1.29e-04    36.1 
 22   -341.0961427933   -1.82e-06   1.22e-04    35.3 
 23   -341.0961442360   -1.44e-06   1.16e-04    34.4 
 24   -341.0961462495   -2.01e-06   1.07e-04    35.8 
 25   -341.0961477084   -1.46e-06   1.01e-04    32.6 
 26   -341.0961484129   -7.05e-07   9.77e-05    30.5 
 27   -341.0961504428   -2.03e-06   9.09e-05    35.6 
 28   -341.0961504766   -3.39e-08   9.09e-05    12.0 
 29   -341.0961512662   -7.90e-07   8.82e-05    33.6 
 30   -341.0961515379   -2.72e-07   8.74e-05    26.9 
 31   -341.0961517476   -2.10e-07   8.66e-05    33.9 
 32   -341.0961518727   -1.25e-07   8.56e-05    27.8 
 33   -341.0961518969   -2.43e-08   8.53e-05    17.5 
 34   -341.0961519519   -5.50e-08   8.45e-05    23.8 
 35   -341.0961521052   -1.53e-07   8.29e-05    29.0 
 36   -341.0961521967   -9.14e-08   8.25e-05    27.8 
 37   -341.0961523970   -2.00e-07   8.08e-05    29.9 
 38   -341.0961525821   -1.85e-07   7.95e-05    30.1 
 39   -341.0961529258   -3.44e-07   7.76e-05    34.8 
 40   -341.0961536056   -6.80e-07   7.27e-05    35.8 
 41   -341.0961542727   -6.67e-07   6.80e-05    35.5 
 42   -341.0961546239   -3.51e-07   6.53e-05    35.0 
 43   -341.0961549909   -3.67e-07   6.17e-05    36.0 
 44   -341.0961552681   -2.77e-07   5.84e-05    35.0 
 45   -341.0961567464   -1.48e-06   3.80e-05    47.1 
 46   -341.0961568631   -1.17e-07   3.58e-05    32.5 
 47   -341.0961564694    3.94e-07   4.18e-05    37.5 
 48   -341.0961572851   -8.16e-07   2.46e-05    46.4 
 49   -341.0961575195   -2.34e-07   1.68e-05    41.1 
 50   -341.0961575293   -9.81e-09   1.72e-05    27.1 
Energy breakdown:
    Kinetic             127.4265639
    AtomicLocal         -21519.7415973
    AtomicNonlocal      40.8233416
    Ewald               10392.3183519
    PspCorrection       7.9603888 
    Hartree             10706.0864783
    Xc                  -95.9696847

    total               -341.096157529292

 ──────────────────────────────────────────────────────────────────────────────
                                       Time                   Allocations      
                               ──────────────────────   ───────────────────────
       Tot / % measured:           60439s / 100%            10762GiB / 100%    

 Section               ncalls     time   %tot     avg     alloc   %tot      avg
 ──────────────────────────────────────────────────────────────────────────────
 self_consistent_field      1   60416s   100%  60416s   10744GiB 100%   10744GiB
   LOBPCG                 400   51223s  84.8%    128s   9588GiB  89.1%  24.0GiB
     Hamiltonian mu...  12.2k   22835s  37.8%   1.87s   1565GiB  14.5%   131MiB
     block multipli...  68.3k   11074s  18.3%   162ms   2685GiB  25.0%  40.3MiB
     rayleigh_ritz      11.8k    4670s  7.73%   395ms   21.3GiB  0.20%  1.84MiB
     ortho              49.5k    4319s  7.15%  87.2ms   1672GiB  15.5%  34.6MiB
   energy_hamiltonian     101    8381s  13.9%   83.0s    302GiB  2.81%  2.99GiB
   compute_density         50     509s  0.84%   10.2s    834GiB  7.75%  16.7GiB
   QR orthonormaliz...    400    31.5s  0.05%  78.7ms   10.2GiB  0.09%  26.0MiB
   mixing Kerker           50    3.65s  0.01%  73.0ms   1.21GiB  0.01%  24.7MiB
 PlaneWaveBasis             1    19.4s  0.03%   19.4s   17.3GiB  0.16%  17.3GiB
   Instantiation At...      1    14.3s  0.02%   14.3s   15.3GiB  0.14%  15.3GiB
   Instantiation Ewald      1    3.19s  0.01%   3.19s   1.77GiB  0.02%  1.77GiB
   Instantiation At...      1    1.75s  0.00%   1.75s   53.4MiB  0.00%  53.4MiB
   build_kpoints            1    115ms  0.00%   115ms   98.8MiB  0.00%  98.8MiB
   Instantiation Ha...      1   8.78ms  0.00%  8.78ms   17.8MiB  0.00%  17.8MiB
   Instantiation Ki...      1   5.12ms  0.00%  5.12ms   6.04MiB  0.00%  6.04MiB
   Instantiation Ps...      1    101μs  0.00%   101μs   1.64KiB  0.00%  1.64KiB
   Instantiation Xc         1   2.73μs  0.00%  2.73μs     32.0B  0.00%    32.0B
 guess_density              1    1.55s  0.00%   1.55s   77.1MiB  0.00%  77.1MiB
 spglib_get_symmetry        1   13.4ms  0.00%  13.4ms   1.36MiB  0.00%  1.36MiB
 ──────────────────────────────────────────────────────────────────────────────
