#
#-- Firstrun GaAsSiO2H n_repeat=20 -- mixing=HybridMixing(0.5, 14, 1.0, var"#194#202"{Int64,var"#periodise#201"}(30, var"#periodise#201"(), Core.Box(0.9796124068570924), Core.Box(1.5213465358236058)), true, false)
#

hostname       = clustern13

started on     = 2020-07-25T14:10:27.819
julia threads  = 4
BLAS threads   = 4

temperature    = 0.0
smearing       = DFTK.Smearing.None()
diag(lattice)  = [15.11, 10.68, 128.0]
Ecut           = 20
fft_size       = (48, 36, 400)
kgrid          = [3, 4, 1]
irreducible k  = 12
n_bands        = 425
n_electr       = 808
mixing         = HybridMixing(0.5, 14, 1.0, var"#194#202"{Int64,var"#periodise#201"}(30, var"#periodise#201"(), Core.Box(0.9796124068570924), Core.Box(1.5213465358236058)), true, false)
n     Energy            Eₙ-Eₙ₋₁     ρout-ρin   Diag
---   ---------------   ---------   --------   ----
  1   -1387.013347723         NaN   3.08e+00    33.5 
  2   -1388.540592997   -1.53e+00   1.53e+00    28.5 
  3   -1388.075472640    4.65e-01   5.42e-01    32.8 
  4   -1298.276269979    8.98e+01   5.80e-01    35.8 
  5   -1388.627657799   -9.04e+01   1.42e-01    30.0 
  6   -1388.090026897    5.38e-01   7.04e-02    27.0 
  7   -1387.344604393    7.45e-01   8.06e-02    32.8 
  8   -1388.699106588   -1.35e+00   4.22e-02    30.0 
  9   -1388.707066437   -7.96e-03   2.65e-02    21.7 
 10   -1388.706717562    3.49e-04   1.41e-02    19.9 
 11   -1388.703420862    3.30e-03   8.45e-03    21.5 
 12   -1388.704439163   -1.02e-03   6.17e-03    18.7 
 13   -1388.705879966   -1.44e-03   4.62e-03    15.3 
 14   -1388.707261433   -1.38e-03   3.48e-03    23.8 
 15   -1388.708336045   -1.07e-03   2.57e-03    25.4 
 16   -1388.709216558   -8.81e-04   2.16e-03    32.3 
 17   -1388.709215178    1.38e-06   1.55e-03    22.0 
 18   -1388.709268965   -5.38e-05   9.02e-04    14.9 
 19   -1388.709354371   -8.54e-05   4.63e-04    27.8 
 20   -1388.709365015   -1.06e-05   2.22e-04    26.4 
 21   -1388.709365913   -8.97e-07   9.78e-05    21.1 
 22   -1388.709366135   -2.22e-07   4.75e-05    25.8 
 23   -1388.709366145   -1.06e-08   2.07e-05    21.6 
 24   -1388.709366146   -4.74e-10   9.97e-06    17.3 
 25   -1388.709366146   -6.30e-11   5.00e-06    11.6 
 26   -1388.709366146   -3.99e-10   2.29e-06    21.8 
 27   -1388.709366146   -7.44e-11   1.11e-06    22.8 
 28   -1388.709366146    2.43e-11   6.15e-07    20.0 
 29   -1388.709366147   -8.57e-11   2.60e-07    23.0 
 30   -1388.709366146    7.19e-11   1.45e-07    16.5 
 31   -1388.709366146   -2.77e-11   7.60e-08    18.9 
 32   -1388.709366146    4.77e-12   3.62e-08    24.2 
Energy breakdown:
    Kinetic             819.5516284
    AtomicLocal         -26799.1196088
    AtomicNonlocal      152.7156911
    Ewald               11678.6054084
    PspCorrection       18.6907286
    Hartree             13086.9421583
    Xc                  -346.0953721

    total               -1388.709366146488

 ──────────────────────────────────────────────────────────────────────────────
                                       Time                   Allocations      
                               ──────────────────────   ───────────────────────
       Tot / % measured:           301993s / 100%          122633GiB / 100%    

 Section               ncalls     time   %tot     avg     alloc   %tot      avg
 ──────────────────────────────────────────────────────────────────────────────
 self_consistent_field      1   301929s   100%  301929s   122597GiB100%   122597GiB
   LOBPCG                 384   139222s  46.1%    363s   15536GiB 12.7%  40.5GiB
     Hamiltonian mu...  9.56k   45754s  15.2%   4.79s   2363GiB  1.93%   253MiB
     block multipli...  53.4k   38750s  12.8%   725ms   3897GiB  3.18%  74.7MiB
     rayleigh_ritz      9.17k   17071s  5.65%   1.86s   92.6GiB  0.08%  10.3MiB
     ortho              40.0k   13646s  4.52%   341ms   2706GiB  2.21%  69.3MiB
   mixing Hybrid           32   134484s  44.5%   4203s   104811GiB85.5%  3275GiB
   energy_hamiltonian      65   26257s  8.69%    404s    500GiB  0.41%  7.70GiB
   compute_density         32    1182s  0.39%   36.9s   1707GiB  1.39%  53.4GiB
   QR orthonormaliz...    384     174s  0.06%   453ms   33.2GiB  0.03%  88.6MiB
 PlaneWaveBasis             1    47.3s  0.02%   47.3s   33.8GiB  0.03%  33.8GiB
   Instantiation At...      1    24.4s  0.01%   24.4s   25.9GiB  0.02%  25.9GiB
   Instantiation Ewald      1    15.8s  0.01%   15.8s   7.33GiB  0.01%  7.33GiB
   Instantiation At...      1    3.70s  0.00%   3.70s    106MiB  0.00%   106MiB
   Instantiation Ps...      1    894ms  0.00%   894ms   97.7MiB  0.00%  97.7MiB
   Instantiation Ha...      1    311ms  0.00%   311ms   70.7MiB  0.00%  70.7MiB
   build_kpoints            1    242ms  0.00%   242ms    139MiB  0.00%   139MiB
   Instantiation Ki...      1   97.7ms  0.00%  97.7ms   18.3MiB  0.00%  18.3MiB
   Instantiation Xc         1   4.14ms  0.00%  4.14ms    196KiB  0.00%   196KiB
 guess_density              1    3.11s  0.00%   3.11s    147MiB  0.00%   147MiB
 spglib_get_symmetry        1    1.57s  0.00%   1.57s    234MiB  0.00%   234MiB
 ──────────────────────────────────────────────────────────────────────────────
