#
#-- optimal_damping GaAsSiO2H n_repeat=20 -- mixing=RestaMixing(1.0, 14, 1.0)
#

Starting Arnoldi (now = 2020-07-31T06:52:30.972 ...

#--- 1 ---#
idcs      evals   residnorms   |P(X)|
  1    0.982472   0.0885463  3.80275e-16

#--- 2 ---#
idcs      evals   residnorms   |P(X)|
  1    0.972041     0.26531  3.81999e-16
  2     1.05763    0.345617  3.76444e-16

#--- 3 ---#
idcs      evals   residnorms   |P(X)|
  1    0.721087    0.324453  3.79945e-16
  2    0.984506     0.11388  3.79182e-16
  3     1.59527    0.444391  3.75106e-16

#--- 4 ---#
idcs      evals   residnorms   |P(X)|
  1    0.415113    0.276771  3.76132e-16
  2    0.976258    0.159506  3.7959e-16
  3     1.06785    0.242238  3.86516e-16
  4     1.87131    0.246828  3.77403e-16

#--- 5 ---#
idcs      evals   residnorms   |P(X)|
  1     0.27065    0.194286  3.79762e-16
  2    0.757686    0.195493  3.81939e-16
  3    0.985102   0.0629081  3.79455e-16
  4     1.35651    0.215182  3.79102e-16
  5     1.93397    0.125615  3.80225e-16

#--- 6 ---#
idcs      evals   residnorms   |P(X)|
  1    0.223576    0.105525  3.71993e-16
  2    0.643074    0.160566  3.81834e-16
  3    0.980919   0.0894575  3.7908e-16
  4      1.0984    0.216886  3.76273e-16
  5     1.54179    0.233937  3.76662e-16
  6     1.96189   0.0806115  3.70677e-16

#--- 7 ---#
idcs      evals   residnorms   |P(X)|
  1    0.214406   0.0586957  3.74595e-16
  2    0.588426    0.156366  3.78781e-16
  3     0.88368    0.190501  3.77393e-16
  4    0.988346   0.0802875  3.79444e-16
  5     1.38018    0.208575  3.77116e-16
  6      1.7277    0.306281  3.77546e-16
  7     1.97886    0.092949  3.7624e-16

#--- 8 ---#
idcs      evals   residnorms   |P(X)|
  1    0.206811    0.039167  3.77202e-16
  2    0.544829     0.20623  3.78094e-16
  3    0.721111    0.207301  3.85451e-16
  4    0.982825   0.0651425  3.78478e-16
  5     1.13333    0.227043  3.75546e-16
  6      1.4535    0.188451  3.75633e-16
  7      1.8534    0.185584  3.78153e-16
  8     2.00225   0.0964097  3.77629e-16

#--- 9 ---#
idcs      evals   residnorms   |P(X)|
  1    0.204111   0.0294963  3.7535e-16
  2     0.43306    0.195527  3.77618e-16
  3    0.630558    0.142014  3.86137e-16
  4    0.900454    0.139398  3.78831e-16
  5    0.989042   0.0577184  3.77966e-16
  6     1.34962    0.176311  3.801e-16
  7     1.50183    0.187649  3.79247e-16
  8     1.91532   0.0895633  3.83515e-16
  9     2.01603   0.0716797  3.74226e-16

#--- 10 ---#
idcs      evals   residnorms   |P(X)|
  1    0.203513   0.0299952  3.75573e-16
  2    0.336102    0.158073  3.7403e-16
  3      0.6207     0.13387  3.82601e-16
  4    0.786018    0.174923  3.80812e-16
  5    0.983832   0.0579957  3.80354e-16
  6     1.12727    0.253477  3.79149e-16
  7     1.37131    0.181068  3.78421e-16
  8     1.59212    0.176422  3.76863e-16
  9     1.92555   0.0567583  3.79979e-16
 10     2.02326   0.0454681  3.74458e-16

#--- 11 ---#
idcs      evals   residnorms   |P(X)|
  1    0.202314    0.020695  3.78181e-16
  2    0.311706    0.111493  3.74357e-16
  3    0.586139    0.163005  3.77797e-16
  4    0.690772    0.184405  3.82271e-16
  5    0.936606    0.150288  3.75759e-16
  6    0.991966   0.0797863  3.77793e-16
  7     1.32877    0.181329  3.79345e-16
  8     1.44527    0.199915  3.79265e-16
  9     1.72742    0.224809  3.79928e-16
 10     1.92798   0.0576511  3.82795e-16
 11     2.02812   0.0373303  3.83515e-16

#--- 12 ---#
idcs      evals   residnorms   |P(X)|
  1    0.201536   0.0159178  3.7886e-16
  2    0.288597   0.0837694  3.69714e-16
  3    0.511476    0.145335  3.72754e-16
  4    0.675144    0.140865  3.83404e-16
  5     0.82399    0.147244  3.74891e-16
  7     1.14594    0.204398  3.79818e-16
  8     1.34626    0.139141  3.81087e-16
  9     1.54285    0.135702  3.77025e-16
 10     1.82772    0.174411  3.79019e-16
 11     1.94067   0.0648974  3.84998e-16
 12     2.03048   0.0329363  3.74903e-16

#--- 13 ---#
idcs      evals   residnorms   |P(X)|
  1    0.200949   0.0120474  3.75861e-16
  2    0.272449   0.0651529  3.72426e-16
  3    0.444882    0.132753  3.78013e-16
  4    0.629384    0.114464  3.78485e-16
  5    0.746221    0.141241  3.8354e-16
  8     1.27341    0.148431  3.78585e-16
  9     1.37744    0.130288  3.76801e-16
 10     1.58926   0.0898767  3.81021e-16
 11     1.87597   0.0800023  3.7899e-16
 12     1.94993   0.0480779  3.8574e-16
 13     2.03211   0.0187222  3.74636e-16

#--- 14 ---#
idcs      evals   residnorms   |P(X)|
  1    0.200615   0.0102648  3.77298e-16
  2    0.269531   0.0641602  3.70208e-16
  3    0.404798    0.145741  3.71198e-16
  4    0.584512    0.129591  3.84496e-16
  5    0.723642     0.17708  3.8562e-16
  9     1.31237    0.208518  3.75881e-16
 10      1.4405    0.204174  3.72588e-16
 11     1.61473    0.125684  3.81217e-16
 12     1.88502   0.0629234  3.77789e-16
 13      1.9509   0.0383681  3.82206e-16
 14     2.03284    0.012633  3.71725e-16

#--- 15 ---#
idcs      evals   residnorms   |P(X)|
  1    0.200873  0.00953164  3.77304e-16
  2     0.25709   0.0601243  3.73102e-16
  3    0.373641    0.136696  3.78621e-16
  4    0.534316    0.151041  3.82001e-16
  5    0.675384    0.151955  3.78222e-16
 10     1.36715    0.139635  3.80718e-16
 11     1.56765    0.141794  3.76724e-16
 12     1.73266    0.287106  3.77645e-16
 13     1.89603   0.0889518  3.76325e-16
 14     1.95577    0.053208  3.82436e-16
 15     2.03337    0.013467  3.69443e-16

#--- 16 ---#
idcs      evals   residnorms   |P(X)|
  1    0.200626  0.00694199  3.77304e-16
  2    0.249663   0.0493989  3.7279e-16
  3    0.333339   0.0914746  3.73483e-16
  4    0.487097    0.105076  3.79165e-16
  5    0.624262   0.0829984  3.785e-16
 11     1.41392   0.0800667  3.76767e-16
 12     1.59558   0.0526655  3.77813e-16
 13     1.85447   0.0957513  3.82228e-16
 14     1.92858   0.0868346  3.79101e-16
 15     1.97274   0.0886669  3.77979e-16
 16     2.03351   0.0139974  3.75732e-16

#--- 17 ---#
idcs      evals   residnorms   |P(X)|
  1    0.200049  0.00686947  3.75108e-16
  2     0.24747   0.0573647  3.7308e-16
  3    0.310013   0.0932525  3.70676e-16
  4    0.459193    0.118574  3.74546e-16
  5    0.599375    0.117852  3.81351e-16
 12     1.43397    0.131594  3.79666e-16
 13     1.60187   0.0527343  3.79572e-16
 14     1.86417   0.0521403  3.84383e-16
 15     1.93618   0.0470821  3.85971e-16
 16     1.98254   0.0634644  3.74765e-16
 17     2.03383  0.00995032  3.68881e-16

#--- 18 ---#
idcs      evals   residnorms   |P(X)|
  1    0.200262  0.00492068  3.7811e-16
  2       0.241    0.040496  3.75652e-16
  3    0.303719   0.0644664  3.74771e-16
  4    0.437035    0.109045  3.74497e-16
  5    0.560275    0.133111  3.81372e-16
 13     1.59051    0.097863  3.78707e-16
 14     1.71595    0.340514  3.80246e-16
 15     1.87378   0.0877659  3.84579e-16
 16     1.94145   0.0598684  3.85724e-16
 17      1.9956   0.0922187  3.74674e-16
 18     2.03426    0.015895  3.70704e-16

#--- 19 ---#
idcs      evals   residnorms   |P(X)|
  1    0.200451  0.00426908  3.77577e-16
  2    0.236701   0.0374182  3.73698e-16
  3    0.294616    0.059947  3.77168e-16
  4    0.402458    0.116094  3.74198e-16
  5    0.519239    0.127203  3.78324e-16
 14     1.59683   0.0264384  3.79421e-16
 15     1.83301    0.109731  3.86071e-16
 16     1.89297   0.0860812  3.8109e-16
 17     1.95157   0.0470715  3.86331e-16
 18     2.01298   0.0752592  3.77164e-16
 19     2.03532   0.0203106  3.68353e-16

 ──────────────────────────────────────────────────────────────────────────────
                                       Time                   Allocations      
                               ──────────────────────   ───────────────────────
       Tot / % measured:           869259s / 100%          1088003GiB / 100%   

 Section               ncalls     time   %tot     avg     alloc   %tot      avg
 ──────────────────────────────────────────────────────────────────────────────
 apply_χ0                  19   869117s   100%  45743s   1087942GiB100%   57260GiB
   Hamiltonian mult...   654k   124187s  14.3%   190ms   6061GiB  0.56%  9.49MiB
 PlaneWaveBasis             1    57.1s  0.01%   57.1s   33.1GiB  0.00%  33.1GiB
   Instantiation At...      1    35.5s  0.00%   35.5s   25.8GiB  0.00%  25.8GiB
   Instantiation Ewald      1    16.7s  0.00%   16.7s   7.07GiB  0.00%  7.07GiB
   Instantiation At...      1    4.60s  0.00%   4.60s   79.1MiB  0.00%  79.1MiB
   build_kpoints            1    265ms  0.00%   265ms    139MiB  0.00%   139MiB
   Instantiation Ha...      1   10.4ms  0.00%  10.4ms   15.8MiB  0.00%  15.8MiB
   Instantiation Ki...      1   7.22ms  0.00%  7.22ms   8.08MiB  0.00%  8.08MiB
   Instantiation Ps...      1    304μs  0.00%   304μs   4.92KiB  0.00%  4.92KiB
   Instantiation Xc         1   6.41μs  0.00%  6.41μs     32.0B  0.00%    32.0B
 mixing Resta              19    1.18s  0.00%  62.1ms    656MiB  0.00%  34.5MiB
 spglib_get_symmetry        1   8.17ms  0.00%  8.17ms    425KiB  0.00%   425KiB
 ──────────────────────────────────────────────────────────────────────────────
