#
#-- optimal_damping GaAsSiO2H n_repeat=20 -- mixing=HybridMixing(1.0, 14, 1.0, identity, true, false)
#

Starting Arnoldi (now = 2020-07-30T08:39:15.571 ...

#--- 1 ---#
idcs      evals   residnorms   |P(X)|
  1    0.982506   0.0869691  3.58756e-16

#--- 2 ---#
idcs      evals   residnorms   |P(X)|
  1    0.973568    0.254573  3.60142e-16
  2     1.07666    0.373217  3.6188e-16

#--- 3 ---#
idcs      evals   residnorms   |P(X)|
  1    0.685736    0.344146  3.5708e-16
  2    0.983996    0.105379  3.58387e-16
  3      1.5848    0.412407  3.55058e-16

#--- 4 ---#
idcs      evals   residnorms   |P(X)|
  1    0.384177    0.266814  3.54614e-16
  2    0.976006    0.157083  3.57455e-16
  3     1.06843     0.24781  3.59563e-16
  4     1.85242    0.235146  3.54537e-16

#--- 5 ---#
idcs      evals   residnorms   |P(X)|
  1    0.264995    0.177275  3.5425e-16
  2     0.77335    0.204874  3.66335e-16
  3      0.9855   0.0660878  3.58794e-16
  4     1.39704    0.244248  3.57254e-16
  5      1.9148    0.146209  3.52954e-16

#--- 6 ---#
idcs      evals   residnorms   |P(X)|
  1    0.228591   0.0872557  3.57778e-16
  2    0.648412    0.161512  3.62115e-16
  3    0.980342   0.0911919  3.57023e-16
  4     1.08804    0.209355  3.59359e-16
  5      1.5526     0.19006  3.58048e-16
  6     1.95079   0.0780673  3.52861e-16

#--- 7 ---#
idcs      evals   residnorms   |P(X)|
  1    0.220995   0.0569122  3.58173e-16
  2    0.579559    0.186413  3.62102e-16
  3    0.865766    0.212553  3.58812e-16
  4    0.987635   0.0782218  3.58951e-16
  5     1.35939    0.259378  3.52838e-16
  6     1.63722    0.245763  3.55883e-16
  7     1.96299   0.0629188  3.53806e-16

#--- 8 ---#
idcs      evals   residnorms   |P(X)|
  1    0.215623   0.0419923  3.58961e-16
  2    0.518325    0.222244  3.54948e-16
  3    0.729224    0.209226  3.60589e-16
  4    0.982876      0.0698  3.57805e-16
  5     1.13531    0.246328  3.55253e-16
  6     1.48847    0.238402  3.6085e-16
  7     1.78108     0.27394  3.54703e-16
  8     1.97592   0.0786957  3.58184e-16

#--- 9 ---#
idcs      evals   residnorms   |P(X)|
  1    0.211927   0.0341758  3.57485e-16
  2    0.397913    0.186646  3.59309e-16
  3    0.633886    0.141279  3.64177e-16
  4    0.890542    0.138547  3.56291e-16
  5    0.988319   0.0515442  3.57339e-16
  6     1.32971    0.151291  3.57914e-16
  7     1.55001    0.136608  3.611e-16
  8     1.91255    0.132697  3.52415e-16
  9     1.99274   0.0993983  3.63522e-16

#--- 10 ---#
idcs      evals   residnorms   |P(X)|
  1    0.209572   0.0364647  3.55132e-16
  2    0.320348    0.151797  3.61327e-16
  3    0.612677    0.160211  3.63785e-16
  4    0.771472    0.195989  3.56391e-16
  5    0.982698   0.0739628  3.58125e-16
  6     1.08564    0.245703  3.56466e-16
  7     1.36221    0.162915  3.59864e-16
  8     1.58588    0.103778  3.53661e-16
  9     1.93107   0.0589521  3.50548e-16
 10     2.00876   0.0602258  3.63341e-16

#--- 11 ---#
idcs      evals   residnorms   |P(X)|
  1    0.209712   0.0345988  3.57978e-16
  2    0.283898    0.117718  3.60727e-16
  3    0.562829    0.179138  3.61428e-16
  4    0.687612    0.184043  3.65517e-16
  5    0.928862    0.151336  3.58118e-16
  6    0.991121    0.073171  3.57175e-16
  7     1.32448    0.186243  3.58403e-16
  8     1.47769    0.239696  3.53471e-16
  9     1.67978    0.228642  3.5781e-16
 10     1.93262   0.0601497  3.50093e-16
 11     2.01523   0.0557626  3.59607e-16

#--- 12 ---#
idcs      evals   residnorms   |P(X)|
  1    0.206793   0.0293201  3.57173e-16
  2    0.264685   0.0861978  3.56853e-16
  3    0.480008    0.149679  3.60902e-16
  4    0.667813    0.136327  3.59594e-16
  5    0.819905    0.146633  3.53855e-16
  7     1.12359    0.206824  3.58599e-16
  8     1.33348    0.121806  3.57222e-16
  9     1.57191   0.0898975  3.60075e-16
 10     1.82268    0.203194  3.52633e-16
 11      1.9469   0.0684039  3.50967e-16
 12     2.02218   0.0572819  3.66555e-16

#--- 13 ---#
idcs      evals   residnorms   |P(X)|
  1    0.203896    0.022347  3.56236e-16
  2    0.253892   0.0600575  3.5851e-16
  3    0.417573    0.123299  3.58548e-16
  4    0.618258    0.115077  3.61015e-16
  5    0.744797    0.138118  3.56282e-16
  8     1.26555     0.16652  3.55933e-16
  9     1.36247     0.14016  3.57556e-16
 10     1.59424   0.0518145  3.58925e-16
 11     1.88074   0.0826897  3.52278e-16
 12      1.9562   0.0471834  3.52315e-16
 13     2.02826   0.0335529  3.66749e-16

#--- 14 ---#
idcs      evals   residnorms   |P(X)|
  1    0.204747   0.0227813  3.62303e-16
  2    0.243027   0.0555802  3.58584e-16
  3    0.383286    0.123016  3.56966e-16
  4    0.574722    0.141925  3.59766e-16
  5    0.713814     0.18686  3.65791e-16
  9     1.30888    0.165323  3.57563e-16
 10     1.42816    0.194973  3.61089e-16
 11     1.59913   0.0574431  3.57761e-16
 12     1.89144   0.0490467  3.55624e-16
 13     1.95817   0.0299996  3.52539e-16
 14      2.0292   0.0188088  3.67388e-16

#--- 15 ---#
idcs      evals   residnorms   |P(X)|
  1    0.203794    0.018848  3.58226e-16
  2    0.239218   0.0454639  3.58884e-16
  3    0.366379    0.124346  3.57499e-16
  4    0.513017    0.161303  3.57713e-16
  5    0.666809     0.14016  3.6262e-16
 10     1.35558     0.16557  3.5776e-16
 11     1.58285    0.130155  3.56925e-16
 12     1.68497    0.344527  3.59116e-16
 13     1.89591   0.0712863  3.54131e-16
 14     1.95998   0.0380069  3.52522e-16
 15      2.0306   0.0200156  3.727e-16

#--- 16 ---#
idcs      evals   residnorms   |P(X)|
  1     0.20262   0.0142426  3.57802e-16
  2    0.236147   0.0363302  3.56553e-16
  3    0.325473   0.0933465  3.55734e-16
  4    0.467218    0.109405  3.59745e-16
  5    0.620174   0.0916044  3.7067e-16
 11     1.40748   0.0919762  3.58082e-16
 12     1.59529   0.0318773  3.56963e-16
 13     1.85112    0.127367  3.54116e-16
 14     1.92462    0.102693  3.55535e-16
 15     1.96762   0.0633536  3.52673e-16
 16     2.03146   0.0199228  3.64505e-16

#--- 17 ---#
idcs      evals   residnorms   |P(X)|
  1    0.202254   0.0160281  3.60518e-16
  2    0.232618   0.0431636  3.57264e-16
  3    0.302667    0.109698  3.60875e-16
  4    0.422777    0.127787  3.61392e-16
  5    0.577661    0.142455  3.62033e-16
 12     1.42178   0.0756324  3.59059e-16
 13     1.59722   0.0175913  3.57583e-16
 14     1.87211   0.0414017  3.53557e-16
 15     1.93763   0.0464568  3.5222e-16
 16     1.97407    0.039923  3.56136e-16
 17     2.03155    0.010037  3.64401e-16

#--- 18 ---#
idcs      evals   residnorms   |P(X)|
  1    0.201026   0.0138507  3.58998e-16
  2    0.230631   0.0395324  3.53305e-16
  3     0.28293    0.085638  3.57159e-16
  4    0.401905    0.103152  3.60536e-16
  5    0.535257    0.126856  3.64848e-16
 13     1.50894    0.355687  3.52747e-16
 14     1.59854   0.0584525  3.60941e-16
 15     1.87385   0.0397943  3.55827e-16
 16     1.94031   0.0392658  3.54265e-16
 17     1.97694   0.0362554  3.55123e-16
 18     2.03197  0.00833006  3.66462e-16

#--- 19 ---#
idcs      evals   residnorms   |P(X)|
  1    0.201394   0.0129175  3.59732e-16
  2    0.226093   0.0366508  3.56312e-16
  3    0.271982   0.0689439  3.55348e-16
  4      0.3765   0.0895292  3.58634e-16
  5    0.504133    0.116515  3.59559e-16
 14      1.5965   0.0196217  3.5937e-16
 15     1.78775    0.244298  3.51264e-16
 16     1.87827   0.0683864  3.56029e-16
 17     1.94651      0.0471  3.5294e-16
 18     1.98044   0.0470642  3.54324e-16
 19     2.03209  0.00849407  3.63742e-16

#--- 20 ---#
idcs      evals   residnorms   |P(X)|
  1    0.200934   0.0120085  3.59342e-16
  2    0.222871    0.034622  3.56514e-16
  3    0.260892   0.0549395  3.5549e-16
  4    0.356452   0.0834612  3.56363e-16
  5     0.46272    0.103607  3.62146e-16
 15     1.59646   0.0112299  3.60352e-16
 16     1.84978   0.0821304  3.51784e-16
 17      1.8995   0.0766016  3.54239e-16
 18     1.95085   0.0419132  3.53346e-16
 19     1.98601   0.0415882  3.54107e-16
 20     2.03216  0.00627094  3.6664e-16

#--- 21 ---#
idcs      evals   residnorms   |P(X)|
  1    0.199927   0.0103468  3.60285e-16
  2     0.22228   0.0309583  3.51295e-16
  3    0.255003   0.0469948  3.59724e-16
  4    0.347502   0.0851275  3.55669e-16
  5    0.436894    0.106901  3.6039e-16
 16     1.59588   0.0222496  3.62642e-16
 17     1.86376   0.0544903  3.53425e-16
 18     1.90978   0.0764291  3.53651e-16
 19     1.95242   0.0402745  3.52533e-16
 20     1.98868   0.0373975  3.54221e-16
 21     2.03225  0.00509888  3.63475e-16

#--- 22 ---#
idcs      evals   residnorms   |P(X)|
  1    0.200189   0.0072027  3.58305e-16
  2    0.220389   0.0217157  3.56691e-16
  3    0.252573   0.0326966  3.55696e-16
  4    0.334052   0.0674055  3.56221e-16
  5    0.417704   0.0833401  3.56489e-16
 17     1.76197    0.256171  3.56429e-16
 18     1.86796   0.0695272  3.56022e-16
 19     1.92711   0.0871866  3.53617e-16
 20     1.96181   0.0671687  3.53177e-16
 21     1.99582   0.0693249  3.52623e-16
 22     2.03233  0.00779476  3.61282e-16

#--- 23 ---#
idcs      evals   residnorms   |P(X)|
  1    0.200381  0.00509086  3.62092e-16
  2    0.219017   0.0153726  3.56669e-16
  3    0.251895   0.0242552  3.58112e-16
  4    0.323257   0.0556075  3.55302e-16
  5     0.40768   0.0725225  3.59145e-16
 18     1.82992    0.095691  3.57161e-16
 19     1.88429   0.0581329  3.53733e-16
 20     1.94058   0.0544708  3.54749e-16
 21      1.9724   0.0604499  3.55242e-16
 22     2.00867    0.082071  3.56645e-16
 23     2.03258   0.0104639  3.61093e-16

#--- 24 ---#
idcs      evals   residnorms   |P(X)|
  1    0.200105  0.00343228  3.56963e-16
  2     0.21855    0.010729  3.54585e-16
  3    0.250523    0.018188  3.57387e-16
  4    0.316776   0.0512386  3.55439e-16
  5     0.38774   0.0682311  3.56404e-16
 19     1.84589   0.0519982  3.54966e-16
 20     1.88862   0.0409392  3.53423e-16
 21     1.94511   0.0274826  3.57635e-16
 22      1.9774   0.0315573  3.58281e-16
 23     2.02207   0.0542464  3.5583e-16
 24     2.03314   0.0149288  3.65228e-16

#--- 25 ---#
idcs      evals   residnorms   |P(X)|
  1    0.200202  0.00234844  3.57963e-16
  2    0.218424  0.00766249  3.56313e-16
  3    0.249798   0.0136117  3.55724e-16
  4    0.313166    0.041584  3.55787e-16
  5    0.387099   0.0668632  3.56438e-16
 20     1.85226   0.0578983  3.53731e-16
 21     1.89211   0.0493062  3.54901e-16
 22     1.94633   0.0269457  3.55767e-16
 23     1.97904   0.0289188  3.5488e-16
 24     2.02655   0.0480451  3.6351e-16
 25     2.03338   0.0221052  3.58416e-16

 ──────────────────────────────────────────────────────────────────────────────
                                       Time                   Allocations      
                               ──────────────────────   ───────────────────────
       Tot / % measured:          1188382s / 100%          1431978GiB / 100%   

 Section               ncalls     time   %tot     avg     alloc   %tot      avg
 ──────────────────────────────────────────────────────────────────────────────
 apply_χ0                  25   1188141s   100%  47526s   1431829GiB100%   57273GiB
   Hamiltonian mult...   873k   150056s  12.6%   172ms   8089GiB  0.56%  9.49MiB
 mixing Hybrid             25    68.3s  0.01%   2.73s   74.9GiB  0.01%  3.00GiB
 PlaneWaveBasis             1    54.9s  0.00%   54.9s   33.1GiB  0.00%  33.1GiB
   Instantiation At...      1    34.9s  0.00%   34.9s   25.8GiB  0.00%  25.8GiB
   Instantiation Ewald      1    15.5s  0.00%   15.5s   7.07GiB  0.00%  7.07GiB
   Instantiation At...      1    3.87s  0.00%   3.87s   79.1MiB  0.00%  79.1MiB
   build_kpoints            1    296ms  0.00%   296ms    139MiB  0.00%   139MiB
   Instantiation Ki...      1    292ms  0.00%   292ms   8.08MiB  0.00%  8.08MiB
   Instantiation Ha...      1   11.9ms  0.00%  11.9ms   15.8MiB  0.00%  15.8MiB
   Instantiation Ps...      1    229μs  0.00%   229μs   4.92KiB  0.00%  4.92KiB
   Instantiation Xc         1   6.31μs  0.00%  6.31μs     32.0B  0.00%    32.0B
 spglib_get_symmetry        1   7.66ms  0.00%  7.66ms    425KiB  0.00%   425KiB
 ──────────────────────────────────────────────────────────────────────────────
