#
#-- optimal_damping GaAsSiO2H n_repeat=20 -- mixing=KerkerMixing(1.0, 1.0)
#

Starting Arnoldi (now = 2020-07-30T10:04:27.103 ...

#--- 1 ---#
idcs      evals   residnorms   |P(X)|
  1    0.982545   0.0472221  3.63517e-16

#--- 2 ---#
idcs      evals   residnorms   |P(X)|
  1    0.778633    0.596596  3.61233e-16
  2    0.986662    0.135109  3.63993e-16

#--- 3 ---#
idcs      evals   residnorms   |P(X)|
  1    0.236782     0.39515  3.5925e-16
  2    0.982349   0.0410571  3.63048e-16
  3     1.59983    0.493708  3.64014e-16

#--- 4 ---#
idcs      evals   residnorms   |P(X)|
  1   0.0677089    0.141463  3.59125e-16
  2    0.804277    0.207568  3.61051e-16
  3    0.986529   0.0350608  3.63827e-16
  4     1.92995    0.141845  3.65833e-16

#--- 5 ---#
idcs      evals   residnorms   |P(X)|
  1   0.0515802    0.109163  3.61968e-16
  2    0.601506    0.369349  3.60318e-16
  3    0.976964    0.144221  3.632e-16
  4      1.0439    0.364942  3.61587e-16
  5     1.93344   0.0735205  3.64062e-16

#--- 6 ---#
idcs      evals   residnorms   |P(X)|
  1   0.0339273   0.0629412  3.63262e-16
  2    0.435737    0.258441  3.64055e-16
  3    0.858336    0.195861  3.60724e-16
  4     0.98779   0.0396965  3.63256e-16
  5     1.62908    0.434814  3.61561e-16
  6     1.94598   0.0929792  3.6489e-16

#--- 7 ---#
idcs      evals   residnorms   |P(X)|
  1   0.0270416   0.0492226  3.6029e-16
  2    0.301832    0.230209  3.66592e-16
  3    0.683893    0.246014  3.60014e-16
  4    0.976643    0.109637  3.62665e-16
  5     1.02317    0.205662  3.61337e-16
  6     1.84191    0.182187  3.63155e-16
  7     1.97231    0.102365  3.65584e-16

#--- 8 ---#
idcs      evals   residnorms   |P(X)|
  1   0.0241703   0.0373742  3.61355e-16
  2    0.197379    0.157219  3.62063e-16
  3    0.561573    0.194981  3.61759e-16
  4    0.867195     0.16949  3.61877e-16
  5    0.987467   0.0364919  3.6456e-16
  6     1.23691    0.263538  3.63376e-16
  7     1.88436   0.0759627  3.6481e-16
  8      1.9875   0.0612317  3.63471e-16

#--- 9 ---#
idcs      evals   residnorms   |P(X)|
  1   0.0219559   0.0291308  3.56899e-16
  2    0.166923    0.126722  3.64514e-16
  3    0.489793    0.205621  3.61362e-16
  4    0.782677    0.239374  3.59466e-16
  5    0.981723   0.0918558  3.63501e-16
  6      1.0415    0.279358  3.61747e-16
  7     1.50373    0.405351  3.60476e-16
  8     1.88849   0.0775442  3.63115e-16
  9     1.99202   0.0560424  3.65064e-16

#--- 10 ---#
idcs      evals   residnorms   |P(X)|
  1   0.0213526   0.0188833  3.58226e-16
  2    0.137351   0.0856698  3.70274e-16
  3    0.398712    0.173059  3.59414e-16
  4    0.649897    0.189547  3.59007e-16
  5    0.888013    0.138727  3.61476e-16
  6    0.988021   0.0302637  3.64076e-16
  7      1.2194    0.183636  3.64757e-16
  8     1.77563    0.226464  3.61867e-16
  9     1.91186   0.0983419  3.64167e-16
 10     2.00201    0.063132  3.63443e-16

#--- 11 ---#
idcs      evals   residnorms   |P(X)|
  1    0.021278   0.0177295  3.59773e-16
  2    0.120536    0.096043  3.70055e-16
  3    0.297857    0.197468  3.62396e-16
  4    0.547401    0.191574  3.64347e-16
  5    0.783959    0.210763  3.58366e-16
  6    0.963251    0.173903  3.62914e-16
  7    0.995777     0.10902  3.63196e-16
  8     1.28544    0.152609  3.61857e-16
  9     1.83493   0.0897282  3.63958e-16
 10     1.92611   0.0657269  3.65362e-16
 11     2.00718   0.0384481  3.62865e-16

#--- 12 ---#
idcs      evals   residnorms   |P(X)|
  1    0.019103    0.015835  3.60356e-16
  2    0.106132    0.097791  3.61307e-16
  3    0.231057    0.167016  3.59638e-16
  4    0.469279    0.164304  3.65299e-16
  5    0.695678    0.186115  3.59691e-16
  7    0.987942   0.0345975  3.63715e-16
  8     1.16546    0.243283  3.62274e-16
  9     1.39776    0.267919  3.65058e-16
 10     1.84726   0.0585091  3.63769e-16
 11      1.9333    0.045848  3.67994e-16
 12     2.00882   0.0253383  3.63182e-16

#--- 13 ---#
idcs      evals   residnorms   |P(X)|
  1   0.0196074   0.0178395  3.62703e-16
  2     0.08452    0.109593  3.66739e-16
  3    0.185331    0.133845  3.61933e-16
  4    0.415592    0.168671  3.62072e-16
  5    0.618154    0.203781  3.61708e-16
  8    0.996586    0.128555  3.62781e-16
  9     1.26944    0.161913  3.63107e-16
 10     1.61212    0.328804  3.66216e-16
 11     1.84907   0.0666996  3.64085e-16
 12      1.9359   0.0432713  3.63815e-16
 13     2.01005   0.0213282  3.55507e-16

#--- 14 ---#
idcs      evals   residnorms   |P(X)|
  1   0.0185502   0.0172339  3.61043e-16
  2   0.0618488    0.082502  3.64467e-16
  3    0.161119   0.0834392  3.6772e-16
  4    0.344443     0.13357  3.59317e-16
  5      0.5374    0.130947  3.61993e-16
  9     1.16604    0.174001  3.65036e-16
 10     1.34608    0.162901  3.74696e-16
 11     1.80052    0.162804  3.63652e-16
 12     1.88163    0.129677  3.62773e-16
 13      1.9434   0.0750428  3.66514e-16
 14     2.01126   0.0250317  3.611e-16

#--- 15 ---#
idcs      evals   residnorms   |P(X)|
  1   0.0165877   0.0200812  3.60458e-16
  2    0.050148   0.0753467  3.62367e-16
  3     0.14442   0.0861209  3.67326e-16
  4    0.277585     0.15332  3.63055e-16
  5    0.464856    0.146205  3.65071e-16
 10     1.20849    0.104347  3.63495e-16
 11     1.39299    0.108379  3.7003e-16
 12     1.82231   0.0515914  3.63879e-16
 13      1.8956   0.0576831  3.6604e-16
 14     1.95102   0.0391812  3.67509e-16
 15     2.01184   0.0116923  3.64592e-16

#--- 16 ---#
idcs      evals   residnorms   |P(X)|
  1   0.0170381   0.0235921  3.63338e-16
  2   0.0406171   0.0685557  3.61712e-16
  3    0.134533   0.0787285  3.60402e-16
  4    0.258546    0.159194  3.63473e-16
  5    0.417702    0.176912  3.64319e-16
 11     1.28372    0.322063  3.61945e-16
 12     1.44783    0.287478  3.6856e-16
 13     1.82993   0.0485394  3.66706e-16
 14     1.90166   0.0565662  3.63206e-16
 15     1.95265   0.0390359  3.62244e-16
 16     2.01227   0.0102447  3.60831e-16

#--- 17 ---#
idcs      evals   residnorms   |P(X)|
  1   0.0151097   0.0267502  3.64005e-16
  2   0.0311101   0.0469228  3.62015e-16
  3     0.12151   0.0721917  3.64266e-16
  4    0.202801    0.107956  3.63837e-16
  5    0.365087    0.118594  3.6087e-16
 12     1.38475   0.0701523  3.74586e-16
 13     1.78024    0.228438  3.65991e-16
 14     1.83599    0.119849  3.65027e-16
 15     1.91508   0.0808163  3.63475e-16
 16     1.95893   0.0612547  3.72561e-16
 17     2.01238   0.0120132  3.59435e-16

#--- 18 ---#
idcs      evals   residnorms   |P(X)|
  1   0.0132594   0.0209102  3.6286e-16
  2   0.0283799    0.028602  3.6048e-16
  3    0.108859   0.0556685  3.69034e-16
  4    0.181605   0.0686184  3.63025e-16
  5    0.334397   0.0916719  3.63098e-16
 13     1.39376   0.0478861  3.71263e-16
 14     1.80738   0.0502951  3.65752e-16
 15     1.86783   0.0589667  3.62728e-16
 16     1.92622   0.0491001  3.64473e-16
 17       1.967   0.0440726  3.69904e-16
 18     2.01245  0.00739442  3.61766e-16

#--- 19 ---#
idcs      evals   residnorms   |P(X)|
  1   0.0127661   0.0145437  3.64958e-16
  2   0.0268682   0.0177303  3.61239e-16
  3    0.105091   0.0387504  3.65527e-16
  4    0.179104   0.0519079  3.65378e-16
  5    0.312122   0.0832548  3.63103e-16
 14     1.42356    0.221597  3.6791e-16
 15     1.81441    0.041632  3.63518e-16
 16     1.87148   0.0508496  3.6213e-16
 17     1.92956   0.0391192  3.663e-16
 18     1.96935    0.036374  3.69913e-16
 19      2.0129  0.00572292  3.6392e-16

#--- 20 ---#
idcs      evals   residnorms   |P(X)|
  1    0.012468   0.0090323  3.65653e-16
  2   0.0267557    0.010989  3.61287e-16
  3     0.10386   0.0287301  3.64596e-16
  4    0.174271   0.0424161  3.66322e-16
  5    0.300306   0.0959486  3.60275e-16
 15     1.74514    0.323155  3.62014e-16
 16      1.8208    0.118645  3.62678e-16
 17     1.87958    0.102229  3.5929e-16
 18     1.93524   0.0654809  3.60525e-16
 19     1.97409   0.0627387  3.74501e-16
 20      2.0127  0.00860908  3.65268e-16

#--- 21 ---#
idcs      evals   residnorms   |P(X)|
  1   0.0123864  0.00797748  3.64106e-16
  2   0.0258183  0.00945145  3.62499e-16
  3    0.102222   0.0334771  3.66938e-16
  4    0.166593   0.0656293  3.65448e-16
  5    0.250867    0.171463  3.64465e-16
 16     1.80079   0.0544185  3.66297e-16
 17     1.84851   0.0636921  3.62274e-16
 18      1.9061   0.0679744  3.69788e-16
 19      1.9461   0.0552412  3.61755e-16
 20     1.98508    0.060105  3.67986e-16
 21     2.01307  0.00832532  3.62752e-16

#--- 22 ---#
idcs      evals   residnorms   |P(X)|
  1   0.0124012  0.00890393  3.633e-16
  2   0.0258085   0.0113541  3.61889e-16
  3   0.0970284   0.0661486  3.66159e-16
  4    0.145431    0.157978  3.6759e-16
  5     0.18549    0.121669  3.6783e-16
 17     1.80432   0.0224613  3.6541e-16
 18     1.85513   0.0290878  3.59835e-16
 19     1.91001   0.0319497  3.65882e-16
 20     1.94899   0.0269426  3.61162e-16
 21     1.98784   0.0301367  3.69681e-16
 22     2.01325    0.004314  3.64306e-16

#--- 23 ---#
idcs      evals   residnorms   |P(X)|
  1   0.0119011  0.00881153  3.65266e-16
  2   0.0253249   0.0114766  3.60587e-16
  3   0.0834882    0.106512  3.66544e-16
  4    0.114648   0.0881555  3.63444e-16
  5    0.178156   0.0508129  3.65715e-16
 18      1.8054   0.0337184  3.58546e-16
 19     1.85575   0.0375165  3.64921e-16
 20     1.91151   0.0353354  3.6476e-16
 21     1.95007   0.0281028  3.61934e-16
 22     1.99012   0.0310204  3.66621e-16
 23     2.01297  0.00452399  3.64884e-16

#--- 24 ---#
idcs      evals   residnorms   |P(X)|
  1   0.0119957  0.00636006  3.6089e-16
  2   0.0243893  0.00860281  3.61773e-16
  3   0.0675073   0.0660456  3.59569e-16
  4    0.107799   0.0337271  3.66845e-16
  5     0.17599   0.0264787  3.65599e-16
 19     1.83022    0.143646  3.61167e-16
 20     1.86712    0.105676  3.64053e-16
 21     1.91919   0.0587363  3.66194e-16
 22     1.95355   0.0419489  3.58824e-16
 23     1.99335   0.0381589  3.72762e-16
 24     2.01319  0.00555975  3.60722e-16

#--- 25 ---#
idcs      evals   residnorms   |P(X)|
  1   0.0119309  0.00350263  3.66841e-16
  2   0.0242922  0.00504144  3.61976e-16
  3   0.0599597   0.0344082  3.67239e-16
  4    0.107382   0.0165213  3.69858e-16
  5    0.174425   0.0169617  3.62412e-16
 20     1.84648   0.0320789  3.61555e-16
 21     1.89061   0.0545513  3.62436e-16
 22     1.92524   0.0426099  3.66722e-16
 23     1.95637   0.0274138  3.63652e-16
 24     1.99461   0.0206897  3.69549e-16
 25     2.01319  0.00289895  3.58535e-16

#--- 26 ---#
idcs      evals   residnorms   |P(X)|
  1   0.0118396  0.00248696  3.64773e-16
  2   0.0240706   0.0036403  3.58769e-16
  3   0.0575389   0.0244239  3.60889e-16
  4    0.106418   0.0122195  3.63007e-16
  5    0.174642   0.0153189  3.61517e-16
 21     1.84844   0.0222383  3.62975e-16
 22     1.89273   0.0366214  3.62417e-16
 23     1.92752   0.0292597  3.709e-16
 24     1.95775   0.0193457  3.63328e-16
 25     1.99588   0.0140238  3.70529e-16
 26     2.01324  0.00202073  3.6272e-16

#--- 27 ---#
idcs      evals   residnorms   |P(X)|
  1   0.0118387  0.00119779  3.60979e-16
  2   0.0240519  0.00179538  3.59226e-16
  3   0.0568953   0.0124862  3.61716e-16
  4    0.106391  0.00682022  3.64418e-16
  5     0.17382   0.0101328  3.66536e-16
 22      1.8507   0.0548702  3.60449e-16
 23     1.90023   0.0676999  3.62785e-16
 24     1.93198   0.0595084  3.63971e-16
 25     1.95942   0.0376245  3.59569e-16
 26     1.99607    0.021214  3.6832e-16
 27     2.01331  0.00279416  3.5804e-16

 ──────────────────────────────────────────────────────────────────────────────
                                       Time                   Allocations      
                               ──────────────────────   ───────────────────────
       Tot / % measured:          1162166s / 100%          1545548GiB / 100%   

 Section               ncalls     time   %tot     avg     alloc   %tot      avg
 ──────────────────────────────────────────────────────────────────────────────
 apply_χ0                  27   1161983s   100%  43036s   1545468GiB100%   57240GiB
   Hamiltonian mult...   909k   161457s  13.9%   178ms   8418GiB  0.54%  9.49MiB
 PlaneWaveBasis             1    52.7s  0.00%   52.7s   33.1GiB  0.00%  33.1GiB
   Instantiation At...      1    32.8s  0.00%   32.8s   25.8GiB  0.00%  25.8GiB
   Instantiation Ewald      1    15.1s  0.00%   15.1s   7.07GiB  0.00%  7.07GiB
   Instantiation At...      1    4.38s  0.00%   4.38s   79.1MiB  0.00%  79.1MiB
   build_kpoints            1    175ms  0.00%   175ms    139MiB  0.00%   139MiB
   Instantiation Ha...      1   11.9ms  0.00%  11.9ms   15.8MiB  0.00%  15.8MiB
   Instantiation Ki...      1   6.46ms  0.00%  6.46ms   8.08MiB  0.00%  8.08MiB
   Instantiation Ps...      1   2.51ms  0.00%  2.51ms   4.92KiB  0.00%  4.92KiB
   Instantiation Xc         1   7.50μs  0.00%  7.50μs     32.0B  0.00%    32.0B
 mixing Kerker             27    1.11s  0.00%  41.3ms    903MiB  0.00%  33.5MiB
 spglib_get_symmetry        1   7.66ms  0.00%  7.66ms    426KiB  0.00%   426KiB
 ──────────────────────────────────────────────────────────────────────────────
