#
#-- optimal_damping GaAsSiO2H n_repeat=20 -- mixing=SimpleMixing(1.0)
#

Starting Arnoldi (now = 2020-07-30T13:58:38.396 ...

#--- 1 ---#
idcs      evals   residnorms   |P(X)|
  1    0.999216   0.0796407  3.64103e-16

#--- 2 ---#
idcs      evals   residnorms   |P(X)|
  1    0.999061   0.0544362  3.6407e-16
  2     8.72225     5.27913  3.53606e-16

#--- 3 ---#
idcs      evals   residnorms   |P(X)|
  1    0.998784   0.0418367  3.63307e-16
  2     4.25051      2.9605  3.54486e-16
  3     14.2672     3.27602  3.51858e-16

#--- 4 ---#
idcs      evals   residnorms   |P(X)|
  1    0.998451   0.0281473  3.63585e-16
  2     2.58768     1.40614  3.58193e-16
  3      8.4595     2.15098  3.52821e-16
  4      15.464     1.15245  3.58524e-16

#--- 5 ---#
idcs      evals   residnorms   |P(X)|
  1     0.99836   0.0277057  3.63203e-16
  2     2.26404     1.44047  3.58345e-16
  3     6.08245     3.61672  3.5807e-16
  4     10.2662     3.20505  3.52544e-16
  5     15.6046    0.791498  3.60615e-16

#--- 6 ---#
idcs      evals   residnorms   |P(X)|
  1     0.99826   0.0293673  3.63447e-16
  2      1.9001     1.43658  3.59923e-16
  3     4.00228     2.40463  3.53239e-16
  4     9.16631     2.00878  3.56833e-16
  5     14.1674     3.68724  3.54639e-16
  6     15.9968     1.77503  3.59252e-16

#--- 7 ---#
idcs      evals   residnorms   |P(X)|
  1    0.998099   0.0222796  3.63826e-16
  2     1.63813    0.939757  3.62895e-16
  3     3.16646     1.24003  3.56564e-16
  4     7.51276      1.7366  3.42995e-16
  5      10.787     1.86054  3.47729e-16
  6     15.3886    0.704453  3.56809e-16
  7     17.8435     2.00781  3.59606e-16

#--- 8 ---#
idcs      evals   residnorms   |P(X)|
  1    0.997974   0.0181129  3.63454e-16
  2     1.42554    0.598389  3.61613e-16
  3     2.77599    0.848549  3.59005e-16
  4     5.24534     1.65405  3.42955e-16
  5     8.50788    0.973217  3.5793e-16
  6     11.6905     0.95969  3.54355e-16
  7     15.4257    0.200099  3.5523e-16
  8     18.1541    0.470386  3.51073e-16

#--- 9 ---#
idcs      evals   residnorms   |P(X)|
  1    0.997832   0.0200636  3.63067e-16
  2     1.25234    0.475494  3.60595e-16
  3     2.36692     0.87889  3.57002e-16
  4     3.48334     1.01041  3.5387e-16
  5     6.41028     0.90513  3.55507e-16
  6     8.80823    0.424379  3.50109e-16
  7     11.8229    0.248818  3.6282e-16
  8     15.4291   0.0331165  3.62689e-16
  9     18.1606    0.060659  3.58197e-16

#--- 10 ---#
idcs      evals   residnorms   |P(X)|
  1    0.997663   0.0251206  3.63601e-16
  2     1.17836    0.472207  3.61961e-16
  3      2.0851    0.945632  3.60433e-16
  4     3.10012     1.01723  3.56065e-16
  5     5.02893     1.90825  3.54232e-16
  6     6.88489     1.18999  3.42903e-16
  7     8.87051       0.324  3.43312e-16
  8     11.8304    0.099672  3.49754e-16
  9     15.4287  0.00846653  3.48566e-16
 10     18.1607   0.0122044  3.5283e-16

#--- 11 ---#
idcs      evals   residnorms   |P(X)|
  1     0.99753   0.0238278  3.63748e-16
  2     1.12517    0.338695  3.61588e-16
  3     1.89503    0.671031  3.61152e-16
  4     2.91267    0.780348  3.5748e-16
  5     4.16727     1.23254  3.49773e-16
  6      6.4991    0.853332  3.35688e-16
  7     8.74609     1.04198  3.5516e-16
  8     9.40828     2.29022  3.59145e-16
  9     11.8346    0.095082  3.64642e-16
 10      15.429  0.00361909  3.51184e-16
 11     18.1598   0.0037238  3.63197e-16

 ──────────────────────────────────────────────────────────────────────────────
                                       Time                   Allocations      
                               ──────────────────────   ───────────────────────
       Tot / % measured:           509248s / 100%          628530GiB / 100%    

 Section               ncalls     time   %tot     avg     alloc   %tot      avg
 ──────────────────────────────────────────────────────────────────────────────
 apply_χ0                  11   509154s   100%  46287s   628485GiB100%   57135GiB
   Hamiltonian mult...   327k   65879s  12.9%   202ms   3026GiB  0.48%  9.49MiB
 PlaneWaveBasis             1    47.6s  0.01%   47.6s   33.1GiB  0.01%  33.1GiB
   Instantiation At...      1    29.4s  0.01%   29.4s   25.8GiB  0.00%  25.8GiB
   Instantiation Ewald      1    13.9s  0.00%   13.9s   7.07GiB  0.00%  7.07GiB
   Instantiation At...      1    3.74s  0.00%   3.74s   79.1MiB  0.00%  79.1MiB
   Instantiation Ki...      1    244ms  0.00%   244ms   8.08MiB  0.00%  8.08MiB
   build_kpoints            1    233ms  0.00%   233ms    139MiB  0.00%   139MiB
   Instantiation Ha...      1   11.4ms  0.00%  11.4ms   15.8MiB  0.00%  15.8MiB
   Instantiation Ps...      1   2.64ms  0.00%  2.64ms   4.92KiB  0.00%  4.92KiB
   Instantiation Xc         1   6.96μs  0.00%  6.96μs     32.0B  0.00%    32.0B
 spglib_get_symmetry        1   7.14ms  0.00%  7.14ms    425KiB  0.00%   425KiB
 mixing Simple             11    128μs  0.00%  11.6μs     0.00B  0.00%    0.00B
 ──────────────────────────────────────────────────────────────────────────────
