#
#-- optimal_damping GaAsSiO2H n_repeat=20 -- mixing=HybridMixing(1.0, 1, 1.0, identity, true, false)
#

Starting Arnoldi (now = 2020-07-30T08:49:33.215 ...

#--- 1 ---#
idcs      evals   residnorms   |P(X)|
  1    0.999276   0.0689073  3.58208e-16

#--- 2 ---#
idcs      evals   residnorms   |P(X)|
  1     0.99904   0.0665656  3.57664e-16
  2     6.80054     5.60448  3.50438e-16

#--- 3 ---#
idcs      evals   residnorms   |P(X)|
  1    0.998562   0.0376808  3.58246e-16
  2      3.2084     1.70643  3.53572e-16
  3     14.8528     2.51489  3.59189e-16

#--- 4 ---#
idcs      evals   residnorms   |P(X)|
  1    0.998483   0.0285889  3.58598e-16
  2     2.83808     1.45524  3.49563e-16
  3      8.2506     4.46732  3.46087e-16
  4     15.8049     1.69248  3.60082e-16

#--- 5 ---#
idcs      evals   residnorms   |P(X)|
  1    0.998316   0.0324488  3.58492e-16
  2     2.37975     1.94199  3.51925e-16
  3       4.552     3.19349  3.49722e-16
  4     12.3825     3.36733  3.59064e-16
  5     16.2645     1.48082  3.54982e-16

#--- 6 ---#
idcs      evals   residnorms   |P(X)|
  1    0.998212   0.0229287  3.58658e-16
  2     1.95228     1.19468  3.53821e-16
  3      3.5889     1.30265  3.47292e-16
  4      10.416     2.67483  3.54372e-16
  5     14.8926     2.21911  3.5653e-16
  6     17.5522     2.28159  3.52911e-16

#--- 7 ---#
idcs      evals   residnorms   |P(X)|
  1     0.99813   0.0213501  3.58806e-16
  2     1.59811     0.87032  3.51945e-16
  3       3.125     1.02348  3.49736e-16
  4     5.64418     1.95573  3.49649e-16
  5     11.5889     1.05739  3.55168e-16
  6     15.3506    0.588298  3.55367e-16
  7     18.1323    0.686398  3.65209e-16

#--- 8 ---#
idcs      evals   residnorms   |P(X)|
  1    0.997944   0.0192414  3.58664e-16
  2     1.41024    0.648796  3.51755e-16
  3     2.69987     1.00514  3.52039e-16
  4     4.03901     1.20053  3.43504e-16
  5     7.46065     1.41673  3.48304e-16
  6     11.8063    0.395036  3.55748e-16
  7      15.416    0.136927  3.52112e-16
  8     18.1584      0.1249  3.50897e-16

#--- 9 ---#
idcs      evals   residnorms   |P(X)|
  1    0.997811   0.0217278  3.58757e-16
  2     1.24706    0.514998  3.52527e-16
  3     2.36863    0.956797  3.50481e-16
  4     3.36788    0.958653  3.51934e-16
  5     5.30922     1.33487  3.45555e-16
  6      8.1927    0.898588  3.50239e-16
  7     11.8293    0.131667  3.5987e-16
  8     15.4275    0.028153  3.51647e-16
  9     18.1599   0.0200789  3.64589e-16

#--- 10 ---#
idcs      evals   residnorms   |P(X)|
  1    0.997692   0.0201534  3.58136e-16
  2     1.18645    0.395681  3.53156e-16
  3     2.12162    0.786267  3.54481e-16
  4     3.12984    0.846759  3.48086e-16
  5     4.50069     1.25883  3.48101e-16
  6     6.81509     1.70152  3.51742e-16
  7     8.63864     1.06387  3.59575e-16
  8     11.8353   0.0652748  3.57919e-16
  9      15.429  0.00805487  3.65302e-16
 10     18.1597  0.00438408  3.55306e-16

#--- 11 ---#
idcs      evals   residnorms   |P(X)|
  1    0.997512    0.029773  3.57937e-16
  2     1.12166     0.42013  3.5225e-16
  3      1.8994    0.916016  3.54237e-16
  4     2.86862     1.24001  3.48776e-16
  5     3.66755     1.37541  3.50733e-16
  6      5.3123     1.32724  3.56645e-16
  7     7.74714     1.10481  3.59183e-16
  8     9.24778     1.19721  3.47558e-16
  9     11.8368   0.0362244  3.64776e-16
 10      15.429  0.00246182  3.57991e-16
 11     18.1596  0.00101847  3.4793e-16

 ──────────────────────────────────────────────────────────────────────────────
                                       Time                   Allocations      
                               ──────────────────────   ───────────────────────
       Tot / % measured:           482846s / 100%          628518GiB / 100%    

 Section               ncalls     time   %tot     avg     alloc   %tot      avg
 ──────────────────────────────────────────────────────────────────────────────
 apply_χ0                  11   482743s   100%  43886s   628471GiB100%   57134GiB
   Hamiltonian mult...   326k   57216s  11.9%   175ms   3021GiB  0.48%  9.49MiB
 PlaneWaveBasis             1    54.1s  0.01%   54.1s   33.1GiB  0.01%  33.1GiB
   Instantiation At...      1    35.0s  0.01%   35.0s   25.8GiB  0.00%  25.8GiB
   Instantiation Ewald      1    14.5s  0.00%   14.5s   7.07GiB  0.00%  7.07GiB
   Instantiation At...      1    3.84s  0.00%   3.84s   79.1MiB  0.00%  79.1MiB
   build_kpoints            1    383ms  0.00%   383ms    139MiB  0.00%   139MiB
   Instantiation Ki...      1    306ms  0.00%   306ms   8.08MiB  0.00%  8.08MiB
   Instantiation Ha...      1   10.9ms  0.00%  10.9ms   15.8MiB  0.00%  15.8MiB
   Instantiation Ps...      1    208μs  0.00%   208μs   4.92KiB  0.00%  4.92KiB
   Instantiation Xc         1   7.20μs  0.00%  7.20μs     32.0B  0.00%    32.0B
 mixing Hybrid             11    3.48s  0.00%   316ms   2.39GiB  0.00%   222MiB
 spglib_get_symmetry        1   7.69ms  0.00%  7.69ms    425KiB  0.00%   425KiB
 ──────────────────────────────────────────────────────────────────────────────
