#
#-- SCF GaAsSiO2H n_repeat=20 -- mixing=KerkerMixing(0.988, 1.0)
#

hostname       = clustern11

started on     = 2020-08-12T21:01:39.959
julia threads  = 4
BLAS threads   = 4

temperature    = 0.0
smearing       = DFTK.Smearing.None()
diag(lattice)  = [15.11, 10.68, 128.0]
Ecut           = 20
fft_size       = (48, 36, 400)
kgrid          = [3, 4, 1]
irreducible k  = 12
n_bands        = 425
n_electr       = 808
mixing         = KerkerMixing(0.988, 1.0)
n     Energy            Eₙ-Eₙ₋₁     ρout-ρin   Diag
---   ---------------   ---------   --------   ----
  1   -1387.013340037         NaN   3.08e+00    33.7 
  2   -1387.761255247   -7.48e-01   1.16e+00    24.8 
  3   -1388.407896438   -6.47e-01   6.40e-01    19.3 
  4   -1388.697003959   -2.89e-01   4.84e-02    17.4 
  5   -1388.699546667   -2.54e-03   3.42e-02    16.1 
  6   -1388.700424101   -8.77e-04   9.87e-03    13.8 
  7   -1388.701088398   -6.64e-04   5.21e-03    13.2 
  8   -1388.701769411   -6.81e-04   4.13e-03    19.7 
  9   -1388.702240120   -4.71e-04   3.47e-03    19.6 
 10   -1388.702960020   -7.20e-04   3.02e-03    24.3 
 11   -1388.703656637   -6.97e-04   2.62e-03    25.7 
 12   -1388.704369738   -7.13e-04   2.29e-03    25.9 
 13   -1388.705204018   -8.34e-04   1.93e-03    27.2 
 14   -1388.706010522   -8.07e-04   1.61e-03    29.7 
 15   -1388.691093659    1.49e-02   7.49e-03    28.2 
 16   -1388.706510826   -1.54e-02   1.42e-03    11.3 
 17   -1388.691317948    1.52e-02   7.43e-03    30.8 
 18   -1388.691510235   -1.92e-04   7.39e-03    23.4 
 19   -1388.691900033   -3.90e-04   7.29e-03    27.8 
 20   -1388.692086110   -1.86e-04   7.23e-03    23.0 
 21   -1388.692426270   -3.40e-04   7.15e-03    21.4 
 22   -1388.692757381   -3.31e-04   7.08e-03    22.2 
 23   -1388.708321868   -1.56e-02   9.45e-04    22.2 
 24   -1388.708322675   -8.07e-07   9.45e-04    13.6 
 25   -1388.708365082   -4.24e-05   9.42e-04    16.5 
 26   -1388.708392997   -2.79e-05   9.37e-04    16.7 
 27   -1388.708478486   -8.55e-05   9.40e-04    22.1 
 28   -1388.708505882   -2.74e-05   9.41e-04    16.6 
 29   -1388.708521287   -1.54e-05   9.38e-04    20.7 
 30   -1388.708579730   -5.84e-05   9.40e-04    19.7 
 31   -1388.708627776   -4.80e-05   9.43e-04    18.3 
 32   -1388.708762450   -1.35e-04   9.57e-04    23.3 
 33   -1388.708937262   -1.75e-04   9.95e-04    25.2 
 34   -1388.689688781    1.92e-02   7.45e-03    32.6 
 35   -1388.709037788   -1.93e-02   1.03e-03    32.9 
 36   -1388.709132127   -9.43e-05   1.09e-03    24.7 
 37   -1388.709117268    1.49e-05   1.07e-03    20.2 
 38   -1388.709144311   -2.70e-05   1.09e-03    24.6 
 39   -1388.709150515   -6.20e-06   1.10e-03    23.6 
 40   -1388.709151055   -5.40e-07   1.11e-03    23.3 
 41   -1388.709139881    1.12e-05   1.11e-03    26.7 
 42   -1388.709119810    2.01e-05   1.13e-03    25.6 
 43   -1388.709105865    1.39e-05   1.12e-03    22.4 
 44   -1388.709093499    1.24e-05   1.08e-03    19.4 
 45   -1388.709082037    1.15e-05   1.06e-03    18.1 
 46   -1388.689233292    1.98e-02   7.48e-03    34.2 
 47   -1388.709093701   -1.99e-02   1.03e-03    36.8 
 48   -1388.709090938    2.76e-06   1.02e-03    13.7 
 49   -1388.709105487   -1.45e-05   1.02e-03    25.9 
 50   -1388.709104144    1.34e-06   1.02e-03    6.3 
Energy breakdown:
    Kinetic             819.5613704
    AtomicLocal         -26801.2473222
    AtomicNonlocal      152.7148755
    Ewald               11678.6054084
    PspCorrection       18.6907286
    Hartree             13089.0634342
    Xc                  -346.0975990

    total               -1388.709104143852

 ──────────────────────────────────────────────────────────────────────────────
                                       Time                   Allocations      
                               ──────────────────────   ───────────────────────
       Tot / % measured:           232784s / 100%           28330GiB / 100%    

 Section               ncalls     time   %tot     avg     alloc   %tot      avg
 ──────────────────────────────────────────────────────────────────────────────
 self_consistent_field      1   232737s   100%  232737s   28296GiB 100%   28296GiB
   LOBPCG                 600   198948s  85.5%    332s   24806GiB 87.6%  41.3GiB
     Hamiltonian mu...  14.1k   61578s  26.5%   4.37s   3736GiB  13.2%   272MiB
     block multipli...  78.4k   58800s  25.3%   750ms   6298GiB  22.2%  82.3MiB
     rayleigh_ritz      13.5k   25039s  10.8%   1.86s    155GiB  0.55%  11.8MiB
     ortho              58.5k   19742s  8.48%   338ms   4349GiB  15.4%  76.1MiB
   energy_hamiltonian     101   31547s  13.6%    312s    780GiB  2.75%  7.72GiB
   compute_density         50    1482s  0.64%   29.6s   2667GiB  9.42%  53.3GiB
   QR orthonormaliz...    600     157s  0.07%   262ms   33.2GiB  0.12%  56.6MiB
   mixing Kerker           50    24.3s  0.01%   487ms   1.03GiB  0.00%  21.1MiB
 PlaneWaveBasis             1    42.7s  0.02%   42.7s   33.1GiB  0.12%  33.1GiB
   Instantiation At...      1    25.2s  0.01%   25.2s   25.8GiB  0.09%  25.8GiB
   Instantiation Ewald      1    13.7s  0.01%   13.7s   7.07GiB  0.02%  7.07GiB
   Instantiation At...      1    3.61s  0.00%   3.61s   79.1MiB  0.00%  79.1MiB
   build_kpoints            1    159ms  0.00%   159ms    139MiB  0.00%   139MiB
   Instantiation Ki...      1   6.26ms  0.00%  6.26ms   8.08MiB  0.00%  8.08MiB
   Instantiation Ha...      1   5.95ms  0.00%  5.95ms   15.8MiB  0.00%  15.8MiB
   Instantiation Ps...      1    410μs  0.00%   410μs   4.92KiB  0.00%  4.92KiB
   Instantiation Xc         1   4.03μs  0.00%  4.03μs     32.0B  0.00%    32.0B
 guess_density              1    3.06s  0.00%   3.06s    132MiB  0.00%   132MiB
 spglib_get_symmetry        1   7.07ms  0.00%  7.07ms    425KiB  0.00%   425KiB
 ──────────────────────────────────────────────────────────────────────────────
