#
#-- SCF GaAsSiO2H n_repeat=20 -- mixing=HybridMixing(0.104, 1, 1.0, identity, true, false)
#

hostname       = clustern13

started on     = 2020-08-05T11:34:41.674
julia threads  = 4
BLAS threads   = 4

temperature    = 0.0
smearing       = DFTK.Smearing.None()
diag(lattice)  = [15.11, 10.68, 128.0]
Ecut           = 20
fft_size       = (48, 36, 400)
kgrid          = [3, 4, 1]
irreducible k  = 12
n_bands        = 425
n_electr       = 808
mixing         = HybridMixing(0.104, 1, 1.0, identity, true, false)
n     Energy            Eₙ-Eₙ₋₁     ρout-ρin   Diag
---   ---------------   ---------   --------   ----
  1   -1387.013338085         NaN   3.08e+00    34.1 
  2   -1387.739115839   -7.26e-01   2.70e+00    31.8 
  3   -1371.140716561    1.66e+01   1.11e+00    33.4 
  4   +94675.30913639    9.60e+04   9.95e+00    56.1 
  5   +10008.91744030   -8.47e+04   3.70e+00    43.8 
  6   +34860.13987549    2.49e+04   6.34e+00    50.0 
  7   +52524.42748292    1.77e+04   6.56e+00    54.5 
  8   +43019.68926315   -9.50e+03   5.85e+00    41.0 
  9   +42718.45910334   -3.01e+02   5.85e+00    56.2 
 10   +42963.69236049    2.45e+02   5.86e+00    33.3 
 11   +42879.70824507   -8.40e+01   5.86e+00    23.5 
 12   +42440.08202917   -4.40e+02   5.82e+00    39.7 
 13   +46188.52428859    3.75e+03   6.12e+00    49.5 
 14   +13380.61812970   -3.28e+04   3.46e+00    45.6 
 15   +194093.6544914    1.81e+05   1.38e+01    62.8 
 16   +139285.8124194   -5.48e+04   1.25e+01    57.0 
 17   +157448.0626051    1.82e+04   1.27e+01    43.8 
 18   +128057.5698882   -2.94e+04   1.20e+01    58.8 
 19   +137879.3006221    9.82e+03   1.20e+01    48.9 
 20   +139040.9265458    1.16e+03   1.21e+01    43.4 
 21   +137118.2013799   -1.92e+03   1.20e+01    53.6 
 22   +141903.1102198    4.78e+03   1.22e+01    44.6 
 23   +143823.0852090    1.92e+03   1.23e+01    56.1 
 24   +145508.9646552    1.69e+03   1.23e+01    33.6 
 25   +191701.4952435    4.62e+04   1.40e+01    65.3 
 26   +156198.5104972   -3.55e+04   1.87e+01    200.0 
 27   +92257.51344265   -6.39e+04   1.43e+01    200.0 
 28   +220417.4554660    1.28e+05   1.80e+01    163.1 
 29   +137741.1497636   -8.27e+04   1.78e+01    130.3 
 30   +253399.3307218    1.16e+05   1.84e+01    189.0 
 31   +234900.8727332   -1.85e+04   1.67e+01    97.6 
 32   +225222.0951140   -9.68e+03   1.56e+01    80.9 
 33   +186719.5058222   -3.85e+04   1.39e+01    91.7 
 34   +198280.7751562    1.16e+04   1.47e+01    114.3 
 35   +190824.4778265   -7.46e+03   1.41e+01    158.1 
 36   +180337.7384464   -1.05e+04   1.93e+01    110.4 
 37   +277898.2355503    9.76e+04   1.66e+01    123.5 
 38   +160337.8769239   -1.18e+05   1.43e+01    101.8 
 39   +236844.7147363    7.65e+04   1.61e+01    143.3 
 40   +131787.0247684   -1.05e+05   1.77e+01    68.6 
 41   +102753.7588184   -2.90e+04   1.38e+01    148.1 
 42   +220291.3559046    1.18e+05   1.43e+01    103.2 
 43   +261207.6096050    4.09e+04   1.75e+01    104.6 
 44   +264364.2085353    3.16e+03   1.83e+01    74.8 
 45   +266190.7034838    1.83e+03   1.85e+01    87.7 
 46   +149962.5464860   -1.16e+05   1.62e+01    199.1 
 47   +202606.2660429    5.26e+04   1.55e+01    166.1 
 48   +203071.2493605    4.65e+02   1.61e+01    192.4 
 49   +239413.8241302    3.63e+04   1.60e+01    183.7 
 50   +301468.7860607    6.21e+04   2.61e+01    187.3 
Energy breakdown:
    Kinetic             1839.4284371
    AtomicLocal         45154.8788859
    AtomicNonlocal      89.6188860
    Ewald               11678.6054084
    PspCorrection       18.6907286
    Hartree             243265.5201409
    Xc                  -577.9564262

    total               301468.786060704268

 ──────────────────────────────────────────────────────────────────────────────
                                       Time                   Allocations      
                               ──────────────────────   ───────────────────────
       Tot / % measured:          1316402s / 100%          133416GiB / 100%    

 Section               ncalls     time   %tot     avg     alloc   %tot      avg
 ──────────────────────────────────────────────────────────────────────────────
 self_consistent_field      1   1316354s   100%  1316354s   133382GiB100%   133382GiB
   LOBPCG                 600   1281949s  97.4%   2137s   129882GiB97.4%   216GiB
     block multipli...   328k   469923s  35.7%   1.43s   46625GiB 34.9%   146MiB
     Hamiltonian mu...  55.6k   318836s  24.2%   5.74s   18760GiB 14.1%   346MiB
     rayleigh_ritz      55.0k   185932s  14.1%   3.38s   1129GiB  0.85%  21.0MiB
     ortho               237k   115172s  8.75%   486ms   25574GiB 19.2%   111MiB
   energy_hamiltonian     101   32053s  2.43%    317s    780GiB  0.58%  7.72GiB
   compute_density         50    1528s  0.12%   30.6s   2667GiB  2.00%  53.3GiB
   QR orthonormaliz...    600     172s  0.01%   287ms   33.2GiB  0.02%  56.6MiB
   mixing Hybrid           50    37.5s  0.00%   751ms   10.8GiB  0.01%   222MiB
 PlaneWaveBasis             1    44.4s  0.00%   44.4s   33.1GiB  0.02%  33.1GiB
   Instantiation At...      1    26.4s  0.00%   26.4s   25.8GiB  0.02%  25.8GiB
   Instantiation Ewald      1    14.0s  0.00%   14.0s   7.07GiB  0.01%  7.07GiB
   Instantiation At...      1    3.84s  0.00%   3.84s   79.1MiB  0.00%  79.1MiB
   build_kpoints            1    173ms  0.00%   173ms    139MiB  0.00%   139MiB
   Instantiation Ki...      1   8.95ms  0.00%  8.95ms   8.08MiB  0.00%  8.08MiB
   Instantiation Ha...      1   7.29ms  0.00%  7.29ms   15.8MiB  0.00%  15.8MiB
   Instantiation Ps...      1    176μs  0.00%   176μs   4.92KiB  0.00%  4.92KiB
   Instantiation Xc         1   2.58μs  0.00%  2.58μs     32.0B  0.00%    32.0B
 guess_density              1    3.28s  0.00%   3.28s    132MiB  0.00%   132MiB
 spglib_get_symmetry        1   7.61ms  0.00%  7.61ms    425KiB  0.00%   425KiB
 ──────────────────────────────────────────────────────────────────────────────
