#
#-- SCF GaAsSiO2H n_repeat=20 -- mixing=HybridMixing(0.895, 14, 1.0, identity, true, false)
#

hostname       = clustern14

started on     = 2020-08-13T02:52:44.414
julia threads  = 4
BLAS threads   = 4

temperature    = 0.0
smearing       = DFTK.Smearing.None()
diag(lattice)  = [15.11, 10.68, 128.0]
Ecut           = 20
fft_size       = (48, 36, 400)
kgrid          = [3, 4, 1]
irreducible k  = 12
n_bands        = 425
n_electr       = 808
mixing         = HybridMixing(0.895, 14, 1.0, identity, true, false)
n     Energy            Eₙ-Eₙ₋₁     ρout-ρin   Diag
---   ---------------   ---------   --------   ----
  1   -1387.013332191         NaN   3.08e+00    33.3 
  2   -1388.071575308   -1.06e+00   1.06e+00    30.0 
  3   -1388.512437416   -4.41e-01   5.22e-01    22.1 
  4   -1388.704902200   -1.92e-01   4.95e-02    18.7 
  5   -1388.707549945   -2.65e-03   3.07e-02    13.9 
  6   -1388.708558381   -1.01e-03   8.47e-03    9.3 
  7   -1388.708974763   -4.16e-04   3.64e-03    5.8 
  8   -1388.709190951   -2.16e-04   2.14e-03    13.3 
  9   -1388.709281467   -9.05e-05   1.26e-03    10.3 
 10   -1388.709337548   -5.61e-05   6.78e-04    12.5 
 11   -1388.709358840   -2.13e-05   3.12e-04    13.3 
 12   -1388.709364141   -5.30e-06   1.62e-04    13.4 
 13   -1388.709365528   -1.39e-06   9.51e-05    10.9 
 14   -1388.709365996   -4.69e-07   5.00e-05    10.8 
 15   -1388.709366096   -9.98e-08   2.57e-05    5.4 
 16   -1388.709366132   -3.53e-08   1.41e-05    6.2 
 17   -1388.709366143   -1.10e-08   7.63e-06    8.4 
 18   -1388.709366145   -2.73e-09   4.16e-06    7.3 
 19   -1388.709366146   -8.22e-10   2.14e-06    6.3 
 20   -1388.709366146   -3.30e-10   1.14e-06    6.5 
 21   -1388.709366146   -5.25e-11   5.69e-07    7.0 
 22   -1388.709366147   -4.59e-11   3.05e-07    10.0 
Energy breakdown:
    Kinetic             819.5516287
    AtomicLocal         -26799.1197764
    AtomicNonlocal      152.7156910
    Ewald               11678.6054084
    PspCorrection       18.6907286
    Hartree             13086.9423257
    Xc                  -346.0953722

    total               -1388.709366146508

 ──────────────────────────────────────────────────────────────────────────────
                                       Time                   Allocations      
                               ──────────────────────   ───────────────────────
       Tot / % measured:           109474s / 100%           12707GiB / 100%    

 Section               ncalls     time   %tot     avg     alloc   %tot      avg
 ──────────────────────────────────────────────────────────────────────────────
 self_consistent_field      1   109425s   100%  109425s   12674GiB 100%   12674GiB
   LOBPCG                 264   94922s  86.7%    360s   11054GiB 87.0%  41.9GiB
     block multipli...  18.7k   29622s  27.1%   1.58s   2851GiB  22.4%   156MiB
     Hamiltonian mu...  3.56k   27223s  24.9%   7.64s   1587GiB  12.5%   456MiB
     rayleigh_ritz      3.30k   12688s  11.6%   3.85s   78.1GiB  0.61%  24.2MiB
     ortho              14.4k    9483s  8.66%   660ms   1962GiB  15.4%   140MiB
   energy_hamiltonian      45   13077s  11.9%    291s    344GiB  2.71%  7.64GiB
   compute_density         22     658s  0.60%   29.9s   1174GiB  9.24%  53.3GiB
   QR orthonormaliz...    264     157s  0.14%   593ms   33.2GiB  0.26%   129MiB
   mixing Hybrid           22    58.0s  0.05%   2.63s   65.3GiB  0.51%  2.97GiB
 PlaneWaveBasis             1    45.2s  0.04%   45.2s   33.1GiB  0.26%  33.1GiB
   Instantiation At...      1    27.4s  0.03%   27.4s   25.8GiB  0.20%  25.8GiB
   Instantiation Ewald      1    14.0s  0.01%   14.0s   7.07GiB  0.06%  7.07GiB
   Instantiation At...      1    3.56s  0.00%   3.56s   79.1MiB  0.00%  79.1MiB
   build_kpoints            1    171ms  0.00%   171ms    139MiB  0.00%   139MiB
   Instantiation Ha...      1   8.29ms  0.00%  8.29ms   15.8MiB  0.00%  15.8MiB
   Instantiation Ki...      1   7.27ms  0.00%  7.27ms   8.08MiB  0.00%  8.08MiB
   Instantiation Ps...      1    375μs  0.00%   375μs   4.92KiB  0.00%  4.92KiB
   Instantiation Xc         1   4.36μs  0.00%  4.36μs     32.0B  0.00%    32.0B
 guess_density              1    3.09s  0.00%   3.09s    132MiB  0.00%   132MiB
 spglib_get_symmetry        1   7.24ms  0.00%  7.24ms    425KiB  0.00%   425KiB
 ──────────────────────────────────────────────────────────────────────────────
