#
#-- SCF GaAsSiO2H n_repeat=20 -- mixing=RestaMixing(0.895, 14, 1.0)
#

hostname       = clustern10

started on     = 2020-08-10T17:08:12.104
julia threads  = 4
BLAS threads   = 4

temperature    = 0.0
smearing       = DFTK.Smearing.None()
diag(lattice)  = [15.11, 10.68, 128.0]
Ecut           = 20
fft_size       = (48, 36, 400)
kgrid          = [3, 4, 1]
irreducible k  = 12
n_bands        = 425
n_electr       = 808
mixing         = RestaMixing(0.895, 14, 1.0)
n     Energy            Eₙ-Eₙ₋₁     ρout-ρin   Diag
---   ---------------   ---------   --------   ----
  1   -1387.013332932         NaN   3.08e+00    34.3 
  2   -1388.071573901   -1.06e+00   1.06e+00    30.0 
  3   -1388.512438021   -4.41e-01   5.22e-01    22.3 
  4   -1388.704902366   -1.92e-01   4.95e-02    18.2 
  5   -1388.707549996   -2.65e-03   3.07e-02    13.9 
  6   -1388.708558400   -1.01e-03   8.47e-03    8.3 
  7   -1388.708974765   -4.16e-04   3.64e-03    6.4 
  8   -1388.709190961   -2.16e-04   2.14e-03    13.8 
  9   -1388.709281455   -9.05e-05   1.26e-03    9.2 
 10   -1388.709337573   -5.61e-05   6.78e-04    13.2 
 11   -1388.709358842   -2.13e-05   3.12e-04    13.3 
 12   -1388.709364142   -5.30e-06   1.62e-04    13.5 
 13   -1388.709365527   -1.38e-06   9.51e-05    10.2 
 14   -1388.709365996   -4.69e-07   5.00e-05    11.5 
 15   -1388.709366096   -1.00e-07   2.57e-05    4.7 
 16   -1388.709366131   -3.52e-08   1.41e-05    7.6 
 17   -1388.709366143   -1.10e-08   7.64e-06    7.2 
 18   -1388.709366145   -2.76e-09   4.16e-06    7.9 
 19   -1388.709366146   -8.37e-10   2.14e-06    6.1 
 20   -1388.709366146   -2.56e-10   1.14e-06    6.3 
 21   -1388.709366147   -1.21e-10   5.70e-07    6.0 
 22   -1388.709366147   -2.23e-11   3.07e-07    10.4 
Energy breakdown:
    Kinetic             819.5516288
    AtomicLocal         -26799.1197772
    AtomicNonlocal      152.7156910
    Ewald               11678.6054084
    PspCorrection       18.6907286
    Hartree             13086.9423265
    Xc                  -346.0953722

    total               -1388.709366146528

 ──────────────────────────────────────────────────────────────────────────────
                                       Time                   Allocations      
                               ──────────────────────   ───────────────────────
       Tot / % measured:           107776s / 100%           12638GiB / 100%    

 Section               ncalls     time   %tot     avg     alloc   %tot      avg
 ──────────────────────────────────────────────────────────────────────────────
 self_consistent_field      1   107720s   100%  107720s   12605GiB 100%   12605GiB
   LOBPCG                 264   94018s  87.2%    356s   11049GiB 87.4%  41.9GiB
     block multipli...  18.6k   27822s  25.8%   1.49s   2849GiB  22.5%   157MiB
     Hamiltonian mu...  3.55k   27478s  25.5%   7.74s   1586GiB  12.6%   458MiB
     rayleigh_ritz      3.29k   12907s  12.0%   3.93s   78.1GiB  0.62%  24.3MiB
     ortho              14.3k    9596s  8.90%   671ms   1961GiB  15.5%   140MiB
   energy_hamiltonian      45   12260s  11.4%    272s    344GiB  2.72%  7.64GiB
   compute_density         22     676s  0.63%   30.7s   1174GiB  9.29%  53.3GiB
   QR orthonormaliz...    264     160s  0.15%   605ms   33.2GiB  0.26%   129MiB
   mixing Resta            22    16.7s  0.02%   758ms    464MiB  0.00%  21.1MiB
 PlaneWaveBasis             1    49.8s  0.05%   49.8s   33.1GiB  0.26%  33.1GiB
   Instantiation At...      1    30.3s  0.03%   30.3s   25.8GiB  0.20%  25.8GiB
   Instantiation Ewald      1    14.8s  0.01%   14.8s   7.07GiB  0.06%  7.07GiB
   Instantiation At...      1    4.11s  0.00%   4.11s   79.1MiB  0.00%  79.1MiB
   build_kpoints            1    387ms  0.00%   387ms    139MiB  0.00%   139MiB
   Instantiation Ha...      1   57.2ms  0.00%  57.2ms   27.0MiB  0.00%  27.0MiB
   Instantiation Ki...      1   7.66ms  0.00%  7.66ms   8.08MiB  0.00%  8.08MiB
   Instantiation Ps...      1    340μs  0.00%   340μs   13.8KiB  0.00%  13.8KiB
   Instantiation Xc         1   5.15μs  0.00%  5.15μs     32.0B  0.00%    32.0B
 guess_density              1    3.19s  0.00%   3.19s    132MiB  0.00%   132MiB
 spglib_get_symmetry        1   7.41ms  0.00%  7.41ms    425KiB  0.00%   425KiB
 ──────────────────────────────────────────────────────────────────────────────
