#
#-- SCF GaAsSiO2H n_repeat=20 -- mixing=HybridMixing(0.334, 14, 1.0, var"#223#231"{Int64,var"#periodise#230"}(30, var"#periodise#230"(), Core.Box(0.9796124068570924), Core.Box(1.5213465358236058)), true, false)
#

hostname       = clustern11

started on     = 2020-08-18T07:00:29.725
julia threads  = 4
BLAS threads   = 4

temperature    = 0.0
smearing       = DFTK.Smearing.None()
diag(lattice)  = [15.11, 10.68, 128.0]
Ecut           = 20
fft_size       = (48, 36, 400)
kgrid          = [3, 4, 1]
irreducible k  = 12
n_bands        = 425
n_electr       = 808
mixing         = HybridMixing(0.334, 14, 1.0, var"#223#231"{Int64,var"#periodise#230"}(30, var"#periodise#230"(), Core.Box(0.9796124068570924), Core.Box(1.5213465358236058)), true, false)
n     Energy            Eₙ-Eₙ₋₁     ρout-ρin   Diag
---   ---------------   ---------   --------   ----
  1   -1387.013338341         NaN   3.08e+00    34.0 
  2   -1388.527947883   -1.51e+00   1.96e+00    26.7 
  3   -1388.617877848   -8.99e-02   7.02e-01    24.3 
  4   -1372.354217532    1.63e+01   2.92e-01    32.8 
  5   -1360.160855777    1.22e+01   3.20e-01    37.8 
  6   -1388.651503030   -2.85e+01   1.18e-01    38.0 
  7   -1388.692511095   -4.10e-02   8.05e-02    21.3 
  8   -1388.695370307   -2.86e-03   5.05e-02    24.8 
  9   -1388.653306892    4.21e-02   2.27e-02    22.2 
 10   -1388.701098904   -4.78e-02   1.55e-02    23.8 
 11   -1388.704918711   -3.82e-03   9.32e-03    21.2 
 12   -1388.707786305   -2.87e-03   4.37e-03    26.8 
 13   -1388.708756372   -9.70e-04   2.65e-03    28.7 
 14   -1388.709302948   -5.47e-04   1.58e-03    33.2 
 15   -1388.709350448   -4.75e-05   8.98e-04    31.5 
 16   -1388.709342354    8.09e-06   4.98e-04    24.6 
 17   -1388.709360047   -1.77e-05   2.36e-04    27.4 
 18   -1388.709365568   -5.52e-06   1.20e-04    30.2 
 19   -1388.709366070   -5.02e-07   5.99e-05    27.6 
 20   -1388.709366139   -6.83e-08   3.05e-05    27.9 
 21   -1388.709366145   -6.33e-09   1.56e-05    24.4 
 22   -1388.709366146   -1.05e-09   8.01e-06    19.8 
 23   -1388.709366146   -3.61e-10   3.99e-06    18.3 
 24   -1388.709366146   -6.37e-11   1.65e-06    29.1 
 25   -1388.709366146   -4.84e-11   9.41e-07    24.4 
Energy breakdown:
    Kinetic             819.5516294
    AtomicLocal         -26799.1194485
    AtomicNonlocal      152.7156914
    Ewald               11678.6054084
    PspCorrection       18.6907286
    Hartree             13086.9419971
    Xc                  -346.0953725

    total               -1388.709366146480

 ──────────────────────────────────────────────────────────────────────────────
                                       Time                   Allocations      
                               ──────────────────────   ───────────────────────
       Tot / % measured:           122756s / 100%           15160GiB / 100%    

 Section               ncalls     time   %tot     avg     alloc   %tot      avg
 ──────────────────────────────────────────────────────────────────────────────
 self_consistent_field      1   122691s   100%  122691s   15125GiB 100%   15125GiB
   LOBPCG                 300   105464s  85.9%    352s   13249GiB 87.4%  44.2GiB
     Hamiltonian mu...  8.47k   32779s  26.7%   3.87s   2020GiB  13.3%   244MiB
     block multipli...  47.8k   31445s  25.6%   658ms   3463GiB  22.8%  74.2MiB
     rayleigh_ritz      8.17k   13293s  10.8%   1.63s   81.9GiB  0.54%  10.3MiB
     ortho              35.4k   10363s  8.44%   293ms   2336GiB  15.4%  67.5MiB
   energy_hamiltonian      51   15681s  12.8%    307s    391GiB  2.58%  7.67GiB
   compute_density         25     703s  0.57%   28.1s   1334GiB  8.80%  53.4GiB
   QR orthonormaliz...    300     155s  0.13%   516ms   33.2GiB  0.22%   113MiB
   mixing Hybrid           25     118s  0.10%   4.73s    110GiB  0.73%  4.42GiB
 PlaneWaveBasis             1    48.8s  0.04%   48.8s   33.8GiB  0.22%  33.8GiB
   Instantiation At...      1    24.7s  0.02%   24.7s   25.9GiB  0.17%  25.9GiB
   Instantiation Ewald      1    16.6s  0.01%   16.6s   7.34GiB  0.05%  7.34GiB
   Instantiation At...      1    3.85s  0.00%   3.85s    107MiB  0.00%   107MiB
   Instantiation Ps...      1    974ms  0.00%   974ms   99.5MiB  0.00%  99.5MiB
   Instantiation Ha...      1    328ms  0.00%   328ms   70.6MiB  0.00%  70.6MiB
   build_kpoints            1    188ms  0.00%   188ms    139MiB  0.00%   139MiB
   Instantiation Ki...      1    102ms  0.00%   102ms   18.4MiB  0.00%  18.4MiB
   Instantiation Xc         1   4.30ms  0.00%  4.30ms    196KiB  0.00%   196KiB
 guess_density              1    3.20s  0.00%   3.20s    147MiB  0.00%   147MiB
 spglib_get_symmetry        1    1.61s  0.00%   1.61s    234MiB  0.00%   234MiB
 ──────────────────────────────────────────────────────────────────────────────
