#
#-- SCF GaAsSiO2H n_repeat=20 -- mixing=SimpleMixing(0.104)
#

hostname       = clustern15

started on     = 2020-08-05T12:05:09.521
julia threads  = 4
BLAS threads   = 4

temperature    = 0.0
smearing       = DFTK.Smearing.None()
diag(lattice)  = [15.11, 10.68, 128.0]
Ecut           = 20
fft_size       = (48, 36, 400)
kgrid          = [3, 4, 1]
irreducible k  = 12
n_bands        = 425
n_electr       = 808
mixing         = SimpleMixing(0.104)
n     Energy            Eₙ-Eₙ₋₁     ρout-ρin   Diag
---   ---------------   ---------   --------   ----
  1   -1387.013333534         NaN   3.08e+00    33.9 
  2   -1387.739116356   -7.26e-01   2.70e+00    31.3 
  3   -1371.140566309    1.66e+01   1.11e+00    33.1 
  4   +94830.34470210    9.62e+04   9.96e+00    56.0 
  5   +10003.71129069   -8.48e+04   3.70e+00    41.6 
  6   +34961.46098810    2.50e+04   6.35e+00    48.4 
  7   +52523.38704588    1.76e+04   6.56e+00    53.2 
  8   +43047.00839486   -9.48e+03   5.86e+00    39.8 
  9   +42725.00975124   -3.22e+02   5.85e+00    58.0 
 10   +42981.26939197    2.56e+02   5.87e+00    34.8 
 11   +42852.45620154   -1.29e+02   5.86e+00    24.3 
 12   +42690.28016455   -1.62e+02   5.84e+00    39.8 
 13   +46445.67179977    3.76e+03   6.15e+00    48.1 
 14   +14613.35589747   -3.18e+04   3.57e+00    48.6 
 15   +210644.2621795    1.96e+05   1.44e+01    68.1 
 16   +144937.3579555   -6.57e+04   1.27e+01    56.6 
 17   +170300.7374558    2.54e+04   1.30e+01    43.0 
 18   +141068.8852400   -2.92e+04   1.23e+01    56.6 
 19   +141551.6361069    4.83e+02   1.22e+01    63.8 
 20   +142011.9571972    4.60e+02   1.22e+01    57.3 
 21   +137070.9973502   -4.94e+03   1.20e+01    45.7 
 22   +143752.1712362    6.68e+03   1.23e+01    34.5 
 23   +143667.9100607   -8.43e+01   1.23e+01    35.0 
 24   +145178.9759796    1.51e+03   1.24e+01    40.5 
 25   +211672.1028883    6.65e+04   1.47e+01    74.3 
 26   +148203.9674994   -6.35e+04   1.82e+01    200.0 
 27   +79335.67698509   -6.89e+04   1.48e+01    200.0 
 28   +135242.0882101    5.59e+04   1.59e+01    173.8 
 29   +140039.8720307    4.80e+03   1.77e+01    125.1 
 30   +198604.0381961    5.86e+04   1.54e+01    138.4 
 31   +57797.74721218   -1.41e+05   1.03e+01    159.8 
 32   +118363.5217689    6.06e+04   1.47e+01    147.8 
 33   +76491.43973471   -4.19e+04   1.05e+01    144.1 
 34   +103294.9811500    2.68e+04   1.17e+01    153.2 
 35   +72304.40370182   -3.10e+04   1.40e+01    174.3 
 36   +200643.5165744    1.28e+05   1.92e+01    124.4 
 37   +277470.3546794    7.68e+04   1.70e+01    184.3 
 38   +171282.2590070   -1.06e+05   1.67e+01    90.0 
 39   +91598.68527998   -7.97e+04   1.20e+01    70.8 
 40   +69919.05404786   -2.17e+04   1.04e+01    49.8 
 41   +141201.7515040    7.13e+04   1.23e+01    57.2 
 42   +52582.03925052   -8.86e+04   1.11e+01    107.0 
 43   +243415.5264915    1.91e+05   1.69e+01    115.6 
 44   +280958.9927548    3.75e+04   1.81e+01    79.8 
 45   +292122.8473345    1.12e+04   1.89e+01    43.3 
 46   +180087.2860973   -1.12e+05   1.75e+01    123.5 
 47   +289867.8633545    1.10e+05   1.83e+01    117.4 
 48   +251783.3223762   -3.81e+04   1.58e+01    89.8 
 49   +274663.2698754    2.29e+04   1.73e+01    72.4 
 50   +221824.3786534   -5.28e+04   1.51e+01    131.8 
Energy breakdown:
    Kinetic             757.5219572
    AtomicLocal         70175.0976237
    AtomicNonlocal      97.0826832
    Ewald               11678.6054084
    PspCorrection       18.6907286
    Hartree             139474.2638765
    Xc                  -376.8836241

    total               221824.378653499589

 ──────────────────────────────────────────────────────────────────────────────
                                       Time                   Allocations      
                               ──────────────────────   ───────────────────────
       Tot / % measured:          1279718s / 100%          128956GiB / 100%    

 Section               ncalls     time   %tot     avg     alloc   %tot      avg
 ──────────────────────────────────────────────────────────────────────────────
 self_consistent_field      1   1279662s   100%  1279662s   128923GiB100%   128923GiB
   LOBPCG                 600   1246055s  97.4%   2077s   125431GiB97.3%   209GiB
     block multipli...   303k   454982s  35.6%   1.50s   44938GiB 34.8%   152MiB
     Hamiltonian mu...  51.5k   308569s  24.1%   5.99s   18057GiB 14.0%   359MiB
     rayleigh_ritz      50.9k   181420s  14.2%   3.57s   1092GiB  0.85%  22.0MiB
     ortho               220k   112615s  8.80%   512ms   24697GiB 19.2%   115MiB
   energy_hamiltonian     101   31281s  2.44%    310s    780GiB  0.61%  7.72GiB
   compute_density         50    1488s  0.12%   29.8s   2667GiB  2.07%  53.3GiB
   QR orthonormaliz...    600     199s  0.02%   331ms   33.2GiB  0.03%  56.6MiB
   mixing Simple           50    36.2s  0.00%   723ms   2.32GiB  0.00%  47.5MiB
 PlaneWaveBasis             1    49.9s  0.00%   49.9s   33.1GiB  0.03%  33.1GiB
   Instantiation At...      1    30.0s  0.00%   30.0s   25.8GiB  0.02%  25.8GiB
   Instantiation Ewald      1    14.6s  0.00%   14.6s   7.07GiB  0.01%  7.07GiB
   Instantiation At...      1    4.00s  0.00%   4.00s   79.1MiB  0.00%  79.1MiB
   build_kpoints            1    477ms  0.00%   477ms    139MiB  0.00%   139MiB
   Instantiation Ki...      1   12.0ms  0.00%  12.0ms   8.08MiB  0.00%  8.08MiB
   Instantiation Ha...      1   8.79ms  0.00%  8.79ms   15.8MiB  0.00%  15.8MiB
   Instantiation Ps...      1    175μs  0.00%   175μs   4.92KiB  0.00%  4.92KiB
   Instantiation Xc         1   4.54μs  0.00%  4.54μs     32.0B  0.00%    32.0B
 guess_density              1    3.37s  0.00%   3.37s    132MiB  0.00%   132MiB
 spglib_get_symmetry        1   7.93ms  0.00%  7.93ms    425KiB  0.00%   425KiB
 ──────────────────────────────────────────────────────────────────────────────
