#
#-- optimal_damping SiO2 n_repeat=39 -- mixing=SimpleMixing(1.0)
#

Starting Arnoldi (now = 2020-07-26T16:54:40.007 ...

#--- 1 ---#
idcs      evals   residnorms   |P(X)|
  1    0.999842   0.0848031  4.45975e-16

#--- 2 ---#
idcs      evals   residnorms   |P(X)|
  1     0.99918   0.0310575  4.44987e-16
  2     2.96827    0.721547  4.69982e-16

#--- 3 ---#
idcs      evals   residnorms   |P(X)|
  1     0.99889   0.0166439  4.46357e-16
  2      2.2172    0.676843  4.56297e-16
  3     3.05498      0.4722  4.59317e-16

#--- 4 ---#
idcs      evals   residnorms   |P(X)|
  1     0.99857   0.0112181  4.46262e-16
  2     1.42838    0.327417  4.5499e-16
  3      2.5568    0.258086  4.56593e-16
  4     3.13893    0.150233  4.64615e-16

#--- 5 ---#
idcs      evals   residnorms   |P(X)|
  1    0.998424   0.0164233  4.45383e-16
  2     1.19485    0.341151  4.45238e-16
  3     1.75728    0.421649  4.50745e-16
  4     2.72404    0.128061  4.5791e-16
  5     3.07875   0.0664759  4.53368e-16

#--- 6 ---#
idcs      evals   residnorms   |P(X)|
  1    0.998012   0.0204816  4.45859e-16
  2     1.06738    0.172378  4.44341e-16
  3     1.52735    0.206288  4.53445e-16
  4     2.33534    0.312527  4.60873e-16
  5     2.74613    0.105072  4.64589e-16
  6     3.08934   0.0311802  4.63234e-16

#--- 7 ---#
idcs      evals   residnorms   |P(X)|
  1    0.997396   0.0239421  4.46393e-16
  2     1.04295    0.139746  4.42245e-16
  3     1.45324    0.301255  4.51516e-16
  4     1.79228    0.458651  4.45601e-16
  5     2.52145    0.255413  4.53724e-16
  6     2.73989    0.119151  4.56593e-16
  7     3.09858   0.0176283  4.50616e-16

#--- 8 ---#
idcs      evals   residnorms   |P(X)|
  1    0.995964   0.0368797  4.45409e-16
  2     1.01547   0.0904961  4.43261e-16
  3     1.35959    0.260941  4.4165e-16
  4      1.5757    0.233266  4.47585e-16
  5      2.3349    0.278147  4.55924e-16
  6     2.64662    0.148118  4.58485e-16
  7      2.9136    0.236826  4.50177e-16
  8     3.09655   0.0261899  4.52649e-16

#--- 9 ---#
idcs      evals   residnorms   |P(X)|
  1    0.984489   0.0657216  4.416e-16
  2     1.00087   0.0332395  4.45937e-16
  3     1.22216    0.172599  4.42394e-16
  4     1.46573    0.150263  4.4457e-16
  5     1.80615    0.200085  4.49451e-16
  6     2.40827   0.0919717  4.57549e-16
  7     2.71447   0.0359217  4.57349e-16
  8     3.00647   0.0826605  4.53348e-16
  9     3.11164   0.0155254  4.62722e-16

#--- 10 ---#
idcs      evals   residnorms   |P(X)|
  1    0.979751   0.0527862  4.45458e-16
  2     1.00015   0.0207353  4.46e-16
  3     1.18106    0.136839  4.42897e-16
  4     1.43174    0.152924  4.50007e-16
  5     1.71502    0.227328  4.50644e-16
  6     2.20176    0.442822  4.53324e-16
  7     2.49276    0.211707  4.55438e-16
  8     2.68474   0.0594062  4.61927e-16
  9     3.02078   0.0822034  4.47082e-16
 10      3.1018   0.0125339  4.53622e-16

#--- 11 ---#
idcs      evals   residnorms   |P(X)|
  1    0.975115   0.0358265  4.4391e-16
  2    0.999654   0.0118524  4.47151e-16
  3     1.15034     0.10203  4.43638e-16
  4       1.366    0.162397  4.45549e-16
  5     1.58777    0.181283  4.49167e-16
  6      1.8836    0.217276  4.47837e-16
  7     2.41765     0.10029  4.55067e-16
  8     2.66567   0.0809174  4.50339e-16
  9     2.84011    0.211455  4.5197e-16
 10     3.01655    0.098514  4.45811e-16
 11     3.10843   0.0128413  4.54594e-16

#--- 12 ---#
idcs      evals   residnorms   |P(X)|
  1     0.97291   0.0272277  4.42322e-16
  2    0.999466  0.00883748  4.45692e-16
  3     1.12565   0.0929426  4.46017e-16
  4     1.28392    0.158286  4.45182e-16
  5     1.51787    0.124179  4.54658e-16
  7     2.13402     0.33197  4.50803e-16
  8     2.42293   0.0884469  4.5903e-16
  9     2.70882   0.0312767  4.53544e-16
 10     2.92718    0.152489  4.50727e-16
 11     3.04192    0.084002  4.46467e-16
 12      3.0992   0.0124955  4.5675e-16

#--- 13 ---#
idcs      evals   residnorms   |P(X)|
  1    0.971501   0.0335433  4.45506e-16
  2    0.999339   0.0121112  4.45841e-16
  3     1.07856    0.117544  4.46777e-16
  4     1.21876     0.15613  4.39615e-16
  5     1.46039    0.147836  4.49872e-16
  8     2.33625    0.216283  4.49489e-16
  9     2.48429    0.180544  4.53913e-16
 10     2.70021   0.0313951  4.52371e-16
 11     2.93414    0.107396  4.58626e-16
 12     3.05256   0.0602656  4.42206e-16
 13     3.10373  0.00809736  4.60094e-16

#--- 14 ---#
idcs      evals   residnorms   |P(X)|
  1     0.97002   0.0302061  4.44274e-16
  2    0.999193   0.0125759  4.45911e-16
  3     1.04939   0.0991017  4.45384e-16
  4      1.1861    0.104419  4.42083e-16
  5     1.40436    0.130039  4.47622e-16
  9     2.41068    0.129142  4.5769e-16
 10     2.70198    0.163363         NaN
 11     2.70198    0.163363         NaN
 12     2.95727     0.13384  4.58301e-16
 13     3.05905    0.068292  4.47713e-16
 14     3.10784   0.0106575  4.52159e-16
Warn: Suppressed imaginary part.

#--- 15 ---#
idcs      evals   residnorms   |P(X)|
  1    0.967933   0.0275961  4.44203e-16
  2    0.998788   0.0155629  4.46689e-16
  3     1.02537   0.0827105  4.45671e-16
  4     1.15489   0.0846039  4.43628e-16
  5     1.29822    0.117602  4.4666e-16
 10     2.45206   0.0582803  4.57639e-16
 11     2.68898   0.0197001  4.67469e-16
 12     2.84071    0.108409  4.52073e-16
 13     2.98867   0.0639006  4.52337e-16
 14     3.08551   0.0459635  4.43161e-16
 15     3.10281   0.0122719  4.56302e-16

#--- 16 ---#
idcs      evals   residnorms   |P(X)|
  1     0.96691   0.0290778  4.43114e-16
  2    0.998383   0.0224176  4.46412e-16
  3     1.01474   0.0777709  4.45238e-16
  4     1.14173   0.0824169  4.41019e-16
  5     1.27074    0.122968  4.45588e-16
 11     2.44606   0.0846164  4.56855e-16
 12      2.7026   0.0161106  4.57123e-16
 13     2.85502   0.0856822  4.5517e-16
 14     2.99586   0.0491792  4.48193e-16
 15     3.07867   0.0274252  4.49065e-16
 16     3.10842  0.00643689  4.53527e-16

#--- 17 ---#
idcs      evals   residnorms   |P(X)|
  1    0.965776   0.0272898  4.43506e-16
  2    0.997503   0.0317676  4.46093e-16
  3     1.00778   0.0671907  4.42702e-16
  4     1.12091   0.0892854  4.43122e-16
  5     1.22214    0.134308  4.42015e-16
 12     2.71003    0.108222         NaN
 13     2.71003    0.108222         NaN
 14     2.90148    0.158055  4.49994e-16
 15     3.00672   0.0811775  4.45198e-16
 16     3.08362   0.0443686  4.43557e-16
 17     3.10347  0.00920012  4.50451e-16
Warn: Suppressed imaginary part.

 ──────────────────────────────────────────────────────────────────────────────
                                       Time                   Allocations      
                               ──────────────────────   ───────────────────────
       Tot / % measured:           204520s / 100%          281792GiB / 100%    

 Section               ncalls     time   %tot     avg     alloc   %tot      avg
 ──────────────────────────────────────────────────────────────────────────────
 apply_χ0                  17   204455s   100%  12027s   281769GiB100%   16575GiB
   Hamiltonian mult...   293k    8737s  4.27%  29.8ms   1358GiB  0.48%  4.75MiB
 PlaneWaveBasis             1    16.5s  0.01%   16.5s   7.04GiB  0.00%  7.04GiB
   Instantiation Ewald      1    11.8s  0.01%   11.8s   4.43GiB  0.00%  4.43GiB
   Instantiation At...      1    3.00s  0.00%   3.00s   2.47GiB  0.00%  2.47GiB
   Instantiation At...      1    1.56s  0.00%   1.56s   30.4MiB  0.00%  30.4MiB
   build_kpoints            1   62.0ms  0.00%  62.0ms   66.3MiB  0.00%  66.3MiB
   Instantiation Ha...      1   7.78ms  0.00%  7.78ms   10.1MiB  0.00%  10.1MiB
   Instantiation Ki...      1   2.78ms  0.00%  2.78ms   3.04MiB  0.00%  3.04MiB
   Instantiation Ps...      1    133μs  0.00%   133μs   2.00KiB  0.00%  2.00KiB
   Instantiation Xc         1   3.40μs  0.00%  3.40μs     32.0B  0.00%    32.0B
 spglib_get_symmetry        1   9.67ms  0.00%  9.67ms    401KiB  0.00%   401KiB
 mixing Simple             17    153μs  0.00%  8.98μs     0.00B  0.00%    0.00B
 ──────────────────────────────────────────────────────────────────────────────
