#
#-- optimal_damping SiO2 n_repeat=39 -- mixing=RestaMixing(1.0, 2.4, 1.0)
#

Starting Arnoldi (now = 2020-07-26T18:29:44.677 ...

#--- 1 ---#
idcs      evals   residnorms   |P(X)|
  1    0.986384   0.0618106  4.45739e-16

#--- 2 ---#
idcs      evals   residnorms   |P(X)|
  1    0.984802   0.0686567  4.45238e-16
  2     1.49665    0.570734  4.51133e-16

#--- 3 ---#
idcs      evals   residnorms   |P(X)|
  1    0.944261     0.17273  4.48518e-16
  2    0.998733    0.137679  4.50018e-16
  3      2.1235    0.196153  4.53247e-16

#--- 4 ---#
idcs      evals   residnorms   |P(X)|
  1     0.81513    0.148868  4.46907e-16
  2    0.988148   0.0486302  4.46211e-16
  3     1.32218    0.268304  4.53827e-16
  4     2.14713   0.0733066  4.56159e-16

#--- 5 ---#
idcs      evals   residnorms   |P(X)|
  1     0.75409    0.121499  4.46016e-16
  2    0.985571   0.0528286  4.46342e-16
  3     1.12791    0.208183  4.46915e-16
  4     1.71506    0.354763  4.50474e-16
  5     2.14846   0.0588025  4.52642e-16

#--- 6 ---#
idcs      evals   residnorms   |P(X)|
  1    0.706286   0.0746608  4.53807e-16
  2     0.94706    0.105062  4.45503e-16
  3    0.995175   0.0672182  4.44976e-16
  4     1.35383    0.133029  4.56191e-16
  5      1.9469    0.143146  4.42571e-16
  6     2.16386   0.0326993  4.54204e-16

#--- 7 ---#
idcs      evals   residnorms   |P(X)|
  1    0.701415   0.0901036  4.56156e-16
  2    0.866919    0.144516  4.4665e-16
  3    0.988736   0.0431291  4.46378e-16
  4     1.22773    0.300407  4.45654e-16
  5     1.40207    0.281299  4.51448e-16
  6     1.98298   0.0883011  4.41512e-16
  7     2.16399   0.0188931  4.51064e-16

#--- 8 ---#
idcs      evals   residnorms   |P(X)|
  1    0.699826   0.0818081  4.5737e-16
  2    0.793252    0.115656  4.497e-16
  3    0.985585   0.0356843  4.4477e-16
  4     1.08514    0.140056  4.47295e-16
  5     1.35131    0.118106  4.6368e-16
  6     1.87984    0.298195  4.46382e-16
  7     2.04016    0.232371  4.35126e-16
  8     2.16344   0.0337419  4.53711e-16

#--- 9 ---#
idcs      evals   residnorms   |P(X)|
  1    0.675652   0.0786654  4.54875e-16
  2    0.761792    0.112401  4.54168e-16
  3    0.920039    0.123191  4.43798e-16
  4     0.99101   0.0385138  4.46239e-16
  5     1.21414    0.132537  4.45669e-16
  6     1.35085   0.0835908  4.53934e-16
  7     1.94952   0.0484741  4.38419e-16
  8     2.12506   0.0791582  4.4458e-16
  9     2.17035   0.0299328  4.56694e-16

#--- 10 ---#
idcs      evals   residnorms   |P(X)|
  1    0.667025   0.0560064  4.55213e-16
  2    0.757913   0.0845021  4.4708e-16
  3    0.885149   0.0978794  4.42489e-16
  4    0.989162   0.0239715  4.46871e-16
  5     1.17942    0.130557  4.4603e-16
  6     1.34274    0.114543  4.50572e-16
  7     1.64068    0.473546  4.44651e-16
  8     1.95371   0.0676884  4.34394e-16
  9     2.14168   0.0790855  4.42283e-16
 10     2.17094   0.0441657  4.51937e-16

#--- 11 ---#
idcs      evals   residnorms   |P(X)|
  1    0.655213   0.0491721  4.52256e-16
  2    0.753556   0.0930544  4.54283e-16
  3    0.826306    0.124761  4.48149e-16
  4    0.980769   0.0889397  4.46744e-16
  5     1.01204    0.146373  4.45041e-16
  6     1.20184   0.0942138  4.47663e-16
  7     1.36093    0.043988  4.59092e-16
  8     1.92891   0.0937549  4.47689e-16
  9     2.00823    0.142209  4.34511e-16
 10     2.15339   0.0519755  4.47202e-16
 11     2.17849   0.0505729  4.47841e-16

#--- 12 ---#
idcs      evals   residnorms   |P(X)|
  1    0.648952   0.0372567  4.46331e-16
  2    0.728378   0.0660767  4.56337e-16
  3    0.804665   0.0875261  4.5428e-16
  4    0.929495   0.0879599  4.44534e-16
  5    0.991082   0.0242338  4.45979e-16
  7     1.32825    0.116849  4.57752e-16
  8     1.42241    0.170585  4.54241e-16
  9     1.93919   0.0297621  4.44612e-16
 10     2.03862    0.061144  4.35725e-16
 11     2.15585   0.0188721  4.48906e-16
 12     2.18378   0.0230358  4.54639e-16

#--- 13 ---#
idcs      evals   residnorms   |P(X)|
  1    0.647271   0.0337971  4.59529e-16
  2    0.719271    0.061384  4.53406e-16
  3    0.803213   0.0907905  4.53955e-16
  4    0.906251    0.106172  4.43359e-16
  5     0.98973   0.0270784  4.4753e-16
  8     1.36642   0.0851276  4.55509e-16
  9     1.67168    0.408539  4.43729e-16
 10     1.94119   0.0400511  4.43641e-16
 11     2.04745   0.0685955  4.37033e-16
 12     2.15807   0.0182023  4.52679e-16
 13     2.18402   0.0228544  4.43417e-16

#--- 14 ---#
idcs      evals   residnorms   |P(X)|
  1    0.643997   0.0333069  4.54673e-16
  2    0.701006   0.0660456  4.60739e-16
  3    0.786587    0.109004  4.51071e-16
  4    0.834073    0.118801  4.54585e-16
  5    0.961299   0.0866698  4.46995e-16
  9     1.41633   0.0927229  4.58089e-16
 10     1.93366   0.0483368  4.48969e-16
 11     1.99713    0.124423  4.36675e-16
 12     2.08192    0.114742  4.40665e-16
 13     2.15921    0.019756  4.53111e-16
 14     2.18587     0.02244  4.4399e-16

#--- 15 ---#
idcs      evals   residnorms   |P(X)|
  1     0.64037   0.0340493  4.57101e-16
  2    0.689875   0.0691905  4.54657e-16
  3    0.756036     0.08308  4.56048e-16
  4    0.829494     0.08737  4.50666e-16
  5    0.936291   0.0845921  4.43971e-16
 10     1.46416    0.162122  4.56876e-16
 11     1.93648   0.0181773  4.43789e-16
 12     2.01459   0.0504073  4.34818e-16
 13     2.10231   0.0627502  4.38683e-16
 14      2.1594   0.0120595  4.49459e-16
 15      2.1868   0.0124251  4.48541e-16

#--- 16 ---#
idcs      evals   residnorms   |P(X)|
  1    0.638389   0.0254184  4.57368e-16
  2    0.683583   0.0507865  4.5318e-16
  3    0.745136   0.0568478  4.63356e-16
  4    0.827239   0.0682404  4.48779e-16
  5    0.916041   0.0872235  4.41362e-16
 11     1.82892    0.357028  4.41494e-16
 12     1.93881    0.046746  4.44462e-16
 13     2.02355   0.0818536  4.33315e-16
 14     2.11533   0.0900246  4.40262e-16
 15       2.159   0.0181705  4.53166e-16
 16     2.18715   0.0157009  4.44318e-16

#--- 17 ---#
idcs      evals   residnorms   |P(X)|
  1    0.636133   0.0211203  4.60929e-16
  2    0.674197   0.0401201  4.61296e-16
  3    0.737062   0.0521047  4.60099e-16
  4    0.799203   0.0740385  4.52367e-16
  5    0.872661   0.0955436  4.4312e-16
 12     1.93434   0.0199413  4.50318e-16
 13     1.98566   0.0676642  4.32874e-16
 14     2.05259   0.0635796  4.41426e-16
 15     2.13907   0.0579621  4.45042e-16
 16     2.16109   0.0201285  4.52435e-16
 17     2.18811   0.0120429  4.41247e-16

#--- 18 ---#
idcs      evals   residnorms   |P(X)|
  1    0.635309   0.0209001  4.3906e-16
  2    0.671024   0.0403675  4.63172e-16
  3    0.732371   0.0587248  4.61032e-16
  4    0.786632   0.0855623  4.54624e-16
  5      0.8595   0.0979127  4.49473e-16
 13       1.935   0.0151431  4.41194e-16
 14     1.99358   0.0515123  4.32422e-16
 15     2.05857   0.0516806  4.37907e-16
 16     2.14345   0.0405395  4.47327e-16
 17     2.16282   0.0182561  4.52598e-16
 18     2.18816  0.00981721  4.42363e-16

#--- 19 ---#
idcs      evals   residnorms   |P(X)|
  1    0.634286   0.0173197  4.50698e-16
  2     0.66535   0.0337924  4.55041e-16
  3     0.72165   0.0553577  4.56116e-16
  4    0.772117   0.0819229  4.52392e-16
  5    0.830133   0.0771517  4.52557e-16
 14     1.94431    0.139112  4.44335e-16
 15     2.01256    0.101868  4.34926e-16
 16     2.07663   0.0923005  4.39778e-16
 17     2.15175   0.0550405  4.45751e-16
 18     2.16262   0.0371714  4.50173e-16
 19     2.18862   0.0124162  4.39046e-16

#--- 20 ---#
idcs      evals   residnorms   |P(X)|
  1    0.633472   0.0156708  4.55648e-16
  2    0.662413   0.0326422  4.55227e-16
  3    0.710709   0.0556597  4.60778e-16
  4    0.762058   0.0696799  4.58144e-16
  5    0.811282   0.0652788  4.49661e-16
 15     1.97067   0.0548465  4.41749e-16
 16     2.03104    0.053135  4.37554e-16
 17     2.09194   0.0585031  4.39173e-16
 18     2.15448   0.0244722  4.45634e-16
 19     2.16713   0.0267453  4.54905e-16
 20     2.18897  0.00859872  4.38255e-16

#--- 21 ---#
idcs      evals   residnorms   |P(X)|
  1    0.633021    0.013935  4.43403e-16
  2     0.66078   0.0313243  4.55595e-16
  3    0.703228   0.0547364  4.53825e-16
  4    0.752622   0.0585496  4.60076e-16
  5    0.805945    0.062486  4.55218e-16
 16     1.97803   0.0579093  4.34021e-16
 17     2.03694   0.0545637  4.42183e-16
 18     2.10052   0.0601857  4.36413e-16
 19     2.15536   0.0222842  4.4952e-16
 20     2.16857   0.0276246  4.50605e-16
 21     2.18904  0.00845153  4.39788e-16

#--- 22 ---#
idcs      evals   residnorms   |P(X)|
  1    0.632604    0.008877  4.50543e-16
  2    0.659213    0.021834  4.54936e-16
  3    0.695949   0.0378742  4.51371e-16
  4    0.745726   0.0388822  4.53279e-16
  5    0.802088   0.0568338  4.56786e-16
 17     2.00563   0.0974754  4.31108e-16
 18     2.05762   0.0908642  4.45033e-16
 19     2.11854   0.0883311  4.38886e-16
 20     2.15715   0.0258058  4.52254e-16
 21     2.17274   0.0412151  4.53017e-16
 22     2.18944   0.0125374  4.38996e-16

#--- 23 ---#
idcs      evals   residnorms   |P(X)|
  1    0.632319   0.0101824  4.4689e-16
  2     0.65722   0.0271574  4.61635e-16
  3    0.691737   0.0510192  4.58056e-16
  4    0.738851   0.0620663  4.6058e-16
  5    0.786404    0.104453  4.5658e-16
 18       2.016   0.0332918  4.29522e-16
 19     2.06711    0.035713  4.4764e-16
 20     2.12951   0.0365342  4.38737e-16
 21     2.15868   0.0121303  4.47445e-16
 22     2.17546   0.0217313  4.51374e-16
 23     2.18969  0.00697507  4.35702e-16

#--- 24 ---#
idcs      evals   residnorms   |P(X)|
  1    0.632151  0.00695926  4.48026e-16
  2    0.655446   0.0194673  4.50871e-16
  3    0.688106    0.036931  4.52477e-16
  4    0.731879   0.0482702  4.56795e-16
  5    0.773769   0.0685719  4.5317e-16
 19     2.02092   0.0650606  4.35423e-16
 20     2.07223   0.0619103  4.39113e-16
 21     2.13376   0.0535746  4.40918e-16
 22       2.159   0.0177424  4.49319e-16
 23     2.17682   0.0307098  4.51728e-16
 24     2.18984   0.0101964  4.41809e-16

 ──────────────────────────────────────────────────────────────────────────────
                                       Time                   Allocations      
                               ──────────────────────   ───────────────────────
       Tot / % measured:           307428s / 100%          399261GiB / 100%    

 Section               ncalls     time   %tot     avg     alloc   %tot      avg
 ──────────────────────────────────────────────────────────────────────────────
 apply_χ0                  24   307339s   100%  12806s   399229GiB100%   16635GiB
   Hamiltonian mult...   522k   16072s  5.23%  30.8ms   2421GiB  0.61%  4.75MiB
 PlaneWaveBasis             1    15.7s  0.01%   15.7s   7.04GiB  0.00%  7.04GiB
   Instantiation Ewald      1    10.8s  0.00%   10.8s   4.43GiB  0.00%  4.43GiB
   Instantiation At...      1    3.17s  0.00%   3.17s   2.47GiB  0.00%  2.47GiB
   Instantiation At...      1    1.58s  0.00%   1.58s   30.4MiB  0.00%  30.4MiB
   build_kpoints            1   70.9ms  0.00%  70.9ms   66.3MiB  0.00%  66.3MiB
   Instantiation Ha...      1   22.1ms  0.00%  22.1ms   10.1MiB  0.00%  10.1MiB
   Instantiation Ki...      1   2.73ms  0.00%  2.73ms   3.04MiB  0.00%  3.04MiB
   Instantiation Ps...      1    112μs  0.00%   112μs   2.00KiB  0.00%  2.00KiB
   Instantiation Xc         1   2.96μs  0.00%  2.96μs     32.0B  0.00%    32.0B
 mixing Resta              24    336ms  0.00%  14.0ms    486MiB  0.00%  20.3MiB
 spglib_get_symmetry        1   9.71ms  0.00%  9.71ms    401KiB  0.00%   401KiB
 ──────────────────────────────────────────────────────────────────────────────
