#
#-- optimal_damping SiO2 n_repeat=39 -- mixing=RestaMixing(1.0, 14, 1.0)
#

Starting Arnoldi (now = 2020-07-26T18:26:52.95 ...

#--- 1 ---#
idcs      evals   residnorms   |P(X)|
  1    0.985757   0.0624356  4.55509e-16

#--- 2 ---#
idcs      evals   residnorms   |P(X)|
  1    0.682953    0.657425  4.55563e-16
  2    0.987868    0.132838  4.55589e-16

#--- 3 ---#
idcs      evals   residnorms   |P(X)|
  1    0.222917    0.229279  4.5341e-16
  2     0.98568   0.0304715  4.54923e-16
  3     1.76082    0.359557  4.57723e-16

#--- 4 ---#
idcs      evals   residnorms   |P(X)|
  1    0.209435   0.0743828  4.53776e-16
  2     0.85096     0.20752  4.57119e-16
  3    0.989781   0.0418895  4.56086e-16
  4     1.97055   0.0895441  4.58105e-16

#--- 5 ---#
idcs      evals   residnorms   |P(X)|
  1    0.203499   0.0570233  4.57057e-16
  2    0.690784    0.307869  4.64978e-16
  3    0.986121   0.0581736  4.55456e-16
  4     1.17348    0.436981  4.56865e-16
  5     1.96599   0.0544314  4.61231e-16

#--- 6 ---#
idcs      evals   residnorms   |P(X)|
  1    0.192122   0.0369329  4.53963e-16
  2    0.522232    0.245825  4.63108e-16
  3    0.907655    0.198767  4.53467e-16
  4     0.99167   0.0562427  4.55015e-16
  5     1.65285    0.347624  4.62048e-16
  6      1.9733   0.0514995  4.59983e-16

#--- 7 ---#
idcs      evals   residnorms   |P(X)|
  1    0.194092   0.0328143  4.63996e-16
  2    0.357125    0.171763  4.66561e-16
  3    0.767798    0.165009  4.57202e-16
  4    0.986335   0.0390106  4.54742e-16
  5     1.09876    0.192344  4.53369e-16
  6     1.85416    0.139259  4.63443e-16
  7      1.9855   0.0449267  4.55517e-16

#--- 8 ---#
idcs      evals   residnorms   |P(X)|
  1    0.188376   0.0273187  4.63734e-16
  2    0.300364    0.120101  4.75268e-16
  3    0.651316    0.193389  4.63841e-16
  4    0.904439    0.183935  4.56168e-16
  5    0.990486   0.0435409  4.5589e-16
  6     1.24195    0.200808  4.53525e-16
  7     1.87164   0.0582071  4.61117e-16
  8     1.98356   0.0185544  4.61971e-16

#--- 9 ---#
idcs      evals   residnorms   |P(X)|
  1    0.186807    0.014285  4.57413e-16
  2    0.292533   0.0650558  4.75266e-16
  3    0.606144    0.140741  4.73356e-16
  4    0.854722    0.140945  4.55913e-16
  5    0.988575   0.0285839  4.54734e-16
  6     1.16373    0.187171  4.55762e-16
  7     1.65287    0.461034  4.57343e-16
  8     1.88837    0.115693  4.5998e-16
  9     1.98477   0.0304195  4.57406e-16

#--- 10 ---#
idcs      evals   residnorms   |P(X)|
  1    0.188074  0.00902693  4.60168e-16
  2     0.27214   0.0448702  4.63245e-16
  3    0.499399    0.148096  4.72591e-16
  4    0.703889    0.130753  4.65043e-16
  5    0.908144   0.0892472  4.52751e-16
  6     0.99038   0.0182045  4.55048e-16
  7     1.21711   0.0642052  4.55869e-16
  8     1.84873    0.060724  4.62557e-16
  9     1.95804   0.0896109  4.54184e-16
 10      1.9936   0.0518744  4.60583e-16

#--- 11 ---#
idcs      evals   residnorms   |P(X)|
  1    0.187705   0.0118361  4.56406e-16
  2    0.269625   0.0872001  4.74611e-16
  3    0.377669      0.2346  4.76595e-16
  4    0.626775    0.185011  4.74351e-16
  5    0.811325    0.227088  4.60691e-16
  6    0.954534    0.179439  4.55194e-16
  7    0.993135   0.0607486  4.54983e-16
  8     1.22462   0.0605067  4.52107e-16
  9      1.8518   0.0222656  4.61284e-16
 10     1.96538     0.03235  4.51349e-16
 11     1.99404   0.0232885  4.65067e-16

#--- 12 ---#
idcs      evals   residnorms   |P(X)|
  1    0.186871  0.00847607  4.69713e-16
  2    0.257215   0.0692679  4.76231e-16
  3    0.338181    0.129414  4.74082e-16
  4    0.580512    0.119988  4.66393e-16
  5    0.755416     0.12544  4.58347e-16
  7    0.991026   0.0181937  4.55344e-16
  8     1.21852    0.055316  4.5375e-16
  9     1.62151    0.479449  4.55372e-16
 10     1.85222   0.0420049  4.63133e-16
 11     1.96851   0.0412733  4.54308e-16
 12     1.99545   0.0322708  4.68592e-16

#--- 13 ---#
idcs      evals   residnorms   |P(X)|
  1     0.18721  0.00671471  4.75044e-16
  2    0.236977   0.0575675  4.77042e-16
  3    0.303214   0.0585962  4.70973e-16
  4    0.519931    0.104853  4.8176e-16
  5    0.677177    0.111947  4.61012e-16
  8    0.992477   0.0211459  4.55376e-16
  9     1.22368    0.017878  4.55575e-16
 10     1.84194   0.0487333  4.63424e-16
 11     1.89013   0.0965985  4.53048e-16
 12     1.97284   0.0284354  4.52627e-16
 13     1.99962   0.0245029  4.70638e-16

 ──────────────────────────────────────────────────────────────────────────────
                                       Time                   Allocations      
                               ──────────────────────   ───────────────────────
       Tot / % measured:           154415s / 100%          215585GiB / 100%    

 Section               ncalls     time   %tot     avg     alloc   %tot      avg
 ──────────────────────────────────────────────────────────────────────────────
 apply_χ0                  13   154366s   100%  11874s   215567GiB100%   16582GiB
   Hamiltonian mult...   231k    7187s  4.65%  31.1ms   1072GiB  0.50%  4.75MiB
 PlaneWaveBasis             1    17.0s  0.01%   17.0s   7.04GiB  0.00%  7.04GiB
   Instantiation Ewald      1    12.3s  0.01%   12.3s   4.43GiB  0.00%  4.43GiB
   Instantiation At...      1    3.04s  0.00%   3.04s   2.47GiB  0.00%  2.47GiB
   Instantiation At...      1    1.58s  0.00%   1.58s   30.4MiB  0.00%  30.4MiB
   build_kpoints            1   63.6ms  0.00%  63.6ms   66.3MiB  0.00%  66.3MiB
   Instantiation Ha...      1   6.81ms  0.00%  6.81ms   10.1MiB  0.00%  10.1MiB
   Instantiation Ki...      1   2.81ms  0.00%  2.81ms   3.04MiB  0.00%  3.04MiB
   Instantiation Ps...      1    200μs  0.00%   200μs   2.00KiB  0.00%  2.00KiB
   Instantiation Xc         1   7.71μs  0.00%  7.71μs     32.0B  0.00%    32.0B
 mixing Resta              13    179ms  0.00%  13.8ms    263MiB  0.00%  20.3MiB
 spglib_get_symmetry        1   10.1ms  0.00%  10.1ms    401KiB  0.00%   401KiB
 ──────────────────────────────────────────────────────────────────────────────
