#
#-- SCF SiO2 n_repeat=39 -- mixing=SimpleMixing(0.491)
#

hostname       = clustern09

started on     = 2020-08-08T00:41:40.074
julia threads  = 4
BLAS threads   = 4

temperature    = 0.0
smearing       = DFTK.Smearing.None()
lattice        = [9.421 -4.71 0.0; 0.0 8.159 0.0; 0.0 0.0 134.6]
Ecut           = 20
fft_size       = (32, 32, 432)
kgrid          = [3, 3, 1]
irreducible k  = 9
n_bands        = 330
n_electr       = 624
mixing         = SimpleMixing(0.491)
n     Energy            Eₙ-Eₙ₋₁     ρout-ρin   Diag
---   ---------------   ---------   --------   ----
  1   -1118.901922003         NaN   2.01e+01    28.6 
  2   -1346.792114444   -2.28e+02   3.64e+00    41.9 
  3   -1356.929647026   -1.01e+01   2.01e+00    68.8 
  4   -1357.149514238   -2.20e-01   7.95e-01    57.8 
  5   -1357.806010515   -6.56e-01   2.24e-01    44.4 
  6   -1357.827830626   -2.18e-02   5.00e-02    33.6 
  7   -1357.829660300   -1.83e-03   2.39e-02    30.7 
  8   -1357.830061350   -4.01e-04   1.18e-02    23.7 
  9   -1357.830187601   -1.26e-04   2.88e-03    3.8 
 10   -1357.830197272   -9.67e-06   4.47e-04    13.6 
 11   -1357.830197561   -2.88e-07   1.96e-04    22.0 
 12   -1357.830197579   -1.83e-08   8.24e-05    22.0 
 13   -1357.830197577    1.84e-09   2.55e-05    16.3 
 14   -1357.830197579   -1.69e-09   8.76e-06    25.4 
 15   -1357.830197579   -5.91e-12   2.49e-06    25.3 
Energy breakdown:
    Kinetic             884.7995763
    AtomicLocal         -1635.7281930
    AtomicNonlocal      143.3682077
    Ewald               -887.7832302
    PspCorrection       -7.7089174
    Hartree             464.5068101
    Xc                  -319.2844510

    total               -1357.830197578965

 ──────────────────────────────────────────────────────────────────────────────
                                       Time                   Allocations      
                               ──────────────────────   ───────────────────────
       Tot / % measured:           17916s / 100%            2984GiB / 100%     

 Section               ncalls     time   %tot     avg     alloc   %tot      avg
 ──────────────────────────────────────────────────────────────────────────────
 self_consistent_field      1   17897s   100%  17897s   2977GiB  100%   2977GiB
   LOBPCG                 135   16851s  94.1%    125s   2589GiB  86.8%  19.2GiB
     block multipli...  24.2k    5727s  32.0%   237ms    713GiB  23.9%  30.2MiB
     Hamiltonian mu...  4.25k    2985s  16.7%   702ms    358GiB  12.0%  86.1MiB
     rayleigh_ritz      4.12k    2646s  14.8%   642ms   27.5GiB  0.92%  6.83MiB
     ortho              17.6k    1865s  10.4%   106ms    476GiB  15.9%  27.7MiB
   energy_hamiltonian      31     632s  3.53%   20.4s   75.9GiB  2.54%  2.45GiB
   compute_density         15     185s  1.03%   12.3s    300GiB  10.0%  20.0GiB
   QR orthonormaliz...    135    39.6s  0.22%   293ms   9.64GiB  0.32%  73.1MiB
   mixing Simple           15    132ms  0.00%  8.80ms    456MiB  0.01%  30.4MiB
 PlaneWaveBasis             1    17.4s  0.10%   17.4s   7.05GiB  0.24%  7.05GiB
   Instantiation Ewald      1    11.6s  0.06%   11.6s   4.43GiB  0.15%  4.43GiB
   Instantiation At...      1    3.36s  0.02%   3.36s   2.47GiB  0.08%  2.47GiB
   Instantiation At...      1    1.60s  0.01%   1.60s   30.4MiB  0.00%  30.4MiB
   build_kpoints            1   82.4ms  0.00%  82.4ms   66.3MiB  0.00%  66.3MiB
   Instantiation Ha...      1   6.98ms  0.00%  6.98ms   10.1MiB  0.00%  10.1MiB
   Instantiation Ki...      1   3.28ms  0.00%  3.28ms   3.04MiB  0.00%  3.04MiB
   Instantiation Ps...      1    137μs  0.00%   137μs   2.00KiB  0.00%  2.00KiB
   Instantiation Xc         1   2.09μs  0.00%  2.09μs     32.0B  0.00%    32.0B
 guess_density              1    1.46s  0.01%   1.46s   43.9MiB  0.00%  43.9MiB
 spglib_get_symmetry        1   10.5ms  0.00%  10.5ms    401KiB  0.00%   401KiB
 ──────────────────────────────────────────────────────────────────────────────
