#
#-- SCF SiO2 n_repeat=39 -- mixing=KerkerMixing(1.01, 1.0)
#

hostname       = clustern12

started on     = 2020-08-07T18:38:02.039
julia threads  = 4
BLAS threads   = 4

temperature    = 0.0
smearing       = DFTK.Smearing.None()
lattice        = [9.421 -4.71 0.0; 0.0 8.159 0.0; 0.0 0.0 134.6]
Ecut           = 20
fft_size       = (32, 32, 432)
kgrid          = [3, 3, 1]
irreducible k  = 9
n_bands        = 330
n_electr       = 624
mixing         = KerkerMixing(1.01, 1.0)
n     Energy            Eₙ-Eₙ₋₁     ρout-ρin   Diag
---   ---------------   ---------   --------   ----
  1   -1118.901938705         NaN   2.01e+01    30.0 
  2   -1241.344367991   -1.22e+02   1.25e+01    51.7 
  3   -1353.067369660   -1.12e+02   2.53e+00    49.7 
  4   -1356.231153637   -3.16e+00   1.66e+00    73.7 
  5   -1357.731393764   -1.50e+00   3.39e-01    45.9 
  6   -1357.808723608   -7.73e-02   1.51e-01    28.8 
  7   -1357.827388013   -1.87e-02   4.29e-02    26.0 
  8   -1357.828951658   -1.56e-03   1.79e-02    23.0 
  9   -1357.829230199   -2.79e-04   7.49e-03    12.9 
 10   -1357.829356292   -1.26e-04   2.84e-03    15.0 
 11   -1357.829435323   -7.90e-05   1.93e-03    23.3 
 12   -1357.829478340   -4.30e-05   1.65e-03    24.3 
 13   -1357.829534380   -5.60e-05   1.50e-03    30.6 
 14   -1357.829586915   -5.25e-05   1.37e-03    35.2 
 15   -1357.829649096   -6.22e-05   1.23e-03    39.2 
 16   -1357.829731972   -8.29e-05   1.03e-03    44.8 
 17   -1357.829832764   -1.01e-04   7.45e-04    50.2 
 18   -1357.829876906   -4.41e-05   6.10e-04    52.8 
 19   -1357.829903401   -2.65e-05   5.24e-04    51.8 
 20   -1357.829928599   -2.52e-05   4.51e-04    54.6 
 21   -1357.829940540   -1.19e-05   4.23e-04    53.0 
 22   -1357.829949864   -9.32e-06   4.05e-04    51.9 
 23   -1357.829963041   -1.32e-05   3.81e-04    53.9 
 24   -1357.829978579   -1.55e-05   3.58e-04    61.0 
 25   -1357.829989898   -1.13e-05   3.45e-04    58.4 
 26   -1357.829997361   -7.46e-06   3.38e-04    53.1 
 27   -1357.830004223   -6.86e-06   3.31e-04    55.1 
 28   -1357.830010537   -6.31e-06   3.26e-04    53.2 
 29   -1357.830018332   -7.79e-06   3.19e-04    56.9 
 30   -1357.830024180   -5.85e-06   3.13e-04    56.8 
 31   -1357.830036388   -1.22e-05   3.02e-04    58.2 
 32   -1357.830063112   -2.67e-05   2.76e-04    65.4 
 33   -1357.830094190   -3.11e-05   2.42e-04    67.3 
 34   -1357.830145839   -5.16e-05   1.72e-04    81.4 
 35   -1357.830170678   -2.48e-05   1.27e-04    77.8 
 36   -1357.830181929   -1.13e-05   1.00e-04    74.4 
 37   -1357.830188844   -6.91e-06   7.97e-05    68.6 
 38   -1357.830191789   -2.95e-06   6.82e-05    66.1 
 39   -1357.830192848   -1.06e-06   6.32e-05    59.1 
 40   -1357.830193659   -8.11e-07   5.83e-05    57.2 
 41   -1357.830194755   -1.10e-06   5.12e-05    59.9 
 42   -1357.830195717   -9.62e-07   4.19e-05    61.9 
 43   -1357.830196648   -9.31e-07   2.95e-05    63.4 
 44   -1357.830197223   -5.75e-07   1.98e-05    67.1 
 45   -1357.830197392   -1.69e-07   1.43e-05    62.9 
 46   -1357.830197465   -7.29e-08   1.08e-05    62.8 
 47   -1357.830197515   -5.02e-08   8.06e-06    60.2 
 48   -1357.830197538   -2.33e-08   5.97e-06    61.6 
 49   -1357.830197552   -1.35e-08   4.28e-06    62.4 
 50   -1357.830197568   -1.66e-08   2.62e-06    66.7 
Energy breakdown:
    Kinetic             884.7996347
    AtomicLocal         -1635.7282898
    AtomicNonlocal      143.3682101
    Ewald               -887.7832302
    PspCorrection       -7.7089174
    Hartree             464.5068568
    Xc                  -319.2844617

    total               -1357.830197568398

 ──────────────────────────────────────────────────────────────────────────────
                                       Time                   Allocations      
                               ──────────────────────   ───────────────────────
       Tot / % measured:           73221s / 100%            12107GiB / 100%    

 Section               ncalls     time   %tot     avg     alloc   %tot      avg
 ──────────────────────────────────────────────────────────────────────────────
 self_consistent_field      1   73201s   100%  73201s   12100GiB 100%   12100GiB
   LOBPCG                 450   70355s  96.1%    156s   10833GiB 89.5%  24.1GiB
     block multipli...   140k   25310s  34.6%   181ms   3216GiB  26.6%  23.6MiB
     Hamiltonian mu...  24.0k   12314s  16.8%   512ms   1514GiB  12.5%  64.5MiB
     rayleigh_ritz      23.6k   10710s  14.6%   454ms    109GiB  0.90%  4.72MiB
     ortho               100k    7236s  9.88%  72.0ms   2032GiB  16.8%  20.7MiB
   energy_hamiltonian     101    2032s  2.78%   20.1s    252GiB  2.08%  2.49GiB
   compute_density         50     567s  0.77%   11.3s    999GiB  8.25%  20.0GiB
   QR orthonormaliz...    450    41.7s  0.06%  92.7ms   9.64GiB  0.08%  21.9MiB
   mixing Kerker           50    596ms  0.00%  11.9ms    675MiB  0.01%  13.5MiB
 PlaneWaveBasis             1    18.4s  0.03%   18.4s   7.05GiB  0.06%  7.05GiB
   Instantiation Ewald      1    12.8s  0.02%   12.8s   4.43GiB  0.04%  4.43GiB
   Instantiation At...      1    3.15s  0.00%   3.15s   2.47GiB  0.02%  2.47GiB
   Instantiation At...      1    1.54s  0.00%   1.54s   30.4MiB  0.00%  30.4MiB
   build_kpoints            1   87.3ms  0.00%  87.3ms   66.3MiB  0.00%  66.3MiB
   Instantiation Ha...      1   6.31ms  0.00%  6.31ms   10.1MiB  0.00%  10.1MiB
   Instantiation Ki...      1   2.82ms  0.00%  2.82ms   3.04MiB  0.00%  3.04MiB
   Instantiation Ps...      1    168μs  0.00%   168μs   2.00KiB  0.00%  2.00KiB
   Instantiation Xc         1   2.87μs  0.00%  2.87μs     32.0B  0.00%    32.0B
 guess_density              1    1.36s  0.00%   1.36s   43.9MiB  0.00%  43.9MiB
 spglib_get_symmetry        1   9.71ms  0.00%  9.71ms    401KiB  0.00%   401KiB
 ──────────────────────────────────────────────────────────────────────────────
