#
#-- SCF SiO2 n_repeat=39 -- mixing=RestaMixing(0.915, 14, 1.0)
#

hostname       = clustern15

started on     = 2020-08-08T01:56:56.42
julia threads  = 4
BLAS threads   = 4

temperature    = 0.0
smearing       = DFTK.Smearing.None()
lattice        = [9.421 -4.71 0.0; 0.0 8.159 0.0; 0.0 0.0 134.6]
Ecut           = 20
fft_size       = (32, 32, 432)
kgrid          = [3, 3, 1]
irreducible k  = 9
n_bands        = 330
n_electr       = 624
mixing         = RestaMixing(0.915, 14, 1.0)
n     Energy            Eₙ-Eₙ₋₁     ρout-ρin   Diag
---   ---------------   ---------   --------   ----
  1   -1118.901823399         NaN   2.01e+01    29.4 
  2   -1309.337615607   -1.90e+02   9.76e+00    50.7 
  3   -1353.498525717   -4.42e+01   2.40e+00    49.6 
  4   -1355.402195460   -1.90e+00   1.83e+00    71.9 
  5   -1357.747613016   -2.35e+00   3.18e-01    51.8 
  6   -1357.822270785   -7.47e-02   9.76e-02    37.3 
  7   -1357.829383935   -7.11e-03   2.78e-02    31.7 
  8   -1357.829830124   -4.46e-04   1.65e-02    29.9 
  9   -1357.830125405   -2.95e-04   3.35e-03    25.2 
 10   -1357.830152793   -2.74e-05   2.20e-03    26.4 
 11   -1357.830174717   -2.19e-05   5.95e-04    29.0 
 12   -1357.830186337   -1.16e-05   3.58e-04    38.9 
 13   -1357.830191631   -5.29e-06   2.46e-04    38.7 
 14   -1357.830195256   -3.63e-06   1.42e-04    42.3 
 15   -1357.830196983   -1.73e-06   6.48e-05    44.6 
 16   -1357.830197448   -4.64e-07   3.08e-05    48.4 
 17   -1357.830197550   -1.02e-07   1.64e-05    49.3 
 18   -1357.830197567   -1.69e-08   1.09e-05    44.9 
 19   -1357.830197575   -7.89e-09   6.08e-06    43.8 
 20   -1357.830197578   -3.28e-09   3.54e-06    45.3 
 21   -1357.830197579   -9.68e-10   1.66e-06    47.3 
 22   -1357.830197579   -1.77e-10   8.84e-07    46.1 
 23   -1357.830197579   -3.37e-11   5.38e-07    45.6 
 24   -1357.830197579   -8.41e-12   2.32e-07    44.7 
Energy breakdown:
    Kinetic             884.7996330
    AtomicLocal         -1635.7282849
    AtomicNonlocal      143.3682102
    Ewald               -887.7832302
    PspCorrection       -7.7089174
    Hartree             464.5068532
    Xc                  -319.2844614

    total               -1357.830197579079

 ──────────────────────────────────────────────────────────────────────────────
                                       Time                   Allocations      
                               ──────────────────────   ───────────────────────
       Tot / % measured:           30711s / 100%            5113GiB / 100%     

 Section               ncalls     time   %tot     avg     alloc   %tot      avg
 ──────────────────────────────────────────────────────────────────────────────
 self_consistent_field      1   30693s   100%  30693s   5106GiB  100%   5106GiB
   LOBPCG                 216   29264s  95.3%    135s   4493GiB  87.9%  20.8GiB
     block multipli...  53.8k    9986s  32.5%   186ms   1275GiB  24.9%  24.3MiB
     Hamiltonian mu...  9.33k    5260s  17.1%   564ms    627GiB  12.3%  68.8MiB
     rayleigh_ritz      9.12k    4404s  14.3%   483ms   44.5GiB  0.87%  5.00MiB
     ortho              38.9k    3116s  10.1%  80.0ms    830GiB  16.2%  21.8MiB
   energy_hamiltonian      49     917s  2.99%   18.7s    121GiB  2.37%  2.47GiB
   compute_density         24     296s  0.96%   12.3s    480GiB  9.38%  20.0GiB
   QR orthonormaliz...    216    39.7s  0.13%   184ms   9.64GiB  0.19%  45.7MiB
   mixing Resta            24    368ms  0.00%  15.3ms    324MiB  0.01%  13.5MiB
 PlaneWaveBasis             1    16.0s  0.05%   16.0s   7.05GiB  0.14%  7.05GiB
   Instantiation Ewald      1    10.8s  0.04%   10.8s   4.43GiB  0.09%  4.43GiB
   Instantiation At...      1    2.88s  0.01%   2.88s   2.47GiB  0.05%  2.47GiB
   Instantiation At...      1    1.53s  0.00%   1.53s   30.4MiB  0.00%  30.4MiB
   build_kpoints            1   78.7ms  0.00%  78.7ms   66.3MiB  0.00%  66.3MiB
   Instantiation Ha...      1   6.59ms  0.00%  6.59ms   10.1MiB  0.00%  10.1MiB
   Instantiation Ki...      1   3.14ms  0.00%  3.14ms   3.04MiB  0.00%  3.04MiB
   Instantiation Ps...      1    122μs  0.00%   122μs   2.00KiB  0.00%  2.00KiB
   Instantiation Xc         1   2.11μs  0.00%  2.11μs     32.0B  0.00%    32.0B
 guess_density              1    1.36s  0.00%   1.36s   43.9MiB  0.00%  43.9MiB
 spglib_get_symmetry        1   9.85ms  0.00%  9.85ms    401KiB  0.00%   401KiB
 ──────────────────────────────────────────────────────────────────────────────
