#
#-- SCF SiO2 n_repeat=39 -- mixing=RestaMixing(0.709, 2.4, 1.0)
#

hostname       = clustern11

started on     = 2020-08-08T02:20:02.942
julia threads  = 4
BLAS threads   = 4

temperature    = 0.0
smearing       = DFTK.Smearing.None()
lattice        = [9.421 -4.71 0.0; 0.0 8.159 0.0; 0.0 0.0 134.6]
Ecut           = 20
fft_size       = (32, 32, 432)
kgrid          = [3, 3, 1]
irreducible k  = 9
n_bands        = 330
n_electr       = 624
mixing         = RestaMixing(0.709, 2.4, 1.0)
n     Energy            Eₙ-Eₙ₋₁     ρout-ρin   Diag
---   ---------------   ---------   --------   ----
  1   -1118.901836665         NaN   2.01e+01    30.0 
  2   -1348.700147120   -2.30e+02   4.93e+00    42.3 
  3   -1355.365496272   -6.67e+00   2.22e+00    49.0 
  4   -1357.634902037   -2.27e+00   6.65e-01    63.2 
  5   -1357.747077338   -1.12e-01   2.70e-01    35.2 
  6   -1357.825866318   -7.88e-02   7.14e-02    32.0 
  7   -1357.829915970   -4.05e-03   1.81e-02    18.9 
  8   -1357.830104861   -1.89e-04   9.29e-03    14.9 
  9   -1357.830192529   -8.77e-05   1.51e-03    7.9 
 10   -1357.830197179   -4.65e-06   7.22e-04    18.0 
 11   -1357.830197450   -2.71e-07   2.54e-04    10.2 
 12   -1357.830197563   -1.12e-07   1.45e-04    17.1 
 13   -1357.830197577   -1.44e-08   4.89e-05    8.4 
 14   -1357.830197579   -1.72e-09   1.23e-05    14.9 
 15   -1357.830197579    3.12e-11   8.10e-06    15.0 
 16   -1357.830197579   -2.96e-10   1.45e-06    9.3 
 17   -1357.830197579   -1.30e-11   1.14e-06    18.0 
 18   -1357.830197579    2.21e-11   4.57e-07    3.0 
 19   -1357.830197579    7.05e-12   1.58e-07    13.7 
Energy breakdown:
    Kinetic             884.7996335
    AtomicLocal         -1635.7282857
    AtomicNonlocal      143.3682102
    Ewald               -887.7832302
    PspCorrection       -7.7089174
    Hartree             464.5068536
    Xc                  -319.2844614

    total               -1357.830197579086

 ──────────────────────────────────────────────────────────────────────────────
                                       Time                   Allocations      
                               ──────────────────────   ───────────────────────
       Tot / % measured:           20320s / 100%            3425GiB / 100%     

 Section               ncalls     time   %tot     avg     alloc   %tot      avg
 ──────────────────────────────────────────────────────────────────────────────
 self_consistent_field      1   20300s   100%  20300s   3418GiB  100%   3418GiB
   LOBPCG                 171   18976s  93.4%    111s   2930GiB  85.6%  17.1GiB
     block multipli...  22.0k    6409s  31.5%   291ms    771GiB  22.5%  35.8MiB
     Hamiltonian mu...  3.96k    3589s  17.7%   906ms    403GiB  11.8%   104MiB
     rayleigh_ritz      3.79k    2936s  14.5%   775ms   30.0GiB  0.88%  8.10MiB
     ortho              16.3k    2038s  10.0%   125ms    531GiB  15.5%  33.3MiB
   energy_hamiltonian      39     864s  4.25%   22.1s   96.0GiB  2.80%  2.46GiB
   compute_density         19     237s  1.17%   12.5s    380GiB  11.1%  20.0GiB
   QR orthonormaliz...    171    44.0s  0.22%   258ms   9.64GiB  0.28%  57.7MiB
   mixing Resta            19    1.03s  0.01%  54.0ms    311MiB  0.01%  16.4MiB
 PlaneWaveBasis             1    17.1s  0.08%   17.1s   7.05GiB  0.21%  7.05GiB
   Instantiation Ewald      1    10.8s  0.05%   10.8s   4.43GiB  0.13%  4.43GiB
   Instantiation At...      1    2.99s  0.01%   2.99s   2.47GiB  0.07%  2.47GiB
   Instantiation At...      1    1.56s  0.01%   1.56s   30.4MiB  0.00%  30.4MiB
   build_kpoints            1    138ms  0.00%   138ms   66.3MiB  0.00%  66.3MiB
   Instantiation Ha...      1   3.49ms  0.00%  3.49ms   10.1MiB  0.00%  10.1MiB
   Instantiation Ki...      1   2.48ms  0.00%  2.48ms   3.04MiB  0.00%  3.04MiB
   Instantiation Ps...      1    118μs  0.00%   118μs   2.00KiB  0.00%  2.00KiB
   Instantiation Xc         1   4.27μs  0.00%  4.27μs     32.0B  0.00%    32.0B
 guess_density              1    1.33s  0.01%   1.33s   43.9MiB  0.00%  43.9MiB
 spglib_get_symmetry        1   10.0ms  0.00%  10.0ms    401KiB  0.00%   401KiB
 ──────────────────────────────────────────────────────────────────────────────
