#
#-- optimal_damping AlVac n_repeat=10 -- mixing=RestaMixing(1.0, 14, 1.0)
#

Starting Arnoldi (now = 2020-07-25T10:25:28.131 ...

#--- 1 ---#
idcs      evals   residnorms   |P(X)|
  1    0.980884    0.234332  5.0317e-16

#--- 2 ---#
idcs      evals   residnorms   |P(X)|
  1    0.981177   0.0499464  5.44143e-16
  2     3.94585    0.633933  1.43517e-15

#--- 3 ---#
idcs      evals   residnorms   |P(X)|
  1    0.437598    0.286835  8.43307e-16
  2    0.983632   0.0271623  5.15939e-16
  3     4.31264   0.0591343  1.41452e-15

#--- 4 ---#
idcs      evals   residnorms   |P(X)|
  1    0.247193    0.162305  6.60811e-16
  2     0.79721    0.208205  7.21123e-16
  3    0.985812   0.0275383  5.04234e-16
  4     4.31947  0.00412849  1.42333e-15

#--- 5 ---#
idcs      evals   residnorms   |P(X)|
  1    0.163453   0.0919964  5.74148e-16
  2    0.577364    0.185477  7.55135e-16
  3    0.891433    0.146373  5.73124e-16
  4    0.988428    0.028552  5.10931e-16
  5      4.3191  0.000265677  1.40246e-15

#--- 6 ---#
idcs      evals   residnorms   |P(X)|
  1    0.137619    0.053719  8.39448e-16
  2    0.516417    0.195695  7.32576e-16
  3    0.699281     0.24775  6.32711e-16
  4    0.955718     0.13868  6.29159e-16
  5     0.99377   0.0680617  4.98053e-16
  6     4.31914  2.16517e-05  1.40399e-15

#--- 7 ---#
idcs      evals   residnorms   |P(X)|
  1    0.127951   0.0515402  5.93067e-16
  2    0.337541    0.177346  8.17365e-16
  3    0.621631    0.177483  5.35711e-16
  4    0.833475    0.170866  6.20775e-16
  5    0.985179   0.0422126  5.14687e-16
  6     1.05643    0.166672  4.90958e-16
  7     4.31913  2.00661e-06  1.41858e-15

#--- 8 ---#
idcs      evals   residnorms   |P(X)|
  1    0.112535   0.0861706  4.7942e-16
  2    0.196232    0.143121  7.42141e-16
  3    0.494463    0.139159  6.58327e-16
  4    0.693862    0.149448  5.20825e-16
  5    0.889733    0.096736  5.82569e-16
  6    0.987642   0.0188022  5.15031e-16
  7      1.1332    0.103223  5.48401e-16
  8     4.31913  1.54928e-07  1.41292e-15

#--- 9 ---#
idcs      evals   residnorms   |P(X)|
  1    0.104342   0.0337278  4.91875e-16
  2    0.177417   0.0490355  6.19723e-16
  3     0.40093    0.067942  7.6928e-16
  4    0.654672   0.0818776  6.11148e-16
  5    0.782847    0.100519  4.87098e-16
  6     0.93168   0.0658966  6.23177e-16
  7    0.989215   0.0144067  5.03223e-16
  8     1.17727   0.0444366  5.80777e-16
  9     4.31913  7.13037e-09  1.40945e-15

#--- 10 ---#
idcs      evals   residnorms   |P(X)|
  1   0.0994433   0.0128935  5.26548e-16
  2    0.168824   0.0182667  6.45334e-16
  3    0.385329   0.0505289  6.02106e-16
  4    0.570675     0.10958  7.66946e-16
  5    0.682498   0.0993938  5.64102e-16
  6    0.849823   0.0743069  5.89989e-16
  7    0.949138   0.0546779  5.60778e-16
  8    0.990086   0.0135265  5.13655e-16
  9     1.17672    0.017429  6.22964e-16
 10     4.31913  3.47083e-10  1.41499e-15

#--- 11 ---#
idcs      evals   residnorms   |P(X)|
  1   0.0977894  0.00523238  5.78295e-16
  2    0.166031  0.00825399  7.64636e-16
  3    0.377549    0.058365  5.857e-16
  4    0.467027   0.0981491  6.74709e-16
  5    0.650278   0.0751594  5.1697e-16
  6     0.77428     0.12225  5.77099e-16
  7    0.856511   0.0913084  5.52093e-16
  8    0.954685   0.0429357  5.81078e-16
  9    0.990434    0.010484  5.13529e-16
 10     1.17433  0.00684616  5.82621e-16
 11     4.31913  1.80656e-11  1.41134e-15

#--- 12 ---#
idcs      evals   residnorms   |P(X)|
  1   0.0979944  0.00267268  4.0417e-16
  2    0.166453  0.00515716  6.49065e-16
  3    0.355838   0.0804834  4.39861e-16
  4    0.435069    0.105788  7.74307e-16
  5    0.563347    0.157549  5.09031e-16
  7    0.787798   0.0917292  5.46345e-16
  8    0.892613   0.0740482  6.06135e-16
  9    0.961559   0.0393253  5.3845e-16
 10     0.99084  0.00995101  5.20078e-16
 11     1.17475  0.00303588  5.37533e-16
 12     4.31913  1.10933e-12  1.409e-15

#--- 13 ---#
idcs      evals   residnorms   |P(X)|
  1   0.0975396  0.00143884  4.58913e-16
  2    0.165769  0.00385654  7.96432e-16
  3    0.283319   0.0923225  5.97e-16
  4     0.38559   0.0466546  6.973e-16
  5    0.476415   0.0676774  6.36146e-16
  8    0.855071   0.0652452  5.23257e-16
  9    0.909487   0.0737166  5.51414e-16
 10    0.966368   0.0361787  5.38653e-16
 11    0.991159   0.0088365  5.16591e-16
 12     1.17505  0.00111869  5.84264e-16
 13     4.31913  5.29499e-14  1.43174e-15

#--- 14 ---#
idcs      evals   residnorms   |P(X)|
  1   0.0975338  0.000259782  5.48993e-16
  2     0.16574  0.000846104  6.70842e-16
  3     0.26337    0.021348  7.42843e-16
  4    0.382386   0.0128253  7.38238e-16
  5    0.461312   0.0222981  6.90885e-16
  9    0.875195   0.0497845  5.36061e-16
 10    0.923514    0.044663  5.53603e-16
 11     0.97483    0.023864  5.382e-16
 12    0.992002  0.00752343  5.13563e-16
 13     1.17491  0.000299682  5.77016e-16
 14     4.31913  4.23623e-15  1.41768e-15

 ──────────────────────────────────────────────────────────────────────────────
                                       Time                   Allocations      
                               ──────────────────────   ───────────────────────
       Tot / % measured:             470s / 91.7%           1306GiB / 100%     

 Section               ncalls     time   %tot     avg     alloc   %tot      avg
 ──────────────────────────────────────────────────────────────────────────────
 apply_χ0                  14     429s   100%   30.6s   1301GiB  100%   92.9GiB
   compute_density         14    7.26s  1.68%   518ms   12.6GiB  0.97%   920MiB
   Hamiltonian mult...    180    1.12s  0.26%  6.23ms    336MiB  0.03%  1.86MiB
 PlaneWaveBasis             1    755ms  0.18%   755ms    596MiB  0.04%   596MiB
   Instantiation At...      1    341ms  0.08%   341ms    365MiB  0.03%   365MiB
   Instantiation Ewald      1    292ms  0.07%   292ms    179MiB  0.01%   179MiB
   Instantiation At...      1   94.4ms  0.02%  94.4ms   7.22MiB  0.00%  7.22MiB
   build_kpoints            1   22.2ms  0.01%  22.2ms   29.7MiB  0.00%  29.7MiB
   Instantiation Ha...      1   1.74ms  0.00%  1.74ms   3.10MiB  0.00%  3.10MiB
   Instantiation Ki...      1   1.03ms  0.00%  1.03ms   1.32MiB  0.00%  1.32MiB
   Instantiation Ps...      1   70.9μs  0.00%  70.9μs      928B  0.00%     928B
   Instantiation Xc         1   1.27μs  0.00%  1.27μs     32.0B  0.00%    32.0B
   Instantiation En...      1    913ns  0.00%   913ns     16.0B  0.00%    16.0B
 compute_density            1    575ms  0.13%   575ms   0.96GiB  0.07%  0.96GiB
 mixing Resta              14    410ms  0.10%  29.3ms    139MiB  0.01%  9.91MiB
 spglib_get_symmetry        1   10.6ms  0.00%  10.6ms    835KiB  0.00%   835KiB
 ──────────────────────────────────────────────────────────────────────────────
