#
#-- optimal_damping AlVac n_repeat=10 -- mixing=KerkerMixing(1.0, 1.0)
#

Starting Arnoldi (now = 2020-07-25T10:01:17.462 ...

#--- 1 ---#
idcs      evals   residnorms   |P(X)|
  1    0.980254    0.210291  5.08197e-16

#--- 2 ---#
idcs      evals   residnorms   |P(X)|
  1    0.558904    0.304887  1.56759e-15
  2    0.986315    0.136207  7.01495e-16

#--- 3 ---#
idcs      evals   residnorms   |P(X)|
  1     0.12248    0.149208  1.20624e-15
  2    0.873605    0.123694  1.33102e-15
  3    0.988801   0.0851663  1.07597e-15

#--- 4 ---#
idcs      evals   residnorms   |P(X)|
  1   0.0757753   0.0853878  9.56129e-16
  2    0.470788    0.181262  1.04706e-15
  3    0.941764   0.0664685  1.23772e-15
  4    0.996451   0.0515962  1.18893e-15

#--- 5 ---#
idcs      evals   residnorms   |P(X)|
  1   0.0297051   0.0496947  1.09743e-15
  2    0.355473    0.160496  6.85026e-16
  3    0.578625    0.137888  9.20093e-16
  4    0.969909    0.032728  1.19675e-15
  5     1.00689   0.0262658  1.23611e-15

#--- 6 ---#
idcs      evals   residnorms   |P(X)|
  1   0.0356008   0.0342239  8.92365e-16
  2    0.204066   0.0972188  9.19793e-16
  3    0.646739    0.132577         NaN
  4    0.646739    0.132577         NaN
  5    0.980257   0.0271825  1.06974e-15
  6     1.02912   0.0191516  1.3019e-15
Warn: Suppressed imaginary part.

#--- 7 ---#
idcs      evals   residnorms   |P(X)|
  1   0.0191603   0.0200423  1.02163e-15
  2    0.215777   0.0979941  8.16543e-16
  3    0.360201    0.163919  6.58751e-16
  4    0.737034    0.099489         NaN
  5    0.737034    0.099489         NaN
  6     0.98403   0.0230389  8.08333e-16
  7     1.04928   0.0138005  1.30332e-15
Warn: Suppressed imaginary part.

#--- 8 ---#
idcs      evals   residnorms   |P(X)|
  1   0.0200288   0.0145416  9.46664e-16
  2    0.154237   0.0805129  8.34411e-16
  3     0.30425    0.114713  7.34385e-16
  4    0.557307    0.123834  8.354e-16
  5    0.743916    0.120384  9.40274e-16
  6    0.862595   0.0772035  7.24348e-16
  7     0.98626   0.0236725  5.08555e-16
  8     1.06931   0.0116991  1.31219e-15

#--- 9 ---#
idcs      evals   residnorms   |P(X)|
  1   0.0186972   0.0127438  9.51167e-16
  2    0.113715   0.0780358  8.33625e-16
  3     0.25466    0.095846  8.07161e-16
  4    0.418835    0.142327  6.65057e-16
  5    0.642857    0.105437  7.17027e-16
  6    0.768971   0.0990381  8.58365e-16
  7    0.891829   0.0588247  7.64411e-16
  8    0.987732    0.016332  5.02321e-16
  9     1.07063  0.00625353  1.31791e-15

#--- 10 ---#
idcs      evals   residnorms   |P(X)|
  1   0.0163115  0.00623664  8.85599e-16
  2   0.0989868   0.0423662  7.73937e-16
  3    0.211311    0.051943  7.70744e-16
  4    0.372987    0.081056  7.70567e-16
  5    0.547237   0.0849595  7.70683e-16
  6    0.753686   0.0979341  6.79006e-16
  7    0.779681   0.0950809  5.35287e-16
  8    0.920013   0.0520162  8.13478e-16
  9    0.988831   0.0133757  5.17317e-16
 10     1.07076  0.00344251  1.32617e-15

#--- 11 ---#
idcs      evals   residnorms   |P(X)|
  1   0.0167223  0.00174646  8.95603e-16
  2   0.0908806   0.0128978  8.06335e-16
  3    0.208261   0.0195754  7.38705e-16
  4    0.339699   0.0386642  7.06029e-16
  5    0.523961    0.076126  8.01297e-16
  6    0.626027   0.0826667  6.75019e-16
  7    0.806464    0.064291         NaN
  8    0.806464    0.064291         NaN
  9    0.945105   0.0408735  8.37118e-16
 10    0.989833   0.0111747  5.29785e-16
 11     1.07025  0.00167362  1.31781e-15
Warn: Suppressed imaginary part.

#--- 12 ---#
idcs      evals   residnorms   |P(X)|
  1   0.0166295  0.000462618  9.05924e-16
  2    0.091072   0.0039184  7.14074e-16
  3    0.206344  0.00760747  8.22712e-16
  4     0.33614   0.0217567  7.82303e-16
  5    0.490991   0.0700112  6.51187e-16
  7    0.712655   0.0921032  8.58713e-16
  8    0.798417   0.0887199  6.81992e-16
  9    0.863886   0.0562965  6.45883e-16
 10    0.955475   0.0467107  5.48648e-16
 11    0.990494   0.0109459  5.1182e-16
 12     1.06902  0.000945821  1.33643e-15

#--- 13 ---#
idcs      evals   residnorms   |P(X)|
  1   0.0165943  8.05501e-05  8.63698e-16
  2   0.0911854  0.000781304  8.22467e-16
  3    0.205897  0.00197162  7.88381e-16
  4    0.335305  0.00882787  8.68564e-16
  5     0.45661   0.0428837  6.45711e-16
  8    0.762872   0.0486613  8.45303e-16
  9    0.826638   0.0522751  5.61596e-16
 10    0.888651   0.0425188  7.15347e-16
 11    0.967101   0.0278933  5.29427e-16
 12    0.991297  0.00815446  5.11001e-16
 13     1.06894  0.00036756  1.31866e-15

#--- 14 ---#
idcs      evals   residnorms   |P(X)|
  1   0.0165961  1.45998e-05  9.23555e-16
  2   0.0911656  0.000158078  7.25205e-16
  3    0.205941  0.000488246  7.15171e-16
  4    0.334861  0.00296135  6.29917e-16
  5    0.451339   0.0204393  5.29361e-16
  9    0.819594   0.0616988         NaN
 10    0.819594   0.0616988         NaN
 11     0.91071   0.0409057  7.72025e-16
 12    0.972091   0.0238037  5.34179e-16
 13    0.991759  0.00758344  5.1671e-16
 14     1.06895  0.000190904  1.32332e-15
Warn: Suppressed imaginary part.

 ──────────────────────────────────────────────────────────────────────────────
                                       Time                   Allocations      
                               ──────────────────────   ───────────────────────
       Tot / % measured:             466s / 92.0%           1306GiB / 100%     

 Section               ncalls     time   %tot     avg     alloc   %tot      avg
 ──────────────────────────────────────────────────────────────────────────────
 apply_χ0                  14     427s   100%   30.5s   1301GiB  100%   92.9GiB
   compute_density         14    7.12s  1.66%   509ms   12.6GiB  0.97%   920MiB
   Hamiltonian mult...     87    643ms  0.15%  7.39ms    162MiB  0.01%  1.86MiB
 PlaneWaveBasis             1    704ms  0.16%   704ms    596MiB  0.04%   596MiB
   Instantiation At...      1    327ms  0.08%   327ms    365MiB  0.03%   365MiB
   Instantiation Ewald      1    258ms  0.06%   258ms    179MiB  0.01%   179MiB
   Instantiation At...      1   95.3ms  0.02%  95.3ms   7.22MiB  0.00%  7.22MiB
   build_kpoints            1   20.3ms  0.00%  20.3ms   29.7MiB  0.00%  29.7MiB
   Instantiation Ha...      1   1.21ms  0.00%  1.21ms   3.10MiB  0.00%  3.10MiB
   Instantiation Ki...      1    963μs  0.00%   963μs   1.32MiB  0.00%  1.32MiB
   Instantiation Ps...      1   75.8μs  0.00%  75.8μs      928B  0.00%     928B
   Instantiation Xc         1   1.08μs  0.00%  1.08μs     32.0B  0.00%    32.0B
   Instantiation En...      1    706ns  0.00%   706ns     16.0B  0.00%    16.0B
 compute_density            1    526ms  0.12%   526ms   0.96GiB  0.07%  0.96GiB
 mixing Kerker             14    370ms  0.09%  26.4ms    135MiB  0.01%  9.67MiB
 spglib_get_symmetry        1   10.5ms  0.00%  10.5ms    835KiB  0.00%   835KiB
 ──────────────────────────────────────────────────────────────────────────────
