#
#-- optimal_damping AlVac n_repeat=10 -- mixing=SimpleMixing(1.0)
#

Starting Arnoldi (now = 2020-07-25T10:09:06.364 ...

#--- 1 ---#
idcs      evals   residnorms   |P(X)|
  1     1.03118    0.995237  5.10839e-16

#--- 2 ---#
idcs      evals   residnorms   |P(X)|
  1           1   0.0590665  5.09004e-16
  2     47.8746     2.77938  7.25535e-16

#--- 3 ---#
idcs      evals   residnorms   |P(X)|
  1     1.00116   0.0902219  5.12542e-16
  2     3.68184     4.09388  5.08212e-16
  3     48.2345     0.25916  5.15286e-16

#--- 4 ---#
idcs      evals   residnorms   |P(X)|
  1     1.00006   0.0967303  5.17027e-16
  2     1.78811     1.54215  6.02552e-16
  3     10.9058     2.83569  5.25973e-16
  4     48.2382   0.0208196  5.25333e-16

#--- 5 ---#
idcs      evals   residnorms   |P(X)|
  1     1.00044    0.107843  5.23867e-16
  2     1.20349    0.509676  6.2165e-16
  3     4.93346     1.11697  4.71637e-16
  4      11.997    0.521418  4.84045e-16
  5     48.2371  0.000628939  5.49022e-16

#--- 6 ---#
idcs      evals   residnorms   |P(X)|
  1     1.00218   0.0645476  5.29603e-16
  2     1.11871    0.194369  5.03114e-16
  3     3.81426    0.950865  4.72655e-16
  4     5.87909    0.880567  5.21908e-16
  5     12.0599   0.0929202  7.14619e-16
  6     48.2371  1.84816e-05  6.38832e-16

#--- 7 ---#
idcs      evals   residnorms   |P(X)|
  1     1.00082   0.0453927  5.38404e-16
  2     1.08535     0.11472  6.09169e-16
  3     1.95731    0.520259  6.36446e-16
  4     4.14188    0.236173  6.01364e-16
  5     6.21278    0.153028  5.89594e-16
  6     12.0557  0.00609126  5.07644e-16
  7     48.2371  2.44526e-07  6.41718e-16

#--- 8 ---#
idcs      evals   residnorms   |P(X)|
  1     1.00064   0.0572058  4.99032e-16
  2     1.05739    0.124917  5.11364e-16
  3     1.40752    0.401153  5.07332e-16
  4     2.33212    0.351416  4.34595e-16
  5     4.17375   0.0537806  8.41869e-16
  6     6.21834   0.0185511  3.83657e-16
  7     12.0557  0.000313231  4.97081e-16
  8     48.2371  2.7695e-09  5.54579e-16

#--- 9 ---#
idcs      evals   residnorms   |P(X)|
  1    0.997087    0.062547  4.88132e-16
  2     1.01987   0.0871214  4.83862e-16
  3     1.19448    0.129452  5.05063e-16
  4     1.91144    0.204217  5.2204e-16
  5     2.55551    0.156423  3.79347e-16
  6      4.1747  0.00729655  6.70171e-16
  7     6.21864  0.00127889  6.23827e-16
  8     12.0557  9.09016e-06  6.08272e-16
  9     48.2371  1.75931e-11  6.78735e-16

#--- 10 ---#
idcs      evals   residnorms   |P(X)|
  1    0.997507   0.0395744  4.51866e-16
  2     1.00293    0.041884  5.56951e-16
  3     1.15834   0.0695931  4.9034e-16
  4     1.44491     0.15838  4.43478e-16
  5     2.00258    0.069168  5.87791e-16
  6     2.57465   0.0291857  5.83638e-16
  7     4.17427  0.000519761  4.3185e-16
  8     6.21869  5.10823e-05  6.4559e-16
  9     12.0557  1.61741e-07  4.34379e-16
 10     48.2371  7.6977e-14  6.75791e-16

#--- 11 ---#
idcs      evals   residnorms   |P(X)|
  1    0.985006   0.0295846  5.72481e-16
  2     0.99957   0.0310378  5.07758e-16
  3     1.09435   0.0645993  4.89738e-16
  4     1.20888   0.0625336  5.37072e-16
  5     1.57239   0.0544159  5.64762e-16
  6     1.99898   0.0123789  5.27465e-16
  7     2.57989  0.00273854  7.00144e-16
  8     4.17422  2.16912e-05  4.32066e-16
  9      6.2187  1.2475e-06  4.80785e-16
 10     12.0557  1.81157e-09  6.06158e-16
 11     48.2371  2.74796e-14  5.91085e-16

#--- 12 ---#
idcs      evals   residnorms   |P(X)|
  1    0.972187   0.0305536  5.47316e-16
  2    0.999179   0.0296403  5.24065e-16
  3     1.05447   0.0591857  6.28984e-16
  4     1.17477   0.0693777  4.74962e-16
  5     1.29554    0.123047  4.94497e-16
  7     1.99932  0.00290207  5.96319e-16
  8     2.57976  0.000361051  5.0071e-16
  9     4.17423  1.30716e-06  6.35485e-16
 10      6.2187  4.43846e-08  5.6079e-16
 11     12.0557  2.97228e-11  6.59133e-16
 12     48.2371  6.66133e-14  5.84553e-16

#--- 13 ---#
idcs      evals   residnorms   |P(X)|
  1    0.961177   0.0174845  5.37328e-16
  2    0.999442   0.0201791  4.97111e-16
  3     1.01025   0.0222619  6.08692e-16
  4     1.10433   0.0208951  4.28486e-16
  5     1.20853   0.0156009  5.37875e-16
  8     1.99979  0.000218358  4.97727e-16
  9      2.5797  1.51598e-05  6.92984e-16
 10     4.17423  2.50628e-08  6.61869e-16
 11      6.2187  5.02839e-10  6.35461e-16
 12     12.0557  1.58729e-13  6.24347e-16
 13     48.2371  7.27498e-14  5.90774e-16

#--- 14 ---#
idcs      evals   residnorms   |P(X)|
  1    0.954918   0.0259514  5.64149e-16
  2     0.98913   0.0318394  4.74346e-16
  3     1.00038   0.0313623  5.9025e-16
  4     1.04946   0.0549362  6.22269e-16
  5     1.10655   0.0235754  5.4889e-16
  9     1.99976  1.80568e-05  6.93934e-16
 10      2.5797  7.85432e-07  4.62171e-16
 11     4.17423  6.40925e-10  6.09263e-16
 12      6.2187  7.79702e-12  4.9861e-16
 13     12.0557  3.57647e-14  7.22111e-16
 14     48.2371  6.55278e-14  5.91143e-16

#--- 15 ---#
idcs      evals   residnorms   |P(X)|
  1    0.952231   0.0135732  5.47118e-16
  2     0.98394   0.0175135  4.6651e-16
  3     1.00015    0.017546  5.12753e-16
  4     1.03221   0.0251834  5.74524e-16
  5     1.10293   0.0131947  4.71974e-16
 10     1.99976  2.30004e-06  5.34122e-16
 11      2.5797  5.75252e-08  4.50835e-16
 12     4.17423  2.16761e-11  6.68053e-16
 13      6.2187  1.56253e-13  4.30867e-16
 14     12.0557  2.49891e-14  6.73574e-16
 15     48.2371  2.16487e-14  5.9979e-16

#--- 16 ---#
idcs      evals   residnorms   |P(X)|
  1    0.950263   0.0134924  5.76176e-16
  2    0.984253   0.0243543  6.57005e-16
  3     1.00016   0.0325305  5.63259e-16
  4     1.02154   0.0544798  5.49579e-16
  5     1.07043   0.0911353  4.77924e-16
 11     1.99976  3.2425e-07  5.7612e-16
 12      2.5797  4.87132e-09  5.8315e-16
 13     4.17423  8.77782e-13  4.57108e-16
 14      6.2187  8.03845e-15  5.99207e-16
 15     12.0557  1.2645e-14  5.41117e-16
 16     48.2371  4.48631e-14  6.0204e-16

#--- 17 ---#
idcs      evals   residnorms   |P(X)|
  1    0.947805   0.0153246  5.34014e-16
  2    0.971307   0.0331133  5.14801e-16
  3    0.993376   0.0277124  5.55335e-16
  4    0.998933   0.0243378  5.97889e-16
  5     1.03914   0.0204764  5.41561e-16
 12     1.99976  3.49605e-08  6.32302e-16
 13      2.5797  3.05722e-10  4.1713e-16
 14     4.17423  2.64272e-14  4.30342e-16
 15      6.2187  7.43811e-15  6.49398e-16
 16     12.0557  9.45882e-15  6.88885e-16
 17     48.2371  3.14753e-14  5.82303e-16

#--- 18 ---#
idcs      evals   residnorms   |P(X)|
  1    0.945869   0.0146689  5.64192e-16
  2    0.964591   0.0242303  5.46424e-16
  3    0.991221   0.0187092  4.94568e-16
  4    0.999564     0.01725  5.29678e-16
  5       1.036   0.0230027  4.43352e-16
 13     1.99976  5.10976e-09  4.64806e-16
 14      2.5797  2.64962e-11  6.48826e-16
 15     4.17423  7.21294e-15  4.7686e-16
 16      6.2187  4.29881e-15  6.69057e-16
 17     12.0557  9.442e-15  7.28747e-16
 18     48.2371  3.97832e-14  5.82453e-16

#--- 19 ---#
idcs      evals   residnorms   |P(X)|
  1    0.942439   0.0146271  5.26293e-16
  2    0.957678   0.0166708  4.78644e-16
  3    0.986322   0.0159816  5.76474e-16
  4    0.999744   0.0197475  5.43823e-16
  5     1.01798   0.0360082  6.06987e-16
 14     1.99976  4.74921e-10  5.77087e-16
 15      2.5797  1.45557e-12  4.13286e-16
 16     4.17423  1.65426e-14  4.34296e-16
 17      6.2187  6.94126e-15  5.89366e-16
 18     12.0557  6.86756e-15  5.35927e-16
 19     48.2371  5.35728e-14  5.99596e-16

#--- 20 ---#
idcs      evals   residnorms   |P(X)|
  1     0.94076   0.0138885  5.42591e-16
  2    0.956431   0.0157688  5.45111e-16
  3      0.9817   0.0204053  5.4189e-16
  4     1.00041   0.0313986  5.49161e-16
  5     1.00535   0.0324952  6.90816e-16
 15     1.99976  7.18017e-11  5.02016e-16
 16      2.5797  1.30957e-13  5.34112e-16
 17     4.17423  5.13559e-15  3.83656e-16
 18      6.2187  4.32592e-15  6.30668e-16
 19     12.0557  1.75396e-14  4.76707e-16
 20     48.2371  3.73634e-14  5.91906e-16

#--- 21 ---#
idcs      evals   residnorms   |P(X)|
  1    0.937627  0.00777455  5.69746e-16
  2    0.952781  0.00766185  5.50845e-16
  3    0.974604   0.0156419  5.52967e-16
  4    0.990856   0.0113027  5.91506e-16
  5    0.999443  0.00892461  5.02225e-16
 16     1.99976  3.82734e-12  4.28079e-16
 17      2.5797  5.65854e-15  6.64977e-16
 18     4.17423  5.13424e-15  5.04237e-16
 19      6.2187  5.49484e-15  7.23818e-16
 20     12.0557  9.51959e-15  4.91262e-16
 21     48.2371  1.43755e-14  5.95503e-16

#--- 22 ---#
idcs      evals   residnorms   |P(X)|
  1    0.936902  0.00347975  6.18956e-16
  2    0.951151  0.00412585  5.64872e-16
  3    0.969708  0.00959437  5.7318e-16
  4    0.989035  0.00999604  5.1794e-16
  5    0.999893   0.0150127  5.26086e-16
 17     1.99976  9.62528e-14  4.70828e-16
 18      2.5797  2.49653e-15  5.67844e-16
 19     4.17423  3.6866e-15  4.09434e-16
 20      6.2187  8.42174e-15  5.63213e-16
 21     12.0557  1.31223e-14  4.81724e-16
 22     48.2371  2.62364e-14  5.92028e-16

#--- 23 ---#
idcs      evals   residnorms   |P(X)|
  1    0.936034  0.00155508  5.9309e-16
  2    0.950991  0.00231699  4.98332e-16
  3     0.96765  0.00794579  5.64813e-16
  4    0.983856   0.0125339  5.62254e-16
  5    0.993671   0.0126808  5.59207e-16
 18     1.99976  7.60577e-15  6.14306e-16
 19      2.5797  6.28961e-15  4.15121e-16
 20     4.17423  9.94582e-15  4.10573e-16
 21      6.2187  1.30993e-14  6.83549e-16
 22     12.0557  5.66548e-15  4.96181e-16
 23     48.2371  5.83254e-14  5.86867e-16

#--- 24 ---#
idcs      evals   residnorms   |P(X)|
  1    0.936018  0.00120819  5.35164e-16
  2    0.951004  0.00289548  5.30628e-16
  3    0.964257   0.0160171  4.97487e-16
  4    0.974668   0.0201164  5.34089e-16
  5    0.989384   0.0130151  6.6408e-16
 19     1.99976  6.61296e-15  7.29235e-16
 20      2.5797  5.08382e-15  7.07129e-16
 21     4.17423  9.36269e-15  5.25971e-16
 22      6.2187  1.0473e-14  5.81552e-16
 23     12.0557  1.62636e-14  5.02819e-16
 24     48.2371  1.92303e-14  5.88187e-16

 ──────────────────────────────────────────────────────────────────────────────
                                       Time                   Allocations      
                               ──────────────────────   ───────────────────────
       Tot / % measured:             979s / 92.1%           2353GiB / 100%     

 Section               ncalls     time   %tot     avg     alloc   %tot      avg
 ──────────────────────────────────────────────────────────────────────────────
 apply_χ0                  24     900s   100%   37.5s   2344GiB  100%   97.7GiB
   Hamiltonian mult...  22.2k     103s  11.4%  4.63ms   40.4GiB  1.72%  1.86MiB
   compute_density         24    12.0s  1.33%   498ms   21.6GiB  0.92%   920MiB
 PlaneWaveBasis             1    737ms  0.08%   737ms    596MiB  0.02%   596MiB
   Instantiation At...      1    358ms  0.04%   358ms    365MiB  0.02%   365MiB
   Instantiation Ewald      1    260ms  0.03%   260ms    179MiB  0.01%   179MiB
   Instantiation At...      1   95.5ms  0.01%  95.5ms   7.22MiB  0.00%  7.22MiB
   build_kpoints            1   20.5ms  0.00%  20.5ms   29.7MiB  0.00%  29.7MiB
   Instantiation Ha...      1   1.19ms  0.00%  1.19ms   3.10MiB  0.00%  3.10MiB
   Instantiation Ki...      1    985μs  0.00%   985μs   1.32MiB  0.00%  1.32MiB
   Instantiation Ps...      1   71.8μs  0.00%  71.8μs      928B  0.00%     928B
   Instantiation Xc         1   1.11μs  0.00%  1.11μs     32.0B  0.00%    32.0B
   Instantiation En...      1    880ns  0.00%   880ns     16.0B  0.00%    16.0B
 compute_density            1    557ms  0.06%   557ms   0.96GiB  0.04%  0.96GiB
 spglib_get_symmetry        1   10.6ms  0.00%  10.6ms    835KiB  0.00%   835KiB
 mixing Simple             24    188μs  0.00%  7.85μs     0.00B  0.00%    0.00B
 ──────────────────────────────────────────────────────────────────────────────
