#
#-- optimal_damping AlVac n_repeat=10 -- mixing=HybridMixing(1.0, 1, 1.0, identity, true, false)
#

Starting Arnoldi (now = 2020-07-25T09:51:33.504 ...

#--- 1 ---#
idcs      evals   residnorms   |P(X)|
  1    0.979001   0.0811248  4.98914e-16

#--- 2 ---#
idcs      evals   residnorms   |P(X)|
  1    0.361128    0.303563  3.8708e-15
  2    0.983224   0.0395711  5.86247e-16

#--- 3 ---#
idcs      evals   residnorms   |P(X)|
  1    0.359833    0.138141  2.99942e-15
  2    0.721915    0.214776  5.59891e-16
  3      0.9869   0.0322296  5.8969e-16

#--- 4 ---#
idcs      evals   residnorms   |P(X)|
  1    0.396499    0.118059  1.93926e-15
  2    0.470227    0.156323  9.74849e-16
  3    0.854805    0.143405  5.27772e-16
  4    0.990097   0.0268428  5.97594e-16

#--- 5 ---#
idcs      evals   residnorms   |P(X)|
  1    0.316991   0.0643821  1.91931e-15
  2    0.487292    0.124636  1.82679e-15
  3    0.635116    0.132539  1.19794e-15
  4    0.913069   0.0868273  6.52328e-16
  5    0.992815   0.0210196  6.44601e-16

#--- 6 ---#
idcs      evals   residnorms   |P(X)|
  1    0.304815   0.0380361  1.56639e-15
  2    0.434736    0.076451  1.98362e-15
  3    0.589362    0.112307  6.54539e-16
  4    0.766975    0.128896  7.54613e-16
  5    0.939862     0.06743  6.85412e-16
  6    0.994806   0.0189564  6.97043e-16

#--- 7 ---#
idcs      evals   residnorms   |P(X)|
  1    0.299592   0.0352783  1.34752e-15
  2     0.39272   0.0831815  1.8723e-15
  3    0.526608    0.130888  1.21163e-15
  4    0.640617    0.115357  1.05232e-15
  5    0.825348   0.0987294  5.28105e-16
  6    0.954065   0.0478089  6.32626e-16
  7     0.99611   0.0151486  7.21485e-16

#--- 8 ---#
idcs      evals   residnorms   |P(X)|
  1    0.293156   0.0273696  1.06402e-15
  2    0.353334   0.0572388  1.72137e-15
  3    0.472058   0.0596278  1.65113e-15
  4    0.592314   0.0662755  7.20209e-16
  5    0.751784   0.0933115  8.50505e-16
  6    0.867841   0.0827076  5.8484e-16
  7    0.963566   0.0357684  5.80038e-16
  8    0.997206   0.0119538  7.26155e-16

#--- 9 ---#
idcs      evals   residnorms   |P(X)|
  1    0.286883   0.0166358  1.07065e-15
  2    0.345544   0.0353936  1.74406e-15
  3    0.449793   0.0459224  1.55381e-15
  4    0.561524   0.0845218  5.45889e-16
  5    0.677117    0.108663  1.01925e-15
  6    0.784648   0.0999477  5.46823e-16
  7    0.902627   0.0753636  5.59342e-16
  8    0.968795   0.0347822  5.48682e-16
  9     0.99782   0.0112079  7.37033e-16

#--- 10 ---#
idcs      evals   residnorms   |P(X)|
  1    0.281144   0.0184273  1.10802e-15
  2    0.342443   0.0476398  1.62081e-15
  3    0.409327   0.0876204  1.1637e-15
  4     0.50071    0.112883  1.61624e-15
  5    0.597464   0.0857394  7.92377e-16
  6    0.720392    0.108898  8.00534e-16
  7    0.820336   0.0967078  5.57346e-16
  8    0.918082   0.0677427  5.85375e-16
  9    0.972855   0.0316083  5.31444e-16
 10    0.998261   0.0101057  7.41151e-16

#--- 11 ---#
idcs      evals   residnorms   |P(X)|
  1    0.276213   0.0300699  9.99233e-16
  2    0.316714   0.0638789  1.34874e-15
  3    0.367073   0.0741965  1.4066e-15
  4    0.451001   0.0539266  1.37163e-15
  5    0.568007   0.0891154  8.94118e-16
  6    0.634199   0.0840267  1.17343e-15
  7    0.760805    0.075142  6.06333e-16
  8    0.849742   0.0687876  5.64842e-16
  9      0.9333   0.0473883  6.13457e-16
 10    0.976553   0.0243622  5.19262e-16
 11    0.998641  0.00762154  7.33724e-16

#--- 12 ---#
idcs      evals   residnorms   |P(X)|
  1    0.275075   0.0232982  8.20458e-16
  2    0.303484   0.0369268  1.26321e-15
  3    0.360698   0.0369565  1.5117e-15
  4    0.434958   0.0407536  1.16172e-15
  5     0.53445   0.0789141  1.42446e-15
  7    0.713255   0.0832509  8.30189e-16
  8    0.791584   0.0794843  5.55014e-16
  9    0.877308    0.065375  5.28204e-16
 10    0.943679   0.0425032  6.38004e-16
 11    0.979383   0.0225829  5.23152e-16
 12    0.998927  0.00673114  7.3062e-16

#--- 13 ---#
idcs      evals   residnorms   |P(X)|
  1    0.272972   0.0149869  7.82922e-16
  2    0.300104   0.0220009  1.21355e-15
  3    0.355548   0.0271393  1.47964e-15
  4    0.422994   0.0489925  1.14219e-15
  5    0.489645   0.0710944  1.2851e-15
  8    0.741436   0.0648511  5.70894e-16
  9    0.828981   0.0654051  5.39632e-16
 10    0.894803   0.0584459  5.58337e-16
 11    0.952034   0.0358569  6.00596e-16
 12    0.981707   0.0201204  5.21745e-16
 13     0.99912  0.00568929  7.29274e-16

#--- 14 ---#
idcs      evals   residnorms   |P(X)|
  1    0.271598  0.00696689  7.79408e-16
  2    0.298967   0.0104831  1.17792e-15
  3    0.350911   0.0166804  1.4814e-15
  4     0.41326   0.0463645  1.05334e-15
  5    0.458814   0.0427263  1.0839e-15
  9    0.777753   0.0618628  5.65235e-16
 10    0.851583   0.0551127  5.16108e-16
 11    0.913789   0.0483409  5.78076e-16
 12    0.958414   0.0312655  5.87064e-16
 13    0.983943   0.0179402  5.31697e-16
 14    0.999303  0.00483411  7.24261e-16

#--- 15 ---#
idcs      evals   residnorms   |P(X)|
  1    0.271868  0.00304369  7.84309e-16
  2    0.298253  0.00496564  1.17176e-15
  3    0.350402  0.00968781  1.47835e-15
  4    0.406432   0.0328188  9.6916e-16
  5    0.451006   0.0300185  1.12289e-15
 10    0.808633   0.0641848  5.81598e-16
 11    0.869514   0.0562463  5.29239e-16
 12    0.926002   0.0445116  5.72765e-16
 13    0.963509   0.0297352  5.78139e-16
 14    0.985584   0.0175843  5.46318e-16
 15    0.999399  0.00445592  7.19187e-16

#--- 16 ---#
idcs      evals   residnorms   |P(X)|
  1    0.272159  0.00135628  8.152e-16
  2    0.297807   0.0024372  1.1862e-15
  3    0.350686   0.0061116  1.4737e-15
  4    0.400294   0.0252717  8.673e-16
  5    0.447614   0.0298462  1.22406e-15
 11    0.832201   0.0508935  5.40475e-16
 12    0.887234   0.0486191  5.39063e-16
 13    0.935121   0.0368804  5.8087e-16
 14    0.967751   0.0249646  5.52173e-16
 15    0.987142   0.0153858  5.55536e-16
 16     0.99949   0.0037231  7.21329e-16

#--- 17 ---#
idcs      evals   residnorms   |P(X)|
  1    0.272189  0.00047386  8.89739e-16
  2    0.297692  0.000922527  1.17166e-15
  3    0.350735  0.00287566  1.4736e-15
  4    0.397741   0.0145988  7.66342e-16
  5    0.445056   0.0237904  1.23249e-15
 12    0.855274   0.0493512  5.68382e-16
 13    0.901545   0.0476928  5.38371e-16
 14    0.943598   0.0346966  5.92776e-16
 15    0.971272   0.0238217  5.43963e-16
 16    0.988577   0.0149706  5.44269e-16
 17    0.999575  0.00346385  7.14644e-16

 ──────────────────────────────────────────────────────────────────────────────
                                       Time                   Allocations      
                               ──────────────────────   ───────────────────────
       Tot / % measured:             581s / 91.0%           1610GiB / 100%     

 Section               ncalls     time   %tot     avg     alloc   %tot      avg
 ──────────────────────────────────────────────────────────────────────────────
 apply_χ0                  17     514s  97.3%   30.3s   1579GiB  98.4%  92.9GiB
   compute_density         17    8.87s  1.68%   522ms   15.3GiB  0.95%   920MiB
   Hamiltonian mult...     36    291ms  0.06%  8.08ms   67.1MiB  0.00%  1.86MiB
 mixing Hybrid             17    13.6s  2.57%   798ms   25.2GiB  1.57%  1.48GiB
   compute_density         18    9.55s  1.81%   531ms   17.3GiB  1.08%  0.96GiB
 PlaneWaveBasis             1    783ms  0.15%   783ms    596MiB  0.04%   596MiB
   Instantiation At...      1    392ms  0.07%   392ms    365MiB  0.02%   365MiB
   Instantiation Ewald      1    266ms  0.05%   266ms    179MiB  0.01%   179MiB
   Instantiation At...      1   95.1ms  0.02%  95.1ms   7.22MiB  0.00%  7.22MiB
   build_kpoints            1   25.8ms  0.00%  25.8ms   29.7MiB  0.00%  29.7MiB
   Instantiation Ha...      1   2.29ms  0.00%  2.29ms   3.10MiB  0.00%  3.10MiB
   Instantiation Ki...      1    933μs  0.00%   933μs   1.32MiB  0.00%  1.32MiB
   Instantiation Ps...      1   70.4μs  0.00%  70.4μs      928B  0.00%     928B
   Instantiation Xc         1   1.25μs  0.00%  1.25μs     32.0B  0.00%    32.0B
   Instantiation En...      1    853ns  0.00%   853ns     16.0B  0.00%    16.0B
 spglib_get_symmetry        1   10.6ms  0.00%  10.6ms    835KiB  0.00%   835KiB
 ──────────────────────────────────────────────────────────────────────────────
