#
#-- optimal_damping AlVac n_repeat=10 -- mixing=HybridMixing(1.0, 14, 1.0, identity, true, false)
#

Starting Arnoldi (now = 2020-07-25T09:43:48.887 ...

#--- 1 ---#
idcs      evals   residnorms   |P(X)|
  1    0.963651    0.102699  5.05571e-16

#--- 2 ---#
idcs      evals   residnorms   |P(X)|
  1    0.267587    0.317312  3.05581e-15
  2    0.969024    0.046379  5.56983e-16

#--- 3 ---#
idcs      evals   residnorms   |P(X)|
  1    0.339429    0.150313  2.41473e-15
  2    0.659562    0.232919  8.72241e-16
  3    0.974661   0.0397232  5.38555e-16

#--- 4 ---#
idcs      evals   residnorms   |P(X)|
  1    0.365947    0.174215         NaN
  2    0.365947    0.174215         NaN
  3    0.810748    0.172898  6.09234e-16
  4    0.978845   0.0332791  5.35182e-16
Warn: Suppressed imaginary part.

#--- 5 ---#
idcs      evals   residnorms   |P(X)|
  1    0.173366    0.135632  1.39862e-15
  2    0.474324    0.129347         NaN
  3    0.474324    0.129347         NaN
  4    0.876639    0.104903  5.71821e-16
  5    0.981757   0.0243778  5.55479e-16
Warn: Suppressed imaginary part.

#--- 6 ---#
idcs      evals   residnorms   |P(X)|
  1    0.127347   0.0803711  7.45797e-16
  2    0.366227   0.0850102  1.78787e-15
  3    0.511836    0.134368  5.54937e-16
  4     0.67256    0.144735  1.34493e-15
  5    0.913431   0.0854331  7.22493e-16
  6    0.984104   0.0225445  6.07864e-16

#--- 7 ---#
idcs      evals   residnorms   |P(X)|
  1    0.110637   0.0433119  6.97739e-16
  2    0.313924   0.0719665  1.66899e-15
  3    0.516093    0.120753         NaN
  4    0.516093    0.120753         NaN
  5    0.765458    0.117116  7.28165e-16
  6    0.936417   0.0591886  7.09896e-16
  7    0.986068   0.0190576  6.51535e-16
Warn: Suppressed imaginary part.

#--- 8 ---#
idcs      evals   residnorms   |P(X)|
  1    0.102693   0.0269431  6.58928e-16
  2    0.298262    0.107556  7.15561e-16
  3    0.367673    0.110506  1.66303e-15
  4    0.590707    0.125361         NaN
  5    0.590707    0.125361         NaN
  6    0.814196    0.106743  5.56427e-16
  7    0.947525    0.044336  6.20732e-16
  8    0.987345   0.0156897  6.58874e-16
Warn: Suppressed imaginary part.

#--- 9 ---#
idcs      evals   residnorms   |P(X)|
  1   0.0998045   0.0183985  6.85354e-16
  2    0.244785   0.0946452  6.11664e-16
  3     0.35085   0.0730204  1.63543e-15
  4    0.481576    0.114772  1.19936e-15
  5     0.59158    0.121054  9.70804e-16
  6    0.706116    0.124558  9.22455e-16
  7    0.860781    0.105571  6.67582e-16
  8    0.955636   0.0429906  5.58309e-16
  9    0.988391   0.0158706  6.61832e-16

#--- 10 ---#
idcs      evals   residnorms   |P(X)|
  1   0.0974989   0.0173448  8.21682e-16
  2    0.192322   0.0965379  6.06732e-16
  3    0.320456   0.0824589  1.16344e-15
  4    0.397489    0.100786  1.45385e-15
  5    0.542993     0.09566  8.7127e-16
  6    0.614226   0.0957607  1.29036e-15
  7     0.75212   0.0836889  6.4815e-16
  8    0.892606   0.0658197  7.14885e-16
  9    0.961828   0.0314875  5.27167e-16
 10    0.989263   0.0121615  6.65727e-16

#--- 11 ---#
idcs      evals   residnorms   |P(X)|
  1   0.0962465  0.00789066  6.58246e-16
  2    0.166512   0.0400159  6.35545e-16
  3    0.299284   0.0400297  9.76681e-16
  4    0.377394   0.0425747  1.57188e-15
  5    0.503954   0.0570895  1.00145e-15
  6     0.59741   0.0701816  1.00477e-15
  7    0.702441   0.0937846  9.26517e-16
  8    0.797627   0.0948805  5.49842e-16
  9    0.915203   0.0529527  6.86647e-16
 10    0.967208   0.0280696  5.07131e-16
 11    0.990065    0.011137  6.57698e-16

#--- 12 ---#
idcs      evals   residnorms   |P(X)|
  1   0.0961631  0.00351399  6.9657e-16
  2    0.162487   0.0199115  5.85939e-16
  3     0.29622   0.0302811  8.53538e-16
  4    0.366009   0.0394695  1.52625e-15
  5    0.485967   0.0952782  1.18706e-15
  7    0.639738    0.104848  1.02281e-15
  8    0.724362   0.0866201  6.20577e-16
  9    0.841916   0.0841186  6.17438e-16
 10    0.927635   0.0491027  6.51194e-16
 11    0.970807   0.0267877  5.13341e-16
 12    0.990648   0.0108136  6.53198e-16

#--- 13 ---#
idcs      evals   residnorms   |P(X)|
  1   0.0961697  0.00213792  6.45878e-16
  2    0.161368    0.015255  4.79173e-16
  3    0.291866   0.0566726  6.31711e-16
  4    0.333193   0.0895601  1.45255e-15
  5    0.411542   0.0861354  1.29318e-15
  8    0.672406   0.0987371  8.54239e-16
  9    0.760156   0.0858684  5.52735e-16
 10    0.867664   0.0694181  6.53637e-16
 11    0.936896   0.0417531  6.14637e-16
 12    0.973651   0.0236548  5.24603e-16
 13    0.991106  0.00971215  6.46665e-16

 ──────────────────────────────────────────────────────────────────────────────
                                       Time                   Allocations      
                               ──────────────────────   ───────────────────────
       Tot / % measured:             464s / 90.9%           1238GiB / 100%     

 Section               ncalls     time   %tot     avg     alloc   %tot      avg
 ──────────────────────────────────────────────────────────────────────────────
 apply_χ0                  13     406s  96.4%   31.3s   1208GiB  98.0%  92.9GiB
   compute_density         13    6.95s  1.65%   535ms   11.7GiB  0.95%   922MiB
   Hamiltonian mult...     45    577ms  0.14%  12.8ms    100MiB  0.01%  2.23MiB
 mixing Hybrid             13    14.0s  3.32%   1.08s   24.6GiB  2.00%  1.89GiB
   compute_density         14    7.53s  1.79%   538ms   13.4GiB  1.09%  0.96GiB
 PlaneWaveBasis             1    1.10s  0.26%   1.10s    602MiB  0.05%   602MiB
   Instantiation Ewald      1    533ms  0.13%   533ms    179MiB  0.01%   179MiB
   Instantiation At...      1    337ms  0.08%   337ms    365MiB  0.03%   365MiB
   Instantiation At...      1   94.9ms  0.02%  94.9ms   7.22MiB  0.00%  7.22MiB
   build_kpoints            1   21.2ms  0.01%  21.2ms   29.7MiB  0.00%  29.7MiB
   Instantiation Ha...      1   2.86ms  0.00%  2.86ms   3.10MiB  0.00%  3.10MiB
   Instantiation Ki...      1    991μs  0.00%   991μs   1.32MiB  0.00%  1.32MiB
   Instantiation Ps...      1   66.7μs  0.00%  66.7μs      928B  0.00%     928B
   Instantiation Xc         1    984ns  0.00%   984ns     32.0B  0.00%    32.0B
   Instantiation En...      1    671ns  0.00%   671ns     16.0B  0.00%    16.0B
 spglib_get_symmetry        1   10.8ms  0.00%  10.8ms    835KiB  0.00%   835KiB
 ──────────────────────────────────────────────────────────────────────────────
