#
#-- SCF AlVac n_repeat=10 -- mixing=KerkerMixing(1.84, 1.0)
#

hostname       = clustern09

started on     = 2020-07-25T12:39:56.106
julia threads  = 4
BLAS threads   = 4

temperature    = 0.001
smearing       = DFTK.Smearing.Gaussian()
diag(lattice)  = [7.653, 7.653, 68.88]
Ecut           = 20
fft_size       = (25, 25, 216)
kgrid          = [6, 6, 1]
irreducible k  = 10
n_bands        = 41
n_electr       = 60
mixing         = KerkerMixing(1.84, 1.0)
n     Free energy       Eₙ-Eₙ₋₁     ρout-ρin   Diag
---   ---------------   ---------   --------   ----
  1   -40.81632667274         NaN   3.14e-01    18.1 
  2   -41.27390205754   -4.58e-01   1.38e-01    12.9 
  3   -41.31065375912   -3.68e-02   2.87e-02    12.6 
  4   -41.40521316851   -9.46e-02   1.11e-02    9.1 
  5   -41.40088394491    4.33e-03   6.50e-03    5.6 
  6   -41.40450339579   -3.62e-03   4.83e-03    7.1 
  7   -41.40366891247    8.34e-04   3.94e-03    6.8 
  8   -41.40546786575   -1.80e-03   2.95e-03    7.1 
  9   -41.40608336996   -6.16e-04   2.48e-03    7.6 
 10   -41.40650915408   -4.26e-04   2.08e-03    7.6 
 11   -41.40678655695   -2.77e-04   1.83e-03    7.9 
 12   -41.40704392539   -2.57e-04   1.64e-03    8.1 
 13   -41.40713441419   -9.05e-05   1.55e-03    8.4 
 14   -41.40718521906   -5.08e-05   1.49e-03    7.8 
 15   -41.40734072500   -1.56e-04   1.24e-03    10.5 
 16   -41.40762270535   -2.82e-04   5.34e-04    12.6 
 17   -41.40764925186   -2.65e-05   3.95e-04    10.7 
 18   -41.40768652154   -3.73e-05   3.50e-05    13.0 
 19   -41.40768635779    1.64e-07   3.09e-05    7.9 
 20   -41.40768659758   -2.40e-07   9.04e-06    11.2 
 21   -41.40768661089   -1.33e-08   4.65e-06    8.7 
 22   -41.40768661776   -6.87e-09   1.53e-06    10.7 
 23   -41.40768661777   -1.58e-11   8.94e-07    8.4 
 24   -41.40768661776    1.16e-11   3.59e-07    8.9 
 25   -41.40768661781   -4.96e-11   1.01e-07    10.5 
 26   -41.40768661781    1.35e-12   9.45e-08    10.1 
Energy breakdown:
    Kinetic             16.9998735
    AtomicLocal         -869.8391312
    AtomicNonlocal      8.0316509 
    Ewald               389.5416827
    PspCorrection       -2.0895370
    Hartree             431.7861879
    Xc                  -15.8382220
    Entropy             -0.0001914

    total               -41.407686617809

 ──────────────────────────────────────────────────────────────────────────────
                                       Time                   Allocations      
                               ──────────────────────   ───────────────────────
       Tot / % measured:             641s / 100%             300GiB / 100%     

 Section               ncalls     time   %tot     avg     alloc   %tot      avg
 ──────────────────────────────────────────────────────────────────────────────
 self_consistent_field      1     640s   100%    640s    300GiB  100%    300GiB
   LOBPCG                 260     573s  89.4%   2.20s    259GiB  86.2%  0.99GiB
     Hamiltonian mu...  2.76k     184s  28.7%  66.7ms   38.5GiB  12.8%  14.3MiB
     rayleigh_ritz      2.50k    98.2s  15.3%  39.3ms   1.04GiB  0.35%   437KiB
     block multipli...  13.5k    90.3s  14.1%  6.69ms   72.3GiB  24.1%  5.48MiB
     ortho              10.4k    68.9s  10.8%  6.65ms   45.6GiB  15.2%  4.50MiB
   energy_hamiltonian      53    24.5s  3.82%   462ms   14.4GiB  4.79%   278MiB
   compute_density         26    13.4s  2.10%   517ms   24.9GiB  8.31%  0.96GiB
   QR orthonormaliz...    260    866ms  0.14%  3.33ms    578MiB  0.19%  2.22MiB
   mixing Kerker           26   67.7ms  0.01%  2.60ms    107MiB  0.03%  4.13MiB
 PlaneWaveBasis             1    1.05s  0.16%   1.05s    596MiB  0.19%   596MiB
   Instantiation At...      1    635ms  0.10%   635ms    365MiB  0.12%   365MiB
   Instantiation Ewald      1    281ms  0.04%   281ms    179MiB  0.06%   179MiB
   Instantiation At...      1   96.4ms  0.02%  96.4ms   7.22MiB  0.00%  7.22MiB
   build_kpoints            1   28.8ms  0.00%  28.8ms   29.7MiB  0.01%  29.7MiB
   Instantiation Ha...      1   2.43ms  0.00%  2.43ms   3.10MiB  0.00%  3.10MiB
   Instantiation Ki...      1   1.35ms  0.00%  1.35ms   1.32MiB  0.00%  1.32MiB
   Instantiation Ps...      1   83.0μs  0.00%  83.0μs      928B  0.00%     928B
   Instantiation Xc         1   1.17μs  0.00%  1.17μs     32.0B  0.00%    32.0B
   Instantiation En...      1    648ns  0.00%   648ns     16.0B  0.00%    16.0B
 guess_density              1   78.7ms  0.01%  78.7ms   9.28MiB  0.00%  9.28MiB
 spglib_get_symmetry        1   11.0ms  0.00%  11.0ms    835KiB  0.00%   835KiB
 ──────────────────────────────────────────────────────────────────────────────
