#
#-- SCF AlVac n_repeat=10 -- mixing=HybridMixing(1.84, 14, 1.0, identity, true, false)
#

hostname       = clustern09

started on     = 2020-07-25T12:26:50.331
julia threads  = 4
BLAS threads   = 4

temperature    = 0.001
smearing       = DFTK.Smearing.Gaussian()
diag(lattice)  = [7.653, 7.653, 68.88]
Ecut           = 20
fft_size       = (25, 25, 216)
kgrid          = [6, 6, 1]
irreducible k  = 10
n_bands        = 41
n_electr       = 60
mixing         = HybridMixing(1.84, 14, 1.0, identity, true, false)
n     Free energy       Eₙ-Eₙ₋₁     ρout-ρin   Diag
---   ---------------   ---------   --------   ----
  1   -40.81635879255         NaN   3.14e-01    18.2 
  2   -41.39382918464   -5.77e-01   9.85e-02    11.4 
  3   -41.40588388391   -1.21e-02   2.38e-02    8.5 
  4   -41.40728155961   -1.40e-03   7.42e-03    6.4 
  5   -41.40755978492   -2.78e-04   2.82e-03    5.0 
  6   -41.40763297139   -7.32e-05   1.66e-03    5.4 
  7   -41.40766653596   -3.36e-05   9.95e-04    6.7 
  8   -41.40767969924   -1.32e-05   5.98e-04    7.4 
  9   -41.40768416504   -4.47e-06   3.66e-04    7.6 
 10   -41.40768585523   -1.69e-06   2.12e-04    8.7 
 11   -41.40768633591   -4.81e-07   1.33e-04    8.2 
 12   -41.40768650704   -1.71e-07   8.64e-05    8.8 
 13   -41.40768657758   -7.05e-08   5.35e-05    8.9 
 14   -41.40768661135   -3.38e-08   2.07e-05    9.8 
 15   -41.40768661690   -5.55e-09   4.15e-06    9.8 
 16   -41.40768661765   -7.59e-10   8.95e-07    9.5 
 17   -41.40768661777   -1.18e-10   3.48e-07    10.0 
 18   -41.40768661781   -3.79e-11   1.03e-07    10.3 
 19   -41.40768661781   -1.63e-12   2.60e-08    10.4 
Energy breakdown:
    Kinetic             16.9998741
    AtomicLocal         -869.8391790
    AtomicNonlocal      8.0316512 
    Ewald               389.5416827
    PspCorrection       -2.0895370
    Hartree             431.7862350
    Xc                  -15.8382223
    Entropy             -0.0001914

    total               -41.407686617813

 ──────────────────────────────────────────────────────────────────────────────
                                       Time                   Allocations      
                               ──────────────────────   ───────────────────────
       Tot / % measured:             473s / 100%             246GiB / 100%     

 Section               ncalls     time   %tot     avg     alloc   %tot      avg
 ──────────────────────────────────────────────────────────────────────────────
 self_consistent_field      1     472s   100%    472s    246GiB  100%    246GiB
   LOBPCG                 190     402s  85.0%   2.12s    181GiB  73.4%  0.95GiB
     Hamiltonian mu...  1.90k     130s  27.6%  68.6ms   26.9GiB  10.9%  14.5MiB
     rayleigh_ritz      1.71k    68.3s  14.4%  40.0ms    745MiB  0.30%   446KiB
     block multipli...  9.20k    62.7s  13.2%  6.82ms   49.7GiB  20.2%  5.53MiB
     ortho              7.04k    48.2s  10.2%  6.85ms   31.7GiB  12.9%  4.61MiB
   mixing Hybrid           19    18.4s  3.88%   967ms   35.0GiB  14.2%  1.84GiB
     compute_density       19    9.35s  1.98%   492ms   18.2GiB  7.40%  0.96GiB
   energy_hamiltonian      39    18.1s  3.82%   464ms   10.5GiB  4.28%   277MiB
   compute_density         19    10.1s  2.13%   531ms   18.2GiB  7.40%  0.96GiB
   QR orthonormaliz...    190    902ms  0.19%  4.75ms    578MiB  0.23%  3.04MiB
 PlaneWaveBasis             1    838ms  0.18%   838ms    596MiB  0.24%   596MiB
   Instantiation At...      1    429ms  0.09%   429ms    365MiB  0.14%   365MiB
   Instantiation Ewald      1    285ms  0.06%   285ms    179MiB  0.07%   179MiB
   Instantiation At...      1   94.3ms  0.02%  94.3ms   7.22MiB  0.00%  7.22MiB
   build_kpoints            1   25.6ms  0.01%  25.6ms   29.7MiB  0.01%  29.7MiB
   Instantiation Ha...      1   1.54ms  0.00%  1.54ms   3.10MiB  0.00%  3.10MiB
   Instantiation Ki...      1   1.12ms  0.00%  1.12ms   1.32MiB  0.00%  1.32MiB
   Instantiation Ps...      1   75.4μs  0.00%  75.4μs      928B  0.00%     928B
   Instantiation Xc         1   1.23μs  0.00%  1.23μs     32.0B  0.00%    32.0B
   Instantiation En...      1    930ns  0.00%   930ns     16.0B  0.00%    16.0B
 guess_density              1   77.3ms  0.02%  77.3ms   9.28MiB  0.00%  9.28MiB
 spglib_get_symmetry        1   10.8ms  0.00%  10.8ms    835KiB  0.00%   835KiB
 ──────────────────────────────────────────────────────────────────────────────
