#
#-- SCF AlVac n_repeat=10 -- mixing=RestaMixing(0.453, 14, 1.0)
#

hostname       = clustern09

started on     = 2020-07-25T13:04:16.192
julia threads  = 4
BLAS threads   = 4

temperature    = 0.001
smearing       = DFTK.Smearing.Gaussian()
diag(lattice)  = [7.653, 7.653, 68.88]
Ecut           = 20
fft_size       = (25, 25, 216)
kgrid          = [6, 6, 1]
irreducible k  = 10
n_bands        = 41
n_electr       = 60
mixing         = RestaMixing(0.453, 14, 1.0)
n     Free energy       Eₙ-Eₙ₋₁     ρout-ρin   Diag
---   ---------------   ---------   --------   ----
  1   -40.81634651513         NaN   3.14e-01    18.7 
  2   -41.00900755955   -1.93e-01   2.04e-01    10.4 
  3   -33.34315372767    7.67e+00   1.82e-01    13.6 
  4   -40.54816444304   -7.21e+00   6.55e-02    13.0 
  5   -41.39133761599   -8.43e-01   1.46e-02    8.9 
  6   -41.40180700190   -1.05e-02   9.48e-03    5.7 
  7   -41.40687938058   -5.07e-03   4.55e-03    7.0 
  8   -41.40756263330   -6.83e-04   2.37e-03    7.5 
  9   -41.40763127218   -6.86e-05   1.40e-03    8.4 
 10   -41.40764391354   -1.26e-05   9.85e-04    7.3 
 11   -41.40767699644   -3.31e-05   6.62e-04    8.5 
 12   -41.40768199912   -5.00e-06   4.55e-04    9.2 
 13   -41.40768395405   -1.95e-06   3.36e-04    8.6 
 14   -41.40768555707   -1.60e-06   2.23e-04    9.7 
 15   -41.40768590220   -3.45e-07   1.92e-04    8.8 
 16   -41.40768615372   -2.52e-07   1.35e-04    10.4 
 17   -41.40768640096   -2.47e-07   1.09e-04    10.3 
 18   -41.40768645494   -5.40e-08   8.32e-05    9.5 
 19   -41.40768657629   -1.21e-07   5.70e-05    12.4 
 20   -41.40768658754   -1.12e-08   4.21e-05    10.7 
 21   -41.40768661146   -2.39e-08   1.85e-05    11.4 
 22   -41.40768661538   -3.92e-09   1.06e-05    10.3 
 23   -41.40768661735   -1.97e-09   1.90e-06    11.6 
 24   -41.40768661777   -4.20e-10   8.94e-07    11.8 
 25   -41.40768661780   -2.57e-11   2.83e-07    9.7 
 26   -41.40768661781   -1.28e-11   1.89e-07    13.2 
 27   -41.40768661781   -3.45e-12   3.95e-08    11.4 
Energy breakdown:
    Kinetic             16.9998741
    AtomicLocal         -869.8391804
    AtomicNonlocal      8.0316512 
    Ewald               389.5416827
    PspCorrection       -2.0895370
    Hartree             431.7862364
    Xc                  -15.8382223
    Entropy             -0.0001914

    total               -41.407686617813

 ──────────────────────────────────────────────────────────────────────────────
                                       Time                   Allocations      
                               ──────────────────────   ───────────────────────
       Tot / % measured:             706s / 100%             326GiB / 100%     

 Section               ncalls     time   %tot     avg     alloc   %tot      avg
 ──────────────────────────────────────────────────────────────────────────────
 self_consistent_field      1     704s   100%    704s    325GiB  100%    325GiB
   LOBPCG                 270     635s  89.9%   2.35s    283GiB  86.8%  1.05GiB
     Hamiltonian mu...  3.05k     201s  28.5%  66.0ms   42.1GiB  12.9%  14.1MiB
     rayleigh_ritz      2.78k     110s  15.6%  39.6ms   1.17GiB  0.36%   440KiB
     block multipli...  15.0k     102s  14.4%  6.78ms   80.6GiB  24.7%  5.49MiB
     ortho              11.4k    76.1s  10.8%  6.65ms   50.0GiB  15.4%  4.48MiB
   energy_hamiltonian      55    26.1s  3.70%   475ms   14.9GiB  4.58%   278MiB
   compute_density         27    13.7s  1.95%   509ms   25.9GiB  7.95%  0.96GiB
   QR orthonormaliz...    270    856ms  0.12%  3.17ms    578MiB  0.17%  2.14MiB
   mixing Resta            27   73.1ms  0.01%  2.71ms    111MiB  0.03%  4.13MiB
 PlaneWaveBasis             1    1.07s  0.15%   1.07s    596MiB  0.18%   596MiB
   Instantiation At...      1    657ms  0.09%   657ms    365MiB  0.11%   365MiB
   Instantiation Ewald      1    282ms  0.04%   282ms    179MiB  0.05%   179MiB
   Instantiation At...      1   97.1ms  0.01%  97.1ms   7.22MiB  0.00%  7.22MiB
   build_kpoints            1   28.2ms  0.00%  28.2ms   29.7MiB  0.01%  29.7MiB
   Instantiation Ha...      1   1.75ms  0.00%  1.75ms   3.10MiB  0.00%  3.10MiB
   Instantiation Ki...      1   1.13ms  0.00%  1.13ms   1.32MiB  0.00%  1.32MiB
   Instantiation Ps...      1   85.9μs  0.00%  85.9μs      928B  0.00%     928B
   Instantiation Xc         1   1.01μs  0.00%  1.01μs     32.0B  0.00%    32.0B
   Instantiation En...      1    665ns  0.00%   665ns     16.0B  0.00%    16.0B
 guess_density              1   77.4ms  0.01%  77.4ms   9.28MiB  0.00%  9.28MiB
 spglib_get_symmetry        1   10.8ms  0.00%  10.8ms    835KiB  0.00%   835KiB
 ──────────────────────────────────────────────────────────────────────────────
