#
#-- SCF AlVac n_repeat=10 -- mixing=RestaMixing(0.453, 14, 1.0)
#

hostname       = clustern09

started on     = 2020-07-25T13:02:30.823
julia threads  = 4
BLAS threads   = 4

temperature    = 0.001
smearing       = DFTK.Smearing.Gaussian()
diag(lattice)  = [7.653, 7.653, 68.88]
Ecut           = 20
fft_size       = (25, 25, 216)
kgrid          = [6, 6, 1]
irreducible k  = 10
n_bands        = 41
n_electr       = 60
mixing         = RestaMixing(0.453, 14, 1.0)
n     Free energy       Eₙ-Eₙ₋₁     ρout-ρin   Diag
---   ---------------   ---------   --------   ----
  1   -40.81634735713         NaN   3.14e-01    18.1 
