#
#-- optimal_damping AlVac n_repeat=20 -- mixing=RestaMixing(1.0, 14, 1.0)
#

Starting Arnoldi (now = 2020-07-25T14:53:17.35 ...

#--- 1 ---#
idcs      evals   residnorms   |P(X)|
  1    0.982007     0.27406  5.12831e-16

#--- 2 ---#
idcs      evals   residnorms   |P(X)|
  1    0.981102   0.0595732  5.24143e-16
  2     11.8491     2.36296  1.30311e-15

#--- 3 ---#
idcs      evals   residnorms   |P(X)|
  1    0.923329    0.825295  7.66181e-16
  2     1.00891    0.660791  5.80715e-16
  3     13.0427    0.216573  1.29524e-15

#--- 4 ---#
idcs      evals   residnorms   |P(X)|
  1    0.326309    0.459597  7.53831e-16
  2    0.983643    0.047302  5.22891e-16
  3     2.94343     0.91826  6.32542e-16
  4     13.0378   0.0226169  1.3132e-15

#--- 5 ---#
idcs      evals   residnorms   |P(X)|
  1    0.186656    0.229724  7.41274e-16
  2    0.970846    0.188835  5.3581e-16
  3      1.0554    0.382426  5.34202e-16
  4     3.37289    0.198326  6.5449e-16
  5     13.0417  0.000932933  1.28651e-15

#--- 6 ---#
idcs      evals   residnorms   |P(X)|
  1    0.117756     0.10572  7.59231e-16
  2    0.688235     0.24345  6.51083e-16
  3    0.984324   0.0389019  5.15411e-16
  4     1.41974    0.247571  5.51315e-16
  5      3.3623   0.0303027  6.50007e-16
  6     13.0419  2.74134e-05  1.28466e-15

#--- 7 ---#
idcs      evals   residnorms   |P(X)|
  1   0.0941562   0.0455596  5.79766e-16
  2    0.460374    0.154596  6.58967e-16
  3    0.821618    0.127703  5.44087e-16
  4    0.986844   0.0213289  5.18593e-16
  5     1.52301   0.0600338  5.95836e-16
  6     3.36153  0.00233351  6.35372e-16
  7     13.0419  4.48879e-07  1.27454e-15

#--- 8 ---#
idcs      evals   residnorms   |P(X)|
  1   0.0851008   0.0301993  6.53648e-16
  2    0.344233    0.156758  7.13181e-16
  3    0.598558    0.182388  6.19443e-16
  4    0.873254   0.0927567  5.56428e-16
  5    0.987707   0.0157693  5.1732e-16
  6     1.52756   0.0154893  5.964e-16
  7     3.36141  0.000204667  6.432e-16
  8     13.0419  8.86049e-09  1.28784e-15

#--- 9 ---#
idcs      evals   residnorms   |P(X)|
  1   0.0827102    0.022641  5.91833e-16
  2    0.224378    0.109372  6.41034e-16
  3    0.496542    0.111996  6.43855e-16
  4    0.734684     0.13148  5.72486e-16
  5    0.914209   0.0790341  5.42416e-16
  6    0.988738   0.0141465  5.23355e-16
  7     1.52826   0.0037686  5.63175e-16
  8     3.36143  1.62357e-05  6.76973e-16
  9     13.0419  1.56812e-10  1.2824e-15

#--- 10 ---#
idcs      evals   residnorms   |P(X)|
  1   0.0801089   0.0167208  6.77703e-16
  2    0.180857   0.0797928  6.21646e-16
  3    0.408067    0.121532  5.7195e-16
  4    0.593988    0.138994  5.98718e-16
  5    0.789202   0.0964088  5.60457e-16
  6    0.940619   0.0601848  5.6394e-16
  7    0.989786   0.0129355  5.25061e-16
  8     1.52805  0.000931001  5.7165e-16
  9     3.36143  1.33651e-06  6.85399e-16
 10     13.0419  2.89556e-12  1.29889e-15

#--- 11 ---#
idcs      evals   residnorms   |P(X)|
  1   0.0780318   0.0117232  6.13815e-16
  2    0.159804   0.0608404  6.06202e-16
  3    0.312725    0.108178  5.20439e-16
  4    0.510763   0.0934134  6.64376e-16
  5    0.678666    0.116695  5.79005e-16
  6    0.835393   0.0765193  5.52012e-16
  7    0.954477   0.0450191  5.46874e-16
  8    0.990647   0.0110338  5.24795e-16
  9       1.528  0.000213077  5.78017e-16
 10     3.36143  1.01763e-07  6.40888e-16
 11     13.0419  5.4811e-14  1.2908e-15

#--- 12 ---#
idcs      evals   residnorms   |P(X)|
  1   0.0778482  0.00809635  5.1508e-16
  2     0.14428   0.0448432  6.76525e-16
  3     0.26785    0.085729  5.92819e-16
  4    0.447812   0.0988256  6.35257e-16
  5    0.587726    0.119398  5.26737e-16
  7    0.866649   0.0786108  5.62656e-16
  8    0.961942   0.0393574  5.43115e-16
  9    0.991088   0.0102945  5.28015e-16
 10     1.52798  5.38919e-05  5.41838e-16
 11     3.36143  8.4177e-09  6.57717e-16
 12     13.0419  4.85793e-15  1.28499e-15

#--- 13 ---#
idcs      evals   residnorms   |P(X)|
  1   0.0779284  0.00633533  5.22445e-16
  2    0.131815   0.0378297  5.93197e-16
  3    0.238427   0.0818407  6.48116e-16
  4    0.364847    0.107775  6.4889e-16
  5    0.519716   0.0865275  6.4925e-16
  8    0.893678   0.0735728  5.56365e-16
  9    0.967579   0.0348246  5.42475e-16
 10    0.991462  0.00964629  5.3335e-16
 11     1.52799  1.33581e-05  5.93025e-16
 12     3.36143  6.92926e-10  6.44155e-16
 13     13.0419  1.98767e-14  1.28252e-15

#--- 14 ---#
idcs      evals   residnorms   |P(X)|
  1   0.0773807  0.00371752  6.78533e-16
  2    0.128944   0.0277315  6.6898e-16
  3    0.206194    0.060964  5.68344e-16
  4     0.32204   0.0759454  5.2936e-16
  5    0.461717   0.0719793  7.06302e-16
  9    0.914387   0.0643876  5.57107e-16
 10    0.972886   0.0305977  5.41291e-16
 11    0.991974  0.00940498  5.37604e-16
 12     1.52799  3.01471e-06  6.19938e-16
 13     3.36143  5.05702e-11  6.72284e-16
 14     13.0419  6.4876e-15  1.28809e-15

#--- 15 ---#
idcs      evals   residnorms   |P(X)|
  1   0.0773947  0.00205016  5.31542e-16
  2    0.126262   0.0181075  6.29273e-16
  3    0.192736   0.0420087  5.61219e-16
  4    0.299572   0.0613468  5.57763e-16
  5    0.421968   0.0839702  6.27725e-16
 10    0.925868   0.0546719  5.43859e-16
 11    0.976454   0.0255156  5.49258e-16
 12      0.9924  0.00869993  5.37965e-16
 13     1.52799  7.13123e-07  5.94557e-16
 14     3.36143  3.90028e-12  6.41775e-16
 15     13.0419  6.56905e-15  1.28665e-15

 ──────────────────────────────────────────────────────────────────────────────
                                       Time                   Allocations      
                               ──────────────────────   ───────────────────────
       Tot / % measured:            3637s / 97.0%           9588GiB / 100%     

 Section               ncalls     time   %tot     avg     alloc   %tot      avg
 ──────────────────────────────────────────────────────────────────────────────
 apply_χ0                  15    3521s   100%    235s   9572GiB  100%    638GiB
   compute_density         15    30.0s  0.85%   2.00s   50.2GiB  0.52%  3.34GiB
   Hamiltonian mult...     37    1.69s  0.05%  45.8ms    222MiB  0.00%  5.99MiB
 PlaneWaveBasis             1    4.54s  0.13%   4.54s   2.68GiB  0.03%  2.68GiB
   Instantiation Ewald      1    2.60s  0.07%   2.60s   1.18GiB  0.01%  1.18GiB
   Instantiation At...      1    1.46s  0.04%   1.46s   1.41GiB  0.01%  1.41GiB
   Instantiation At...      1    315ms  0.01%   315ms   15.0MiB  0.00%  15.0MiB
   build_kpoints            1   39.8ms  0.00%  39.8ms   46.5MiB  0.00%  46.5MiB
   Instantiation Ha...      1   4.63ms  0.00%  4.63ms   6.45MiB  0.00%  6.45MiB
   Instantiation Ki...      1   2.70ms  0.00%  2.70ms   2.78MiB  0.00%  2.78MiB
   Instantiation Ps...      1   88.8μs  0.00%  88.8μs      928B  0.00%     928B
   Instantiation Xc         1   2.32μs  0.00%  2.32μs     32.0B  0.00%    32.0B
   Instantiation En...      1    967ns  0.00%   967ns     16.0B  0.00%    16.0B
 compute_density            1    2.18s  0.06%   2.18s   3.49GiB  0.04%  3.49GiB
 mixing Resta              15    559ms  0.02%  37.3ms    258MiB  0.00%  17.2MiB
 spglib_get_symmetry        1   27.9ms  0.00%  27.9ms   2.74MiB  0.00%  2.74MiB
 ──────────────────────────────────────────────────────────────────────────────
