#
#-- optimal_damping AlVac n_repeat=20 -- mixing=HybridMixing(1.0, 1, 1.0, identity, true, false)
#

Starting Arnoldi (now = 2020-07-25T14:52:48.11 ...

#--- 1 ---#
idcs      evals   residnorms   |P(X)|
  1    0.977689    0.818158  5.16921e-16

#--- 2 ---#
idcs      evals   residnorms   |P(X)|
  1    0.690237    0.262147  7.24732e-16
  2    0.989154    0.247351  6.1565e-16

#--- 3 ---#
idcs      evals   residnorms   |P(X)|
  1    0.441604    0.121011  7.12734e-16
  2    0.988485      0.1325         NaN
  3    0.988485      0.1325         NaN
Warn: Suppressed imaginary part.

#--- 4 ---#
idcs      evals   residnorms   |P(X)|
  1    0.480913    0.100255  5.88282e-16
  2    0.620346    0.164846  5.08805e-16
  3    0.997513    0.106449  5.84212e-16
  4     1.07162   0.0767871  6.64445e-16

#--- 5 ---#
idcs      evals   residnorms   |P(X)|
  1    0.439573   0.0556512  6.61567e-16
  2    0.622985    0.140925  5.93203e-16
  3    0.856719    0.150066  5.87923e-16
  4     0.99617    0.160224  5.28381e-16
  5     1.16462   0.0791011  5.95066e-16

#--- 6 ---#
idcs      evals   residnorms   |P(X)|
  1     0.42823    0.026391  5.92175e-16
  2    0.670856    0.119239         NaN
  3    0.670856    0.119239         NaN
  4    0.979425   0.0860929  5.76667e-16
  5      1.0286   0.0716685  5.82636e-16
  6     1.25494   0.0793335  5.9299e-16
Warn: Suppressed imaginary part.

#--- 7 ---#
idcs      evals   residnorms   |P(X)|
  1    0.448163   0.0340735  6.0856e-16
  2    0.510028   0.0924031  5.54883e-16
  3    0.728457    0.101168         NaN
  4    0.728457    0.101168         NaN
  5    0.990369    0.056592  5.83816e-16
  6     1.05199   0.0374627  6.19131e-16
  7     1.25158    0.028486  6.08053e-16
Warn: Suppressed imaginary part.

#--- 8 ---#
idcs      evals   residnorms   |P(X)|
  1    0.427237   0.0262682  5.95014e-16
  2    0.493313   0.0754799  5.34837e-16
  3    0.592691   0.0653491  5.18733e-16
  4    0.804365   0.0752611         NaN
  5    0.804365   0.0752611         NaN
  6     0.99378   0.0399614  5.83013e-16
  7     1.06592   0.0185224  5.95702e-16
  8     1.25095  0.00919674  6.13057e-16
Warn: Suppressed imaginary part.

#--- 9 ---#
idcs      evals   residnorms   |P(X)|
  1    0.433791   0.0330466         NaN
  2    0.433791   0.0330466         NaN
  3    0.635228   0.0698511         NaN
  4    0.635228   0.0698511         NaN
  5    0.839229   0.0609145         NaN
  6    0.839229   0.0609145         NaN
  7    0.990438   0.0304025  5.70924e-16
  8     1.07594  0.00832301  6.50438e-16
  9     1.25015  0.00274495  6.31716e-16
Warn: Suppressed imaginary part.

#--- 10 ---#
idcs      evals   residnorms   |P(X)|
  1    0.413083   0.0201646  5.8531e-16
  2    0.451202   0.0198253  6.3562e-16
  3    0.564966   0.0640516  5.50318e-16
  4    0.683905    0.066203         NaN
  5    0.683905    0.066203         NaN
  6    0.874468   0.0534537         NaN
  7    0.874468   0.0534537         NaN
  8    0.993205   0.0250132  5.92214e-16
  9     1.07856  0.00447564  6.46821e-16
 10     1.25003  0.000914767  5.71999e-16
Warn: Suppressed imaginary part.

#--- 11 ---#
idcs      evals   residnorms   |P(X)|
  1    0.411499   0.0261556  5.78406e-16
  2     0.43807   0.0215041  6.20912e-16
  3    0.551575   0.0693909         NaN
  4    0.551575   0.0693909         NaN
  5    0.728303   0.0539867         NaN
  6    0.728303   0.0539867         NaN
  7    0.895085   0.0440302         NaN
  8    0.895085   0.0440302         NaN
  9    0.993911   0.0197617  5.64871e-16
 10     1.08029  0.00218337  6.38383e-16
 11     1.24988  0.000285153  5.89937e-16
Warn: Suppressed imaginary part.

#--- 12 ---#
idcs      evals   residnorms   |P(X)|
  1     0.39768   0.0158901  5.3882e-16
  2    0.452964   0.0220001         NaN
  3    0.452964   0.0220001         NaN
  4    0.610497    0.046171         NaN
  5    0.610497    0.046171         NaN
  7    0.773449   0.0452677         NaN
  8    0.915615   0.0355424         NaN
  9    0.915615   0.0355424         NaN
 10     0.99404   0.0164053  5.83715e-16
 11      1.0815  0.00100907  6.38272e-16
 12     1.24991  8.01946e-05  5.58117e-16
Warn: Suppressed imaginary part.

#--- 13 ---#
idcs      evals   residnorms   |P(X)|
  1    0.390575   0.0140745  5.25322e-16
  2    0.446899   0.0203762         NaN
  3    0.446899   0.0203762         NaN
  4    0.557824   0.0460279  5.5247e-16
  5    0.651072   0.0498368         NaN
  8    0.809001   0.0425682         NaN
  9    0.927135   0.0379847         NaN
 10    0.927135   0.0379847         NaN
 11    0.995074   0.0155778  5.64456e-16
 12     1.08181  0.000575808  6.5004e-16
 13     1.24988  2.80489e-05  5.74804e-16
Warn: Suppressed imaginary part.

#--- 14 ---#
idcs      evals   residnorms   |P(X)|
  1    0.380573   0.0106587  5.68811e-16
  2    0.439627   0.0123997         NaN
  3    0.439627   0.0123997         NaN
  4     0.52829   0.0630287  5.60214e-16
  5     0.57721   0.0393353  5.72316e-16
  9    0.829172   0.0349502         NaN
 10    0.939676    0.030808         NaN
 11    0.939676    0.030808         NaN
 12    0.995736   0.0128226  5.4642e-16
 13     1.08209  0.000264109  5.99881e-16
 14     1.24988  7.87359e-06  5.95279e-16
Warn: Suppressed imaginary part.

#--- 15 ---#
idcs      evals   residnorms   |P(X)|
  1    0.377559  0.00867935  5.67798e-16
  2    0.440051   0.0166124         NaN
  3    0.440051   0.0166124         NaN
  4    0.492557   0.0581315  6.11303e-16
  5    0.603159   0.0514593         NaN
 10    0.846636     0.04167         NaN
 11    0.946318   0.0339001         NaN
 12    0.946318   0.0339001         NaN
 13    0.995981   0.0132402  5.52738e-16
 14     1.08218  0.000158597  6.09944e-16
 15     1.24988  2.95364e-06  6.07111e-16
Warn: Suppressed imaginary part.

#--- 16 ---#
idcs      evals   residnorms   |P(X)|
  1    0.375671   0.0117731  5.81953e-16
  2    0.435166   0.0405154         NaN
  3    0.435166   0.0405154         NaN
  4    0.471739    0.106084  5.53071e-16
  5    0.510958     0.10347  5.6197e-16
 11    0.863544   0.0393837         NaN
 12    0.952625   0.0305196         NaN
 13    0.952625   0.0305196         NaN
 14    0.996593   0.0112317  5.45573e-16
 15     1.08223  7.90994e-05  6.47505e-16
 16     1.24988  9.37112e-07  5.91117e-16
Warn: Suppressed imaginary part.

#--- 17 ---#
idcs      evals   residnorms   |P(X)|
  1     0.37084   0.0263561  5.54795e-16
  2    0.392834   0.0246239  5.98996e-16
  3    0.441229   0.0101898         NaN
  4    0.441229   0.0101898         NaN
  5     0.51036   0.0389032  4.7344e-16
 12    0.880184   0.0332349         NaN
 13    0.958687    0.027869         NaN
 14    0.958687    0.027869         NaN
 15    0.997165  0.00964043  5.50835e-16
 16     1.08225  3.65641e-05  6.28759e-16
 17     1.24988  2.62401e-07  6.86962e-16
Warn: Suppressed imaginary part.

#--- 18 ---#
idcs      evals   residnorms   |P(X)|
  1    0.363318   0.0255236  5.91075e-16
  2    0.384704   0.0106983  5.84016e-16
  3    0.441133  0.00659982         NaN
  4    0.441133  0.00659982         NaN
  5    0.502856   0.0356048  5.91314e-16
 13    0.893139   0.0340167         NaN
 14    0.963396   0.0304304         NaN
 15    0.963396   0.0304304         NaN
 16    0.997463  0.00988165  5.55491e-16
 17     1.08227  2.02041e-05  6.78874e-16
 18     1.24988  8.80536e-08  6.12614e-16
Warn: Suppressed imaginary part.

#--- 19 ---#
idcs      evals   residnorms   |P(X)|
  1    0.359582   0.0173142  6.10953e-16
  2    0.383294  0.00621635  5.66591e-16
  3    0.440908  0.00693898         NaN
  4    0.440908  0.00693898         NaN
  5    0.487157   0.0606705  5.50573e-16
 14    0.902421   0.0332244         NaN
 15    0.967217   0.0269556         NaN
 16    0.967217   0.0269556         NaN
 17    0.997924  0.00804256  5.5383e-16
 18     1.08227  9.09182e-06  6.26318e-16
 19     1.24988  2.44349e-08  6.07887e-16
Warn: Suppressed imaginary part.

#--- 20 ---#
idcs      evals   residnorms   |P(X)|
  1    0.360199  0.00914435  6.09761e-16
  2    0.383375  0.00411605  5.76012e-16
  3     0.44581   0.0111701         NaN
  4     0.44581   0.0111701         NaN
  5    0.450397   0.0222519  6.42524e-16
 15    0.912376   0.0341728         NaN
 16    0.970477   0.0285333         NaN
 17    0.970477   0.0285333         NaN
 18     0.99826    0.007832  5.52357e-16
 19     1.08227  4.79593e-06  6.92235e-16
 20     1.24988  7.78405e-09  6.04426e-16
Warn: Suppressed imaginary part.

#--- 21 ---#
idcs      evals   residnorms   |P(X)|
  1    0.361371  0.00549717  5.75653e-16
  2     0.38287  0.00301086  5.75051e-16
  3    0.435773   0.0158258  5.47974e-16
  4     0.44667  0.00874073         NaN
  5     0.44667  0.00874073         NaN
 16    0.923243    0.039827  5.58255e-16
 17    0.967341   0.0295353  5.53402e-16
 18    0.977985   0.0243969  5.43843e-16
 19    0.998505  0.00690456  5.46628e-16
 20     1.08227  2.21414e-06  6.51236e-16
 21     1.24988  2.20669e-09  6.21056e-16
Warn: Suppressed imaginary part.

#--- 22 ---#
idcs      evals   residnorms   |P(X)|
  1    0.361156  0.00269242  5.20576e-16
  2    0.382913  0.00167399  5.61159e-16
  3    0.430784  0.00965008  5.88844e-16
  4    0.446088  0.00522752         NaN
  5    0.446088  0.00522752         NaN
 17    0.928203   0.0317973         NaN
 18    0.971506    0.026906  5.42213e-16
 19     0.98005   0.0227737  5.41261e-16
 20    0.998798  0.00615838  5.53481e-16
 21     1.08227  1.06517e-06  6.69617e-16
 22     1.24988  6.38251e-10  5.61407e-16
Warn: Suppressed imaginary part.

#--- 23 ---#
idcs      evals   residnorms   |P(X)|
  1    0.360575  0.00134392  5.88966e-16
  2    0.383223  0.000916379  6.39092e-16
  3    0.430736  0.00839319  6.01822e-16
  4    0.444991   0.0043069         NaN
  5    0.444991   0.0043069         NaN
 18    0.933496   0.0385253         NaN
 19    0.972937   0.0272245  5.36488e-16
 20     0.98275   0.0218775  5.32972e-16
 21    0.999026  0.00582699  5.54149e-16
 22     1.08227  5.36063e-07  6.65191e-16
 23     1.24988  1.93304e-10  5.92406e-16
Warn: Suppressed imaginary part.

#--- 24 ---#
idcs      evals   residnorms   |P(X)|
  1    0.360342  0.00082589  6.20609e-16
  2    0.383275  0.000646342  5.70751e-16
  3    0.428194  0.00820753  6.10195e-16
  4    0.443596  0.00403238         NaN
  5    0.443596  0.00403238         NaN
 19    0.939647   0.0287636         NaN
 20    0.975114    0.022558  5.45141e-16
 21     0.98466   0.0178978  5.49216e-16
 22    0.999202  0.00473507  5.49719e-16
 23     1.08227  2.43172e-07  6.45776e-16
 24     1.24988  5.50624e-11  6.53279e-16
Warn: Suppressed imaginary part.

#--- 25 ---#
idcs      evals   residnorms   |P(X)|
  1     0.36038  0.000440968  6.28691e-16
  2    0.383139  0.000400119  5.68045e-16
  3    0.425058  0.00722316  5.95959e-16
  4    0.443324  0.00340209         NaN
  5    0.443324  0.00340209         NaN
 20    0.948325   0.0341636  5.72495e-16
 21    0.975773   0.0247328  5.73197e-16
 22    0.986913    0.018062  5.46863e-16
 23     0.99934  0.00486809  5.52858e-16
 24     1.08227  1.26935e-07  6.39008e-16
 25     1.24988  1.69238e-11  6.66408e-16
Warn: Suppressed imaginary part.

 ──────────────────────────────────────────────────────────────────────────────
                                       Time                   Allocations      
                               ──────────────────────   ───────────────────────
       Tot / % measured:            6562s / 97.7%           16119GiB / 100%    

 Section               ncalls     time   %tot     avg     alloc   %tot      avg
 ──────────────────────────────────────────────────────────────────────────────
 apply_χ0                  25    6321s  98.6%    253s   15971GiB 99.2%   639GiB
   compute_density         25    60.4s  0.94%   2.41s   83.5GiB  0.52%  3.34GiB
   Hamiltonian mult...  1.73k    34.4s  0.54%  19.8ms   6.63GiB  0.04%  3.91MiB
 mixing Hybrid             25    83.8s  1.31%   3.35s    121GiB  0.75%  4.85GiB
   compute_density         26    62.1s  0.97%   2.39s   90.1GiB  0.56%  3.46GiB
 PlaneWaveBasis             1    4.21s  0.07%   4.21s   2.67GiB  0.02%  2.67GiB
   Instantiation Ewald      1    2.19s  0.03%   2.19s   1.18GiB  0.01%  1.18GiB
   Instantiation At...      1    1.62s  0.03%   1.62s   1.41GiB  0.01%  1.41GiB
   Instantiation At...      1    348ms  0.01%   348ms   15.0MiB  0.00%  15.0MiB
   build_kpoints            1   42.4ms  0.00%  42.4ms   46.5MiB  0.00%  46.5MiB
   Instantiation Ha...      1   2.54ms  0.00%  2.54ms   6.45MiB  0.00%  6.45MiB
   Instantiation Ki...      1   2.17ms  0.00%  2.17ms   2.78MiB  0.00%  2.78MiB
   Instantiation Ps...      1   87.4μs  0.00%  87.4μs      928B  0.00%     928B
   Instantiation Xc         1   3.77μs  0.00%  3.77μs     32.0B  0.00%    32.0B
   Instantiation En...      1   1.89μs  0.00%  1.89μs     16.0B  0.00%    16.0B
 spglib_get_symmetry        1   30.1ms  0.00%  30.1ms   2.74MiB  0.00%  2.74MiB
 ──────────────────────────────────────────────────────────────────────────────
