#
#-- optimal_damping AlVac n_repeat=20 -- mixing=HybridMixing(1.0, 14, 1.0, identity, true, false)
#

Starting Arnoldi (now = 2020-07-25T14:22:09.382 ...

#--- 1 ---#
idcs      evals   residnorms   |P(X)|
  1    0.964066    0.351103  5.13946e-16

#--- 2 ---#
idcs      evals   residnorms   |P(X)|
  1    0.412024    0.215234  1.12887e-15
  2    0.970849     0.11553  5.91479e-16

#--- 3 ---#
idcs      evals   residnorms   |P(X)|
  1    0.509832    0.165791         NaN
  2    0.509832    0.165791         NaN
  3    0.975633   0.0543798  5.93586e-16
Warn: Suppressed imaginary part.

#--- 4 ---#
idcs      evals   residnorms   |P(X)|
  1    0.284329   0.0897265  8.14052e-16
  2    0.655929    0.130249         NaN
  3    0.655929    0.130249         NaN
  4     0.97848   0.0329643  5.64266e-16
Warn: Suppressed imaginary part.

#--- 5 ---#
idcs      evals   residnorms   |P(X)|
  1    0.310867    0.165929         NaN
  2    0.310867    0.165929         NaN
  3    0.752648    0.106102         NaN
  4    0.752648    0.106102         NaN
  5    0.978996   0.0281819  5.36228e-16
Warn: Suppressed imaginary part.

#--- 6 ---#
idcs      evals   residnorms   |P(X)|
  1     0.15021    0.116533  6.52425e-16
  2    0.434631    0.119549         NaN
  3    0.434631    0.119549         NaN
  4    0.814208   0.0810616         NaN
  5    0.814208   0.0810616         NaN
  6    0.980542   0.0250371  5.22429e-16
Warn: Suppressed imaginary part.

#--- 7 ---#
idcs      evals   residnorms   |P(X)|
  1    0.117678   0.0613858  5.21795e-16
  2    0.325074   0.0611127  7.92403e-16
  3    0.493565    0.112741  6.55684e-16
  4    0.619687    0.125534  5.62524e-16
  5    0.852165   0.0838489         NaN
  6    0.852165   0.0838489         NaN
  7    0.982745   0.0265114  5.10822e-16
Warn: Suppressed imaginary part.

#--- 8 ---#
idcs      evals   residnorms   |P(X)|
  1    0.107647   0.0319199  5.6457e-16
  2    0.300164   0.0626248  6.9989e-16
  3     0.41675   0.0935776  8.00447e-16
  4    0.556121    0.117045  5.60594e-16
  5    0.736225    0.107602  6.55116e-16
  6    0.804922    0.106019  6.00498e-16
  7    0.919515   0.0580298  7.55612e-16
  8    0.985114   0.0242011  5.23492e-16

#--- 9 ---#
idcs      evals   residnorms   |P(X)|
  1    0.103664   0.0219347  5.20126e-16
  2    0.270793   0.0911752  5.31335e-16
  3    0.348872   0.0768454  7.94146e-16
  4    0.558549    0.115412         NaN
  5    0.558549    0.115412         NaN
  6    0.806985   0.0755791         NaN
  7    0.806985   0.0755791         NaN
  8    0.938203   0.0474427  7.25074e-16
  9    0.986825   0.0208318  5.4241e-16
Warn: Suppressed imaginary part.

#--- 10 ---#
idcs      evals   residnorms   |P(X)|
  1    0.101773   0.0204685  8.10855e-16
  2     0.20562   0.0942142  5.59227e-16
  3    0.360589   0.0873395  5.77761e-16
  4     0.37518    0.093339  5.61058e-16
  5    0.617764   0.0774706         NaN
  6    0.617764   0.0774706         NaN
  7    0.836674   0.0522015         NaN
  8    0.836674   0.0522015         NaN
  9    0.948112   0.0389235  6.83674e-16
 10    0.988081   0.0163754  5.42328e-16
Warn: Suppressed imaginary part.

#--- 11 ---#
idcs      evals   residnorms   |P(X)|
  1   0.0989885   0.0204302  6.19305e-16
  2    0.167525   0.0900997  5.33956e-16
  3    0.286699   0.0505442  7.54587e-16
  4    0.422525   0.0752927  7.63523e-16
  5    0.461735   0.0926221  6.24254e-16
  6    0.664899   0.0759207         NaN
  7    0.664899   0.0759207         NaN
  8    0.857498   0.0440441         NaN
  9    0.857498   0.0440441         NaN
 10    0.954507   0.0358075  6.30033e-16
 11    0.988906   0.0140156  5.39747e-16
Warn: Suppressed imaginary part.

#--- 12 ---#
idcs      evals   residnorms   |P(X)|
  1   0.0968474   0.0183837  5.57465e-16
  2    0.138729   0.0547801  6.72769e-16
  3    0.275166   0.0552196  6.64441e-16
  4    0.349637   0.0562311  8.04806e-16
  5    0.474391   0.0857536  6.17781e-16
  7    0.711793   0.0645266         NaN
  8    0.711793   0.0645266         NaN
  9    0.877062   0.0385865         NaN
 10    0.877062   0.0385865         NaN
 11    0.960214   0.0340822  5.6836e-16
 12    0.989649    0.012103  5.4226e-16
Warn: Suppressed imaginary part.

#--- 13 ---#
idcs      evals   residnorms   |P(X)|
  1   0.0954891   0.0102536  4.4302e-16
  2    0.130972   0.0267847  5.15358e-16
  3    0.259039   0.0374699  5.95494e-16
  4    0.349532   0.0538912  6.0735e-16
  5    0.405103   0.0702223  7.03375e-16
  8    0.748252   0.0863043         NaN
  9    0.748252   0.0863043         NaN
 10    0.889508   0.0461031         NaN
 11    0.889508   0.0461031         NaN
 12    0.964943   0.0370279  5.23487e-16
 13    0.990287    0.012051  5.32815e-16
Warn: Suppressed imaginary part.

#--- 14 ---#
idcs      evals   residnorms   |P(X)|
  1   0.0952391  0.00846241  6.07917e-16
  2    0.127625   0.0226295  5.81473e-16
  3    0.249151   0.0634537  5.55107e-16
  4    0.314355     0.08311  6.07812e-16
  5    0.387446   0.0934444  7.29286e-16
  9    0.730362   0.0930396  5.64634e-16
 10    0.811179   0.0794342  5.65352e-16
 11    0.885635    0.064095  5.38053e-16
 12    0.901539   0.0544359  5.95838e-16
 13    0.968753   0.0339663  5.30883e-16
 14    0.990765   0.0112836  5.31113e-16

#--- 15 ---#
idcs      evals   residnorms   |P(X)|
  1   0.0949357  0.00618982  5.80083e-16
  2    0.124606   0.0187327  4.79581e-16
  3    0.204331   0.0781633  5.11844e-16
  4    0.273798   0.0375925  7.42154e-16
  5    0.361181   0.0394425  6.54508e-16
 10    0.751459   0.0706889  5.54534e-16
 11    0.866055   0.0604682         NaN
 12    0.866055   0.0604682         NaN
 13    0.921352   0.0456953  6.07379e-16
 14    0.973393   0.0267867  5.35245e-16
 15    0.991359  0.00990007  5.24804e-16
Warn: Suppressed imaginary part.

#--- 16 ---#
idcs      evals   residnorms   |P(X)|
  1   0.0947868  0.00387104  5.8143e-16
  2    0.123524   0.0133182  7.07745e-16
  3    0.182836   0.0510476  4.62163e-16
  4    0.267775   0.0241895  6.11872e-16
  5     0.34702   0.0318506  7.16519e-16
 11    0.748057   0.0778949         NaN
 12    0.876196   0.0411364         NaN
 13    0.876196   0.0411364         NaN
 14    0.933749    0.040694  6.16604e-16
 15    0.975981    0.023936  5.49577e-16
 16    0.991748  0.00934472  5.4219e-16
Warn: Suppressed imaginary part.

#--- 17 ---#
idcs      evals   residnorms   |P(X)|
  1   0.0948454  0.00292497  5.08339e-16
  2     0.12233   0.0116446  5.80394e-16
  3    0.170841   0.0449387  5.75768e-16
  4     0.25888   0.0317582  6.80636e-16
  5    0.332143   0.0880869  6.63228e-16
 12    0.776874   0.0687256         NaN
 13    0.886574   0.0349994         NaN
 14    0.886574   0.0349994         NaN
 15    0.941797   0.0394359  5.72027e-16
 16    0.978131   0.0212076  5.43851e-16
 17    0.992099  0.00865194  5.38106e-16
Warn: Suppressed imaginary part.

 ──────────────────────────────────────────────────────────────────────────────
                                       Time                   Allocations      
                               ──────────────────────   ───────────────────────
       Tot / % measured:            3557s / 97.4%           10971GiB / 100%    

 Section               ncalls     time   %tot     avg     alloc   %tot      avg
 ──────────────────────────────────────────────────────────────────────────────
 apply_χ0                  17    3402s  98.2%    200s   10847GiB 99.0%   638GiB
   compute_density         17    33.7s  0.97%   1.98s   56.8GiB  0.52%  3.34GiB
 mixing Hybrid             17    57.8s  1.67%   3.40s    106GiB  0.97%  6.26GiB
   compute_density         18    35.0s  1.01%   1.94s   62.4GiB  0.57%  3.46GiB
 PlaneWaveBasis             1    4.25s  0.12%   4.25s   2.67GiB  0.02%  2.67GiB
   Instantiation Ewald      1    2.33s  0.07%   2.33s   1.18GiB  0.01%  1.18GiB
   Instantiation At...      1    1.51s  0.04%   1.51s   1.41GiB  0.01%  1.41GiB
   Instantiation At...      1    355ms  0.01%   355ms   15.0MiB  0.00%  15.0MiB
   build_kpoints            1   45.8ms  0.00%  45.8ms   46.5MiB  0.00%  46.5MiB
   Instantiation Ha...      1   2.68ms  0.00%  2.68ms   6.45MiB  0.00%  6.45MiB
   Instantiation Ki...      1   2.25ms  0.00%  2.25ms   2.78MiB  0.00%  2.78MiB
   Instantiation Ps...      1   84.7μs  0.00%  84.7μs      928B  0.00%     928B
   Instantiation Xc         1   1.56μs  0.00%  1.56μs     32.0B  0.00%    32.0B
   Instantiation En...      1    794ns  0.00%   794ns     16.0B  0.00%    16.0B
 spglib_get_symmetry        1   32.3ms  0.00%  32.3ms   2.74MiB  0.00%  2.74MiB
 ──────────────────────────────────────────────────────────────────────────────
