#
#-- optimal_damping AlVac n_repeat=20 -- mixing=SimpleMixing(1.0)
#

Starting Arnoldi (now = 2020-07-25T14:57:54.867 ...

#--- 1 ---#
idcs      evals   residnorms   |P(X)|
  1     1.01351     0.91603  5.13698e-16

#--- 2 ---#
idcs      evals   residnorms   |P(X)|
  1     1.00076    0.172509  5.178e-16
  2     163.758      30.646  5.54965e-16

#--- 3 ---#
idcs      evals   residnorms   |P(X)|
  1     1.00165   0.0794952  5.23002e-16
  2     34.7143     15.7954  4.91334e-16
  3     170.845     3.74601  6.81179e-16

#--- 4 ---#
idcs      evals   residnorms   |P(X)|
  1     1.00092   0.0637228  5.25961e-16
  2     7.84738     6.03157  5.28901e-16
  3     44.1051     3.55615  5.07246e-16
  4      170.87    0.173173  6.09938e-16

#--- 5 ---#
idcs      evals   residnorms   |P(X)|
  1      1.0003   0.0864747  5.27838e-16
  2      3.1176     3.75172  5.17935e-16
  3     15.9012     4.92062  6.24669e-16
  4     44.4805    0.699087  5.14349e-16
  5      170.87   0.0068698  6.49439e-16

#--- 6 ---#
idcs      evals   residnorms   |P(X)|
  1    0.999741   0.0999315  5.26931e-16
  2     1.51729     1.22426  5.95536e-16
  3     10.5688      2.3541  5.66455e-16
  4     19.6443     2.12502  5.51481e-16
  5     44.5228   0.0774074  4.28434e-16
  6      170.87  0.000147533  5.66446e-16

#--- 7 ---#
idcs      evals   residnorms   |P(X)|
  1    0.998495    0.158567  5.28292e-16
  2     1.11854    0.504109  6.53108e-16
  3     5.69704     1.70397  5.53405e-16
  4     11.4975    0.811673  4.66711e-16
  5     20.0641    0.328795  4.52308e-16
  6     44.5179  0.00415118  6.22058e-16
  7      170.87  1.80605e-06  5.41905e-16

#--- 8 ---#
idcs      evals   residnorms   |P(X)|
  1     1.00002   0.0881873  5.48846e-16
  2     1.06552    0.174904  6.64819e-16
  3     4.57024     1.03792  6.06605e-16
  4     8.05899     1.50243  4.76663e-16
  5     11.6586    0.355182  6.40274e-16
  6      20.077   0.0477245  6.07842e-16
  7     44.5179  0.000205501  4.36648e-16
  8      170.87  2.03926e-08  6.92056e-16

#--- 9 ---#
idcs      evals   residnorms   |P(X)|
  1     1.00003   0.0605829  5.27016e-16
  2     1.05279    0.105631  6.84093e-16
  3     3.30203     1.31864  4.87528e-16
  4     5.30496    0.981873  4.58456e-16
  5     8.60684    0.646587  6.04948e-16
  6     11.6849   0.0986173  4.91194e-16
  7     20.0762  0.00554764  5.30466e-16
  8     44.5179  9.12451e-06  4.36554e-16
  9      170.87  2.1693e-10  7.64529e-16

#--- 10 ---#
idcs      evals   residnorms   |P(X)|
  1     1.00048   0.0666073  5.61584e-16
  2     1.04657    0.113335  5.6572e-16
  3     1.78526    0.911116  5.14412e-16
  4     4.27037    0.644613  5.93714e-16
  5     5.75855     0.56823  4.4981e-16
  6     8.71167    0.168274  4.32001e-16
  7     11.6834   0.0158959  6.1444e-16
  8     20.0763  0.000424457  6.31321e-16
  9     44.5179  2.81086e-07  7.69445e-16
 10      170.87  1.64188e-12  5.89319e-16

#--- 11 ---#
idcs      evals   residnorms   |P(X)|
  1     1.00052   0.0657661  5.31872e-16
  2     1.03793    0.110384  5.92408e-16
  3     1.28198    0.366866  5.25285e-16
  4     3.28685    0.590164  5.49629e-16
  5      4.5559    0.350013  7.33544e-16
  6     5.90797    0.194527  5.75931e-16
  7     8.71248   0.0261655  4.94587e-16
  8     11.6839  0.00154686  5.52309e-16
  9     20.0763  2.03813e-05  6.06753e-16
 10     44.5179  5.48425e-09  6.09925e-16
 11      170.87  9.74238e-14  6.19158e-16

 ──────────────────────────────────────────────────────────────────────────────
                                       Time                   Allocations      
                               ──────────────────────   ───────────────────────
       Tot / % measured:            2861s / 97.7%           7271GiB / 100%     

 Section               ncalls     time   %tot     avg     alloc   %tot      avg
 ──────────────────────────────────────────────────────────────────────────────
 apply_χ0                  11    2789s   100%    254s   7259GiB  100%    660GiB
   Hamiltonian mult...  22.0k     332s  11.9%  15.1ms   84.1GiB  1.16%  3.91MiB
   compute_density         11    20.2s  0.72%   1.84s   36.7GiB  0.51%  3.34GiB
 PlaneWaveBasis             1    3.15s  0.11%   3.15s   2.68GiB  0.04%  2.68GiB
   Instantiation Ewald      1    1.72s  0.06%   1.72s   1.18GiB  0.02%  1.18GiB
   Instantiation At...      1    954ms  0.03%   954ms   1.41GiB  0.02%  1.41GiB
   Instantiation At...      1    316ms  0.01%   316ms   15.0MiB  0.00%  15.0MiB
   build_kpoints            1   38.7ms  0.00%  38.7ms   46.5MiB  0.00%  46.5MiB
   Instantiation Ha...      1   2.91ms  0.00%  2.91ms   6.45MiB  0.00%  6.45MiB
   Instantiation Ki...      1   2.33ms  0.00%  2.33ms   2.78MiB  0.00%  2.78MiB
   Instantiation Ps...      1   71.0μs  0.00%  71.0μs      928B  0.00%     928B
   Instantiation Xc         1   1.55μs  0.00%  1.55μs     32.0B  0.00%    32.0B
   Instantiation En...      1    749ns  0.00%   749ns     16.0B  0.00%    16.0B
 compute_density            1    1.97s  0.07%   1.97s   3.46GiB  0.05%  3.46GiB
 spglib_get_symmetry        1   26.8ms  0.00%  26.8ms   2.74MiB  0.00%  2.74MiB
 mixing Simple             11   84.5μs  0.00%  7.68μs     0.00B  0.00%    0.00B
 ──────────────────────────────────────────────────────────────────────────────
