#
#-- optimal_damping AlVac n_repeat=20 -- mixing=KerkerMixing(1.0, 1.0)
#

Starting Arnoldi (now = 2020-07-25T14:56:28.394 ...

#--- 1 ---#
idcs      evals   residnorms   |P(X)|
  1    0.972761    0.598285  5.13705e-16

#--- 2 ---#
idcs      evals   residnorms   |P(X)|
  1    0.717997    0.257159  7.61905e-16
  2    0.978335    0.236611  6.92539e-16

#--- 3 ---#
idcs      evals   residnorms   |P(X)|
  1    0.155951    0.166612  6.08583e-16
  2    0.906891   0.0917642  7.34336e-16
  3    0.997968   0.0799585  7.33885e-16

#--- 4 ---#
idcs      evals   residnorms   |P(X)|
  1    0.101176   0.0949529  6.06598e-16
  2    0.494407     0.16701  6.6876e-16
  3    0.958553   0.0478584  7.0612e-16
  4     1.00914   0.0395952  7.17429e-16

#--- 5 ---#
idcs      evals   residnorms   |P(X)|
  1   0.0430069   0.0559964  5.91629e-16
  2     0.40194    0.168576  5.0756e-16
  3    0.570404    0.127355  6.04052e-16
  4    0.976494   0.0251601  6.99517e-16
  5     1.02769   0.0183072  7.18344e-16

#--- 6 ---#
idcs      evals   residnorms   |P(X)|
  1   0.0511413   0.0507281  5.37455e-16
  2     0.19315    0.119149  5.99838e-16
  3     0.62324   0.0964402         NaN
  4     0.62324   0.0964402         NaN
  5     0.98181   0.0167132  7.13224e-16
  6     1.04607  0.00929605  7.06322e-16
Warn: Suppressed imaginary part.

#--- 7 ---#
idcs      evals   residnorms   |P(X)|
  1   0.0191609   0.0277247  6.78165e-16
  2    0.222579    0.102807  5.76034e-16
  3    0.332809    0.130326  5.63563e-16
  4    0.721237   0.0625428         NaN
  5    0.721237   0.0625428         NaN
  6    0.983811   0.0150936  7.19896e-16
  7     1.06133   0.0056132  7.30574e-16
Warn: Suppressed imaginary part.

#--- 8 ---#
idcs      evals   residnorms   |P(X)|
  1   0.0241509   0.0264776  5.19156e-16
  2    0.127897   0.0797785  6.68438e-16
  3    0.348765    0.131454  4.6711e-16
  4    0.459716    0.121709  5.86363e-16
  5    0.783327   0.0495629         NaN
  6    0.783327   0.0495629         NaN
  7    0.985272   0.0156235  6.68388e-16
  8     1.07238   0.0034062  7.40059e-16
Warn: Suppressed imaginary part.

#--- 9 ---#
idcs      evals   residnorms   |P(X)|
  1   0.0126046   0.0187212  5.19855e-16
  2    0.126169   0.0766368  5.76618e-16
  3    0.222366     0.10808  5.92264e-16
  4     0.47222    0.135731  5.19387e-16
  5    0.564037    0.120484  5.94923e-16
  6    0.822218   0.0496943         NaN
  7    0.822218   0.0496943         NaN
  8    0.986527   0.0164247  6.25181e-16
  9     1.07829  0.00211685  7.29395e-16
Warn: Suppressed imaginary part.

#--- 10 ---#
idcs      evals   residnorms   |P(X)|
  1   0.0126409   0.0144193  5.70557e-16
  2   0.0911715   0.0544854  5.60087e-16
  3    0.204909   0.0778012  5.04889e-16
  4    0.352432    0.106455  6.27691e-16
  5    0.533644    0.104479  5.84261e-16
  6    0.692011   0.0926202  5.98471e-16
  7    0.829959   0.0974746  5.9408e-16
  8    0.875121   0.0783528  5.51806e-16
  9    0.987703   0.0193586  5.36711e-16
 10     1.08208  0.00136388  7.73865e-16

#--- 11 ---#
idcs      evals   residnorms   |P(X)|
  1   0.0107892   0.0122084  5.2547e-16
  2   0.0773926   0.0497159  6.51836e-16
  3    0.176747   0.0801608  5.2099e-16
  4    0.292296    0.117173  5.81016e-16
  5    0.447962    0.128797  6.51439e-16
  6    0.584057    0.112972  5.57617e-16
  7    0.740422    0.078402  5.63373e-16
  8    0.827222   0.0629882  5.9938e-16
  9    0.912828   0.0498804  5.89232e-16
 10    0.988787   0.0158058  5.15137e-16
 11     1.08265  0.000757244  7.52382e-16

#--- 12 ---#
idcs      evals   residnorms   |P(X)|
  1  0.00794848   0.0102155  5.77848e-16
  2   0.0676556   0.0459144  6.76742e-16
  3    0.138573   0.0757827  6.15541e-16
  4    0.248358   0.0856701  6.05268e-16
  5    0.367971    0.092161  5.05989e-16
  7    0.647646   0.0983434  6.41313e-16
  8    0.797666   0.0797094  5.61695e-16
  9    0.820909   0.0655331  5.59604e-16
 10    0.933869   0.0397849  6.17307e-16
 11    0.989608   0.0132881  5.21795e-16
 12     1.08268  0.000417573  7.40107e-16

#--- 13 ---#
idcs      evals   residnorms   |P(X)|
  1  0.00774088  0.00933221  6.38248e-16
  2   0.0534032   0.0396986  5.43076e-16
  3    0.125884   0.0642093  6.21938e-16
  4    0.208139   0.0706072  7.40781e-16
  5    0.348479    0.104133  6.10758e-16
  8    0.675376   0.0797102  6.72696e-16
  9    0.834925   0.0493806         NaN
 10    0.834925   0.0493806         NaN
 11     0.95012   0.0330369  6.71279e-16
 12    0.990248   0.0128329  5.20195e-16
 13     1.08266  0.000254347  7.45048e-16
Warn: Suppressed imaginary part.

#--- 14 ---#
idcs      evals   residnorms   |P(X)|
  1  0.00650117  0.00755546  5.30422e-16
  2   0.0470285   0.0356585  7.23468e-16
  3    0.101933   0.0513942  7.33358e-16
  4    0.192145   0.0674784  6.52782e-16
  5    0.273428   0.0908226  5.76123e-16
  9    0.708213   0.0681988  5.96426e-16
 10    0.858275   0.0435209         NaN
 11    0.858275   0.0435209         NaN
 12    0.959754   0.0346911  6.23105e-16
 13    0.990908    0.011526  5.20699e-16
 14     1.08248  0.000131966  7.51168e-16
Warn: Suppressed imaginary part.

#--- 15 ---#
idcs      evals   residnorms   |P(X)|
  1  0.00587913  0.00706795  5.85449e-16
  2    0.039164   0.0308613  5.4469e-16
  3   0.0936412   0.0472157  5.20479e-16
  4    0.166401   0.0691618  5.86483e-16
  5    0.246295   0.0803536  5.62587e-16
 10    0.738159   0.0700104  6.12805e-16
 11    0.860955   0.0490968  6.06043e-16
 12    0.875666   0.0527138  5.43599e-16
 13    0.963615   0.0329941  5.63816e-16
 14    0.991272  0.00897991  5.31041e-16
 15     1.08238  6.83475e-05  7.19742e-16

#--- 16 ---#
idcs      evals   residnorms   |P(X)|
  1  0.00482669  0.00599008  6.12296e-16
  2   0.0360512   0.0269118  5.40685e-16
  3   0.0810695   0.0438993  5.71395e-16
  4    0.151927   0.0668687  5.68215e-16
  5    0.214245   0.0707786  6.80292e-16
 11    0.749329   0.0916207         NaN
 12    0.881207   0.0426505         NaN
 13    0.881207   0.0426505         NaN
 14    0.968857   0.0295121  5.87328e-16
 15    0.991596  0.00932677  5.32906e-16
 16     1.08239  4.44787e-05  7.6024e-16
Warn: Suppressed imaginary part.

#--- 17 ---#
idcs      evals   residnorms   |P(X)|
  1  0.00472583  0.00599951  5.69849e-16
  2    0.029484   0.0252909  5.88032e-16
  3   0.0741133   0.0448484  5.79729e-16
  4    0.123468   0.0603089  6.11036e-16
  5    0.199417   0.0634304  4.98328e-16
 12    0.807948   0.0495592  6.00403e-16
 13    0.898025   0.0460218         NaN
 14    0.898025   0.0460218         NaN
 15    0.973441   0.0288699  5.82244e-16
 16    0.991973  0.00927126  5.39234e-16
 17     1.08237  2.41507e-05  7.45827e-16
Warn: Suppressed imaginary part.

#--- 18 ---#
idcs      evals   residnorms   |P(X)|
  1  0.00406682  0.00550466  5.87485e-16
  2   0.0263591   0.0227978  6.35056e-16
  3   0.0643424    0.040574  6.9113e-16
  4    0.112294   0.0494828  6.81549e-16
  5    0.180382   0.0580468  5.78149e-16
 13     0.83738   0.0415804  6.08652e-16
 14    0.876138   0.0396881  5.23135e-16
 15    0.930237   0.0485796  5.62502e-16
 16    0.976158   0.0284506  5.35019e-16
 17    0.992259  0.00873683  5.43628e-16
 18     1.08235  1.35058e-05  7.62523e-16

#--- 19 ---#
idcs      evals   residnorms   |P(X)|
  1  0.00379781  0.00546659  6.10067e-16
  2   0.0225051   0.0217814  7.11507e-16
  3   0.0564283   0.0365391  5.86631e-16
  4    0.101017   0.0443476  7.40459e-16
  5    0.162165   0.0612128  5.08716e-16
 14    0.838015   0.0383045  6.05287e-16
 15    0.887626   0.0309375  6.18936e-16
 16    0.934681   0.0392928  5.53262e-16
 17    0.978736   0.0203499  5.47333e-16
 18     0.99252  0.00693166  5.40259e-16
 19     1.08235  6.68326e-06  7.71376e-16

#--- 20 ---#
idcs      evals   residnorms   |P(X)|
  1   0.0034519  0.00330176  6.15336e-16
  2   0.0204006   0.0124592  5.84617e-16
  3    0.051887   0.0210247  5.89725e-16
  4   0.0950424   0.0265943  6.14743e-16
  5    0.149651   0.0392697  4.66976e-16
 15    0.858604   0.0583653  6.11834e-16
 16    0.889012   0.0507061  5.49668e-16
 17    0.942999    0.038448  5.49668e-16
 18      0.9805   0.0195942  5.44418e-16
 19    0.992736  0.00691487  5.45177e-16
 20     1.08235  3.85888e-06  7.44402e-16

#--- 21 ---#
idcs      evals   residnorms   |P(X)|
  1  0.00324909  0.00136515  6.60371e-16
  2   0.0200221  0.00521937  5.6377e-16
  3   0.0501807  0.00947376  5.14617e-16
  4   0.0936555    0.013253  7.12394e-16
  5    0.143536   0.0217991  5.6304e-16
 16    0.891714   0.0342791         NaN
 17    0.891714   0.0342791         NaN
 18    0.954359   0.0302081  5.89184e-16
 19    0.982447   0.0186933  5.41879e-16
 20    0.992995  0.00712605  5.56683e-16
 21     1.08235  2.0143e-06  7.65097e-16
Warn: Suppressed imaginary part.

#--- 22 ---#
idcs      evals   residnorms   |P(X)|
  1  0.00334933  0.000429818  6.02111e-16
  2   0.0197069  0.00169551  5.6136e-16
  3   0.0503579   0.0032464  4.5229e-16
  4   0.0925476  0.00508347  5.35558e-16
  5    0.143492  0.00966314  5.61806e-16
 17    0.876652   0.0281547  5.81602e-16
 18    0.921182   0.0374809  5.41075e-16
 19    0.958681   0.0331516  5.46769e-16
 20     0.98435   0.0163929  5.44829e-16
 21    0.993275  0.00671502  5.49619e-16
 22     1.08235  9.55605e-07  7.38167e-16

#--- 23 ---#
idcs      evals   residnorms   |P(X)|
  1  0.00334757  0.000123299  5.67758e-16
  2   0.0197083  0.00050271  6.94248e-16
  3    0.050305   0.0010251  4.83515e-16
  4   0.0925384  0.00177169  4.65134e-16
  5    0.143137  0.00384939  6.06875e-16
 18    0.890755   0.0195115  6.32739e-16
 19    0.922114   0.0276948  5.55598e-16
 20    0.964444   0.0208957  5.81099e-16
 21    0.985603    0.012071  5.36762e-16
 22    0.993495   0.0053215  5.61622e-16
 23     1.08235  4.17673e-07  7.26363e-16

#--- 24 ---#
idcs      evals   residnorms   |P(X)|
  1  0.00334151  2.72359e-05  6.03838e-16
  2   0.0197098  0.000113992  6.53979e-16
  3   0.0503097  0.000245888  5.16301e-16
  4   0.0925112  0.00046019  4.84164e-16
  5    0.143162  0.00111914  6.35703e-16
 19    0.893098    0.039416  6.14824e-16
 20     0.93123   0.0310245  5.45884e-16
 21    0.967153   0.0209789  5.47168e-16
 22     0.98651   0.0111003  5.44751e-16
 23    0.993678  0.00508603  5.62365e-16
 24     1.08235  2.06024e-07  7.56243e-16

#--- 25 ---#
idcs      evals   residnorms   |P(X)|
  1  0.00334093  5.81792e-06  5.92916e-16
  2     0.01971  2.49863e-05  6.39681e-16
  3     0.05031  5.67037e-05  5.98066e-16
  4   0.0925096  0.000114366  4.99625e-16
  5    0.143163  0.00030734  5.10705e-16
 20    0.911132   0.0427407  5.83752e-16
 21     0.93835    0.036993  5.47893e-16
 22    0.970315   0.0204559  5.58934e-16
 23     0.98732   0.0104869  5.42678e-16
 24    0.993853  0.00495775  5.6244e-16
 25     1.08235  9.86345e-08  7.5488e-16

 ──────────────────────────────────────────────────────────────────────────────
                                       Time                   Allocations      
                               ──────────────────────   ───────────────────────
       Tot / % measured:            6735s / 96.9%           15979GiB / 100%    

 Section               ncalls     time   %tot     avg     alloc   %tot      avg
 ──────────────────────────────────────────────────────────────────────────────
 apply_χ0                  25    6519s   100%    261s   15953GiB 100%    638GiB
   compute_density         25    60.5s  0.93%   2.42s   83.5GiB  0.52%  3.34GiB
   Hamiltonian mult...      4    957ms  0.01%   239ms   93.9MiB  0.00%  23.5MiB
 PlaneWaveBasis             1    4.28s  0.07%   4.28s   2.68GiB  0.02%  2.68GiB
   Instantiation Ewald      1    2.09s  0.03%   2.09s   1.18GiB  0.01%  1.18GiB
   Instantiation At...      1    1.70s  0.03%   1.70s   1.41GiB  0.01%  1.41GiB
   Instantiation At...      1    333ms  0.01%   333ms   15.0MiB  0.00%  15.0MiB
   build_kpoints            1   40.4ms  0.00%  40.4ms   46.5MiB  0.00%  46.5MiB
   Instantiation Ha...      1   2.82ms  0.00%  2.82ms   6.45MiB  0.00%  6.45MiB
   Instantiation Ki...      1   2.51ms  0.00%  2.51ms   2.78MiB  0.00%  2.78MiB
   Instantiation Ps...      1   87.6μs  0.00%  87.6μs      928B  0.00%     928B
   Instantiation Xc         1   2.03μs  0.00%  2.03μs     32.0B  0.00%    32.0B
   Instantiation En...      1    764ns  0.00%   764ns     16.0B  0.00%    16.0B
 compute_density            1    2.86s  0.04%   2.86s   3.49GiB  0.02%  3.49GiB
 mixing Kerker             25    696ms  0.01%  27.8ms    374MiB  0.00%  15.0MiB
 spglib_get_symmetry        1   29.9ms  0.00%  29.9ms   2.74MiB  0.00%  2.74MiB
 ──────────────────────────────────────────────────────────────────────────────
