#
#-- SCF AlVac n_repeat=20 -- mixing=RestaMixing(0.152, 14, 1.0)
#

hostname       = clustern09

started on     = 2020-07-25T20:44:50.953
julia threads  = 4
BLAS threads   = 4

temperature    = 0.001
smearing       = DFTK.Smearing.Gaussian()
diag(lattice)  = [7.653, 7.653, 145.4]
Ecut           = 20
fft_size       = (25, 25, 450)
kgrid          = [6, 6, 1]
irreducible k  = 10
n_bands        = 76
n_electr       = 120
mixing         = RestaMixing(0.152, 14, 1.0)
n     Free energy       Eₙ-Eₙ₋₁     ρout-ρin   Diag
---   ---------------   ---------   --------   ----
  1   -81.69422580635         NaN   4.38e-01    25.1 
  2   -81.89150868879   -1.97e-01   3.86e-01    12.3 
  3   +135.5343889953    2.17e+02   4.84e-01    23.7 
  4   -63.84654754343   -1.99e+02   1.56e-01    21.0 
  5   -81.09177183151   -1.72e+01   5.60e-02    16.3 
  6   -82.55592030704   -1.46e+00   2.96e-02    12.4 
  7   -82.86456969763   -3.09e-01   1.28e-02    11.5 
  8   -82.89088235127   -2.63e-02   8.39e-03    11.1 
  9   -82.90020288673   -9.32e-03   5.34e-03    10.3 
 10   -82.89955412247    6.49e-04   3.75e-03    9.7 
 11   -82.90104035021   -1.49e-03   3.05e-03    11.6 
 12   -82.90105215472   -1.18e-05   2.06e-03    11.8 
 13   -82.90130897727   -2.57e-04   1.81e-03    10.8 
 14   -82.90134626868   -3.73e-05   1.16e-03    11.7 
 15   -82.90136028223   -1.40e-05   1.07e-03    10.2 
 16   -82.90136051393   -2.32e-07   6.40e-04    12.0 
 17   -82.90135544952    5.06e-06   5.99e-04    8.9 
 18   -82.90137875298   -2.33e-05   3.94e-04    12.1 
 19   -82.90137744704    1.31e-06   3.40e-04    14.6 
 20   -82.90138232633   -4.88e-06   2.62e-04    13.6 
 21   -82.90138342359   -1.10e-06   1.93e-04    14.0 
 22   -82.90138266252    7.61e-07   1.67e-04    13.3 
 23   -82.90138375699   -1.09e-06   1.55e-04    12.4 
 24   -82.90138385102   -9.40e-08   1.12e-04    13.4 
 25   -82.90138366077    1.90e-07   9.79e-05    11.3 
 26   -82.90138408015   -4.19e-07   8.64e-05    14.1 
 27   -82.90138382770    2.52e-07   5.80e-05    14.4 
 28   -82.90138420065   -3.73e-07   4.71e-05    15.4 
 29   -82.90138422931   -2.87e-08   4.08e-05    13.7 
 30   -82.90138422795    1.35e-09   3.56e-05    14.5 
 31   -82.90138425191   -2.40e-08   3.02e-05    13.5 
 32   -82.90138426166   -9.75e-09   2.29e-05    14.6 
 33   -82.90138427278   -1.11e-08   1.93e-05    13.3 
 34   -82.90138427770   -4.92e-09   1.73e-05    13.7 
 35   -82.90138427990   -2.20e-09   1.54e-05    14.4 
 36   -82.90138428247   -2.57e-09   1.39e-05    12.8 
 37   -82.90138428817   -5.70e-09   1.25e-05    15.7 
 38   -82.90138428971   -1.54e-09   1.08e-05    12.9 
 39   -82.90138429005   -3.36e-10   8.34e-06    14.8 
 40   -82.90138429150   -1.45e-09   6.79e-06    15.5 
 41   -82.90138429187   -3.75e-10   5.48e-06    15.3 
 42   -82.90138429213   -2.58e-10   4.12e-06    14.3 
 43   -82.90138429260   -4.69e-10   3.79e-06    15.2 
 44   -82.90138429242    1.82e-10   3.35e-06    13.8 
 45   -82.90138429290   -4.84e-10   2.70e-06    15.6 
 46   -82.90138429309   -1.91e-10   2.40e-06    15.3 
 47   -82.90138429319   -1.04e-10   2.09e-06    13.4 
 48   -82.90138429321   -1.45e-11   1.85e-06    14.6 
 49   -82.90138429344   -2.28e-10   1.34e-06    16.7 
 50   -82.90138429351   -7.10e-11   1.10e-06    16.2 
Energy breakdown:
    Kinetic             34.3223942
    AtomicLocal         -8387.9322304
    AtomicNonlocal      16.0295266
    Ewald               4103.8669649
    PspCorrection       -3.9591227
    Hartree             4186.6649031
    Xc                  -31.8935818
    Entropy             -0.0002381

    total               -82.901384293507

 ──────────────────────────────────────────────────────────────────────────────
                                       Time                   Allocations      
                               ──────────────────────   ───────────────────────
       Tot / % measured:            7991s / 100%            2588GiB / 100%     

 Section               ncalls     time   %tot     avg     alloc   %tot      avg
 ──────────────────────────────────────────────────────────────────────────────
 self_consistent_field      1    7986s   100%   7986s   2585GiB  100%   2585GiB
   LOBPCG                 500    7406s  92.7%   14.8s   2329GiB  90.0%  4.66GiB
     Hamiltonian mu...  7.49k    2148s  26.9%   287ms    334GiB  12.9%  45.6MiB
     block multipli...  39.5k    1520s  19.0%  38.5ms    706GiB  27.3%  18.3MiB
     rayleigh_ritz      6.99k    1200s  15.0%   172ms   8.33GiB  0.32%  1.22MiB
     ortho              29.7k    1058s  13.2%  35.6ms    425GiB  16.4%  14.6MiB
   energy_hamiltonian     101     353s  4.42%   3.50s   76.7GiB  2.97%   778MiB
   compute_density         50     102s  1.27%   2.03s    173GiB  6.69%  3.46GiB
   QR orthonormaliz...    500    4.42s  0.06%  8.85ms   2.11GiB  0.08%  4.32MiB
   mixing Resta            50    249ms  0.00%  4.97ms    430MiB  0.02%  8.59MiB
 PlaneWaveBasis             1    4.47s  0.06%   4.47s   2.67GiB  0.10%  2.67GiB
   Instantiation Ewald      1    2.25s  0.03%   2.25s   1.18GiB  0.05%  1.18GiB
   Instantiation At...      1    1.79s  0.02%   1.79s   1.41GiB  0.05%  1.41GiB
   Instantiation At...      1    367ms  0.00%   367ms   15.0MiB  0.00%  15.0MiB
   build_kpoints            1   59.1ms  0.00%  59.1ms   46.5MiB  0.00%  46.5MiB
   Instantiation Ha...      1   5.37ms  0.00%  5.37ms   6.45MiB  0.00%  6.45MiB
   Instantiation Ki...      1   3.06ms  0.00%  3.06ms   2.78MiB  0.00%  2.78MiB
   Instantiation Ps...      1    154μs  0.00%   154μs      928B  0.00%     928B
   Instantiation Xc         1   6.34μs  0.00%  6.34μs     32.0B  0.00%    32.0B
   Instantiation En...      1   1.26μs  0.00%  1.26μs     16.0B  0.00%    16.0B
 guess_density              1    329ms  0.00%   329ms   19.3MiB  0.00%  19.3MiB
 spglib_get_symmetry        1   32.2ms  0.00%  32.2ms   2.74MiB  0.00%  2.74MiB
 ──────────────────────────────────────────────────────────────────────────────
