#
#-- SCF AlVac n_repeat=20 -- mixing=KerkerMixing(1.84, 1.0)
#

hostname       = clustern09

started on     = 2020-07-25T18:47:18.496
julia threads  = 4
BLAS threads   = 4

temperature    = 0.001
smearing       = DFTK.Smearing.Gaussian()
diag(lattice)  = [7.653, 7.653, 145.4]
Ecut           = 20
fft_size       = (25, 25, 450)
kgrid          = [6, 6, 1]
irreducible k  = 10
n_bands        = 76
n_electr       = 120
mixing         = KerkerMixing(1.84, 1.0)
n     Free energy       Eₙ-Eₙ₋₁     ρout-ρin   Diag
---   ---------------   ---------   --------   ----
  1   -81.69495199687         NaN   4.38e-01    25.4 
  2   -82.63884113012   -9.44e-01   1.77e-01    14.9 
  3   -82.68458165283   -4.57e-02   3.11e-02    13.9 
  4   -82.89000352014   -2.05e-01   1.03e-02    9.6 
  5   -82.87747690086    1.25e-02   6.75e-03    6.6 
  6   -82.89090239610   -1.34e-02   5.07e-03    7.1 
  7   -82.89037778718    5.25e-04   4.17e-03    6.4 
  8   -82.89513830154   -4.76e-03   3.15e-03    9.2 
  9   -82.89606284916   -9.25e-04   2.69e-03    7.5 
 10   -82.89790158381   -1.84e-03   2.21e-03    9.6 
 11   -82.89832030548   -4.19e-04   1.94e-03    7.7 
 12   -82.89908192268   -7.62e-04   1.65e-03    9.1 
 13   -82.89948960034   -4.08e-04   1.48e-03    9.1 
 14   -82.89982955915   -3.40e-04   1.32e-03    10.0 
 15   -82.90011718659   -2.88e-04   1.16e-03    10.1 
 16   -82.90034286944   -2.26e-04   1.04e-03    10.0 
 17   -82.90048098696   -1.38e-04   9.55e-04    10.2 
 18   -82.90063223892   -1.51e-04   8.65e-04    10.6 
 19   -82.90074291452   -1.11e-04   7.86e-04    10.2 
 20   -82.90082230209   -7.94e-05   7.34e-04    10.6 
 21   -82.90088346043   -6.12e-05   6.77e-04    10.6 
 22   -82.90096101256   -7.76e-05   6.22e-04    11.1 
 23   -82.90103426311   -7.33e-05   5.72e-04    11.8 
 24   -82.90109931964   -6.51e-05   5.34e-04    12.8 
 25   -82.90113383672   -3.45e-05   5.18e-04    11.8 
 26   -82.90115199430   -1.82e-05   5.09e-04    11.2 
 27   -82.90115905053   -7.06e-06   5.05e-04    10.7 
 28   -82.90116529582   -6.25e-06   4.98e-04    10.9 
 29   -82.90117746264   -1.22e-05   4.85e-04    11.8 
 30   -82.90118915589   -1.17e-05   4.72e-04    11.5 
 31   -82.90120059153   -1.14e-05   4.58e-04    12.1 
 32   -82.90127570960   -7.51e-05   3.52e-04    15.9 
 33   -82.90135403774   -7.83e-05   1.83e-04    19.2 
 34   -82.90137789865   -2.39e-05   8.27e-05    18.5 
 35   -82.90138131574   -3.42e-06   5.58e-05    16.4 
 36   -82.90138176532   -4.50e-07   5.13e-05    12.4 
 37   -82.90138377891   -2.01e-06   2.27e-05    18.1 
 38   -82.90138377504    3.87e-09   2.29e-05    7.6 
 39   -82.90138377069    4.36e-09   2.31e-05    7.8 
 40   -82.90138376369    7.00e-09   2.31e-05    7.7 
 41   -82.90138386823   -1.05e-07   2.03e-05    13.9 
 42   -82.90138393496   -6.67e-08   1.86e-05    12.5 
 43   -82.90138394044   -5.49e-09   1.83e-05    8.8 
 44   -82.90138403526   -9.48e-08   1.52e-05    13.0 
 45   -82.90138408830   -5.30e-08   1.33e-05    12.9 
 46   -82.90138416717   -7.89e-08   1.04e-05    13.7 
 47   -82.90138423694   -6.98e-08   7.17e-06    14.4 
 48   -82.90138425336   -1.64e-08   6.31e-06    12.2 
 49   -82.90138428430   -3.09e-08   4.53e-06    15.9 
 50   -82.90138429305   -8.75e-09   4.71e-06    15.7 
Energy breakdown:
    Kinetic             34.3223892
    AtomicLocal         -8387.9318184
    AtomicNonlocal      16.0295247
    Ewald               4103.8669649
    PspCorrection       -3.9591227
    Hartree             4186.6644954
    Xc                  -31.8935794
    Entropy             -0.0002381

    total               -82.901384293047

 ──────────────────────────────────────────────────────────────────────────────
                                       Time                   Allocations      
                               ──────────────────────   ───────────────────────
       Tot / % measured:            7049s / 100%            2332GiB / 100%     

 Section               ncalls     time   %tot     avg     alloc   %tot      avg
 ──────────────────────────────────────────────────────────────────────────────
 self_consistent_field      1    7044s   100%   7044s   2330GiB  100%   2330GiB
   LOBPCG                 500    6461s  91.7%   12.9s   2074GiB  88.9%  4.15GiB
     Hamiltonian mu...  6.41k    1950s  27.7%   304ms    297GiB  12.7%  47.4MiB
     block multipli...  33.1k    1268s  18.0%  38.3ms    607GiB  26.0%  18.8MiB
     rayleigh_ritz      5.91k    1038s  14.7%   176ms   6.88GiB  0.30%  1.19MiB
     ortho              25.8k     900s  12.8%  34.8ms    375GiB  16.1%  14.9MiB
   energy_hamiltonian     101     354s  5.02%   3.51s   76.7GiB  3.29%   778MiB
   compute_density         50     101s  1.43%   2.02s    173GiB  7.43%  3.46GiB
   QR orthonormaliz...    500    4.42s  0.06%  8.84ms   2.11GiB  0.09%  4.32MiB
   mixing Kerker           50    232ms  0.00%  4.64ms    430MiB  0.02%  8.59MiB
 PlaneWaveBasis             1    4.52s  0.06%   4.52s   2.67GiB  0.11%  2.67GiB
   Instantiation Ewald      1    2.26s  0.03%   2.26s   1.18GiB  0.05%  1.18GiB
   Instantiation At...      1    1.82s  0.03%   1.82s   1.41GiB  0.06%  1.41GiB
   Instantiation At...      1    369ms  0.01%   369ms   15.0MiB  0.00%  15.0MiB
   build_kpoints            1   63.0ms  0.00%  63.0ms   46.5MiB  0.00%  46.5MiB
   Instantiation Ha...      1   4.54ms  0.00%  4.54ms   6.45MiB  0.00%  6.45MiB
   Instantiation Ki...      1   3.10ms  0.00%  3.10ms   2.78MiB  0.00%  2.78MiB
   Instantiation Ps...      1   97.9μs  0.00%  97.9μs      928B  0.00%     928B
   Instantiation Xc         1   4.96μs  0.00%  4.96μs     32.0B  0.00%    32.0B
   Instantiation En...      1   1.07μs  0.00%  1.07μs     16.0B  0.00%    16.0B
 guess_density              1    313ms  0.00%   313ms   19.3MiB  0.00%  19.3MiB
 spglib_get_symmetry        1   34.0ms  0.00%  34.0ms   2.74MiB  0.00%  2.74MiB
 ──────────────────────────────────────────────────────────────────────────────
