#
#-- SCF AlVac n_repeat=20 -- mixing=SimpleMixing(0.0116)
#

hostname       = clustern09

started on     = 2020-07-25T16:07:46.306
julia threads  = 4
BLAS threads   = 4

temperature    = 0.001
smearing       = DFTK.Smearing.Gaussian()
diag(lattice)  = [7.653, 7.653, 145.4]
Ecut           = 20
fft_size       = (25, 25, 450)
kgrid          = [6, 6, 1]
irreducible k  = 10
n_bands        = 76
n_electr       = 120
mixing         = SimpleMixing(0.0116)
n     Free energy       Eₙ-Eₙ₋₁     ρout-ρin   Diag
---   ---------------   ---------   --------   ----
  1   -81.69476759817         NaN   4.38e-01    26.3 
  2   -81.80179899952   -1.07e-01   4.32e-01    11.0 
  3   -81.27048950659    5.31e-01   4.25e-01    13.6 
  4   -81.72194936965   -4.51e-01   3.67e-01    11.3 
  5   -79.84178538901    1.88e+00   2.48e-01    15.5 
  6   -80.43263295144   -5.91e-01   2.09e-01    14.7 
  7   -77.66803728616    2.76e+00   1.34e-01    17.2 
  8   -82.41495962213   -4.75e+00   1.01e-01    16.7 
  9   -82.29193362298    1.23e-01   6.18e-02    15.6 
 10   -81.96947830406    3.22e-01   5.96e-02    12.1 
 11   -82.89086625518   -9.21e-01   3.16e-02    17.2 
 12   -82.80816887422    8.27e-02   3.06e-02    16.9 
 13   -82.81950500551   -1.13e-02   2.20e-02    14.9 
 14   -82.87090702103   -5.14e-02   1.91e-02    14.7 
 15   -82.89531609859   -2.44e-02   1.46e-02    16.4 
 16   -82.90038973616   -5.07e-03   9.42e-03    15.4 
 17   -82.90019416104    1.96e-04   9.17e-03    14.3 
 18   -82.90085443889   -6.60e-04   4.18e-03    15.2 
 19   -82.90037190158    4.83e-04   3.89e-03    15.5 
 20   -82.90085391434   -4.82e-04   1.93e-03    14.9 
 21   -82.90137258219   -5.19e-04   1.21e-03    17.1 
 22   -82.90134635101    2.62e-05   1.04e-03    15.1 
 23   -82.90136451325   -1.82e-05   6.81e-04    15.6 
 24   -82.90137964938   -1.51e-05   5.82e-04    15.8 
 25   -82.90137649515    3.15e-06   5.53e-04    13.6 
 26   -82.90138411391   -7.62e-06   2.01e-04    15.8 
 27   -82.90138417486   -6.09e-08   1.97e-04    9.9 
 28   -82.90138413583    3.90e-08   1.18e-04    14.5 
 29   -82.90138420190   -6.61e-08   1.08e-04    12.9 
 30   -82.90138421274   -1.08e-08   1.04e-04    10.4 
 31   -82.90138426044   -4.77e-08   7.73e-05    13.8 
 32   -82.90138424380    1.66e-08   6.87e-05    11.7 
 33   -82.90138425197   -8.17e-09   5.49e-05    14.1 
 34   -82.90138426098   -9.01e-09   5.14e-05    12.9 
 35   -82.90138428391   -2.29e-08   3.81e-05    13.9 
 36   -82.90138428251    1.40e-09   3.62e-05    12.5 
 37   -82.90138427679    5.72e-09   3.26e-05    14.7 
 38   -82.90138428748   -1.07e-08   3.09e-05    12.9 
 39   -82.90138425306    3.44e-08   1.93e-05    16.0 
 40   -82.90138429204   -3.90e-08   1.61e-05    15.7 
 41   -82.90138427062    2.14e-08   1.39e-05    17.1 
 42   -82.90138429274   -2.21e-08   5.93e-06    16.3 
 43   -82.90138429300   -2.54e-10   5.33e-06    14.3 
 44   -82.90138429322   -2.25e-10   4.68e-06    12.3 
 45   -82.90138429339   -1.72e-10   4.18e-06    13.3 
 46   -82.90138429328    1.16e-10   3.82e-06    12.5 
 47   -82.90138429347   -1.88e-10   3.14e-06    14.0 
 48   -82.90138429347   -8.44e-12   2.85e-06    11.4 
Energy breakdown:
    Kinetic             34.3223899
    AtomicLocal         -8387.9314730
    AtomicNonlocal      16.0295294
    Ewald               4103.8669649
    PspCorrection       -3.9591227
    Hartree             4186.6641454
    Xc                  -31.8935801
    Entropy             -0.0002381

    total               -82.901384293475

 ──────────────────────────────────────────────────────────────────────────────
                                       Time                   Allocations      
                               ──────────────────────   ───────────────────────
       Tot / % measured:            8040s / 100%            2618GiB / 100%     

 Section               ncalls     time   %tot     avg     alloc   %tot      avg
 ──────────────────────────────────────────────────────────────────────────────
 self_consistent_field      1    8034s   100%   8034s   2615GiB  100%   2615GiB
   LOBPCG                 480    7489s  93.2%   15.6s   2368GiB  90.5%  4.93GiB
     Hamiltonian mu...  7.47k    2081s  25.9%   278ms    339GiB  12.9%  46.4MiB
     block multipli...  39.5k    1569s  19.5%  39.7ms    730GiB  27.9%  18.9MiB
     rayleigh_ritz      7.00k    1236s  15.4%   177ms   8.87GiB  0.34%  1.30MiB
     ortho              29.5k    1102s  13.7%  37.3ms    434GiB  16.6%  15.1MiB
   energy_hamiltonian      97     332s  4.14%   3.43s   73.7GiB  2.81%   778MiB
   compute_density         48    95.7s  1.19%   1.99s    166GiB  6.35%  3.46GiB
   QR orthonormaliz...    480    4.36s  0.05%  9.08ms   2.11GiB  0.08%  4.49MiB
   mixing Simple           48    172ms  0.00%  3.59ms    927MiB  0.03%  19.3MiB
 PlaneWaveBasis             1    4.60s  0.06%   4.60s   2.67GiB  0.10%  2.67GiB
   Instantiation Ewald      1    2.63s  0.03%   2.63s   1.18GiB  0.05%  1.18GiB
   Instantiation At...      1    1.53s  0.02%   1.53s   1.41GiB  0.05%  1.41GiB
   Instantiation At...      1    358ms  0.00%   358ms   15.0MiB  0.00%  15.0MiB
   build_kpoints            1   65.3ms  0.00%  65.3ms   46.5MiB  0.00%  46.5MiB
   Instantiation Ha...      1   5.10ms  0.00%  5.10ms   6.45MiB  0.00%  6.45MiB
   Instantiation Ki...      1   3.20ms  0.00%  3.20ms   2.78MiB  0.00%  2.78MiB
   Instantiation Ps...      1    209μs  0.00%   209μs      928B  0.00%     928B
   Instantiation Xc         1   1.67μs  0.00%  1.67μs     32.0B  0.00%    32.0B
   Instantiation En...      1    779ns  0.00%   779ns     16.0B  0.00%    16.0B
 guess_density              1    315ms  0.00%   315ms   19.3MiB  0.00%  19.3MiB
 spglib_get_symmetry        1   34.7ms  0.00%  34.7ms   2.74MiB  0.00%  2.74MiB
 ──────────────────────────────────────────────────────────────────────────────
